[2024-08-20T10:09:57.649+0000] {taskinstance.py:1979} INFO - Dependencies all met for dep_context=non-requeueable deps ti=<TaskInstance: Vehicle_Data_scrape_Pipeline_3.scrape_post_links manual__2024-08-20T10:09:56.234460+00:00 [queued]>
[2024-08-20T10:09:57.656+0000] {taskinstance.py:1979} INFO - Dependencies all met for dep_context=requeueable deps ti=<TaskInstance: Vehicle_Data_scrape_Pipeline_3.scrape_post_links manual__2024-08-20T10:09:56.234460+00:00 [queued]>
[2024-08-20T10:09:57.656+0000] {taskinstance.py:2193} INFO - Starting attempt 1 of 4
[2024-08-20T10:09:57.668+0000] {taskinstance.py:2217} INFO - Executing <Task(PythonOperator): scrape_post_links> on 2024-08-20 10:09:56.234460+00:00
[2024-08-20T10:09:57.672+0000] {standard_task_runner.py:60} INFO - Started process 1032 to run task
[2024-08-20T10:09:57.675+0000] {standard_task_runner.py:87} INFO - Running: ['***', 'tasks', 'run', 'Vehicle_Data_scrape_Pipeline_3', 'scrape_post_links', 'manual__2024-08-20T10:09:56.234460+00:00', '--job-id', '8', '--raw', '--subdir', 'DAGS_FOLDER/vehicle_data_scraping_pipeline.py', '--cfg-path', '/tmp/tmpo8tt_cc1']
[2024-08-20T10:09:57.679+0000] {standard_task_runner.py:88} INFO - Job 8: Subtask scrape_post_links
[2024-08-20T10:09:57.718+0000] {task_command.py:423} INFO - Running <TaskInstance: Vehicle_Data_scrape_Pipeline_3.scrape_post_links manual__2024-08-20T10:09:56.234460+00:00 [running]> on host 8369baedd275
[2024-08-20T10:09:57.878+0000] {taskinstance.py:2513} INFO - Exporting env vars: AIRFLOW_CTX_DAG_OWNER='sdeshan' AIRFLOW_CTX_DAG_ID='Vehicle_Data_scrape_Pipeline_3' AIRFLOW_CTX_TASK_ID='scrape_post_links' AIRFLOW_CTX_EXECUTION_DATE='2024-08-20T10:09:56.234460+00:00' AIRFLOW_CTX_TRY_NUMBER='1' AIRFLOW_CTX_DAG_RUN_ID='manual__2024-08-20T10:09:56.234460+00:00'
[2024-08-20T10:09:58.743+0000] {logging_mixin.py:188} WARNING -   0%|          | 0/4 [00:00<?, ?it/s]
[2024-08-20T10:09:58.744+0000] {logging_mixin.py:188} WARNING - 100%|##########| 4/4 [00:00<00:00, 29959.31it/s]
[2024-08-20T10:10:01.679+0000] {logging_mixin.py:188} WARNING -   0%|          | 0/11 [00:00<?, ?it/s]
[2024-08-20T10:10:01.680+0000] {logging_mixin.py:188} WARNING - 100%|##########| 11/11 [00:00<00:00, 70871.50it/s]
[2024-08-20T10:10:07.160+0000] {logging_mixin.py:188} WARNING -   0%|          | 0/24 [00:00<?, ?it/s]
[2024-08-20T10:10:07.165+0000] {logging_mixin.py:188} WARNING - 100%|##########| 24/24 [00:00<00:00, 92948.57it/s]
[2024-08-20T10:10:09.631+0000] {logging_mixin.py:188} WARNING -   0%|          | 0/24 [00:00<?, ?it/s]
[2024-08-20T10:10:09.633+0000] {logging_mixin.py:188} WARNING - 100%|##########| 24/24 [00:00<00:00, 92351.65it/s]
[2024-08-20T10:10:11.368+0000] {logging_mixin.py:188} WARNING -   0%|          | 0/5 [00:00<?, ?it/s]
[2024-08-20T10:10:11.369+0000] {logging_mixin.py:188} WARNING - 100%|##########| 5/5 [00:00<00:00, 35484.81it/s]
[2024-08-20T10:10:15.774+0000] {logging_mixin.py:188} WARNING -   0%|          | 0/4 [00:00<?, ?it/s]
[2024-08-20T10:10:15.775+0000] {logging_mixin.py:188} WARNING - 100%|##########| 4/4 [00:00<00:00, 36954.22it/s]
[2024-08-20T10:10:26.887+0000] {logging_mixin.py:188} WARNING -   0%|          | 0/1 [00:00<?, ?it/s]
[2024-08-20T10:10:26.888+0000] {logging_mixin.py:188} WARNING - 100%|##########| 1/1 [00:00<00:00, 11683.30it/s]
[2024-08-20T10:10:31.260+0000] {taskinstance.py:2731} ERROR - Task failed with exception
Traceback (most recent call last):
  File "/home/airflow/.local/lib/python3.8/site-packages/airflow/models/taskinstance.py", line 444, in _execute_task
    result = _execute_callable(context=context, **execute_callable_kwargs)
  File "/home/airflow/.local/lib/python3.8/site-packages/airflow/models/taskinstance.py", line 414, in _execute_callable
    return execute_callable(context=context, **execute_callable_kwargs)
  File "/home/airflow/.local/lib/python3.8/site-packages/airflow/operators/python.py", line 200, in execute
    return_value = self.execute_callable()
  File "/home/airflow/.local/lib/python3.8/site-packages/airflow/operators/python.py", line 217, in execute_callable
    return self.python_callable(*self.op_args, **self.op_kwargs)
  File "/opt/airflow/dags/components/vehicle/data_scraping_components/post_links_extraction.py", line 68, in scrape_links
    upload_table('ikman_vehicle_post_links')
  File "/opt/airflow/dags/components/utils/database_table_creation.py", line 29, in upload_table
    cur.execute(f"""
psycopg2.errors.InsufficientPrivilege: could not open file "/var/lib/postgresql/csv/ikman_vehicle_post_links.csv" for writing: Permission denied
HINT:  COPY TO instructs the PostgreSQL server process to write a file. You may want a client-side facility such as psql's \copy.

[2024-08-20T10:10:31.432+0000] {taskinstance.py:1149} INFO - Marking task as UP_FOR_RETRY. dag_id=Vehicle_Data_scrape_Pipeline_3, task_id=scrape_post_links, execution_date=20240820T100956, start_date=20240820T100957, end_date=20240820T101031
[2024-08-20T10:10:31.447+0000] {standard_task_runner.py:107} ERROR - Failed to execute job 8 for task scrape_post_links (could not open file "/var/lib/postgresql/csv/ikman_vehicle_post_links.csv" for writing: Permission denied
HINT:  COPY TO instructs the PostgreSQL server process to write a file. You may want a client-side facility such as psql's \copy.
; 1032)
[2024-08-20T10:10:31.472+0000] {local_task_job_runner.py:234} INFO - Task exited with return code 1
[2024-08-20T10:10:31.490+0000] {taskinstance.py:3312} INFO - 0 downstream tasks scheduled from follow-on schedule check
