[2024-10-09T05:16:51.736+0000] {taskinstance.py:1979} INFO - Dependencies all met for dep_context=non-requeueable deps ti=<TaskInstance: Gold_training_Pipeline.model_training scheduled__2024-10-06T00:00:00+00:00 [queued]>
[2024-10-09T05:16:51.749+0000] {taskinstance.py:1979} INFO - Dependencies all met for dep_context=requeueable deps ti=<TaskInstance: Gold_training_Pipeline.model_training scheduled__2024-10-06T00:00:00+00:00 [queued]>
[2024-10-09T05:16:51.750+0000] {taskinstance.py:2193} INFO - Starting attempt 3 of 4
[2024-10-09T05:16:51.777+0000] {taskinstance.py:2217} INFO - Executing <Task(PythonOperator): model_training> on 2024-10-06 00:00:00+00:00
[2024-10-09T05:16:51.826+0000] {standard_task_runner.py:60} INFO - Started process 797 to run task
[2024-10-09T05:16:51.858+0000] {standard_task_runner.py:87} INFO - Running: ['***', 'tasks', 'run', 'Gold_training_Pipeline', 'model_training', 'scheduled__2024-10-06T00:00:00+00:00', '--job-id', '304', '--raw', '--subdir', 'DAGS_FOLDER/gold_training_pipeline.py', '--cfg-path', '/tmp/tmptoamyhs5']
[2024-10-09T05:16:51.862+0000] {standard_task_runner.py:88} INFO - Job 304: Subtask model_training
[2024-10-09T05:16:52.379+0000] {task_command.py:423} INFO - Running <TaskInstance: Gold_training_Pipeline.model_training scheduled__2024-10-06T00:00:00+00:00 [running]> on host 68dba313a760
[2024-10-09T05:16:52.773+0000] {taskinstance.py:2513} INFO - Exporting env vars: AIRFLOW_CTX_DAG_OWNER='sdeshan' AIRFLOW_CTX_DAG_ID='Gold_training_Pipeline' AIRFLOW_CTX_TASK_ID='model_training' AIRFLOW_CTX_EXECUTION_DATE='2024-10-06T00:00:00+00:00' AIRFLOW_CTX_TRY_NUMBER='3' AIRFLOW_CTX_DAG_RUN_ID='scheduled__2024-10-06T00:00:00+00:00'
[2024-10-09T05:16:53.793+0000] {filesystem.py:118} DEBUG - input tempfile: /tmp/tmp3i15vae4/fakgfl1p.json
[2024-10-09T05:16:54.180+0000] {filesystem.py:118} DEBUG - input tempfile: /tmp/tmp3i15vae4/a7qyn2l5.json
[2024-10-09T05:16:54.184+0000] {model.py:2042} DEBUG - idx 0
[2024-10-09T05:16:54.187+0000] {model.py:2043} DEBUG - running CmdStan, num_threads: None
[2024-10-09T05:16:54.191+0000] {model.py:2055} DEBUG - CmdStan args: ['/home/***/.local/lib/python3.8/site-packages/prophet/stan_model/prophet_model.bin', 'random', 'seed=63019', 'data', 'file=/tmp/tmp3i15vae4/fakgfl1p.json', 'init=/tmp/tmp3i15vae4/a7qyn2l5.json', 'output', 'file=/tmp/tmp3i15vae4/prophet_modelzet58oeh/prophet_model-20241009051654.csv', 'method=optimize', 'algorithm=lbfgs', 'iter=10000']
[2024-10-09T05:16:54.195+0000] {logging_mixin.py:188} WARNING - 05:16:54 - cmdstanpy - INFO - Chain [1] start processing
[2024-10-09T05:16:54.195+0000] {model.py:2058} INFO - Chain [1] start processing
[2024-10-09T05:16:58.917+0000] {logging_mixin.py:188} WARNING - 05:16:58 - cmdstanpy - INFO - Chain [1] done processing
[2024-10-09T05:16:58.916+0000] {model.py:2115} INFO - Chain [1] done processing
[2024-10-09T05:17:01.913+0000] {logging_mixin.py:188} INFO - Fitting 3 folds for each of 1 candidates, totalling 3 fits
[2024-10-09T05:27:00.997+0000] {local_task_job_runner.py:121} ERROR - Received SIGTERM. Terminating subprocesses
[2024-10-09T05:27:01.112+0000] {process_utils.py:131} INFO - Sending 15 to group 797. PIDs of all processes in the group: [797]
[2024-10-09T05:27:01.123+0000] {process_utils.py:86} INFO - Sending the signal 15 to group 797
[2024-10-09T05:27:03.235+0000] {local_task_job_runner.py:121} ERROR - Received SIGTERM. Terminating subprocesses
[2024-10-09T05:27:03.239+0000] {process_utils.py:131} INFO - Sending 15 to group 797. PIDs of all processes in the group: [797]
