[2024-10-08T09:58:40.138+0000] {taskinstance.py:1979} INFO - Dependencies all met for dep_context=non-requeueable deps ti=<TaskInstance: Gold_training_Pipeline.model_training scheduled__2024-10-06T00:00:00+00:00 [queued]>
[2024-10-08T09:58:40.146+0000] {taskinstance.py:1979} INFO - Dependencies all met for dep_context=requeueable deps ti=<TaskInstance: Gold_training_Pipeline.model_training scheduled__2024-10-06T00:00:00+00:00 [queued]>
[2024-10-08T09:58:40.146+0000] {taskinstance.py:2193} INFO - Starting attempt 2 of 4
[2024-10-08T09:58:40.164+0000] {taskinstance.py:2217} INFO - Executing <Task(PythonOperator): model_training> on 2024-10-06 00:00:00+00:00
[2024-10-08T09:58:40.184+0000] {standard_task_runner.py:60} INFO - Started process 422 to run task
[2024-10-08T09:58:40.189+0000] {standard_task_runner.py:87} INFO - Running: ['***', 'tasks', 'run', 'Gold_training_Pipeline', 'model_training', 'scheduled__2024-10-06T00:00:00+00:00', '--job-id', '281', '--raw', '--subdir', 'DAGS_FOLDER/gold_training_pipeline.py', '--cfg-path', '/tmp/tmpt82uhech']
[2024-10-08T09:58:40.190+0000] {standard_task_runner.py:88} INFO - Job 281: Subtask model_training
[2024-10-08T09:58:40.269+0000] {task_command.py:423} INFO - Running <TaskInstance: Gold_training_Pipeline.model_training scheduled__2024-10-06T00:00:00+00:00 [running]> on host f1314a20144d
[2024-10-08T09:58:40.349+0000] {taskinstance.py:2513} INFO - Exporting env vars: AIRFLOW_CTX_DAG_OWNER='sdeshan' AIRFLOW_CTX_DAG_ID='Gold_training_Pipeline' AIRFLOW_CTX_TASK_ID='model_training' AIRFLOW_CTX_EXECUTION_DATE='2024-10-06T00:00:00+00:00' AIRFLOW_CTX_TRY_NUMBER='2' AIRFLOW_CTX_DAG_RUN_ID='scheduled__2024-10-06T00:00:00+00:00'
[2024-10-08T09:58:40.539+0000] {filesystem.py:118} DEBUG - input tempfile: /tmp/tmp3l_2wagx/93larahw.json
[2024-10-08T09:58:41.264+0000] {filesystem.py:118} DEBUG - input tempfile: /tmp/tmp3l_2wagx/twzby9o4.json
[2024-10-08T09:58:41.269+0000] {model.py:2042} DEBUG - idx 0
[2024-10-08T09:58:41.271+0000] {model.py:2043} DEBUG - running CmdStan, num_threads: None
[2024-10-08T09:58:41.272+0000] {model.py:2055} DEBUG - CmdStan args: ['/home/***/.local/lib/python3.8/site-packages/prophet/stan_model/prophet_model.bin', 'random', 'seed=13291', 'data', 'file=/tmp/tmp3l_2wagx/93larahw.json', 'init=/tmp/tmp3l_2wagx/twzby9o4.json', 'output', 'file=/tmp/tmp3l_2wagx/prophet_modelparg2loj/prophet_model-20241008095841.csv', 'method=optimize', 'algorithm=lbfgs', 'iter=10000']
[2024-10-08T09:58:41.274+0000] {logging_mixin.py:188} WARNING - 09:58:41 - cmdstanpy - INFO - Chain [1] start processing
[2024-10-08T09:58:41.274+0000] {model.py:2058} INFO - Chain [1] start processing
[2024-10-08T09:58:52.807+0000] {logging_mixin.py:188} WARNING - 09:58:52 - cmdstanpy - INFO - Chain [1] done processing
[2024-10-08T09:58:52.806+0000] {model.py:2115} INFO - Chain [1] done processing
[2024-10-08T09:58:59.470+0000] {logging_mixin.py:188} INFO - Fitting 3 folds for each of 1 candidates, totalling 3 fits
[2024-10-08T11:47:01.642+0000] {local_task_job_runner.py:121} ERROR - Received SIGTERM. Terminating subprocesses
[2024-10-08T11:47:01.805+0000] {process_utils.py:131} INFO - Sending 15 to group 422. PIDs of all processes in the group: [422]
[2024-10-08T11:47:01.826+0000] {process_utils.py:86} INFO - Sending the signal 15 to group 422
[2024-10-08T11:47:04.302+0000] {local_task_job_runner.py:121} ERROR - Received SIGTERM. Terminating subprocesses
[2024-10-08T11:47:04.305+0000] {process_utils.py:131} INFO - Sending 15 to group 422. PIDs of all processes in the group: [422]
