[2024-08-21T04:03:57.476+0000] {taskinstance.py:1979} INFO - Dependencies all met for dep_context=non-requeueable deps ti=<TaskInstance: Vehicle_Data_scrape_Pipeline_5.scrape_post_links manual__2024-08-21T04:03:56.076722+00:00 [queued]>
[2024-08-21T04:03:57.483+0000] {taskinstance.py:1979} INFO - Dependencies all met for dep_context=requeueable deps ti=<TaskInstance: Vehicle_Data_scrape_Pipeline_5.scrape_post_links manual__2024-08-21T04:03:56.076722+00:00 [queued]>
[2024-08-21T04:03:57.484+0000] {taskinstance.py:2193} INFO - Starting attempt 1 of 4
[2024-08-21T04:03:57.495+0000] {taskinstance.py:2217} INFO - Executing <Task(PythonOperator): scrape_post_links> on 2024-08-21 04:03:56.076722+00:00
[2024-08-21T04:03:57.499+0000] {standard_task_runner.py:60} INFO - Started process 273 to run task
[2024-08-21T04:03:57.502+0000] {standard_task_runner.py:87} INFO - Running: ['***', 'tasks', 'run', 'Vehicle_Data_scrape_Pipeline_5', 'scrape_post_links', 'manual__2024-08-21T04:03:56.076722+00:00', '--job-id', '10', '--raw', '--subdir', 'DAGS_FOLDER/vehicle_data_scraping_pipeline.py', '--cfg-path', '/tmp/tmpnbknhi82']
[2024-08-21T04:03:57.504+0000] {standard_task_runner.py:88} INFO - Job 10: Subtask scrape_post_links
[2024-08-21T04:03:57.587+0000] {task_command.py:423} INFO - Running <TaskInstance: Vehicle_Data_scrape_Pipeline_5.scrape_post_links manual__2024-08-21T04:03:56.076722+00:00 [running]> on host 6bc55404d738
[2024-08-21T04:03:57.815+0000] {taskinstance.py:2513} INFO - Exporting env vars: AIRFLOW_CTX_DAG_OWNER='sdeshan' AIRFLOW_CTX_DAG_ID='Vehicle_Data_scrape_Pipeline_5' AIRFLOW_CTX_TASK_ID='scrape_post_links' AIRFLOW_CTX_EXECUTION_DATE='2024-08-21T04:03:56.076722+00:00' AIRFLOW_CTX_TRY_NUMBER='1' AIRFLOW_CTX_DAG_RUN_ID='manual__2024-08-21T04:03:56.076722+00:00'
[2024-08-21T04:03:58.672+0000] {logging_mixin.py:188} WARNING -   0%|          | 0/4 [00:00<?, ?it/s]
[2024-08-21T04:03:58.673+0000] {logging_mixin.py:188} WARNING - 100%|##########| 4/4 [00:00<00:00, 30840.47it/s]
[2024-08-21T04:04:24.312+0000] {logging_mixin.py:188} WARNING -   0%|          | 0/11 [00:00<?, ?it/s]
[2024-08-21T04:04:24.313+0000] {logging_mixin.py:188} WARNING - 100%|##########| 11/11 [00:00<00:00, 56059.96it/s]
[2024-08-21T04:04:33.714+0000] {logging_mixin.py:188} WARNING -   0%|          | 0/24 [00:00<?, ?it/s]
[2024-08-21T04:04:33.716+0000] {logging_mixin.py:188} WARNING - 100%|##########| 24/24 [00:00<00:00, 68618.47it/s]
[2024-08-21T04:04:43.856+0000] {logging_mixin.py:188} WARNING -   0%|          | 0/24 [00:00<?, ?it/s]
[2024-08-21T04:04:43.858+0000] {logging_mixin.py:188} WARNING - 100%|##########| 24/24 [00:00<00:00, 70295.60it/s]
[2024-08-21T04:05:03.175+0000] {logging_mixin.py:188} WARNING -   0%|          | 0/4 [00:00<?, ?it/s]
[2024-08-21T04:05:03.176+0000] {logging_mixin.py:188} WARNING - 100%|##########| 4/4 [00:00<00:00, 47798.34it/s]
[2024-08-21T04:05:05.893+0000] {logging_mixin.py:188} WARNING -   0%|          | 0/4 [00:00<?, ?it/s]
[2024-08-21T04:05:05.894+0000] {logging_mixin.py:188} WARNING - 100%|##########| 4/4 [00:00<00:00, 32704.12it/s]
[2024-08-21T04:05:35.784+0000] {logging_mixin.py:188} WARNING -   0%|          | 0/1 [00:00<?, ?it/s]
[2024-08-21T04:05:35.785+0000] {logging_mixin.py:188} WARNING - 100%|##########| 1/1 [00:00<00:00, 13400.33it/s]
[2024-08-21T04:05:38.775+0000] {taskinstance.py:2731} ERROR - Task failed with exception
Traceback (most recent call last):
  File "/home/airflow/.local/lib/python3.8/site-packages/airflow/models/taskinstance.py", line 444, in _execute_task
    result = _execute_callable(context=context, **execute_callable_kwargs)
  File "/home/airflow/.local/lib/python3.8/site-packages/airflow/models/taskinstance.py", line 414, in _execute_callable
    return execute_callable(context=context, **execute_callable_kwargs)
  File "/home/airflow/.local/lib/python3.8/site-packages/airflow/operators/python.py", line 200, in execute
    return_value = self.execute_callable()
  File "/home/airflow/.local/lib/python3.8/site-packages/airflow/operators/python.py", line 217, in execute_callable
    return self.python_callable(*self.op_args, **self.op_kwargs)
  File "/opt/airflow/dags/components/vehicle/data_scraping_components/post_links_extraction.py", line 68, in scrape_links
    upload_table('ikman_vehicle_post_links')
  File "/opt/airflow/dags/components/utils/database_table_creation.py", line 29, in upload_table
    cur.execute(f"""
psycopg2.errors.InsufficientPrivilege: could not open file "/var/lib/postgresql/csv/ikman_vehicle_post_links.csv" for writing: Permission denied
HINT:  COPY TO instructs the PostgreSQL server process to write a file. You may want a client-side facility such as psql's \copy.

[2024-08-21T04:05:38.800+0000] {taskinstance.py:1149} INFO - Marking task as UP_FOR_RETRY. dag_id=Vehicle_Data_scrape_Pipeline_5, task_id=scrape_post_links, execution_date=20240821T040356, start_date=20240821T040357, end_date=20240821T040538
[2024-08-21T04:05:38.808+0000] {standard_task_runner.py:107} ERROR - Failed to execute job 10 for task scrape_post_links (could not open file "/var/lib/postgresql/csv/ikman_vehicle_post_links.csv" for writing: Permission denied
HINT:  COPY TO instructs the PostgreSQL server process to write a file. You may want a client-side facility such as psql's \copy.
; 273)
[2024-08-21T04:05:38.851+0000] {local_task_job_runner.py:234} INFO - Task exited with return code 1
[2024-08-21T04:05:38.872+0000] {taskinstance.py:3312} INFO - 0 downstream tasks scheduled from follow-on schedule check
