[2024-08-21T04:05:45.233+0000] {taskinstance.py:1979} INFO - Dependencies all met for dep_context=non-requeueable deps ti=<TaskInstance: Vehicle_Data_scrape_Pipeline_5.scrape_post_links manual__2024-08-21T04:03:56.076722+00:00 [queued]>
[2024-08-21T04:05:45.241+0000] {taskinstance.py:1979} INFO - Dependencies all met for dep_context=requeueable deps ti=<TaskInstance: Vehicle_Data_scrape_Pipeline_5.scrape_post_links manual__2024-08-21T04:03:56.076722+00:00 [queued]>
[2024-08-21T04:05:45.241+0000] {taskinstance.py:2193} INFO - Starting attempt 2 of 4
[2024-08-21T04:05:45.252+0000] {taskinstance.py:2217} INFO - Executing <Task(PythonOperator): scrape_post_links> on 2024-08-21 04:03:56.076722+00:00
[2024-08-21T04:05:45.257+0000] {standard_task_runner.py:60} INFO - Started process 470 to run task
[2024-08-21T04:05:45.259+0000] {standard_task_runner.py:87} INFO - Running: ['***', 'tasks', 'run', 'Vehicle_Data_scrape_Pipeline_5', 'scrape_post_links', 'manual__2024-08-21T04:03:56.076722+00:00', '--job-id', '12', '--raw', '--subdir', 'DAGS_FOLDER/vehicle_data_scraping_pipeline.py', '--cfg-path', '/tmp/tmpsp7en897']
[2024-08-21T04:05:45.261+0000] {standard_task_runner.py:88} INFO - Job 12: Subtask scrape_post_links
[2024-08-21T04:05:45.300+0000] {task_command.py:423} INFO - Running <TaskInstance: Vehicle_Data_scrape_Pipeline_5.scrape_post_links manual__2024-08-21T04:03:56.076722+00:00 [running]> on host 6bc55404d738
[2024-08-21T04:05:45.449+0000] {taskinstance.py:2513} INFO - Exporting env vars: AIRFLOW_CTX_DAG_OWNER='sdeshan' AIRFLOW_CTX_DAG_ID='Vehicle_Data_scrape_Pipeline_5' AIRFLOW_CTX_TASK_ID='scrape_post_links' AIRFLOW_CTX_EXECUTION_DATE='2024-08-21T04:03:56.076722+00:00' AIRFLOW_CTX_TRY_NUMBER='2' AIRFLOW_CTX_DAG_RUN_ID='manual__2024-08-21T04:03:56.076722+00:00'
[2024-08-21T04:05:46.377+0000] {logging_mixin.py:188} WARNING -   0%|          | 0/4 [00:00<?, ?it/s]
[2024-08-21T04:05:46.378+0000] {logging_mixin.py:188} WARNING - 100%|##########| 4/4 [00:00<00:00, 39290.90it/s]
[2024-08-21T04:05:53.085+0000] {logging_mixin.py:188} WARNING -   0%|          | 0/11 [00:00<?, ?it/s]
[2024-08-21T04:05:53.087+0000] {logging_mixin.py:188} WARNING - 100%|##########| 11/11 [00:00<00:00, 45953.53it/s]
[2024-08-21T04:06:08.049+0000] {logging_mixin.py:188} WARNING -   0%|          | 0/24 [00:00<?, ?it/s]
[2024-08-21T04:06:08.051+0000] {logging_mixin.py:188} WARNING - 100%|##########| 24/24 [00:00<00:00, 97636.56it/s]
[2024-08-21T04:06:10.798+0000] {logging_mixin.py:188} WARNING -   0%|          | 0/24 [00:00<?, ?it/s]
[2024-08-21T04:06:10.799+0000] {logging_mixin.py:188} WARNING - 100%|##########| 24/24 [00:00<00:00, 100865.03it/s]
[2024-08-21T04:06:12.312+0000] {logging_mixin.py:188} WARNING -   0%|          | 0/4 [00:00<?, ?it/s]
[2024-08-21T04:06:12.313+0000] {logging_mixin.py:188} WARNING - 100%|##########| 4/4 [00:00<00:00, 43804.74it/s]
[2024-08-21T04:06:22.052+0000] {logging_mixin.py:188} WARNING -   0%|          | 0/4 [00:00<?, ?it/s]
[2024-08-21T04:06:22.054+0000] {logging_mixin.py:188} WARNING - 100%|##########| 4/4 [00:00<00:00, 19831.22it/s]
[2024-08-21T04:06:27.237+0000] {logging_mixin.py:188} WARNING -   0%|          | 0/1 [00:00<?, ?it/s]
[2024-08-21T04:06:27.238+0000] {logging_mixin.py:188} WARNING - 100%|##########| 1/1 [00:00<00:00, 13751.82it/s]
[2024-08-21T04:06:37.216+0000] {taskinstance.py:2731} ERROR - Task failed with exception
Traceback (most recent call last):
  File "/home/airflow/.local/lib/python3.8/site-packages/airflow/models/taskinstance.py", line 444, in _execute_task
    result = _execute_callable(context=context, **execute_callable_kwargs)
  File "/home/airflow/.local/lib/python3.8/site-packages/airflow/models/taskinstance.py", line 414, in _execute_callable
    return execute_callable(context=context, **execute_callable_kwargs)
  File "/home/airflow/.local/lib/python3.8/site-packages/airflow/operators/python.py", line 200, in execute
    return_value = self.execute_callable()
  File "/home/airflow/.local/lib/python3.8/site-packages/airflow/operators/python.py", line 217, in execute_callable
    return self.python_callable(*self.op_args, **self.op_kwargs)
  File "/opt/airflow/dags/components/vehicle/data_scraping_components/post_links_extraction.py", line 68, in scrape_links
    upload_table('ikman_vehicle_post_links')
  File "/opt/airflow/dags/components/utils/database_table_creation.py", line 29, in upload_table
    cur.execute(f"""
psycopg2.errors.InsufficientPrivilege: could not open file "/var/lib/postgresql/csv/ikman_vehicle_post_links.csv" for writing: Permission denied
HINT:  COPY TO instructs the PostgreSQL server process to write a file. You may want a client-side facility such as psql's \copy.

[2024-08-21T04:06:37.249+0000] {taskinstance.py:1149} INFO - Marking task as UP_FOR_RETRY. dag_id=Vehicle_Data_scrape_Pipeline_5, task_id=scrape_post_links, execution_date=20240821T040356, start_date=20240821T040545, end_date=20240821T040637
[2024-08-21T04:06:37.260+0000] {standard_task_runner.py:107} ERROR - Failed to execute job 12 for task scrape_post_links (could not open file "/var/lib/postgresql/csv/ikman_vehicle_post_links.csv" for writing: Permission denied
HINT:  COPY TO instructs the PostgreSQL server process to write a file. You may want a client-side facility such as psql's \copy.
; 470)
[2024-08-21T04:06:37.288+0000] {local_task_job_runner.py:234} INFO - Task exited with return code 1
[2024-08-21T04:06:37.306+0000] {taskinstance.py:3312} INFO - 0 downstream tasks scheduled from follow-on schedule check
