[2024-10-10T09:25:20.642+0000] {taskinstance.py:1979} INFO - Dependencies all met for dep_context=non-requeueable deps ti=<TaskInstance: Gold_training_Pipeline.model_training manual__2024-10-10T09:24:52.867257+00:00 [queued]>
[2024-10-10T09:25:20.648+0000] {taskinstance.py:1979} INFO - Dependencies all met for dep_context=requeueable deps ti=<TaskInstance: Gold_training_Pipeline.model_training manual__2024-10-10T09:24:52.867257+00:00 [queued]>
[2024-10-10T09:25:20.649+0000] {taskinstance.py:2193} INFO - Starting attempt 1 of 4
[2024-10-10T09:25:20.659+0000] {taskinstance.py:2217} INFO - Executing <Task(PythonOperator): model_training> on 2024-10-10 09:24:52.867257+00:00
[2024-10-10T09:25:20.666+0000] {standard_task_runner.py:60} INFO - Started process 1189 to run task
[2024-10-10T09:25:20.668+0000] {standard_task_runner.py:87} INFO - Running: ['***', 'tasks', 'run', 'Gold_training_Pipeline', 'model_training', 'manual__2024-10-10T09:24:52.867257+00:00', '--job-id', '394', '--raw', '--subdir', 'DAGS_FOLDER/gold_training_pipeline.py', '--cfg-path', '/tmp/tmpotc1roru']
[2024-10-10T09:25:20.669+0000] {standard_task_runner.py:88} INFO - Job 394: Subtask model_training
[2024-10-10T09:25:20.701+0000] {task_command.py:423} INFO - Running <TaskInstance: Gold_training_Pipeline.model_training manual__2024-10-10T09:24:52.867257+00:00 [running]> on host 3c39c54b31c0
[2024-10-10T09:25:20.892+0000] {taskinstance.py:2513} INFO - Exporting env vars: AIRFLOW_CTX_DAG_OWNER='sdeshan' AIRFLOW_CTX_DAG_ID='Gold_training_Pipeline' AIRFLOW_CTX_TASK_ID='model_training' AIRFLOW_CTX_EXECUTION_DATE='2024-10-10T09:24:52.867257+00:00' AIRFLOW_CTX_TRY_NUMBER='1' AIRFLOW_CTX_DAG_RUN_ID='manual__2024-10-10T09:24:52.867257+00:00'
[2024-10-10T09:25:20.966+0000] {filesystem.py:118} DEBUG - input tempfile: /tmp/tmpnugys109/kic1lq8h.json
[2024-10-10T09:25:21.142+0000] {filesystem.py:118} DEBUG - input tempfile: /tmp/tmpnugys109/motq43t5.json
[2024-10-10T09:25:21.340+0000] {model.py:2042} DEBUG - idx 0
[2024-10-10T09:25:21.341+0000] {model.py:2043} DEBUG - running CmdStan, num_threads: None
[2024-10-10T09:25:21.341+0000] {model.py:2055} DEBUG - CmdStan args: ['/home/***/.local/lib/python3.8/site-packages/prophet/stan_model/prophet_model.bin', 'random', 'seed=41558', 'data', 'file=/tmp/tmpnugys109/kic1lq8h.json', 'init=/tmp/tmpnugys109/motq43t5.json', 'output', 'file=/tmp/tmpnugys109/prophet_model0xqfa6fr/prophet_model-20241010092521.csv', 'method=optimize', 'algorithm=lbfgs', 'iter=10000']
[2024-10-10T09:25:21.344+0000] {logging_mixin.py:188} WARNING - 09:25:21 - cmdstanpy - INFO - Chain [1] start processing
[2024-10-10T09:25:21.344+0000] {model.py:2058} INFO - Chain [1] start processing
[2024-10-10T09:25:23.300+0000] {logging_mixin.py:188} WARNING - 09:25:23 - cmdstanpy - INFO - Chain [1] done processing
[2024-10-10T09:25:23.300+0000] {model.py:2115} INFO - Chain [1] done processing
[2024-10-10T09:25:23.833+0000] {logging_mixin.py:188} INFO - Fitting 3 folds for each of 1 candidates, totalling 3 fits
[2024-10-10T09:35:05.933+0000] {local_task_job_runner.py:302} WARNING - State of this instance has been externally set to removed. Terminating instance.
[2024-10-10T09:35:05.996+0000] {process_utils.py:131} INFO - Sending 15 to group 1189. PIDs of all processes in the group: [1189]
[2024-10-10T09:35:05.997+0000] {process_utils.py:86} INFO - Sending the signal 15 to group 1189
[2024-10-10T09:36:06.230+0000] {process_utils.py:149} WARNING - process psutil.Process(pid=1189, name='airflow task ru', status='sleeping', started='09:25:20') did not respond to SIGTERM. Trying SIGKILL
[2024-10-10T09:36:06.479+0000] {process_utils.py:86} INFO - Sending the signal 9 to group 1189
[2024-10-10T09:36:08.280+0000] {process_utils.py:79} INFO - Process psutil.Process(pid=1189, name='airflow task ru', status='terminated', exitcode=<Negsignal.SIGKILL: -9>, started='09:25:20') (1189) terminated with exit code -9
[2024-10-10T09:36:08.344+0000] {standard_task_runner.py:175} ERROR - Job 394 was killed before it finished (likely due to running out of memory)
