[2024-08-28T08:23:50.356+0000] {taskinstance.py:1979} INFO - Dependencies all met for dep_context=non-requeueable deps ti=<TaskInstance: Vehicle_Model_Training_Pipeline.model_training_honda manual__2024-08-28T08:23:25.242872+00:00 [queued]>
[2024-08-28T08:23:50.367+0000] {taskinstance.py:1979} INFO - Dependencies all met for dep_context=requeueable deps ti=<TaskInstance: Vehicle_Model_Training_Pipeline.model_training_honda manual__2024-08-28T08:23:25.242872+00:00 [queued]>
[2024-08-28T08:23:50.368+0000] {taskinstance.py:2193} INFO - Starting attempt 2 of 4
[2024-08-28T08:23:50.380+0000] {taskinstance.py:2217} INFO - Executing <Task(PythonOperator): model_training_honda> on 2024-08-28 08:23:25.242872+00:00
[2024-08-28T08:23:50.386+0000] {standard_task_runner.py:60} INFO - Started process 403 to run task
[2024-08-28T08:23:50.389+0000] {standard_task_runner.py:87} INFO - Running: ['***', 'tasks', 'run', 'Vehicle_Model_Training_Pipeline', 'model_training_honda', 'manual__2024-08-28T08:23:25.242872+00:00', '--job-id', '305', '--raw', '--subdir', 'DAGS_FOLDER/vehicle_model_training_pipeline.py', '--cfg-path', '/tmp/tmpl9n6xrr7']
[2024-08-28T08:23:50.391+0000] {standard_task_runner.py:88} INFO - Job 305: Subtask model_training_honda
[2024-08-28T08:23:50.437+0000] {task_command.py:423} INFO - Running <TaskInstance: Vehicle_Model_Training_Pipeline.model_training_honda manual__2024-08-28T08:23:25.242872+00:00 [running]> on host 476fed7f2934
[2024-08-28T08:23:50.496+0000] {taskinstance.py:2513} INFO - Exporting env vars: AIRFLOW_CTX_DAG_OWNER='sdeshan' AIRFLOW_CTX_DAG_ID='Vehicle_Model_Training_Pipeline' AIRFLOW_CTX_TASK_ID='model_training_honda' AIRFLOW_CTX_EXECUTION_DATE='2024-08-28T08:23:25.242872+00:00' AIRFLOW_CTX_TRY_NUMBER='2' AIRFLOW_CTX_DAG_RUN_ID='manual__2024-08-28T08:23:25.242872+00:00'
[2024-08-28T08:23:50.513+0000] {logging_mixin.py:188} INFO - error [Errno 2] No such file or directory: 'artifacts/preprocessor.pkl'
[2024-08-28T08:23:50.522+0000] {taskinstance.py:2731} ERROR - Task failed with exception
Traceback (most recent call last):
  File "/home/airflow/.local/lib/python3.8/site-packages/airflow/models/taskinstance.py", line 444, in _execute_task
    result = _execute_callable(context=context, **execute_callable_kwargs)
  File "/home/airflow/.local/lib/python3.8/site-packages/airflow/models/taskinstance.py", line 414, in _execute_callable
    return execute_callable(context=context, **execute_callable_kwargs)
  File "/home/airflow/.local/lib/python3.8/site-packages/airflow/operators/python.py", line 200, in execute
    return_value = self.execute_callable()
  File "/home/airflow/.local/lib/python3.8/site-packages/airflow/operators/python.py", line 217, in execute_callable
    return self.python_callable(*self.op_args, **self.op_kwargs)
  File "/opt/airflow/dags/components/vehicle/model_training_components/model_training.py", line 70, in train_model
    preprocessor.fit(input_feature_train_df)
AttributeError: 'NoneType' object has no attribute 'fit'
[2024-08-28T08:23:50.540+0000] {taskinstance.py:1149} INFO - Marking task as UP_FOR_RETRY. dag_id=Vehicle_Model_Training_Pipeline, task_id=model_training_honda, execution_date=20240828T082325, start_date=20240828T082350, end_date=20240828T082350
[2024-08-28T08:23:50.550+0000] {standard_task_runner.py:107} ERROR - Failed to execute job 305 for task model_training_honda ('NoneType' object has no attribute 'fit'; 403)
[2024-08-28T08:23:50.563+0000] {local_task_job_runner.py:234} INFO - Task exited with return code 1
[2024-08-28T08:23:50.580+0000] {taskinstance.py:3312} INFO - 0 downstream tasks scheduled from follow-on schedule check
