[2024-10-03T10:52:25.616+0000] {processor.py:161} INFO - Started process (PID=218) to work on /opt/airflow/dags/vehicle_model_training_pipeline.py
[2024-10-03T10:52:25.624+0000] {processor.py:830} INFO - Processing file /opt/airflow/dags/vehicle_model_training_pipeline.py for tasks to queue
[2024-10-03T10:52:25.632+0000] {logging_mixin.py:188} INFO - [2024-10-03T10:52:25.632+0000] {dagbag.py:540} INFO - Filling up the DagBag from /opt/airflow/dags/vehicle_model_training_pipeline.py
[2024-10-03T10:52:28.284+0000] {processor.py:840} INFO - DAG(s) 'Vehicle_Model_Training_Pipeline' retrieved from /opt/airflow/dags/vehicle_model_training_pipeline.py
[2024-10-03T10:52:28.446+0000] {logging_mixin.py:188} INFO - [2024-10-03T10:52:28.446+0000] {dag.py:3047} INFO - Sync 1 DAGs
[2024-10-03T10:52:28.460+0000] {logging_mixin.py:188} INFO - [2024-10-03T10:52:28.460+0000] {dag.py:3834} INFO - Setting next_dagrun for Vehicle_Model_Training_Pipeline to 2024-10-03 00:00:00+00:00, run_after=2024-10-04 00:00:00+00:00
[2024-10-03T10:52:28.482+0000] {processor.py:183} INFO - Processing /opt/airflow/dags/vehicle_model_training_pipeline.py took 2.869 seconds
[2024-10-03T10:52:58.826+0000] {processor.py:161} INFO - Started process (PID=273) to work on /opt/airflow/dags/vehicle_model_training_pipeline.py
[2024-10-03T10:52:58.828+0000] {processor.py:830} INFO - Processing file /opt/airflow/dags/vehicle_model_training_pipeline.py for tasks to queue
[2024-10-03T10:52:58.829+0000] {logging_mixin.py:188} INFO - [2024-10-03T10:52:58.829+0000] {dagbag.py:540} INFO - Filling up the DagBag from /opt/airflow/dags/vehicle_model_training_pipeline.py
[2024-10-03T10:52:59.693+0000] {processor.py:840} INFO - DAG(s) 'Vehicle_Model_Training_Pipeline' retrieved from /opt/airflow/dags/vehicle_model_training_pipeline.py
[2024-10-03T10:52:59.847+0000] {logging_mixin.py:188} INFO - [2024-10-03T10:52:59.846+0000] {dag.py:3047} INFO - Sync 1 DAGs
[2024-10-03T10:52:59.861+0000] {logging_mixin.py:188} INFO - [2024-10-03T10:52:59.861+0000] {dag.py:3834} INFO - Setting next_dagrun for Vehicle_Model_Training_Pipeline to 2024-10-03 00:00:00+00:00, run_after=2024-10-04 00:00:00+00:00
[2024-10-03T10:52:59.878+0000] {processor.py:183} INFO - Processing /opt/airflow/dags/vehicle_model_training_pipeline.py took 1.053 seconds
[2024-10-03T10:53:30.094+0000] {processor.py:161} INFO - Started process (PID=320) to work on /opt/airflow/dags/vehicle_model_training_pipeline.py
[2024-10-03T10:53:30.096+0000] {processor.py:830} INFO - Processing file /opt/airflow/dags/vehicle_model_training_pipeline.py for tasks to queue
[2024-10-03T10:53:30.097+0000] {logging_mixin.py:188} INFO - [2024-10-03T10:53:30.097+0000] {dagbag.py:540} INFO - Filling up the DagBag from /opt/airflow/dags/vehicle_model_training_pipeline.py
[2024-10-03T10:53:31.237+0000] {processor.py:840} INFO - DAG(s) 'Vehicle_Model_Training_Pipeline' retrieved from /opt/airflow/dags/vehicle_model_training_pipeline.py
[2024-10-03T10:53:31.511+0000] {logging_mixin.py:188} INFO - [2024-10-03T10:53:31.510+0000] {dag.py:3047} INFO - Sync 1 DAGs
[2024-10-03T10:53:31.528+0000] {logging_mixin.py:188} INFO - [2024-10-03T10:53:31.527+0000] {dag.py:3834} INFO - Setting next_dagrun for Vehicle_Model_Training_Pipeline to 2024-10-03 00:00:00+00:00, run_after=2024-10-04 00:00:00+00:00
[2024-10-03T10:53:31.556+0000] {processor.py:183} INFO - Processing /opt/airflow/dags/vehicle_model_training_pipeline.py took 1.464 seconds
[2024-10-03T10:54:01.852+0000] {processor.py:161} INFO - Started process (PID=380) to work on /opt/airflow/dags/vehicle_model_training_pipeline.py
[2024-10-03T10:54:01.853+0000] {processor.py:830} INFO - Processing file /opt/airflow/dags/vehicle_model_training_pipeline.py for tasks to queue
[2024-10-03T10:54:01.854+0000] {logging_mixin.py:188} INFO - [2024-10-03T10:54:01.854+0000] {dagbag.py:540} INFO - Filling up the DagBag from /opt/airflow/dags/vehicle_model_training_pipeline.py
[2024-10-03T10:54:02.721+0000] {processor.py:840} INFO - DAG(s) 'Vehicle_Model_Training_Pipeline' retrieved from /opt/airflow/dags/vehicle_model_training_pipeline.py
[2024-10-03T10:54:02.885+0000] {logging_mixin.py:188} INFO - [2024-10-03T10:54:02.884+0000] {dag.py:3047} INFO - Sync 1 DAGs
[2024-10-03T10:54:02.898+0000] {logging_mixin.py:188} INFO - [2024-10-03T10:54:02.897+0000] {dag.py:3834} INFO - Setting next_dagrun for Vehicle_Model_Training_Pipeline to 2024-10-03 00:00:00+00:00, run_after=2024-10-04 00:00:00+00:00
[2024-10-03T10:54:02.912+0000] {processor.py:183} INFO - Processing /opt/airflow/dags/vehicle_model_training_pipeline.py took 1.062 seconds
[2024-10-03T10:54:33.343+0000] {processor.py:161} INFO - Started process (PID=439) to work on /opt/airflow/dags/vehicle_model_training_pipeline.py
[2024-10-03T10:54:33.344+0000] {processor.py:830} INFO - Processing file /opt/airflow/dags/vehicle_model_training_pipeline.py for tasks to queue
[2024-10-03T10:54:33.346+0000] {logging_mixin.py:188} INFO - [2024-10-03T10:54:33.346+0000] {dagbag.py:540} INFO - Filling up the DagBag from /opt/airflow/dags/vehicle_model_training_pipeline.py
[2024-10-03T10:54:34.256+0000] {processor.py:840} INFO - DAG(s) 'Vehicle_Model_Training_Pipeline' retrieved from /opt/airflow/dags/vehicle_model_training_pipeline.py
[2024-10-03T10:54:34.414+0000] {logging_mixin.py:188} INFO - [2024-10-03T10:54:34.413+0000] {dag.py:3047} INFO - Sync 1 DAGs
[2024-10-03T10:54:34.429+0000] {logging_mixin.py:188} INFO - [2024-10-03T10:54:34.429+0000] {dag.py:3834} INFO - Setting next_dagrun for Vehicle_Model_Training_Pipeline to 2024-10-03 00:00:00+00:00, run_after=2024-10-04 00:00:00+00:00
[2024-10-03T10:54:34.476+0000] {processor.py:183} INFO - Processing /opt/airflow/dags/vehicle_model_training_pipeline.py took 1.137 seconds
[2024-10-03T10:55:04.769+0000] {processor.py:161} INFO - Started process (PID=490) to work on /opt/airflow/dags/vehicle_model_training_pipeline.py
[2024-10-03T10:55:04.771+0000] {processor.py:830} INFO - Processing file /opt/airflow/dags/vehicle_model_training_pipeline.py for tasks to queue
[2024-10-03T10:55:04.772+0000] {logging_mixin.py:188} INFO - [2024-10-03T10:55:04.772+0000] {dagbag.py:540} INFO - Filling up the DagBag from /opt/airflow/dags/vehicle_model_training_pipeline.py
[2024-10-03T10:55:06.183+0000] {processor.py:840} INFO - DAG(s) 'Vehicle_Model_Training_Pipeline' retrieved from /opt/airflow/dags/vehicle_model_training_pipeline.py
[2024-10-03T10:55:06.430+0000] {logging_mixin.py:188} INFO - [2024-10-03T10:55:06.429+0000] {dag.py:3047} INFO - Sync 1 DAGs
[2024-10-03T10:55:06.447+0000] {logging_mixin.py:188} INFO - [2024-10-03T10:55:06.447+0000] {dag.py:3834} INFO - Setting next_dagrun for Vehicle_Model_Training_Pipeline to 2024-10-03 00:00:00+00:00, run_after=2024-10-04 00:00:00+00:00
[2024-10-03T10:55:06.467+0000] {processor.py:183} INFO - Processing /opt/airflow/dags/vehicle_model_training_pipeline.py took 1.701 seconds
[2024-10-03T10:55:36.890+0000] {processor.py:161} INFO - Started process (PID=539) to work on /opt/airflow/dags/vehicle_model_training_pipeline.py
[2024-10-03T10:55:36.891+0000] {processor.py:830} INFO - Processing file /opt/airflow/dags/vehicle_model_training_pipeline.py for tasks to queue
[2024-10-03T10:55:36.892+0000] {logging_mixin.py:188} INFO - [2024-10-03T10:55:36.892+0000] {dagbag.py:540} INFO - Filling up the DagBag from /opt/airflow/dags/vehicle_model_training_pipeline.py
[2024-10-03T10:55:37.787+0000] {processor.py:840} INFO - DAG(s) 'Vehicle_Model_Training_Pipeline' retrieved from /opt/airflow/dags/vehicle_model_training_pipeline.py
[2024-10-03T10:55:37.928+0000] {logging_mixin.py:188} INFO - [2024-10-03T10:55:37.928+0000] {dag.py:3047} INFO - Sync 1 DAGs
[2024-10-03T10:55:37.946+0000] {logging_mixin.py:188} INFO - [2024-10-03T10:55:37.946+0000] {dag.py:3834} INFO - Setting next_dagrun for Vehicle_Model_Training_Pipeline to 2024-10-03 00:00:00+00:00, run_after=2024-10-04 00:00:00+00:00
[2024-10-03T10:55:37.965+0000] {processor.py:183} INFO - Processing /opt/airflow/dags/vehicle_model_training_pipeline.py took 1.078 seconds
[2024-10-03T10:56:08.428+0000] {processor.py:161} INFO - Started process (PID=597) to work on /opt/airflow/dags/vehicle_model_training_pipeline.py
[2024-10-03T10:56:08.444+0000] {processor.py:830} INFO - Processing file /opt/airflow/dags/vehicle_model_training_pipeline.py for tasks to queue
[2024-10-03T10:56:08.445+0000] {logging_mixin.py:188} INFO - [2024-10-03T10:56:08.445+0000] {dagbag.py:540} INFO - Filling up the DagBag from /opt/airflow/dags/vehicle_model_training_pipeline.py
[2024-10-03T10:56:09.525+0000] {processor.py:840} INFO - DAG(s) 'Vehicle_Model_Training_Pipeline' retrieved from /opt/airflow/dags/vehicle_model_training_pipeline.py
[2024-10-03T10:56:09.659+0000] {logging_mixin.py:188} INFO - [2024-10-03T10:56:09.658+0000] {dag.py:3047} INFO - Sync 1 DAGs
[2024-10-03T10:56:09.677+0000] {logging_mixin.py:188} INFO - [2024-10-03T10:56:09.676+0000] {dag.py:3834} INFO - Setting next_dagrun for Vehicle_Model_Training_Pipeline to 2024-10-03 00:00:00+00:00, run_after=2024-10-04 00:00:00+00:00
[2024-10-03T10:56:09.696+0000] {processor.py:183} INFO - Processing /opt/airflow/dags/vehicle_model_training_pipeline.py took 1.270 seconds
[2024-10-03T10:56:40.082+0000] {processor.py:161} INFO - Started process (PID=658) to work on /opt/airflow/dags/vehicle_model_training_pipeline.py
[2024-10-03T10:56:40.083+0000] {processor.py:830} INFO - Processing file /opt/airflow/dags/vehicle_model_training_pipeline.py for tasks to queue
[2024-10-03T10:56:40.084+0000] {logging_mixin.py:188} INFO - [2024-10-03T10:56:40.084+0000] {dagbag.py:540} INFO - Filling up the DagBag from /opt/airflow/dags/vehicle_model_training_pipeline.py
[2024-10-03T10:56:40.943+0000] {processor.py:840} INFO - DAG(s) 'Vehicle_Model_Training_Pipeline' retrieved from /opt/airflow/dags/vehicle_model_training_pipeline.py
[2024-10-03T10:56:41.032+0000] {logging_mixin.py:188} INFO - [2024-10-03T10:56:41.032+0000] {dag.py:3047} INFO - Sync 1 DAGs
[2024-10-03T10:56:41.045+0000] {logging_mixin.py:188} INFO - [2024-10-03T10:56:41.045+0000] {dag.py:3834} INFO - Setting next_dagrun for Vehicle_Model_Training_Pipeline to 2024-10-03 00:00:00+00:00, run_after=2024-10-04 00:00:00+00:00
[2024-10-03T10:56:41.061+0000] {processor.py:183} INFO - Processing /opt/airflow/dags/vehicle_model_training_pipeline.py took 0.981 seconds
[2024-10-03T10:57:11.211+0000] {processor.py:161} INFO - Started process (PID=707) to work on /opt/airflow/dags/vehicle_model_training_pipeline.py
[2024-10-03T10:57:11.212+0000] {processor.py:830} INFO - Processing file /opt/airflow/dags/vehicle_model_training_pipeline.py for tasks to queue
[2024-10-03T10:57:11.213+0000] {logging_mixin.py:188} INFO - [2024-10-03T10:57:11.212+0000] {dagbag.py:540} INFO - Filling up the DagBag from /opt/airflow/dags/vehicle_model_training_pipeline.py
[2024-10-03T10:57:12.121+0000] {processor.py:840} INFO - DAG(s) 'Vehicle_Model_Training_Pipeline' retrieved from /opt/airflow/dags/vehicle_model_training_pipeline.py
[2024-10-03T10:57:12.236+0000] {logging_mixin.py:188} INFO - [2024-10-03T10:57:12.236+0000] {dag.py:3047} INFO - Sync 1 DAGs
[2024-10-03T10:57:12.252+0000] {logging_mixin.py:188} INFO - [2024-10-03T10:57:12.252+0000] {dag.py:3834} INFO - Setting next_dagrun for Vehicle_Model_Training_Pipeline to 2024-10-03 00:00:00+00:00, run_after=2024-10-04 00:00:00+00:00
[2024-10-03T10:57:12.270+0000] {processor.py:183} INFO - Processing /opt/airflow/dags/vehicle_model_training_pipeline.py took 1.061 seconds
[2024-10-03T10:57:42.551+0000] {processor.py:161} INFO - Started process (PID=759) to work on /opt/airflow/dags/vehicle_model_training_pipeline.py
[2024-10-03T10:57:42.553+0000] {processor.py:830} INFO - Processing file /opt/airflow/dags/vehicle_model_training_pipeline.py for tasks to queue
[2024-10-03T10:57:42.554+0000] {logging_mixin.py:188} INFO - [2024-10-03T10:57:42.554+0000] {dagbag.py:540} INFO - Filling up the DagBag from /opt/airflow/dags/vehicle_model_training_pipeline.py
[2024-10-03T10:57:43.537+0000] {processor.py:840} INFO - DAG(s) 'Vehicle_Model_Training_Pipeline' retrieved from /opt/airflow/dags/vehicle_model_training_pipeline.py
[2024-10-03T10:57:43.635+0000] {logging_mixin.py:188} INFO - [2024-10-03T10:57:43.635+0000] {dag.py:3047} INFO - Sync 1 DAGs
[2024-10-03T10:57:43.650+0000] {logging_mixin.py:188} INFO - [2024-10-03T10:57:43.650+0000] {dag.py:3834} INFO - Setting next_dagrun for Vehicle_Model_Training_Pipeline to 2024-10-03 00:00:00+00:00, run_after=2024-10-04 00:00:00+00:00
[2024-10-03T10:57:43.670+0000] {processor.py:183} INFO - Processing /opt/airflow/dags/vehicle_model_training_pipeline.py took 1.121 seconds
[2024-10-03T10:58:13.751+0000] {processor.py:161} INFO - Started process (PID=821) to work on /opt/airflow/dags/vehicle_model_training_pipeline.py
[2024-10-03T10:58:13.753+0000] {processor.py:830} INFO - Processing file /opt/airflow/dags/vehicle_model_training_pipeline.py for tasks to queue
[2024-10-03T10:58:13.754+0000] {logging_mixin.py:188} INFO - [2024-10-03T10:58:13.754+0000] {dagbag.py:540} INFO - Filling up the DagBag from /opt/airflow/dags/vehicle_model_training_pipeline.py
[2024-10-03T10:58:14.678+0000] {processor.py:840} INFO - DAG(s) 'Vehicle_Model_Training_Pipeline' retrieved from /opt/airflow/dags/vehicle_model_training_pipeline.py
[2024-10-03T10:58:14.782+0000] {logging_mixin.py:188} INFO - [2024-10-03T10:58:14.782+0000] {dag.py:3047} INFO - Sync 1 DAGs
[2024-10-03T10:58:14.799+0000] {logging_mixin.py:188} INFO - [2024-10-03T10:58:14.799+0000] {dag.py:3834} INFO - Setting next_dagrun for Vehicle_Model_Training_Pipeline to 2024-10-03 00:00:00+00:00, run_after=2024-10-04 00:00:00+00:00
[2024-10-03T10:58:14.818+0000] {processor.py:183} INFO - Processing /opt/airflow/dags/vehicle_model_training_pipeline.py took 1.070 seconds
[2024-10-03T10:58:45.178+0000] {processor.py:161} INFO - Started process (PID=870) to work on /opt/airflow/dags/vehicle_model_training_pipeline.py
[2024-10-03T10:58:45.180+0000] {processor.py:830} INFO - Processing file /opt/airflow/dags/vehicle_model_training_pipeline.py for tasks to queue
[2024-10-03T10:58:45.181+0000] {logging_mixin.py:188} INFO - [2024-10-03T10:58:45.181+0000] {dagbag.py:540} INFO - Filling up the DagBag from /opt/airflow/dags/vehicle_model_training_pipeline.py
[2024-10-03T10:58:46.111+0000] {processor.py:840} INFO - DAG(s) 'Vehicle_Model_Training_Pipeline' retrieved from /opt/airflow/dags/vehicle_model_training_pipeline.py
[2024-10-03T10:58:46.217+0000] {logging_mixin.py:188} INFO - [2024-10-03T10:58:46.214+0000] {dag.py:3047} INFO - Sync 1 DAGs
[2024-10-03T10:58:46.235+0000] {logging_mixin.py:188} INFO - [2024-10-03T10:58:46.235+0000] {dag.py:3834} INFO - Setting next_dagrun for Vehicle_Model_Training_Pipeline to 2024-10-03 00:00:00+00:00, run_after=2024-10-04 00:00:00+00:00
[2024-10-03T10:58:46.254+0000] {processor.py:183} INFO - Processing /opt/airflow/dags/vehicle_model_training_pipeline.py took 1.078 seconds
[2024-10-03T10:59:16.511+0000] {processor.py:161} INFO - Started process (PID=934) to work on /opt/airflow/dags/vehicle_model_training_pipeline.py
[2024-10-03T10:59:16.513+0000] {processor.py:830} INFO - Processing file /opt/airflow/dags/vehicle_model_training_pipeline.py for tasks to queue
[2024-10-03T10:59:16.514+0000] {logging_mixin.py:188} INFO - [2024-10-03T10:59:16.514+0000] {dagbag.py:540} INFO - Filling up the DagBag from /opt/airflow/dags/vehicle_model_training_pipeline.py
[2024-10-03T10:59:17.486+0000] {processor.py:840} INFO - DAG(s) 'Vehicle_Model_Training_Pipeline' retrieved from /opt/airflow/dags/vehicle_model_training_pipeline.py
[2024-10-03T10:59:17.593+0000] {logging_mixin.py:188} INFO - [2024-10-03T10:59:17.593+0000] {dag.py:3047} INFO - Sync 1 DAGs
[2024-10-03T10:59:17.607+0000] {logging_mixin.py:188} INFO - [2024-10-03T10:59:17.607+0000] {dag.py:3834} INFO - Setting next_dagrun for Vehicle_Model_Training_Pipeline to 2024-10-03 00:00:00+00:00, run_after=2024-10-04 00:00:00+00:00
[2024-10-03T10:59:17.623+0000] {processor.py:183} INFO - Processing /opt/airflow/dags/vehicle_model_training_pipeline.py took 1.116 seconds
[2024-10-03T10:59:48.054+0000] {processor.py:161} INFO - Started process (PID=989) to work on /opt/airflow/dags/vehicle_model_training_pipeline.py
[2024-10-03T10:59:48.055+0000] {processor.py:830} INFO - Processing file /opt/airflow/dags/vehicle_model_training_pipeline.py for tasks to queue
[2024-10-03T10:59:48.056+0000] {logging_mixin.py:188} INFO - [2024-10-03T10:59:48.056+0000] {dagbag.py:540} INFO - Filling up the DagBag from /opt/airflow/dags/vehicle_model_training_pipeline.py
[2024-10-03T10:59:48.899+0000] {processor.py:840} INFO - DAG(s) 'Vehicle_Model_Training_Pipeline' retrieved from /opt/airflow/dags/vehicle_model_training_pipeline.py
[2024-10-03T10:59:49.055+0000] {logging_mixin.py:188} INFO - [2024-10-03T10:59:49.055+0000] {dag.py:3047} INFO - Sync 1 DAGs
[2024-10-03T10:59:49.068+0000] {logging_mixin.py:188} INFO - [2024-10-03T10:59:49.068+0000] {dag.py:3834} INFO - Setting next_dagrun for Vehicle_Model_Training_Pipeline to 2024-10-03 00:00:00+00:00, run_after=2024-10-04 00:00:00+00:00
[2024-10-03T10:59:49.087+0000] {processor.py:183} INFO - Processing /opt/airflow/dags/vehicle_model_training_pipeline.py took 1.035 seconds
[2024-10-03T11:00:19.440+0000] {processor.py:161} INFO - Started process (PID=1039) to work on /opt/airflow/dags/vehicle_model_training_pipeline.py
[2024-10-03T11:00:19.442+0000] {processor.py:830} INFO - Processing file /opt/airflow/dags/vehicle_model_training_pipeline.py for tasks to queue
[2024-10-03T11:00:19.443+0000] {logging_mixin.py:188} INFO - [2024-10-03T11:00:19.442+0000] {dagbag.py:540} INFO - Filling up the DagBag from /opt/airflow/dags/vehicle_model_training_pipeline.py
[2024-10-03T11:00:20.326+0000] {processor.py:840} INFO - DAG(s) 'Vehicle_Model_Training_Pipeline' retrieved from /opt/airflow/dags/vehicle_model_training_pipeline.py
[2024-10-03T11:00:20.440+0000] {logging_mixin.py:188} INFO - [2024-10-03T11:00:20.439+0000] {dag.py:3047} INFO - Sync 1 DAGs
[2024-10-03T11:00:20.460+0000] {logging_mixin.py:188} INFO - [2024-10-03T11:00:20.460+0000] {dag.py:3834} INFO - Setting next_dagrun for Vehicle_Model_Training_Pipeline to 2024-10-03 00:00:00+00:00, run_after=2024-10-04 00:00:00+00:00
[2024-10-03T11:00:20.479+0000] {processor.py:183} INFO - Processing /opt/airflow/dags/vehicle_model_training_pipeline.py took 1.040 seconds
[2024-10-03T11:00:50.884+0000] {processor.py:161} INFO - Started process (PID=1088) to work on /opt/airflow/dags/vehicle_model_training_pipeline.py
[2024-10-03T11:00:50.886+0000] {processor.py:830} INFO - Processing file /opt/airflow/dags/vehicle_model_training_pipeline.py for tasks to queue
[2024-10-03T11:00:50.887+0000] {logging_mixin.py:188} INFO - [2024-10-03T11:00:50.887+0000] {dagbag.py:540} INFO - Filling up the DagBag from /opt/airflow/dags/vehicle_model_training_pipeline.py
[2024-10-03T11:00:51.848+0000] {processor.py:840} INFO - DAG(s) 'Vehicle_Model_Training_Pipeline' retrieved from /opt/airflow/dags/vehicle_model_training_pipeline.py
[2024-10-03T11:00:51.977+0000] {logging_mixin.py:188} INFO - [2024-10-03T11:00:51.976+0000] {dag.py:3047} INFO - Sync 1 DAGs
[2024-10-03T11:00:51.997+0000] {logging_mixin.py:188} INFO - [2024-10-03T11:00:51.997+0000] {dag.py:3834} INFO - Setting next_dagrun for Vehicle_Model_Training_Pipeline to 2024-10-03 00:00:00+00:00, run_after=2024-10-04 00:00:00+00:00
[2024-10-03T11:00:52.019+0000] {processor.py:183} INFO - Processing /opt/airflow/dags/vehicle_model_training_pipeline.py took 1.137 seconds
[2024-10-03T11:01:22.158+0000] {processor.py:161} INFO - Started process (PID=1142) to work on /opt/airflow/dags/vehicle_model_training_pipeline.py
[2024-10-03T11:01:22.159+0000] {processor.py:830} INFO - Processing file /opt/airflow/dags/vehicle_model_training_pipeline.py for tasks to queue
[2024-10-03T11:01:22.161+0000] {logging_mixin.py:188} INFO - [2024-10-03T11:01:22.161+0000] {dagbag.py:540} INFO - Filling up the DagBag from /opt/airflow/dags/vehicle_model_training_pipeline.py
[2024-10-03T11:01:23.084+0000] {processor.py:840} INFO - DAG(s) 'Vehicle_Model_Training_Pipeline' retrieved from /opt/airflow/dags/vehicle_model_training_pipeline.py
[2024-10-03T11:01:23.258+0000] {logging_mixin.py:188} INFO - [2024-10-03T11:01:23.257+0000] {dag.py:3047} INFO - Sync 1 DAGs
[2024-10-03T11:01:23.272+0000] {logging_mixin.py:188} INFO - [2024-10-03T11:01:23.272+0000] {dag.py:3834} INFO - Setting next_dagrun for Vehicle_Model_Training_Pipeline to 2024-10-03 00:00:00+00:00, run_after=2024-10-04 00:00:00+00:00
[2024-10-03T11:01:23.289+0000] {processor.py:183} INFO - Processing /opt/airflow/dags/vehicle_model_training_pipeline.py took 1.134 seconds
[2024-10-03T11:01:53.756+0000] {processor.py:161} INFO - Started process (PID=1194) to work on /opt/airflow/dags/vehicle_model_training_pipeline.py
[2024-10-03T11:01:53.757+0000] {processor.py:830} INFO - Processing file /opt/airflow/dags/vehicle_model_training_pipeline.py for tasks to queue
[2024-10-03T11:01:53.758+0000] {logging_mixin.py:188} INFO - [2024-10-03T11:01:53.758+0000] {dagbag.py:540} INFO - Filling up the DagBag from /opt/airflow/dags/vehicle_model_training_pipeline.py
[2024-10-03T11:01:54.704+0000] {processor.py:840} INFO - DAG(s) 'Vehicle_Model_Training_Pipeline' retrieved from /opt/airflow/dags/vehicle_model_training_pipeline.py
[2024-10-03T11:01:54.782+0000] {logging_mixin.py:188} INFO - [2024-10-03T11:01:54.781+0000] {dag.py:3047} INFO - Sync 1 DAGs
[2024-10-03T11:01:54.796+0000] {logging_mixin.py:188} INFO - [2024-10-03T11:01:54.796+0000] {dag.py:3834} INFO - Setting next_dagrun for Vehicle_Model_Training_Pipeline to 2024-10-03 00:00:00+00:00, run_after=2024-10-04 00:00:00+00:00
[2024-10-03T11:01:54.814+0000] {processor.py:183} INFO - Processing /opt/airflow/dags/vehicle_model_training_pipeline.py took 1.060 seconds
[2024-10-03T11:02:25.609+0000] {processor.py:161} INFO - Started process (PID=1243) to work on /opt/airflow/dags/vehicle_model_training_pipeline.py
[2024-10-03T11:02:25.610+0000] {processor.py:830} INFO - Processing file /opt/airflow/dags/vehicle_model_training_pipeline.py for tasks to queue
[2024-10-03T11:02:25.611+0000] {logging_mixin.py:188} INFO - [2024-10-03T11:02:25.610+0000] {dagbag.py:540} INFO - Filling up the DagBag from /opt/airflow/dags/vehicle_model_training_pipeline.py
[2024-10-03T11:02:26.484+0000] {processor.py:840} INFO - DAG(s) 'Vehicle_Model_Training_Pipeline' retrieved from /opt/airflow/dags/vehicle_model_training_pipeline.py
[2024-10-03T11:02:26.594+0000] {logging_mixin.py:188} INFO - [2024-10-03T11:02:26.594+0000] {dag.py:3047} INFO - Sync 1 DAGs
[2024-10-03T11:02:26.612+0000] {logging_mixin.py:188} INFO - [2024-10-03T11:02:26.612+0000] {dag.py:3834} INFO - Setting next_dagrun for Vehicle_Model_Training_Pipeline to 2024-10-03 00:00:00+00:00, run_after=2024-10-04 00:00:00+00:00
[2024-10-03T11:02:26.635+0000] {processor.py:183} INFO - Processing /opt/airflow/dags/vehicle_model_training_pipeline.py took 1.028 seconds
[2024-10-03T11:02:56.798+0000] {processor.py:161} INFO - Started process (PID=1292) to work on /opt/airflow/dags/vehicle_model_training_pipeline.py
[2024-10-03T11:02:56.800+0000] {processor.py:830} INFO - Processing file /opt/airflow/dags/vehicle_model_training_pipeline.py for tasks to queue
[2024-10-03T11:02:56.801+0000] {logging_mixin.py:188} INFO - [2024-10-03T11:02:56.801+0000] {dagbag.py:540} INFO - Filling up the DagBag from /opt/airflow/dags/vehicle_model_training_pipeline.py
[2024-10-03T11:02:57.751+0000] {processor.py:840} INFO - DAG(s) 'Vehicle_Model_Training_Pipeline' retrieved from /opt/airflow/dags/vehicle_model_training_pipeline.py
[2024-10-03T11:02:57.881+0000] {logging_mixin.py:188} INFO - [2024-10-03T11:02:57.880+0000] {dag.py:3047} INFO - Sync 1 DAGs
[2024-10-03T11:02:57.895+0000] {logging_mixin.py:188} INFO - [2024-10-03T11:02:57.895+0000] {dag.py:3834} INFO - Setting next_dagrun for Vehicle_Model_Training_Pipeline to 2024-10-03 00:00:00+00:00, run_after=2024-10-04 00:00:00+00:00
[2024-10-03T11:02:57.913+0000] {processor.py:183} INFO - Processing /opt/airflow/dags/vehicle_model_training_pipeline.py took 1.117 seconds
[2024-10-03T11:03:28.354+0000] {processor.py:161} INFO - Started process (PID=1341) to work on /opt/airflow/dags/vehicle_model_training_pipeline.py
[2024-10-03T11:03:28.355+0000] {processor.py:830} INFO - Processing file /opt/airflow/dags/vehicle_model_training_pipeline.py for tasks to queue
[2024-10-03T11:03:28.356+0000] {logging_mixin.py:188} INFO - [2024-10-03T11:03:28.356+0000] {dagbag.py:540} INFO - Filling up the DagBag from /opt/airflow/dags/vehicle_model_training_pipeline.py
[2024-10-03T11:03:29.173+0000] {processor.py:840} INFO - DAG(s) 'Vehicle_Model_Training_Pipeline' retrieved from /opt/airflow/dags/vehicle_model_training_pipeline.py
[2024-10-03T11:03:29.345+0000] {logging_mixin.py:188} INFO - [2024-10-03T11:03:29.344+0000] {dag.py:3047} INFO - Sync 1 DAGs
[2024-10-03T11:03:29.357+0000] {logging_mixin.py:188} INFO - [2024-10-03T11:03:29.357+0000] {dag.py:3834} INFO - Setting next_dagrun for Vehicle_Model_Training_Pipeline to 2024-10-03 00:00:00+00:00, run_after=2024-10-04 00:00:00+00:00
[2024-10-03T11:03:29.373+0000] {processor.py:183} INFO - Processing /opt/airflow/dags/vehicle_model_training_pipeline.py took 1.022 seconds
[2024-10-03T11:03:59.783+0000] {processor.py:161} INFO - Started process (PID=1390) to work on /opt/airflow/dags/vehicle_model_training_pipeline.py
[2024-10-03T11:03:59.784+0000] {processor.py:830} INFO - Processing file /opt/airflow/dags/vehicle_model_training_pipeline.py for tasks to queue
[2024-10-03T11:03:59.786+0000] {logging_mixin.py:188} INFO - [2024-10-03T11:03:59.786+0000] {dagbag.py:540} INFO - Filling up the DagBag from /opt/airflow/dags/vehicle_model_training_pipeline.py
[2024-10-03T11:04:00.715+0000] {processor.py:840} INFO - DAG(s) 'Vehicle_Model_Training_Pipeline' retrieved from /opt/airflow/dags/vehicle_model_training_pipeline.py
[2024-10-03T11:04:00.853+0000] {logging_mixin.py:188} INFO - [2024-10-03T11:04:00.853+0000] {dag.py:3047} INFO - Sync 1 DAGs
[2024-10-03T11:04:00.866+0000] {logging_mixin.py:188} INFO - [2024-10-03T11:04:00.866+0000] {dag.py:3834} INFO - Setting next_dagrun for Vehicle_Model_Training_Pipeline to 2024-10-03 00:00:00+00:00, run_after=2024-10-04 00:00:00+00:00
[2024-10-03T11:04:00.883+0000] {processor.py:183} INFO - Processing /opt/airflow/dags/vehicle_model_training_pipeline.py took 1.102 seconds
[2024-10-03T11:04:31.225+0000] {processor.py:161} INFO - Started process (PID=1439) to work on /opt/airflow/dags/vehicle_model_training_pipeline.py
[2024-10-03T11:04:31.226+0000] {processor.py:830} INFO - Processing file /opt/airflow/dags/vehicle_model_training_pipeline.py for tasks to queue
[2024-10-03T11:04:31.227+0000] {logging_mixin.py:188} INFO - [2024-10-03T11:04:31.227+0000] {dagbag.py:540} INFO - Filling up the DagBag from /opt/airflow/dags/vehicle_model_training_pipeline.py
[2024-10-03T11:04:32.222+0000] {processor.py:840} INFO - DAG(s) 'Vehicle_Model_Training_Pipeline' retrieved from /opt/airflow/dags/vehicle_model_training_pipeline.py
[2024-10-03T11:04:32.357+0000] {logging_mixin.py:188} INFO - [2024-10-03T11:04:32.357+0000] {dag.py:3047} INFO - Sync 1 DAGs
[2024-10-03T11:04:32.372+0000] {logging_mixin.py:188} INFO - [2024-10-03T11:04:32.372+0000] {dag.py:3834} INFO - Setting next_dagrun for Vehicle_Model_Training_Pipeline to 2024-10-03 00:00:00+00:00, run_after=2024-10-04 00:00:00+00:00
[2024-10-03T11:04:32.386+0000] {processor.py:183} INFO - Processing /opt/airflow/dags/vehicle_model_training_pipeline.py took 1.163 seconds
[2024-10-03T11:05:02.496+0000] {processor.py:161} INFO - Started process (PID=1488) to work on /opt/airflow/dags/vehicle_model_training_pipeline.py
[2024-10-03T11:05:02.497+0000] {processor.py:830} INFO - Processing file /opt/airflow/dags/vehicle_model_training_pipeline.py for tasks to queue
[2024-10-03T11:05:02.498+0000] {logging_mixin.py:188} INFO - [2024-10-03T11:05:02.498+0000] {dagbag.py:540} INFO - Filling up the DagBag from /opt/airflow/dags/vehicle_model_training_pipeline.py
[2024-10-03T11:05:03.365+0000] {processor.py:840} INFO - DAG(s) 'Vehicle_Model_Training_Pipeline' retrieved from /opt/airflow/dags/vehicle_model_training_pipeline.py
[2024-10-03T11:05:03.516+0000] {logging_mixin.py:188} INFO - [2024-10-03T11:05:03.516+0000] {dag.py:3047} INFO - Sync 1 DAGs
[2024-10-03T11:05:03.529+0000] {logging_mixin.py:188} INFO - [2024-10-03T11:05:03.528+0000] {dag.py:3834} INFO - Setting next_dagrun for Vehicle_Model_Training_Pipeline to 2024-10-03 00:00:00+00:00, run_after=2024-10-04 00:00:00+00:00
[2024-10-03T11:05:03.554+0000] {processor.py:183} INFO - Processing /opt/airflow/dags/vehicle_model_training_pipeline.py took 1.061 seconds
[2024-10-03T11:05:33.963+0000] {processor.py:161} INFO - Started process (PID=1537) to work on /opt/airflow/dags/vehicle_model_training_pipeline.py
[2024-10-03T11:05:33.965+0000] {processor.py:830} INFO - Processing file /opt/airflow/dags/vehicle_model_training_pipeline.py for tasks to queue
[2024-10-03T11:05:33.966+0000] {logging_mixin.py:188} INFO - [2024-10-03T11:05:33.965+0000] {dagbag.py:540} INFO - Filling up the DagBag from /opt/airflow/dags/vehicle_model_training_pipeline.py
[2024-10-03T11:05:34.865+0000] {processor.py:840} INFO - DAG(s) 'Vehicle_Model_Training_Pipeline' retrieved from /opt/airflow/dags/vehicle_model_training_pipeline.py
[2024-10-03T11:05:35.031+0000] {logging_mixin.py:188} INFO - [2024-10-03T11:05:35.031+0000] {dag.py:3047} INFO - Sync 1 DAGs
[2024-10-03T11:05:35.048+0000] {logging_mixin.py:188} INFO - [2024-10-03T11:05:35.048+0000] {dag.py:3834} INFO - Setting next_dagrun for Vehicle_Model_Training_Pipeline to 2024-10-03 00:00:00+00:00, run_after=2024-10-04 00:00:00+00:00
[2024-10-03T11:05:35.068+0000] {processor.py:183} INFO - Processing /opt/airflow/dags/vehicle_model_training_pipeline.py took 1.107 seconds
[2024-10-03T11:06:05.937+0000] {processor.py:161} INFO - Started process (PID=1586) to work on /opt/airflow/dags/vehicle_model_training_pipeline.py
[2024-10-03T11:06:05.938+0000] {processor.py:830} INFO - Processing file /opt/airflow/dags/vehicle_model_training_pipeline.py for tasks to queue
[2024-10-03T11:06:05.939+0000] {logging_mixin.py:188} INFO - [2024-10-03T11:06:05.939+0000] {dagbag.py:540} INFO - Filling up the DagBag from /opt/airflow/dags/vehicle_model_training_pipeline.py
[2024-10-03T11:06:07.088+0000] {processor.py:840} INFO - DAG(s) 'Vehicle_Model_Training_Pipeline' retrieved from /opt/airflow/dags/vehicle_model_training_pipeline.py
[2024-10-03T11:06:07.493+0000] {logging_mixin.py:188} INFO - [2024-10-03T11:06:07.492+0000] {dag.py:3047} INFO - Sync 1 DAGs
[2024-10-03T11:06:07.509+0000] {logging_mixin.py:188} INFO - [2024-10-03T11:06:07.509+0000] {dag.py:3834} INFO - Setting next_dagrun for Vehicle_Model_Training_Pipeline to 2024-10-03 00:00:00+00:00, run_after=2024-10-04 00:00:00+00:00
[2024-10-03T11:06:07.558+0000] {processor.py:183} INFO - Processing /opt/airflow/dags/vehicle_model_training_pipeline.py took 1.623 seconds
[2024-10-03T11:06:37.737+0000] {processor.py:161} INFO - Started process (PID=1635) to work on /opt/airflow/dags/vehicle_model_training_pipeline.py
[2024-10-03T11:06:37.738+0000] {processor.py:830} INFO - Processing file /opt/airflow/dags/vehicle_model_training_pipeline.py for tasks to queue
[2024-10-03T11:06:37.739+0000] {logging_mixin.py:188} INFO - [2024-10-03T11:06:37.739+0000] {dagbag.py:540} INFO - Filling up the DagBag from /opt/airflow/dags/vehicle_model_training_pipeline.py
[2024-10-03T11:06:38.774+0000] {processor.py:840} INFO - DAG(s) 'Vehicle_Model_Training_Pipeline' retrieved from /opt/airflow/dags/vehicle_model_training_pipeline.py
[2024-10-03T11:06:38.875+0000] {logging_mixin.py:188} INFO - [2024-10-03T11:06:38.875+0000] {dag.py:3047} INFO - Sync 1 DAGs
[2024-10-03T11:06:38.887+0000] {logging_mixin.py:188} INFO - [2024-10-03T11:06:38.887+0000] {dag.py:3834} INFO - Setting next_dagrun for Vehicle_Model_Training_Pipeline to 2024-10-03 00:00:00+00:00, run_after=2024-10-04 00:00:00+00:00
[2024-10-03T11:06:38.901+0000] {processor.py:183} INFO - Processing /opt/airflow/dags/vehicle_model_training_pipeline.py took 1.167 seconds
[2024-10-03T11:07:09.717+0000] {processor.py:161} INFO - Started process (PID=1684) to work on /opt/airflow/dags/vehicle_model_training_pipeline.py
[2024-10-03T11:07:09.718+0000] {processor.py:830} INFO - Processing file /opt/airflow/dags/vehicle_model_training_pipeline.py for tasks to queue
[2024-10-03T11:07:09.719+0000] {logging_mixin.py:188} INFO - [2024-10-03T11:07:09.719+0000] {dagbag.py:540} INFO - Filling up the DagBag from /opt/airflow/dags/vehicle_model_training_pipeline.py
[2024-10-03T11:07:10.565+0000] {processor.py:840} INFO - DAG(s) 'Vehicle_Model_Training_Pipeline' retrieved from /opt/airflow/dags/vehicle_model_training_pipeline.py
[2024-10-03T11:07:10.702+0000] {logging_mixin.py:188} INFO - [2024-10-03T11:07:10.702+0000] {dag.py:3047} INFO - Sync 1 DAGs
[2024-10-03T11:07:10.719+0000] {logging_mixin.py:188} INFO - [2024-10-03T11:07:10.719+0000] {dag.py:3834} INFO - Setting next_dagrun for Vehicle_Model_Training_Pipeline to 2024-10-03 00:00:00+00:00, run_after=2024-10-04 00:00:00+00:00
[2024-10-03T11:07:10.736+0000] {processor.py:183} INFO - Processing /opt/airflow/dags/vehicle_model_training_pipeline.py took 1.020 seconds
[2024-10-03T11:07:41.568+0000] {processor.py:161} INFO - Started process (PID=1733) to work on /opt/airflow/dags/vehicle_model_training_pipeline.py
[2024-10-03T11:07:41.569+0000] {processor.py:830} INFO - Processing file /opt/airflow/dags/vehicle_model_training_pipeline.py for tasks to queue
[2024-10-03T11:07:41.570+0000] {logging_mixin.py:188} INFO - [2024-10-03T11:07:41.570+0000] {dagbag.py:540} INFO - Filling up the DagBag from /opt/airflow/dags/vehicle_model_training_pipeline.py
[2024-10-03T11:07:42.443+0000] {processor.py:840} INFO - DAG(s) 'Vehicle_Model_Training_Pipeline' retrieved from /opt/airflow/dags/vehicle_model_training_pipeline.py
[2024-10-03T11:07:42.587+0000] {logging_mixin.py:188} INFO - [2024-10-03T11:07:42.587+0000] {dag.py:3047} INFO - Sync 1 DAGs
[2024-10-03T11:07:42.600+0000] {logging_mixin.py:188} INFO - [2024-10-03T11:07:42.600+0000] {dag.py:3834} INFO - Setting next_dagrun for Vehicle_Model_Training_Pipeline to 2024-10-03 00:00:00+00:00, run_after=2024-10-04 00:00:00+00:00
[2024-10-03T11:07:42.624+0000] {processor.py:183} INFO - Processing /opt/airflow/dags/vehicle_model_training_pipeline.py took 1.058 seconds
[2024-10-03T11:08:13.356+0000] {processor.py:161} INFO - Started process (PID=1782) to work on /opt/airflow/dags/vehicle_model_training_pipeline.py
[2024-10-03T11:08:13.357+0000] {processor.py:830} INFO - Processing file /opt/airflow/dags/vehicle_model_training_pipeline.py for tasks to queue
[2024-10-03T11:08:13.358+0000] {logging_mixin.py:188} INFO - [2024-10-03T11:08:13.358+0000] {dagbag.py:540} INFO - Filling up the DagBag from /opt/airflow/dags/vehicle_model_training_pipeline.py
[2024-10-03T11:08:14.177+0000] {processor.py:840} INFO - DAG(s) 'Vehicle_Model_Training_Pipeline' retrieved from /opt/airflow/dags/vehicle_model_training_pipeline.py
[2024-10-03T11:08:14.352+0000] {logging_mixin.py:188} INFO - [2024-10-03T11:08:14.351+0000] {dag.py:3047} INFO - Sync 1 DAGs
[2024-10-03T11:08:14.365+0000] {logging_mixin.py:188} INFO - [2024-10-03T11:08:14.364+0000] {dag.py:3834} INFO - Setting next_dagrun for Vehicle_Model_Training_Pipeline to 2024-10-03 00:00:00+00:00, run_after=2024-10-04 00:00:00+00:00
[2024-10-03T11:08:14.379+0000] {processor.py:183} INFO - Processing /opt/airflow/dags/vehicle_model_training_pipeline.py took 1.025 seconds
[2024-10-03T11:08:45.429+0000] {processor.py:161} INFO - Started process (PID=1831) to work on /opt/airflow/dags/vehicle_model_training_pipeline.py
[2024-10-03T11:08:45.430+0000] {processor.py:830} INFO - Processing file /opt/airflow/dags/vehicle_model_training_pipeline.py for tasks to queue
[2024-10-03T11:08:45.431+0000] {logging_mixin.py:188} INFO - [2024-10-03T11:08:45.431+0000] {dagbag.py:540} INFO - Filling up the DagBag from /opt/airflow/dags/vehicle_model_training_pipeline.py
[2024-10-03T11:08:46.334+0000] {processor.py:840} INFO - DAG(s) 'Vehicle_Model_Training_Pipeline' retrieved from /opt/airflow/dags/vehicle_model_training_pipeline.py
[2024-10-03T11:08:46.502+0000] {logging_mixin.py:188} INFO - [2024-10-03T11:08:46.502+0000] {dag.py:3047} INFO - Sync 1 DAGs
[2024-10-03T11:08:46.517+0000] {logging_mixin.py:188} INFO - [2024-10-03T11:08:46.517+0000] {dag.py:3834} INFO - Setting next_dagrun for Vehicle_Model_Training_Pipeline to 2024-10-03 00:00:00+00:00, run_after=2024-10-04 00:00:00+00:00
[2024-10-03T11:08:46.537+0000] {processor.py:183} INFO - Processing /opt/airflow/dags/vehicle_model_training_pipeline.py took 1.110 seconds
[2024-10-03T11:09:17.390+0000] {processor.py:161} INFO - Started process (PID=1886) to work on /opt/airflow/dags/vehicle_model_training_pipeline.py
[2024-10-03T11:09:17.391+0000] {processor.py:830} INFO - Processing file /opt/airflow/dags/vehicle_model_training_pipeline.py for tasks to queue
[2024-10-03T11:09:17.392+0000] {logging_mixin.py:188} INFO - [2024-10-03T11:09:17.392+0000] {dagbag.py:540} INFO - Filling up the DagBag from /opt/airflow/dags/vehicle_model_training_pipeline.py
[2024-10-03T11:09:18.173+0000] {processor.py:840} INFO - DAG(s) 'Vehicle_Model_Training_Pipeline' retrieved from /opt/airflow/dags/vehicle_model_training_pipeline.py
[2024-10-03T11:09:18.347+0000] {logging_mixin.py:188} INFO - [2024-10-03T11:09:18.347+0000] {dag.py:3047} INFO - Sync 1 DAGs
[2024-10-03T11:09:18.360+0000] {logging_mixin.py:188} INFO - [2024-10-03T11:09:18.360+0000] {dag.py:3834} INFO - Setting next_dagrun for Vehicle_Model_Training_Pipeline to 2024-10-03 00:00:00+00:00, run_after=2024-10-04 00:00:00+00:00
[2024-10-03T11:09:18.379+0000] {processor.py:183} INFO - Processing /opt/airflow/dags/vehicle_model_training_pipeline.py took 0.991 seconds
[2024-10-03T11:09:49.207+0000] {processor.py:161} INFO - Started process (PID=1935) to work on /opt/airflow/dags/vehicle_model_training_pipeline.py
[2024-10-03T11:09:49.208+0000] {processor.py:830} INFO - Processing file /opt/airflow/dags/vehicle_model_training_pipeline.py for tasks to queue
[2024-10-03T11:09:49.209+0000] {logging_mixin.py:188} INFO - [2024-10-03T11:09:49.209+0000] {dagbag.py:540} INFO - Filling up the DagBag from /opt/airflow/dags/vehicle_model_training_pipeline.py
[2024-10-03T11:09:50.199+0000] {processor.py:840} INFO - DAG(s) 'Vehicle_Model_Training_Pipeline' retrieved from /opt/airflow/dags/vehicle_model_training_pipeline.py
[2024-10-03T11:09:50.392+0000] {logging_mixin.py:188} INFO - [2024-10-03T11:09:50.391+0000] {dag.py:3047} INFO - Sync 1 DAGs
[2024-10-03T11:09:50.404+0000] {logging_mixin.py:188} INFO - [2024-10-03T11:09:50.403+0000] {dag.py:3834} INFO - Setting next_dagrun for Vehicle_Model_Training_Pipeline to 2024-10-03 00:00:00+00:00, run_after=2024-10-04 00:00:00+00:00
[2024-10-03T11:09:50.427+0000] {processor.py:183} INFO - Processing /opt/airflow/dags/vehicle_model_training_pipeline.py took 1.223 seconds
[2024-10-03T11:10:21.055+0000] {processor.py:161} INFO - Started process (PID=1984) to work on /opt/airflow/dags/vehicle_model_training_pipeline.py
[2024-10-03T11:10:21.056+0000] {processor.py:830} INFO - Processing file /opt/airflow/dags/vehicle_model_training_pipeline.py for tasks to queue
[2024-10-03T11:10:21.058+0000] {logging_mixin.py:188} INFO - [2024-10-03T11:10:21.058+0000] {dagbag.py:540} INFO - Filling up the DagBag from /opt/airflow/dags/vehicle_model_training_pipeline.py
[2024-10-03T11:10:21.998+0000] {processor.py:840} INFO - DAG(s) 'Vehicle_Model_Training_Pipeline' retrieved from /opt/airflow/dags/vehicle_model_training_pipeline.py
[2024-10-03T11:10:22.149+0000] {logging_mixin.py:188} INFO - [2024-10-03T11:10:22.148+0000] {dag.py:3047} INFO - Sync 1 DAGs
[2024-10-03T11:10:22.166+0000] {logging_mixin.py:188} INFO - [2024-10-03T11:10:22.166+0000] {dag.py:3834} INFO - Setting next_dagrun for Vehicle_Model_Training_Pipeline to 2024-10-03 00:00:00+00:00, run_after=2024-10-04 00:00:00+00:00
[2024-10-03T11:10:22.185+0000] {processor.py:183} INFO - Processing /opt/airflow/dags/vehicle_model_training_pipeline.py took 1.132 seconds
[2024-10-03T11:10:52.784+0000] {processor.py:161} INFO - Started process (PID=2033) to work on /opt/airflow/dags/vehicle_model_training_pipeline.py
[2024-10-03T11:10:52.786+0000] {processor.py:830} INFO - Processing file /opt/airflow/dags/vehicle_model_training_pipeline.py for tasks to queue
[2024-10-03T11:10:52.787+0000] {logging_mixin.py:188} INFO - [2024-10-03T11:10:52.787+0000] {dagbag.py:540} INFO - Filling up the DagBag from /opt/airflow/dags/vehicle_model_training_pipeline.py
[2024-10-03T11:10:53.657+0000] {processor.py:840} INFO - DAG(s) 'Vehicle_Model_Training_Pipeline' retrieved from /opt/airflow/dags/vehicle_model_training_pipeline.py
[2024-10-03T11:10:53.754+0000] {logging_mixin.py:188} INFO - [2024-10-03T11:10:53.754+0000] {dag.py:3047} INFO - Sync 1 DAGs
[2024-10-03T11:10:53.772+0000] {logging_mixin.py:188} INFO - [2024-10-03T11:10:53.771+0000] {dag.py:3834} INFO - Setting next_dagrun for Vehicle_Model_Training_Pipeline to 2024-10-03 00:00:00+00:00, run_after=2024-10-04 00:00:00+00:00
[2024-10-03T11:10:53.791+0000] {processor.py:183} INFO - Processing /opt/airflow/dags/vehicle_model_training_pipeline.py took 1.009 seconds
[2024-10-03T11:11:24.560+0000] {processor.py:161} INFO - Started process (PID=2085) to work on /opt/airflow/dags/vehicle_model_training_pipeline.py
[2024-10-03T11:11:24.561+0000] {processor.py:830} INFO - Processing file /opt/airflow/dags/vehicle_model_training_pipeline.py for tasks to queue
[2024-10-03T11:11:24.562+0000] {logging_mixin.py:188} INFO - [2024-10-03T11:11:24.562+0000] {dagbag.py:540} INFO - Filling up the DagBag from /opt/airflow/dags/vehicle_model_training_pipeline.py
[2024-10-03T11:11:25.401+0000] {processor.py:840} INFO - DAG(s) 'Vehicle_Model_Training_Pipeline' retrieved from /opt/airflow/dags/vehicle_model_training_pipeline.py
[2024-10-03T11:11:25.589+0000] {logging_mixin.py:188} INFO - [2024-10-03T11:11:25.589+0000] {dag.py:3047} INFO - Sync 1 DAGs
[2024-10-03T11:11:25.605+0000] {logging_mixin.py:188} INFO - [2024-10-03T11:11:25.605+0000] {dag.py:3834} INFO - Setting next_dagrun for Vehicle_Model_Training_Pipeline to 2024-10-03 00:00:00+00:00, run_after=2024-10-04 00:00:00+00:00
[2024-10-03T11:11:25.626+0000] {processor.py:183} INFO - Processing /opt/airflow/dags/vehicle_model_training_pipeline.py took 1.068 seconds
[2024-10-03T11:11:56.423+0000] {processor.py:161} INFO - Started process (PID=2137) to work on /opt/airflow/dags/vehicle_model_training_pipeline.py
[2024-10-03T11:11:56.425+0000] {processor.py:830} INFO - Processing file /opt/airflow/dags/vehicle_model_training_pipeline.py for tasks to queue
[2024-10-03T11:11:56.426+0000] {logging_mixin.py:188} INFO - [2024-10-03T11:11:56.426+0000] {dagbag.py:540} INFO - Filling up the DagBag from /opt/airflow/dags/vehicle_model_training_pipeline.py
[2024-10-03T11:11:57.275+0000] {processor.py:840} INFO - DAG(s) 'Vehicle_Model_Training_Pipeline' retrieved from /opt/airflow/dags/vehicle_model_training_pipeline.py
[2024-10-03T11:11:57.423+0000] {logging_mixin.py:188} INFO - [2024-10-03T11:11:57.422+0000] {dag.py:3047} INFO - Sync 1 DAGs
[2024-10-03T11:11:57.434+0000] {logging_mixin.py:188} INFO - [2024-10-03T11:11:57.434+0000] {dag.py:3834} INFO - Setting next_dagrun for Vehicle_Model_Training_Pipeline to 2024-10-03 00:00:00+00:00, run_after=2024-10-04 00:00:00+00:00
[2024-10-03T11:11:57.452+0000] {processor.py:183} INFO - Processing /opt/airflow/dags/vehicle_model_training_pipeline.py took 1.031 seconds
[2024-10-03T11:12:27.748+0000] {processor.py:161} INFO - Started process (PID=2186) to work on /opt/airflow/dags/vehicle_model_training_pipeline.py
[2024-10-03T11:12:27.749+0000] {processor.py:830} INFO - Processing file /opt/airflow/dags/vehicle_model_training_pipeline.py for tasks to queue
[2024-10-03T11:12:27.750+0000] {logging_mixin.py:188} INFO - [2024-10-03T11:12:27.750+0000] {dagbag.py:540} INFO - Filling up the DagBag from /opt/airflow/dags/vehicle_model_training_pipeline.py
[2024-10-03T11:12:28.563+0000] {processor.py:840} INFO - DAG(s) 'Vehicle_Model_Training_Pipeline' retrieved from /opt/airflow/dags/vehicle_model_training_pipeline.py
[2024-10-03T11:12:28.707+0000] {logging_mixin.py:188} INFO - [2024-10-03T11:12:28.707+0000] {dag.py:3047} INFO - Sync 1 DAGs
[2024-10-03T11:12:28.722+0000] {logging_mixin.py:188} INFO - [2024-10-03T11:12:28.722+0000] {dag.py:3834} INFO - Setting next_dagrun for Vehicle_Model_Training_Pipeline to 2024-10-03 00:00:00+00:00, run_after=2024-10-04 00:00:00+00:00
[2024-10-03T11:12:28.739+0000] {processor.py:183} INFO - Processing /opt/airflow/dags/vehicle_model_training_pipeline.py took 0.994 seconds
[2024-10-03T11:12:59.566+0000] {processor.py:161} INFO - Started process (PID=2235) to work on /opt/airflow/dags/vehicle_model_training_pipeline.py
[2024-10-03T11:12:59.567+0000] {processor.py:830} INFO - Processing file /opt/airflow/dags/vehicle_model_training_pipeline.py for tasks to queue
[2024-10-03T11:12:59.569+0000] {logging_mixin.py:188} INFO - [2024-10-03T11:12:59.568+0000] {dagbag.py:540} INFO - Filling up the DagBag from /opt/airflow/dags/vehicle_model_training_pipeline.py
[2024-10-03T11:13:00.502+0000] {processor.py:840} INFO - DAG(s) 'Vehicle_Model_Training_Pipeline' retrieved from /opt/airflow/dags/vehicle_model_training_pipeline.py
[2024-10-03T11:13:00.645+0000] {logging_mixin.py:188} INFO - [2024-10-03T11:13:00.644+0000] {dag.py:3047} INFO - Sync 1 DAGs
[2024-10-03T11:13:00.656+0000] {logging_mixin.py:188} INFO - [2024-10-03T11:13:00.656+0000] {dag.py:3834} INFO - Setting next_dagrun for Vehicle_Model_Training_Pipeline to 2024-10-03 00:00:00+00:00, run_after=2024-10-04 00:00:00+00:00
[2024-10-03T11:13:00.676+0000] {processor.py:183} INFO - Processing /opt/airflow/dags/vehicle_model_training_pipeline.py took 1.112 seconds
[2024-10-03T11:13:31.526+0000] {processor.py:161} INFO - Started process (PID=2284) to work on /opt/airflow/dags/vehicle_model_training_pipeline.py
[2024-10-03T11:13:31.527+0000] {processor.py:830} INFO - Processing file /opt/airflow/dags/vehicle_model_training_pipeline.py for tasks to queue
[2024-10-03T11:13:31.528+0000] {logging_mixin.py:188} INFO - [2024-10-03T11:13:31.528+0000] {dagbag.py:540} INFO - Filling up the DagBag from /opt/airflow/dags/vehicle_model_training_pipeline.py
[2024-10-03T11:13:32.449+0000] {processor.py:840} INFO - DAG(s) 'Vehicle_Model_Training_Pipeline' retrieved from /opt/airflow/dags/vehicle_model_training_pipeline.py
[2024-10-03T11:13:32.599+0000] {logging_mixin.py:188} INFO - [2024-10-03T11:13:32.598+0000] {dag.py:3047} INFO - Sync 1 DAGs
[2024-10-03T11:13:32.620+0000] {logging_mixin.py:188} INFO - [2024-10-03T11:13:32.620+0000] {dag.py:3834} INFO - Setting next_dagrun for Vehicle_Model_Training_Pipeline to 2024-10-03 00:00:00+00:00, run_after=2024-10-04 00:00:00+00:00
[2024-10-03T11:13:32.640+0000] {processor.py:183} INFO - Processing /opt/airflow/dags/vehicle_model_training_pipeline.py took 1.117 seconds
[2024-10-03T11:14:03.363+0000] {processor.py:161} INFO - Started process (PID=2333) to work on /opt/airflow/dags/vehicle_model_training_pipeline.py
[2024-10-03T11:14:03.364+0000] {processor.py:830} INFO - Processing file /opt/airflow/dags/vehicle_model_training_pipeline.py for tasks to queue
[2024-10-03T11:14:03.365+0000] {logging_mixin.py:188} INFO - [2024-10-03T11:14:03.365+0000] {dagbag.py:540} INFO - Filling up the DagBag from /opt/airflow/dags/vehicle_model_training_pipeline.py
[2024-10-03T11:14:04.294+0000] {processor.py:840} INFO - DAG(s) 'Vehicle_Model_Training_Pipeline' retrieved from /opt/airflow/dags/vehicle_model_training_pipeline.py
[2024-10-03T11:14:04.437+0000] {logging_mixin.py:188} INFO - [2024-10-03T11:14:04.437+0000] {dag.py:3047} INFO - Sync 1 DAGs
[2024-10-03T11:14:04.451+0000] {logging_mixin.py:188} INFO - [2024-10-03T11:14:04.451+0000] {dag.py:3834} INFO - Setting next_dagrun for Vehicle_Model_Training_Pipeline to 2024-10-03 00:00:00+00:00, run_after=2024-10-04 00:00:00+00:00
[2024-10-03T11:14:04.469+0000] {processor.py:183} INFO - Processing /opt/airflow/dags/vehicle_model_training_pipeline.py took 1.108 seconds
[2024-10-03T11:14:35.079+0000] {processor.py:161} INFO - Started process (PID=2382) to work on /opt/airflow/dags/vehicle_model_training_pipeline.py
[2024-10-03T11:14:35.081+0000] {processor.py:830} INFO - Processing file /opt/airflow/dags/vehicle_model_training_pipeline.py for tasks to queue
[2024-10-03T11:14:35.082+0000] {logging_mixin.py:188} INFO - [2024-10-03T11:14:35.082+0000] {dagbag.py:540} INFO - Filling up the DagBag from /opt/airflow/dags/vehicle_model_training_pipeline.py
[2024-10-03T11:14:36.016+0000] {processor.py:840} INFO - DAG(s) 'Vehicle_Model_Training_Pipeline' retrieved from /opt/airflow/dags/vehicle_model_training_pipeline.py
[2024-10-03T11:14:36.174+0000] {logging_mixin.py:188} INFO - [2024-10-03T11:14:36.173+0000] {dag.py:3047} INFO - Sync 1 DAGs
[2024-10-03T11:14:36.189+0000] {logging_mixin.py:188} INFO - [2024-10-03T11:14:36.189+0000] {dag.py:3834} INFO - Setting next_dagrun for Vehicle_Model_Training_Pipeline to 2024-10-03 00:00:00+00:00, run_after=2024-10-04 00:00:00+00:00
[2024-10-03T11:14:36.205+0000] {processor.py:183} INFO - Processing /opt/airflow/dags/vehicle_model_training_pipeline.py took 1.130 seconds
[2024-10-03T11:15:06.983+0000] {processor.py:161} INFO - Started process (PID=2431) to work on /opt/airflow/dags/vehicle_model_training_pipeline.py
[2024-10-03T11:15:06.985+0000] {processor.py:830} INFO - Processing file /opt/airflow/dags/vehicle_model_training_pipeline.py for tasks to queue
[2024-10-03T11:15:06.986+0000] {logging_mixin.py:188} INFO - [2024-10-03T11:15:06.986+0000] {dagbag.py:540} INFO - Filling up the DagBag from /opt/airflow/dags/vehicle_model_training_pipeline.py
[2024-10-03T11:15:07.846+0000] {processor.py:840} INFO - DAG(s) 'Vehicle_Model_Training_Pipeline' retrieved from /opt/airflow/dags/vehicle_model_training_pipeline.py
[2024-10-03T11:15:08.012+0000] {logging_mixin.py:188} INFO - [2024-10-03T11:15:08.011+0000] {dag.py:3047} INFO - Sync 1 DAGs
[2024-10-03T11:15:08.028+0000] {logging_mixin.py:188} INFO - [2024-10-03T11:15:08.027+0000] {dag.py:3834} INFO - Setting next_dagrun for Vehicle_Model_Training_Pipeline to 2024-10-03 00:00:00+00:00, run_after=2024-10-04 00:00:00+00:00
[2024-10-03T11:15:08.043+0000] {processor.py:183} INFO - Processing /opt/airflow/dags/vehicle_model_training_pipeline.py took 1.062 seconds
[2024-10-03T11:15:38.879+0000] {processor.py:161} INFO - Started process (PID=2480) to work on /opt/airflow/dags/vehicle_model_training_pipeline.py
[2024-10-03T11:15:38.880+0000] {processor.py:830} INFO - Processing file /opt/airflow/dags/vehicle_model_training_pipeline.py for tasks to queue
[2024-10-03T11:15:38.881+0000] {logging_mixin.py:188} INFO - [2024-10-03T11:15:38.881+0000] {dagbag.py:540} INFO - Filling up the DagBag from /opt/airflow/dags/vehicle_model_training_pipeline.py
[2024-10-03T11:15:39.732+0000] {processor.py:840} INFO - DAG(s) 'Vehicle_Model_Training_Pipeline' retrieved from /opt/airflow/dags/vehicle_model_training_pipeline.py
[2024-10-03T11:15:39.880+0000] {logging_mixin.py:188} INFO - [2024-10-03T11:15:39.879+0000] {dag.py:3047} INFO - Sync 1 DAGs
[2024-10-03T11:15:39.897+0000] {logging_mixin.py:188} INFO - [2024-10-03T11:15:39.897+0000] {dag.py:3834} INFO - Setting next_dagrun for Vehicle_Model_Training_Pipeline to 2024-10-03 00:00:00+00:00, run_after=2024-10-04 00:00:00+00:00
[2024-10-03T11:15:39.913+0000] {processor.py:183} INFO - Processing /opt/airflow/dags/vehicle_model_training_pipeline.py took 1.036 seconds
[2024-10-03T11:16:10.669+0000] {processor.py:161} INFO - Started process (PID=2529) to work on /opt/airflow/dags/vehicle_model_training_pipeline.py
[2024-10-03T11:16:10.671+0000] {processor.py:830} INFO - Processing file /opt/airflow/dags/vehicle_model_training_pipeline.py for tasks to queue
[2024-10-03T11:16:10.672+0000] {logging_mixin.py:188} INFO - [2024-10-03T11:16:10.672+0000] {dagbag.py:540} INFO - Filling up the DagBag from /opt/airflow/dags/vehicle_model_training_pipeline.py
[2024-10-03T11:16:11.631+0000] {processor.py:840} INFO - DAG(s) 'Vehicle_Model_Training_Pipeline' retrieved from /opt/airflow/dags/vehicle_model_training_pipeline.py
[2024-10-03T11:16:11.824+0000] {logging_mixin.py:188} INFO - [2024-10-03T11:16:11.824+0000] {dag.py:3047} INFO - Sync 1 DAGs
[2024-10-03T11:16:11.836+0000] {logging_mixin.py:188} INFO - [2024-10-03T11:16:11.836+0000] {dag.py:3834} INFO - Setting next_dagrun for Vehicle_Model_Training_Pipeline to 2024-10-03 00:00:00+00:00, run_after=2024-10-04 00:00:00+00:00
[2024-10-03T11:16:11.853+0000] {processor.py:183} INFO - Processing /opt/airflow/dags/vehicle_model_training_pipeline.py took 1.188 seconds
[2024-10-03T11:16:42.514+0000] {processor.py:161} INFO - Started process (PID=2578) to work on /opt/airflow/dags/vehicle_model_training_pipeline.py
[2024-10-03T11:16:42.516+0000] {processor.py:830} INFO - Processing file /opt/airflow/dags/vehicle_model_training_pipeline.py for tasks to queue
[2024-10-03T11:16:42.517+0000] {logging_mixin.py:188} INFO - [2024-10-03T11:16:42.517+0000] {dagbag.py:540} INFO - Filling up the DagBag from /opt/airflow/dags/vehicle_model_training_pipeline.py
[2024-10-03T11:16:43.490+0000] {processor.py:840} INFO - DAG(s) 'Vehicle_Model_Training_Pipeline' retrieved from /opt/airflow/dags/vehicle_model_training_pipeline.py
[2024-10-03T11:16:43.646+0000] {logging_mixin.py:188} INFO - [2024-10-03T11:16:43.645+0000] {dag.py:3047} INFO - Sync 1 DAGs
[2024-10-03T11:16:43.659+0000] {logging_mixin.py:188} INFO - [2024-10-03T11:16:43.658+0000] {dag.py:3834} INFO - Setting next_dagrun for Vehicle_Model_Training_Pipeline to 2024-10-03 00:00:00+00:00, run_after=2024-10-04 00:00:00+00:00
[2024-10-03T11:16:43.676+0000] {processor.py:183} INFO - Processing /opt/airflow/dags/vehicle_model_training_pipeline.py took 1.164 seconds
[2024-10-03T11:17:14.449+0000] {processor.py:161} INFO - Started process (PID=2627) to work on /opt/airflow/dags/vehicle_model_training_pipeline.py
[2024-10-03T11:17:14.450+0000] {processor.py:830} INFO - Processing file /opt/airflow/dags/vehicle_model_training_pipeline.py for tasks to queue
[2024-10-03T11:17:14.451+0000] {logging_mixin.py:188} INFO - [2024-10-03T11:17:14.451+0000] {dagbag.py:540} INFO - Filling up the DagBag from /opt/airflow/dags/vehicle_model_training_pipeline.py
[2024-10-03T11:17:15.357+0000] {processor.py:840} INFO - DAG(s) 'Vehicle_Model_Training_Pipeline' retrieved from /opt/airflow/dags/vehicle_model_training_pipeline.py
[2024-10-03T11:17:15.459+0000] {logging_mixin.py:188} INFO - [2024-10-03T11:17:15.458+0000] {dag.py:3047} INFO - Sync 1 DAGs
[2024-10-03T11:17:15.481+0000] {logging_mixin.py:188} INFO - [2024-10-03T11:17:15.481+0000] {dag.py:3834} INFO - Setting next_dagrun for Vehicle_Model_Training_Pipeline to 2024-10-03 00:00:00+00:00, run_after=2024-10-04 00:00:00+00:00
[2024-10-03T11:17:15.504+0000] {processor.py:183} INFO - Processing /opt/airflow/dags/vehicle_model_training_pipeline.py took 1.057 seconds
[2024-10-03T11:17:45.842+0000] {processor.py:161} INFO - Started process (PID=2676) to work on /opt/airflow/dags/vehicle_model_training_pipeline.py
[2024-10-03T11:17:45.843+0000] {processor.py:830} INFO - Processing file /opt/airflow/dags/vehicle_model_training_pipeline.py for tasks to queue
[2024-10-03T11:17:45.844+0000] {logging_mixin.py:188} INFO - [2024-10-03T11:17:45.844+0000] {dagbag.py:540} INFO - Filling up the DagBag from /opt/airflow/dags/vehicle_model_training_pipeline.py
[2024-10-03T11:17:46.715+0000] {processor.py:840} INFO - DAG(s) 'Vehicle_Model_Training_Pipeline' retrieved from /opt/airflow/dags/vehicle_model_training_pipeline.py
[2024-10-03T11:17:46.852+0000] {logging_mixin.py:188} INFO - [2024-10-03T11:17:46.852+0000] {dag.py:3047} INFO - Sync 1 DAGs
[2024-10-03T11:17:46.868+0000] {logging_mixin.py:188} INFO - [2024-10-03T11:17:46.868+0000] {dag.py:3834} INFO - Setting next_dagrun for Vehicle_Model_Training_Pipeline to 2024-10-03 00:00:00+00:00, run_after=2024-10-04 00:00:00+00:00
[2024-10-03T11:17:46.887+0000] {processor.py:183} INFO - Processing /opt/airflow/dags/vehicle_model_training_pipeline.py took 1.048 seconds
[2024-10-03T11:18:16.980+0000] {processor.py:161} INFO - Started process (PID=2731) to work on /opt/airflow/dags/vehicle_model_training_pipeline.py
[2024-10-03T11:18:16.982+0000] {processor.py:830} INFO - Processing file /opt/airflow/dags/vehicle_model_training_pipeline.py for tasks to queue
[2024-10-03T11:18:16.983+0000] {logging_mixin.py:188} INFO - [2024-10-03T11:18:16.983+0000] {dagbag.py:540} INFO - Filling up the DagBag from /opt/airflow/dags/vehicle_model_training_pipeline.py
[2024-10-03T11:18:18.059+0000] {processor.py:840} INFO - DAG(s) 'Vehicle_Model_Training_Pipeline' retrieved from /opt/airflow/dags/vehicle_model_training_pipeline.py
[2024-10-03T11:18:18.132+0000] {logging_mixin.py:188} INFO - [2024-10-03T11:18:18.132+0000] {dag.py:3047} INFO - Sync 1 DAGs
[2024-10-03T11:18:18.144+0000] {logging_mixin.py:188} INFO - [2024-10-03T11:18:18.144+0000] {dag.py:3834} INFO - Setting next_dagrun for Vehicle_Model_Training_Pipeline to 2024-10-03 00:00:00+00:00, run_after=2024-10-04 00:00:00+00:00
[2024-10-03T11:18:18.157+0000] {processor.py:183} INFO - Processing /opt/airflow/dags/vehicle_model_training_pipeline.py took 1.179 seconds
[2024-10-03T11:18:48.605+0000] {processor.py:161} INFO - Started process (PID=2780) to work on /opt/airflow/dags/vehicle_model_training_pipeline.py
[2024-10-03T11:18:48.606+0000] {processor.py:830} INFO - Processing file /opt/airflow/dags/vehicle_model_training_pipeline.py for tasks to queue
[2024-10-03T11:18:48.607+0000] {logging_mixin.py:188} INFO - [2024-10-03T11:18:48.607+0000] {dagbag.py:540} INFO - Filling up the DagBag from /opt/airflow/dags/vehicle_model_training_pipeline.py
[2024-10-03T11:18:49.446+0000] {processor.py:840} INFO - DAG(s) 'Vehicle_Model_Training_Pipeline' retrieved from /opt/airflow/dags/vehicle_model_training_pipeline.py
[2024-10-03T11:18:49.570+0000] {logging_mixin.py:188} INFO - [2024-10-03T11:18:49.570+0000] {dag.py:3047} INFO - Sync 1 DAGs
[2024-10-03T11:18:49.583+0000] {logging_mixin.py:188} INFO - [2024-10-03T11:18:49.583+0000] {dag.py:3834} INFO - Setting next_dagrun for Vehicle_Model_Training_Pipeline to 2024-10-03 00:00:00+00:00, run_after=2024-10-04 00:00:00+00:00
[2024-10-03T11:18:49.600+0000] {processor.py:183} INFO - Processing /opt/airflow/dags/vehicle_model_training_pipeline.py took 0.999 seconds
[2024-10-03T11:19:20.035+0000] {processor.py:161} INFO - Started process (PID=2829) to work on /opt/airflow/dags/vehicle_model_training_pipeline.py
[2024-10-03T11:19:20.036+0000] {processor.py:830} INFO - Processing file /opt/airflow/dags/vehicle_model_training_pipeline.py for tasks to queue
[2024-10-03T11:19:20.037+0000] {logging_mixin.py:188} INFO - [2024-10-03T11:19:20.037+0000] {dagbag.py:540} INFO - Filling up the DagBag from /opt/airflow/dags/vehicle_model_training_pipeline.py
[2024-10-03T11:19:20.902+0000] {processor.py:840} INFO - DAG(s) 'Vehicle_Model_Training_Pipeline' retrieved from /opt/airflow/dags/vehicle_model_training_pipeline.py
[2024-10-03T11:19:21.037+0000] {logging_mixin.py:188} INFO - [2024-10-03T11:19:21.037+0000] {dag.py:3047} INFO - Sync 1 DAGs
[2024-10-03T11:19:21.051+0000] {logging_mixin.py:188} INFO - [2024-10-03T11:19:21.051+0000] {dag.py:3834} INFO - Setting next_dagrun for Vehicle_Model_Training_Pipeline to 2024-10-03 00:00:00+00:00, run_after=2024-10-04 00:00:00+00:00
[2024-10-03T11:19:21.068+0000] {processor.py:183} INFO - Processing /opt/airflow/dags/vehicle_model_training_pipeline.py took 1.036 seconds
[2024-10-03T11:19:51.706+0000] {processor.py:161} INFO - Started process (PID=2882) to work on /opt/airflow/dags/vehicle_model_training_pipeline.py
[2024-10-03T11:19:51.707+0000] {processor.py:830} INFO - Processing file /opt/airflow/dags/vehicle_model_training_pipeline.py for tasks to queue
[2024-10-03T11:19:51.708+0000] {logging_mixin.py:188} INFO - [2024-10-03T11:19:51.708+0000] {dagbag.py:540} INFO - Filling up the DagBag from /opt/airflow/dags/vehicle_model_training_pipeline.py
[2024-10-03T11:19:52.617+0000] {processor.py:840} INFO - DAG(s) 'Vehicle_Model_Training_Pipeline' retrieved from /opt/airflow/dags/vehicle_model_training_pipeline.py
[2024-10-03T11:19:52.756+0000] {logging_mixin.py:188} INFO - [2024-10-03T11:19:52.755+0000] {dag.py:3047} INFO - Sync 1 DAGs
[2024-10-03T11:19:52.772+0000] {logging_mixin.py:188} INFO - [2024-10-03T11:19:52.772+0000] {dag.py:3834} INFO - Setting next_dagrun for Vehicle_Model_Training_Pipeline to 2024-10-03 00:00:00+00:00, run_after=2024-10-04 00:00:00+00:00
[2024-10-03T11:19:52.787+0000] {processor.py:183} INFO - Processing /opt/airflow/dags/vehicle_model_training_pipeline.py took 1.083 seconds
[2024-10-03T11:20:23.194+0000] {processor.py:161} INFO - Started process (PID=2938) to work on /opt/airflow/dags/vehicle_model_training_pipeline.py
[2024-10-03T11:20:23.195+0000] {processor.py:830} INFO - Processing file /opt/airflow/dags/vehicle_model_training_pipeline.py for tasks to queue
[2024-10-03T11:20:23.196+0000] {logging_mixin.py:188} INFO - [2024-10-03T11:20:23.196+0000] {dagbag.py:540} INFO - Filling up the DagBag from /opt/airflow/dags/vehicle_model_training_pipeline.py
[2024-10-03T11:20:24.082+0000] {processor.py:840} INFO - DAG(s) 'Vehicle_Model_Training_Pipeline' retrieved from /opt/airflow/dags/vehicle_model_training_pipeline.py
[2024-10-03T11:20:24.238+0000] {logging_mixin.py:188} INFO - [2024-10-03T11:20:24.238+0000] {dag.py:3047} INFO - Sync 1 DAGs
[2024-10-03T11:20:24.251+0000] {logging_mixin.py:188} INFO - [2024-10-03T11:20:24.250+0000] {dag.py:3834} INFO - Setting next_dagrun for Vehicle_Model_Training_Pipeline to 2024-10-03 00:00:00+00:00, run_after=2024-10-04 00:00:00+00:00
[2024-10-03T11:20:24.267+0000] {processor.py:183} INFO - Processing /opt/airflow/dags/vehicle_model_training_pipeline.py took 1.076 seconds
[2024-10-03T11:20:54.359+0000] {processor.py:161} INFO - Started process (PID=2989) to work on /opt/airflow/dags/vehicle_model_training_pipeline.py
[2024-10-03T11:20:54.360+0000] {processor.py:830} INFO - Processing file /opt/airflow/dags/vehicle_model_training_pipeline.py for tasks to queue
[2024-10-03T11:20:54.361+0000] {logging_mixin.py:188} INFO - [2024-10-03T11:20:54.361+0000] {dagbag.py:540} INFO - Filling up the DagBag from /opt/airflow/dags/vehicle_model_training_pipeline.py
[2024-10-03T11:20:55.353+0000] {processor.py:840} INFO - DAG(s) 'Vehicle_Model_Training_Pipeline' retrieved from /opt/airflow/dags/vehicle_model_training_pipeline.py
[2024-10-03T11:20:55.575+0000] {logging_mixin.py:188} INFO - [2024-10-03T11:20:55.575+0000] {dag.py:3047} INFO - Sync 1 DAGs
[2024-10-03T11:20:55.589+0000] {logging_mixin.py:188} INFO - [2024-10-03T11:20:55.589+0000] {dag.py:3834} INFO - Setting next_dagrun for Vehicle_Model_Training_Pipeline to 2024-10-03 00:00:00+00:00, run_after=2024-10-04 00:00:00+00:00
[2024-10-03T11:20:55.607+0000] {processor.py:183} INFO - Processing /opt/airflow/dags/vehicle_model_training_pipeline.py took 1.249 seconds
[2024-10-03T11:21:25.838+0000] {processor.py:161} INFO - Started process (PID=3038) to work on /opt/airflow/dags/vehicle_model_training_pipeline.py
[2024-10-03T11:21:25.839+0000] {processor.py:830} INFO - Processing file /opt/airflow/dags/vehicle_model_training_pipeline.py for tasks to queue
[2024-10-03T11:21:25.841+0000] {logging_mixin.py:188} INFO - [2024-10-03T11:21:25.840+0000] {dagbag.py:540} INFO - Filling up the DagBag from /opt/airflow/dags/vehicle_model_training_pipeline.py
[2024-10-03T11:21:26.820+0000] {processor.py:840} INFO - DAG(s) 'Vehicle_Model_Training_Pipeline' retrieved from /opt/airflow/dags/vehicle_model_training_pipeline.py
[2024-10-03T11:21:27.012+0000] {logging_mixin.py:188} INFO - [2024-10-03T11:21:27.012+0000] {dag.py:3047} INFO - Sync 1 DAGs
[2024-10-03T11:21:27.027+0000] {logging_mixin.py:188} INFO - [2024-10-03T11:21:27.026+0000] {dag.py:3834} INFO - Setting next_dagrun for Vehicle_Model_Training_Pipeline to 2024-10-03 00:00:00+00:00, run_after=2024-10-04 00:00:00+00:00
[2024-10-03T11:21:27.048+0000] {processor.py:183} INFO - Processing /opt/airflow/dags/vehicle_model_training_pipeline.py took 1.212 seconds
[2024-10-03T11:21:57.199+0000] {processor.py:161} INFO - Started process (PID=3087) to work on /opt/airflow/dags/vehicle_model_training_pipeline.py
[2024-10-03T11:21:57.201+0000] {processor.py:830} INFO - Processing file /opt/airflow/dags/vehicle_model_training_pipeline.py for tasks to queue
[2024-10-03T11:21:57.202+0000] {logging_mixin.py:188} INFO - [2024-10-03T11:21:57.202+0000] {dagbag.py:540} INFO - Filling up the DagBag from /opt/airflow/dags/vehicle_model_training_pipeline.py
[2024-10-03T11:21:58.213+0000] {processor.py:840} INFO - DAG(s) 'Vehicle_Model_Training_Pipeline' retrieved from /opt/airflow/dags/vehicle_model_training_pipeline.py
[2024-10-03T11:21:58.359+0000] {logging_mixin.py:188} INFO - [2024-10-03T11:21:58.359+0000] {dag.py:3047} INFO - Sync 1 DAGs
[2024-10-03T11:21:58.372+0000] {logging_mixin.py:188} INFO - [2024-10-03T11:21:58.372+0000] {dag.py:3834} INFO - Setting next_dagrun for Vehicle_Model_Training_Pipeline to 2024-10-03 00:00:00+00:00, run_after=2024-10-04 00:00:00+00:00
[2024-10-03T11:21:58.639+0000] {processor.py:183} INFO - Processing /opt/airflow/dags/vehicle_model_training_pipeline.py took 1.443 seconds
[2024-10-03T11:22:29.416+0000] {processor.py:161} INFO - Started process (PID=3136) to work on /opt/airflow/dags/vehicle_model_training_pipeline.py
[2024-10-03T11:22:29.418+0000] {processor.py:830} INFO - Processing file /opt/airflow/dags/vehicle_model_training_pipeline.py for tasks to queue
[2024-10-03T11:22:29.419+0000] {logging_mixin.py:188} INFO - [2024-10-03T11:22:29.418+0000] {dagbag.py:540} INFO - Filling up the DagBag from /opt/airflow/dags/vehicle_model_training_pipeline.py
[2024-10-03T11:22:30.491+0000] {processor.py:840} INFO - DAG(s) 'Vehicle_Model_Training_Pipeline' retrieved from /opt/airflow/dags/vehicle_model_training_pipeline.py
[2024-10-03T11:22:31.091+0000] {logging_mixin.py:188} INFO - [2024-10-03T11:22:31.090+0000] {dag.py:3047} INFO - Sync 1 DAGs
[2024-10-03T11:22:31.104+0000] {logging_mixin.py:188} INFO - [2024-10-03T11:22:31.104+0000] {dag.py:3834} INFO - Setting next_dagrun for Vehicle_Model_Training_Pipeline to 2024-10-03 00:00:00+00:00, run_after=2024-10-04 00:00:00+00:00
[2024-10-03T11:22:31.121+0000] {processor.py:183} INFO - Processing /opt/airflow/dags/vehicle_model_training_pipeline.py took 1.708 seconds
[2024-10-03T11:23:01.785+0000] {processor.py:161} INFO - Started process (PID=3185) to work on /opt/airflow/dags/vehicle_model_training_pipeline.py
[2024-10-03T11:23:01.786+0000] {processor.py:830} INFO - Processing file /opt/airflow/dags/vehicle_model_training_pipeline.py for tasks to queue
[2024-10-03T11:23:01.788+0000] {logging_mixin.py:188} INFO - [2024-10-03T11:23:01.787+0000] {dagbag.py:540} INFO - Filling up the DagBag from /opt/airflow/dags/vehicle_model_training_pipeline.py
[2024-10-03T11:23:02.667+0000] {processor.py:840} INFO - DAG(s) 'Vehicle_Model_Training_Pipeline' retrieved from /opt/airflow/dags/vehicle_model_training_pipeline.py
[2024-10-03T11:23:02.770+0000] {logging_mixin.py:188} INFO - [2024-10-03T11:23:02.770+0000] {dag.py:3047} INFO - Sync 1 DAGs
[2024-10-03T11:23:02.784+0000] {logging_mixin.py:188} INFO - [2024-10-03T11:23:02.784+0000] {dag.py:3834} INFO - Setting next_dagrun for Vehicle_Model_Training_Pipeline to 2024-10-03 00:00:00+00:00, run_after=2024-10-04 00:00:00+00:00
[2024-10-03T11:23:02.800+0000] {processor.py:183} INFO - Processing /opt/airflow/dags/vehicle_model_training_pipeline.py took 1.019 seconds
[2024-10-03T11:23:32.903+0000] {processor.py:161} INFO - Started process (PID=3234) to work on /opt/airflow/dags/vehicle_model_training_pipeline.py
[2024-10-03T11:23:32.905+0000] {processor.py:830} INFO - Processing file /opt/airflow/dags/vehicle_model_training_pipeline.py for tasks to queue
[2024-10-03T11:23:32.906+0000] {logging_mixin.py:188} INFO - [2024-10-03T11:23:32.906+0000] {dagbag.py:540} INFO - Filling up the DagBag from /opt/airflow/dags/vehicle_model_training_pipeline.py
[2024-10-03T11:23:33.859+0000] {processor.py:840} INFO - DAG(s) 'Vehicle_Model_Training_Pipeline' retrieved from /opt/airflow/dags/vehicle_model_training_pipeline.py
[2024-10-03T11:23:33.995+0000] {logging_mixin.py:188} INFO - [2024-10-03T11:23:33.995+0000] {dag.py:3047} INFO - Sync 1 DAGs
[2024-10-03T11:23:34.009+0000] {logging_mixin.py:188} INFO - [2024-10-03T11:23:34.009+0000] {dag.py:3834} INFO - Setting next_dagrun for Vehicle_Model_Training_Pipeline to 2024-10-03 00:00:00+00:00, run_after=2024-10-04 00:00:00+00:00
[2024-10-03T11:23:34.030+0000] {processor.py:183} INFO - Processing /opt/airflow/dags/vehicle_model_training_pipeline.py took 1.129 seconds
[2024-10-03T11:24:04.720+0000] {processor.py:161} INFO - Started process (PID=3283) to work on /opt/airflow/dags/vehicle_model_training_pipeline.py
[2024-10-03T11:24:04.722+0000] {processor.py:830} INFO - Processing file /opt/airflow/dags/vehicle_model_training_pipeline.py for tasks to queue
[2024-10-03T11:24:04.723+0000] {logging_mixin.py:188} INFO - [2024-10-03T11:24:04.723+0000] {dagbag.py:540} INFO - Filling up the DagBag from /opt/airflow/dags/vehicle_model_training_pipeline.py
[2024-10-03T11:24:05.613+0000] {processor.py:840} INFO - DAG(s) 'Vehicle_Model_Training_Pipeline' retrieved from /opt/airflow/dags/vehicle_model_training_pipeline.py
[2024-10-03T11:24:05.798+0000] {logging_mixin.py:188} INFO - [2024-10-03T11:24:05.798+0000] {dag.py:3047} INFO - Sync 1 DAGs
[2024-10-03T11:24:05.811+0000] {logging_mixin.py:188} INFO - [2024-10-03T11:24:05.811+0000] {dag.py:3834} INFO - Setting next_dagrun for Vehicle_Model_Training_Pipeline to 2024-10-03 00:00:00+00:00, run_after=2024-10-04 00:00:00+00:00
[2024-10-03T11:24:05.827+0000] {processor.py:183} INFO - Processing /opt/airflow/dags/vehicle_model_training_pipeline.py took 1.111 seconds
[2024-10-03T11:24:35.969+0000] {processor.py:161} INFO - Started process (PID=3332) to work on /opt/airflow/dags/vehicle_model_training_pipeline.py
[2024-10-03T11:24:35.970+0000] {processor.py:830} INFO - Processing file /opt/airflow/dags/vehicle_model_training_pipeline.py for tasks to queue
[2024-10-03T11:24:35.972+0000] {logging_mixin.py:188} INFO - [2024-10-03T11:24:35.971+0000] {dagbag.py:540} INFO - Filling up the DagBag from /opt/airflow/dags/vehicle_model_training_pipeline.py
[2024-10-03T11:24:36.926+0000] {processor.py:840} INFO - DAG(s) 'Vehicle_Model_Training_Pipeline' retrieved from /opt/airflow/dags/vehicle_model_training_pipeline.py
[2024-10-03T11:24:37.076+0000] {logging_mixin.py:188} INFO - [2024-10-03T11:24:37.076+0000] {dag.py:3047} INFO - Sync 1 DAGs
[2024-10-03T11:24:37.091+0000] {logging_mixin.py:188} INFO - [2024-10-03T11:24:37.091+0000] {dag.py:3834} INFO - Setting next_dagrun for Vehicle_Model_Training_Pipeline to 2024-10-03 00:00:00+00:00, run_after=2024-10-04 00:00:00+00:00
[2024-10-03T11:24:37.111+0000] {processor.py:183} INFO - Processing /opt/airflow/dags/vehicle_model_training_pipeline.py took 1.145 seconds
[2024-10-03T11:25:07.516+0000] {processor.py:161} INFO - Started process (PID=3381) to work on /opt/airflow/dags/vehicle_model_training_pipeline.py
[2024-10-03T11:25:07.517+0000] {processor.py:830} INFO - Processing file /opt/airflow/dags/vehicle_model_training_pipeline.py for tasks to queue
[2024-10-03T11:25:07.519+0000] {logging_mixin.py:188} INFO - [2024-10-03T11:25:07.518+0000] {dagbag.py:540} INFO - Filling up the DagBag from /opt/airflow/dags/vehicle_model_training_pipeline.py
[2024-10-03T11:25:08.384+0000] {processor.py:840} INFO - DAG(s) 'Vehicle_Model_Training_Pipeline' retrieved from /opt/airflow/dags/vehicle_model_training_pipeline.py
[2024-10-03T11:25:08.527+0000] {logging_mixin.py:188} INFO - [2024-10-03T11:25:08.527+0000] {dag.py:3047} INFO - Sync 1 DAGs
[2024-10-03T11:25:08.543+0000] {logging_mixin.py:188} INFO - [2024-10-03T11:25:08.543+0000] {dag.py:3834} INFO - Setting next_dagrun for Vehicle_Model_Training_Pipeline to 2024-10-03 00:00:00+00:00, run_after=2024-10-04 00:00:00+00:00
[2024-10-03T11:25:08.560+0000] {processor.py:183} INFO - Processing /opt/airflow/dags/vehicle_model_training_pipeline.py took 1.047 seconds
[2024-10-03T11:25:38.645+0000] {processor.py:161} INFO - Started process (PID=3430) to work on /opt/airflow/dags/vehicle_model_training_pipeline.py
[2024-10-03T11:25:38.646+0000] {processor.py:830} INFO - Processing file /opt/airflow/dags/vehicle_model_training_pipeline.py for tasks to queue
[2024-10-03T11:25:38.648+0000] {logging_mixin.py:188} INFO - [2024-10-03T11:25:38.647+0000] {dagbag.py:540} INFO - Filling up the DagBag from /opt/airflow/dags/vehicle_model_training_pipeline.py
[2024-10-03T11:25:39.591+0000] {processor.py:840} INFO - DAG(s) 'Vehicle_Model_Training_Pipeline' retrieved from /opt/airflow/dags/vehicle_model_training_pipeline.py
[2024-10-03T11:25:39.732+0000] {logging_mixin.py:188} INFO - [2024-10-03T11:25:39.730+0000] {dag.py:3047} INFO - Sync 1 DAGs
[2024-10-03T11:25:39.747+0000] {logging_mixin.py:188} INFO - [2024-10-03T11:25:39.747+0000] {dag.py:3834} INFO - Setting next_dagrun for Vehicle_Model_Training_Pipeline to 2024-10-03 00:00:00+00:00, run_after=2024-10-04 00:00:00+00:00
[2024-10-03T11:25:39.761+0000] {processor.py:183} INFO - Processing /opt/airflow/dags/vehicle_model_training_pipeline.py took 1.119 seconds
