[2024-10-03T10:52:25.645+0000] {processor.py:161} INFO - Started process (PID=221) to work on /opt/airflow/dags/vehicle_data_scraping_pipeline.py
[2024-10-03T10:52:25.662+0000] {processor.py:830} INFO - Processing file /opt/airflow/dags/vehicle_data_scraping_pipeline.py for tasks to queue
[2024-10-03T10:52:25.680+0000] {logging_mixin.py:188} INFO - [2024-10-03T10:52:25.680+0000] {dagbag.py:540} INFO - Filling up the DagBag from /opt/airflow/dags/vehicle_data_scraping_pipeline.py
[2024-10-03T10:52:27.363+0000] {processor.py:840} INFO - DAG(s) 'Vehicle_Data_scrape_Pipeline' retrieved from /opt/airflow/dags/vehicle_data_scraping_pipeline.py
[2024-10-03T10:52:27.581+0000] {logging_mixin.py:188} INFO - [2024-10-03T10:52:27.580+0000] {dag.py:3047} INFO - Sync 1 DAGs
[2024-10-03T10:52:27.596+0000] {logging_mixin.py:188} INFO - [2024-10-03T10:52:27.596+0000] {dag.py:3834} INFO - Setting next_dagrun for Vehicle_Data_scrape_Pipeline to 2024-10-03 00:00:00+00:00, run_after=2024-10-04 00:00:00+00:00
[2024-10-03T10:52:27.708+0000] {processor.py:183} INFO - Processing /opt/airflow/dags/vehicle_data_scraping_pipeline.py took 2.065 seconds
[2024-10-03T10:52:58.048+0000] {processor.py:161} INFO - Started process (PID=267) to work on /opt/airflow/dags/vehicle_data_scraping_pipeline.py
[2024-10-03T10:52:58.049+0000] {processor.py:830} INFO - Processing file /opt/airflow/dags/vehicle_data_scraping_pipeline.py for tasks to queue
[2024-10-03T10:52:58.050+0000] {logging_mixin.py:188} INFO - [2024-10-03T10:52:58.050+0000] {dagbag.py:540} INFO - Filling up the DagBag from /opt/airflow/dags/vehicle_data_scraping_pipeline.py
[2024-10-03T10:52:58.605+0000] {processor.py:840} INFO - DAG(s) 'Vehicle_Data_scrape_Pipeline' retrieved from /opt/airflow/dags/vehicle_data_scraping_pipeline.py
[2024-10-03T10:52:58.721+0000] {logging_mixin.py:188} INFO - [2024-10-03T10:52:58.721+0000] {dag.py:3047} INFO - Sync 1 DAGs
[2024-10-03T10:52:58.735+0000] {logging_mixin.py:188} INFO - [2024-10-03T10:52:58.735+0000] {dag.py:3834} INFO - Setting next_dagrun for Vehicle_Data_scrape_Pipeline to 2024-10-03 00:00:00+00:00, run_after=2024-10-04 00:00:00+00:00
[2024-10-03T10:52:58.756+0000] {processor.py:183} INFO - Processing /opt/airflow/dags/vehicle_data_scraping_pipeline.py took 0.711 seconds
[2024-10-03T10:53:29.048+0000] {processor.py:161} INFO - Started process (PID=316) to work on /opt/airflow/dags/vehicle_data_scraping_pipeline.py
[2024-10-03T10:53:29.051+0000] {processor.py:830} INFO - Processing file /opt/airflow/dags/vehicle_data_scraping_pipeline.py for tasks to queue
[2024-10-03T10:53:29.052+0000] {logging_mixin.py:188} INFO - [2024-10-03T10:53:29.052+0000] {dagbag.py:540} INFO - Filling up the DagBag from /opt/airflow/dags/vehicle_data_scraping_pipeline.py
[2024-10-03T10:53:30.023+0000] {processor.py:840} INFO - DAG(s) 'Vehicle_Data_scrape_Pipeline' retrieved from /opt/airflow/dags/vehicle_data_scraping_pipeline.py
[2024-10-03T10:53:30.159+0000] {logging_mixin.py:188} INFO - [2024-10-03T10:53:30.159+0000] {dag.py:3047} INFO - Sync 1 DAGs
[2024-10-03T10:53:30.362+0000] {logging_mixin.py:188} INFO - [2024-10-03T10:53:30.362+0000] {dag.py:3834} INFO - Setting next_dagrun for Vehicle_Data_scrape_Pipeline to 2024-10-03 00:00:00+00:00, run_after=2024-10-04 00:00:00+00:00
[2024-10-03T10:53:30.393+0000] {processor.py:183} INFO - Processing /opt/airflow/dags/vehicle_data_scraping_pipeline.py took 1.347 seconds
[2024-10-03T10:54:00.973+0000] {processor.py:161} INFO - Started process (PID=373) to work on /opt/airflow/dags/vehicle_data_scraping_pipeline.py
[2024-10-03T10:54:00.975+0000] {processor.py:830} INFO - Processing file /opt/airflow/dags/vehicle_data_scraping_pipeline.py for tasks to queue
[2024-10-03T10:54:00.976+0000] {logging_mixin.py:188} INFO - [2024-10-03T10:54:00.975+0000] {dagbag.py:540} INFO - Filling up the DagBag from /opt/airflow/dags/vehicle_data_scraping_pipeline.py
[2024-10-03T10:54:01.657+0000] {processor.py:840} INFO - DAG(s) 'Vehicle_Data_scrape_Pipeline' retrieved from /opt/airflow/dags/vehicle_data_scraping_pipeline.py
[2024-10-03T10:54:01.768+0000] {logging_mixin.py:188} INFO - [2024-10-03T10:54:01.768+0000] {dag.py:3047} INFO - Sync 1 DAGs
[2024-10-03T10:54:01.782+0000] {logging_mixin.py:188} INFO - [2024-10-03T10:54:01.782+0000] {dag.py:3834} INFO - Setting next_dagrun for Vehicle_Data_scrape_Pipeline to 2024-10-03 00:00:00+00:00, run_after=2024-10-04 00:00:00+00:00
[2024-10-03T10:54:01.799+0000] {processor.py:183} INFO - Processing /opt/airflow/dags/vehicle_data_scraping_pipeline.py took 0.829 seconds
[2024-10-03T10:54:32.016+0000] {processor.py:161} INFO - Started process (PID=429) to work on /opt/airflow/dags/vehicle_data_scraping_pipeline.py
[2024-10-03T10:54:32.018+0000] {processor.py:830} INFO - Processing file /opt/airflow/dags/vehicle_data_scraping_pipeline.py for tasks to queue
[2024-10-03T10:54:32.019+0000] {logging_mixin.py:188} INFO - [2024-10-03T10:54:32.019+0000] {dagbag.py:540} INFO - Filling up the DagBag from /opt/airflow/dags/vehicle_data_scraping_pipeline.py
[2024-10-03T10:54:32.584+0000] {processor.py:840} INFO - DAG(s) 'Vehicle_Data_scrape_Pipeline' retrieved from /opt/airflow/dags/vehicle_data_scraping_pipeline.py
[2024-10-03T10:54:32.675+0000] {logging_mixin.py:188} INFO - [2024-10-03T10:54:32.675+0000] {dag.py:3047} INFO - Sync 1 DAGs
[2024-10-03T10:54:32.689+0000] {logging_mixin.py:188} INFO - [2024-10-03T10:54:32.689+0000] {dag.py:3834} INFO - Setting next_dagrun for Vehicle_Data_scrape_Pipeline to 2024-10-03 00:00:00+00:00, run_after=2024-10-04 00:00:00+00:00
[2024-10-03T10:54:32.704+0000] {processor.py:183} INFO - Processing /opt/airflow/dags/vehicle_data_scraping_pipeline.py took 0.690 seconds
[2024-10-03T10:55:02.878+0000] {processor.py:161} INFO - Started process (PID=478) to work on /opt/airflow/dags/vehicle_data_scraping_pipeline.py
[2024-10-03T10:55:02.880+0000] {processor.py:830} INFO - Processing file /opt/airflow/dags/vehicle_data_scraping_pipeline.py for tasks to queue
[2024-10-03T10:55:02.882+0000] {logging_mixin.py:188} INFO - [2024-10-03T10:55:02.881+0000] {dagbag.py:540} INFO - Filling up the DagBag from /opt/airflow/dags/vehicle_data_scraping_pipeline.py
[2024-10-03T10:55:03.589+0000] {processor.py:840} INFO - DAG(s) 'Vehicle_Data_scrape_Pipeline' retrieved from /opt/airflow/dags/vehicle_data_scraping_pipeline.py
[2024-10-03T10:55:03.667+0000] {logging_mixin.py:188} INFO - [2024-10-03T10:55:03.667+0000] {dag.py:3047} INFO - Sync 1 DAGs
[2024-10-03T10:55:03.683+0000] {logging_mixin.py:188} INFO - [2024-10-03T10:55:03.683+0000] {dag.py:3834} INFO - Setting next_dagrun for Vehicle_Data_scrape_Pipeline to 2024-10-03 00:00:00+00:00, run_after=2024-10-04 00:00:00+00:00
[2024-10-03T10:55:03.699+0000] {processor.py:183} INFO - Processing /opt/airflow/dags/vehicle_data_scraping_pipeline.py took 0.825 seconds
[2024-10-03T10:55:33.848+0000] {processor.py:161} INFO - Started process (PID=527) to work on /opt/airflow/dags/vehicle_data_scraping_pipeline.py
[2024-10-03T10:55:33.850+0000] {processor.py:830} INFO - Processing file /opt/airflow/dags/vehicle_data_scraping_pipeline.py for tasks to queue
[2024-10-03T10:55:33.851+0000] {logging_mixin.py:188} INFO - [2024-10-03T10:55:33.851+0000] {dagbag.py:540} INFO - Filling up the DagBag from /opt/airflow/dags/vehicle_data_scraping_pipeline.py
[2024-10-03T10:55:34.412+0000] {processor.py:840} INFO - DAG(s) 'Vehicle_Data_scrape_Pipeline' retrieved from /opt/airflow/dags/vehicle_data_scraping_pipeline.py
[2024-10-03T10:55:34.474+0000] {logging_mixin.py:188} INFO - [2024-10-03T10:55:34.474+0000] {dag.py:3047} INFO - Sync 1 DAGs
[2024-10-03T10:55:34.490+0000] {logging_mixin.py:188} INFO - [2024-10-03T10:55:34.490+0000] {dag.py:3834} INFO - Setting next_dagrun for Vehicle_Data_scrape_Pipeline to 2024-10-03 00:00:00+00:00, run_after=2024-10-04 00:00:00+00:00
[2024-10-03T10:55:34.511+0000] {processor.py:183} INFO - Processing /opt/airflow/dags/vehicle_data_scraping_pipeline.py took 0.665 seconds
[2024-10-03T10:56:04.751+0000] {processor.py:161} INFO - Started process (PID=585) to work on /opt/airflow/dags/vehicle_data_scraping_pipeline.py
[2024-10-03T10:56:04.753+0000] {processor.py:830} INFO - Processing file /opt/airflow/dags/vehicle_data_scraping_pipeline.py for tasks to queue
[2024-10-03T10:56:04.754+0000] {logging_mixin.py:188} INFO - [2024-10-03T10:56:04.754+0000] {dagbag.py:540} INFO - Filling up the DagBag from /opt/airflow/dags/vehicle_data_scraping_pipeline.py
[2024-10-03T10:56:05.363+0000] {processor.py:840} INFO - DAG(s) 'Vehicle_Data_scrape_Pipeline' retrieved from /opt/airflow/dags/vehicle_data_scraping_pipeline.py
[2024-10-03T10:56:05.414+0000] {logging_mixin.py:188} INFO - [2024-10-03T10:56:05.414+0000] {dag.py:3047} INFO - Sync 1 DAGs
[2024-10-03T10:56:05.434+0000] {logging_mixin.py:188} INFO - [2024-10-03T10:56:05.434+0000] {dag.py:3834} INFO - Setting next_dagrun for Vehicle_Data_scrape_Pipeline to 2024-10-03 00:00:00+00:00, run_after=2024-10-04 00:00:00+00:00
[2024-10-03T10:56:05.572+0000] {processor.py:183} INFO - Processing /opt/airflow/dags/vehicle_data_scraping_pipeline.py took 0.823 seconds
[2024-10-03T10:56:35.650+0000] {processor.py:161} INFO - Started process (PID=646) to work on /opt/airflow/dags/vehicle_data_scraping_pipeline.py
[2024-10-03T10:56:35.651+0000] {processor.py:830} INFO - Processing file /opt/airflow/dags/vehicle_data_scraping_pipeline.py for tasks to queue
[2024-10-03T10:56:35.652+0000] {logging_mixin.py:188} INFO - [2024-10-03T10:56:35.652+0000] {dagbag.py:540} INFO - Filling up the DagBag from /opt/airflow/dags/vehicle_data_scraping_pipeline.py
[2024-10-03T10:56:36.333+0000] {processor.py:840} INFO - DAG(s) 'Vehicle_Data_scrape_Pipeline' retrieved from /opt/airflow/dags/vehicle_data_scraping_pipeline.py
[2024-10-03T10:56:36.430+0000] {logging_mixin.py:188} INFO - [2024-10-03T10:56:36.430+0000] {dag.py:3047} INFO - Sync 1 DAGs
[2024-10-03T10:56:36.444+0000] {logging_mixin.py:188} INFO - [2024-10-03T10:56:36.443+0000] {dag.py:3834} INFO - Setting next_dagrun for Vehicle_Data_scrape_Pipeline to 2024-10-03 00:00:00+00:00, run_after=2024-10-04 00:00:00+00:00
[2024-10-03T10:56:36.459+0000] {processor.py:183} INFO - Processing /opt/airflow/dags/vehicle_data_scraping_pipeline.py took 0.812 seconds
[2024-10-03T10:57:07.328+0000] {processor.py:161} INFO - Started process (PID=695) to work on /opt/airflow/dags/vehicle_data_scraping_pipeline.py
[2024-10-03T10:57:07.329+0000] {processor.py:830} INFO - Processing file /opt/airflow/dags/vehicle_data_scraping_pipeline.py for tasks to queue
[2024-10-03T10:57:07.331+0000] {logging_mixin.py:188} INFO - [2024-10-03T10:57:07.331+0000] {dagbag.py:540} INFO - Filling up the DagBag from /opt/airflow/dags/vehicle_data_scraping_pipeline.py
[2024-10-03T10:57:08.010+0000] {processor.py:840} INFO - DAG(s) 'Vehicle_Data_scrape_Pipeline' retrieved from /opt/airflow/dags/vehicle_data_scraping_pipeline.py
[2024-10-03T10:57:08.102+0000] {logging_mixin.py:188} INFO - [2024-10-03T10:57:08.102+0000] {dag.py:3047} INFO - Sync 1 DAGs
[2024-10-03T10:57:08.117+0000] {logging_mixin.py:188} INFO - [2024-10-03T10:57:08.116+0000] {dag.py:3834} INFO - Setting next_dagrun for Vehicle_Data_scrape_Pipeline to 2024-10-03 00:00:00+00:00, run_after=2024-10-04 00:00:00+00:00
[2024-10-03T10:57:08.291+0000] {processor.py:183} INFO - Processing /opt/airflow/dags/vehicle_data_scraping_pipeline.py took 0.966 seconds
[2024-10-03T10:57:38.931+0000] {processor.py:161} INFO - Started process (PID=747) to work on /opt/airflow/dags/vehicle_data_scraping_pipeline.py
[2024-10-03T10:57:38.932+0000] {processor.py:830} INFO - Processing file /opt/airflow/dags/vehicle_data_scraping_pipeline.py for tasks to queue
[2024-10-03T10:57:38.933+0000] {logging_mixin.py:188} INFO - [2024-10-03T10:57:38.933+0000] {dagbag.py:540} INFO - Filling up the DagBag from /opt/airflow/dags/vehicle_data_scraping_pipeline.py
[2024-10-03T10:57:39.594+0000] {processor.py:840} INFO - DAG(s) 'Vehicle_Data_scrape_Pipeline' retrieved from /opt/airflow/dags/vehicle_data_scraping_pipeline.py
[2024-10-03T10:57:39.699+0000] {logging_mixin.py:188} INFO - [2024-10-03T10:57:39.699+0000] {dag.py:3047} INFO - Sync 1 DAGs
[2024-10-03T10:57:39.712+0000] {logging_mixin.py:188} INFO - [2024-10-03T10:57:39.712+0000] {dag.py:3834} INFO - Setting next_dagrun for Vehicle_Data_scrape_Pipeline to 2024-10-03 00:00:00+00:00, run_after=2024-10-04 00:00:00+00:00
[2024-10-03T10:57:39.726+0000] {processor.py:183} INFO - Processing /opt/airflow/dags/vehicle_data_scraping_pipeline.py took 0.797 seconds
[2024-10-03T10:58:10.046+0000] {processor.py:161} INFO - Started process (PID=809) to work on /opt/airflow/dags/vehicle_data_scraping_pipeline.py
[2024-10-03T10:58:10.047+0000] {processor.py:830} INFO - Processing file /opt/airflow/dags/vehicle_data_scraping_pipeline.py for tasks to queue
[2024-10-03T10:58:10.048+0000] {logging_mixin.py:188} INFO - [2024-10-03T10:58:10.048+0000] {dagbag.py:540} INFO - Filling up the DagBag from /opt/airflow/dags/vehicle_data_scraping_pipeline.py
[2024-10-03T10:58:10.541+0000] {processor.py:840} INFO - DAG(s) 'Vehicle_Data_scrape_Pipeline' retrieved from /opt/airflow/dags/vehicle_data_scraping_pipeline.py
[2024-10-03T10:58:10.621+0000] {logging_mixin.py:188} INFO - [2024-10-03T10:58:10.620+0000] {dag.py:3047} INFO - Sync 1 DAGs
[2024-10-03T10:58:10.634+0000] {logging_mixin.py:188} INFO - [2024-10-03T10:58:10.634+0000] {dag.py:3834} INFO - Setting next_dagrun for Vehicle_Data_scrape_Pipeline to 2024-10-03 00:00:00+00:00, run_after=2024-10-04 00:00:00+00:00
[2024-10-03T10:58:10.653+0000] {processor.py:183} INFO - Processing /opt/airflow/dags/vehicle_data_scraping_pipeline.py took 0.610 seconds
[2024-10-03T10:58:40.793+0000] {processor.py:161} INFO - Started process (PID=858) to work on /opt/airflow/dags/vehicle_data_scraping_pipeline.py
[2024-10-03T10:58:40.795+0000] {processor.py:830} INFO - Processing file /opt/airflow/dags/vehicle_data_scraping_pipeline.py for tasks to queue
[2024-10-03T10:58:40.796+0000] {logging_mixin.py:188} INFO - [2024-10-03T10:58:40.796+0000] {dagbag.py:540} INFO - Filling up the DagBag from /opt/airflow/dags/vehicle_data_scraping_pipeline.py
[2024-10-03T10:58:41.286+0000] {processor.py:840} INFO - DAG(s) 'Vehicle_Data_scrape_Pipeline' retrieved from /opt/airflow/dags/vehicle_data_scraping_pipeline.py
[2024-10-03T10:58:41.372+0000] {logging_mixin.py:188} INFO - [2024-10-03T10:58:41.372+0000] {dag.py:3047} INFO - Sync 1 DAGs
[2024-10-03T10:58:41.468+0000] {logging_mixin.py:188} INFO - [2024-10-03T10:58:41.468+0000] {dag.py:3834} INFO - Setting next_dagrun for Vehicle_Data_scrape_Pipeline to 2024-10-03 00:00:00+00:00, run_after=2024-10-04 00:00:00+00:00
[2024-10-03T10:58:41.486+0000] {processor.py:183} INFO - Processing /opt/airflow/dags/vehicle_data_scraping_pipeline.py took 0.695 seconds
[2024-10-03T10:59:11.597+0000] {processor.py:161} INFO - Started process (PID=916) to work on /opt/airflow/dags/vehicle_data_scraping_pipeline.py
[2024-10-03T10:59:11.598+0000] {processor.py:830} INFO - Processing file /opt/airflow/dags/vehicle_data_scraping_pipeline.py for tasks to queue
[2024-10-03T10:59:11.599+0000] {logging_mixin.py:188} INFO - [2024-10-03T10:59:11.599+0000] {dagbag.py:540} INFO - Filling up the DagBag from /opt/airflow/dags/vehicle_data_scraping_pipeline.py
[2024-10-03T10:59:12.204+0000] {processor.py:840} INFO - DAG(s) 'Vehicle_Data_scrape_Pipeline' retrieved from /opt/airflow/dags/vehicle_data_scraping_pipeline.py
[2024-10-03T10:59:12.288+0000] {logging_mixin.py:188} INFO - [2024-10-03T10:59:12.288+0000] {dag.py:3047} INFO - Sync 1 DAGs
[2024-10-03T10:59:12.301+0000] {logging_mixin.py:188} INFO - [2024-10-03T10:59:12.301+0000] {dag.py:3834} INFO - Setting next_dagrun for Vehicle_Data_scrape_Pipeline to 2024-10-03 00:00:00+00:00, run_after=2024-10-04 00:00:00+00:00
[2024-10-03T10:59:12.317+0000] {processor.py:183} INFO - Processing /opt/airflow/dags/vehicle_data_scraping_pipeline.py took 0.723 seconds
[2024-10-03T10:59:42.544+0000] {processor.py:161} INFO - Started process (PID=971) to work on /opt/airflow/dags/vehicle_data_scraping_pipeline.py
[2024-10-03T10:59:42.546+0000] {processor.py:830} INFO - Processing file /opt/airflow/dags/vehicle_data_scraping_pipeline.py for tasks to queue
[2024-10-03T10:59:42.547+0000] {logging_mixin.py:188} INFO - [2024-10-03T10:59:42.547+0000] {dagbag.py:540} INFO - Filling up the DagBag from /opt/airflow/dags/vehicle_data_scraping_pipeline.py
[2024-10-03T10:59:43.149+0000] {processor.py:840} INFO - DAG(s) 'Vehicle_Data_scrape_Pipeline' retrieved from /opt/airflow/dags/vehicle_data_scraping_pipeline.py
[2024-10-03T10:59:43.230+0000] {logging_mixin.py:188} INFO - [2024-10-03T10:59:43.229+0000] {dag.py:3047} INFO - Sync 1 DAGs
[2024-10-03T10:59:43.247+0000] {logging_mixin.py:188} INFO - [2024-10-03T10:59:43.247+0000] {dag.py:3834} INFO - Setting next_dagrun for Vehicle_Data_scrape_Pipeline to 2024-10-03 00:00:00+00:00, run_after=2024-10-04 00:00:00+00:00
[2024-10-03T10:59:43.265+0000] {processor.py:183} INFO - Processing /opt/airflow/dags/vehicle_data_scraping_pipeline.py took 0.723 seconds
[2024-10-03T11:00:13.356+0000] {processor.py:161} INFO - Started process (PID=1020) to work on /opt/airflow/dags/vehicle_data_scraping_pipeline.py
[2024-10-03T11:00:13.357+0000] {processor.py:830} INFO - Processing file /opt/airflow/dags/vehicle_data_scraping_pipeline.py for tasks to queue
[2024-10-03T11:00:13.358+0000] {logging_mixin.py:188} INFO - [2024-10-03T11:00:13.358+0000] {dagbag.py:540} INFO - Filling up the DagBag from /opt/airflow/dags/vehicle_data_scraping_pipeline.py
[2024-10-03T11:00:13.824+0000] {processor.py:840} INFO - DAG(s) 'Vehicle_Data_scrape_Pipeline' retrieved from /opt/airflow/dags/vehicle_data_scraping_pipeline.py
[2024-10-03T11:00:13.900+0000] {logging_mixin.py:188} INFO - [2024-10-03T11:00:13.899+0000] {dag.py:3047} INFO - Sync 1 DAGs
[2024-10-03T11:00:13.918+0000] {logging_mixin.py:188} INFO - [2024-10-03T11:00:13.917+0000] {dag.py:3834} INFO - Setting next_dagrun for Vehicle_Data_scrape_Pipeline to 2024-10-03 00:00:00+00:00, run_after=2024-10-04 00:00:00+00:00
[2024-10-03T11:00:13.933+0000] {processor.py:183} INFO - Processing /opt/airflow/dags/vehicle_data_scraping_pipeline.py took 0.579 seconds
[2024-10-03T11:00:44.360+0000] {processor.py:161} INFO - Started process (PID=1070) to work on /opt/airflow/dags/vehicle_data_scraping_pipeline.py
[2024-10-03T11:00:44.361+0000] {processor.py:830} INFO - Processing file /opt/airflow/dags/vehicle_data_scraping_pipeline.py for tasks to queue
[2024-10-03T11:00:44.362+0000] {logging_mixin.py:188} INFO - [2024-10-03T11:00:44.362+0000] {dagbag.py:540} INFO - Filling up the DagBag from /opt/airflow/dags/vehicle_data_scraping_pipeline.py
[2024-10-03T11:00:44.893+0000] {processor.py:840} INFO - DAG(s) 'Vehicle_Data_scrape_Pipeline' retrieved from /opt/airflow/dags/vehicle_data_scraping_pipeline.py
[2024-10-03T11:00:44.962+0000] {logging_mixin.py:188} INFO - [2024-10-03T11:00:44.961+0000] {dag.py:3047} INFO - Sync 1 DAGs
[2024-10-03T11:00:44.977+0000] {logging_mixin.py:188} INFO - [2024-10-03T11:00:44.977+0000] {dag.py:3834} INFO - Setting next_dagrun for Vehicle_Data_scrape_Pipeline to 2024-10-03 00:00:00+00:00, run_after=2024-10-04 00:00:00+00:00
[2024-10-03T11:00:45.084+0000] {processor.py:183} INFO - Processing /opt/airflow/dags/vehicle_data_scraping_pipeline.py took 0.727 seconds
[2024-10-03T11:01:15.405+0000] {processor.py:161} INFO - Started process (PID=1125) to work on /opt/airflow/dags/vehicle_data_scraping_pipeline.py
[2024-10-03T11:01:15.407+0000] {processor.py:830} INFO - Processing file /opt/airflow/dags/vehicle_data_scraping_pipeline.py for tasks to queue
[2024-10-03T11:01:15.408+0000] {logging_mixin.py:188} INFO - [2024-10-03T11:01:15.408+0000] {dagbag.py:540} INFO - Filling up the DagBag from /opt/airflow/dags/vehicle_data_scraping_pipeline.py
[2024-10-03T11:01:16.758+0000] {processor.py:840} INFO - DAG(s) 'Vehicle_Data_scrape_Pipeline' retrieved from /opt/airflow/dags/vehicle_data_scraping_pipeline.py
[2024-10-03T11:01:17.145+0000] {logging_mixin.py:188} INFO - [2024-10-03T11:01:17.145+0000] {dag.py:3047} INFO - Sync 1 DAGs
[2024-10-03T11:01:17.160+0000] {logging_mixin.py:188} INFO - [2024-10-03T11:01:17.160+0000] {dag.py:3834} INFO - Setting next_dagrun for Vehicle_Data_scrape_Pipeline to 2024-10-03 00:00:00+00:00, run_after=2024-10-04 00:00:00+00:00
[2024-10-03T11:01:17.205+0000] {processor.py:183} INFO - Processing /opt/airflow/dags/vehicle_data_scraping_pipeline.py took 1.802 seconds
[2024-10-03T11:01:47.466+0000] {processor.py:161} INFO - Started process (PID=1182) to work on /opt/airflow/dags/vehicle_data_scraping_pipeline.py
[2024-10-03T11:01:47.468+0000] {processor.py:830} INFO - Processing file /opt/airflow/dags/vehicle_data_scraping_pipeline.py for tasks to queue
[2024-10-03T11:01:47.469+0000] {logging_mixin.py:188} INFO - [2024-10-03T11:01:47.469+0000] {dagbag.py:540} INFO - Filling up the DagBag from /opt/airflow/dags/vehicle_data_scraping_pipeline.py
[2024-10-03T11:01:48.131+0000] {processor.py:840} INFO - DAG(s) 'Vehicle_Data_scrape_Pipeline' retrieved from /opt/airflow/dags/vehicle_data_scraping_pipeline.py
[2024-10-03T11:01:48.228+0000] {logging_mixin.py:188} INFO - [2024-10-03T11:01:48.228+0000] {dag.py:3047} INFO - Sync 1 DAGs
[2024-10-03T11:01:48.243+0000] {logging_mixin.py:188} INFO - [2024-10-03T11:01:48.243+0000] {dag.py:3834} INFO - Setting next_dagrun for Vehicle_Data_scrape_Pipeline to 2024-10-03 00:00:00+00:00, run_after=2024-10-04 00:00:00+00:00
[2024-10-03T11:01:48.260+0000] {processor.py:183} INFO - Processing /opt/airflow/dags/vehicle_data_scraping_pipeline.py took 0.795 seconds
[2024-10-03T11:02:18.842+0000] {processor.py:161} INFO - Started process (PID=1231) to work on /opt/airflow/dags/vehicle_data_scraping_pipeline.py
[2024-10-03T11:02:18.843+0000] {processor.py:830} INFO - Processing file /opt/airflow/dags/vehicle_data_scraping_pipeline.py for tasks to queue
[2024-10-03T11:02:18.844+0000] {logging_mixin.py:188} INFO - [2024-10-03T11:02:18.844+0000] {dagbag.py:540} INFO - Filling up the DagBag from /opt/airflow/dags/vehicle_data_scraping_pipeline.py
[2024-10-03T11:02:19.430+0000] {processor.py:840} INFO - DAG(s) 'Vehicle_Data_scrape_Pipeline' retrieved from /opt/airflow/dags/vehicle_data_scraping_pipeline.py
[2024-10-03T11:02:19.490+0000] {logging_mixin.py:188} INFO - [2024-10-03T11:02:19.490+0000] {dag.py:3047} INFO - Sync 1 DAGs
[2024-10-03T11:02:19.504+0000] {logging_mixin.py:188} INFO - [2024-10-03T11:02:19.504+0000] {dag.py:3834} INFO - Setting next_dagrun for Vehicle_Data_scrape_Pipeline to 2024-10-03 00:00:00+00:00, run_after=2024-10-04 00:00:00+00:00
[2024-10-03T11:02:19.524+0000] {processor.py:183} INFO - Processing /opt/airflow/dags/vehicle_data_scraping_pipeline.py took 0.685 seconds
[2024-10-03T11:02:49.662+0000] {processor.py:161} INFO - Started process (PID=1280) to work on /opt/airflow/dags/vehicle_data_scraping_pipeline.py
[2024-10-03T11:02:49.663+0000] {processor.py:830} INFO - Processing file /opt/airflow/dags/vehicle_data_scraping_pipeline.py for tasks to queue
[2024-10-03T11:02:49.664+0000] {logging_mixin.py:188} INFO - [2024-10-03T11:02:49.664+0000] {dagbag.py:540} INFO - Filling up the DagBag from /opt/airflow/dags/vehicle_data_scraping_pipeline.py
[2024-10-03T11:02:50.209+0000] {processor.py:840} INFO - DAG(s) 'Vehicle_Data_scrape_Pipeline' retrieved from /opt/airflow/dags/vehicle_data_scraping_pipeline.py
[2024-10-03T11:02:50.274+0000] {logging_mixin.py:188} INFO - [2024-10-03T11:02:50.273+0000] {dag.py:3047} INFO - Sync 1 DAGs
[2024-10-03T11:02:50.290+0000] {logging_mixin.py:188} INFO - [2024-10-03T11:02:50.290+0000] {dag.py:3834} INFO - Setting next_dagrun for Vehicle_Data_scrape_Pipeline to 2024-10-03 00:00:00+00:00, run_after=2024-10-04 00:00:00+00:00
[2024-10-03T11:02:50.404+0000] {processor.py:183} INFO - Processing /opt/airflow/dags/vehicle_data_scraping_pipeline.py took 0.744 seconds
[2024-10-03T11:03:20.843+0000] {processor.py:161} INFO - Started process (PID=1329) to work on /opt/airflow/dags/vehicle_data_scraping_pipeline.py
[2024-10-03T11:03:20.845+0000] {processor.py:830} INFO - Processing file /opt/airflow/dags/vehicle_data_scraping_pipeline.py for tasks to queue
[2024-10-03T11:03:20.847+0000] {logging_mixin.py:188} INFO - [2024-10-03T11:03:20.846+0000] {dagbag.py:540} INFO - Filling up the DagBag from /opt/airflow/dags/vehicle_data_scraping_pipeline.py
[2024-10-03T11:03:21.529+0000] {processor.py:840} INFO - DAG(s) 'Vehicle_Data_scrape_Pipeline' retrieved from /opt/airflow/dags/vehicle_data_scraping_pipeline.py
[2024-10-03T11:03:21.607+0000] {logging_mixin.py:188} INFO - [2024-10-03T11:03:21.606+0000] {dag.py:3047} INFO - Sync 1 DAGs
[2024-10-03T11:03:21.639+0000] {logging_mixin.py:188} INFO - [2024-10-03T11:03:21.639+0000] {dag.py:3834} INFO - Setting next_dagrun for Vehicle_Data_scrape_Pipeline to 2024-10-03 00:00:00+00:00, run_after=2024-10-04 00:00:00+00:00
[2024-10-03T11:03:21.704+0000] {processor.py:183} INFO - Processing /opt/airflow/dags/vehicle_data_scraping_pipeline.py took 0.864 seconds
[2024-10-03T11:03:51.969+0000] {processor.py:161} INFO - Started process (PID=1378) to work on /opt/airflow/dags/vehicle_data_scraping_pipeline.py
[2024-10-03T11:03:51.970+0000] {processor.py:830} INFO - Processing file /opt/airflow/dags/vehicle_data_scraping_pipeline.py for tasks to queue
[2024-10-03T11:03:51.972+0000] {logging_mixin.py:188} INFO - [2024-10-03T11:03:51.971+0000] {dagbag.py:540} INFO - Filling up the DagBag from /opt/airflow/dags/vehicle_data_scraping_pipeline.py
[2024-10-03T11:03:52.520+0000] {processor.py:840} INFO - DAG(s) 'Vehicle_Data_scrape_Pipeline' retrieved from /opt/airflow/dags/vehicle_data_scraping_pipeline.py
[2024-10-03T11:03:52.582+0000] {logging_mixin.py:188} INFO - [2024-10-03T11:03:52.581+0000] {dag.py:3047} INFO - Sync 1 DAGs
[2024-10-03T11:03:52.597+0000] {logging_mixin.py:188} INFO - [2024-10-03T11:03:52.597+0000] {dag.py:3834} INFO - Setting next_dagrun for Vehicle_Data_scrape_Pipeline to 2024-10-03 00:00:00+00:00, run_after=2024-10-04 00:00:00+00:00
[2024-10-03T11:03:52.615+0000] {processor.py:183} INFO - Processing /opt/airflow/dags/vehicle_data_scraping_pipeline.py took 0.648 seconds
[2024-10-03T11:04:22.748+0000] {processor.py:161} INFO - Started process (PID=1427) to work on /opt/airflow/dags/vehicle_data_scraping_pipeline.py
[2024-10-03T11:04:22.750+0000] {processor.py:830} INFO - Processing file /opt/airflow/dags/vehicle_data_scraping_pipeline.py for tasks to queue
[2024-10-03T11:04:22.751+0000] {logging_mixin.py:188} INFO - [2024-10-03T11:04:22.751+0000] {dagbag.py:540} INFO - Filling up the DagBag from /opt/airflow/dags/vehicle_data_scraping_pipeline.py
[2024-10-03T11:04:23.280+0000] {processor.py:840} INFO - DAG(s) 'Vehicle_Data_scrape_Pipeline' retrieved from /opt/airflow/dags/vehicle_data_scraping_pipeline.py
[2024-10-03T11:04:23.325+0000] {logging_mixin.py:188} INFO - [2024-10-03T11:04:23.325+0000] {dag.py:3047} INFO - Sync 1 DAGs
[2024-10-03T11:04:23.339+0000] {logging_mixin.py:188} INFO - [2024-10-03T11:04:23.339+0000] {dag.py:3834} INFO - Setting next_dagrun for Vehicle_Data_scrape_Pipeline to 2024-10-03 00:00:00+00:00, run_after=2024-10-04 00:00:00+00:00
[2024-10-03T11:04:23.353+0000] {processor.py:183} INFO - Processing /opt/airflow/dags/vehicle_data_scraping_pipeline.py took 0.606 seconds
[2024-10-03T11:04:53.667+0000] {processor.py:161} INFO - Started process (PID=1476) to work on /opt/airflow/dags/vehicle_data_scraping_pipeline.py
[2024-10-03T11:04:53.669+0000] {processor.py:830} INFO - Processing file /opt/airflow/dags/vehicle_data_scraping_pipeline.py for tasks to queue
[2024-10-03T11:04:53.670+0000] {logging_mixin.py:188} INFO - [2024-10-03T11:04:53.670+0000] {dagbag.py:540} INFO - Filling up the DagBag from /opt/airflow/dags/vehicle_data_scraping_pipeline.py
[2024-10-03T11:04:54.185+0000] {processor.py:840} INFO - DAG(s) 'Vehicle_Data_scrape_Pipeline' retrieved from /opt/airflow/dags/vehicle_data_scraping_pipeline.py
[2024-10-03T11:04:54.309+0000] {logging_mixin.py:188} INFO - [2024-10-03T11:04:54.309+0000] {dag.py:3047} INFO - Sync 1 DAGs
[2024-10-03T11:04:54.325+0000] {logging_mixin.py:188} INFO - [2024-10-03T11:04:54.325+0000] {dag.py:3834} INFO - Setting next_dagrun for Vehicle_Data_scrape_Pipeline to 2024-10-03 00:00:00+00:00, run_after=2024-10-04 00:00:00+00:00
[2024-10-03T11:04:54.346+0000] {processor.py:183} INFO - Processing /opt/airflow/dags/vehicle_data_scraping_pipeline.py took 0.680 seconds
[2024-10-03T11:05:24.506+0000] {processor.py:161} INFO - Started process (PID=1525) to work on /opt/airflow/dags/vehicle_data_scraping_pipeline.py
[2024-10-03T11:05:24.508+0000] {processor.py:830} INFO - Processing file /opt/airflow/dags/vehicle_data_scraping_pipeline.py for tasks to queue
[2024-10-03T11:05:24.509+0000] {logging_mixin.py:188} INFO - [2024-10-03T11:05:24.509+0000] {dagbag.py:540} INFO - Filling up the DagBag from /opt/airflow/dags/vehicle_data_scraping_pipeline.py
[2024-10-03T11:05:25.104+0000] {processor.py:840} INFO - DAG(s) 'Vehicle_Data_scrape_Pipeline' retrieved from /opt/airflow/dags/vehicle_data_scraping_pipeline.py
[2024-10-03T11:05:25.211+0000] {logging_mixin.py:188} INFO - [2024-10-03T11:05:25.211+0000] {dag.py:3047} INFO - Sync 1 DAGs
[2024-10-03T11:05:25.228+0000] {logging_mixin.py:188} INFO - [2024-10-03T11:05:25.228+0000] {dag.py:3834} INFO - Setting next_dagrun for Vehicle_Data_scrape_Pipeline to 2024-10-03 00:00:00+00:00, run_after=2024-10-04 00:00:00+00:00
[2024-10-03T11:05:25.327+0000] {processor.py:183} INFO - Processing /opt/airflow/dags/vehicle_data_scraping_pipeline.py took 0.823 seconds
[2024-10-03T11:05:56.048+0000] {processor.py:161} INFO - Started process (PID=1574) to work on /opt/airflow/dags/vehicle_data_scraping_pipeline.py
[2024-10-03T11:05:56.049+0000] {processor.py:830} INFO - Processing file /opt/airflow/dags/vehicle_data_scraping_pipeline.py for tasks to queue
[2024-10-03T11:05:56.050+0000] {logging_mixin.py:188} INFO - [2024-10-03T11:05:56.049+0000] {dagbag.py:540} INFO - Filling up the DagBag from /opt/airflow/dags/vehicle_data_scraping_pipeline.py
[2024-10-03T11:05:56.575+0000] {processor.py:840} INFO - DAG(s) 'Vehicle_Data_scrape_Pipeline' retrieved from /opt/airflow/dags/vehicle_data_scraping_pipeline.py
[2024-10-03T11:05:56.631+0000] {logging_mixin.py:188} INFO - [2024-10-03T11:05:56.631+0000] {dag.py:3047} INFO - Sync 1 DAGs
[2024-10-03T11:05:56.647+0000] {logging_mixin.py:188} INFO - [2024-10-03T11:05:56.647+0000] {dag.py:3834} INFO - Setting next_dagrun for Vehicle_Data_scrape_Pipeline to 2024-10-03 00:00:00+00:00, run_after=2024-10-04 00:00:00+00:00
[2024-10-03T11:05:56.662+0000] {processor.py:183} INFO - Processing /opt/airflow/dags/vehicle_data_scraping_pipeline.py took 0.617 seconds
[2024-10-03T11:06:27.007+0000] {processor.py:161} INFO - Started process (PID=1623) to work on /opt/airflow/dags/vehicle_data_scraping_pipeline.py
[2024-10-03T11:06:27.008+0000] {processor.py:830} INFO - Processing file /opt/airflow/dags/vehicle_data_scraping_pipeline.py for tasks to queue
[2024-10-03T11:06:27.010+0000] {logging_mixin.py:188} INFO - [2024-10-03T11:06:27.009+0000] {dagbag.py:540} INFO - Filling up the DagBag from /opt/airflow/dags/vehicle_data_scraping_pipeline.py
[2024-10-03T11:06:27.522+0000] {processor.py:840} INFO - DAG(s) 'Vehicle_Data_scrape_Pipeline' retrieved from /opt/airflow/dags/vehicle_data_scraping_pipeline.py
[2024-10-03T11:06:27.603+0000] {logging_mixin.py:188} INFO - [2024-10-03T11:06:27.603+0000] {dag.py:3047} INFO - Sync 1 DAGs
[2024-10-03T11:06:27.616+0000] {logging_mixin.py:188} INFO - [2024-10-03T11:06:27.616+0000] {dag.py:3834} INFO - Setting next_dagrun for Vehicle_Data_scrape_Pipeline to 2024-10-03 00:00:00+00:00, run_after=2024-10-04 00:00:00+00:00
[2024-10-03T11:06:27.630+0000] {processor.py:183} INFO - Processing /opt/airflow/dags/vehicle_data_scraping_pipeline.py took 0.626 seconds
[2024-10-03T11:06:57.945+0000] {processor.py:161} INFO - Started process (PID=1672) to work on /opt/airflow/dags/vehicle_data_scraping_pipeline.py
[2024-10-03T11:06:57.947+0000] {processor.py:830} INFO - Processing file /opt/airflow/dags/vehicle_data_scraping_pipeline.py for tasks to queue
[2024-10-03T11:06:57.948+0000] {logging_mixin.py:188} INFO - [2024-10-03T11:06:57.948+0000] {dagbag.py:540} INFO - Filling up the DagBag from /opt/airflow/dags/vehicle_data_scraping_pipeline.py
[2024-10-03T11:06:58.378+0000] {processor.py:840} INFO - DAG(s) 'Vehicle_Data_scrape_Pipeline' retrieved from /opt/airflow/dags/vehicle_data_scraping_pipeline.py
[2024-10-03T11:06:58.543+0000] {logging_mixin.py:188} INFO - [2024-10-03T11:06:58.543+0000] {dag.py:3047} INFO - Sync 1 DAGs
[2024-10-03T11:06:58.556+0000] {logging_mixin.py:188} INFO - [2024-10-03T11:06:58.556+0000] {dag.py:3834} INFO - Setting next_dagrun for Vehicle_Data_scrape_Pipeline to 2024-10-03 00:00:00+00:00, run_after=2024-10-04 00:00:00+00:00
[2024-10-03T11:06:58.569+0000] {processor.py:183} INFO - Processing /opt/airflow/dags/vehicle_data_scraping_pipeline.py took 0.627 seconds
[2024-10-03T11:07:28.807+0000] {processor.py:161} INFO - Started process (PID=1721) to work on /opt/airflow/dags/vehicle_data_scraping_pipeline.py
[2024-10-03T11:07:28.808+0000] {processor.py:830} INFO - Processing file /opt/airflow/dags/vehicle_data_scraping_pipeline.py for tasks to queue
[2024-10-03T11:07:28.809+0000] {logging_mixin.py:188} INFO - [2024-10-03T11:07:28.809+0000] {dagbag.py:540} INFO - Filling up the DagBag from /opt/airflow/dags/vehicle_data_scraping_pipeline.py
[2024-10-03T11:07:29.261+0000] {processor.py:840} INFO - DAG(s) 'Vehicle_Data_scrape_Pipeline' retrieved from /opt/airflow/dags/vehicle_data_scraping_pipeline.py
[2024-10-03T11:07:29.324+0000] {logging_mixin.py:188} INFO - [2024-10-03T11:07:29.324+0000] {dag.py:3047} INFO - Sync 1 DAGs
[2024-10-03T11:07:29.339+0000] {logging_mixin.py:188} INFO - [2024-10-03T11:07:29.338+0000] {dag.py:3834} INFO - Setting next_dagrun for Vehicle_Data_scrape_Pipeline to 2024-10-03 00:00:00+00:00, run_after=2024-10-04 00:00:00+00:00
[2024-10-03T11:07:29.363+0000] {processor.py:183} INFO - Processing /opt/airflow/dags/vehicle_data_scraping_pipeline.py took 0.559 seconds
[2024-10-03T11:07:59.554+0000] {processor.py:161} INFO - Started process (PID=1770) to work on /opt/airflow/dags/vehicle_data_scraping_pipeline.py
[2024-10-03T11:07:59.556+0000] {processor.py:830} INFO - Processing file /opt/airflow/dags/vehicle_data_scraping_pipeline.py for tasks to queue
[2024-10-03T11:07:59.557+0000] {logging_mixin.py:188} INFO - [2024-10-03T11:07:59.557+0000] {dagbag.py:540} INFO - Filling up the DagBag from /opt/airflow/dags/vehicle_data_scraping_pipeline.py
[2024-10-03T11:07:59.988+0000] {processor.py:840} INFO - DAG(s) 'Vehicle_Data_scrape_Pipeline' retrieved from /opt/airflow/dags/vehicle_data_scraping_pipeline.py
[2024-10-03T11:08:00.067+0000] {logging_mixin.py:188} INFO - [2024-10-03T11:08:00.067+0000] {dag.py:3047} INFO - Sync 1 DAGs
[2024-10-03T11:08:00.085+0000] {logging_mixin.py:188} INFO - [2024-10-03T11:08:00.085+0000] {dag.py:3834} INFO - Setting next_dagrun for Vehicle_Data_scrape_Pipeline to 2024-10-03 00:00:00+00:00, run_after=2024-10-04 00:00:00+00:00
[2024-10-03T11:08:00.180+0000] {processor.py:183} INFO - Processing /opt/airflow/dags/vehicle_data_scraping_pipeline.py took 0.629 seconds
[2024-10-03T11:08:30.607+0000] {processor.py:161} INFO - Started process (PID=1819) to work on /opt/airflow/dags/vehicle_data_scraping_pipeline.py
[2024-10-03T11:08:30.608+0000] {processor.py:830} INFO - Processing file /opt/airflow/dags/vehicle_data_scraping_pipeline.py for tasks to queue
[2024-10-03T11:08:30.609+0000] {logging_mixin.py:188} INFO - [2024-10-03T11:08:30.609+0000] {dagbag.py:540} INFO - Filling up the DagBag from /opt/airflow/dags/vehicle_data_scraping_pipeline.py
[2024-10-03T11:08:31.123+0000] {processor.py:840} INFO - DAG(s) 'Vehicle_Data_scrape_Pipeline' retrieved from /opt/airflow/dags/vehicle_data_scraping_pipeline.py
[2024-10-03T11:08:31.200+0000] {logging_mixin.py:188} INFO - [2024-10-03T11:08:31.200+0000] {dag.py:3047} INFO - Sync 1 DAGs
[2024-10-03T11:08:31.217+0000] {logging_mixin.py:188} INFO - [2024-10-03T11:08:31.216+0000] {dag.py:3834} INFO - Setting next_dagrun for Vehicle_Data_scrape_Pipeline to 2024-10-03 00:00:00+00:00, run_after=2024-10-04 00:00:00+00:00
[2024-10-03T11:08:31.233+0000] {processor.py:183} INFO - Processing /opt/airflow/dags/vehicle_data_scraping_pipeline.py took 0.629 seconds
[2024-10-03T11:09:01.392+0000] {processor.py:161} INFO - Started process (PID=1868) to work on /opt/airflow/dags/vehicle_data_scraping_pipeline.py
[2024-10-03T11:09:01.394+0000] {processor.py:830} INFO - Processing file /opt/airflow/dags/vehicle_data_scraping_pipeline.py for tasks to queue
[2024-10-03T11:09:01.395+0000] {logging_mixin.py:188} INFO - [2024-10-03T11:09:01.395+0000] {dagbag.py:540} INFO - Filling up the DagBag from /opt/airflow/dags/vehicle_data_scraping_pipeline.py
[2024-10-03T11:09:02.065+0000] {processor.py:840} INFO - DAG(s) 'Vehicle_Data_scrape_Pipeline' retrieved from /opt/airflow/dags/vehicle_data_scraping_pipeline.py
[2024-10-03T11:09:02.161+0000] {logging_mixin.py:188} INFO - [2024-10-03T11:09:02.160+0000] {dag.py:3047} INFO - Sync 1 DAGs
[2024-10-03T11:09:02.174+0000] {logging_mixin.py:188} INFO - [2024-10-03T11:09:02.174+0000] {dag.py:3834} INFO - Setting next_dagrun for Vehicle_Data_scrape_Pipeline to 2024-10-03 00:00:00+00:00, run_after=2024-10-04 00:00:00+00:00
[2024-10-03T11:09:02.192+0000] {processor.py:183} INFO - Processing /opt/airflow/dags/vehicle_data_scraping_pipeline.py took 0.802 seconds
[2024-10-03T11:09:32.306+0000] {processor.py:161} INFO - Started process (PID=1917) to work on /opt/airflow/dags/vehicle_data_scraping_pipeline.py
[2024-10-03T11:09:32.307+0000] {processor.py:830} INFO - Processing file /opt/airflow/dags/vehicle_data_scraping_pipeline.py for tasks to queue
[2024-10-03T11:09:32.308+0000] {logging_mixin.py:188} INFO - [2024-10-03T11:09:32.308+0000] {dagbag.py:540} INFO - Filling up the DagBag from /opt/airflow/dags/vehicle_data_scraping_pipeline.py
[2024-10-03T11:09:32.741+0000] {processor.py:840} INFO - DAG(s) 'Vehicle_Data_scrape_Pipeline' retrieved from /opt/airflow/dags/vehicle_data_scraping_pipeline.py
[2024-10-03T11:09:32.932+0000] {logging_mixin.py:188} INFO - [2024-10-03T11:09:32.932+0000] {dag.py:3047} INFO - Sync 1 DAGs
[2024-10-03T11:09:32.946+0000] {logging_mixin.py:188} INFO - [2024-10-03T11:09:32.946+0000] {dag.py:3834} INFO - Setting next_dagrun for Vehicle_Data_scrape_Pipeline to 2024-10-03 00:00:00+00:00, run_after=2024-10-04 00:00:00+00:00
[2024-10-03T11:09:32.961+0000] {processor.py:183} INFO - Processing /opt/airflow/dags/vehicle_data_scraping_pipeline.py took 0.658 seconds
[2024-10-03T11:10:03.250+0000] {processor.py:161} INFO - Started process (PID=1966) to work on /opt/airflow/dags/vehicle_data_scraping_pipeline.py
[2024-10-03T11:10:03.251+0000] {processor.py:830} INFO - Processing file /opt/airflow/dags/vehicle_data_scraping_pipeline.py for tasks to queue
[2024-10-03T11:10:03.252+0000] {logging_mixin.py:188} INFO - [2024-10-03T11:10:03.252+0000] {dagbag.py:540} INFO - Filling up the DagBag from /opt/airflow/dags/vehicle_data_scraping_pipeline.py
[2024-10-03T11:10:03.720+0000] {processor.py:840} INFO - DAG(s) 'Vehicle_Data_scrape_Pipeline' retrieved from /opt/airflow/dags/vehicle_data_scraping_pipeline.py
[2024-10-03T11:10:03.832+0000] {logging_mixin.py:188} INFO - [2024-10-03T11:10:03.832+0000] {dag.py:3047} INFO - Sync 1 DAGs
[2024-10-03T11:10:03.847+0000] {logging_mixin.py:188} INFO - [2024-10-03T11:10:03.847+0000] {dag.py:3834} INFO - Setting next_dagrun for Vehicle_Data_scrape_Pipeline to 2024-10-03 00:00:00+00:00, run_after=2024-10-04 00:00:00+00:00
[2024-10-03T11:10:03.869+0000] {processor.py:183} INFO - Processing /opt/airflow/dags/vehicle_data_scraping_pipeline.py took 0.621 seconds
[2024-10-03T11:10:33.965+0000] {processor.py:161} INFO - Started process (PID=2015) to work on /opt/airflow/dags/vehicle_data_scraping_pipeline.py
[2024-10-03T11:10:33.966+0000] {processor.py:830} INFO - Processing file /opt/airflow/dags/vehicle_data_scraping_pipeline.py for tasks to queue
[2024-10-03T11:10:33.967+0000] {logging_mixin.py:188} INFO - [2024-10-03T11:10:33.967+0000] {dagbag.py:540} INFO - Filling up the DagBag from /opt/airflow/dags/vehicle_data_scraping_pipeline.py
[2024-10-03T11:10:34.387+0000] {processor.py:840} INFO - DAG(s) 'Vehicle_Data_scrape_Pipeline' retrieved from /opt/airflow/dags/vehicle_data_scraping_pipeline.py
[2024-10-03T11:10:34.458+0000] {logging_mixin.py:188} INFO - [2024-10-03T11:10:34.457+0000] {dag.py:3047} INFO - Sync 1 DAGs
[2024-10-03T11:10:34.477+0000] {logging_mixin.py:188} INFO - [2024-10-03T11:10:34.476+0000] {dag.py:3834} INFO - Setting next_dagrun for Vehicle_Data_scrape_Pipeline to 2024-10-03 00:00:00+00:00, run_after=2024-10-04 00:00:00+00:00
[2024-10-03T11:10:34.595+0000] {processor.py:183} INFO - Processing /opt/airflow/dags/vehicle_data_scraping_pipeline.py took 0.632 seconds
[2024-10-03T11:11:04.722+0000] {processor.py:161} INFO - Started process (PID=2064) to work on /opt/airflow/dags/vehicle_data_scraping_pipeline.py
[2024-10-03T11:11:04.724+0000] {processor.py:830} INFO - Processing file /opt/airflow/dags/vehicle_data_scraping_pipeline.py for tasks to queue
[2024-10-03T11:11:04.725+0000] {logging_mixin.py:188} INFO - [2024-10-03T11:11:04.724+0000] {dagbag.py:540} INFO - Filling up the DagBag from /opt/airflow/dags/vehicle_data_scraping_pipeline.py
[2024-10-03T11:11:05.211+0000] {processor.py:840} INFO - DAG(s) 'Vehicle_Data_scrape_Pipeline' retrieved from /opt/airflow/dags/vehicle_data_scraping_pipeline.py
[2024-10-03T11:11:05.267+0000] {logging_mixin.py:188} INFO - [2024-10-03T11:11:05.267+0000] {dag.py:3047} INFO - Sync 1 DAGs
[2024-10-03T11:11:05.284+0000] {logging_mixin.py:188} INFO - [2024-10-03T11:11:05.284+0000] {dag.py:3834} INFO - Setting next_dagrun for Vehicle_Data_scrape_Pipeline to 2024-10-03 00:00:00+00:00, run_after=2024-10-04 00:00:00+00:00
[2024-10-03T11:11:05.299+0000] {processor.py:183} INFO - Processing /opt/airflow/dags/vehicle_data_scraping_pipeline.py took 0.579 seconds
[2024-10-03T11:11:35.716+0000] {processor.py:161} INFO - Started process (PID=2113) to work on /opt/airflow/dags/vehicle_data_scraping_pipeline.py
[2024-10-03T11:11:35.717+0000] {processor.py:830} INFO - Processing file /opt/airflow/dags/vehicle_data_scraping_pipeline.py for tasks to queue
[2024-10-03T11:11:35.719+0000] {logging_mixin.py:188} INFO - [2024-10-03T11:11:35.718+0000] {dagbag.py:540} INFO - Filling up the DagBag from /opt/airflow/dags/vehicle_data_scraping_pipeline.py
[2024-10-03T11:11:36.263+0000] {processor.py:840} INFO - DAG(s) 'Vehicle_Data_scrape_Pipeline' retrieved from /opt/airflow/dags/vehicle_data_scraping_pipeline.py
[2024-10-03T11:11:36.322+0000] {logging_mixin.py:188} INFO - [2024-10-03T11:11:36.322+0000] {dag.py:3047} INFO - Sync 1 DAGs
[2024-10-03T11:11:36.338+0000] {logging_mixin.py:188} INFO - [2024-10-03T11:11:36.338+0000] {dag.py:3834} INFO - Setting next_dagrun for Vehicle_Data_scrape_Pipeline to 2024-10-03 00:00:00+00:00, run_after=2024-10-04 00:00:00+00:00
[2024-10-03T11:11:36.355+0000] {processor.py:183} INFO - Processing /opt/airflow/dags/vehicle_data_scraping_pipeline.py took 0.642 seconds
[2024-10-03T11:12:06.565+0000] {processor.py:161} INFO - Started process (PID=2162) to work on /opt/airflow/dags/vehicle_data_scraping_pipeline.py
[2024-10-03T11:12:06.567+0000] {processor.py:830} INFO - Processing file /opt/airflow/dags/vehicle_data_scraping_pipeline.py for tasks to queue
[2024-10-03T11:12:06.568+0000] {logging_mixin.py:188} INFO - [2024-10-03T11:12:06.567+0000] {dagbag.py:540} INFO - Filling up the DagBag from /opt/airflow/dags/vehicle_data_scraping_pipeline.py
[2024-10-03T11:12:07.138+0000] {processor.py:840} INFO - DAG(s) 'Vehicle_Data_scrape_Pipeline' retrieved from /opt/airflow/dags/vehicle_data_scraping_pipeline.py
[2024-10-03T11:12:07.197+0000] {logging_mixin.py:188} INFO - [2024-10-03T11:12:07.197+0000] {dag.py:3047} INFO - Sync 1 DAGs
[2024-10-03T11:12:07.215+0000] {logging_mixin.py:188} INFO - [2024-10-03T11:12:07.215+0000] {dag.py:3834} INFO - Setting next_dagrun for Vehicle_Data_scrape_Pipeline to 2024-10-03 00:00:00+00:00, run_after=2024-10-04 00:00:00+00:00
[2024-10-03T11:12:07.234+0000] {processor.py:183} INFO - Processing /opt/airflow/dags/vehicle_data_scraping_pipeline.py took 0.672 seconds
[2024-10-03T11:12:37.895+0000] {processor.py:161} INFO - Started process (PID=2211) to work on /opt/airflow/dags/vehicle_data_scraping_pipeline.py
[2024-10-03T11:12:37.896+0000] {processor.py:830} INFO - Processing file /opt/airflow/dags/vehicle_data_scraping_pipeline.py for tasks to queue
[2024-10-03T11:12:37.898+0000] {logging_mixin.py:188} INFO - [2024-10-03T11:12:37.897+0000] {dagbag.py:540} INFO - Filling up the DagBag from /opt/airflow/dags/vehicle_data_scraping_pipeline.py
[2024-10-03T11:12:38.303+0000] {processor.py:840} INFO - DAG(s) 'Vehicle_Data_scrape_Pipeline' retrieved from /opt/airflow/dags/vehicle_data_scraping_pipeline.py
[2024-10-03T11:12:38.351+0000] {logging_mixin.py:188} INFO - [2024-10-03T11:12:38.350+0000] {dag.py:3047} INFO - Sync 1 DAGs
[2024-10-03T11:12:38.369+0000] {logging_mixin.py:188} INFO - [2024-10-03T11:12:38.368+0000] {dag.py:3834} INFO - Setting next_dagrun for Vehicle_Data_scrape_Pipeline to 2024-10-03 00:00:00+00:00, run_after=2024-10-04 00:00:00+00:00
[2024-10-03T11:12:38.488+0000] {processor.py:183} INFO - Processing /opt/airflow/dags/vehicle_data_scraping_pipeline.py took 0.597 seconds
[2024-10-03T11:13:08.693+0000] {processor.py:161} INFO - Started process (PID=2260) to work on /opt/airflow/dags/vehicle_data_scraping_pipeline.py
[2024-10-03T11:13:08.695+0000] {processor.py:830} INFO - Processing file /opt/airflow/dags/vehicle_data_scraping_pipeline.py for tasks to queue
[2024-10-03T11:13:08.696+0000] {logging_mixin.py:188} INFO - [2024-10-03T11:13:08.696+0000] {dagbag.py:540} INFO - Filling up the DagBag from /opt/airflow/dags/vehicle_data_scraping_pipeline.py
[2024-10-03T11:13:09.260+0000] {processor.py:840} INFO - DAG(s) 'Vehicle_Data_scrape_Pipeline' retrieved from /opt/airflow/dags/vehicle_data_scraping_pipeline.py
[2024-10-03T11:13:09.356+0000] {logging_mixin.py:188} INFO - [2024-10-03T11:13:09.355+0000] {dag.py:3047} INFO - Sync 1 DAGs
[2024-10-03T11:13:09.374+0000] {logging_mixin.py:188} INFO - [2024-10-03T11:13:09.374+0000] {dag.py:3834} INFO - Setting next_dagrun for Vehicle_Data_scrape_Pipeline to 2024-10-03 00:00:00+00:00, run_after=2024-10-04 00:00:00+00:00
[2024-10-03T11:13:09.395+0000] {processor.py:183} INFO - Processing /opt/airflow/dags/vehicle_data_scraping_pipeline.py took 0.703 seconds
[2024-10-03T11:13:39.626+0000] {processor.py:161} INFO - Started process (PID=2309) to work on /opt/airflow/dags/vehicle_data_scraping_pipeline.py
[2024-10-03T11:13:39.628+0000] {processor.py:830} INFO - Processing file /opt/airflow/dags/vehicle_data_scraping_pipeline.py for tasks to queue
[2024-10-03T11:13:39.629+0000] {logging_mixin.py:188} INFO - [2024-10-03T11:13:39.629+0000] {dagbag.py:540} INFO - Filling up the DagBag from /opt/airflow/dags/vehicle_data_scraping_pipeline.py
[2024-10-03T11:13:40.191+0000] {processor.py:840} INFO - DAG(s) 'Vehicle_Data_scrape_Pipeline' retrieved from /opt/airflow/dags/vehicle_data_scraping_pipeline.py
[2024-10-03T11:13:40.303+0000] {logging_mixin.py:188} INFO - [2024-10-03T11:13:40.303+0000] {dag.py:3047} INFO - Sync 1 DAGs
[2024-10-03T11:13:40.317+0000] {logging_mixin.py:188} INFO - [2024-10-03T11:13:40.317+0000] {dag.py:3834} INFO - Setting next_dagrun for Vehicle_Data_scrape_Pipeline to 2024-10-03 00:00:00+00:00, run_after=2024-10-04 00:00:00+00:00
[2024-10-03T11:13:40.336+0000] {processor.py:183} INFO - Processing /opt/airflow/dags/vehicle_data_scraping_pipeline.py took 0.713 seconds
[2024-10-03T11:14:10.448+0000] {processor.py:161} INFO - Started process (PID=2358) to work on /opt/airflow/dags/vehicle_data_scraping_pipeline.py
[2024-10-03T11:14:10.449+0000] {processor.py:830} INFO - Processing file /opt/airflow/dags/vehicle_data_scraping_pipeline.py for tasks to queue
[2024-10-03T11:14:10.451+0000] {logging_mixin.py:188} INFO - [2024-10-03T11:14:10.450+0000] {dagbag.py:540} INFO - Filling up the DagBag from /opt/airflow/dags/vehicle_data_scraping_pipeline.py
[2024-10-03T11:14:10.960+0000] {processor.py:840} INFO - DAG(s) 'Vehicle_Data_scrape_Pipeline' retrieved from /opt/airflow/dags/vehicle_data_scraping_pipeline.py
[2024-10-03T11:14:11.031+0000] {logging_mixin.py:188} INFO - [2024-10-03T11:14:11.030+0000] {dag.py:3047} INFO - Sync 1 DAGs
[2024-10-03T11:14:11.045+0000] {logging_mixin.py:188} INFO - [2024-10-03T11:14:11.044+0000] {dag.py:3834} INFO - Setting next_dagrun for Vehicle_Data_scrape_Pipeline to 2024-10-03 00:00:00+00:00, run_after=2024-10-04 00:00:00+00:00
[2024-10-03T11:14:11.058+0000] {processor.py:183} INFO - Processing /opt/airflow/dags/vehicle_data_scraping_pipeline.py took 0.612 seconds
[2024-10-03T11:14:41.164+0000] {processor.py:161} INFO - Started process (PID=2407) to work on /opt/airflow/dags/vehicle_data_scraping_pipeline.py
[2024-10-03T11:14:41.166+0000] {processor.py:830} INFO - Processing file /opt/airflow/dags/vehicle_data_scraping_pipeline.py for tasks to queue
[2024-10-03T11:14:41.167+0000] {logging_mixin.py:188} INFO - [2024-10-03T11:14:41.167+0000] {dagbag.py:540} INFO - Filling up the DagBag from /opt/airflow/dags/vehicle_data_scraping_pipeline.py
[2024-10-03T11:14:41.756+0000] {processor.py:840} INFO - DAG(s) 'Vehicle_Data_scrape_Pipeline' retrieved from /opt/airflow/dags/vehicle_data_scraping_pipeline.py
[2024-10-03T11:14:41.838+0000] {logging_mixin.py:188} INFO - [2024-10-03T11:14:41.838+0000] {dag.py:3047} INFO - Sync 1 DAGs
[2024-10-03T11:14:41.850+0000] {logging_mixin.py:188} INFO - [2024-10-03T11:14:41.850+0000] {dag.py:3834} INFO - Setting next_dagrun for Vehicle_Data_scrape_Pipeline to 2024-10-03 00:00:00+00:00, run_after=2024-10-04 00:00:00+00:00
[2024-10-03T11:14:41.864+0000] {processor.py:183} INFO - Processing /opt/airflow/dags/vehicle_data_scraping_pipeline.py took 0.701 seconds
[2024-10-03T11:15:12.072+0000] {processor.py:161} INFO - Started process (PID=2456) to work on /opt/airflow/dags/vehicle_data_scraping_pipeline.py
[2024-10-03T11:15:12.073+0000] {processor.py:830} INFO - Processing file /opt/airflow/dags/vehicle_data_scraping_pipeline.py for tasks to queue
[2024-10-03T11:15:12.074+0000] {logging_mixin.py:188} INFO - [2024-10-03T11:15:12.074+0000] {dagbag.py:540} INFO - Filling up the DagBag from /opt/airflow/dags/vehicle_data_scraping_pipeline.py
[2024-10-03T11:15:12.484+0000] {processor.py:840} INFO - DAG(s) 'Vehicle_Data_scrape_Pipeline' retrieved from /opt/airflow/dags/vehicle_data_scraping_pipeline.py
[2024-10-03T11:15:12.532+0000] {logging_mixin.py:188} INFO - [2024-10-03T11:15:12.532+0000] {dag.py:3047} INFO - Sync 1 DAGs
[2024-10-03T11:15:12.551+0000] {logging_mixin.py:188} INFO - [2024-10-03T11:15:12.550+0000] {dag.py:3834} INFO - Setting next_dagrun for Vehicle_Data_scrape_Pipeline to 2024-10-03 00:00:00+00:00, run_after=2024-10-04 00:00:00+00:00
[2024-10-03T11:15:12.664+0000] {processor.py:183} INFO - Processing /opt/airflow/dags/vehicle_data_scraping_pipeline.py took 0.595 seconds
[2024-10-03T11:15:42.937+0000] {processor.py:161} INFO - Started process (PID=2505) to work on /opt/airflow/dags/vehicle_data_scraping_pipeline.py
[2024-10-03T11:15:42.938+0000] {processor.py:830} INFO - Processing file /opt/airflow/dags/vehicle_data_scraping_pipeline.py for tasks to queue
[2024-10-03T11:15:42.939+0000] {logging_mixin.py:188} INFO - [2024-10-03T11:15:42.939+0000] {dagbag.py:540} INFO - Filling up the DagBag from /opt/airflow/dags/vehicle_data_scraping_pipeline.py
[2024-10-03T11:15:43.479+0000] {processor.py:840} INFO - DAG(s) 'Vehicle_Data_scrape_Pipeline' retrieved from /opt/airflow/dags/vehicle_data_scraping_pipeline.py
[2024-10-03T11:15:43.551+0000] {logging_mixin.py:188} INFO - [2024-10-03T11:15:43.551+0000] {dag.py:3047} INFO - Sync 1 DAGs
[2024-10-03T11:15:43.565+0000] {logging_mixin.py:188} INFO - [2024-10-03T11:15:43.565+0000] {dag.py:3834} INFO - Setting next_dagrun for Vehicle_Data_scrape_Pipeline to 2024-10-03 00:00:00+00:00, run_after=2024-10-04 00:00:00+00:00
[2024-10-03T11:15:43.579+0000] {processor.py:183} INFO - Processing /opt/airflow/dags/vehicle_data_scraping_pipeline.py took 0.644 seconds
[2024-10-03T11:16:13.709+0000] {processor.py:161} INFO - Started process (PID=2554) to work on /opt/airflow/dags/vehicle_data_scraping_pipeline.py
[2024-10-03T11:16:13.711+0000] {processor.py:830} INFO - Processing file /opt/airflow/dags/vehicle_data_scraping_pipeline.py for tasks to queue
[2024-10-03T11:16:13.712+0000] {logging_mixin.py:188} INFO - [2024-10-03T11:16:13.712+0000] {dagbag.py:540} INFO - Filling up the DagBag from /opt/airflow/dags/vehicle_data_scraping_pipeline.py
[2024-10-03T11:16:14.307+0000] {processor.py:840} INFO - DAG(s) 'Vehicle_Data_scrape_Pipeline' retrieved from /opt/airflow/dags/vehicle_data_scraping_pipeline.py
[2024-10-03T11:16:14.383+0000] {logging_mixin.py:188} INFO - [2024-10-03T11:16:14.382+0000] {dag.py:3047} INFO - Sync 1 DAGs
[2024-10-03T11:16:14.397+0000] {logging_mixin.py:188} INFO - [2024-10-03T11:16:14.397+0000] {dag.py:3834} INFO - Setting next_dagrun for Vehicle_Data_scrape_Pipeline to 2024-10-03 00:00:00+00:00, run_after=2024-10-04 00:00:00+00:00
[2024-10-03T11:16:14.411+0000] {processor.py:183} INFO - Processing /opt/airflow/dags/vehicle_data_scraping_pipeline.py took 0.705 seconds
[2024-10-03T11:16:44.534+0000] {processor.py:161} INFO - Started process (PID=2603) to work on /opt/airflow/dags/vehicle_data_scraping_pipeline.py
[2024-10-03T11:16:44.536+0000] {processor.py:830} INFO - Processing file /opt/airflow/dags/vehicle_data_scraping_pipeline.py for tasks to queue
[2024-10-03T11:16:44.536+0000] {logging_mixin.py:188} INFO - [2024-10-03T11:16:44.536+0000] {dagbag.py:540} INFO - Filling up the DagBag from /opt/airflow/dags/vehicle_data_scraping_pipeline.py
[2024-10-03T11:16:45.039+0000] {processor.py:840} INFO - DAG(s) 'Vehicle_Data_scrape_Pipeline' retrieved from /opt/airflow/dags/vehicle_data_scraping_pipeline.py
[2024-10-03T11:16:45.104+0000] {logging_mixin.py:188} INFO - [2024-10-03T11:16:45.103+0000] {dag.py:3047} INFO - Sync 1 DAGs
[2024-10-03T11:16:45.115+0000] {logging_mixin.py:188} INFO - [2024-10-03T11:16:45.115+0000] {dag.py:3834} INFO - Setting next_dagrun for Vehicle_Data_scrape_Pipeline to 2024-10-03 00:00:00+00:00, run_after=2024-10-04 00:00:00+00:00
[2024-10-03T11:16:45.128+0000] {processor.py:183} INFO - Processing /opt/airflow/dags/vehicle_data_scraping_pipeline.py took 0.596 seconds
[2024-10-03T11:17:15.473+0000] {processor.py:161} INFO - Started process (PID=2650) to work on /opt/airflow/dags/vehicle_data_scraping_pipeline.py
[2024-10-03T11:17:15.475+0000] {processor.py:830} INFO - Processing file /opt/airflow/dags/vehicle_data_scraping_pipeline.py for tasks to queue
[2024-10-03T11:17:15.476+0000] {logging_mixin.py:188} INFO - [2024-10-03T11:17:15.476+0000] {dagbag.py:540} INFO - Filling up the DagBag from /opt/airflow/dags/vehicle_data_scraping_pipeline.py
[2024-10-03T11:17:16.092+0000] {processor.py:840} INFO - DAG(s) 'Vehicle_Data_scrape_Pipeline' retrieved from /opt/airflow/dags/vehicle_data_scraping_pipeline.py
[2024-10-03T11:17:16.144+0000] {logging_mixin.py:188} INFO - [2024-10-03T11:17:16.144+0000] {dag.py:3047} INFO - Sync 1 DAGs
[2024-10-03T11:17:16.158+0000] {logging_mixin.py:188} INFO - [2024-10-03T11:17:16.157+0000] {dag.py:3834} INFO - Setting next_dagrun for Vehicle_Data_scrape_Pipeline to 2024-10-03 00:00:00+00:00, run_after=2024-10-04 00:00:00+00:00
[2024-10-03T11:17:16.174+0000] {processor.py:183} INFO - Processing /opt/airflow/dags/vehicle_data_scraping_pipeline.py took 0.704 seconds
[2024-10-03T11:17:46.511+0000] {processor.py:161} INFO - Started process (PID=2699) to work on /opt/airflow/dags/vehicle_data_scraping_pipeline.py
[2024-10-03T11:17:46.512+0000] {processor.py:830} INFO - Processing file /opt/airflow/dags/vehicle_data_scraping_pipeline.py for tasks to queue
[2024-10-03T11:17:46.513+0000] {logging_mixin.py:188} INFO - [2024-10-03T11:17:46.513+0000] {dagbag.py:540} INFO - Filling up the DagBag from /opt/airflow/dags/vehicle_data_scraping_pipeline.py
[2024-10-03T11:17:47.044+0000] {processor.py:840} INFO - DAG(s) 'Vehicle_Data_scrape_Pipeline' retrieved from /opt/airflow/dags/vehicle_data_scraping_pipeline.py
[2024-10-03T11:17:47.117+0000] {logging_mixin.py:188} INFO - [2024-10-03T11:17:47.116+0000] {dag.py:3047} INFO - Sync 1 DAGs
[2024-10-03T11:17:47.134+0000] {logging_mixin.py:188} INFO - [2024-10-03T11:17:47.134+0000] {dag.py:3834} INFO - Setting next_dagrun for Vehicle_Data_scrape_Pipeline to 2024-10-03 00:00:00+00:00, run_after=2024-10-04 00:00:00+00:00
[2024-10-03T11:17:47.240+0000] {processor.py:183} INFO - Processing /opt/airflow/dags/vehicle_data_scraping_pipeline.py took 0.731 seconds
[2024-10-03T11:18:17.409+0000] {processor.py:161} INFO - Started process (PID=2735) to work on /opt/airflow/dags/vehicle_data_scraping_pipeline.py
[2024-10-03T11:18:17.411+0000] {processor.py:830} INFO - Processing file /opt/airflow/dags/vehicle_data_scraping_pipeline.py for tasks to queue
[2024-10-03T11:18:17.412+0000] {logging_mixin.py:188} INFO - [2024-10-03T11:18:17.412+0000] {dagbag.py:540} INFO - Filling up the DagBag from /opt/airflow/dags/vehicle_data_scraping_pipeline.py
[2024-10-03T11:18:18.091+0000] {processor.py:840} INFO - DAG(s) 'Vehicle_Data_scrape_Pipeline' retrieved from /opt/airflow/dags/vehicle_data_scraping_pipeline.py
[2024-10-03T11:18:18.129+0000] {logging_mixin.py:188} INFO - [2024-10-03T11:18:18.129+0000] {dag.py:3047} INFO - Sync 1 DAGs
[2024-10-03T11:18:18.142+0000] {logging_mixin.py:188} INFO - [2024-10-03T11:18:18.142+0000] {dag.py:3834} INFO - Setting next_dagrun for Vehicle_Data_scrape_Pipeline to 2024-10-03 00:00:00+00:00, run_after=2024-10-04 00:00:00+00:00
[2024-10-03T11:18:18.155+0000] {processor.py:183} INFO - Processing /opt/airflow/dags/vehicle_data_scraping_pipeline.py took 0.748 seconds
[2024-10-03T11:18:48.612+0000] {processor.py:161} INFO - Started process (PID=2783) to work on /opt/airflow/dags/vehicle_data_scraping_pipeline.py
[2024-10-03T11:18:48.613+0000] {processor.py:830} INFO - Processing file /opt/airflow/dags/vehicle_data_scraping_pipeline.py for tasks to queue
[2024-10-03T11:18:48.614+0000] {logging_mixin.py:188} INFO - [2024-10-03T11:18:48.614+0000] {dagbag.py:540} INFO - Filling up the DagBag from /opt/airflow/dags/vehicle_data_scraping_pipeline.py
[2024-10-03T11:18:49.196+0000] {processor.py:840} INFO - DAG(s) 'Vehicle_Data_scrape_Pipeline' retrieved from /opt/airflow/dags/vehicle_data_scraping_pipeline.py
[2024-10-03T11:18:49.284+0000] {logging_mixin.py:188} INFO - [2024-10-03T11:18:49.284+0000] {dag.py:3047} INFO - Sync 1 DAGs
[2024-10-03T11:18:49.300+0000] {logging_mixin.py:188} INFO - [2024-10-03T11:18:49.300+0000] {dag.py:3834} INFO - Setting next_dagrun for Vehicle_Data_scrape_Pipeline to 2024-10-03 00:00:00+00:00, run_after=2024-10-04 00:00:00+00:00
[2024-10-03T11:18:49.319+0000] {processor.py:183} INFO - Processing /opt/airflow/dags/vehicle_data_scraping_pipeline.py took 0.708 seconds
[2024-10-03T11:19:20.044+0000] {processor.py:161} INFO - Started process (PID=2832) to work on /opt/airflow/dags/vehicle_data_scraping_pipeline.py
[2024-10-03T11:19:20.045+0000] {processor.py:830} INFO - Processing file /opt/airflow/dags/vehicle_data_scraping_pipeline.py for tasks to queue
[2024-10-03T11:19:20.047+0000] {logging_mixin.py:188} INFO - [2024-10-03T11:19:20.046+0000] {dagbag.py:540} INFO - Filling up the DagBag from /opt/airflow/dags/vehicle_data_scraping_pipeline.py
[2024-10-03T11:19:20.664+0000] {processor.py:840} INFO - DAG(s) 'Vehicle_Data_scrape_Pipeline' retrieved from /opt/airflow/dags/vehicle_data_scraping_pipeline.py
[2024-10-03T11:19:20.727+0000] {logging_mixin.py:188} INFO - [2024-10-03T11:19:20.726+0000] {dag.py:3047} INFO - Sync 1 DAGs
[2024-10-03T11:19:20.745+0000] {logging_mixin.py:188} INFO - [2024-10-03T11:19:20.745+0000] {dag.py:3834} INFO - Setting next_dagrun for Vehicle_Data_scrape_Pipeline to 2024-10-03 00:00:00+00:00, run_after=2024-10-04 00:00:00+00:00
[2024-10-03T11:19:20.761+0000] {processor.py:183} INFO - Processing /opt/airflow/dags/vehicle_data_scraping_pipeline.py took 0.720 seconds
[2024-10-03T11:19:51.101+0000] {processor.py:161} INFO - Started process (PID=2878) to work on /opt/airflow/dags/vehicle_data_scraping_pipeline.py
[2024-10-03T11:19:51.102+0000] {processor.py:830} INFO - Processing file /opt/airflow/dags/vehicle_data_scraping_pipeline.py for tasks to queue
[2024-10-03T11:19:51.103+0000] {logging_mixin.py:188} INFO - [2024-10-03T11:19:51.103+0000] {dagbag.py:540} INFO - Filling up the DagBag from /opt/airflow/dags/vehicle_data_scraping_pipeline.py
[2024-10-03T11:19:51.682+0000] {processor.py:840} INFO - DAG(s) 'Vehicle_Data_scrape_Pipeline' retrieved from /opt/airflow/dags/vehicle_data_scraping_pipeline.py
[2024-10-03T11:19:51.750+0000] {logging_mixin.py:188} INFO - [2024-10-03T11:19:51.749+0000] {dag.py:3047} INFO - Sync 1 DAGs
[2024-10-03T11:19:51.767+0000] {logging_mixin.py:188} INFO - [2024-10-03T11:19:51.766+0000] {dag.py:3834} INFO - Setting next_dagrun for Vehicle_Data_scrape_Pipeline to 2024-10-03 00:00:00+00:00, run_after=2024-10-04 00:00:00+00:00
[2024-10-03T11:19:51.782+0000] {processor.py:183} INFO - Processing /opt/airflow/dags/vehicle_data_scraping_pipeline.py took 0.684 seconds
[2024-10-03T11:20:21.936+0000] {processor.py:161} INFO - Started process (PID=2928) to work on /opt/airflow/dags/vehicle_data_scraping_pipeline.py
[2024-10-03T11:20:21.937+0000] {processor.py:830} INFO - Processing file /opt/airflow/dags/vehicle_data_scraping_pipeline.py for tasks to queue
[2024-10-03T11:20:21.938+0000] {logging_mixin.py:188} INFO - [2024-10-03T11:20:21.938+0000] {dagbag.py:540} INFO - Filling up the DagBag from /opt/airflow/dags/vehicle_data_scraping_pipeline.py
[2024-10-03T11:20:22.452+0000] {processor.py:840} INFO - DAG(s) 'Vehicle_Data_scrape_Pipeline' retrieved from /opt/airflow/dags/vehicle_data_scraping_pipeline.py
[2024-10-03T11:20:22.550+0000] {logging_mixin.py:188} INFO - [2024-10-03T11:20:22.550+0000] {dag.py:3047} INFO - Sync 1 DAGs
[2024-10-03T11:20:22.572+0000] {logging_mixin.py:188} INFO - [2024-10-03T11:20:22.572+0000] {dag.py:3834} INFO - Setting next_dagrun for Vehicle_Data_scrape_Pipeline to 2024-10-03 00:00:00+00:00, run_after=2024-10-04 00:00:00+00:00
[2024-10-03T11:20:22.684+0000] {processor.py:183} INFO - Processing /opt/airflow/dags/vehicle_data_scraping_pipeline.py took 0.750 seconds
[2024-10-03T11:20:53.251+0000] {processor.py:161} INFO - Started process (PID=2977) to work on /opt/airflow/dags/vehicle_data_scraping_pipeline.py
[2024-10-03T11:20:53.252+0000] {processor.py:830} INFO - Processing file /opt/airflow/dags/vehicle_data_scraping_pipeline.py for tasks to queue
[2024-10-03T11:20:53.254+0000] {logging_mixin.py:188} INFO - [2024-10-03T11:20:53.253+0000] {dagbag.py:540} INFO - Filling up the DagBag from /opt/airflow/dags/vehicle_data_scraping_pipeline.py
[2024-10-03T11:20:53.795+0000] {processor.py:840} INFO - DAG(s) 'Vehicle_Data_scrape_Pipeline' retrieved from /opt/airflow/dags/vehicle_data_scraping_pipeline.py
[2024-10-03T11:20:53.876+0000] {logging_mixin.py:188} INFO - [2024-10-03T11:20:53.875+0000] {dag.py:3047} INFO - Sync 1 DAGs
[2024-10-03T11:20:53.891+0000] {logging_mixin.py:188} INFO - [2024-10-03T11:20:53.891+0000] {dag.py:3834} INFO - Setting next_dagrun for Vehicle_Data_scrape_Pipeline to 2024-10-03 00:00:00+00:00, run_after=2024-10-04 00:00:00+00:00
[2024-10-03T11:20:53.906+0000] {processor.py:183} INFO - Processing /opt/airflow/dags/vehicle_data_scraping_pipeline.py took 0.657 seconds
[2024-10-03T11:21:23.977+0000] {processor.py:161} INFO - Started process (PID=3026) to work on /opt/airflow/dags/vehicle_data_scraping_pipeline.py
[2024-10-03T11:21:23.979+0000] {processor.py:830} INFO - Processing file /opt/airflow/dags/vehicle_data_scraping_pipeline.py for tasks to queue
[2024-10-03T11:21:23.980+0000] {logging_mixin.py:188} INFO - [2024-10-03T11:21:23.980+0000] {dagbag.py:540} INFO - Filling up the DagBag from /opt/airflow/dags/vehicle_data_scraping_pipeline.py
[2024-10-03T11:21:24.636+0000] {processor.py:840} INFO - DAG(s) 'Vehicle_Data_scrape_Pipeline' retrieved from /opt/airflow/dags/vehicle_data_scraping_pipeline.py
[2024-10-03T11:21:24.729+0000] {logging_mixin.py:188} INFO - [2024-10-03T11:21:24.728+0000] {dag.py:3047} INFO - Sync 1 DAGs
[2024-10-03T11:21:24.745+0000] {logging_mixin.py:188} INFO - [2024-10-03T11:21:24.745+0000] {dag.py:3834} INFO - Setting next_dagrun for Vehicle_Data_scrape_Pipeline to 2024-10-03 00:00:00+00:00, run_after=2024-10-04 00:00:00+00:00
[2024-10-03T11:21:24.763+0000] {processor.py:183} INFO - Processing /opt/airflow/dags/vehicle_data_scraping_pipeline.py took 0.789 seconds
[2024-10-03T11:21:55.056+0000] {processor.py:161} INFO - Started process (PID=3075) to work on /opt/airflow/dags/vehicle_data_scraping_pipeline.py
[2024-10-03T11:21:55.057+0000] {processor.py:830} INFO - Processing file /opt/airflow/dags/vehicle_data_scraping_pipeline.py for tasks to queue
[2024-10-03T11:21:55.059+0000] {logging_mixin.py:188} INFO - [2024-10-03T11:21:55.058+0000] {dagbag.py:540} INFO - Filling up the DagBag from /opt/airflow/dags/vehicle_data_scraping_pipeline.py
[2024-10-03T11:21:55.758+0000] {processor.py:840} INFO - DAG(s) 'Vehicle_Data_scrape_Pipeline' retrieved from /opt/airflow/dags/vehicle_data_scraping_pipeline.py
[2024-10-03T11:21:55.837+0000] {logging_mixin.py:188} INFO - [2024-10-03T11:21:55.837+0000] {dag.py:3047} INFO - Sync 1 DAGs
[2024-10-03T11:21:55.856+0000] {logging_mixin.py:188} INFO - [2024-10-03T11:21:55.856+0000] {dag.py:3834} INFO - Setting next_dagrun for Vehicle_Data_scrape_Pipeline to 2024-10-03 00:00:00+00:00, run_after=2024-10-04 00:00:00+00:00
[2024-10-03T11:21:55.875+0000] {processor.py:183} INFO - Processing /opt/airflow/dags/vehicle_data_scraping_pipeline.py took 0.822 seconds
[2024-10-03T11:22:26.065+0000] {processor.py:161} INFO - Started process (PID=3124) to work on /opt/airflow/dags/vehicle_data_scraping_pipeline.py
[2024-10-03T11:22:26.066+0000] {processor.py:830} INFO - Processing file /opt/airflow/dags/vehicle_data_scraping_pipeline.py for tasks to queue
[2024-10-03T11:22:26.067+0000] {logging_mixin.py:188} INFO - [2024-10-03T11:22:26.067+0000] {dagbag.py:540} INFO - Filling up the DagBag from /opt/airflow/dags/vehicle_data_scraping_pipeline.py
[2024-10-03T11:22:26.605+0000] {processor.py:840} INFO - DAG(s) 'Vehicle_Data_scrape_Pipeline' retrieved from /opt/airflow/dags/vehicle_data_scraping_pipeline.py
[2024-10-03T11:22:26.675+0000] {logging_mixin.py:188} INFO - [2024-10-03T11:22:26.674+0000] {dag.py:3047} INFO - Sync 1 DAGs
[2024-10-03T11:22:26.689+0000] {logging_mixin.py:188} INFO - [2024-10-03T11:22:26.689+0000] {dag.py:3834} INFO - Setting next_dagrun for Vehicle_Data_scrape_Pipeline to 2024-10-03 00:00:00+00:00, run_after=2024-10-04 00:00:00+00:00
[2024-10-03T11:22:26.706+0000] {processor.py:183} INFO - Processing /opt/airflow/dags/vehicle_data_scraping_pipeline.py took 0.644 seconds
[2024-10-03T11:22:58.478+0000] {processor.py:161} INFO - Started process (PID=3173) to work on /opt/airflow/dags/vehicle_data_scraping_pipeline.py
[2024-10-03T11:22:58.479+0000] {processor.py:830} INFO - Processing file /opt/airflow/dags/vehicle_data_scraping_pipeline.py for tasks to queue
[2024-10-03T11:22:58.480+0000] {logging_mixin.py:188} INFO - [2024-10-03T11:22:58.479+0000] {dagbag.py:540} INFO - Filling up the DagBag from /opt/airflow/dags/vehicle_data_scraping_pipeline.py
[2024-10-03T11:22:58.962+0000] {processor.py:840} INFO - DAG(s) 'Vehicle_Data_scrape_Pipeline' retrieved from /opt/airflow/dags/vehicle_data_scraping_pipeline.py
[2024-10-03T11:22:59.051+0000] {logging_mixin.py:188} INFO - [2024-10-03T11:22:59.050+0000] {dag.py:3047} INFO - Sync 1 DAGs
[2024-10-03T11:22:59.077+0000] {logging_mixin.py:188} INFO - [2024-10-03T11:22:59.077+0000] {dag.py:3834} INFO - Setting next_dagrun for Vehicle_Data_scrape_Pipeline to 2024-10-03 00:00:00+00:00, run_after=2024-10-04 00:00:00+00:00
[2024-10-03T11:22:59.212+0000] {processor.py:183} INFO - Processing /opt/airflow/dags/vehicle_data_scraping_pipeline.py took 0.736 seconds
[2024-10-03T11:23:29.757+0000] {processor.py:161} INFO - Started process (PID=3222) to work on /opt/airflow/dags/vehicle_data_scraping_pipeline.py
[2024-10-03T11:23:29.758+0000] {processor.py:830} INFO - Processing file /opt/airflow/dags/vehicle_data_scraping_pipeline.py for tasks to queue
[2024-10-03T11:23:29.760+0000] {logging_mixin.py:188} INFO - [2024-10-03T11:23:29.759+0000] {dagbag.py:540} INFO - Filling up the DagBag from /opt/airflow/dags/vehicle_data_scraping_pipeline.py
[2024-10-03T11:23:30.513+0000] {processor.py:840} INFO - DAG(s) 'Vehicle_Data_scrape_Pipeline' retrieved from /opt/airflow/dags/vehicle_data_scraping_pipeline.py
[2024-10-03T11:23:30.579+0000] {logging_mixin.py:188} INFO - [2024-10-03T11:23:30.578+0000] {dag.py:3047} INFO - Sync 1 DAGs
[2024-10-03T11:23:30.595+0000] {logging_mixin.py:188} INFO - [2024-10-03T11:23:30.595+0000] {dag.py:3834} INFO - Setting next_dagrun for Vehicle_Data_scrape_Pipeline to 2024-10-03 00:00:00+00:00, run_after=2024-10-04 00:00:00+00:00
[2024-10-03T11:23:30.613+0000] {processor.py:183} INFO - Processing /opt/airflow/dags/vehicle_data_scraping_pipeline.py took 0.859 seconds
[2024-10-03T11:24:00.980+0000] {processor.py:161} INFO - Started process (PID=3271) to work on /opt/airflow/dags/vehicle_data_scraping_pipeline.py
[2024-10-03T11:24:00.981+0000] {processor.py:830} INFO - Processing file /opt/airflow/dags/vehicle_data_scraping_pipeline.py for tasks to queue
[2024-10-03T11:24:00.982+0000] {logging_mixin.py:188} INFO - [2024-10-03T11:24:00.982+0000] {dagbag.py:540} INFO - Filling up the DagBag from /opt/airflow/dags/vehicle_data_scraping_pipeline.py
[2024-10-03T11:24:01.503+0000] {processor.py:840} INFO - DAG(s) 'Vehicle_Data_scrape_Pipeline' retrieved from /opt/airflow/dags/vehicle_data_scraping_pipeline.py
[2024-10-03T11:24:01.582+0000] {logging_mixin.py:188} INFO - [2024-10-03T11:24:01.581+0000] {dag.py:3047} INFO - Sync 1 DAGs
[2024-10-03T11:24:01.597+0000] {logging_mixin.py:188} INFO - [2024-10-03T11:24:01.597+0000] {dag.py:3834} INFO - Setting next_dagrun for Vehicle_Data_scrape_Pipeline to 2024-10-03 00:00:00+00:00, run_after=2024-10-04 00:00:00+00:00
[2024-10-03T11:24:01.617+0000] {processor.py:183} INFO - Processing /opt/airflow/dags/vehicle_data_scraping_pipeline.py took 0.639 seconds
[2024-10-03T11:24:31.834+0000] {processor.py:161} INFO - Started process (PID=3320) to work on /opt/airflow/dags/vehicle_data_scraping_pipeline.py
[2024-10-03T11:24:31.835+0000] {processor.py:830} INFO - Processing file /opt/airflow/dags/vehicle_data_scraping_pipeline.py for tasks to queue
[2024-10-03T11:24:31.835+0000] {logging_mixin.py:188} INFO - [2024-10-03T11:24:31.835+0000] {dagbag.py:540} INFO - Filling up the DagBag from /opt/airflow/dags/vehicle_data_scraping_pipeline.py
[2024-10-03T11:24:32.390+0000] {processor.py:840} INFO - DAG(s) 'Vehicle_Data_scrape_Pipeline' retrieved from /opt/airflow/dags/vehicle_data_scraping_pipeline.py
[2024-10-03T11:24:32.474+0000] {logging_mixin.py:188} INFO - [2024-10-03T11:24:32.474+0000] {dag.py:3047} INFO - Sync 1 DAGs
[2024-10-03T11:24:32.489+0000] {logging_mixin.py:188} INFO - [2024-10-03T11:24:32.489+0000] {dag.py:3834} INFO - Setting next_dagrun for Vehicle_Data_scrape_Pipeline to 2024-10-03 00:00:00+00:00, run_after=2024-10-04 00:00:00+00:00
[2024-10-03T11:24:32.504+0000] {processor.py:183} INFO - Processing /opt/airflow/dags/vehicle_data_scraping_pipeline.py took 0.673 seconds
[2024-10-03T11:25:03.141+0000] {processor.py:161} INFO - Started process (PID=3369) to work on /opt/airflow/dags/vehicle_data_scraping_pipeline.py
[2024-10-03T11:25:03.143+0000] {processor.py:830} INFO - Processing file /opt/airflow/dags/vehicle_data_scraping_pipeline.py for tasks to queue
[2024-10-03T11:25:03.144+0000] {logging_mixin.py:188} INFO - [2024-10-03T11:25:03.144+0000] {dagbag.py:540} INFO - Filling up the DagBag from /opt/airflow/dags/vehicle_data_scraping_pipeline.py
[2024-10-03T11:25:03.845+0000] {processor.py:840} INFO - DAG(s) 'Vehicle_Data_scrape_Pipeline' retrieved from /opt/airflow/dags/vehicle_data_scraping_pipeline.py
[2024-10-03T11:25:03.957+0000] {logging_mixin.py:188} INFO - [2024-10-03T11:25:03.956+0000] {dag.py:3047} INFO - Sync 1 DAGs
[2024-10-03T11:25:03.970+0000] {logging_mixin.py:188} INFO - [2024-10-03T11:25:03.970+0000] {dag.py:3834} INFO - Setting next_dagrun for Vehicle_Data_scrape_Pipeline to 2024-10-03 00:00:00+00:00, run_after=2024-10-04 00:00:00+00:00
[2024-10-03T11:25:03.985+0000] {processor.py:183} INFO - Processing /opt/airflow/dags/vehicle_data_scraping_pipeline.py took 0.846 seconds
[2024-10-03T11:25:34.760+0000] {processor.py:161} INFO - Started process (PID=3418) to work on /opt/airflow/dags/vehicle_data_scraping_pipeline.py
[2024-10-03T11:25:34.762+0000] {processor.py:830} INFO - Processing file /opt/airflow/dags/vehicle_data_scraping_pipeline.py for tasks to queue
[2024-10-03T11:25:34.763+0000] {logging_mixin.py:188} INFO - [2024-10-03T11:25:34.763+0000] {dagbag.py:540} INFO - Filling up the DagBag from /opt/airflow/dags/vehicle_data_scraping_pipeline.py
[2024-10-03T11:25:35.268+0000] {processor.py:840} INFO - DAG(s) 'Vehicle_Data_scrape_Pipeline' retrieved from /opt/airflow/dags/vehicle_data_scraping_pipeline.py
[2024-10-03T11:25:35.337+0000] {logging_mixin.py:188} INFO - [2024-10-03T11:25:35.336+0000] {dag.py:3047} INFO - Sync 1 DAGs
[2024-10-03T11:25:35.352+0000] {logging_mixin.py:188} INFO - [2024-10-03T11:25:35.352+0000] {dag.py:3834} INFO - Setting next_dagrun for Vehicle_Data_scrape_Pipeline to 2024-10-03 00:00:00+00:00, run_after=2024-10-04 00:00:00+00:00
[2024-10-03T11:25:35.463+0000] {processor.py:183} INFO - Processing /opt/airflow/dags/vehicle_data_scraping_pipeline.py took 0.704 seconds
