[2024-10-10T05:05:07.473+0000] {taskinstance.py:1979} INFO - Dependencies all met for dep_context=non-requeueable deps ti=<TaskInstance: Gold_training_Pipeline.model_training scheduled__2024-10-08T00:00:00+00:00 [queued]>
[2024-10-10T05:05:07.482+0000] {taskinstance.py:1979} INFO - Dependencies all met for dep_context=requeueable deps ti=<TaskInstance: Gold_training_Pipeline.model_training scheduled__2024-10-08T00:00:00+00:00 [queued]>
[2024-10-10T05:05:07.483+0000] {taskinstance.py:2193} INFO - Starting attempt 4 of 4
[2024-10-10T05:05:07.499+0000] {taskinstance.py:2217} INFO - Executing <Task(PythonOperator): model_training> on 2024-10-08 00:00:00+00:00
[2024-10-10T05:05:07.516+0000] {standard_task_runner.py:60} INFO - Started process 725 to run task
[2024-10-10T05:05:07.524+0000] {standard_task_runner.py:87} INFO - Running: ['***', 'tasks', 'run', 'Gold_training_Pipeline', 'model_training', 'scheduled__2024-10-08T00:00:00+00:00', '--job-id', '382', '--raw', '--subdir', 'DAGS_FOLDER/gold_training_pipeline.py', '--cfg-path', '/tmp/tmpri08mr3l']
[2024-10-10T05:05:07.525+0000] {standard_task_runner.py:88} INFO - Job 382: Subtask model_training
[2024-10-10T05:05:07.601+0000] {task_command.py:423} INFO - Running <TaskInstance: Gold_training_Pipeline.model_training scheduled__2024-10-08T00:00:00+00:00 [running]> on host 2ded013e804c
[2024-10-10T05:05:07.717+0000] {taskinstance.py:2513} INFO - Exporting env vars: AIRFLOW_CTX_DAG_OWNER='sdeshan' AIRFLOW_CTX_DAG_ID='Gold_training_Pipeline' AIRFLOW_CTX_TASK_ID='model_training' AIRFLOW_CTX_EXECUTION_DATE='2024-10-08T00:00:00+00:00' AIRFLOW_CTX_TRY_NUMBER='4' AIRFLOW_CTX_DAG_RUN_ID='scheduled__2024-10-08T00:00:00+00:00'
[2024-10-10T05:05:07.922+0000] {filesystem.py:118} DEBUG - input tempfile: /tmp/tmpujxuv7zt/jnswgnrr.json
[2024-10-10T05:05:08.259+0000] {filesystem.py:118} DEBUG - input tempfile: /tmp/tmpujxuv7zt/vag26afh.json
[2024-10-10T05:05:08.266+0000] {model.py:2042} DEBUG - idx 0
[2024-10-10T05:05:08.267+0000] {model.py:2043} DEBUG - running CmdStan, num_threads: None
[2024-10-10T05:05:08.268+0000] {model.py:2055} DEBUG - CmdStan args: ['/home/***/.local/lib/python3.8/site-packages/prophet/stan_model/prophet_model.bin', 'random', 'seed=88233', 'data', 'file=/tmp/tmpujxuv7zt/jnswgnrr.json', 'init=/tmp/tmpujxuv7zt/vag26afh.json', 'output', 'file=/tmp/tmpujxuv7zt/prophet_modele9tgouzd/prophet_model-20241010050508.csv', 'method=optimize', 'algorithm=lbfgs', 'iter=10000']
[2024-10-10T05:05:08.269+0000] {logging_mixin.py:188} WARNING - 05:05:08 - cmdstanpy - INFO - Chain [1] start processing
[2024-10-10T05:05:08.269+0000] {model.py:2058} INFO - Chain [1] start processing
[2024-10-10T05:05:20.801+0000] {logging_mixin.py:188} WARNING - 05:05:20 - cmdstanpy - INFO - Chain [1] done processing
[2024-10-10T05:05:20.801+0000] {model.py:2115} INFO - Chain [1] done processing
[2024-10-10T05:05:40.962+0000] {logging_mixin.py:188} INFO - Fitting 3 folds for each of 1 candidates, totalling 3 fits
[2024-10-10T06:07:43.421+0000] {local_task_job_runner.py:121} ERROR - Received SIGTERM. Terminating subprocesses
[2024-10-10T06:07:43.445+0000] {process_utils.py:131} INFO - Sending 15 to group 725. PIDs of all processes in the group: [725]
[2024-10-10T06:07:43.449+0000] {process_utils.py:86} INFO - Sending the signal 15 to group 725
[2024-10-10T06:07:45.656+0000] {local_task_job_runner.py:121} ERROR - Received SIGTERM. Terminating subprocesses
