[2024-10-09T05:28:10.343+0000] {taskinstance.py:1979} INFO - Dependencies all met for dep_context=non-requeueable deps ti=<TaskInstance: Gold_training_Pipeline.model_training scheduled__2024-10-08T00:00:00+00:00 [queued]>
[2024-10-09T05:28:10.366+0000] {taskinstance.py:1979} INFO - Dependencies all met for dep_context=requeueable deps ti=<TaskInstance: Gold_training_Pipeline.model_training scheduled__2024-10-08T00:00:00+00:00 [queued]>
[2024-10-09T05:28:10.370+0000] {taskinstance.py:2193} INFO - Starting attempt 2 of 4
[2024-10-09T05:28:10.421+0000] {taskinstance.py:2217} INFO - Executing <Task(PythonOperator): model_training> on 2024-10-08 00:00:00+00:00
[2024-10-09T05:28:10.462+0000] {standard_task_runner.py:60} INFO - Started process 853 to run task
[2024-10-09T05:28:10.483+0000] {standard_task_runner.py:87} INFO - Running: ['***', 'tasks', 'run', 'Gold_training_Pipeline', 'model_training', 'scheduled__2024-10-08T00:00:00+00:00', '--job-id', '318', '--raw', '--subdir', 'DAGS_FOLDER/gold_training_pipeline.py', '--cfg-path', '/tmp/tmpr9jmh0ml']
[2024-10-09T05:28:10.486+0000] {standard_task_runner.py:88} INFO - Job 318: Subtask model_training
[2024-10-09T05:28:10.686+0000] {task_command.py:423} INFO - Running <TaskInstance: Gold_training_Pipeline.model_training scheduled__2024-10-08T00:00:00+00:00 [running]> on host 9bca14b2d0d7
[2024-10-09T05:28:11.144+0000] {taskinstance.py:2513} INFO - Exporting env vars: AIRFLOW_CTX_DAG_OWNER='sdeshan' AIRFLOW_CTX_DAG_ID='Gold_training_Pipeline' AIRFLOW_CTX_TASK_ID='model_training' AIRFLOW_CTX_EXECUTION_DATE='2024-10-08T00:00:00+00:00' AIRFLOW_CTX_TRY_NUMBER='2' AIRFLOW_CTX_DAG_RUN_ID='scheduled__2024-10-08T00:00:00+00:00'
[2024-10-09T05:28:11.853+0000] {filesystem.py:118} DEBUG - input tempfile: /tmp/tmp0k679yqo/t_9r6qfb.json
[2024-10-09T05:28:12.614+0000] {filesystem.py:118} DEBUG - input tempfile: /tmp/tmp0k679yqo/o7cj384o.json
[2024-10-09T05:28:12.773+0000] {model.py:2042} DEBUG - idx 0
[2024-10-09T05:28:12.775+0000] {model.py:2043} DEBUG - running CmdStan, num_threads: None
[2024-10-09T05:28:12.778+0000] {model.py:2055} DEBUG - CmdStan args: ['/home/***/.local/lib/python3.8/site-packages/prophet/stan_model/prophet_model.bin', 'random', 'seed=35922', 'data', 'file=/tmp/tmp0k679yqo/t_9r6qfb.json', 'init=/tmp/tmp0k679yqo/o7cj384o.json', 'output', 'file=/tmp/tmp0k679yqo/prophet_model7ar_uf19/prophet_model-20241009052812.csv', 'method=optimize', 'algorithm=lbfgs', 'iter=10000']
[2024-10-09T05:28:12.779+0000] {logging_mixin.py:188} WARNING - 05:28:12 - cmdstanpy - INFO - Chain [1] start processing
[2024-10-09T05:28:12.779+0000] {model.py:2058} INFO - Chain [1] start processing
[2024-10-09T05:28:16.877+0000] {logging_mixin.py:188} WARNING - 05:28:16 - cmdstanpy - INFO - Chain [1] done processing
[2024-10-09T05:28:16.876+0000] {model.py:2115} INFO - Chain [1] done processing
[2024-10-09T05:28:18.268+0000] {logging_mixin.py:188} INFO - Fitting 3 folds for each of 1 candidates, totalling 3 fits
[2024-10-09T05:32:04.864+0000] {local_task_job_runner.py:121} ERROR - Received SIGTERM. Terminating subprocesses
[2024-10-09T05:32:06.661+0000] {process_utils.py:131} INFO - Sending 15 to group 853. PIDs of all processes in the group: [853]
[2024-10-09T05:32:06.684+0000] {process_utils.py:86} INFO - Sending the signal 15 to group 853
[2024-10-09T10:07:52.941+0000] {taskinstance.py:1979} INFO - Dependencies all met for dep_context=non-requeueable deps ti=<TaskInstance: Gold_training_Pipeline.model_training scheduled__2024-10-08T00:00:00+00:00 [queued]>
[2024-10-09T10:07:52.949+0000] {taskinstance.py:1979} INFO - Dependencies all met for dep_context=requeueable deps ti=<TaskInstance: Gold_training_Pipeline.model_training scheduled__2024-10-08T00:00:00+00:00 [queued]>
[2024-10-09T10:07:52.950+0000] {taskinstance.py:2193} INFO - Starting attempt 2 of 4
[2024-10-09T10:07:52.961+0000] {taskinstance.py:2217} INFO - Executing <Task(PythonOperator): model_training> on 2024-10-08 00:00:00+00:00
[2024-10-09T10:07:52.968+0000] {standard_task_runner.py:60} INFO - Started process 610 to run task
[2024-10-09T10:07:52.970+0000] {standard_task_runner.py:87} INFO - Running: ['***', 'tasks', 'run', 'Gold_training_Pipeline', 'model_training', 'scheduled__2024-10-08T00:00:00+00:00', '--job-id', '360', '--raw', '--subdir', 'DAGS_FOLDER/gold_training_pipeline.py', '--cfg-path', '/tmp/tmp31i_3u7b']
[2024-10-09T10:07:52.971+0000] {standard_task_runner.py:88} INFO - Job 360: Subtask model_training
[2024-10-09T10:07:53.013+0000] {task_command.py:423} INFO - Running <TaskInstance: Gold_training_Pipeline.model_training scheduled__2024-10-08T00:00:00+00:00 [running]> on host e0cec883d65b
[2024-10-09T10:07:53.085+0000] {taskinstance.py:2513} INFO - Exporting env vars: AIRFLOW_CTX_DAG_OWNER='sdeshan' AIRFLOW_CTX_DAG_ID='Gold_training_Pipeline' AIRFLOW_CTX_TASK_ID='model_training' AIRFLOW_CTX_EXECUTION_DATE='2024-10-08T00:00:00+00:00' AIRFLOW_CTX_TRY_NUMBER='2' AIRFLOW_CTX_DAG_RUN_ID='scheduled__2024-10-08T00:00:00+00:00'
[2024-10-09T10:07:53.220+0000] {filesystem.py:118} DEBUG - input tempfile: /tmp/tmpu0fn0ms4/lecn4770.json
[2024-10-09T10:07:53.413+0000] {filesystem.py:118} DEBUG - input tempfile: /tmp/tmpu0fn0ms4/_v6r13f3.json
[2024-10-09T10:07:53.420+0000] {model.py:2042} DEBUG - idx 0
[2024-10-09T10:07:53.420+0000] {model.py:2043} DEBUG - running CmdStan, num_threads: None
[2024-10-09T10:07:53.421+0000] {model.py:2055} DEBUG - CmdStan args: ['/home/***/.local/lib/python3.8/site-packages/prophet/stan_model/prophet_model.bin', 'random', 'seed=5895', 'data', 'file=/tmp/tmpu0fn0ms4/lecn4770.json', 'init=/tmp/tmpu0fn0ms4/_v6r13f3.json', 'output', 'file=/tmp/tmpu0fn0ms4/prophet_modelaq6wtgmx/prophet_model-20241009100753.csv', 'method=optimize', 'algorithm=lbfgs', 'iter=10000']
[2024-10-09T10:07:53.421+0000] {logging_mixin.py:188} WARNING - 10:07:53 - cmdstanpy - INFO - Chain [1] start processing
[2024-10-09T10:07:53.421+0000] {model.py:2058} INFO - Chain [1] start processing
[2024-10-09T10:07:55.377+0000] {logging_mixin.py:188} WARNING - 10:07:55 - cmdstanpy - INFO - Chain [1] done processing
[2024-10-09T10:07:55.376+0000] {model.py:2115} INFO - Chain [1] done processing
[2024-10-09T10:07:56.089+0000] {logging_mixin.py:188} INFO - Fitting 3 folds for each of 1 candidates, totalling 3 fits
[2024-10-09T10:16:47.687+0000] {local_task_job_runner.py:121} ERROR - Received SIGTERM. Terminating subprocesses
[2024-10-09T10:16:47.692+0000] {process_utils.py:131} INFO - Sending 15 to group 610. PIDs of all processes in the group: [610]
[2024-10-09T10:16:47.695+0000] {process_utils.py:86} INFO - Sending the signal 15 to group 610
