[2024-10-10T09:24:56.679+0000] {taskinstance.py:1979} INFO - Dependencies all met for dep_context=non-requeueable deps ti=<TaskInstance: Gold_training_Pipeline.model_training scheduled__2024-10-08T00:00:00+00:00 [queued]>
[2024-10-10T09:24:56.689+0000] {taskinstance.py:1979} INFO - Dependencies all met for dep_context=requeueable deps ti=<TaskInstance: Gold_training_Pipeline.model_training scheduled__2024-10-08T00:00:00+00:00 [queued]>
[2024-10-10T09:24:56.689+0000] {taskinstance.py:2193} INFO - Starting attempt 5 of 4
[2024-10-10T09:24:56.704+0000] {taskinstance.py:2217} INFO - Executing <Task(PythonOperator): model_training> on 2024-10-08 00:00:00+00:00
[2024-10-10T09:24:56.751+0000] {standard_task_runner.py:60} INFO - Started process 865 to run task
[2024-10-10T09:24:56.758+0000] {standard_task_runner.py:87} INFO - Running: ['***', 'tasks', 'run', 'Gold_training_Pipeline', 'model_training', 'scheduled__2024-10-08T00:00:00+00:00', '--job-id', '387', '--raw', '--subdir', 'DAGS_FOLDER/gold_training_pipeline.py', '--cfg-path', '/tmp/tmp4omg9o8i']
[2024-10-10T09:24:56.759+0000] {standard_task_runner.py:88} INFO - Job 387: Subtask model_training
[2024-10-10T09:24:56.889+0000] {task_command.py:423} INFO - Running <TaskInstance: Gold_training_Pipeline.model_training scheduled__2024-10-08T00:00:00+00:00 [running]> on host 3c39c54b31c0
[2024-10-10T09:24:57.103+0000] {taskinstance.py:2513} INFO - Exporting env vars: AIRFLOW_CTX_DAG_OWNER='sdeshan' AIRFLOW_CTX_DAG_ID='Gold_training_Pipeline' AIRFLOW_CTX_TASK_ID='model_training' AIRFLOW_CTX_EXECUTION_DATE='2024-10-08T00:00:00+00:00' AIRFLOW_CTX_TRY_NUMBER='5' AIRFLOW_CTX_DAG_RUN_ID='scheduled__2024-10-08T00:00:00+00:00'
[2024-10-10T09:24:59.111+0000] {filesystem.py:118} DEBUG - input tempfile: /tmp/tmpojmi156h/kqaw07af.json
[2024-10-10T09:24:59.316+0000] {filesystem.py:118} DEBUG - input tempfile: /tmp/tmpojmi156h/ohf0tx31.json
[2024-10-10T09:24:59.968+0000] {model.py:2042} DEBUG - idx 0
[2024-10-10T09:24:59.969+0000] {model.py:2043} DEBUG - running CmdStan, num_threads: None
[2024-10-10T09:24:59.969+0000] {model.py:2055} DEBUG - CmdStan args: ['/home/***/.local/lib/python3.8/site-packages/prophet/stan_model/prophet_model.bin', 'random', 'seed=15868', 'data', 'file=/tmp/tmpojmi156h/kqaw07af.json', 'init=/tmp/tmpojmi156h/ohf0tx31.json', 'output', 'file=/tmp/tmpojmi156h/prophet_modelcpd35smn/prophet_model-20241010092459.csv', 'method=optimize', 'algorithm=lbfgs', 'iter=10000']
[2024-10-10T09:24:59.970+0000] {logging_mixin.py:188} WARNING - 09:24:59 - cmdstanpy - INFO - Chain [1] start processing
[2024-10-10T09:24:59.970+0000] {model.py:2058} INFO - Chain [1] start processing
[2024-10-10T09:25:03.752+0000] {logging_mixin.py:188} WARNING - 09:25:03 - cmdstanpy - INFO - Chain [1] done processing
[2024-10-10T09:25:03.752+0000] {model.py:2115} INFO - Chain [1] done processing
[2024-10-10T09:25:05.019+0000] {logging_mixin.py:188} INFO - Fitting 3 folds for each of 1 candidates, totalling 3 fits
[2024-10-10T09:35:04.959+0000] {local_task_job_runner.py:302} WARNING - State of this instance has been externally set to removed. Terminating instance.
[2024-10-10T09:35:05.996+0000] {process_utils.py:131} INFO - Sending 15 to group 865. PIDs of all processes in the group: [865]
[2024-10-10T09:35:05.997+0000] {process_utils.py:86} INFO - Sending the signal 15 to group 865
[2024-10-10T09:36:06.193+0000] {process_utils.py:149} WARNING - process psutil.Process(pid=865, name='airflow task ru', status='sleeping', started='09:24:56') did not respond to SIGTERM. Trying SIGKILL
[2024-10-10T09:36:06.483+0000] {process_utils.py:86} INFO - Sending the signal 9 to group 865
[2024-10-10T09:36:08.342+0000] {process_utils.py:79} INFO - Process psutil.Process(pid=865, name='airflow task ru', status='terminated', exitcode=<Negsignal.SIGKILL: -9>, started='09:24:56') (865) terminated with exit code -9
[2024-10-10T09:36:08.348+0000] {standard_task_runner.py:175} ERROR - Job 387 was killed before it finished (likely due to running out of memory)
