[2024-10-21T10:13:16.963+0000] {taskinstance.py:1979} INFO - Dependencies all met for dep_context=non-requeueable deps ti=<TaskInstance: Vehicle_Data_scrape_Pipeline.scrape_post_links manual__2024-10-21T10:07:37.029866+00:00 [queued]>
[2024-10-21T10:13:16.968+0000] {taskinstance.py:1979} INFO - Dependencies all met for dep_context=requeueable deps ti=<TaskInstance: Vehicle_Data_scrape_Pipeline.scrape_post_links manual__2024-10-21T10:07:37.029866+00:00 [queued]>
[2024-10-21T10:13:16.969+0000] {taskinstance.py:2193} INFO - Starting attempt 4 of 4
[2024-10-21T10:13:16.978+0000] {taskinstance.py:2217} INFO - Executing <Task(PythonOperator): scrape_post_links> on 2024-10-21 10:07:37.029866+00:00
[2024-10-21T10:13:16.982+0000] {standard_task_runner.py:60} INFO - Started process 29018 to run task
[2024-10-21T10:13:16.984+0000] {standard_task_runner.py:87} INFO - Running: ['***', 'tasks', 'run', 'Vehicle_Data_scrape_Pipeline', 'scrape_post_links', 'manual__2024-10-21T10:07:37.029866+00:00', '--job-id', '125', '--raw', '--subdir', 'DAGS_FOLDER/vehicle_data_scraping_pipeline.py', '--cfg-path', '/tmp/tmp2bytmeqf']
[2024-10-21T10:13:16.986+0000] {standard_task_runner.py:88} INFO - Job 125: Subtask scrape_post_links
[2024-10-21T10:13:17.109+0000] {task_command.py:423} INFO - Running <TaskInstance: Vehicle_Data_scrape_Pipeline.scrape_post_links manual__2024-10-21T10:07:37.029866+00:00 [running]> on host 988c1a0779ad
[2024-10-21T10:13:17.153+0000] {taskinstance.py:2513} INFO - Exporting env vars: AIRFLOW_CTX_DAG_OWNER='sdeshan' AIRFLOW_CTX_DAG_ID='Vehicle_Data_scrape_Pipeline' AIRFLOW_CTX_TASK_ID='scrape_post_links' AIRFLOW_CTX_EXECUTION_DATE='2024-10-21T10:07:37.029866+00:00' AIRFLOW_CTX_TRY_NUMBER='4' AIRFLOW_CTX_DAG_RUN_ID='manual__2024-10-21T10:07:37.029866+00:00'
[2024-10-21T10:13:21.158+0000] {logging_mixin.py:188} WARNING -   0%|          | 0/6 [00:00<?, ?it/s]
[2024-10-21T10:13:21.159+0000] {logging_mixin.py:188} INFO - -------------------------------------------
[2024-10-21T10:13:21.159+0000] {logging_mixin.py:188} INFO - https://ikman.lk/en/ad/micro-voleex-2013-for-sale-colombo-15
[2024-10-21T10:13:21.160+0000] {logging_mixin.py:188} INFO - -------------------------------------------
[2024-10-21T10:13:21.161+0000] {logging_mixin.py:188} INFO - -------------------------------------------
[2024-10-21T10:13:21.167+0000] {logging_mixin.py:188} INFO - https://ikman.lk/en/ad/micro-panda-lc10-l-2018-for-sale-ampara-1
[2024-10-21T10:13:21.167+0000] {logging_mixin.py:188} INFO - -------------------------------------------
[2024-10-21T10:13:21.168+0000] {logging_mixin.py:188} INFO - -------------------------------------------
[2024-10-21T10:13:21.169+0000] {logging_mixin.py:188} INFO - https://ikman.lk/en/ad/micro-emgrand-2016-b-new-for-sale-colombo
[2024-10-21T10:13:21.169+0000] {logging_mixin.py:188} INFO - -------------------------------------------
[2024-10-21T10:13:21.170+0000] {logging_mixin.py:188} INFO - -------------------------------------------
[2024-10-21T10:13:21.170+0000] {logging_mixin.py:188} INFO - https://ikman.lk/en/ad/micro-baic-x-25-2018-for-sale-colombo-1
[2024-10-21T10:13:21.171+0000] {logging_mixin.py:188} INFO - -------------------------------------------
[2024-10-21T10:13:21.171+0000] {logging_mixin.py:188} INFO - -------------------------------------------
[2024-10-21T10:13:21.172+0000] {logging_mixin.py:188} INFO - https://ikman.lk/en/ad/micro-panda-cross-2017-for-sale-gampaha-59
[2024-10-21T10:13:21.172+0000] {logging_mixin.py:188} INFO - -------------------------------------------
[2024-10-21T10:13:21.173+0000] {logging_mixin.py:188} INFO - -------------------------------------------
[2024-10-21T10:13:21.174+0000] {logging_mixin.py:188} INFO - https://ikman.lk/en/ad/micro-tivoli-2017-for-sale-gampaha
[2024-10-21T10:13:21.174+0000] {logging_mixin.py:188} INFO - -------------------------------------------
[2024-10-21T10:13:21.175+0000] {logging_mixin.py:188} WARNING - 100%|##########| 6/6 [00:00<00:00, 359.90it/s]
[2024-10-21T10:13:25.321+0000] {logging_mixin.py:188} INFO - page is no content-----------------
[2024-10-21T10:13:29.080+0000] {logging_mixin.py:188} WARNING -   0%|          | 0/13 [00:00<?, ?it/s]
[2024-10-21T10:13:29.081+0000] {logging_mixin.py:188} INFO - -------------------------------------------
[2024-10-21T10:13:29.081+0000] {logging_mixin.py:188} INFO - https://ikman.lk/en/ad/micro-rexton-2017-for-sale-puttalam-4
[2024-10-21T10:13:29.082+0000] {logging_mixin.py:188} INFO - -------------------------------------------
[2024-10-21T10:13:29.082+0000] {logging_mixin.py:188} INFO - -------------------------------------------
[2024-10-21T10:13:29.083+0000] {logging_mixin.py:188} INFO - https://ikman.lk/en/ad/micro-stavic-270-xdi-2011-for-sale-colombo-1
[2024-10-21T10:13:29.083+0000] {logging_mixin.py:188} INFO - -------------------------------------------
[2024-10-21T10:13:29.083+0000] {logging_mixin.py:188} INFO - -------------------------------------------
[2024-10-21T10:13:29.084+0000] {logging_mixin.py:188} INFO - https://ikman.lk/en/ad/micro-korondo-2012-for-sale-colombo-1
[2024-10-21T10:13:29.084+0000] {logging_mixin.py:188} INFO - -------------------------------------------
[2024-10-21T10:13:29.084+0000] {logging_mixin.py:188} INFO - -------------------------------------------
[2024-10-21T10:13:29.084+0000] {logging_mixin.py:188} INFO - https://ikman.lk/en/ad/micro-tivoli-xlv-2017-for-sale-colombo
[2024-10-21T10:13:29.084+0000] {logging_mixin.py:188} INFO - -------------------------------------------
[2024-10-21T10:13:29.085+0000] {logging_mixin.py:188} INFO - -------------------------------------------
[2024-10-21T10:13:29.085+0000] {logging_mixin.py:188} INFO - https://ikman.lk/en/ad/micro-rexton-diesel-2008-for-sale-colombo-1
[2024-10-21T10:13:29.085+0000] {logging_mixin.py:188} INFO - -------------------------------------------
[2024-10-21T10:13:29.085+0000] {logging_mixin.py:188} INFO - -------------------------------------------
[2024-10-21T10:13:29.086+0000] {logging_mixin.py:188} INFO - https://ikman.lk/en/ad/micro-kyron-2008-for-sale-puttalam-15
[2024-10-21T10:13:29.086+0000] {logging_mixin.py:188} INFO - -------------------------------------------
[2024-10-21T10:13:29.086+0000] {logging_mixin.py:188} INFO - -------------------------------------------
[2024-10-21T10:13:29.086+0000] {logging_mixin.py:188} INFO - https://ikman.lk/en/ad/micro-rexton-2008-for-sale-galle
[2024-10-21T10:13:29.086+0000] {logging_mixin.py:188} INFO - -------------------------------------------
[2024-10-21T10:13:29.087+0000] {logging_mixin.py:188} INFO - -------------------------------------------
[2024-10-21T10:13:29.087+0000] {logging_mixin.py:188} INFO - https://ikman.lk/en/ad/micro-rexton-w-2015-7seats-2015-for-sale-gampaha
[2024-10-21T10:13:29.087+0000] {logging_mixin.py:188} INFO - -------------------------------------------
[2024-10-21T10:13:29.087+0000] {logging_mixin.py:188} INFO - -------------------------------------------
[2024-10-21T10:13:29.088+0000] {logging_mixin.py:188} INFO - https://ikman.lk/en/ad/micro-korondo-2014-for-sale-colombo-5
[2024-10-21T10:13:29.088+0000] {logging_mixin.py:188} INFO - -------------------------------------------
[2024-10-21T10:13:29.088+0000] {logging_mixin.py:188} INFO - -------------------------------------------
[2024-10-21T10:13:29.088+0000] {logging_mixin.py:188} INFO - https://ikman.lk/en/ad/micro-havel-h5-2012-for-sale-gampaha
[2024-10-21T10:13:29.089+0000] {logging_mixin.py:188} INFO - -------------------------------------------
[2024-10-21T10:13:29.089+0000] {logging_mixin.py:188} INFO - -------------------------------------------
[2024-10-21T10:13:29.089+0000] {logging_mixin.py:188} INFO - https://ikman.lk/en/ad/micro-kyron-2009-for-sale-kalutara-12
[2024-10-21T10:13:29.089+0000] {logging_mixin.py:188} INFO - -------------------------------------------
[2024-10-21T10:13:29.089+0000] {logging_mixin.py:188} INFO - -------------------------------------------
[2024-10-21T10:13:29.090+0000] {logging_mixin.py:188} INFO - https://ikman.lk/en/ad/micro-kyron-2008-for-sale-colombo-1109
[2024-10-21T10:13:29.090+0000] {logging_mixin.py:188} INFO - -------------------------------------------
[2024-10-21T10:13:29.090+0000] {logging_mixin.py:188} INFO - -------------------------------------------
[2024-10-21T10:13:29.090+0000] {logging_mixin.py:188} INFO - https://ikman.lk/en/ad/micro-stavic-suv-2010-for-sale-gampaha-1
[2024-10-21T10:13:29.091+0000] {logging_mixin.py:188} INFO - -------------------------------------------
[2024-10-21T10:13:29.091+0000] {logging_mixin.py:188} WARNING - 100%|##########| 13/13 [00:00<00:00, 1319.51it/s]
[2024-10-21T10:13:32.719+0000] {logging_mixin.py:188} INFO - page is no content-----------------
[2024-10-21T10:13:36.248+0000] {logging_mixin.py:188} INFO - page is no content-----------------
[2024-10-21T10:13:39.255+0000] {logging_mixin.py:188} INFO - page is no content-----------------
[2024-10-21T10:13:43.266+0000] {logging_mixin.py:188} WARNING -   0%|          | 0/24 [00:00<?, ?it/s]
[2024-10-21T10:13:43.267+0000] {logging_mixin.py:188} INFO - -------------------------------------------
[2024-10-21T10:13:43.268+0000] {logging_mixin.py:188} INFO - https://ikman.lk/en/ad/micro-mx-7-manual-2013-for-sale-gampaha-1
[2024-10-21T10:13:43.268+0000] {logging_mixin.py:188} INFO - -------------------------------------------
[2024-10-21T10:13:43.269+0000] {logging_mixin.py:188} INFO - -------------------------------------------
[2024-10-21T10:13:43.269+0000] {logging_mixin.py:188} INFO - https://ikman.lk/en/ad/micro-panda-997-2015-for-sale-gampaha-4
[2024-10-21T10:13:43.269+0000] {logging_mixin.py:188} INFO - -------------------------------------------
[2024-10-21T10:13:43.269+0000] {logging_mixin.py:188} INFO - -------------------------------------------
[2024-10-21T10:13:43.270+0000] {logging_mixin.py:188} INFO - https://ikman.lk/en/ad/micro-trend-2011-for-sale-gampaha
[2024-10-21T10:13:43.270+0000] {logging_mixin.py:188} INFO - -------------------------------------------
[2024-10-21T10:13:43.270+0000] {logging_mixin.py:188} INFO - -------------------------------------------
[2024-10-21T10:13:43.270+0000] {logging_mixin.py:188} INFO - https://ikman.lk/en/ad/micro-panda-q-13-2011-for-sale-nuwara-eliya
[2024-10-21T10:13:43.271+0000] {logging_mixin.py:188} INFO - -------------------------------------------
[2024-10-21T10:13:43.271+0000] {logging_mixin.py:188} INFO - -------------------------------------------
[2024-10-21T10:13:43.271+0000] {logging_mixin.py:188} INFO - https://ikman.lk/en/ad/micro-panda-cross-13-cc-2013-for-sale-kalutara
[2024-10-21T10:13:43.271+0000] {logging_mixin.py:188} INFO - -------------------------------------------
[2024-10-21T10:13:43.271+0000] {logging_mixin.py:188} INFO - -------------------------------------------
[2024-10-21T10:13:43.272+0000] {logging_mixin.py:188} INFO - https://ikman.lk/en/ad/micro-panda-lc-10-2015-for-sale-gampaha-43
[2024-10-21T10:13:43.272+0000] {logging_mixin.py:188} INFO - -------------------------------------------
[2024-10-21T10:13:43.272+0000] {logging_mixin.py:188} INFO - -------------------------------------------
[2024-10-21T10:13:43.272+0000] {logging_mixin.py:188} INFO - https://ikman.lk/en/ad/micro-panda-lc-10-2015-for-sale-gampaha-42
[2024-10-21T10:13:43.272+0000] {logging_mixin.py:188} INFO - -------------------------------------------
[2024-10-21T10:13:43.273+0000] {logging_mixin.py:188} INFO - -------------------------------------------
[2024-10-21T10:13:43.273+0000] {logging_mixin.py:188} INFO - https://ikman.lk/en/ad/micro-trend-2009-for-sale-ampara
[2024-10-21T10:13:43.273+0000] {logging_mixin.py:188} INFO - -------------------------------------------
[2024-10-21T10:13:43.273+0000] {logging_mixin.py:188} INFO - -------------------------------------------
[2024-10-21T10:13:43.274+0000] {logging_mixin.py:188} INFO - https://ikman.lk/en/ad/micro-panda-lc-10-2014-for-sale-gampaha
[2024-10-21T10:13:43.274+0000] {logging_mixin.py:188} INFO - -------------------------------------------
[2024-10-21T10:13:43.274+0000] {logging_mixin.py:188} INFO - -------------------------------------------
[2024-10-21T10:13:43.274+0000] {logging_mixin.py:188} INFO - https://ikman.lk/en/ad/micro-geely-panda-2015-for-sale-galle
[2024-10-21T10:13:43.274+0000] {logging_mixin.py:188} INFO - -------------------------------------------
[2024-10-21T10:13:43.275+0000] {logging_mixin.py:188} INFO - -------------------------------------------
[2024-10-21T10:13:43.275+0000] {logging_mixin.py:188} INFO - https://ikman.lk/en/ad/micro-panda-gelly-2015-for-sale-colombo
[2024-10-21T10:13:43.275+0000] {logging_mixin.py:188} INFO - -------------------------------------------
[2024-10-21T10:13:43.275+0000] {logging_mixin.py:188} INFO - -------------------------------------------
[2024-10-21T10:13:43.276+0000] {logging_mixin.py:188} INFO - https://ikman.lk/en/ad/micro-panda-2013-for-sale-colombo-653
[2024-10-21T10:13:43.276+0000] {logging_mixin.py:188} INFO - -------------------------------------------
[2024-10-21T10:13:43.276+0000] {logging_mixin.py:188} INFO - -------------------------------------------
[2024-10-21T10:13:43.276+0000] {logging_mixin.py:188} INFO - https://ikman.lk/en/ad/micro-panda-cross-used-2016-for-sale-ratnapura
[2024-10-21T10:13:43.277+0000] {logging_mixin.py:188} INFO - -------------------------------------------
[2024-10-21T10:13:43.277+0000] {logging_mixin.py:188} INFO - -------------------------------------------
[2024-10-21T10:13:43.277+0000] {logging_mixin.py:188} INFO - https://ikman.lk/en/ad/micro-panda-cross-full-option-kt-2012-for-sale-colombo
[2024-10-21T10:13:43.277+0000] {logging_mixin.py:188} INFO - -------------------------------------------
[2024-10-21T10:13:43.278+0000] {logging_mixin.py:188} INFO - -------------------------------------------
[2024-10-21T10:13:43.278+0000] {logging_mixin.py:188} INFO - https://ikman.lk/en/ad/micro-panda-cross-2014-for-sale-galle
[2024-10-21T10:13:43.278+0000] {logging_mixin.py:188} INFO - -------------------------------------------
[2024-10-21T10:13:43.278+0000] {logging_mixin.py:188} INFO - -------------------------------------------
[2024-10-21T10:13:43.278+0000] {logging_mixin.py:188} INFO - https://ikman.lk/en/ad/micro-panda-cross-2018-for-sale-colombo-25
[2024-10-21T10:13:43.279+0000] {logging_mixin.py:188} INFO - -------------------------------------------
[2024-10-21T10:13:43.279+0000] {logging_mixin.py:188} INFO - -------------------------------------------
[2024-10-21T10:13:43.279+0000] {logging_mixin.py:188} INFO - https://ikman.lk/en/ad/micro-mx-7-graley-2012-for-sale-galle
[2024-10-21T10:13:43.279+0000] {logging_mixin.py:188} INFO - -------------------------------------------
[2024-10-21T10:13:43.280+0000] {logging_mixin.py:188} INFO - -------------------------------------------
[2024-10-21T10:13:43.280+0000] {logging_mixin.py:188} INFO - https://ikman.lk/en/ad/micro-panda-lc10-f-option-cae-2015-for-sale-colombo
[2024-10-21T10:13:43.280+0000] {logging_mixin.py:188} INFO - -------------------------------------------
[2024-10-21T10:13:43.280+0000] {logging_mixin.py:188} INFO - -------------------------------------------
[2024-10-21T10:13:43.280+0000] {logging_mixin.py:188} INFO - https://ikman.lk/en/ad/micro-panda-2015-for-sale-colombo-1290
[2024-10-21T10:13:43.281+0000] {logging_mixin.py:188} INFO - -------------------------------------------
[2024-10-21T10:13:43.281+0000] {logging_mixin.py:188} INFO - -------------------------------------------
[2024-10-21T10:13:43.281+0000] {logging_mixin.py:188} INFO - https://ikman.lk/en/ad/micro-mx-7-2014-for-sale-gampaha-12
[2024-10-21T10:13:43.281+0000] {logging_mixin.py:188} INFO - -------------------------------------------
[2024-10-21T10:13:43.281+0000] {logging_mixin.py:188} INFO - -------------------------------------------
[2024-10-21T10:13:43.282+0000] {logging_mixin.py:188} INFO - https://ikman.lk/en/ad/micro-panda-2015-for-sale-ampara-3
[2024-10-21T10:13:43.282+0000] {logging_mixin.py:188} INFO - -------------------------------------------
[2024-10-21T10:13:43.283+0000] {logging_mixin.py:188} INFO - -------------------------------------------
[2024-10-21T10:13:43.283+0000] {logging_mixin.py:188} INFO - https://ikman.lk/en/ad/micro-panda-cross-2015-for-sale-colombo-169
[2024-10-21T10:13:43.283+0000] {logging_mixin.py:188} INFO - -------------------------------------------
[2024-10-21T10:13:43.283+0000] {logging_mixin.py:188} INFO - -------------------------------------------
[2024-10-21T10:13:43.284+0000] {logging_mixin.py:188} INFO - https://ikman.lk/en/ad/micro-mx-7-2014-for-sale-badulla-1
[2024-10-21T10:13:43.284+0000] {logging_mixin.py:188} INFO - -------------------------------------------
[2024-10-21T10:13:43.285+0000] {logging_mixin.py:188} INFO - -------------------------------------------
[2024-10-21T10:13:43.285+0000] {logging_mixin.py:188} INFO - https://ikman.lk/en/ad/micro-panda-2015-for-sale-colombo-1288
[2024-10-21T10:13:43.286+0000] {logging_mixin.py:188} INFO - -------------------------------------------
[2024-10-21T10:13:43.286+0000] {logging_mixin.py:188} WARNING - 100%|##########| 24/24 [00:00<00:00, 1284.84it/s]
[2024-10-21T10:13:47.596+0000] {logging_mixin.py:188} WARNING -   0%|          | 0/21 [00:00<?, ?it/s]
[2024-10-21T10:13:47.597+0000] {logging_mixin.py:188} INFO - -------------------------------------------
[2024-10-21T10:13:47.597+0000] {logging_mixin.py:188} INFO - https://ikman.lk/en/ad/micro-panda-cross-kt-2012-for-sale-colombo
[2024-10-21T10:13:47.598+0000] {logging_mixin.py:188} INFO - -------------------------------------------
[2024-10-21T10:13:47.598+0000] {logging_mixin.py:188} INFO - -------------------------------------------
[2024-10-21T10:13:47.599+0000] {logging_mixin.py:188} INFO - https://ikman.lk/en/ad/micro-glory-07-seater-2018-for-sale-vavuniya
[2024-10-21T10:13:47.599+0000] {logging_mixin.py:188} INFO - -------------------------------------------
[2024-10-21T10:13:47.600+0000] {logging_mixin.py:188} INFO - -------------------------------------------
[2024-10-21T10:13:47.600+0000] {logging_mixin.py:188} INFO - https://ikman.lk/en/ad/micro-panda-2012-for-sale-ratnapura-2
[2024-10-21T10:13:47.600+0000] {logging_mixin.py:188} INFO - -------------------------------------------
[2024-10-21T10:13:47.601+0000] {logging_mixin.py:188} INFO - -------------------------------------------
[2024-10-21T10:13:47.601+0000] {logging_mixin.py:188} INFO - https://ikman.lk/en/ad/micro-panda-cross-2012-for-sale-kandy
[2024-10-21T10:13:47.602+0000] {logging_mixin.py:188} INFO - -------------------------------------------
[2024-10-21T10:13:47.602+0000] {logging_mixin.py:188} INFO - -------------------------------------------
[2024-10-21T10:13:47.602+0000] {logging_mixin.py:188} INFO - https://ikman.lk/en/ad/micro-panda-2015-for-sale-colombo-1287
[2024-10-21T10:13:47.602+0000] {logging_mixin.py:188} INFO - -------------------------------------------
[2024-10-21T10:13:47.603+0000] {logging_mixin.py:188} INFO - -------------------------------------------
[2024-10-21T10:13:47.603+0000] {logging_mixin.py:188} INFO - https://ikman.lk/en/ad/micro-panda-cross-2016-for-sale-colombo-173
[2024-10-21T10:13:47.603+0000] {logging_mixin.py:188} INFO - -------------------------------------------
[2024-10-21T10:13:47.604+0000] {logging_mixin.py:188} INFO - -------------------------------------------
[2024-10-21T10:13:47.604+0000] {logging_mixin.py:188} INFO - https://ikman.lk/en/ad/micro-panda-2015-for-sale-gampaha-770
[2024-10-21T10:13:47.604+0000] {logging_mixin.py:188} INFO - -------------------------------------------
[2024-10-21T10:13:47.604+0000] {logging_mixin.py:188} INFO - -------------------------------------------
[2024-10-21T10:13:47.604+0000] {logging_mixin.py:188} INFO - https://ikman.lk/en/ad/micro-panda-lc10-fulloption-2016-for-sale-gampaha
[2024-10-21T10:13:47.605+0000] {logging_mixin.py:188} INFO - -------------------------------------------
[2024-10-21T10:13:47.605+0000] {logging_mixin.py:188} INFO - -------------------------------------------
[2024-10-21T10:13:47.605+0000] {logging_mixin.py:188} INFO - https://ikman.lk/en/ad/micro-panda-cross-2014-for-sale-gampaha-176
[2024-10-21T10:13:47.605+0000] {logging_mixin.py:188} INFO - -------------------------------------------
[2024-10-21T10:13:47.605+0000] {logging_mixin.py:188} INFO - -------------------------------------------
[2024-10-21T10:13:47.606+0000] {logging_mixin.py:188} INFO - https://ikman.lk/en/ad/micro-panda-cross-2015-for-sale-colombo-168
[2024-10-21T10:13:47.606+0000] {logging_mixin.py:188} INFO - -------------------------------------------
[2024-10-21T10:13:47.606+0000] {logging_mixin.py:188} INFO - -------------------------------------------
[2024-10-21T10:13:47.607+0000] {logging_mixin.py:188} INFO - https://ikman.lk/en/ad/micro-panda-full-option-2014-for-sale-puttalam
[2024-10-21T10:13:47.607+0000] {logging_mixin.py:188} INFO - -------------------------------------------
[2024-10-21T10:13:47.608+0000] {logging_mixin.py:188} INFO - -------------------------------------------
[2024-10-21T10:13:47.608+0000] {logging_mixin.py:188} INFO - https://ikman.lk/en/ad/micro-panda-lc-2014-for-sale-colombo-2
[2024-10-21T10:13:47.609+0000] {logging_mixin.py:188} INFO - -------------------------------------------
[2024-10-21T10:13:47.609+0000] {logging_mixin.py:188} INFO - -------------------------------------------
[2024-10-21T10:13:47.609+0000] {logging_mixin.py:188} INFO - https://ikman.lk/en/ad/micro-mx-7-2012-for-sale-jaffna-2
[2024-10-21T10:13:47.609+0000] {logging_mixin.py:188} INFO - -------------------------------------------
[2024-10-21T10:13:47.609+0000] {logging_mixin.py:188} INFO - -------------------------------------------
[2024-10-21T10:13:47.610+0000] {logging_mixin.py:188} INFO - https://ikman.lk/en/ad/micro-panda-998-2014-for-sale-gampaha-5
[2024-10-21T10:13:47.610+0000] {logging_mixin.py:188} INFO - -------------------------------------------
[2024-10-21T10:13:47.610+0000] {logging_mixin.py:188} INFO - -------------------------------------------
[2024-10-21T10:13:47.610+0000] {logging_mixin.py:188} INFO - https://ikman.lk/en/ad/micro-panda-lc-10-2017-for-sale-monaragala
[2024-10-21T10:13:47.611+0000] {logging_mixin.py:188} INFO - -------------------------------------------
[2024-10-21T10:13:47.611+0000] {logging_mixin.py:188} INFO - -------------------------------------------
[2024-10-21T10:13:47.611+0000] {logging_mixin.py:188} INFO - https://ikman.lk/en/ad/micro-trend-2011-for-sale-vavuniya
[2024-10-21T10:13:47.611+0000] {logging_mixin.py:188} INFO - -------------------------------------------
[2024-10-21T10:13:47.612+0000] {logging_mixin.py:188} INFO - -------------------------------------------
[2024-10-21T10:13:47.612+0000] {logging_mixin.py:188} INFO - https://ikman.lk/en/ad/micro-panda-2012-for-sale-galle-84
[2024-10-21T10:13:47.612+0000] {logging_mixin.py:188} INFO - -------------------------------------------
[2024-10-21T10:13:47.612+0000] {logging_mixin.py:188} INFO - -------------------------------------------
[2024-10-21T10:13:47.612+0000] {logging_mixin.py:188} INFO - https://ikman.lk/en/ad/micro-panda-2017-for-sale-gampaha-21
[2024-10-21T10:13:47.613+0000] {logging_mixin.py:188} INFO - -------------------------------------------
[2024-10-21T10:13:47.613+0000] {logging_mixin.py:188} INFO - -------------------------------------------
[2024-10-21T10:13:47.613+0000] {logging_mixin.py:188} INFO - https://ikman.lk/en/ad/micro-panda-997-2014-for-sale-gampaha-1
[2024-10-21T10:13:47.613+0000] {logging_mixin.py:188} INFO - -------------------------------------------
[2024-10-21T10:13:47.614+0000] {logging_mixin.py:188} INFO - -------------------------------------------
[2024-10-21T10:13:47.614+0000] {logging_mixin.py:188} INFO - https://ikman.lk/en/ad/micro-panda-lc10-f-option-kw-2013-for-sale-colombo
[2024-10-21T10:13:47.614+0000] {logging_mixin.py:188} INFO - -------------------------------------------
[2024-10-21T10:13:47.615+0000] {logging_mixin.py:188} INFO - -------------------------------------------
[2024-10-21T10:13:47.615+0000] {logging_mixin.py:188} INFO - https://ikman.lk/en/ad/micro-mx-7-2015-for-sale-gampaha-2
[2024-10-21T10:13:47.616+0000] {logging_mixin.py:188} INFO - -------------------------------------------
[2024-10-21T10:13:47.616+0000] {logging_mixin.py:188} WARNING - 100%|##########| 21/21 [00:00<00:00, 1090.94it/s]
[2024-10-21T10:13:51.790+0000] {logging_mixin.py:188} INFO - page is no content-----------------
[2024-10-21T10:13:55.552+0000] {logging_mixin.py:188} WARNING -   0%|          | 0/1 [00:00<?, ?it/s]
[2024-10-21T10:13:55.553+0000] {logging_mixin.py:188} INFO - -------------------------------------------
[2024-10-21T10:13:55.554+0000] {logging_mixin.py:188} INFO - https://ikman.lk/en/ad/micro-kyron-full-options-2008-for-sale-colombo-2
[2024-10-21T10:13:55.555+0000] {logging_mixin.py:188} INFO - -------------------------------------------
[2024-10-21T10:13:55.556+0000] {logging_mixin.py:188} WARNING - 100%|##########| 1/1 [00:00<00:00, 395.20it/s]
[2024-10-21T10:13:59.384+0000] {logging_mixin.py:188} INFO - page is no content-----------------
[2024-10-21T10:14:02.533+0000] {logging_mixin.py:188} INFO - page is no content-----------------
[2024-10-21T10:14:05.786+0000] {logging_mixin.py:188} INFO - page is no content-----------------
[2024-10-21T10:14:09.048+0000] {logging_mixin.py:188} INFO - page is no content-----------------
[2024-10-21T10:14:12.563+0000] {logging_mixin.py:188} WARNING -   0%|          | 0/3 [00:00<?, ?it/s]
[2024-10-21T10:14:12.564+0000] {logging_mixin.py:188} INFO - -------------------------------------------
[2024-10-21T10:14:12.565+0000] {logging_mixin.py:188} INFO - https://ikman.lk/en/ad/micro-rexton-270-xdi-2008-for-sale-gampaha
[2024-10-21T10:14:12.565+0000] {logging_mixin.py:188} INFO - -------------------------------------------
[2024-10-21T10:14:12.566+0000] {logging_mixin.py:188} INFO - -------------------------------------------
[2024-10-21T10:14:12.566+0000] {logging_mixin.py:188} INFO - https://ikman.lk/en/ad/micro-rexton-2015-for-sale-colombo-84
[2024-10-21T10:14:12.567+0000] {logging_mixin.py:188} INFO - -------------------------------------------
[2024-10-21T10:14:12.567+0000] {logging_mixin.py:188} INFO - -------------------------------------------
[2024-10-21T10:14:12.568+0000] {logging_mixin.py:188} INFO - https://ikman.lk/en/ad/micro-rexton-2009-for-sale-kurunegala
[2024-10-21T10:14:12.568+0000] {logging_mixin.py:188} INFO - -------------------------------------------
[2024-10-21T10:14:12.569+0000] {logging_mixin.py:188} WARNING - 100%|##########| 3/3 [00:00<00:00, 655.97it/s]
[2024-10-21T10:14:16.182+0000] {logging_mixin.py:188} INFO - page is no content-----------------
[2024-10-21T10:14:19.457+0000] {logging_mixin.py:188} INFO - page is no content-----------------
[2024-10-21T10:14:22.707+0000] {logging_mixin.py:188} INFO - page is no content-----------------
[2024-10-21T10:14:22.726+0000] {taskinstance.py:2731} ERROR - Task failed with exception
Traceback (most recent call last):
  File "/home/airflow/.local/lib/python3.8/site-packages/airflow/models/taskinstance.py", line 444, in _execute_task
    result = _execute_callable(context=context, **execute_callable_kwargs)
  File "/home/airflow/.local/lib/python3.8/site-packages/airflow/models/taskinstance.py", line 414, in _execute_callable
    return execute_callable(context=context, **execute_callable_kwargs)
  File "/home/airflow/.local/lib/python3.8/site-packages/airflow/operators/python.py", line 200, in execute
    return_value = self.execute_callable()
  File "/home/airflow/.local/lib/python3.8/site-packages/airflow/operators/python.py", line 217, in execute_callable
    return self.python_callable(*self.op_args, **self.op_kwargs)
  File "/opt/airflow/dags/components/vehicle/data_scraping_components/post_links_extraction.py", line 75, in scrape_links
    upload_table_vehicle('ikman_vehicle_post_links')
  File "/opt/airflow/dags/components/utils/database_table_creation.py", line 35, in upload_table_vehicle
    cur.execute(f"""
psycopg2.errors.InsufficientPrivilege: could not open file "/var/lib/postgresql/vehicle/ikman_vehicle_post_links.csv" for writing: Permission denied
HINT:  COPY TO instructs the PostgreSQL server process to write a file. You may want a client-side facility such as psql's \copy.

[2024-10-21T10:14:22.764+0000] {taskinstance.py:1149} INFO - Marking task as FAILED. dag_id=Vehicle_Data_scrape_Pipeline, task_id=scrape_post_links, execution_date=20241021T100737, start_date=20241021T101316, end_date=20241021T101422
[2024-10-21T10:14:22.767+0000] {logging_mixin.py:188} WARNING - /home/***/.local/lib/python3.8/site-packages/***/utils/context.py:207 AirflowContextDeprecationWarning: Accessing 'execution_date' from the template is deprecated and will be removed in a future version. Please use 'data_interval_start' or 'logical_date' instead.
[2024-10-21T10:14:22.774+0000] {logging_mixin.py:188} WARNING - /home/***/.local/lib/python3.8/site-packages/***/utils/email.py:154 RemovedInAirflow3Warning: Fetching SMTP credentials from configuration variables will be deprecated in a future release. Please set credentials using a connection instead.
[2024-10-21T10:14:22.775+0000] {email.py:270} INFO - Email alerting: attempt 1
[2024-10-21T10:14:24.616+0000] {email.py:281} INFO - Sent an alert email to ['deshanariyarathna@gmail.com']
[2024-10-21T10:14:26.671+0000] {standard_task_runner.py:107} ERROR - Failed to execute job 125 for task scrape_post_links (could not open file "/var/lib/postgresql/vehicle/ikman_vehicle_post_links.csv" for writing: Permission denied
HINT:  COPY TO instructs the PostgreSQL server process to write a file. You may want a client-side facility such as psql's \copy.
; 29018)
[2024-10-21T10:14:26.701+0000] {local_task_job_runner.py:234} INFO - Task exited with return code 1
[2024-10-21T10:14:26.714+0000] {taskinstance.py:3312} INFO - 0 downstream tasks scheduled from follow-on schedule check
