[2024-10-21T10:11:57.863+0000] {taskinstance.py:1979} INFO - Dependencies all met for dep_context=non-requeueable deps ti=<TaskInstance: Vehicle_Data_scrape_Pipeline.scrape_post_links manual__2024-10-21T10:07:37.029866+00:00 [queued]>
[2024-10-21T10:11:57.869+0000] {taskinstance.py:1979} INFO - Dependencies all met for dep_context=requeueable deps ti=<TaskInstance: Vehicle_Data_scrape_Pipeline.scrape_post_links manual__2024-10-21T10:07:37.029866+00:00 [queued]>
[2024-10-21T10:11:57.876+0000] {taskinstance.py:2193} INFO - Starting attempt 3 of 4
[2024-10-21T10:11:57.886+0000] {taskinstance.py:2217} INFO - Executing <Task(PythonOperator): scrape_post_links> on 2024-10-21 10:07:37.029866+00:00
[2024-10-21T10:11:57.890+0000] {standard_task_runner.py:60} INFO - Started process 28854 to run task
[2024-10-21T10:11:57.893+0000] {standard_task_runner.py:87} INFO - Running: ['***', 'tasks', 'run', 'Vehicle_Data_scrape_Pipeline', 'scrape_post_links', 'manual__2024-10-21T10:07:37.029866+00:00', '--job-id', '124', '--raw', '--subdir', 'DAGS_FOLDER/vehicle_data_scraping_pipeline.py', '--cfg-path', '/tmp/tmpjpbvwfww']
[2024-10-21T10:11:57.895+0000] {standard_task_runner.py:88} INFO - Job 124: Subtask scrape_post_links
[2024-10-21T10:11:58.019+0000] {task_command.py:423} INFO - Running <TaskInstance: Vehicle_Data_scrape_Pipeline.scrape_post_links manual__2024-10-21T10:07:37.029866+00:00 [running]> on host 988c1a0779ad
[2024-10-21T10:11:58.061+0000] {taskinstance.py:2513} INFO - Exporting env vars: AIRFLOW_CTX_DAG_OWNER='sdeshan' AIRFLOW_CTX_DAG_ID='Vehicle_Data_scrape_Pipeline' AIRFLOW_CTX_TASK_ID='scrape_post_links' AIRFLOW_CTX_EXECUTION_DATE='2024-10-21T10:07:37.029866+00:00' AIRFLOW_CTX_TRY_NUMBER='3' AIRFLOW_CTX_DAG_RUN_ID='manual__2024-10-21T10:07:37.029866+00:00'
[2024-10-21T10:12:02.352+0000] {logging_mixin.py:188} WARNING -   0%|          | 0/6 [00:00<?, ?it/s]
[2024-10-21T10:12:02.353+0000] {logging_mixin.py:188} INFO - -------------------------------------------
[2024-10-21T10:12:02.353+0000] {logging_mixin.py:188} INFO - https://ikman.lk/en/ad/micro-voleex-2013-for-sale-colombo-15
[2024-10-21T10:12:02.354+0000] {logging_mixin.py:188} INFO - -------------------------------------------
[2024-10-21T10:12:02.354+0000] {logging_mixin.py:188} INFO - -------------------------------------------
[2024-10-21T10:12:02.355+0000] {logging_mixin.py:188} INFO - https://ikman.lk/en/ad/micro-panda-lc10-l-2018-for-sale-ampara-1
[2024-10-21T10:12:02.355+0000] {logging_mixin.py:188} INFO - -------------------------------------------
[2024-10-21T10:12:02.356+0000] {logging_mixin.py:188} INFO - -------------------------------------------
[2024-10-21T10:12:02.356+0000] {logging_mixin.py:188} INFO - https://ikman.lk/en/ad/micro-emgrand-2016-b-new-for-sale-colombo
[2024-10-21T10:12:02.356+0000] {logging_mixin.py:188} INFO - -------------------------------------------
[2024-10-21T10:12:02.357+0000] {logging_mixin.py:188} INFO - -------------------------------------------
[2024-10-21T10:12:02.357+0000] {logging_mixin.py:188} INFO - https://ikman.lk/en/ad/micro-baic-x-25-2018-for-sale-colombo-1
[2024-10-21T10:12:02.357+0000] {logging_mixin.py:188} INFO - -------------------------------------------
[2024-10-21T10:12:02.357+0000] {logging_mixin.py:188} INFO - -------------------------------------------
[2024-10-21T10:12:02.358+0000] {logging_mixin.py:188} INFO - https://ikman.lk/en/ad/micro-panda-cross-2017-for-sale-gampaha-59
[2024-10-21T10:12:02.358+0000] {logging_mixin.py:188} INFO - -------------------------------------------
[2024-10-21T10:12:02.358+0000] {logging_mixin.py:188} INFO - -------------------------------------------
[2024-10-21T10:12:02.358+0000] {logging_mixin.py:188} INFO - https://ikman.lk/en/ad/micro-tivoli-2017-for-sale-gampaha
[2024-10-21T10:12:02.358+0000] {logging_mixin.py:188} INFO - -------------------------------------------
[2024-10-21T10:12:02.359+0000] {logging_mixin.py:188} WARNING - 100%|##########| 6/6 [00:00<00:00, 943.60it/s]
[2024-10-21T10:12:10.850+0000] {logging_mixin.py:188} INFO - page is no content-----------------
[2024-10-21T10:12:14.276+0000] {logging_mixin.py:188} WARNING -   0%|          | 0/13 [00:00<?, ?it/s]
[2024-10-21T10:12:14.277+0000] {logging_mixin.py:188} INFO - -------------------------------------------
[2024-10-21T10:12:14.277+0000] {logging_mixin.py:188} INFO - https://ikman.lk/en/ad/micro-rexton-2017-for-sale-puttalam-4
[2024-10-21T10:12:14.278+0000] {logging_mixin.py:188} INFO - -------------------------------------------
[2024-10-21T10:12:14.278+0000] {logging_mixin.py:188} INFO - -------------------------------------------
[2024-10-21T10:12:14.278+0000] {logging_mixin.py:188} INFO - https://ikman.lk/en/ad/micro-stavic-270-xdi-2011-for-sale-colombo-1
[2024-10-21T10:12:14.279+0000] {logging_mixin.py:188} INFO - -------------------------------------------
[2024-10-21T10:12:14.279+0000] {logging_mixin.py:188} INFO - -------------------------------------------
[2024-10-21T10:12:14.279+0000] {logging_mixin.py:188} INFO - https://ikman.lk/en/ad/micro-korondo-2012-for-sale-colombo-1
[2024-10-21T10:12:14.280+0000] {logging_mixin.py:188} INFO - -------------------------------------------
[2024-10-21T10:12:14.280+0000] {logging_mixin.py:188} INFO - -------------------------------------------
[2024-10-21T10:12:14.280+0000] {logging_mixin.py:188} INFO - https://ikman.lk/en/ad/micro-tivoli-xlv-2017-for-sale-colombo
[2024-10-21T10:12:14.281+0000] {logging_mixin.py:188} INFO - -------------------------------------------
[2024-10-21T10:12:14.281+0000] {logging_mixin.py:188} INFO - -------------------------------------------
[2024-10-21T10:12:14.281+0000] {logging_mixin.py:188} INFO - https://ikman.lk/en/ad/micro-rexton-diesel-2008-for-sale-colombo-1
[2024-10-21T10:12:14.282+0000] {logging_mixin.py:188} INFO - -------------------------------------------
[2024-10-21T10:12:14.282+0000] {logging_mixin.py:188} INFO - -------------------------------------------
[2024-10-21T10:12:14.282+0000] {logging_mixin.py:188} INFO - https://ikman.lk/en/ad/micro-kyron-2008-for-sale-puttalam-15
[2024-10-21T10:12:14.282+0000] {logging_mixin.py:188} INFO - -------------------------------------------
[2024-10-21T10:12:14.283+0000] {logging_mixin.py:188} INFO - -------------------------------------------
[2024-10-21T10:12:14.283+0000] {logging_mixin.py:188} INFO - https://ikman.lk/en/ad/micro-rexton-2008-for-sale-galle
[2024-10-21T10:12:14.283+0000] {logging_mixin.py:188} INFO - -------------------------------------------
[2024-10-21T10:12:14.284+0000] {logging_mixin.py:188} INFO - -------------------------------------------
[2024-10-21T10:12:14.284+0000] {logging_mixin.py:188} INFO - https://ikman.lk/en/ad/micro-rexton-w-2015-7seats-2015-for-sale-gampaha
[2024-10-21T10:12:14.284+0000] {logging_mixin.py:188} INFO - -------------------------------------------
[2024-10-21T10:12:14.285+0000] {logging_mixin.py:188} INFO - -------------------------------------------
[2024-10-21T10:12:14.285+0000] {logging_mixin.py:188} INFO - https://ikman.lk/en/ad/micro-korondo-2014-for-sale-colombo-5
[2024-10-21T10:12:14.285+0000] {logging_mixin.py:188} INFO - -------------------------------------------
[2024-10-21T10:12:14.285+0000] {logging_mixin.py:188} INFO - -------------------------------------------
[2024-10-21T10:12:14.286+0000] {logging_mixin.py:188} INFO - https://ikman.lk/en/ad/micro-havel-h5-2012-for-sale-gampaha
[2024-10-21T10:12:14.286+0000] {logging_mixin.py:188} INFO - -------------------------------------------
[2024-10-21T10:12:14.286+0000] {logging_mixin.py:188} INFO - -------------------------------------------
[2024-10-21T10:12:14.287+0000] {logging_mixin.py:188} INFO - https://ikman.lk/en/ad/micro-kyron-2009-for-sale-kalutara-12
[2024-10-21T10:12:14.287+0000] {logging_mixin.py:188} INFO - -------------------------------------------
[2024-10-21T10:12:14.288+0000] {logging_mixin.py:188} INFO - -------------------------------------------
[2024-10-21T10:12:14.288+0000] {logging_mixin.py:188} INFO - https://ikman.lk/en/ad/micro-kyron-2008-for-sale-colombo-1109
[2024-10-21T10:12:14.288+0000] {logging_mixin.py:188} INFO - -------------------------------------------
[2024-10-21T10:12:14.289+0000] {logging_mixin.py:188} INFO - -------------------------------------------
[2024-10-21T10:12:14.289+0000] {logging_mixin.py:188} INFO - https://ikman.lk/en/ad/micro-stavic-suv-2010-for-sale-gampaha-1
[2024-10-21T10:12:14.289+0000] {logging_mixin.py:188} INFO - -------------------------------------------
[2024-10-21T10:12:14.290+0000] {logging_mixin.py:188} WARNING - 100%|##########| 13/13 [00:00<00:00, 1025.19it/s]
[2024-10-21T10:12:18.671+0000] {logging_mixin.py:188} INFO - page is no content-----------------
[2024-10-21T10:12:21.918+0000] {logging_mixin.py:188} INFO - page is no content-----------------
[2024-10-21T10:12:25.679+0000] {logging_mixin.py:188} INFO - page is no content-----------------
[2024-10-21T10:12:29.490+0000] {logging_mixin.py:188} WARNING -   0%|          | 0/24 [00:00<?, ?it/s]
[2024-10-21T10:12:29.491+0000] {logging_mixin.py:188} INFO - -------------------------------------------
[2024-10-21T10:12:29.492+0000] {logging_mixin.py:188} INFO - https://ikman.lk/en/ad/micro-mx-7-manual-2013-for-sale-gampaha-1
[2024-10-21T10:12:29.492+0000] {logging_mixin.py:188} INFO - -------------------------------------------
[2024-10-21T10:12:29.492+0000] {logging_mixin.py:188} INFO - -------------------------------------------
[2024-10-21T10:12:29.493+0000] {logging_mixin.py:188} INFO - https://ikman.lk/en/ad/micro-panda-997-2015-for-sale-gampaha-4
[2024-10-21T10:12:29.493+0000] {logging_mixin.py:188} INFO - -------------------------------------------
[2024-10-21T10:12:29.494+0000] {logging_mixin.py:188} INFO - -------------------------------------------
[2024-10-21T10:12:29.494+0000] {logging_mixin.py:188} INFO - https://ikman.lk/en/ad/micro-trend-2011-for-sale-gampaha
[2024-10-21T10:12:29.495+0000] {logging_mixin.py:188} INFO - -------------------------------------------
[2024-10-21T10:12:29.495+0000] {logging_mixin.py:188} INFO - -------------------------------------------
[2024-10-21T10:12:29.495+0000] {logging_mixin.py:188} INFO - https://ikman.lk/en/ad/micro-panda-q-13-2011-for-sale-nuwara-eliya
[2024-10-21T10:12:29.495+0000] {logging_mixin.py:188} INFO - -------------------------------------------
[2024-10-21T10:12:29.496+0000] {logging_mixin.py:188} INFO - -------------------------------------------
[2024-10-21T10:12:29.496+0000] {logging_mixin.py:188} INFO - https://ikman.lk/en/ad/micro-panda-cross-13-cc-2013-for-sale-kalutara
[2024-10-21T10:12:29.496+0000] {logging_mixin.py:188} INFO - -------------------------------------------
[2024-10-21T10:12:29.496+0000] {logging_mixin.py:188} INFO - -------------------------------------------
[2024-10-21T10:12:29.496+0000] {logging_mixin.py:188} INFO - https://ikman.lk/en/ad/micro-panda-lc-10-2015-for-sale-gampaha-43
[2024-10-21T10:12:29.497+0000] {logging_mixin.py:188} INFO - -------------------------------------------
[2024-10-21T10:12:29.497+0000] {logging_mixin.py:188} INFO - -------------------------------------------
[2024-10-21T10:12:29.497+0000] {logging_mixin.py:188} INFO - https://ikman.lk/en/ad/micro-panda-lc-10-2015-for-sale-gampaha-42
[2024-10-21T10:12:29.497+0000] {logging_mixin.py:188} INFO - -------------------------------------------
[2024-10-21T10:12:29.497+0000] {logging_mixin.py:188} INFO - -------------------------------------------
[2024-10-21T10:12:29.498+0000] {logging_mixin.py:188} INFO - https://ikman.lk/en/ad/micro-trend-2009-for-sale-ampara
[2024-10-21T10:12:29.498+0000] {logging_mixin.py:188} INFO - -------------------------------------------
[2024-10-21T10:12:29.498+0000] {logging_mixin.py:188} INFO - -------------------------------------------
[2024-10-21T10:12:29.498+0000] {logging_mixin.py:188} INFO - https://ikman.lk/en/ad/micro-panda-lc-10-2014-for-sale-gampaha
[2024-10-21T10:12:29.499+0000] {logging_mixin.py:188} INFO - -------------------------------------------
[2024-10-21T10:12:29.499+0000] {logging_mixin.py:188} INFO - -------------------------------------------
[2024-10-21T10:12:29.499+0000] {logging_mixin.py:188} INFO - https://ikman.lk/en/ad/micro-geely-panda-2015-for-sale-galle
[2024-10-21T10:12:29.499+0000] {logging_mixin.py:188} INFO - -------------------------------------------
[2024-10-21T10:12:29.499+0000] {logging_mixin.py:188} INFO - -------------------------------------------
[2024-10-21T10:12:29.500+0000] {logging_mixin.py:188} INFO - https://ikman.lk/en/ad/micro-panda-gelly-2015-for-sale-colombo
[2024-10-21T10:12:29.500+0000] {logging_mixin.py:188} INFO - -------------------------------------------
[2024-10-21T10:12:29.500+0000] {logging_mixin.py:188} INFO - -------------------------------------------
[2024-10-21T10:12:29.501+0000] {logging_mixin.py:188} INFO - https://ikman.lk/en/ad/micro-panda-2013-for-sale-colombo-653
[2024-10-21T10:12:29.501+0000] {logging_mixin.py:188} INFO - -------------------------------------------
[2024-10-21T10:12:29.501+0000] {logging_mixin.py:188} INFO - -------------------------------------------
[2024-10-21T10:12:29.501+0000] {logging_mixin.py:188} INFO - https://ikman.lk/en/ad/micro-panda-cross-used-2016-for-sale-ratnapura
[2024-10-21T10:12:29.501+0000] {logging_mixin.py:188} INFO - -------------------------------------------
[2024-10-21T10:12:29.502+0000] {logging_mixin.py:188} INFO - -------------------------------------------
[2024-10-21T10:12:29.502+0000] {logging_mixin.py:188} INFO - https://ikman.lk/en/ad/micro-panda-cross-full-option-kt-2012-for-sale-colombo
[2024-10-21T10:12:29.502+0000] {logging_mixin.py:188} INFO - -------------------------------------------
[2024-10-21T10:12:29.502+0000] {logging_mixin.py:188} INFO - -------------------------------------------
[2024-10-21T10:12:29.503+0000] {logging_mixin.py:188} INFO - https://ikman.lk/en/ad/micro-panda-cross-2014-for-sale-galle
[2024-10-21T10:12:29.503+0000] {logging_mixin.py:188} INFO - -------------------------------------------
[2024-10-21T10:12:29.503+0000] {logging_mixin.py:188} INFO - -------------------------------------------
[2024-10-21T10:12:29.503+0000] {logging_mixin.py:188} INFO - https://ikman.lk/en/ad/micro-panda-cross-2018-for-sale-colombo-25
[2024-10-21T10:12:29.503+0000] {logging_mixin.py:188} INFO - -------------------------------------------
[2024-10-21T10:12:29.504+0000] {logging_mixin.py:188} INFO - -------------------------------------------
[2024-10-21T10:12:29.504+0000] {logging_mixin.py:188} INFO - https://ikman.lk/en/ad/micro-mx-7-graley-2012-for-sale-galle
[2024-10-21T10:12:29.504+0000] {logging_mixin.py:188} INFO - -------------------------------------------
[2024-10-21T10:12:29.504+0000] {logging_mixin.py:188} INFO - -------------------------------------------
[2024-10-21T10:12:29.504+0000] {logging_mixin.py:188} INFO - https://ikman.lk/en/ad/micro-panda-lc10-f-option-cae-2015-for-sale-colombo
[2024-10-21T10:12:29.505+0000] {logging_mixin.py:188} INFO - -------------------------------------------
[2024-10-21T10:12:29.505+0000] {logging_mixin.py:188} INFO - -------------------------------------------
[2024-10-21T10:12:29.505+0000] {logging_mixin.py:188} INFO - https://ikman.lk/en/ad/micro-panda-2015-for-sale-colombo-1290
[2024-10-21T10:12:29.505+0000] {logging_mixin.py:188} INFO - -------------------------------------------
[2024-10-21T10:12:29.505+0000] {logging_mixin.py:188} INFO - -------------------------------------------
[2024-10-21T10:12:29.506+0000] {logging_mixin.py:188} INFO - https://ikman.lk/en/ad/micro-mx-7-2014-for-sale-gampaha-12
[2024-10-21T10:12:29.506+0000] {logging_mixin.py:188} INFO - -------------------------------------------
[2024-10-21T10:12:29.506+0000] {logging_mixin.py:188} INFO - -------------------------------------------
[2024-10-21T10:12:29.506+0000] {logging_mixin.py:188} INFO - https://ikman.lk/en/ad/micro-panda-2015-for-sale-ampara-3
[2024-10-21T10:12:29.506+0000] {logging_mixin.py:188} INFO - -------------------------------------------
[2024-10-21T10:12:29.507+0000] {logging_mixin.py:188} INFO - -------------------------------------------
[2024-10-21T10:12:29.507+0000] {logging_mixin.py:188} INFO - https://ikman.lk/en/ad/micro-panda-cross-2015-for-sale-colombo-169
[2024-10-21T10:12:29.507+0000] {logging_mixin.py:188} INFO - -------------------------------------------
[2024-10-21T10:12:29.507+0000] {logging_mixin.py:188} INFO - -------------------------------------------
[2024-10-21T10:12:29.508+0000] {logging_mixin.py:188} INFO - https://ikman.lk/en/ad/micro-mx-7-2014-for-sale-badulla-1
[2024-10-21T10:12:29.508+0000] {logging_mixin.py:188} INFO - -------------------------------------------
[2024-10-21T10:12:29.508+0000] {logging_mixin.py:188} INFO - -------------------------------------------
[2024-10-21T10:12:29.508+0000] {logging_mixin.py:188} INFO - https://ikman.lk/en/ad/micro-panda-2015-for-sale-colombo-1288
[2024-10-21T10:12:29.508+0000] {logging_mixin.py:188} INFO - -------------------------------------------
[2024-10-21T10:12:29.509+0000] {logging_mixin.py:188} WARNING - 100%|##########| 24/24 [00:00<00:00, 1342.52it/s]
[2024-10-21T10:12:34.173+0000] {logging_mixin.py:188} WARNING -   0%|          | 0/21 [00:00<?, ?it/s]
[2024-10-21T10:12:34.174+0000] {logging_mixin.py:188} INFO - -------------------------------------------
[2024-10-21T10:12:34.175+0000] {logging_mixin.py:188} INFO - https://ikman.lk/en/ad/micro-panda-cross-kt-2012-for-sale-colombo
[2024-10-21T10:12:34.176+0000] {logging_mixin.py:188} INFO - -------------------------------------------
[2024-10-21T10:12:34.176+0000] {logging_mixin.py:188} INFO - -------------------------------------------
[2024-10-21T10:12:34.177+0000] {logging_mixin.py:188} INFO - https://ikman.lk/en/ad/micro-glory-07-seater-2018-for-sale-vavuniya
[2024-10-21T10:12:34.177+0000] {logging_mixin.py:188} INFO - -------------------------------------------
[2024-10-21T10:12:34.178+0000] {logging_mixin.py:188} INFO - -------------------------------------------
[2024-10-21T10:12:34.178+0000] {logging_mixin.py:188} INFO - https://ikman.lk/en/ad/micro-panda-2012-for-sale-ratnapura-2
[2024-10-21T10:12:34.179+0000] {logging_mixin.py:188} INFO - -------------------------------------------
[2024-10-21T10:12:34.179+0000] {logging_mixin.py:188} INFO - -------------------------------------------
[2024-10-21T10:12:34.180+0000] {logging_mixin.py:188} INFO - https://ikman.lk/en/ad/micro-panda-cross-2012-for-sale-kandy
[2024-10-21T10:12:34.180+0000] {logging_mixin.py:188} INFO - -------------------------------------------
[2024-10-21T10:12:34.180+0000] {logging_mixin.py:188} INFO - -------------------------------------------
[2024-10-21T10:12:34.180+0000] {logging_mixin.py:188} INFO - https://ikman.lk/en/ad/micro-panda-2015-for-sale-colombo-1287
[2024-10-21T10:12:34.181+0000] {logging_mixin.py:188} INFO - -------------------------------------------
[2024-10-21T10:12:34.181+0000] {logging_mixin.py:188} INFO - -------------------------------------------
[2024-10-21T10:12:34.181+0000] {logging_mixin.py:188} INFO - https://ikman.lk/en/ad/micro-panda-cross-2016-for-sale-colombo-173
[2024-10-21T10:12:34.181+0000] {logging_mixin.py:188} INFO - -------------------------------------------
[2024-10-21T10:12:34.181+0000] {logging_mixin.py:188} INFO - -------------------------------------------
[2024-10-21T10:12:34.182+0000] {logging_mixin.py:188} INFO - https://ikman.lk/en/ad/micro-panda-2015-for-sale-gampaha-770
[2024-10-21T10:12:34.182+0000] {logging_mixin.py:188} INFO - -------------------------------------------
[2024-10-21T10:12:34.182+0000] {logging_mixin.py:188} INFO - -------------------------------------------
[2024-10-21T10:12:34.182+0000] {logging_mixin.py:188} INFO - https://ikman.lk/en/ad/micro-panda-lc10-fulloption-2016-for-sale-gampaha
[2024-10-21T10:12:34.183+0000] {logging_mixin.py:188} INFO - -------------------------------------------
[2024-10-21T10:12:34.183+0000] {logging_mixin.py:188} INFO - -------------------------------------------
[2024-10-21T10:12:34.183+0000] {logging_mixin.py:188} INFO - https://ikman.lk/en/ad/micro-panda-cross-2014-for-sale-gampaha-176
[2024-10-21T10:12:34.183+0000] {logging_mixin.py:188} INFO - -------------------------------------------
[2024-10-21T10:12:34.183+0000] {logging_mixin.py:188} INFO - -------------------------------------------
[2024-10-21T10:12:34.184+0000] {logging_mixin.py:188} INFO - https://ikman.lk/en/ad/micro-panda-cross-2015-for-sale-colombo-168
[2024-10-21T10:12:34.184+0000] {logging_mixin.py:188} INFO - -------------------------------------------
[2024-10-21T10:12:34.184+0000] {logging_mixin.py:188} INFO - -------------------------------------------
[2024-10-21T10:12:34.184+0000] {logging_mixin.py:188} INFO - https://ikman.lk/en/ad/micro-panda-full-option-2014-for-sale-puttalam
[2024-10-21T10:12:34.185+0000] {logging_mixin.py:188} INFO - -------------------------------------------
[2024-10-21T10:12:34.185+0000] {logging_mixin.py:188} INFO - -------------------------------------------
[2024-10-21T10:12:34.185+0000] {logging_mixin.py:188} INFO - https://ikman.lk/en/ad/micro-panda-lc-2014-for-sale-colombo-2
[2024-10-21T10:12:34.185+0000] {logging_mixin.py:188} INFO - -------------------------------------------
[2024-10-21T10:12:34.185+0000] {logging_mixin.py:188} INFO - -------------------------------------------
[2024-10-21T10:12:34.186+0000] {logging_mixin.py:188} INFO - https://ikman.lk/en/ad/micro-mx-7-2012-for-sale-jaffna-2
[2024-10-21T10:12:34.186+0000] {logging_mixin.py:188} INFO - -------------------------------------------
[2024-10-21T10:12:34.186+0000] {logging_mixin.py:188} INFO - -------------------------------------------
[2024-10-21T10:12:34.186+0000] {logging_mixin.py:188} INFO - https://ikman.lk/en/ad/micro-panda-998-2014-for-sale-gampaha-5
[2024-10-21T10:12:34.187+0000] {logging_mixin.py:188} INFO - -------------------------------------------
[2024-10-21T10:12:34.187+0000] {logging_mixin.py:188} INFO - -------------------------------------------
[2024-10-21T10:12:34.187+0000] {logging_mixin.py:188} INFO - https://ikman.lk/en/ad/micro-panda-lc-10-2017-for-sale-monaragala
[2024-10-21T10:12:34.187+0000] {logging_mixin.py:188} INFO - -------------------------------------------
[2024-10-21T10:12:34.188+0000] {logging_mixin.py:188} INFO - -------------------------------------------
[2024-10-21T10:12:34.188+0000] {logging_mixin.py:188} INFO - https://ikman.lk/en/ad/micro-trend-2011-for-sale-vavuniya
[2024-10-21T10:12:34.189+0000] {logging_mixin.py:188} INFO - -------------------------------------------
[2024-10-21T10:12:34.189+0000] {logging_mixin.py:188} INFO - -------------------------------------------
[2024-10-21T10:12:34.189+0000] {logging_mixin.py:188} INFO - https://ikman.lk/en/ad/micro-panda-2012-for-sale-galle-84
[2024-10-21T10:12:34.189+0000] {logging_mixin.py:188} INFO - -------------------------------------------
[2024-10-21T10:12:34.189+0000] {logging_mixin.py:188} INFO - -------------------------------------------
[2024-10-21T10:12:34.190+0000] {logging_mixin.py:188} INFO - https://ikman.lk/en/ad/micro-panda-2017-for-sale-gampaha-21
[2024-10-21T10:12:34.190+0000] {logging_mixin.py:188} INFO - -------------------------------------------
[2024-10-21T10:12:34.190+0000] {logging_mixin.py:188} INFO - -------------------------------------------
[2024-10-21T10:12:34.190+0000] {logging_mixin.py:188} INFO - https://ikman.lk/en/ad/micro-panda-997-2014-for-sale-gampaha-1
[2024-10-21T10:12:34.191+0000] {logging_mixin.py:188} INFO - -------------------------------------------
[2024-10-21T10:12:34.191+0000] {logging_mixin.py:188} INFO - -------------------------------------------
[2024-10-21T10:12:34.191+0000] {logging_mixin.py:188} INFO - https://ikman.lk/en/ad/micro-panda-lc10-f-option-kw-2013-for-sale-colombo
[2024-10-21T10:12:34.191+0000] {logging_mixin.py:188} INFO - -------------------------------------------
[2024-10-21T10:12:34.192+0000] {logging_mixin.py:188} INFO - -------------------------------------------
[2024-10-21T10:12:34.192+0000] {logging_mixin.py:188} INFO - https://ikman.lk/en/ad/micro-mx-7-2015-for-sale-gampaha-2
[2024-10-21T10:12:34.192+0000] {logging_mixin.py:188} INFO - -------------------------------------------
[2024-10-21T10:12:34.192+0000] {logging_mixin.py:188} WARNING - 100%|##########| 21/21 [00:00<00:00, 1146.95it/s]
[2024-10-21T10:12:37.880+0000] {logging_mixin.py:188} INFO - page is no content-----------------
[2024-10-21T10:12:41.314+0000] {logging_mixin.py:188} WARNING -   0%|          | 0/1 [00:00<?, ?it/s]
[2024-10-21T10:12:41.315+0000] {logging_mixin.py:188} INFO - -------------------------------------------
[2024-10-21T10:12:41.316+0000] {logging_mixin.py:188} INFO - https://ikman.lk/en/ad/micro-kyron-full-options-2008-for-sale-colombo-2
[2024-10-21T10:12:41.316+0000] {logging_mixin.py:188} INFO - -------------------------------------------
[2024-10-21T10:12:41.317+0000] {logging_mixin.py:188} WARNING - 100%|##########| 1/1 [00:00<00:00, 452.56it/s]
[2024-10-21T10:12:45.999+0000] {logging_mixin.py:188} INFO - page is no content-----------------
[2024-10-21T10:12:49.433+0000] {logging_mixin.py:188} INFO - page is no content-----------------
[2024-10-21T10:12:52.670+0000] {logging_mixin.py:188} INFO - page is no content-----------------
[2024-10-21T10:12:56.713+0000] {logging_mixin.py:188} INFO - page is no content-----------------
[2024-10-21T10:12:59.910+0000] {logging_mixin.py:188} WARNING -   0%|          | 0/3 [00:00<?, ?it/s]
[2024-10-21T10:12:59.911+0000] {logging_mixin.py:188} INFO - -------------------------------------------
[2024-10-21T10:12:59.912+0000] {logging_mixin.py:188} INFO - https://ikman.lk/en/ad/micro-rexton-270-xdi-2008-for-sale-gampaha
[2024-10-21T10:12:59.912+0000] {logging_mixin.py:188} INFO - -------------------------------------------
[2024-10-21T10:12:59.912+0000] {logging_mixin.py:188} INFO - -------------------------------------------
[2024-10-21T10:12:59.913+0000] {logging_mixin.py:188} INFO - https://ikman.lk/en/ad/micro-rexton-2015-for-sale-colombo-84
[2024-10-21T10:12:59.913+0000] {logging_mixin.py:188} INFO - -------------------------------------------
[2024-10-21T10:12:59.914+0000] {logging_mixin.py:188} INFO - -------------------------------------------
[2024-10-21T10:12:59.914+0000] {logging_mixin.py:188} INFO - https://ikman.lk/en/ad/micro-rexton-2009-for-sale-kurunegala
[2024-10-21T10:12:59.915+0000] {logging_mixin.py:188} INFO - -------------------------------------------
[2024-10-21T10:12:59.916+0000] {logging_mixin.py:188} WARNING - 100%|##########| 3/3 [00:00<00:00, 644.78it/s]
[2024-10-21T10:13:04.117+0000] {logging_mixin.py:188} INFO - page is no content-----------------
[2024-10-21T10:13:07.433+0000] {logging_mixin.py:188} INFO - page is no content-----------------
[2024-10-21T10:13:11.117+0000] {logging_mixin.py:188} INFO - page is no content-----------------
[2024-10-21T10:13:11.135+0000] {taskinstance.py:2731} ERROR - Task failed with exception
Traceback (most recent call last):
  File "/home/airflow/.local/lib/python3.8/site-packages/airflow/models/taskinstance.py", line 444, in _execute_task
    result = _execute_callable(context=context, **execute_callable_kwargs)
  File "/home/airflow/.local/lib/python3.8/site-packages/airflow/models/taskinstance.py", line 414, in _execute_callable
    return execute_callable(context=context, **execute_callable_kwargs)
  File "/home/airflow/.local/lib/python3.8/site-packages/airflow/operators/python.py", line 200, in execute
    return_value = self.execute_callable()
  File "/home/airflow/.local/lib/python3.8/site-packages/airflow/operators/python.py", line 217, in execute_callable
    return self.python_callable(*self.op_args, **self.op_kwargs)
  File "/opt/airflow/dags/components/vehicle/data_scraping_components/post_links_extraction.py", line 75, in scrape_links
    upload_table_vehicle('ikman_vehicle_post_links')
  File "/opt/airflow/dags/components/utils/database_table_creation.py", line 35, in upload_table_vehicle
    cur.execute(f"""
psycopg2.errors.InsufficientPrivilege: could not open file "/var/lib/postgresql/vehicle/ikman_vehicle_post_links.csv" for writing: Permission denied
HINT:  COPY TO instructs the PostgreSQL server process to write a file. You may want a client-side facility such as psql's \copy.

[2024-10-21T10:13:11.149+0000] {taskinstance.py:1149} INFO - Marking task as UP_FOR_RETRY. dag_id=Vehicle_Data_scrape_Pipeline, task_id=scrape_post_links, execution_date=20241021T100737, start_date=20241021T101157, end_date=20241021T101311
[2024-10-21T10:13:11.157+0000] {standard_task_runner.py:107} ERROR - Failed to execute job 124 for task scrape_post_links (could not open file "/var/lib/postgresql/vehicle/ikman_vehicle_post_links.csv" for writing: Permission denied
HINT:  COPY TO instructs the PostgreSQL server process to write a file. You may want a client-side facility such as psql's \copy.
; 28854)
[2024-10-21T10:13:11.186+0000] {local_task_job_runner.py:234} INFO - Task exited with return code 1
[2024-10-21T10:13:11.199+0000] {taskinstance.py:3312} INFO - 0 downstream tasks scheduled from follow-on schedule check
