[2024-10-21T10:07:38.690+0000] {taskinstance.py:1979} INFO - Dependencies all met for dep_context=non-requeueable deps ti=<TaskInstance: Vehicle_Data_scrape_Pipeline.scrape_post_links manual__2024-10-21T10:07:37.029866+00:00 [queued]>
[2024-10-21T10:07:38.695+0000] {taskinstance.py:1979} INFO - Dependencies all met for dep_context=requeueable deps ti=<TaskInstance: Vehicle_Data_scrape_Pipeline.scrape_post_links manual__2024-10-21T10:07:37.029866+00:00 [queued]>
[2024-10-21T10:07:38.696+0000] {taskinstance.py:2193} INFO - Starting attempt 1 of 4
[2024-10-21T10:07:38.707+0000] {taskinstance.py:2217} INFO - Executing <Task(PythonOperator): scrape_post_links> on 2024-10-21 10:07:37.029866+00:00
[2024-10-21T10:07:38.711+0000] {standard_task_runner.py:60} INFO - Started process 28189 to run task
[2024-10-21T10:07:38.712+0000] {standard_task_runner.py:87} INFO - Running: ['***', 'tasks', 'run', 'Vehicle_Data_scrape_Pipeline', 'scrape_post_links', 'manual__2024-10-21T10:07:37.029866+00:00', '--job-id', '122', '--raw', '--subdir', 'DAGS_FOLDER/vehicle_data_scraping_pipeline.py', '--cfg-path', '/tmp/tmpth7wyrb0']
[2024-10-21T10:07:38.714+0000] {standard_task_runner.py:88} INFO - Job 122: Subtask scrape_post_links
[2024-10-21T10:07:38.854+0000] {task_command.py:423} INFO - Running <TaskInstance: Vehicle_Data_scrape_Pipeline.scrape_post_links manual__2024-10-21T10:07:37.029866+00:00 [running]> on host 988c1a0779ad
[2024-10-21T10:07:38.904+0000] {taskinstance.py:2513} INFO - Exporting env vars: AIRFLOW_CTX_DAG_OWNER='sdeshan' AIRFLOW_CTX_DAG_ID='Vehicle_Data_scrape_Pipeline' AIRFLOW_CTX_TASK_ID='scrape_post_links' AIRFLOW_CTX_EXECUTION_DATE='2024-10-21T10:07:37.029866+00:00' AIRFLOW_CTX_TRY_NUMBER='1' AIRFLOW_CTX_DAG_RUN_ID='manual__2024-10-21T10:07:37.029866+00:00'
[2024-10-21T10:07:42.726+0000] {logging_mixin.py:188} WARNING -   0%|          | 0/6 [00:00<?, ?it/s]
[2024-10-21T10:07:42.727+0000] {logging_mixin.py:188} INFO - -------------------------------------------
[2024-10-21T10:07:42.727+0000] {logging_mixin.py:188} INFO - https://ikman.lk/en/ad/micro-voleex-2013-for-sale-colombo-15
[2024-10-21T10:07:42.727+0000] {logging_mixin.py:188} INFO - -------------------------------------------
[2024-10-21T10:07:42.728+0000] {logging_mixin.py:188} INFO - -------------------------------------------
[2024-10-21T10:07:42.728+0000] {logging_mixin.py:188} INFO - https://ikman.lk/en/ad/micro-panda-lc10-l-2018-for-sale-ampara-1
[2024-10-21T10:07:42.728+0000] {logging_mixin.py:188} INFO - -------------------------------------------
[2024-10-21T10:07:42.729+0000] {logging_mixin.py:188} INFO - -------------------------------------------
[2024-10-21T10:07:42.729+0000] {logging_mixin.py:188} INFO - https://ikman.lk/en/ad/micro-emgrand-2016-b-new-for-sale-colombo
[2024-10-21T10:07:42.730+0000] {logging_mixin.py:188} INFO - -------------------------------------------
[2024-10-21T10:07:42.730+0000] {logging_mixin.py:188} INFO - -------------------------------------------
[2024-10-21T10:07:42.730+0000] {logging_mixin.py:188} INFO - https://ikman.lk/en/ad/micro-baic-x-25-2018-for-sale-colombo-1
[2024-10-21T10:07:42.730+0000] {logging_mixin.py:188} INFO - -------------------------------------------
[2024-10-21T10:07:42.731+0000] {logging_mixin.py:188} INFO - -------------------------------------------
[2024-10-21T10:07:42.731+0000] {logging_mixin.py:188} INFO - https://ikman.lk/en/ad/micro-panda-cross-2017-for-sale-gampaha-59
[2024-10-21T10:07:42.731+0000] {logging_mixin.py:188} INFO - -------------------------------------------
[2024-10-21T10:07:42.731+0000] {logging_mixin.py:188} INFO - -------------------------------------------
[2024-10-21T10:07:42.732+0000] {logging_mixin.py:188} INFO - https://ikman.lk/en/ad/micro-tivoli-2017-for-sale-gampaha
[2024-10-21T10:07:42.732+0000] {logging_mixin.py:188} INFO - -------------------------------------------
[2024-10-21T10:07:42.732+0000] {logging_mixin.py:188} WARNING - 100%|##########| 6/6 [00:00<00:00, 1097.84it/s]
[2024-10-21T10:07:48.168+0000] {logging_mixin.py:188} INFO - page is no content-----------------
[2024-10-21T10:07:51.687+0000] {logging_mixin.py:188} WARNING -   0%|          | 0/13 [00:00<?, ?it/s]
[2024-10-21T10:07:51.688+0000] {logging_mixin.py:188} INFO - -------------------------------------------
[2024-10-21T10:07:51.688+0000] {logging_mixin.py:188} INFO - https://ikman.lk/en/ad/micro-rexton-2017-for-sale-puttalam-4
[2024-10-21T10:07:51.689+0000] {logging_mixin.py:188} INFO - -------------------------------------------
[2024-10-21T10:07:51.689+0000] {logging_mixin.py:188} INFO - -------------------------------------------
[2024-10-21T10:07:51.690+0000] {logging_mixin.py:188} INFO - https://ikman.lk/en/ad/micro-stavic-270-xdi-2011-for-sale-colombo-1
[2024-10-21T10:07:51.690+0000] {logging_mixin.py:188} INFO - -------------------------------------------
[2024-10-21T10:07:51.690+0000] {logging_mixin.py:188} INFO - -------------------------------------------
[2024-10-21T10:07:51.690+0000] {logging_mixin.py:188} INFO - https://ikman.lk/en/ad/micro-korondo-2012-for-sale-colombo-1
[2024-10-21T10:07:51.691+0000] {logging_mixin.py:188} INFO - -------------------------------------------
[2024-10-21T10:07:51.691+0000] {logging_mixin.py:188} INFO - -------------------------------------------
[2024-10-21T10:07:51.691+0000] {logging_mixin.py:188} INFO - https://ikman.lk/en/ad/micro-tivoli-xlv-2017-for-sale-colombo
[2024-10-21T10:07:51.691+0000] {logging_mixin.py:188} INFO - -------------------------------------------
[2024-10-21T10:07:51.692+0000] {logging_mixin.py:188} INFO - -------------------------------------------
[2024-10-21T10:07:51.692+0000] {logging_mixin.py:188} INFO - https://ikman.lk/en/ad/micro-rexton-diesel-2008-for-sale-colombo-1
[2024-10-21T10:07:51.692+0000] {logging_mixin.py:188} INFO - -------------------------------------------
[2024-10-21T10:07:51.692+0000] {logging_mixin.py:188} INFO - -------------------------------------------
[2024-10-21T10:07:51.693+0000] {logging_mixin.py:188} INFO - https://ikman.lk/en/ad/micro-kyron-2008-for-sale-puttalam-15
[2024-10-21T10:07:51.693+0000] {logging_mixin.py:188} INFO - -------------------------------------------
[2024-10-21T10:07:51.693+0000] {logging_mixin.py:188} INFO - -------------------------------------------
[2024-10-21T10:07:51.693+0000] {logging_mixin.py:188} INFO - https://ikman.lk/en/ad/micro-rexton-2008-for-sale-galle
[2024-10-21T10:07:51.693+0000] {logging_mixin.py:188} INFO - -------------------------------------------
[2024-10-21T10:07:51.694+0000] {logging_mixin.py:188} INFO - -------------------------------------------
[2024-10-21T10:07:51.694+0000] {logging_mixin.py:188} INFO - https://ikman.lk/en/ad/micro-rexton-w-2015-7seats-2015-for-sale-gampaha
[2024-10-21T10:07:51.694+0000] {logging_mixin.py:188} INFO - -------------------------------------------
[2024-10-21T10:07:51.694+0000] {logging_mixin.py:188} INFO - -------------------------------------------
[2024-10-21T10:07:51.695+0000] {logging_mixin.py:188} INFO - https://ikman.lk/en/ad/micro-korondo-2014-for-sale-colombo-5
[2024-10-21T10:07:51.695+0000] {logging_mixin.py:188} INFO - -------------------------------------------
[2024-10-21T10:07:51.695+0000] {logging_mixin.py:188} INFO - -------------------------------------------
[2024-10-21T10:07:51.695+0000] {logging_mixin.py:188} INFO - https://ikman.lk/en/ad/micro-havel-h5-2012-for-sale-gampaha
[2024-10-21T10:07:51.696+0000] {logging_mixin.py:188} INFO - -------------------------------------------
[2024-10-21T10:07:51.696+0000] {logging_mixin.py:188} INFO - -------------------------------------------
[2024-10-21T10:07:51.696+0000] {logging_mixin.py:188} INFO - https://ikman.lk/en/ad/micro-kyron-2009-for-sale-kalutara-12
[2024-10-21T10:07:51.696+0000] {logging_mixin.py:188} INFO - -------------------------------------------
[2024-10-21T10:07:51.697+0000] {logging_mixin.py:188} INFO - -------------------------------------------
[2024-10-21T10:07:51.697+0000] {logging_mixin.py:188} INFO - https://ikman.lk/en/ad/micro-kyron-2008-for-sale-colombo-1109
[2024-10-21T10:07:51.697+0000] {logging_mixin.py:188} INFO - -------------------------------------------
[2024-10-21T10:07:51.697+0000] {logging_mixin.py:188} INFO - -------------------------------------------
[2024-10-21T10:07:51.698+0000] {logging_mixin.py:188} INFO - https://ikman.lk/en/ad/micro-stavic-suv-2010-for-sale-gampaha-1
[2024-10-21T10:07:51.698+0000] {logging_mixin.py:188} INFO - -------------------------------------------
[2024-10-21T10:07:51.698+0000] {logging_mixin.py:188} WARNING - 100%|##########| 13/13 [00:00<00:00, 1239.20it/s]
[2024-10-21T10:07:55.608+0000] {logging_mixin.py:188} INFO - page is no content-----------------
[2024-10-21T10:07:58.897+0000] {logging_mixin.py:188} INFO - page is no content-----------------
[2024-10-21T10:08:01.782+0000] {logging_mixin.py:188} INFO - page is no content-----------------
[2024-10-21T10:08:05.817+0000] {logging_mixin.py:188} WARNING -   0%|          | 0/24 [00:00<?, ?it/s]
[2024-10-21T10:08:05.818+0000] {logging_mixin.py:188} INFO - -------------------------------------------
[2024-10-21T10:08:05.819+0000] {logging_mixin.py:188} INFO - https://ikman.lk/en/ad/micro-mx-7-manual-2013-for-sale-gampaha-1
[2024-10-21T10:08:05.820+0000] {logging_mixin.py:188} INFO - -------------------------------------------
[2024-10-21T10:08:05.821+0000] {logging_mixin.py:188} INFO - -------------------------------------------
[2024-10-21T10:08:05.822+0000] {logging_mixin.py:188} INFO - https://ikman.lk/en/ad/micro-panda-997-2015-for-sale-gampaha-4
[2024-10-21T10:08:05.823+0000] {logging_mixin.py:188} INFO - -------------------------------------------
[2024-10-21T10:08:05.824+0000] {logging_mixin.py:188} INFO - -------------------------------------------
[2024-10-21T10:08:05.824+0000] {logging_mixin.py:188} INFO - https://ikman.lk/en/ad/micro-trend-2011-for-sale-gampaha
[2024-10-21T10:08:05.825+0000] {logging_mixin.py:188} INFO - -------------------------------------------
[2024-10-21T10:08:05.826+0000] {logging_mixin.py:188} INFO - -------------------------------------------
[2024-10-21T10:08:05.827+0000] {logging_mixin.py:188} INFO - https://ikman.lk/en/ad/micro-panda-q-13-2011-for-sale-nuwara-eliya
[2024-10-21T10:08:05.827+0000] {logging_mixin.py:188} INFO - -------------------------------------------
[2024-10-21T10:08:05.828+0000] {logging_mixin.py:188} INFO - -------------------------------------------
[2024-10-21T10:08:05.829+0000] {logging_mixin.py:188} INFO - https://ikman.lk/en/ad/micro-panda-cross-13-cc-2013-for-sale-kalutara
[2024-10-21T10:08:05.830+0000] {logging_mixin.py:188} INFO - -------------------------------------------
[2024-10-21T10:08:05.830+0000] {logging_mixin.py:188} INFO - -------------------------------------------
[2024-10-21T10:08:05.831+0000] {logging_mixin.py:188} INFO - https://ikman.lk/en/ad/micro-panda-lc-10-2015-for-sale-gampaha-43
[2024-10-21T10:08:05.832+0000] {logging_mixin.py:188} INFO - -------------------------------------------
[2024-10-21T10:08:05.833+0000] {logging_mixin.py:188} INFO - -------------------------------------------
[2024-10-21T10:08:05.834+0000] {logging_mixin.py:188} INFO - https://ikman.lk/en/ad/micro-panda-lc-10-2015-for-sale-gampaha-42
[2024-10-21T10:08:05.834+0000] {logging_mixin.py:188} INFO - -------------------------------------------
[2024-10-21T10:08:05.835+0000] {logging_mixin.py:188} INFO - -------------------------------------------
[2024-10-21T10:08:05.836+0000] {logging_mixin.py:188} INFO - https://ikman.lk/en/ad/micro-trend-2009-for-sale-ampara
[2024-10-21T10:08:05.836+0000] {logging_mixin.py:188} INFO - -------------------------------------------
[2024-10-21T10:08:05.836+0000] {logging_mixin.py:188} INFO - -------------------------------------------
[2024-10-21T10:08:05.836+0000] {logging_mixin.py:188} INFO - https://ikman.lk/en/ad/micro-panda-lc-10-2014-for-sale-gampaha
[2024-10-21T10:08:05.837+0000] {logging_mixin.py:188} INFO - -------------------------------------------
[2024-10-21T10:08:05.837+0000] {logging_mixin.py:188} INFO - -------------------------------------------
[2024-10-21T10:08:05.837+0000] {logging_mixin.py:188} INFO - https://ikman.lk/en/ad/micro-geely-panda-2015-for-sale-galle
[2024-10-21T10:08:05.838+0000] {logging_mixin.py:188} INFO - -------------------------------------------
[2024-10-21T10:08:05.838+0000] {logging_mixin.py:188} INFO - -------------------------------------------
[2024-10-21T10:08:05.838+0000] {logging_mixin.py:188} INFO - https://ikman.lk/en/ad/micro-panda-gelly-2015-for-sale-colombo
[2024-10-21T10:08:05.839+0000] {logging_mixin.py:188} INFO - -------------------------------------------
[2024-10-21T10:08:05.839+0000] {logging_mixin.py:188} INFO - -------------------------------------------
[2024-10-21T10:08:05.839+0000] {logging_mixin.py:188} INFO - https://ikman.lk/en/ad/micro-panda-2013-for-sale-colombo-653
[2024-10-21T10:08:05.840+0000] {logging_mixin.py:188} INFO - -------------------------------------------
[2024-10-21T10:08:05.840+0000] {logging_mixin.py:188} INFO - -------------------------------------------
[2024-10-21T10:08:05.840+0000] {logging_mixin.py:188} INFO - https://ikman.lk/en/ad/micro-panda-cross-used-2016-for-sale-ratnapura
[2024-10-21T10:08:05.841+0000] {logging_mixin.py:188} INFO - -------------------------------------------
[2024-10-21T10:08:05.841+0000] {logging_mixin.py:188} INFO - -------------------------------------------
[2024-10-21T10:08:05.842+0000] {logging_mixin.py:188} INFO - https://ikman.lk/en/ad/micro-panda-cross-full-option-kt-2012-for-sale-colombo
[2024-10-21T10:08:05.842+0000] {logging_mixin.py:188} INFO - -------------------------------------------
[2024-10-21T10:08:05.842+0000] {logging_mixin.py:188} INFO - -------------------------------------------
[2024-10-21T10:08:05.843+0000] {logging_mixin.py:188} INFO - https://ikman.lk/en/ad/micro-panda-cross-2014-for-sale-galle
[2024-10-21T10:08:05.843+0000] {logging_mixin.py:188} INFO - -------------------------------------------
[2024-10-21T10:08:05.843+0000] {logging_mixin.py:188} INFO - -------------------------------------------
[2024-10-21T10:08:05.844+0000] {logging_mixin.py:188} INFO - https://ikman.lk/en/ad/micro-panda-cross-2018-for-sale-colombo-25
[2024-10-21T10:08:05.844+0000] {logging_mixin.py:188} INFO - -------------------------------------------
[2024-10-21T10:08:05.844+0000] {logging_mixin.py:188} INFO - -------------------------------------------
[2024-10-21T10:08:05.844+0000] {logging_mixin.py:188} INFO - https://ikman.lk/en/ad/micro-mx-7-graley-2012-for-sale-galle
[2024-10-21T10:08:05.845+0000] {logging_mixin.py:188} INFO - -------------------------------------------
[2024-10-21T10:08:05.845+0000] {logging_mixin.py:188} INFO - -------------------------------------------
[2024-10-21T10:08:05.845+0000] {logging_mixin.py:188} INFO - https://ikman.lk/en/ad/micro-panda-lc10-f-option-cae-2015-for-sale-colombo
[2024-10-21T10:08:05.845+0000] {logging_mixin.py:188} INFO - -------------------------------------------
[2024-10-21T10:08:05.846+0000] {logging_mixin.py:188} INFO - -------------------------------------------
[2024-10-21T10:08:05.846+0000] {logging_mixin.py:188} INFO - https://ikman.lk/en/ad/micro-panda-2015-for-sale-colombo-1290
[2024-10-21T10:08:05.846+0000] {logging_mixin.py:188} INFO - -------------------------------------------
[2024-10-21T10:08:05.846+0000] {logging_mixin.py:188} INFO - -------------------------------------------
[2024-10-21T10:08:05.847+0000] {logging_mixin.py:188} INFO - https://ikman.lk/en/ad/micro-mx-7-2014-for-sale-gampaha-12
[2024-10-21T10:08:05.847+0000] {logging_mixin.py:188} INFO - -------------------------------------------
[2024-10-21T10:08:05.847+0000] {logging_mixin.py:188} INFO - -------------------------------------------
[2024-10-21T10:08:05.847+0000] {logging_mixin.py:188} INFO - https://ikman.lk/en/ad/micro-panda-2015-for-sale-ampara-3
[2024-10-21T10:08:05.848+0000] {logging_mixin.py:188} INFO - -------------------------------------------
[2024-10-21T10:08:05.848+0000] {logging_mixin.py:188} INFO - -------------------------------------------
[2024-10-21T10:08:05.848+0000] {logging_mixin.py:188} INFO - https://ikman.lk/en/ad/micro-panda-cross-2015-for-sale-colombo-169
[2024-10-21T10:08:05.848+0000] {logging_mixin.py:188} INFO - -------------------------------------------
[2024-10-21T10:08:05.849+0000] {logging_mixin.py:188} INFO - -------------------------------------------
[2024-10-21T10:08:05.849+0000] {logging_mixin.py:188} INFO - https://ikman.lk/en/ad/micro-mx-7-2014-for-sale-badulla-1
[2024-10-21T10:08:05.849+0000] {logging_mixin.py:188} INFO - -------------------------------------------
[2024-10-21T10:08:05.849+0000] {logging_mixin.py:188} INFO - -------------------------------------------
[2024-10-21T10:08:05.850+0000] {logging_mixin.py:188} INFO - https://ikman.lk/en/ad/micro-panda-2015-for-sale-colombo-1288
[2024-10-21T10:08:05.850+0000] {logging_mixin.py:188} INFO - -------------------------------------------
[2024-10-21T10:08:05.850+0000] {logging_mixin.py:188} WARNING - 100%|##########| 24/24 [00:00<00:00, 748.02it/s]
[2024-10-21T10:08:10.955+0000] {logging_mixin.py:188} WARNING -   0%|          | 0/21 [00:00<?, ?it/s]
[2024-10-21T10:08:10.956+0000] {logging_mixin.py:188} INFO - -------------------------------------------
[2024-10-21T10:08:10.957+0000] {logging_mixin.py:188} INFO - https://ikman.lk/en/ad/micro-panda-cross-kt-2012-for-sale-colombo
[2024-10-21T10:08:10.957+0000] {logging_mixin.py:188} INFO - -------------------------------------------
[2024-10-21T10:08:10.958+0000] {logging_mixin.py:188} INFO - -------------------------------------------
[2024-10-21T10:08:10.959+0000] {logging_mixin.py:188} INFO - https://ikman.lk/en/ad/micro-glory-07-seater-2018-for-sale-vavuniya
[2024-10-21T10:08:10.960+0000] {logging_mixin.py:188} INFO - -------------------------------------------
[2024-10-21T10:08:10.960+0000] {logging_mixin.py:188} INFO - -------------------------------------------
[2024-10-21T10:08:10.961+0000] {logging_mixin.py:188} INFO - https://ikman.lk/en/ad/micro-panda-2012-for-sale-ratnapura-2
[2024-10-21T10:08:10.961+0000] {logging_mixin.py:188} INFO - -------------------------------------------
[2024-10-21T10:08:10.962+0000] {logging_mixin.py:188} INFO - -------------------------------------------
[2024-10-21T10:08:10.962+0000] {logging_mixin.py:188} INFO - https://ikman.lk/en/ad/micro-panda-cross-2012-for-sale-kandy
[2024-10-21T10:08:10.962+0000] {logging_mixin.py:188} INFO - -------------------------------------------
[2024-10-21T10:08:10.963+0000] {logging_mixin.py:188} INFO - -------------------------------------------
[2024-10-21T10:08:10.963+0000] {logging_mixin.py:188} INFO - https://ikman.lk/en/ad/micro-panda-2015-for-sale-colombo-1287
[2024-10-21T10:08:10.963+0000] {logging_mixin.py:188} INFO - -------------------------------------------
[2024-10-21T10:08:10.963+0000] {logging_mixin.py:188} INFO - -------------------------------------------
[2024-10-21T10:08:10.964+0000] {logging_mixin.py:188} INFO - https://ikman.lk/en/ad/micro-panda-cross-2016-for-sale-colombo-173
[2024-10-21T10:08:10.964+0000] {logging_mixin.py:188} INFO - -------------------------------------------
[2024-10-21T10:08:10.964+0000] {logging_mixin.py:188} INFO - -------------------------------------------
[2024-10-21T10:08:10.964+0000] {logging_mixin.py:188} INFO - https://ikman.lk/en/ad/micro-panda-2015-for-sale-gampaha-770
[2024-10-21T10:08:10.964+0000] {logging_mixin.py:188} INFO - -------------------------------------------
[2024-10-21T10:08:10.965+0000] {logging_mixin.py:188} INFO - -------------------------------------------
[2024-10-21T10:08:10.965+0000] {logging_mixin.py:188} INFO - https://ikman.lk/en/ad/micro-panda-lc10-fulloption-2016-for-sale-gampaha
[2024-10-21T10:08:10.965+0000] {logging_mixin.py:188} INFO - -------------------------------------------
[2024-10-21T10:08:10.965+0000] {logging_mixin.py:188} INFO - -------------------------------------------
[2024-10-21T10:08:10.965+0000] {logging_mixin.py:188} INFO - https://ikman.lk/en/ad/micro-panda-cross-2014-for-sale-gampaha-176
[2024-10-21T10:08:10.966+0000] {logging_mixin.py:188} INFO - -------------------------------------------
[2024-10-21T10:08:10.966+0000] {logging_mixin.py:188} INFO - -------------------------------------------
[2024-10-21T10:08:10.966+0000] {logging_mixin.py:188} INFO - https://ikman.lk/en/ad/micro-panda-cross-2015-for-sale-colombo-168
[2024-10-21T10:08:10.966+0000] {logging_mixin.py:188} INFO - -------------------------------------------
[2024-10-21T10:08:10.967+0000] {logging_mixin.py:188} INFO - -------------------------------------------
[2024-10-21T10:08:10.967+0000] {logging_mixin.py:188} INFO - https://ikman.lk/en/ad/micro-panda-full-option-2014-for-sale-puttalam
[2024-10-21T10:08:10.967+0000] {logging_mixin.py:188} INFO - -------------------------------------------
[2024-10-21T10:08:10.967+0000] {logging_mixin.py:188} INFO - -------------------------------------------
[2024-10-21T10:08:10.967+0000] {logging_mixin.py:188} INFO - https://ikman.lk/en/ad/micro-panda-lc-2014-for-sale-colombo-2
[2024-10-21T10:08:10.968+0000] {logging_mixin.py:188} INFO - -------------------------------------------
[2024-10-21T10:08:10.968+0000] {logging_mixin.py:188} INFO - -------------------------------------------
[2024-10-21T10:08:10.968+0000] {logging_mixin.py:188} INFO - https://ikman.lk/en/ad/micro-mx-7-2012-for-sale-jaffna-2
[2024-10-21T10:08:10.968+0000] {logging_mixin.py:188} INFO - -------------------------------------------
[2024-10-21T10:08:10.968+0000] {logging_mixin.py:188} INFO - -------------------------------------------
[2024-10-21T10:08:10.969+0000] {logging_mixin.py:188} INFO - https://ikman.lk/en/ad/micro-panda-998-2014-for-sale-gampaha-5
[2024-10-21T10:08:10.969+0000] {logging_mixin.py:188} INFO - -------------------------------------------
[2024-10-21T10:08:10.969+0000] {logging_mixin.py:188} INFO - -------------------------------------------
[2024-10-21T10:08:10.970+0000] {logging_mixin.py:188} INFO - https://ikman.lk/en/ad/micro-panda-lc-10-2017-for-sale-monaragala
[2024-10-21T10:08:10.970+0000] {logging_mixin.py:188} INFO - -------------------------------------------
[2024-10-21T10:08:10.971+0000] {logging_mixin.py:188} INFO - -------------------------------------------
[2024-10-21T10:08:10.971+0000] {logging_mixin.py:188} INFO - https://ikman.lk/en/ad/micro-trend-2011-for-sale-vavuniya
[2024-10-21T10:08:10.971+0000] {logging_mixin.py:188} INFO - -------------------------------------------
[2024-10-21T10:08:10.971+0000] {logging_mixin.py:188} INFO - -------------------------------------------
[2024-10-21T10:08:10.972+0000] {logging_mixin.py:188} INFO - https://ikman.lk/en/ad/micro-panda-2012-for-sale-galle-84
[2024-10-21T10:08:10.972+0000] {logging_mixin.py:188} INFO - -------------------------------------------
[2024-10-21T10:08:10.972+0000] {logging_mixin.py:188} INFO - -------------------------------------------
[2024-10-21T10:08:10.972+0000] {logging_mixin.py:188} INFO - https://ikman.lk/en/ad/micro-panda-2017-for-sale-gampaha-21
[2024-10-21T10:08:10.972+0000] {logging_mixin.py:188} INFO - -------------------------------------------
[2024-10-21T10:08:10.973+0000] {logging_mixin.py:188} INFO - -------------------------------------------
[2024-10-21T10:08:10.973+0000] {logging_mixin.py:188} INFO - https://ikman.lk/en/ad/micro-panda-997-2014-for-sale-gampaha-1
[2024-10-21T10:08:10.973+0000] {logging_mixin.py:188} INFO - -------------------------------------------
[2024-10-21T10:08:10.973+0000] {logging_mixin.py:188} INFO - -------------------------------------------
[2024-10-21T10:08:10.974+0000] {logging_mixin.py:188} INFO - https://ikman.lk/en/ad/micro-panda-lc10-f-option-kw-2013-for-sale-colombo
[2024-10-21T10:08:10.974+0000] {logging_mixin.py:188} INFO - -------------------------------------------
[2024-10-21T10:08:10.974+0000] {logging_mixin.py:188} INFO - -------------------------------------------
[2024-10-21T10:08:10.975+0000] {logging_mixin.py:188} INFO - https://ikman.lk/en/ad/micro-mx-7-2015-for-sale-gampaha-2
[2024-10-21T10:08:10.975+0000] {logging_mixin.py:188} INFO - -------------------------------------------
[2024-10-21T10:08:10.975+0000] {logging_mixin.py:188} WARNING - 100%|##########| 21/21 [00:00<00:00, 1103.86it/s]
[2024-10-21T10:08:14.740+0000] {logging_mixin.py:188} INFO - page is no content-----------------
[2024-10-21T10:08:17.942+0000] {logging_mixin.py:188} WARNING -   0%|          | 0/1 [00:00<?, ?it/s]
[2024-10-21T10:08:17.943+0000] {logging_mixin.py:188} INFO - -------------------------------------------
[2024-10-21T10:08:17.944+0000] {logging_mixin.py:188} INFO - https://ikman.lk/en/ad/micro-kyron-full-options-2008-for-sale-colombo-2
[2024-10-21T10:08:17.945+0000] {logging_mixin.py:188} INFO - -------------------------------------------
[2024-10-21T10:08:17.946+0000] {logging_mixin.py:188} WARNING - 100%|##########| 1/1 [00:00<00:00, 460.51it/s]
[2024-10-21T10:08:21.371+0000] {logging_mixin.py:188} INFO - page is no content-----------------
[2024-10-21T10:08:24.644+0000] {logging_mixin.py:188} INFO - page is no content-----------------
[2024-10-21T10:08:28.246+0000] {logging_mixin.py:188} INFO - page is no content-----------------
[2024-10-21T10:08:32.029+0000] {logging_mixin.py:188} INFO - page is no content-----------------
[2024-10-21T10:08:43.004+0000] {logging_mixin.py:188} WARNING -   0%|          | 0/3 [00:00<?, ?it/s]
[2024-10-21T10:08:43.009+0000] {logging_mixin.py:188} INFO - -------------------------------------------
[2024-10-21T10:08:43.010+0000] {logging_mixin.py:188} INFO - https://ikman.lk/en/ad/micro-rexton-270-xdi-2008-for-sale-gampaha
[2024-10-21T10:08:43.011+0000] {logging_mixin.py:188} INFO - -------------------------------------------
[2024-10-21T10:08:43.012+0000] {logging_mixin.py:188} INFO - -------------------------------------------
[2024-10-21T10:08:43.012+0000] {logging_mixin.py:188} INFO - https://ikman.lk/en/ad/micro-rexton-2015-for-sale-colombo-84
[2024-10-21T10:08:43.013+0000] {logging_mixin.py:188} INFO - -------------------------------------------
[2024-10-21T10:08:43.014+0000] {logging_mixin.py:188} INFO - -------------------------------------------
[2024-10-21T10:08:43.014+0000] {logging_mixin.py:188} INFO - https://ikman.lk/en/ad/micro-rexton-2009-for-sale-kurunegala
[2024-10-21T10:08:43.015+0000] {logging_mixin.py:188} INFO - -------------------------------------------
[2024-10-21T10:08:43.015+0000] {logging_mixin.py:188} WARNING - 100%|##########| 3/3 [00:00<00:00, 509.16it/s]
[2024-10-21T10:09:56.952+0000] {logging_mixin.py:188} INFO - page is no content-----------------
[2024-10-21T10:10:00.331+0000] {logging_mixin.py:188} INFO - page is no content-----------------
[2024-10-21T10:10:04.091+0000] {logging_mixin.py:188} INFO - page is no content-----------------
[2024-10-21T10:10:04.114+0000] {taskinstance.py:2731} ERROR - Task failed with exception
Traceback (most recent call last):
  File "/home/airflow/.local/lib/python3.8/site-packages/airflow/models/taskinstance.py", line 444, in _execute_task
    result = _execute_callable(context=context, **execute_callable_kwargs)
  File "/home/airflow/.local/lib/python3.8/site-packages/airflow/models/taskinstance.py", line 414, in _execute_callable
    return execute_callable(context=context, **execute_callable_kwargs)
  File "/home/airflow/.local/lib/python3.8/site-packages/airflow/operators/python.py", line 200, in execute
    return_value = self.execute_callable()
  File "/home/airflow/.local/lib/python3.8/site-packages/airflow/operators/python.py", line 217, in execute_callable
    return self.python_callable(*self.op_args, **self.op_kwargs)
  File "/opt/airflow/dags/components/vehicle/data_scraping_components/post_links_extraction.py", line 75, in scrape_links
    upload_table_vehicle('ikman_vehicle_post_links')
  File "/opt/airflow/dags/components/utils/database_table_creation.py", line 35, in upload_table_vehicle
    cur.execute(f"""
psycopg2.errors.InsufficientPrivilege: could not open file "/var/lib/postgresql/vehicle/ikman_vehicle_post_links.csv" for writing: Permission denied
HINT:  COPY TO instructs the PostgreSQL server process to write a file. You may want a client-side facility such as psql's \copy.

[2024-10-21T10:10:04.130+0000] {taskinstance.py:1149} INFO - Marking task as UP_FOR_RETRY. dag_id=Vehicle_Data_scrape_Pipeline, task_id=scrape_post_links, execution_date=20241021T100737, start_date=20241021T100738, end_date=20241021T101004
[2024-10-21T10:10:04.138+0000] {standard_task_runner.py:107} ERROR - Failed to execute job 122 for task scrape_post_links (could not open file "/var/lib/postgresql/vehicle/ikman_vehicle_post_links.csv" for writing: Permission denied
HINT:  COPY TO instructs the PostgreSQL server process to write a file. You may want a client-side facility such as psql's \copy.
; 28189)
[2024-10-21T10:10:04.175+0000] {local_task_job_runner.py:234} INFO - Task exited with return code 1
[2024-10-21T10:10:04.193+0000] {taskinstance.py:3312} INFO - 0 downstream tasks scheduled from follow-on schedule check
