[2024-10-10T10:13:05.713+0000] {taskinstance.py:1979} INFO - Dependencies all met for dep_context=non-requeueable deps ti=<TaskInstance: Gold_training_Pipeline1.send_mails scheduled__2024-10-08T00:00:00+00:00 [queued]>
[2024-10-10T10:13:05.721+0000] {taskinstance.py:1979} INFO - Dependencies all met for dep_context=requeueable deps ti=<TaskInstance: Gold_training_Pipeline1.send_mails scheduled__2024-10-08T00:00:00+00:00 [queued]>
[2024-10-10T10:13:05.722+0000] {taskinstance.py:2193} INFO - Starting attempt 2 of 4
[2024-10-10T10:13:05.732+0000] {taskinstance.py:2217} INFO - Executing <Task(PythonOperator): send_mails> on 2024-10-08 00:00:00+00:00
[2024-10-10T10:13:05.739+0000] {standard_task_runner.py:60} INFO - Started process 15690 to run task
[2024-10-10T10:13:05.741+0000] {standard_task_runner.py:87} INFO - Running: ['***', 'tasks', 'run', 'Gold_training_Pipeline1', 'send_mails', 'scheduled__2024-10-08T00:00:00+00:00', '--job-id', '444', '--raw', '--subdir', 'DAGS_FOLDER/gold_training_pipeline.py', '--cfg-path', '/tmp/tmptzg7uqsp']
[2024-10-10T10:13:05.742+0000] {standard_task_runner.py:88} INFO - Job 444: Subtask send_mails
[2024-10-10T10:13:05.778+0000] {task_command.py:423} INFO - Running <TaskInstance: Gold_training_Pipeline1.send_mails scheduled__2024-10-08T00:00:00+00:00 [running]> on host 3c39c54b31c0
[2024-10-10T10:13:05.833+0000] {taskinstance.py:2513} INFO - Exporting env vars: AIRFLOW_CTX_DAG_OWNER='sdeshan' AIRFLOW_CTX_DAG_ID='Gold_training_Pipeline1' AIRFLOW_CTX_TASK_ID='send_mails' AIRFLOW_CTX_EXECUTION_DATE='2024-10-08T00:00:00+00:00' AIRFLOW_CTX_TRY_NUMBER='2' AIRFLOW_CTX_DAG_RUN_ID='scheduled__2024-10-08T00:00:00+00:00'
[2024-10-10T10:13:05.835+0000] {taskinstance.py:2731} ERROR - Task failed with exception
Traceback (most recent call last):
  File "/home/airflow/.local/lib/python3.8/site-packages/airflow/models/taskinstance.py", line 444, in _execute_task
    result = _execute_callable(context=context, **execute_callable_kwargs)
  File "/home/airflow/.local/lib/python3.8/site-packages/airflow/models/taskinstance.py", line 414, in _execute_callable
    return execute_callable(context=context, **execute_callable_kwargs)
  File "/home/airflow/.local/lib/python3.8/site-packages/airflow/operators/python.py", line 200, in execute
    return_value = self.execute_callable()
  File "/home/airflow/.local/lib/python3.8/site-packages/airflow/operators/python.py", line 217, in execute_callable
    return self.python_callable(*self.op_args, **self.op_kwargs)
  File "/opt/airflow/dags/components/gold/post_training/sending_mails.py", line 46, in mail_sending
    with open(attachment_path, "rb") as attachment:
FileNotFoundError: [Errno 2] No such file or directory: 'df_interpolated.csv'
[2024-10-10T10:13:05.855+0000] {taskinstance.py:1149} INFO - Marking task as UP_FOR_RETRY. dag_id=Gold_training_Pipeline1, task_id=send_mails, execution_date=20241008T000000, start_date=20241010T101305, end_date=20241010T101305
[2024-10-10T10:13:05.863+0000] {standard_task_runner.py:107} ERROR - Failed to execute job 444 for task send_mails ([Errno 2] No such file or directory: 'df_interpolated.csv'; 15690)
[2024-10-10T10:13:05.875+0000] {local_task_job_runner.py:234} INFO - Task exited with return code 1
[2024-10-10T10:13:05.887+0000] {taskinstance.py:3312} INFO - 0 downstream tasks scheduled from follow-on schedule check
