[2024-08-20T10:25:12.881+0000] {taskinstance.py:1979} INFO - Dependencies all met for dep_context=non-requeueable deps ti=<TaskInstance: Vehicle_Data_scrape_Pipeline_4.scrape_post_links manual__2024-08-20T10:21:43.417140+00:00 [queued]>
[2024-08-20T10:25:12.889+0000] {taskinstance.py:1979} INFO - Dependencies all met for dep_context=requeueable deps ti=<TaskInstance: Vehicle_Data_scrape_Pipeline_4.scrape_post_links manual__2024-08-20T10:21:43.417140+00:00 [queued]>
[2024-08-20T10:25:12.890+0000] {taskinstance.py:2193} INFO - Starting attempt 4 of 4
[2024-08-20T10:25:12.902+0000] {taskinstance.py:2217} INFO - Executing <Task(PythonOperator): scrape_post_links> on 2024-08-20 10:21:43.417140+00:00
[2024-08-20T10:25:12.906+0000] {standard_task_runner.py:60} INFO - Started process 2494 to run task
[2024-08-20T10:25:12.909+0000] {standard_task_runner.py:87} INFO - Running: ['***', 'tasks', 'run', 'Vehicle_Data_scrape_Pipeline_4', 'scrape_post_links', 'manual__2024-08-20T10:21:43.417140+00:00', '--job-id', '15', '--raw', '--subdir', 'DAGS_FOLDER/vehicle_data_scraping_pipeline.py', '--cfg-path', '/tmp/tmp4y7dzjen']
[2024-08-20T10:25:12.911+0000] {standard_task_runner.py:88} INFO - Job 15: Subtask scrape_post_links
[2024-08-20T10:25:12.946+0000] {task_command.py:423} INFO - Running <TaskInstance: Vehicle_Data_scrape_Pipeline_4.scrape_post_links manual__2024-08-20T10:21:43.417140+00:00 [running]> on host 8369baedd275
[2024-08-20T10:25:13.116+0000] {taskinstance.py:2513} INFO - Exporting env vars: AIRFLOW_CTX_DAG_OWNER='sdeshan' AIRFLOW_CTX_DAG_ID='Vehicle_Data_scrape_Pipeline_4' AIRFLOW_CTX_TASK_ID='scrape_post_links' AIRFLOW_CTX_EXECUTION_DATE='2024-08-20T10:21:43.417140+00:00' AIRFLOW_CTX_TRY_NUMBER='4' AIRFLOW_CTX_DAG_RUN_ID='manual__2024-08-20T10:21:43.417140+00:00'
[2024-08-20T10:25:14.173+0000] {logging_mixin.py:188} WARNING -   0%|          | 0/4 [00:00<?, ?it/s]
[2024-08-20T10:25:14.174+0000] {logging_mixin.py:188} WARNING - 100%|##########| 4/4 [00:00<00:00, 28149.69it/s]
[2024-08-20T10:25:21.057+0000] {logging_mixin.py:188} WARNING -   0%|          | 0/11 [00:00<?, ?it/s]
[2024-08-20T10:25:21.059+0000] {logging_mixin.py:188} WARNING - 100%|##########| 11/11 [00:00<00:00, 56265.05it/s]
[2024-08-20T10:25:59.227+0000] {logging_mixin.py:188} WARNING -   0%|          | 0/24 [00:00<?, ?it/s]
[2024-08-20T10:25:59.228+0000] {logging_mixin.py:188} WARNING - 100%|##########| 24/24 [00:00<00:00, 91762.35it/s]
[2024-08-20T10:26:03.145+0000] {logging_mixin.py:188} WARNING -   0%|          | 0/24 [00:00<?, ?it/s]
[2024-08-20T10:26:03.163+0000] {logging_mixin.py:188} WARNING - 100%|##########| 24/24 [00:00<00:00, 98496.38it/s]
[2024-08-20T10:26:10.138+0000] {logging_mixin.py:188} WARNING -   0%|          | 0/5 [00:00<?, ?it/s]
[2024-08-20T10:26:10.147+0000] {logging_mixin.py:188} WARNING - 100%|##########| 5/5 [00:00<00:00, 32768.00it/s]
[2024-08-20T10:26:16.023+0000] {logging_mixin.py:188} WARNING -   0%|          | 0/4 [00:00<?, ?it/s]
[2024-08-20T10:26:16.026+0000] {logging_mixin.py:188} WARNING - 100%|##########| 4/4 [00:00<00:00, 39475.80it/s]
[2024-08-20T10:26:40.079+0000] {logging_mixin.py:188} WARNING -   0%|          | 0/1 [00:00<?, ?it/s]
[2024-08-20T10:26:40.081+0000] {logging_mixin.py:188} WARNING - 100%|##########| 1/1 [00:00<00:00, 14873.42it/s]
[2024-08-20T10:26:44.605+0000] {taskinstance.py:2731} ERROR - Task failed with exception
Traceback (most recent call last):
  File "/home/airflow/.local/lib/python3.8/site-packages/airflow/models/taskinstance.py", line 444, in _execute_task
    result = _execute_callable(context=context, **execute_callable_kwargs)
  File "/home/airflow/.local/lib/python3.8/site-packages/airflow/models/taskinstance.py", line 414, in _execute_callable
    return execute_callable(context=context, **execute_callable_kwargs)
  File "/home/airflow/.local/lib/python3.8/site-packages/airflow/operators/python.py", line 200, in execute
    return_value = self.execute_callable()
  File "/home/airflow/.local/lib/python3.8/site-packages/airflow/operators/python.py", line 217, in execute_callable
    return self.python_callable(*self.op_args, **self.op_kwargs)
  File "/opt/airflow/dags/components/vehicle/data_scraping_components/post_links_extraction.py", line 68, in scrape_links
    upload_table('ikman_vehicle_post_links')
  File "/opt/airflow/dags/components/utils/database_table_creation.py", line 29, in upload_table
    with open(f'/var/lib/postgresql/csv/{table_name}.csv', 'w') as f:
FileNotFoundError: [Errno 2] No such file or directory: '/var/lib/postgresql/csv/ikman_vehicle_post_links.csv'
[2024-08-20T10:26:44.644+0000] {taskinstance.py:1149} INFO - Marking task as FAILED. dag_id=Vehicle_Data_scrape_Pipeline_4, task_id=scrape_post_links, execution_date=20240820T102143, start_date=20240820T102512, end_date=20240820T102644
[2024-08-20T10:26:44.649+0000] {logging_mixin.py:188} WARNING - /home/***/.local/lib/python3.8/site-packages/***/utils/context.py:207 AirflowContextDeprecationWarning: Accessing 'execution_date' from the template is deprecated and will be removed in a future version. Please use 'data_interval_start' or 'logical_date' instead.
[2024-08-20T10:26:44.655+0000] {logging_mixin.py:188} WARNING - /home/***/.local/lib/python3.8/site-packages/***/utils/email.py:154 RemovedInAirflow3Warning: Fetching SMTP credentials from configuration variables will be deprecated in a future release. Please set credentials using a connection instead.
[2024-08-20T10:26:44.656+0000] {email.py:270} INFO - Email alerting: attempt 1
[2024-08-20T10:26:46.532+0000] {email.py:281} INFO - Sent an alert email to ['deshanariyarathna@gmail.com']
[2024-08-20T10:26:48.517+0000] {standard_task_runner.py:107} ERROR - Failed to execute job 15 for task scrape_post_links ([Errno 2] No such file or directory: '/var/lib/postgresql/csv/ikman_vehicle_post_links.csv'; 2494)
[2024-08-20T10:26:48.547+0000] {local_task_job_runner.py:234} INFO - Task exited with return code 1
[2024-08-20T10:26:48.565+0000] {taskinstance.py:3312} INFO - 0 downstream tasks scheduled from follow-on schedule check
