[2024-08-20T10:22:51.188+0000] {taskinstance.py:1979} INFO - Dependencies all met for dep_context=non-requeueable deps ti=<TaskInstance: Vehicle_Data_scrape_Pipeline_4.scrape_post_links manual__2024-08-20T10:21:43.417140+00:00 [queued]>
[2024-08-20T10:22:51.195+0000] {taskinstance.py:1979} INFO - Dependencies all met for dep_context=requeueable deps ti=<TaskInstance: Vehicle_Data_scrape_Pipeline_4.scrape_post_links manual__2024-08-20T10:21:43.417140+00:00 [queued]>
[2024-08-20T10:22:51.196+0000] {taskinstance.py:2193} INFO - Starting attempt 2 of 4
[2024-08-20T10:22:51.208+0000] {taskinstance.py:2217} INFO - Executing <Task(PythonOperator): scrape_post_links> on 2024-08-20 10:21:43.417140+00:00
[2024-08-20T10:22:51.212+0000] {standard_task_runner.py:60} INFO - Started process 2258 to run task
[2024-08-20T10:22:51.215+0000] {standard_task_runner.py:87} INFO - Running: ['***', 'tasks', 'run', 'Vehicle_Data_scrape_Pipeline_4', 'scrape_post_links', 'manual__2024-08-20T10:21:43.417140+00:00', '--job-id', '13', '--raw', '--subdir', 'DAGS_FOLDER/vehicle_data_scraping_pipeline.py', '--cfg-path', '/tmp/tmp57ny29m2']
[2024-08-20T10:22:51.218+0000] {standard_task_runner.py:88} INFO - Job 13: Subtask scrape_post_links
[2024-08-20T10:22:51.255+0000] {task_command.py:423} INFO - Running <TaskInstance: Vehicle_Data_scrape_Pipeline_4.scrape_post_links manual__2024-08-20T10:21:43.417140+00:00 [running]> on host 8369baedd275
[2024-08-20T10:22:51.398+0000] {taskinstance.py:2513} INFO - Exporting env vars: AIRFLOW_CTX_DAG_OWNER='sdeshan' AIRFLOW_CTX_DAG_ID='Vehicle_Data_scrape_Pipeline_4' AIRFLOW_CTX_TASK_ID='scrape_post_links' AIRFLOW_CTX_EXECUTION_DATE='2024-08-20T10:21:43.417140+00:00' AIRFLOW_CTX_TRY_NUMBER='2' AIRFLOW_CTX_DAG_RUN_ID='manual__2024-08-20T10:21:43.417140+00:00'
[2024-08-20T10:22:53.092+0000] {logging_mixin.py:188} WARNING -   0%|          | 0/4 [00:00<?, ?it/s]
[2024-08-20T10:22:53.092+0000] {logging_mixin.py:188} WARNING - 100%|##########| 4/4 [00:00<00:00, 42366.71it/s]
[2024-08-20T10:22:56.443+0000] {logging_mixin.py:188} WARNING -   0%|          | 0/11 [00:00<?, ?it/s]
[2024-08-20T10:22:56.449+0000] {logging_mixin.py:188} WARNING - 100%|##########| 11/11 [00:00<00:00, 73584.28it/s]
[2024-08-20T10:23:08.813+0000] {logging_mixin.py:188} WARNING -   0%|          | 0/24 [00:00<?, ?it/s]
[2024-08-20T10:23:08.814+0000] {logging_mixin.py:188} WARNING - 100%|##########| 24/24 [00:00<00:00, 60750.33it/s]
[2024-08-20T10:23:12.024+0000] {logging_mixin.py:188} WARNING -   0%|          | 0/24 [00:00<?, ?it/s]
[2024-08-20T10:23:12.025+0000] {logging_mixin.py:188} WARNING - 100%|##########| 24/24 [00:00<00:00, 91678.78it/s]
[2024-08-20T10:23:13.719+0000] {logging_mixin.py:188} WARNING -   0%|          | 0/5 [00:00<?, ?it/s]
[2024-08-20T10:23:13.720+0000] {logging_mixin.py:188} WARNING - 100%|##########| 5/5 [00:00<00:00, 35069.43it/s]
[2024-08-20T10:23:16.871+0000] {logging_mixin.py:188} WARNING -   0%|          | 0/4 [00:00<?, ?it/s]
[2024-08-20T10:23:16.872+0000] {logging_mixin.py:188} WARNING - 100%|##########| 4/4 [00:00<00:00, 39945.75it/s]
[2024-08-20T10:23:24.044+0000] {logging_mixin.py:188} WARNING -   0%|          | 0/1 [00:00<?, ?it/s]
[2024-08-20T10:23:24.045+0000] {logging_mixin.py:188} WARNING - 100%|##########| 1/1 [00:00<00:00, 11428.62it/s]
[2024-08-20T10:23:30.195+0000] {taskinstance.py:2731} ERROR - Task failed with exception
Traceback (most recent call last):
  File "/home/airflow/.local/lib/python3.8/site-packages/airflow/models/taskinstance.py", line 444, in _execute_task
    result = _execute_callable(context=context, **execute_callable_kwargs)
  File "/home/airflow/.local/lib/python3.8/site-packages/airflow/models/taskinstance.py", line 414, in _execute_callable
    return execute_callable(context=context, **execute_callable_kwargs)
  File "/home/airflow/.local/lib/python3.8/site-packages/airflow/operators/python.py", line 200, in execute
    return_value = self.execute_callable()
  File "/home/airflow/.local/lib/python3.8/site-packages/airflow/operators/python.py", line 217, in execute_callable
    return self.python_callable(*self.op_args, **self.op_kwargs)
  File "/opt/airflow/dags/components/vehicle/data_scraping_components/post_links_extraction.py", line 68, in scrape_links
    upload_table('ikman_vehicle_post_links')
  File "/opt/airflow/dags/components/utils/database_table_creation.py", line 29, in upload_table
    with open(f'/var/lib/postgresql/csv/{table_name}.csv', 'w') as f:
FileNotFoundError: [Errno 2] No such file or directory: '/var/lib/postgresql/csv/ikman_vehicle_post_links.csv'
[2024-08-20T10:23:30.222+0000] {taskinstance.py:1149} INFO - Marking task as UP_FOR_RETRY. dag_id=Vehicle_Data_scrape_Pipeline_4, task_id=scrape_post_links, execution_date=20240820T102143, start_date=20240820T102251, end_date=20240820T102330
[2024-08-20T10:23:30.231+0000] {standard_task_runner.py:107} ERROR - Failed to execute job 13 for task scrape_post_links ([Errno 2] No such file or directory: '/var/lib/postgresql/csv/ikman_vehicle_post_links.csv'; 2258)
[2024-08-20T10:23:30.259+0000] {local_task_job_runner.py:234} INFO - Task exited with return code 1
[2024-08-20T10:23:30.274+0000] {taskinstance.py:3312} INFO - 0 downstream tasks scheduled from follow-on schedule check
