[2024-10-23T07:23:53.743+0000] {taskinstance.py:1979} INFO - Dependencies all met for dep_context=non-requeueable deps ti=<TaskInstance: Vehicle_Model_Training_Pipeline.model_training_suzuki manual__2024-10-23T07:20:40.610842+00:00 [queued]>
[2024-10-23T07:23:53.749+0000] {taskinstance.py:1979} INFO - Dependencies all met for dep_context=requeueable deps ti=<TaskInstance: Vehicle_Model_Training_Pipeline.model_training_suzuki manual__2024-10-23T07:20:40.610842+00:00 [queued]>
[2024-10-23T07:23:53.749+0000] {taskinstance.py:2193} INFO - Starting attempt 1 of 4
[2024-10-23T07:23:53.759+0000] {taskinstance.py:2217} INFO - Executing <Task(PythonOperator): model_training_suzuki> on 2024-10-23 07:20:40.610842+00:00
[2024-10-23T07:23:53.764+0000] {standard_task_runner.py:60} INFO - Started process 8150 to run task
[2024-10-23T07:23:53.766+0000] {standard_task_runner.py:87} INFO - Running: ['***', 'tasks', 'run', 'Vehicle_Model_Training_Pipeline', 'model_training_suzuki', 'manual__2024-10-23T07:20:40.610842+00:00', '--job-id', '176', '--raw', '--subdir', 'DAGS_FOLDER/vehicle_model_training_pipeline.py', '--cfg-path', '/tmp/tmp7is22n5k']
[2024-10-23T07:23:53.768+0000] {standard_task_runner.py:88} INFO - Job 176: Subtask model_training_suzuki
[2024-10-23T07:23:53.803+0000] {task_command.py:423} INFO - Running <TaskInstance: Vehicle_Model_Training_Pipeline.model_training_suzuki manual__2024-10-23T07:20:40.610842+00:00 [running]> on host e8094f9ab2d0
[2024-10-23T07:23:53.852+0000] {taskinstance.py:2513} INFO - Exporting env vars: AIRFLOW_CTX_DAG_OWNER='sdeshan' AIRFLOW_CTX_DAG_ID='Vehicle_Model_Training_Pipeline' AIRFLOW_CTX_TASK_ID='model_training_suzuki' AIRFLOW_CTX_EXECUTION_DATE='2024-10-23T07:20:40.610842+00:00' AIRFLOW_CTX_TRY_NUMBER='1' AIRFLOW_CTX_DAG_RUN_ID='manual__2024-10-23T07:20:40.610842+00:00'
[2024-10-23T07:23:53.880+0000] {logging_mixin.py:188} INFO - RandomForestRegressor()
[2024-10-23T07:23:56.161+0000] {logging_mixin.py:188} INFO - DecisionTreeRegressor()
[2024-10-23T07:23:56.217+0000] {logging_mixin.py:188} INFO - GradientBoostingRegressor()
[2024-10-23T07:24:13.111+0000] {logging_mixin.py:188} INFO - LinearRegression()
[2024-10-23T07:24:13.148+0000] {logging_mixin.py:188} INFO - XGBRegressor(base_score=None, booster=None, callbacks=None,
             colsample_bylevel=None, colsample_bynode=None,
             colsample_bytree=None, device=None, early_stopping_rounds=None,
             enable_categorical=False, eval_metric=None, feature_types=None,
             gamma=None, grow_policy=None, importance_type=None,
             interaction_constraints=None, learning_rate=None, max_bin=None,
             max_cat_threshold=None, max_cat_to_onehot=None,
             max_delta_step=None, max_depth=None, max_leaves=None,
             min_child_weight=None, missing=nan, monotone_constraints=None,
             multi_strategy=None, n_estimators=None, n_jobs=None,
             num_parallel_tree=None, random_state=None, ...)
[2024-10-23T07:24:26.823+0000] {logging_mixin.py:188} INFO - <catboost.core.CatBoostRegressor object at 0x7f910639e100>
[2024-10-23T07:24:32.694+0000] {logging_mixin.py:188} INFO - AdaBoostRegressor()
[2024-10-23T07:24:39.031+0000] {logging_mixin.py:188} INFO - model report is {'Random Forest': 0.9904038372841275, 'Decision Tree': 0.9921418968468783, 'Gradient Boosting': 0.9836611686229939, 'Linear Regression': 0.9166787760581327, 'XGBRegressor': 0.9918352741419123, 'CatBoosting Regressor': 0.9818439397148749, 'AdaBoost Regressor': 0.8792626031845566}
[2024-10-23T07:24:39.032+0000] {logging_mixin.py:188} INFO - best model is :DecisionTreeRegressor()
[2024-10-23T07:24:39.033+0000] {logging_mixin.py:188} INFO - criterion ['squared_error', 'friedman_mse', 'absolute_error', 'poisson']
[2024-10-23T07:24:39.033+0000] {logging_mixin.py:188} INFO - Best found model on both training and testing dataset
[2024-10-23T07:24:39.035+0000] {logging_mixin.py:188} INFO - r2_square is 0.9921418968468783
[2024-10-23T07:24:39.037+0000] {python.py:202} INFO - Done. Returned value was: None
[2024-10-23T07:24:39.044+0000] {taskinstance.py:1149} INFO - Marking task as SUCCESS. dag_id=Vehicle_Model_Training_Pipeline, task_id=model_training_suzuki, execution_date=20241023T072040, start_date=20241023T072353, end_date=20241023T072439
[2024-10-23T07:24:39.049+0000] {logging_mixin.py:188} WARNING - /home/***/.local/lib/python3.8/site-packages/***/utils/context.py:207 AirflowContextDeprecationWarning: Accessing 'execution_date' from the template is deprecated and will be removed in a future version. Please use 'data_interval_start' or 'logical_date' instead.
[2024-10-23T07:24:39.055+0000] {logging_mixin.py:188} WARNING - /home/***/.local/lib/python3.8/site-packages/***/utils/email.py:154 RemovedInAirflow3Warning: Fetching SMTP credentials from configuration variables will be deprecated in a future release. Please set credentials using a connection instead.
[2024-10-23T07:24:39.055+0000] {email.py:270} INFO - Email alerting: attempt 1
[2024-10-23T07:24:41.128+0000] {email.py:281} INFO - Sent an alert email to ['deshanariyarathna@gmail.com']
[2024-10-23T07:24:43.170+0000] {local_task_job_runner.py:234} INFO - Task exited with return code 0
[2024-10-23T07:24:43.186+0000] {taskinstance.py:3312} INFO - 1 downstream tasks scheduled from follow-on schedule check
