[2024-10-09T05:16:51.626+0000] {taskinstance.py:1979} INFO - Dependencies all met for dep_context=non-requeueable deps ti=<TaskInstance: Gold_training_Pipeline.model_training scheduled__2024-10-04T00:00:00+00:00 [queued]>
[2024-10-09T05:16:51.647+0000] {taskinstance.py:1979} INFO - Dependencies all met for dep_context=requeueable deps ti=<TaskInstance: Gold_training_Pipeline.model_training scheduled__2024-10-04T00:00:00+00:00 [queued]>
[2024-10-09T05:16:51.648+0000] {taskinstance.py:2193} INFO - Starting attempt 3 of 4
[2024-10-09T05:16:51.682+0000] {taskinstance.py:2217} INFO - Executing <Task(PythonOperator): model_training> on 2024-10-04 00:00:00+00:00
[2024-10-09T05:16:51.736+0000] {standard_task_runner.py:60} INFO - Started process 793 to run task
[2024-10-09T05:16:51.741+0000] {standard_task_runner.py:87} INFO - Running: ['***', 'tasks', 'run', 'Gold_training_Pipeline', 'model_training', 'scheduled__2024-10-04T00:00:00+00:00', '--job-id', '299', '--raw', '--subdir', 'DAGS_FOLDER/gold_training_pipeline.py', '--cfg-path', '/tmp/tmp4k5iz7ua']
[2024-10-09T05:16:51.742+0000] {standard_task_runner.py:88} INFO - Job 299: Subtask model_training
[2024-10-09T05:16:51.871+0000] {task_command.py:423} INFO - Running <TaskInstance: Gold_training_Pipeline.model_training scheduled__2024-10-04T00:00:00+00:00 [running]> on host 68dba313a760
[2024-10-09T05:16:52.392+0000] {taskinstance.py:2513} INFO - Exporting env vars: AIRFLOW_CTX_DAG_OWNER='sdeshan' AIRFLOW_CTX_DAG_ID='Gold_training_Pipeline' AIRFLOW_CTX_TASK_ID='model_training' AIRFLOW_CTX_EXECUTION_DATE='2024-10-04T00:00:00+00:00' AIRFLOW_CTX_TRY_NUMBER='3' AIRFLOW_CTX_DAG_RUN_ID='scheduled__2024-10-04T00:00:00+00:00'
[2024-10-09T05:16:53.793+0000] {filesystem.py:118} DEBUG - input tempfile: /tmp/tmp78vqo09u/94s5ex07.json
[2024-10-09T05:16:54.164+0000] {filesystem.py:118} DEBUG - input tempfile: /tmp/tmp78vqo09u/9wfkfsb4.json
[2024-10-09T05:16:54.177+0000] {model.py:2042} DEBUG - idx 0
[2024-10-09T05:16:54.182+0000] {model.py:2043} DEBUG - running CmdStan, num_threads: None
[2024-10-09T05:16:54.184+0000] {model.py:2055} DEBUG - CmdStan args: ['/home/***/.local/lib/python3.8/site-packages/prophet/stan_model/prophet_model.bin', 'random', 'seed=15355', 'data', 'file=/tmp/tmp78vqo09u/94s5ex07.json', 'init=/tmp/tmp78vqo09u/9wfkfsb4.json', 'output', 'file=/tmp/tmp78vqo09u/prophet_modelfd0kj3qc/prophet_model-20241009051654.csv', 'method=optimize', 'algorithm=lbfgs', 'iter=10000']
[2024-10-09T05:16:54.188+0000] {logging_mixin.py:188} WARNING - 05:16:54 - cmdstanpy - INFO - Chain [1] start processing
[2024-10-09T05:16:54.188+0000] {model.py:2058} INFO - Chain [1] start processing
[2024-10-09T05:16:58.703+0000] {logging_mixin.py:188} WARNING - 05:16:58 - cmdstanpy - INFO - Chain [1] done processing
[2024-10-09T05:16:58.703+0000] {model.py:2115} INFO - Chain [1] done processing
[2024-10-09T05:17:02.457+0000] {logging_mixin.py:188} INFO - Fitting 3 folds for each of 1 candidates, totalling 3 fits
[2024-10-09T05:27:01.004+0000] {local_task_job_runner.py:121} ERROR - Received SIGTERM. Terminating subprocesses
[2024-10-09T05:27:01.124+0000] {process_utils.py:131} INFO - Sending 15 to group 793. PIDs of all processes in the group: [793]
[2024-10-09T05:27:01.138+0000] {process_utils.py:86} INFO - Sending the signal 15 to group 793
[2024-10-09T05:27:03.235+0000] {local_task_job_runner.py:121} ERROR - Received SIGTERM. Terminating subprocesses
