[2024-10-09T06:28:02.887+0000] {taskinstance.py:1979} INFO - Dependencies all met for dep_context=non-requeueable deps ti=<TaskInstance: Daily_Gold_Report_Generate_3.daily_report_generate manual__2024-10-09T06:28:01.105903+00:00 [queued]>
[2024-10-09T06:28:02.893+0000] {taskinstance.py:1979} INFO - Dependencies all met for dep_context=requeueable deps ti=<TaskInstance: Daily_Gold_Report_Generate_3.daily_report_generate manual__2024-10-09T06:28:01.105903+00:00 [queued]>
[2024-10-09T06:28:02.894+0000] {taskinstance.py:2193} INFO - Starting attempt 1 of 4
[2024-10-09T06:28:02.903+0000] {taskinstance.py:2217} INFO - Executing <Task(PythonOperator): daily_report_generate> on 2024-10-09 06:28:01.105903+00:00
[2024-10-09T06:28:02.909+0000] {standard_task_runner.py:60} INFO - Started process 709 to run task
[2024-10-09T06:28:02.910+0000] {standard_task_runner.py:87} INFO - Running: ['***', 'tasks', 'run', 'Daily_Gold_Report_Generate_3', 'daily_report_generate', 'manual__2024-10-09T06:28:01.105903+00:00', '--job-id', '339', '--raw', '--subdir', 'DAGS_FOLDER/gold_daily_report_generate_pipeline.py', '--cfg-path', '/tmp/tmpockqa_2b']
[2024-10-09T06:28:02.911+0000] {standard_task_runner.py:88} INFO - Job 339: Subtask daily_report_generate
[2024-10-09T06:28:02.945+0000] {task_command.py:423} INFO - Running <TaskInstance: Daily_Gold_Report_Generate_3.daily_report_generate manual__2024-10-09T06:28:01.105903+00:00 [running]> on host f779d918caa5
[2024-10-09T06:28:03.115+0000] {taskinstance.py:2513} INFO - Exporting env vars: AIRFLOW_CTX_DAG_OWNER='sdeshan' AIRFLOW_CTX_DAG_ID='Daily_Gold_Report_Generate_3' AIRFLOW_CTX_TASK_ID='daily_report_generate' AIRFLOW_CTX_EXECUTION_DATE='2024-10-09T06:28:01.105903+00:00' AIRFLOW_CTX_TRY_NUMBER='1' AIRFLOW_CTX_DAG_RUN_ID='manual__2024-10-09T06:28:01.105903+00:00'
[2024-10-09T06:28:03.116+0000] {logging_mixin.py:188} INFO - date is ---------
[2024-10-09T06:28:03.117+0000] {logging_mixin.py:188} INFO - 2024-10-09
[2024-10-09T06:28:03.117+0000] {logging_mixin.py:188} INFO - forecasting start______________
[2024-10-09T06:28:03.136+0000] {logging_mixin.py:188} INFO - Prepare the data with lags______________
[2024-10-09T06:28:03.763+0000] {logging_mixin.py:188} INFO - Prophet forecast______________
[2024-10-09T06:28:03.799+0000] {logging_mixin.py:188} INFO - Predict residuals using XGBoost______________
[2024-10-09T06:28:03.802+0000] {logging_mixin.py:188} WARNING - /home/***/.local/lib/python3.8/site-packages/sklearn/base.py:465 UserWarning: X does not have valid feature names, but StandardScaler was fitted with feature names
[2024-10-09T06:47:29.577+0000] {local_task_job_runner.py:121} ERROR - Received SIGTERM. Terminating subprocesses
[2024-10-09T06:47:29.586+0000] {process_utils.py:131} INFO - Sending 15 to group 709. PIDs of all processes in the group: [709]
[2024-10-09T06:47:29.590+0000] {process_utils.py:86} INFO - Sending the signal 15 to group 709
[2024-10-09T06:47:31.289+0000] {local_task_job_runner.py:121} ERROR - Received SIGTERM. Terminating subprocesses
