[2024-10-21T04:29:37.934+0000] {taskinstance.py:1979} INFO - Dependencies all met for dep_context=non-requeueable deps ti=<TaskInstance: Gold_training_Pipeline.model_training scheduled__2024-10-19T00:00:00+00:00 [queued]>
[2024-10-21T04:29:37.951+0000] {taskinstance.py:1979} INFO - Dependencies all met for dep_context=requeueable deps ti=<TaskInstance: Gold_training_Pipeline.model_training scheduled__2024-10-19T00:00:00+00:00 [queued]>
[2024-10-21T04:29:37.953+0000] {taskinstance.py:2193} INFO - Starting attempt 1 of 4
[2024-10-21T04:29:38.571+0000] {taskinstance.py:2217} INFO - Executing <Task(PythonOperator): model_training> on 2024-10-19 00:00:00+00:00
[2024-10-21T04:29:38.591+0000] {standard_task_runner.py:60} INFO - Started process 825 to run task
[2024-10-21T04:29:38.594+0000] {standard_task_runner.py:87} INFO - Running: ['***', 'tasks', 'run', 'Gold_training_Pipeline', 'model_training', 'scheduled__2024-10-19T00:00:00+00:00', '--job-id', '94', '--raw', '--subdir', 'DAGS_FOLDER/gold_training_pipeline.py', '--cfg-path', '/tmp/tmp7149at63']
[2024-10-21T04:29:38.597+0000] {standard_task_runner.py:88} INFO - Job 94: Subtask model_training
[2024-10-21T04:29:38.723+0000] {task_command.py:423} INFO - Running <TaskInstance: Gold_training_Pipeline.model_training scheduled__2024-10-19T00:00:00+00:00 [running]> on host e58a92ba783e
[2024-10-21T04:29:38.900+0000] {taskinstance.py:2513} INFO - Exporting env vars: AIRFLOW_CTX_DAG_OWNER='sdeshan' AIRFLOW_CTX_DAG_ID='Gold_training_Pipeline' AIRFLOW_CTX_TASK_ID='model_training' AIRFLOW_CTX_EXECUTION_DATE='2024-10-19T00:00:00+00:00' AIRFLOW_CTX_TRY_NUMBER='1' AIRFLOW_CTX_DAG_RUN_ID='scheduled__2024-10-19T00:00:00+00:00'
[2024-10-21T04:29:39.107+0000] {filesystem.py:118} DEBUG - input tempfile: /tmp/tmp4wha6q8w/efnxffew.json
[2024-10-21T04:29:39.489+0000] {filesystem.py:118} DEBUG - input tempfile: /tmp/tmp4wha6q8w/n9e19d4k.json
[2024-10-21T04:29:39.493+0000] {model.py:2042} DEBUG - idx 0
[2024-10-21T04:29:39.494+0000] {model.py:2043} DEBUG - running CmdStan, num_threads: None
[2024-10-21T04:29:39.496+0000] {model.py:2055} DEBUG - CmdStan args: ['/home/***/.local/lib/python3.8/site-packages/prophet/stan_model/prophet_model.bin', 'random', 'seed=36774', 'data', 'file=/tmp/tmp4wha6q8w/efnxffew.json', 'init=/tmp/tmp4wha6q8w/n9e19d4k.json', 'output', 'file=/tmp/tmp4wha6q8w/prophet_modeluye9xj_j/prophet_model-20241021042939.csv', 'method=optimize', 'algorithm=lbfgs', 'iter=10000']
[2024-10-21T04:29:39.498+0000] {logging_mixin.py:188} WARNING - 04:29:39 - cmdstanpy - INFO - Chain [1] start processing
[2024-10-21T04:29:39.498+0000] {model.py:2058} INFO - Chain [1] start processing
[2024-10-21T04:29:48.089+0000] {logging_mixin.py:188} WARNING - 04:29:48 - cmdstanpy - INFO - Chain [1] done processing
[2024-10-21T04:29:48.088+0000] {model.py:2115} INFO - Chain [1] done processing
[2024-10-21T04:29:52.498+0000] {logging_mixin.py:188} INFO - Fitting 3 folds for each of 1 candidates, totalling 3 fits
[2024-10-21T04:34:12.628+0000] {local_task_job_runner.py:302} WARNING - State of this instance has been externally set to failed. Terminating instance.
[2024-10-21T04:34:12.735+0000] {process_utils.py:131} INFO - Sending 15 to group 825. PIDs of all processes in the group: [825]
[2024-10-21T04:34:12.743+0000] {process_utils.py:86} INFO - Sending the signal 15 to group 825
[2024-10-21T04:34:20.897+0000] {taskinstance.py:2483} ERROR - Received SIGTERM. Terminating subprocesses.
[2024-10-21T04:34:20.981+0000] {logging_mixin.py:188} INFO - [CV] END learning_rate=0.001, max_depth=10, min_child_weight=1, n_estimators=500; total time= 4.5min
[2024-10-21T04:35:12.780+0000] {process_utils.py:149} WARNING - process psutil.Process(pid=825, name='airflow task ru', status='running', started='04:29:38') did not respond to SIGTERM. Trying SIGKILL
[2024-10-21T04:35:12.794+0000] {process_utils.py:86} INFO - Sending the signal 9 to group 825
[2024-10-21T04:35:12.888+0000] {process_utils.py:79} INFO - Process psutil.Process(pid=825, name='airflow task ru', status='terminated', exitcode=<Negsignal.SIGKILL: -9>, started='04:29:38') (825) terminated with exit code -9
[2024-10-21T04:35:12.891+0000] {standard_task_runner.py:175} ERROR - Job 94 was killed before it finished (likely due to running out of memory)
