[2024-08-22T05:00:26.420+0000] {taskinstance.py:1979} INFO - Dependencies all met for dep_context=non-requeueable deps ti=<TaskInstance: Vehicle_Model_Training_Pipeline.data_ingestion scheduled__2024-08-21T00:00:00+00:00 [queued]>
[2024-08-22T05:00:26.427+0000] {taskinstance.py:1979} INFO - Dependencies all met for dep_context=requeueable deps ti=<TaskInstance: Vehicle_Model_Training_Pipeline.data_ingestion scheduled__2024-08-21T00:00:00+00:00 [queued]>
[2024-08-22T05:00:26.428+0000] {taskinstance.py:2193} INFO - Starting attempt 4 of 4
[2024-08-22T05:00:26.448+0000] {taskinstance.py:2217} INFO - Executing <Task(PythonOperator): data_ingestion> on 2024-08-21 00:00:00+00:00
[2024-08-22T05:00:26.454+0000] {standard_task_runner.py:60} INFO - Started process 355 to run task
[2024-08-22T05:00:26.456+0000] {standard_task_runner.py:87} INFO - Running: ['***', 'tasks', 'run', 'Vehicle_Model_Training_Pipeline', 'data_ingestion', 'scheduled__2024-08-21T00:00:00+00:00', '--job-id', '81', '--raw', '--subdir', 'DAGS_FOLDER/vehicle_model_training_pipeline.py', '--cfg-path', '/tmp/tmpxx9325vg']
[2024-08-22T05:00:26.457+0000] {standard_task_runner.py:88} INFO - Job 81: Subtask data_ingestion
[2024-08-22T05:00:26.506+0000] {task_command.py:423} INFO - Running <TaskInstance: Vehicle_Model_Training_Pipeline.data_ingestion scheduled__2024-08-21T00:00:00+00:00 [running]> on host b761e1bbb455
[2024-08-22T05:00:26.580+0000] {taskinstance.py:2513} INFO - Exporting env vars: AIRFLOW_CTX_DAG_OWNER='sdeshan' AIRFLOW_CTX_DAG_ID='Vehicle_Model_Training_Pipeline' AIRFLOW_CTX_TASK_ID='data_ingestion' AIRFLOW_CTX_EXECUTION_DATE='2024-08-21T00:00:00+00:00' AIRFLOW_CTX_TRY_NUMBER='4' AIRFLOW_CTX_DAG_RUN_ID='scheduled__2024-08-21T00:00:00+00:00'
[2024-08-22T05:00:26.612+0000] {taskinstance.py:2731} ERROR - Task failed with exception
Traceback (most recent call last):
  File "/home/airflow/.local/lib/python3.8/site-packages/airflow/models/taskinstance.py", line 444, in _execute_task
    result = _execute_callable(context=context, **execute_callable_kwargs)
  File "/home/airflow/.local/lib/python3.8/site-packages/airflow/models/taskinstance.py", line 414, in _execute_callable
    return execute_callable(context=context, **execute_callable_kwargs)
  File "/home/airflow/.local/lib/python3.8/site-packages/airflow/operators/python.py", line 200, in execute
    return_value = self.execute_callable()
  File "/home/airflow/.local/lib/python3.8/site-packages/airflow/operators/python.py", line 217, in execute_callable
    return self.python_callable(*self.op_args, **self.op_kwargs)
  File "/opt/airflow/dags/components/vehicle/model_training_components/data_ingestion.py", line 38, in data_feeding
    upload_table(train_data_tabel)
  File "/opt/airflow/dags/components/utils/database_table_creation.py", line 29, in upload_table
    cur.execute(f"""
psycopg2.errors.InsufficientPrivilege: could not open file "/var/lib/postgresql/csv/Micro_train_data.csv" for writing: Permission denied
HINT:  COPY TO instructs the PostgreSQL server process to write a file. You may want a client-side facility such as psql's \copy.

[2024-08-22T05:00:26.637+0000] {taskinstance.py:1149} INFO - Marking task as FAILED. dag_id=Vehicle_Model_Training_Pipeline, task_id=data_ingestion, execution_date=20240821T000000, start_date=20240822T050026, end_date=20240822T050026
[2024-08-22T05:00:26.640+0000] {logging_mixin.py:188} WARNING - /home/***/.local/lib/python3.8/site-packages/***/utils/context.py:207 AirflowContextDeprecationWarning: Accessing 'execution_date' from the template is deprecated and will be removed in a future version. Please use 'data_interval_start' or 'logical_date' instead.
[2024-08-22T05:00:26.644+0000] {logging_mixin.py:188} WARNING - /home/***/.local/lib/python3.8/site-packages/***/utils/email.py:154 RemovedInAirflow3Warning: Fetching SMTP credentials from configuration variables will be deprecated in a future release. Please set credentials using a connection instead.
[2024-08-22T05:00:26.645+0000] {email.py:270} INFO - Email alerting: attempt 1
[2024-08-22T05:00:29.515+0000] {email.py:281} INFO - Sent an alert email to ['deshanariyarathna@gmail.com']
[2024-08-22T05:00:31.376+0000] {standard_task_runner.py:107} ERROR - Failed to execute job 81 for task data_ingestion (could not open file "/var/lib/postgresql/csv/Micro_train_data.csv" for writing: Permission denied
HINT:  COPY TO instructs the PostgreSQL server process to write a file. You may want a client-side facility such as psql's \copy.
; 355)
[2024-08-22T05:00:31.383+0000] {local_task_job_runner.py:234} INFO - Task exited with return code 1
[2024-08-22T05:00:31.399+0000] {taskinstance.py:3312} INFO - 0 downstream tasks scheduled from follow-on schedule check
