[2024-10-14T04:15:13.192+0000] {taskinstance.py:1979} INFO - Dependencies all met for dep_context=non-requeueable deps ti=<TaskInstance: Gold_training_Pipeline.model_training manual__2024-10-11T08:31:03.191651+00:00 [queued]>
[2024-10-14T04:15:13.203+0000] {taskinstance.py:1979} INFO - Dependencies all met for dep_context=requeueable deps ti=<TaskInstance: Gold_training_Pipeline.model_training manual__2024-10-11T08:31:03.191651+00:00 [queued]>
[2024-10-14T04:15:13.204+0000] {taskinstance.py:2193} INFO - Starting attempt 2 of 4
[2024-10-14T04:15:13.309+0000] {taskinstance.py:2217} INFO - Executing <Task(PythonOperator): model_training> on 2024-10-11 08:31:03.191651+00:00
[2024-10-14T04:15:13.324+0000] {standard_task_runner.py:60} INFO - Started process 358 to run task
[2024-10-14T04:15:13.340+0000] {standard_task_runner.py:87} INFO - Running: ['***', 'tasks', 'run', 'Gold_training_Pipeline', 'model_training', 'manual__2024-10-11T08:31:03.191651+00:00', '--job-id', '43', '--raw', '--subdir', 'DAGS_FOLDER/gold_training_pipeline.py', '--cfg-path', '/tmp/tmpxehezzp1']
[2024-10-14T04:15:13.350+0000] {standard_task_runner.py:88} INFO - Job 43: Subtask model_training
[2024-10-14T04:15:13.865+0000] {task_command.py:423} INFO - Running <TaskInstance: Gold_training_Pipeline.model_training manual__2024-10-11T08:31:03.191651+00:00 [running]> on host d2fc084bce17
[2024-10-14T04:15:14.203+0000] {taskinstance.py:2513} INFO - Exporting env vars: AIRFLOW_CTX_DAG_OWNER='sdeshan' AIRFLOW_CTX_DAG_ID='Gold_training_Pipeline' AIRFLOW_CTX_TASK_ID='model_training' AIRFLOW_CTX_EXECUTION_DATE='2024-10-11T08:31:03.191651+00:00' AIRFLOW_CTX_TRY_NUMBER='2' AIRFLOW_CTX_DAG_RUN_ID='manual__2024-10-11T08:31:03.191651+00:00'
[2024-10-14T04:15:14.511+0000] {filesystem.py:118} DEBUG - input tempfile: /tmp/tmppyejjddo/0wq7983s.json
[2024-10-14T04:15:14.736+0000] {filesystem.py:118} DEBUG - input tempfile: /tmp/tmppyejjddo/w20rw44z.json
[2024-10-14T04:15:14.738+0000] {model.py:2042} DEBUG - idx 0
[2024-10-14T04:15:14.738+0000] {model.py:2043} DEBUG - running CmdStan, num_threads: None
[2024-10-14T04:15:14.739+0000] {model.py:2055} DEBUG - CmdStan args: ['/home/***/.local/lib/python3.8/site-packages/prophet/stan_model/prophet_model.bin', 'random', 'seed=27793', 'data', 'file=/tmp/tmppyejjddo/0wq7983s.json', 'init=/tmp/tmppyejjddo/w20rw44z.json', 'output', 'file=/tmp/tmppyejjddo/prophet_modelkeems1_4/prophet_model-20241014041514.csv', 'method=optimize', 'algorithm=lbfgs', 'iter=10000']
[2024-10-14T04:15:14.740+0000] {logging_mixin.py:188} WARNING - 04:15:14 - cmdstanpy - INFO - Chain [1] start processing
[2024-10-14T04:15:14.739+0000] {model.py:2058} INFO - Chain [1] start processing
[2024-10-14T04:15:16.745+0000] {logging_mixin.py:188} WARNING - 04:15:16 - cmdstanpy - INFO - Chain [1] done processing
[2024-10-14T04:15:16.745+0000] {model.py:2115} INFO - Chain [1] done processing
[2024-10-14T04:15:17.534+0000] {logging_mixin.py:188} INFO - Fitting 3 folds for each of 1 candidates, totalling 3 fits
[2024-10-14T04:19:46.286+0000] {local_task_job_runner.py:302} WARNING - State of this instance has been externally set to failed. Terminating instance.
[2024-10-14T04:19:46.294+0000] {process_utils.py:131} INFO - Sending 15 to group 358. PIDs of all processes in the group: [358]
[2024-10-14T04:19:46.314+0000] {process_utils.py:86} INFO - Sending the signal 15 to group 358
[2024-10-14T04:19:48.848+0000] {taskinstance.py:2483} ERROR - Received SIGTERM. Terminating subprocesses.
[2024-10-14T04:19:48.879+0000] {logging_mixin.py:188} INFO - [CV] END learning_rate=0.001, max_depth=10, min_child_weight=1, n_estimators=500; total time= 4.5min
[2024-10-14T04:20:46.459+0000] {process_utils.py:149} WARNING - process psutil.Process(pid=358, name='airflow task ru', status='sleeping', started='04:15:12') did not respond to SIGTERM. Trying SIGKILL
[2024-10-14T04:20:46.467+0000] {process_utils.py:86} INFO - Sending the signal 9 to group 358
[2024-10-14T04:20:46.520+0000] {process_utils.py:79} INFO - Process psutil.Process(pid=358, name='airflow task ru', status='terminated', exitcode=<Negsignal.SIGKILL: -9>, started='04:15:12') (358) terminated with exit code -9
[2024-10-14T04:20:46.522+0000] {standard_task_runner.py:175} ERROR - Job 43 was killed before it finished (likely due to running out of memory)
