[2024-10-11T08:31:23.351+0000] {taskinstance.py:1979} INFO - Dependencies all met for dep_context=non-requeueable deps ti=<TaskInstance: Gold_training_Pipeline.model_training manual__2024-10-11T08:31:03.191651+00:00 [queued]>
[2024-10-11T08:31:23.365+0000] {taskinstance.py:1979} INFO - Dependencies all met for dep_context=requeueable deps ti=<TaskInstance: Gold_training_Pipeline.model_training manual__2024-10-11T08:31:03.191651+00:00 [queued]>
[2024-10-11T08:31:23.375+0000] {taskinstance.py:2193} INFO - Starting attempt 1 of 4
[2024-10-11T08:31:23.576+0000] {taskinstance.py:2217} INFO - Executing <Task(PythonOperator): model_training> on 2024-10-11 08:31:03.191651+00:00
[2024-10-11T08:31:23.584+0000] {standard_task_runner.py:60} INFO - Started process 4382 to run task
[2024-10-11T08:31:23.593+0000] {standard_task_runner.py:87} INFO - Running: ['***', 'tasks', 'run', 'Gold_training_Pipeline', 'model_training', 'manual__2024-10-11T08:31:03.191651+00:00', '--job-id', '38', '--raw', '--subdir', 'DAGS_FOLDER/gold_training_pipeline.py', '--cfg-path', '/tmp/tmp7jx_cctr']
[2024-10-11T08:31:23.608+0000] {standard_task_runner.py:88} INFO - Job 38: Subtask model_training
[2024-10-11T08:31:23.680+0000] {task_command.py:423} INFO - Running <TaskInstance: Gold_training_Pipeline.model_training manual__2024-10-11T08:31:03.191651+00:00 [running]> on host be922010cee5
[2024-10-11T08:31:23.774+0000] {taskinstance.py:2513} INFO - Exporting env vars: AIRFLOW_CTX_DAG_OWNER='sdeshan' AIRFLOW_CTX_DAG_ID='Gold_training_Pipeline' AIRFLOW_CTX_TASK_ID='model_training' AIRFLOW_CTX_EXECUTION_DATE='2024-10-11T08:31:03.191651+00:00' AIRFLOW_CTX_TRY_NUMBER='1' AIRFLOW_CTX_DAG_RUN_ID='manual__2024-10-11T08:31:03.191651+00:00'
[2024-10-11T08:31:23.919+0000] {filesystem.py:118} DEBUG - input tempfile: /tmp/tmps_6wn_dj/3wbzll7x.json
[2024-10-11T08:31:24.219+0000] {filesystem.py:118} DEBUG - input tempfile: /tmp/tmps_6wn_dj/79zkcve0.json
[2024-10-11T08:31:24.228+0000] {model.py:2042} DEBUG - idx 0
[2024-10-11T08:31:24.248+0000] {model.py:2043} DEBUG - running CmdStan, num_threads: None
[2024-10-11T08:31:24.249+0000] {model.py:2055} DEBUG - CmdStan args: ['/home/***/.local/lib/python3.8/site-packages/prophet/stan_model/prophet_model.bin', 'random', 'seed=9482', 'data', 'file=/tmp/tmps_6wn_dj/3wbzll7x.json', 'init=/tmp/tmps_6wn_dj/79zkcve0.json', 'output', 'file=/tmp/tmps_6wn_dj/prophet_modelx2fxxgo3/prophet_model-20241011083124.csv', 'method=optimize', 'algorithm=lbfgs', 'iter=10000']
[2024-10-11T08:31:24.249+0000] {logging_mixin.py:188} WARNING - 08:31:24 - cmdstanpy - INFO - Chain [1] start processing
[2024-10-11T08:31:24.249+0000] {model.py:2058} INFO - Chain [1] start processing
[2024-10-11T08:31:27.419+0000] {logging_mixin.py:188} WARNING - 08:31:27 - cmdstanpy - INFO - Chain [1] done processing
[2024-10-11T08:31:27.418+0000] {model.py:2115} INFO - Chain [1] done processing
[2024-10-11T08:31:28.875+0000] {logging_mixin.py:188} INFO - Fitting 3 folds for each of 1 candidates, totalling 3 fits
[2024-10-11T08:54:11.279+0000] {logging_mixin.py:188} INFO - [CV] END learning_rate=0.001, max_depth=10, min_child_weight=1, n_estimators=500; total time=22.7min
[2024-10-11T09:16:26.747+0000] {logging_mixin.py:188} INFO - [CV] END learning_rate=0.001, max_depth=10, min_child_weight=1, n_estimators=500; total time=22.3min
[2024-10-11T09:39:08.055+0000] {logging_mixin.py:188} INFO - [CV] END learning_rate=0.001, max_depth=10, min_child_weight=1, n_estimators=500; total time=22.7min
[2024-10-11T09:41:57.591+0000] {local_task_job_runner.py:121} ERROR - Received SIGTERM. Terminating subprocesses
[2024-10-11T09:41:57.667+0000] {process_utils.py:131} INFO - Sending 15 to group 4382. PIDs of all processes in the group: [4382]
[2024-10-11T09:41:57.722+0000] {process_utils.py:86} INFO - Sending the signal 15 to group 4382
[2024-10-11T09:42:00.093+0000] {taskinstance.py:2483} ERROR - Received SIGTERM. Terminating subprocesses.
