[2024-10-08T10:00:49.158+0000] {taskinstance.py:1979} INFO - Dependencies all met for dep_context=non-requeueable deps ti=<TaskInstance: Gold_training_Pipeline.model_training manual__2024-10-08T10:00:31.393481+00:00 [queued]>
[2024-10-08T10:00:49.166+0000] {taskinstance.py:1979} INFO - Dependencies all met for dep_context=requeueable deps ti=<TaskInstance: Gold_training_Pipeline.model_training manual__2024-10-08T10:00:31.393481+00:00 [queued]>
[2024-10-08T10:00:49.167+0000] {taskinstance.py:2193} INFO - Starting attempt 1 of 4
[2024-10-08T10:00:49.189+0000] {taskinstance.py:2217} INFO - Executing <Task(PythonOperator): model_training> on 2024-10-08 10:00:31.393481+00:00
[2024-10-08T10:00:49.196+0000] {standard_task_runner.py:60} INFO - Started process 953 to run task
[2024-10-08T10:00:49.199+0000] {standard_task_runner.py:87} INFO - Running: ['***', 'tasks', 'run', 'Gold_training_Pipeline', 'model_training', 'manual__2024-10-08T10:00:31.393481+00:00', '--job-id', '286', '--raw', '--subdir', 'DAGS_FOLDER/gold_training_pipeline.py', '--cfg-path', '/tmp/tmp9aga3byc']
[2024-10-08T10:00:49.200+0000] {standard_task_runner.py:88} INFO - Job 286: Subtask model_training
[2024-10-08T10:00:49.245+0000] {task_command.py:423} INFO - Running <TaskInstance: Gold_training_Pipeline.model_training manual__2024-10-08T10:00:31.393481+00:00 [running]> on host f1314a20144d
[2024-10-08T10:00:49.348+0000] {taskinstance.py:2513} INFO - Exporting env vars: AIRFLOW_CTX_DAG_OWNER='sdeshan' AIRFLOW_CTX_DAG_ID='Gold_training_Pipeline' AIRFLOW_CTX_TASK_ID='model_training' AIRFLOW_CTX_EXECUTION_DATE='2024-10-08T10:00:31.393481+00:00' AIRFLOW_CTX_TRY_NUMBER='1' AIRFLOW_CTX_DAG_RUN_ID='manual__2024-10-08T10:00:31.393481+00:00'
[2024-10-08T10:00:49.457+0000] {filesystem.py:118} DEBUG - input tempfile: /tmp/tmpjic0w_gn/bkll7wul.json
[2024-10-08T10:00:49.644+0000] {filesystem.py:118} DEBUG - input tempfile: /tmp/tmpjic0w_gn/0vlyvaqi.json
[2024-10-08T10:00:49.646+0000] {model.py:2042} DEBUG - idx 0
[2024-10-08T10:00:49.661+0000] {model.py:2043} DEBUG - running CmdStan, num_threads: None
[2024-10-08T10:00:49.662+0000] {model.py:2055} DEBUG - CmdStan args: ['/home/***/.local/lib/python3.8/site-packages/prophet/stan_model/prophet_model.bin', 'random', 'seed=62453', 'data', 'file=/tmp/tmpjic0w_gn/bkll7wul.json', 'init=/tmp/tmpjic0w_gn/0vlyvaqi.json', 'output', 'file=/tmp/tmpjic0w_gn/prophet_model8a7g0bwd/prophet_model-20241008100049.csv', 'method=optimize', 'algorithm=lbfgs', 'iter=10000']
[2024-10-08T10:00:49.664+0000] {logging_mixin.py:188} WARNING - 10:00:49 - cmdstanpy - INFO - Chain [1] start processing
[2024-10-08T10:00:49.663+0000] {model.py:2058} INFO - Chain [1] start processing
[2024-10-08T10:00:51.863+0000] {logging_mixin.py:188} WARNING - 10:00:51 - cmdstanpy - INFO - Chain [1] done processing
[2024-10-08T10:00:51.863+0000] {model.py:2115} INFO - Chain [1] done processing
[2024-10-08T10:00:52.422+0000] {logging_mixin.py:188} INFO - Fitting 3 folds for each of 1 candidates, totalling 3 fits
[2024-10-08T11:47:01.651+0000] {local_task_job_runner.py:121} ERROR - Received SIGTERM. Terminating subprocesses
[2024-10-08T11:47:01.985+0000] {process_utils.py:131} INFO - Sending 15 to group 953. PIDs of all processes in the group: [953]
[2024-10-08T11:47:02.000+0000] {process_utils.py:86} INFO - Sending the signal 15 to group 953
[2024-10-08T11:47:04.302+0000] {local_task_job_runner.py:121} ERROR - Received SIGTERM. Terminating subprocesses
[2024-10-08T11:47:04.304+0000] {process_utils.py:131} INFO - Sending 15 to group 953. PIDs of all processes in the group: [953]
