[2024-10-09T05:16:51.668+0000] {taskinstance.py:1979} INFO - Dependencies all met for dep_context=non-requeueable deps ti=<TaskInstance: Gold_training_Pipeline.model_training manual__2024-10-08T10:00:31.393481+00:00 [queued]>
[2024-10-09T05:16:51.691+0000] {taskinstance.py:1979} INFO - Dependencies all met for dep_context=requeueable deps ti=<TaskInstance: Gold_training_Pipeline.model_training manual__2024-10-08T10:00:31.393481+00:00 [queued]>
[2024-10-09T05:16:51.692+0000] {taskinstance.py:2193} INFO - Starting attempt 2 of 4
[2024-10-09T05:16:51.713+0000] {taskinstance.py:2217} INFO - Executing <Task(PythonOperator): model_training> on 2024-10-08 10:00:31.393481+00:00
[2024-10-09T05:16:51.753+0000] {standard_task_runner.py:87} INFO - Running: ['***', 'tasks', 'run', 'Gold_training_Pipeline', 'model_training', 'manual__2024-10-08T10:00:31.393481+00:00', '--job-id', '300', '--raw', '--subdir', 'DAGS_FOLDER/gold_training_pipeline.py', '--cfg-path', '/tmp/tmp8q7jojmo']
[2024-10-09T05:16:51.747+0000] {standard_task_runner.py:60} INFO - Started process 794 to run task
[2024-10-09T05:16:51.762+0000] {standard_task_runner.py:88} INFO - Job 300: Subtask model_training
[2024-10-09T05:16:52.036+0000] {task_command.py:423} INFO - Running <TaskInstance: Gold_training_Pipeline.model_training manual__2024-10-08T10:00:31.393481+00:00 [running]> on host 68dba313a760
[2024-10-09T05:16:52.484+0000] {taskinstance.py:2513} INFO - Exporting env vars: AIRFLOW_CTX_DAG_OWNER='sdeshan' AIRFLOW_CTX_DAG_ID='Gold_training_Pipeline' AIRFLOW_CTX_TASK_ID='model_training' AIRFLOW_CTX_EXECUTION_DATE='2024-10-08T10:00:31.393481+00:00' AIRFLOW_CTX_TRY_NUMBER='2' AIRFLOW_CTX_DAG_RUN_ID='manual__2024-10-08T10:00:31.393481+00:00'
[2024-10-09T05:16:53.833+0000] {filesystem.py:118} DEBUG - input tempfile: /tmp/tmpj8e13cl5/7iu01oic.json
[2024-10-09T05:16:54.194+0000] {filesystem.py:118} DEBUG - input tempfile: /tmp/tmpj8e13cl5/r423iytf.json
[2024-10-09T05:16:54.198+0000] {model.py:2042} DEBUG - idx 0
[2024-10-09T05:16:54.200+0000] {model.py:2043} DEBUG - running CmdStan, num_threads: None
[2024-10-09T05:16:54.202+0000] {model.py:2055} DEBUG - CmdStan args: ['/home/***/.local/lib/python3.8/site-packages/prophet/stan_model/prophet_model.bin', 'random', 'seed=73073', 'data', 'file=/tmp/tmpj8e13cl5/7iu01oic.json', 'init=/tmp/tmpj8e13cl5/r423iytf.json', 'output', 'file=/tmp/tmpj8e13cl5/prophet_modelfe1tvx0h/prophet_model-20241009051654.csv', 'method=optimize', 'algorithm=lbfgs', 'iter=10000']
[2024-10-09T05:16:54.204+0000] {logging_mixin.py:188} WARNING - 05:16:54 - cmdstanpy - INFO - Chain [1] start processing
[2024-10-09T05:16:54.204+0000] {model.py:2058} INFO - Chain [1] start processing
[2024-10-09T05:16:58.676+0000] {logging_mixin.py:188} WARNING - 05:16:58 - cmdstanpy - INFO - Chain [1] done processing
[2024-10-09T05:16:58.589+0000] {model.py:2115} INFO - Chain [1] done processing
[2024-10-09T05:17:02.278+0000] {logging_mixin.py:188} INFO - Fitting 3 folds for each of 1 candidates, totalling 3 fits
[2024-10-09T05:27:01.004+0000] {local_task_job_runner.py:121} ERROR - Received SIGTERM. Terminating subprocesses
[2024-10-09T05:27:01.185+0000] {process_utils.py:131} INFO - Sending 15 to group 794. PIDs of all processes in the group: [794]
[2024-10-09T05:27:01.197+0000] {process_utils.py:86} INFO - Sending the signal 15 to group 794
[2024-10-09T05:27:03.235+0000] {local_task_job_runner.py:121} ERROR - Received SIGTERM. Terminating subprocesses
[2024-10-09T05:27:03.238+0000] {process_utils.py:131} INFO - Sending 15 to group 794. PIDs of all processes in the group: [794]
