[2024-10-16T09:57:23.745+0000] {processor.py:161} INFO - Started process (PID=285) to work on /opt/airflow/dags/components/gold/post_training/sending_mails.py
[2024-10-16T09:57:23.746+0000] {processor.py:830} INFO - Processing file /opt/airflow/dags/components/gold/post_training/sending_mails.py for tasks to queue
[2024-10-16T09:57:23.747+0000] {logging_mixin.py:188} INFO - [2024-10-16T09:57:23.747+0000] {dagbag.py:540} INFO - Filling up the DagBag from /opt/airflow/dags/components/gold/post_training/sending_mails.py
[2024-10-16T09:57:24.096+0000] {processor.py:842} WARNING - No viable dags retrieved from /opt/airflow/dags/components/gold/post_training/sending_mails.py
[2024-10-16T09:57:24.106+0000] {processor.py:183} INFO - Processing /opt/airflow/dags/components/gold/post_training/sending_mails.py took 0.364 seconds
[2024-10-16T09:57:55.783+0000] {processor.py:161} INFO - Started process (PID=364) to work on /opt/airflow/dags/components/gold/post_training/sending_mails.py
[2024-10-16T09:57:55.784+0000] {processor.py:830} INFO - Processing file /opt/airflow/dags/components/gold/post_training/sending_mails.py for tasks to queue
[2024-10-16T09:57:55.786+0000] {logging_mixin.py:188} INFO - [2024-10-16T09:57:55.786+0000] {dagbag.py:540} INFO - Filling up the DagBag from /opt/airflow/dags/components/gold/post_training/sending_mails.py
[2024-10-16T09:57:56.177+0000] {processor.py:842} WARNING - No viable dags retrieved from /opt/airflow/dags/components/gold/post_training/sending_mails.py
[2024-10-16T09:57:56.186+0000] {processor.py:183} INFO - Processing /opt/airflow/dags/components/gold/post_training/sending_mails.py took 0.405 seconds
[2024-10-16T09:58:27.229+0000] {processor.py:161} INFO - Started process (PID=443) to work on /opt/airflow/dags/components/gold/post_training/sending_mails.py
[2024-10-16T09:58:27.230+0000] {processor.py:830} INFO - Processing file /opt/airflow/dags/components/gold/post_training/sending_mails.py for tasks to queue
[2024-10-16T09:58:27.233+0000] {logging_mixin.py:188} INFO - [2024-10-16T09:58:27.233+0000] {dagbag.py:540} INFO - Filling up the DagBag from /opt/airflow/dags/components/gold/post_training/sending_mails.py
[2024-10-16T09:58:27.535+0000] {processor.py:842} WARNING - No viable dags retrieved from /opt/airflow/dags/components/gold/post_training/sending_mails.py
[2024-10-16T09:58:27.543+0000] {processor.py:183} INFO - Processing /opt/airflow/dags/components/gold/post_training/sending_mails.py took 0.317 seconds
[2024-10-16T09:58:58.775+0000] {processor.py:161} INFO - Started process (PID=522) to work on /opt/airflow/dags/components/gold/post_training/sending_mails.py
[2024-10-16T09:58:58.776+0000] {processor.py:830} INFO - Processing file /opt/airflow/dags/components/gold/post_training/sending_mails.py for tasks to queue
[2024-10-16T09:58:58.776+0000] {logging_mixin.py:188} INFO - [2024-10-16T09:58:58.776+0000] {dagbag.py:540} INFO - Filling up the DagBag from /opt/airflow/dags/components/gold/post_training/sending_mails.py
[2024-10-16T09:58:59.198+0000] {processor.py:842} WARNING - No viable dags retrieved from /opt/airflow/dags/components/gold/post_training/sending_mails.py
[2024-10-16T09:58:59.206+0000] {processor.py:183} INFO - Processing /opt/airflow/dags/components/gold/post_training/sending_mails.py took 0.434 seconds
[2024-10-16T09:59:30.165+0000] {processor.py:161} INFO - Started process (PID=601) to work on /opt/airflow/dags/components/gold/post_training/sending_mails.py
[2024-10-16T09:59:30.169+0000] {processor.py:830} INFO - Processing file /opt/airflow/dags/components/gold/post_training/sending_mails.py for tasks to queue
[2024-10-16T09:59:30.173+0000] {logging_mixin.py:188} INFO - [2024-10-16T09:59:30.172+0000] {dagbag.py:540} INFO - Filling up the DagBag from /opt/airflow/dags/components/gold/post_training/sending_mails.py
[2024-10-16T09:59:30.574+0000] {processor.py:842} WARNING - No viable dags retrieved from /opt/airflow/dags/components/gold/post_training/sending_mails.py
[2024-10-16T09:59:30.581+0000] {processor.py:183} INFO - Processing /opt/airflow/dags/components/gold/post_training/sending_mails.py took 0.418 seconds
[2024-10-16T10:00:01.906+0000] {processor.py:161} INFO - Started process (PID=680) to work on /opt/airflow/dags/components/gold/post_training/sending_mails.py
[2024-10-16T10:00:01.908+0000] {processor.py:830} INFO - Processing file /opt/airflow/dags/components/gold/post_training/sending_mails.py for tasks to queue
[2024-10-16T10:00:01.909+0000] {logging_mixin.py:188} INFO - [2024-10-16T10:00:01.909+0000] {dagbag.py:540} INFO - Filling up the DagBag from /opt/airflow/dags/components/gold/post_training/sending_mails.py
[2024-10-16T10:00:02.239+0000] {processor.py:842} WARNING - No viable dags retrieved from /opt/airflow/dags/components/gold/post_training/sending_mails.py
[2024-10-16T10:00:02.247+0000] {processor.py:183} INFO - Processing /opt/airflow/dags/components/gold/post_training/sending_mails.py took 0.343 seconds
[2024-10-16T10:00:33.789+0000] {processor.py:161} INFO - Started process (PID=758) to work on /opt/airflow/dags/components/gold/post_training/sending_mails.py
[2024-10-16T10:00:33.790+0000] {processor.py:830} INFO - Processing file /opt/airflow/dags/components/gold/post_training/sending_mails.py for tasks to queue
[2024-10-16T10:00:33.791+0000] {logging_mixin.py:188} INFO - [2024-10-16T10:00:33.791+0000] {dagbag.py:540} INFO - Filling up the DagBag from /opt/airflow/dags/components/gold/post_training/sending_mails.py
[2024-10-16T10:00:34.091+0000] {processor.py:842} WARNING - No viable dags retrieved from /opt/airflow/dags/components/gold/post_training/sending_mails.py
[2024-10-16T10:00:34.100+0000] {processor.py:183} INFO - Processing /opt/airflow/dags/components/gold/post_training/sending_mails.py took 0.313 seconds
[2024-10-16T10:01:05.559+0000] {processor.py:161} INFO - Started process (PID=838) to work on /opt/airflow/dags/components/gold/post_training/sending_mails.py
[2024-10-16T10:01:05.560+0000] {processor.py:830} INFO - Processing file /opt/airflow/dags/components/gold/post_training/sending_mails.py for tasks to queue
[2024-10-16T10:01:05.561+0000] {logging_mixin.py:188} INFO - [2024-10-16T10:01:05.560+0000] {dagbag.py:540} INFO - Filling up the DagBag from /opt/airflow/dags/components/gold/post_training/sending_mails.py
[2024-10-16T10:01:05.926+0000] {processor.py:842} WARNING - No viable dags retrieved from /opt/airflow/dags/components/gold/post_training/sending_mails.py
[2024-10-16T10:01:05.937+0000] {processor.py:183} INFO - Processing /opt/airflow/dags/components/gold/post_training/sending_mails.py took 0.380 seconds
[2024-10-16T10:01:58.756+0000] {processor.py:161} INFO - Started process (PID=1297) to work on /opt/airflow/dags/components/gold/post_training/sending_mails.py
[2024-10-16T10:01:58.757+0000] {processor.py:830} INFO - Processing file /opt/airflow/dags/components/gold/post_training/sending_mails.py for tasks to queue
[2024-10-16T10:01:58.758+0000] {logging_mixin.py:188} INFO - [2024-10-16T10:01:58.758+0000] {dagbag.py:540} INFO - Filling up the DagBag from /opt/airflow/dags/components/gold/post_training/sending_mails.py
[2024-10-16T10:02:00.110+0000] {processor.py:842} WARNING - No viable dags retrieved from /opt/airflow/dags/components/gold/post_training/sending_mails.py
[2024-10-16T10:02:00.140+0000] {processor.py:183} INFO - Processing /opt/airflow/dags/components/gold/post_training/sending_mails.py took 1.386 seconds
[2024-10-16T10:02:34.986+0000] {processor.py:161} INFO - Started process (PID=1456) to work on /opt/airflow/dags/components/gold/post_training/sending_mails.py
[2024-10-16T10:02:34.987+0000] {processor.py:830} INFO - Processing file /opt/airflow/dags/components/gold/post_training/sending_mails.py for tasks to queue
[2024-10-16T10:02:34.988+0000] {logging_mixin.py:188} INFO - [2024-10-16T10:02:34.988+0000] {dagbag.py:540} INFO - Filling up the DagBag from /opt/airflow/dags/components/gold/post_training/sending_mails.py
[2024-10-16T10:02:36.447+0000] {processor.py:842} WARNING - No viable dags retrieved from /opt/airflow/dags/components/gold/post_training/sending_mails.py
[2024-10-16T10:02:36.460+0000] {processor.py:183} INFO - Processing /opt/airflow/dags/components/gold/post_training/sending_mails.py took 1.478 seconds
[2024-10-16T10:03:10.795+0000] {processor.py:161} INFO - Started process (PID=1534) to work on /opt/airflow/dags/components/gold/post_training/sending_mails.py
[2024-10-16T10:03:10.797+0000] {processor.py:830} INFO - Processing file /opt/airflow/dags/components/gold/post_training/sending_mails.py for tasks to queue
[2024-10-16T10:03:10.798+0000] {logging_mixin.py:188} INFO - [2024-10-16T10:03:10.798+0000] {dagbag.py:540} INFO - Filling up the DagBag from /opt/airflow/dags/components/gold/post_training/sending_mails.py
[2024-10-16T10:03:12.585+0000] {processor.py:842} WARNING - No viable dags retrieved from /opt/airflow/dags/components/gold/post_training/sending_mails.py
[2024-10-16T10:03:12.598+0000] {processor.py:183} INFO - Processing /opt/airflow/dags/components/gold/post_training/sending_mails.py took 1.806 seconds
[2024-10-16T10:03:44.828+0000] {processor.py:161} INFO - Started process (PID=1607) to work on /opt/airflow/dags/components/gold/post_training/sending_mails.py
[2024-10-16T10:03:44.829+0000] {processor.py:830} INFO - Processing file /opt/airflow/dags/components/gold/post_training/sending_mails.py for tasks to queue
[2024-10-16T10:03:44.835+0000] {logging_mixin.py:188} INFO - [2024-10-16T10:03:44.835+0000] {dagbag.py:540} INFO - Filling up the DagBag from /opt/airflow/dags/components/gold/post_training/sending_mails.py
[2024-10-16T10:03:47.137+0000] {processor.py:842} WARNING - No viable dags retrieved from /opt/airflow/dags/components/gold/post_training/sending_mails.py
[2024-10-16T10:03:47.146+0000] {processor.py:183} INFO - Processing /opt/airflow/dags/components/gold/post_training/sending_mails.py took 2.320 seconds
[2024-10-16T10:04:17.539+0000] {processor.py:161} INFO - Started process (PID=1667) to work on /opt/airflow/dags/components/gold/post_training/sending_mails.py
[2024-10-16T10:04:17.540+0000] {processor.py:830} INFO - Processing file /opt/airflow/dags/components/gold/post_training/sending_mails.py for tasks to queue
[2024-10-16T10:04:17.541+0000] {logging_mixin.py:188} INFO - [2024-10-16T10:04:17.540+0000] {dagbag.py:540} INFO - Filling up the DagBag from /opt/airflow/dags/components/gold/post_training/sending_mails.py
[2024-10-16T10:04:19.680+0000] {processor.py:842} WARNING - No viable dags retrieved from /opt/airflow/dags/components/gold/post_training/sending_mails.py
[2024-10-16T10:04:19.735+0000] {processor.py:183} INFO - Processing /opt/airflow/dags/components/gold/post_training/sending_mails.py took 2.200 seconds
[2024-10-16T10:04:50.141+0000] {processor.py:161} INFO - Started process (PID=1739) to work on /opt/airflow/dags/components/gold/post_training/sending_mails.py
[2024-10-16T10:04:50.144+0000] {processor.py:830} INFO - Processing file /opt/airflow/dags/components/gold/post_training/sending_mails.py for tasks to queue
[2024-10-16T10:04:50.146+0000] {logging_mixin.py:188} INFO - [2024-10-16T10:04:50.145+0000] {dagbag.py:540} INFO - Filling up the DagBag from /opt/airflow/dags/components/gold/post_training/sending_mails.py
[2024-10-16T10:04:51.467+0000] {processor.py:842} WARNING - No viable dags retrieved from /opt/airflow/dags/components/gold/post_training/sending_mails.py
[2024-10-16T10:04:51.490+0000] {processor.py:183} INFO - Processing /opt/airflow/dags/components/gold/post_training/sending_mails.py took 1.343 seconds
[2024-10-16T10:05:25.157+0000] {processor.py:161} INFO - Started process (PID=1822) to work on /opt/airflow/dags/components/gold/post_training/sending_mails.py
[2024-10-16T10:05:25.159+0000] {processor.py:830} INFO - Processing file /opt/airflow/dags/components/gold/post_training/sending_mails.py for tasks to queue
[2024-10-16T10:05:25.160+0000] {logging_mixin.py:188} INFO - [2024-10-16T10:05:25.160+0000] {dagbag.py:540} INFO - Filling up the DagBag from /opt/airflow/dags/components/gold/post_training/sending_mails.py
[2024-10-16T10:05:26.832+0000] {processor.py:842} WARNING - No viable dags retrieved from /opt/airflow/dags/components/gold/post_training/sending_mails.py
[2024-10-16T10:05:26.850+0000] {processor.py:183} INFO - Processing /opt/airflow/dags/components/gold/post_training/sending_mails.py took 1.698 seconds
[2024-10-16T10:05:57.989+0000] {processor.py:161} INFO - Started process (PID=1901) to work on /opt/airflow/dags/components/gold/post_training/sending_mails.py
[2024-10-16T10:05:57.990+0000] {processor.py:830} INFO - Processing file /opt/airflow/dags/components/gold/post_training/sending_mails.py for tasks to queue
[2024-10-16T10:05:57.991+0000] {logging_mixin.py:188} INFO - [2024-10-16T10:05:57.991+0000] {dagbag.py:540} INFO - Filling up the DagBag from /opt/airflow/dags/components/gold/post_training/sending_mails.py
[2024-10-16T10:06:00.035+0000] {processor.py:842} WARNING - No viable dags retrieved from /opt/airflow/dags/components/gold/post_training/sending_mails.py
[2024-10-16T10:06:00.044+0000] {processor.py:183} INFO - Processing /opt/airflow/dags/components/gold/post_training/sending_mails.py took 2.058 seconds
[2024-10-16T10:06:32.018+0000] {processor.py:161} INFO - Started process (PID=1979) to work on /opt/airflow/dags/components/gold/post_training/sending_mails.py
[2024-10-16T10:06:32.025+0000] {processor.py:830} INFO - Processing file /opt/airflow/dags/components/gold/post_training/sending_mails.py for tasks to queue
[2024-10-16T10:06:32.036+0000] {logging_mixin.py:188} INFO - [2024-10-16T10:06:32.036+0000] {dagbag.py:540} INFO - Filling up the DagBag from /opt/airflow/dags/components/gold/post_training/sending_mails.py
[2024-10-16T10:06:34.169+0000] {processor.py:842} WARNING - No viable dags retrieved from /opt/airflow/dags/components/gold/post_training/sending_mails.py
[2024-10-16T10:06:34.179+0000] {processor.py:183} INFO - Processing /opt/airflow/dags/components/gold/post_training/sending_mails.py took 2.163 seconds
[2024-10-16T10:07:04.884+0000] {processor.py:161} INFO - Started process (PID=2039) to work on /opt/airflow/dags/components/gold/post_training/sending_mails.py
[2024-10-16T10:07:04.887+0000] {processor.py:830} INFO - Processing file /opt/airflow/dags/components/gold/post_training/sending_mails.py for tasks to queue
[2024-10-16T10:07:04.897+0000] {logging_mixin.py:188} INFO - [2024-10-16T10:07:04.897+0000] {dagbag.py:540} INFO - Filling up the DagBag from /opt/airflow/dags/components/gold/post_training/sending_mails.py
[2024-10-16T10:07:06.335+0000] {processor.py:842} WARNING - No viable dags retrieved from /opt/airflow/dags/components/gold/post_training/sending_mails.py
[2024-10-16T10:07:06.357+0000] {processor.py:183} INFO - Processing /opt/airflow/dags/components/gold/post_training/sending_mails.py took 1.501 seconds
[2024-10-16T10:07:37.645+0000] {processor.py:161} INFO - Started process (PID=2118) to work on /opt/airflow/dags/components/gold/post_training/sending_mails.py
[2024-10-16T10:07:37.662+0000] {processor.py:830} INFO - Processing file /opt/airflow/dags/components/gold/post_training/sending_mails.py for tasks to queue
[2024-10-16T10:07:37.663+0000] {logging_mixin.py:188} INFO - [2024-10-16T10:07:37.663+0000] {dagbag.py:540} INFO - Filling up the DagBag from /opt/airflow/dags/components/gold/post_training/sending_mails.py
[2024-10-16T10:07:39.371+0000] {processor.py:842} WARNING - No viable dags retrieved from /opt/airflow/dags/components/gold/post_training/sending_mails.py
[2024-10-16T10:07:39.380+0000] {processor.py:183} INFO - Processing /opt/airflow/dags/components/gold/post_training/sending_mails.py took 1.737 seconds
[2024-10-16T10:08:10.532+0000] {processor.py:161} INFO - Started process (PID=2196) to work on /opt/airflow/dags/components/gold/post_training/sending_mails.py
[2024-10-16T10:08:10.533+0000] {processor.py:830} INFO - Processing file /opt/airflow/dags/components/gold/post_training/sending_mails.py for tasks to queue
[2024-10-16T10:08:10.544+0000] {logging_mixin.py:188} INFO - [2024-10-16T10:08:10.543+0000] {dagbag.py:540} INFO - Filling up the DagBag from /opt/airflow/dags/components/gold/post_training/sending_mails.py
[2024-10-16T10:08:11.878+0000] {processor.py:842} WARNING - No viable dags retrieved from /opt/airflow/dags/components/gold/post_training/sending_mails.py
[2024-10-16T10:08:11.890+0000] {processor.py:183} INFO - Processing /opt/airflow/dags/components/gold/post_training/sending_mails.py took 1.360 seconds
[2024-10-16T10:08:42.352+0000] {processor.py:161} INFO - Started process (PID=2274) to work on /opt/airflow/dags/components/gold/post_training/sending_mails.py
[2024-10-16T10:08:42.354+0000] {processor.py:830} INFO - Processing file /opt/airflow/dags/components/gold/post_training/sending_mails.py for tasks to queue
[2024-10-16T10:08:42.355+0000] {logging_mixin.py:188} INFO - [2024-10-16T10:08:42.354+0000] {dagbag.py:540} INFO - Filling up the DagBag from /opt/airflow/dags/components/gold/post_training/sending_mails.py
[2024-10-16T10:08:44.156+0000] {processor.py:842} WARNING - No viable dags retrieved from /opt/airflow/dags/components/gold/post_training/sending_mails.py
[2024-10-16T10:08:44.188+0000] {processor.py:183} INFO - Processing /opt/airflow/dags/components/gold/post_training/sending_mails.py took 1.840 seconds
[2024-10-16T10:09:14.543+0000] {processor.py:161} INFO - Started process (PID=2352) to work on /opt/airflow/dags/components/gold/post_training/sending_mails.py
[2024-10-16T10:09:14.544+0000] {processor.py:830} INFO - Processing file /opt/airflow/dags/components/gold/post_training/sending_mails.py for tasks to queue
[2024-10-16T10:09:14.545+0000] {logging_mixin.py:188} INFO - [2024-10-16T10:09:14.545+0000] {dagbag.py:540} INFO - Filling up the DagBag from /opt/airflow/dags/components/gold/post_training/sending_mails.py
[2024-10-16T10:09:15.809+0000] {processor.py:842} WARNING - No viable dags retrieved from /opt/airflow/dags/components/gold/post_training/sending_mails.py
[2024-10-16T10:09:15.854+0000] {processor.py:183} INFO - Processing /opt/airflow/dags/components/gold/post_training/sending_mails.py took 1.313 seconds
[2024-10-16T10:09:46.510+0000] {processor.py:161} INFO - Started process (PID=2428) to work on /opt/airflow/dags/components/gold/post_training/sending_mails.py
[2024-10-16T10:09:46.515+0000] {processor.py:830} INFO - Processing file /opt/airflow/dags/components/gold/post_training/sending_mails.py for tasks to queue
[2024-10-16T10:09:46.522+0000] {logging_mixin.py:188} INFO - [2024-10-16T10:09:46.521+0000] {dagbag.py:540} INFO - Filling up the DagBag from /opt/airflow/dags/components/gold/post_training/sending_mails.py
[2024-10-16T10:09:48.241+0000] {processor.py:842} WARNING - No viable dags retrieved from /opt/airflow/dags/components/gold/post_training/sending_mails.py
[2024-10-16T10:09:48.251+0000] {processor.py:183} INFO - Processing /opt/airflow/dags/components/gold/post_training/sending_mails.py took 1.744 seconds
[2024-10-16T10:10:18.700+0000] {processor.py:161} INFO - Started process (PID=2486) to work on /opt/airflow/dags/components/gold/post_training/sending_mails.py
[2024-10-16T10:10:18.704+0000] {processor.py:830} INFO - Processing file /opt/airflow/dags/components/gold/post_training/sending_mails.py for tasks to queue
[2024-10-16T10:10:18.706+0000] {logging_mixin.py:188} INFO - [2024-10-16T10:10:18.705+0000] {dagbag.py:540} INFO - Filling up the DagBag from /opt/airflow/dags/components/gold/post_training/sending_mails.py
[2024-10-16T10:10:20.640+0000] {processor.py:842} WARNING - No viable dags retrieved from /opt/airflow/dags/components/gold/post_training/sending_mails.py
[2024-10-16T10:10:20.659+0000] {processor.py:183} INFO - Processing /opt/airflow/dags/components/gold/post_training/sending_mails.py took 1.965 seconds
[2024-10-16T10:10:51.388+0000] {processor.py:161} INFO - Started process (PID=2561) to work on /opt/airflow/dags/components/gold/post_training/sending_mails.py
[2024-10-16T10:10:51.395+0000] {processor.py:830} INFO - Processing file /opt/airflow/dags/components/gold/post_training/sending_mails.py for tasks to queue
[2024-10-16T10:10:51.396+0000] {logging_mixin.py:188} INFO - [2024-10-16T10:10:51.396+0000] {dagbag.py:540} INFO - Filling up the DagBag from /opt/airflow/dags/components/gold/post_training/sending_mails.py
[2024-10-16T10:10:52.938+0000] {processor.py:842} WARNING - No viable dags retrieved from /opt/airflow/dags/components/gold/post_training/sending_mails.py
[2024-10-16T10:10:52.955+0000] {processor.py:183} INFO - Processing /opt/airflow/dags/components/gold/post_training/sending_mails.py took 1.570 seconds
[2024-10-16T10:11:23.744+0000] {processor.py:161} INFO - Started process (PID=2646) to work on /opt/airflow/dags/components/gold/post_training/sending_mails.py
[2024-10-16T10:11:23.764+0000] {processor.py:830} INFO - Processing file /opt/airflow/dags/components/gold/post_training/sending_mails.py for tasks to queue
[2024-10-16T10:11:23.775+0000] {logging_mixin.py:188} INFO - [2024-10-16T10:11:23.774+0000] {dagbag.py:540} INFO - Filling up the DagBag from /opt/airflow/dags/components/gold/post_training/sending_mails.py
[2024-10-16T10:11:25.607+0000] {processor.py:842} WARNING - No viable dags retrieved from /opt/airflow/dags/components/gold/post_training/sending_mails.py
[2024-10-16T10:11:25.619+0000] {processor.py:183} INFO - Processing /opt/airflow/dags/components/gold/post_training/sending_mails.py took 1.878 seconds
[2024-10-16T10:11:56.273+0000] {processor.py:161} INFO - Started process (PID=2725) to work on /opt/airflow/dags/components/gold/post_training/sending_mails.py
[2024-10-16T10:11:56.286+0000] {processor.py:830} INFO - Processing file /opt/airflow/dags/components/gold/post_training/sending_mails.py for tasks to queue
[2024-10-16T10:11:56.294+0000] {logging_mixin.py:188} INFO - [2024-10-16T10:11:56.294+0000] {dagbag.py:540} INFO - Filling up the DagBag from /opt/airflow/dags/components/gold/post_training/sending_mails.py
[2024-10-16T10:11:57.434+0000] {processor.py:842} WARNING - No viable dags retrieved from /opt/airflow/dags/components/gold/post_training/sending_mails.py
[2024-10-16T10:11:57.446+0000] {processor.py:183} INFO - Processing /opt/airflow/dags/components/gold/post_training/sending_mails.py took 1.177 seconds
[2024-10-16T10:12:28.550+0000] {processor.py:161} INFO - Started process (PID=2803) to work on /opt/airflow/dags/components/gold/post_training/sending_mails.py
[2024-10-16T10:12:28.564+0000] {processor.py:830} INFO - Processing file /opt/airflow/dags/components/gold/post_training/sending_mails.py for tasks to queue
[2024-10-16T10:12:28.575+0000] {logging_mixin.py:188} INFO - [2024-10-16T10:12:28.574+0000] {dagbag.py:540} INFO - Filling up the DagBag from /opt/airflow/dags/components/gold/post_training/sending_mails.py
[2024-10-16T10:12:30.849+0000] {processor.py:842} WARNING - No viable dags retrieved from /opt/airflow/dags/components/gold/post_training/sending_mails.py
[2024-10-16T10:12:30.863+0000] {processor.py:183} INFO - Processing /opt/airflow/dags/components/gold/post_training/sending_mails.py took 2.315 seconds
[2024-10-16T10:13:01.608+0000] {processor.py:161} INFO - Started process (PID=2881) to work on /opt/airflow/dags/components/gold/post_training/sending_mails.py
[2024-10-16T10:13:01.620+0000] {processor.py:830} INFO - Processing file /opt/airflow/dags/components/gold/post_training/sending_mails.py for tasks to queue
[2024-10-16T10:13:01.631+0000] {logging_mixin.py:188} INFO - [2024-10-16T10:13:01.631+0000] {dagbag.py:540} INFO - Filling up the DagBag from /opt/airflow/dags/components/gold/post_training/sending_mails.py
[2024-10-16T10:13:03.719+0000] {processor.py:842} WARNING - No viable dags retrieved from /opt/airflow/dags/components/gold/post_training/sending_mails.py
[2024-10-16T10:13:03.732+0000] {processor.py:183} INFO - Processing /opt/airflow/dags/components/gold/post_training/sending_mails.py took 2.126 seconds
[2024-10-16T10:13:33.992+0000] {processor.py:161} INFO - Started process (PID=2960) to work on /opt/airflow/dags/components/gold/post_training/sending_mails.py
[2024-10-16T10:13:33.994+0000] {processor.py:830} INFO - Processing file /opt/airflow/dags/components/gold/post_training/sending_mails.py for tasks to queue
[2024-10-16T10:13:34.004+0000] {logging_mixin.py:188} INFO - [2024-10-16T10:13:34.003+0000] {dagbag.py:540} INFO - Filling up the DagBag from /opt/airflow/dags/components/gold/post_training/sending_mails.py
[2024-10-16T10:13:37.054+0000] {processor.py:842} WARNING - No viable dags retrieved from /opt/airflow/dags/components/gold/post_training/sending_mails.py
[2024-10-16T10:13:37.075+0000] {processor.py:183} INFO - Processing /opt/airflow/dags/components/gold/post_training/sending_mails.py took 3.086 seconds
[2024-10-16T10:14:08.002+0000] {processor.py:161} INFO - Started process (PID=3039) to work on /opt/airflow/dags/components/gold/post_training/sending_mails.py
[2024-10-16T10:14:08.003+0000] {processor.py:830} INFO - Processing file /opt/airflow/dags/components/gold/post_training/sending_mails.py for tasks to queue
[2024-10-16T10:14:08.004+0000] {logging_mixin.py:188} INFO - [2024-10-16T10:14:08.004+0000] {dagbag.py:540} INFO - Filling up the DagBag from /opt/airflow/dags/components/gold/post_training/sending_mails.py
[2024-10-16T10:14:09.161+0000] {processor.py:842} WARNING - No viable dags retrieved from /opt/airflow/dags/components/gold/post_training/sending_mails.py
[2024-10-16T10:14:09.175+0000] {processor.py:183} INFO - Processing /opt/airflow/dags/components/gold/post_training/sending_mails.py took 1.176 seconds
[2024-10-16T10:14:39.735+0000] {processor.py:161} INFO - Started process (PID=3118) to work on /opt/airflow/dags/components/gold/post_training/sending_mails.py
[2024-10-16T10:14:39.736+0000] {processor.py:830} INFO - Processing file /opt/airflow/dags/components/gold/post_training/sending_mails.py for tasks to queue
[2024-10-16T10:14:39.737+0000] {logging_mixin.py:188} INFO - [2024-10-16T10:14:39.737+0000] {dagbag.py:540} INFO - Filling up the DagBag from /opt/airflow/dags/components/gold/post_training/sending_mails.py
[2024-10-16T10:14:41.488+0000] {processor.py:842} WARNING - No viable dags retrieved from /opt/airflow/dags/components/gold/post_training/sending_mails.py
[2024-10-16T10:14:41.497+0000] {processor.py:183} INFO - Processing /opt/airflow/dags/components/gold/post_training/sending_mails.py took 1.765 seconds
[2024-10-16T10:15:12.256+0000] {processor.py:161} INFO - Started process (PID=3196) to work on /opt/airflow/dags/components/gold/post_training/sending_mails.py
[2024-10-16T10:15:12.257+0000] {processor.py:830} INFO - Processing file /opt/airflow/dags/components/gold/post_training/sending_mails.py for tasks to queue
[2024-10-16T10:15:12.258+0000] {logging_mixin.py:188} INFO - [2024-10-16T10:15:12.258+0000] {dagbag.py:540} INFO - Filling up the DagBag from /opt/airflow/dags/components/gold/post_training/sending_mails.py
[2024-10-16T10:15:14.201+0000] {processor.py:842} WARNING - No viable dags retrieved from /opt/airflow/dags/components/gold/post_training/sending_mails.py
[2024-10-16T10:15:14.224+0000] {processor.py:183} INFO - Processing /opt/airflow/dags/components/gold/post_training/sending_mails.py took 1.970 seconds
[2024-10-16T10:15:46.156+0000] {processor.py:161} INFO - Started process (PID=3275) to work on /opt/airflow/dags/components/gold/post_training/sending_mails.py
[2024-10-16T10:15:46.166+0000] {processor.py:830} INFO - Processing file /opt/airflow/dags/components/gold/post_training/sending_mails.py for tasks to queue
[2024-10-16T10:15:46.166+0000] {logging_mixin.py:188} INFO - [2024-10-16T10:15:46.166+0000] {dagbag.py:540} INFO - Filling up the DagBag from /opt/airflow/dags/components/gold/post_training/sending_mails.py
[2024-10-16T10:15:48.178+0000] {processor.py:842} WARNING - No viable dags retrieved from /opt/airflow/dags/components/gold/post_training/sending_mails.py
[2024-10-16T10:15:48.218+0000] {processor.py:183} INFO - Processing /opt/airflow/dags/components/gold/post_training/sending_mails.py took 2.064 seconds
[2024-10-16T10:16:20.189+0000] {processor.py:161} INFO - Started process (PID=3351) to work on /opt/airflow/dags/components/gold/post_training/sending_mails.py
[2024-10-16T10:16:20.190+0000] {processor.py:830} INFO - Processing file /opt/airflow/dags/components/gold/post_training/sending_mails.py for tasks to queue
[2024-10-16T10:16:20.191+0000] {logging_mixin.py:188} INFO - [2024-10-16T10:16:20.191+0000] {dagbag.py:540} INFO - Filling up the DagBag from /opt/airflow/dags/components/gold/post_training/sending_mails.py
[2024-10-16T10:16:21.869+0000] {processor.py:842} WARNING - No viable dags retrieved from /opt/airflow/dags/components/gold/post_training/sending_mails.py
[2024-10-16T10:16:21.878+0000] {processor.py:183} INFO - Processing /opt/airflow/dags/components/gold/post_training/sending_mails.py took 1.693 seconds
[2024-10-16T10:16:55.167+0000] {processor.py:161} INFO - Started process (PID=3411) to work on /opt/airflow/dags/components/gold/post_training/sending_mails.py
[2024-10-16T10:16:55.168+0000] {processor.py:830} INFO - Processing file /opt/airflow/dags/components/gold/post_training/sending_mails.py for tasks to queue
[2024-10-16T10:16:55.169+0000] {logging_mixin.py:188} INFO - [2024-10-16T10:16:55.169+0000] {dagbag.py:540} INFO - Filling up the DagBag from /opt/airflow/dags/components/gold/post_training/sending_mails.py
[2024-10-16T10:16:56.629+0000] {processor.py:842} WARNING - No viable dags retrieved from /opt/airflow/dags/components/gold/post_training/sending_mails.py
[2024-10-16T10:16:56.647+0000] {processor.py:183} INFO - Processing /opt/airflow/dags/components/gold/post_training/sending_mails.py took 1.482 seconds
[2024-10-16T10:17:27.447+0000] {processor.py:161} INFO - Started process (PID=3490) to work on /opt/airflow/dags/components/gold/post_training/sending_mails.py
[2024-10-16T10:17:27.449+0000] {processor.py:830} INFO - Processing file /opt/airflow/dags/components/gold/post_training/sending_mails.py for tasks to queue
[2024-10-16T10:17:27.450+0000] {logging_mixin.py:188} INFO - [2024-10-16T10:17:27.449+0000] {dagbag.py:540} INFO - Filling up the DagBag from /opt/airflow/dags/components/gold/post_training/sending_mails.py
[2024-10-16T10:17:29.108+0000] {processor.py:842} WARNING - No viable dags retrieved from /opt/airflow/dags/components/gold/post_training/sending_mails.py
[2024-10-16T10:17:29.123+0000] {processor.py:183} INFO - Processing /opt/airflow/dags/components/gold/post_training/sending_mails.py took 1.680 seconds
[2024-10-16T10:17:59.341+0000] {processor.py:161} INFO - Started process (PID=3550) to work on /opt/airflow/dags/components/gold/post_training/sending_mails.py
[2024-10-16T10:17:59.347+0000] {processor.py:830} INFO - Processing file /opt/airflow/dags/components/gold/post_training/sending_mails.py for tasks to queue
[2024-10-16T10:17:59.358+0000] {logging_mixin.py:188} INFO - [2024-10-16T10:17:59.357+0000] {dagbag.py:540} INFO - Filling up the DagBag from /opt/airflow/dags/components/gold/post_training/sending_mails.py
[2024-10-16T10:18:01.553+0000] {processor.py:842} WARNING - No viable dags retrieved from /opt/airflow/dags/components/gold/post_training/sending_mails.py
[2024-10-16T10:18:01.572+0000] {processor.py:183} INFO - Processing /opt/airflow/dags/components/gold/post_training/sending_mails.py took 2.234 seconds
[2024-10-16T10:18:31.668+0000] {processor.py:161} INFO - Started process (PID=3624) to work on /opt/airflow/dags/components/gold/post_training/sending_mails.py
[2024-10-16T10:18:31.669+0000] {processor.py:830} INFO - Processing file /opt/airflow/dags/components/gold/post_training/sending_mails.py for tasks to queue
[2024-10-16T10:18:31.670+0000] {logging_mixin.py:188} INFO - [2024-10-16T10:18:31.669+0000] {dagbag.py:540} INFO - Filling up the DagBag from /opt/airflow/dags/components/gold/post_training/sending_mails.py
[2024-10-16T10:18:33.099+0000] {processor.py:842} WARNING - No viable dags retrieved from /opt/airflow/dags/components/gold/post_training/sending_mails.py
[2024-10-16T10:18:33.117+0000] {processor.py:183} INFO - Processing /opt/airflow/dags/components/gold/post_training/sending_mails.py took 1.451 seconds
[2024-10-16T10:19:03.870+0000] {processor.py:161} INFO - Started process (PID=3703) to work on /opt/airflow/dags/components/gold/post_training/sending_mails.py
[2024-10-16T10:19:03.872+0000] {processor.py:830} INFO - Processing file /opt/airflow/dags/components/gold/post_training/sending_mails.py for tasks to queue
[2024-10-16T10:19:03.887+0000] {logging_mixin.py:188} INFO - [2024-10-16T10:19:03.886+0000] {dagbag.py:540} INFO - Filling up the DagBag from /opt/airflow/dags/components/gold/post_training/sending_mails.py
[2024-10-16T10:19:05.198+0000] {processor.py:842} WARNING - No viable dags retrieved from /opt/airflow/dags/components/gold/post_training/sending_mails.py
[2024-10-16T10:19:05.207+0000] {processor.py:183} INFO - Processing /opt/airflow/dags/components/gold/post_training/sending_mails.py took 1.340 seconds
[2024-10-16T10:19:35.787+0000] {processor.py:161} INFO - Started process (PID=3781) to work on /opt/airflow/dags/components/gold/post_training/sending_mails.py
[2024-10-16T10:19:35.796+0000] {processor.py:830} INFO - Processing file /opt/airflow/dags/components/gold/post_training/sending_mails.py for tasks to queue
[2024-10-16T10:19:35.798+0000] {logging_mixin.py:188} INFO - [2024-10-16T10:19:35.798+0000] {dagbag.py:540} INFO - Filling up the DagBag from /opt/airflow/dags/components/gold/post_training/sending_mails.py
[2024-10-16T10:19:37.326+0000] {processor.py:842} WARNING - No viable dags retrieved from /opt/airflow/dags/components/gold/post_training/sending_mails.py
[2024-10-16T10:19:37.348+0000] {processor.py:183} INFO - Processing /opt/airflow/dags/components/gold/post_training/sending_mails.py took 1.563 seconds
[2024-10-16T10:20:08.014+0000] {processor.py:161} INFO - Started process (PID=3859) to work on /opt/airflow/dags/components/gold/post_training/sending_mails.py
[2024-10-16T10:20:08.017+0000] {processor.py:830} INFO - Processing file /opt/airflow/dags/components/gold/post_training/sending_mails.py for tasks to queue
[2024-10-16T10:20:08.025+0000] {logging_mixin.py:188} INFO - [2024-10-16T10:20:08.025+0000] {dagbag.py:540} INFO - Filling up the DagBag from /opt/airflow/dags/components/gold/post_training/sending_mails.py
[2024-10-16T10:20:09.732+0000] {processor.py:842} WARNING - No viable dags retrieved from /opt/airflow/dags/components/gold/post_training/sending_mails.py
[2024-10-16T10:20:09.757+0000] {processor.py:183} INFO - Processing /opt/airflow/dags/components/gold/post_training/sending_mails.py took 1.746 seconds
[2024-10-16T10:20:39.992+0000] {processor.py:161} INFO - Started process (PID=3938) to work on /opt/airflow/dags/components/gold/post_training/sending_mails.py
[2024-10-16T10:20:39.995+0000] {processor.py:830} INFO - Processing file /opt/airflow/dags/components/gold/post_training/sending_mails.py for tasks to queue
[2024-10-16T10:20:39.997+0000] {logging_mixin.py:188} INFO - [2024-10-16T10:20:39.997+0000] {dagbag.py:540} INFO - Filling up the DagBag from /opt/airflow/dags/components/gold/post_training/sending_mails.py
[2024-10-16T10:20:41.596+0000] {processor.py:842} WARNING - No viable dags retrieved from /opt/airflow/dags/components/gold/post_training/sending_mails.py
[2024-10-16T10:20:41.606+0000] {processor.py:183} INFO - Processing /opt/airflow/dags/components/gold/post_training/sending_mails.py took 1.618 seconds
[2024-10-16T10:21:12.203+0000] {processor.py:161} INFO - Started process (PID=4022) to work on /opt/airflow/dags/components/gold/post_training/sending_mails.py
[2024-10-16T10:21:12.204+0000] {processor.py:830} INFO - Processing file /opt/airflow/dags/components/gold/post_training/sending_mails.py for tasks to queue
[2024-10-16T10:21:12.205+0000] {logging_mixin.py:188} INFO - [2024-10-16T10:21:12.205+0000] {dagbag.py:540} INFO - Filling up the DagBag from /opt/airflow/dags/components/gold/post_training/sending_mails.py
[2024-10-16T10:21:13.669+0000] {processor.py:842} WARNING - No viable dags retrieved from /opt/airflow/dags/components/gold/post_training/sending_mails.py
[2024-10-16T10:21:13.678+0000] {processor.py:183} INFO - Processing /opt/airflow/dags/components/gold/post_training/sending_mails.py took 1.478 seconds
[2024-10-16T10:21:44.027+0000] {processor.py:161} INFO - Started process (PID=4101) to work on /opt/airflow/dags/components/gold/post_training/sending_mails.py
[2024-10-16T10:21:44.033+0000] {processor.py:830} INFO - Processing file /opt/airflow/dags/components/gold/post_training/sending_mails.py for tasks to queue
[2024-10-16T10:21:44.034+0000] {logging_mixin.py:188} INFO - [2024-10-16T10:21:44.034+0000] {dagbag.py:540} INFO - Filling up the DagBag from /opt/airflow/dags/components/gold/post_training/sending_mails.py
[2024-10-16T10:21:45.916+0000] {processor.py:842} WARNING - No viable dags retrieved from /opt/airflow/dags/components/gold/post_training/sending_mails.py
[2024-10-16T10:21:45.958+0000] {processor.py:183} INFO - Processing /opt/airflow/dags/components/gold/post_training/sending_mails.py took 1.933 seconds
[2024-10-16T10:22:16.406+0000] {processor.py:161} INFO - Started process (PID=4178) to work on /opt/airflow/dags/components/gold/post_training/sending_mails.py
[2024-10-16T10:22:16.413+0000] {processor.py:830} INFO - Processing file /opt/airflow/dags/components/gold/post_training/sending_mails.py for tasks to queue
[2024-10-16T10:22:16.414+0000] {logging_mixin.py:188} INFO - [2024-10-16T10:22:16.414+0000] {dagbag.py:540} INFO - Filling up the DagBag from /opt/airflow/dags/components/gold/post_training/sending_mails.py
[2024-10-16T10:22:17.786+0000] {processor.py:842} WARNING - No viable dags retrieved from /opt/airflow/dags/components/gold/post_training/sending_mails.py
[2024-10-16T10:22:17.796+0000] {processor.py:183} INFO - Processing /opt/airflow/dags/components/gold/post_training/sending_mails.py took 1.392 seconds
[2024-10-16T10:22:48.217+0000] {processor.py:161} INFO - Started process (PID=4236) to work on /opt/airflow/dags/components/gold/post_training/sending_mails.py
[2024-10-16T10:22:48.217+0000] {processor.py:830} INFO - Processing file /opt/airflow/dags/components/gold/post_training/sending_mails.py for tasks to queue
[2024-10-16T10:22:48.218+0000] {logging_mixin.py:188} INFO - [2024-10-16T10:22:48.218+0000] {dagbag.py:540} INFO - Filling up the DagBag from /opt/airflow/dags/components/gold/post_training/sending_mails.py
[2024-10-16T10:22:50.074+0000] {processor.py:842} WARNING - No viable dags retrieved from /opt/airflow/dags/components/gold/post_training/sending_mails.py
[2024-10-16T10:22:50.082+0000] {processor.py:183} INFO - Processing /opt/airflow/dags/components/gold/post_training/sending_mails.py took 1.867 seconds
[2024-10-16T10:23:20.499+0000] {processor.py:161} INFO - Started process (PID=4312) to work on /opt/airflow/dags/components/gold/post_training/sending_mails.py
[2024-10-16T10:23:20.500+0000] {processor.py:830} INFO - Processing file /opt/airflow/dags/components/gold/post_training/sending_mails.py for tasks to queue
[2024-10-16T10:23:20.513+0000] {logging_mixin.py:188} INFO - [2024-10-16T10:23:20.513+0000] {dagbag.py:540} INFO - Filling up the DagBag from /opt/airflow/dags/components/gold/post_training/sending_mails.py
[2024-10-16T10:23:22.078+0000] {processor.py:842} WARNING - No viable dags retrieved from /opt/airflow/dags/components/gold/post_training/sending_mails.py
[2024-10-16T10:23:22.098+0000] {processor.py:183} INFO - Processing /opt/airflow/dags/components/gold/post_training/sending_mails.py took 1.601 seconds
[2024-10-16T10:23:52.203+0000] {processor.py:161} INFO - Started process (PID=4390) to work on /opt/airflow/dags/components/gold/post_training/sending_mails.py
[2024-10-16T10:23:52.211+0000] {processor.py:830} INFO - Processing file /opt/airflow/dags/components/gold/post_training/sending_mails.py for tasks to queue
[2024-10-16T10:23:52.212+0000] {logging_mixin.py:188} INFO - [2024-10-16T10:23:52.212+0000] {dagbag.py:540} INFO - Filling up the DagBag from /opt/airflow/dags/components/gold/post_training/sending_mails.py
[2024-10-16T10:23:53.444+0000] {processor.py:842} WARNING - No viable dags retrieved from /opt/airflow/dags/components/gold/post_training/sending_mails.py
[2024-10-16T10:23:53.468+0000] {processor.py:183} INFO - Processing /opt/airflow/dags/components/gold/post_training/sending_mails.py took 1.268 seconds
[2024-10-16T10:24:24.152+0000] {processor.py:161} INFO - Started process (PID=4470) to work on /opt/airflow/dags/components/gold/post_training/sending_mails.py
[2024-10-16T10:24:24.153+0000] {processor.py:830} INFO - Processing file /opt/airflow/dags/components/gold/post_training/sending_mails.py for tasks to queue
[2024-10-16T10:24:24.162+0000] {logging_mixin.py:188} INFO - [2024-10-16T10:24:24.162+0000] {dagbag.py:540} INFO - Filling up the DagBag from /opt/airflow/dags/components/gold/post_training/sending_mails.py
[2024-10-16T10:24:25.523+0000] {processor.py:842} WARNING - No viable dags retrieved from /opt/airflow/dags/components/gold/post_training/sending_mails.py
[2024-10-16T10:24:25.531+0000] {processor.py:183} INFO - Processing /opt/airflow/dags/components/gold/post_training/sending_mails.py took 1.382 seconds
[2024-10-16T10:24:56.019+0000] {processor.py:161} INFO - Started process (PID=4549) to work on /opt/airflow/dags/components/gold/post_training/sending_mails.py
[2024-10-16T10:24:56.025+0000] {processor.py:830} INFO - Processing file /opt/airflow/dags/components/gold/post_training/sending_mails.py for tasks to queue
[2024-10-16T10:24:56.032+0000] {logging_mixin.py:188} INFO - [2024-10-16T10:24:56.031+0000] {dagbag.py:540} INFO - Filling up the DagBag from /opt/airflow/dags/components/gold/post_training/sending_mails.py
[2024-10-16T10:24:57.510+0000] {processor.py:842} WARNING - No viable dags retrieved from /opt/airflow/dags/components/gold/post_training/sending_mails.py
[2024-10-16T10:24:57.520+0000] {processor.py:183} INFO - Processing /opt/airflow/dags/components/gold/post_training/sending_mails.py took 1.504 seconds
[2024-10-16T10:25:27.792+0000] {processor.py:161} INFO - Started process (PID=4628) to work on /opt/airflow/dags/components/gold/post_training/sending_mails.py
[2024-10-16T10:25:27.795+0000] {processor.py:830} INFO - Processing file /opt/airflow/dags/components/gold/post_training/sending_mails.py for tasks to queue
[2024-10-16T10:25:27.796+0000] {logging_mixin.py:188} INFO - [2024-10-16T10:25:27.796+0000] {dagbag.py:540} INFO - Filling up the DagBag from /opt/airflow/dags/components/gold/post_training/sending_mails.py
[2024-10-16T10:25:29.327+0000] {processor.py:842} WARNING - No viable dags retrieved from /opt/airflow/dags/components/gold/post_training/sending_mails.py
[2024-10-16T10:25:29.338+0000] {processor.py:183} INFO - Processing /opt/airflow/dags/components/gold/post_training/sending_mails.py took 1.549 seconds
[2024-10-16T10:25:59.563+0000] {processor.py:161} INFO - Started process (PID=4713) to work on /opt/airflow/dags/components/gold/post_training/sending_mails.py
[2024-10-16T10:25:59.572+0000] {processor.py:830} INFO - Processing file /opt/airflow/dags/components/gold/post_training/sending_mails.py for tasks to queue
[2024-10-16T10:25:59.573+0000] {logging_mixin.py:188} INFO - [2024-10-16T10:25:59.573+0000] {dagbag.py:540} INFO - Filling up the DagBag from /opt/airflow/dags/components/gold/post_training/sending_mails.py
[2024-10-16T10:26:01.015+0000] {processor.py:842} WARNING - No viable dags retrieved from /opt/airflow/dags/components/gold/post_training/sending_mails.py
[2024-10-16T10:26:01.031+0000] {processor.py:183} INFO - Processing /opt/airflow/dags/components/gold/post_training/sending_mails.py took 1.471 seconds
[2024-10-16T10:26:31.448+0000] {processor.py:161} INFO - Started process (PID=4791) to work on /opt/airflow/dags/components/gold/post_training/sending_mails.py
[2024-10-16T10:26:31.453+0000] {processor.py:830} INFO - Processing file /opt/airflow/dags/components/gold/post_training/sending_mails.py for tasks to queue
[2024-10-16T10:26:31.454+0000] {logging_mixin.py:188} INFO - [2024-10-16T10:26:31.454+0000] {dagbag.py:540} INFO - Filling up the DagBag from /opt/airflow/dags/components/gold/post_training/sending_mails.py
[2024-10-16T10:26:32.784+0000] {processor.py:842} WARNING - No viable dags retrieved from /opt/airflow/dags/components/gold/post_training/sending_mails.py
[2024-10-16T10:26:32.798+0000] {processor.py:183} INFO - Processing /opt/airflow/dags/components/gold/post_training/sending_mails.py took 1.352 seconds
[2024-10-16T10:27:03.293+0000] {processor.py:161} INFO - Started process (PID=4847) to work on /opt/airflow/dags/components/gold/post_training/sending_mails.py
[2024-10-16T10:27:03.297+0000] {processor.py:830} INFO - Processing file /opt/airflow/dags/components/gold/post_training/sending_mails.py for tasks to queue
[2024-10-16T10:27:03.302+0000] {logging_mixin.py:188} INFO - [2024-10-16T10:27:03.302+0000] {dagbag.py:540} INFO - Filling up the DagBag from /opt/airflow/dags/components/gold/post_training/sending_mails.py
[2024-10-16T10:27:04.891+0000] {processor.py:842} WARNING - No viable dags retrieved from /opt/airflow/dags/components/gold/post_training/sending_mails.py
[2024-10-16T10:27:04.905+0000] {processor.py:183} INFO - Processing /opt/airflow/dags/components/gold/post_training/sending_mails.py took 1.615 seconds
[2024-10-16T10:27:35.287+0000] {processor.py:161} INFO - Started process (PID=4926) to work on /opt/airflow/dags/components/gold/post_training/sending_mails.py
[2024-10-16T10:27:35.292+0000] {processor.py:830} INFO - Processing file /opt/airflow/dags/components/gold/post_training/sending_mails.py for tasks to queue
[2024-10-16T10:27:35.303+0000] {logging_mixin.py:188} INFO - [2024-10-16T10:27:35.302+0000] {dagbag.py:540} INFO - Filling up the DagBag from /opt/airflow/dags/components/gold/post_training/sending_mails.py
[2024-10-16T10:27:37.236+0000] {processor.py:842} WARNING - No viable dags retrieved from /opt/airflow/dags/components/gold/post_training/sending_mails.py
[2024-10-16T10:27:37.247+0000] {processor.py:183} INFO - Processing /opt/airflow/dags/components/gold/post_training/sending_mails.py took 1.963 seconds
[2024-10-16T10:28:07.879+0000] {processor.py:161} INFO - Started process (PID=4984) to work on /opt/airflow/dags/components/gold/post_training/sending_mails.py
[2024-10-16T10:28:07.884+0000] {processor.py:830} INFO - Processing file /opt/airflow/dags/components/gold/post_training/sending_mails.py for tasks to queue
[2024-10-16T10:28:07.887+0000] {logging_mixin.py:188} INFO - [2024-10-16T10:28:07.887+0000] {dagbag.py:540} INFO - Filling up the DagBag from /opt/airflow/dags/components/gold/post_training/sending_mails.py
[2024-10-16T10:28:09.199+0000] {processor.py:842} WARNING - No viable dags retrieved from /opt/airflow/dags/components/gold/post_training/sending_mails.py
[2024-10-16T10:28:09.237+0000] {processor.py:183} INFO - Processing /opt/airflow/dags/components/gold/post_training/sending_mails.py took 1.360 seconds
[2024-10-16T10:28:39.697+0000] {processor.py:161} INFO - Started process (PID=5059) to work on /opt/airflow/dags/components/gold/post_training/sending_mails.py
[2024-10-16T10:28:39.721+0000] {processor.py:830} INFO - Processing file /opt/airflow/dags/components/gold/post_training/sending_mails.py for tasks to queue
[2024-10-16T10:28:39.739+0000] {logging_mixin.py:188} INFO - [2024-10-16T10:28:39.739+0000] {dagbag.py:540} INFO - Filling up the DagBag from /opt/airflow/dags/components/gold/post_training/sending_mails.py
[2024-10-16T10:28:41.511+0000] {processor.py:842} WARNING - No viable dags retrieved from /opt/airflow/dags/components/gold/post_training/sending_mails.py
[2024-10-16T10:28:41.530+0000] {processor.py:183} INFO - Processing /opt/airflow/dags/components/gold/post_training/sending_mails.py took 1.836 seconds
[2024-10-16T10:29:12.426+0000] {processor.py:161} INFO - Started process (PID=5138) to work on /opt/airflow/dags/components/gold/post_training/sending_mails.py
[2024-10-16T10:29:12.427+0000] {processor.py:830} INFO - Processing file /opt/airflow/dags/components/gold/post_training/sending_mails.py for tasks to queue
[2024-10-16T10:29:12.427+0000] {logging_mixin.py:188} INFO - [2024-10-16T10:29:12.427+0000] {dagbag.py:540} INFO - Filling up the DagBag from /opt/airflow/dags/components/gold/post_training/sending_mails.py
[2024-10-16T10:29:14.255+0000] {processor.py:842} WARNING - No viable dags retrieved from /opt/airflow/dags/components/gold/post_training/sending_mails.py
[2024-10-16T10:29:14.279+0000] {processor.py:183} INFO - Processing /opt/airflow/dags/components/gold/post_training/sending_mails.py took 1.855 seconds
[2024-10-16T10:29:44.648+0000] {processor.py:161} INFO - Started process (PID=5217) to work on /opt/airflow/dags/components/gold/post_training/sending_mails.py
[2024-10-16T10:29:44.649+0000] {processor.py:830} INFO - Processing file /opt/airflow/dags/components/gold/post_training/sending_mails.py for tasks to queue
[2024-10-16T10:29:44.650+0000] {logging_mixin.py:188} INFO - [2024-10-16T10:29:44.650+0000] {dagbag.py:540} INFO - Filling up the DagBag from /opt/airflow/dags/components/gold/post_training/sending_mails.py
[2024-10-16T10:29:46.374+0000] {processor.py:842} WARNING - No viable dags retrieved from /opt/airflow/dags/components/gold/post_training/sending_mails.py
[2024-10-16T10:29:46.381+0000] {processor.py:183} INFO - Processing /opt/airflow/dags/components/gold/post_training/sending_mails.py took 1.735 seconds
[2024-10-16T10:30:16.839+0000] {processor.py:161} INFO - Started process (PID=5296) to work on /opt/airflow/dags/components/gold/post_training/sending_mails.py
[2024-10-16T10:30:16.864+0000] {processor.py:830} INFO - Processing file /opt/airflow/dags/components/gold/post_training/sending_mails.py for tasks to queue
[2024-10-16T10:30:16.874+0000] {logging_mixin.py:188} INFO - [2024-10-16T10:30:16.874+0000] {dagbag.py:540} INFO - Filling up the DagBag from /opt/airflow/dags/components/gold/post_training/sending_mails.py
[2024-10-16T10:30:18.718+0000] {processor.py:842} WARNING - No viable dags retrieved from /opt/airflow/dags/components/gold/post_training/sending_mails.py
[2024-10-16T10:30:18.731+0000] {processor.py:183} INFO - Processing /opt/airflow/dags/components/gold/post_training/sending_mails.py took 1.895 seconds
[2024-10-16T10:30:49.357+0000] {processor.py:161} INFO - Started process (PID=5375) to work on /opt/airflow/dags/components/gold/post_training/sending_mails.py
[2024-10-16T10:30:49.365+0000] {processor.py:830} INFO - Processing file /opt/airflow/dags/components/gold/post_training/sending_mails.py for tasks to queue
[2024-10-16T10:30:49.372+0000] {logging_mixin.py:188} INFO - [2024-10-16T10:30:49.372+0000] {dagbag.py:540} INFO - Filling up the DagBag from /opt/airflow/dags/components/gold/post_training/sending_mails.py
[2024-10-16T10:30:51.168+0000] {processor.py:842} WARNING - No viable dags retrieved from /opt/airflow/dags/components/gold/post_training/sending_mails.py
[2024-10-16T10:30:51.182+0000] {processor.py:183} INFO - Processing /opt/airflow/dags/components/gold/post_training/sending_mails.py took 1.827 seconds
[2024-10-16T10:31:21.871+0000] {processor.py:161} INFO - Started process (PID=5454) to work on /opt/airflow/dags/components/gold/post_training/sending_mails.py
[2024-10-16T10:31:21.872+0000] {processor.py:830} INFO - Processing file /opt/airflow/dags/components/gold/post_training/sending_mails.py for tasks to queue
[2024-10-16T10:31:21.873+0000] {logging_mixin.py:188} INFO - [2024-10-16T10:31:21.873+0000] {dagbag.py:540} INFO - Filling up the DagBag from /opt/airflow/dags/components/gold/post_training/sending_mails.py
[2024-10-16T10:31:23.591+0000] {processor.py:842} WARNING - No viable dags retrieved from /opt/airflow/dags/components/gold/post_training/sending_mails.py
[2024-10-16T10:31:23.610+0000] {processor.py:183} INFO - Processing /opt/airflow/dags/components/gold/post_training/sending_mails.py took 1.742 seconds
[2024-10-16T10:31:54.315+0000] {processor.py:161} INFO - Started process (PID=5533) to work on /opt/airflow/dags/components/gold/post_training/sending_mails.py
[2024-10-16T10:31:54.318+0000] {processor.py:830} INFO - Processing file /opt/airflow/dags/components/gold/post_training/sending_mails.py for tasks to queue
[2024-10-16T10:31:54.318+0000] {logging_mixin.py:188} INFO - [2024-10-16T10:31:54.318+0000] {dagbag.py:540} INFO - Filling up the DagBag from /opt/airflow/dags/components/gold/post_training/sending_mails.py
[2024-10-16T10:31:55.523+0000] {processor.py:842} WARNING - No viable dags retrieved from /opt/airflow/dags/components/gold/post_training/sending_mails.py
[2024-10-16T10:31:55.533+0000] {processor.py:183} INFO - Processing /opt/airflow/dags/components/gold/post_training/sending_mails.py took 1.221 seconds
[2024-10-16T10:32:26.507+0000] {processor.py:161} INFO - Started process (PID=5612) to work on /opt/airflow/dags/components/gold/post_training/sending_mails.py
[2024-10-16T10:32:26.511+0000] {processor.py:830} INFO - Processing file /opt/airflow/dags/components/gold/post_training/sending_mails.py for tasks to queue
[2024-10-16T10:32:26.524+0000] {logging_mixin.py:188} INFO - [2024-10-16T10:32:26.524+0000] {dagbag.py:540} INFO - Filling up the DagBag from /opt/airflow/dags/components/gold/post_training/sending_mails.py
[2024-10-16T10:32:28.796+0000] {processor.py:842} WARNING - No viable dags retrieved from /opt/airflow/dags/components/gold/post_training/sending_mails.py
[2024-10-16T10:32:28.806+0000] {processor.py:183} INFO - Processing /opt/airflow/dags/components/gold/post_training/sending_mails.py took 2.302 seconds
[2024-10-16T10:32:59.530+0000] {processor.py:161} INFO - Started process (PID=5690) to work on /opt/airflow/dags/components/gold/post_training/sending_mails.py
[2024-10-16T10:32:59.531+0000] {processor.py:830} INFO - Processing file /opt/airflow/dags/components/gold/post_training/sending_mails.py for tasks to queue
[2024-10-16T10:32:59.532+0000] {logging_mixin.py:188} INFO - [2024-10-16T10:32:59.532+0000] {dagbag.py:540} INFO - Filling up the DagBag from /opt/airflow/dags/components/gold/post_training/sending_mails.py
[2024-10-16T10:33:01.072+0000] {processor.py:842} WARNING - No viable dags retrieved from /opt/airflow/dags/components/gold/post_training/sending_mails.py
[2024-10-16T10:33:01.131+0000] {processor.py:183} INFO - Processing /opt/airflow/dags/components/gold/post_training/sending_mails.py took 1.604 seconds
[2024-10-16T10:33:31.486+0000] {processor.py:161} INFO - Started process (PID=5774) to work on /opt/airflow/dags/components/gold/post_training/sending_mails.py
[2024-10-16T10:33:31.487+0000] {processor.py:830} INFO - Processing file /opt/airflow/dags/components/gold/post_training/sending_mails.py for tasks to queue
[2024-10-16T10:33:31.488+0000] {logging_mixin.py:188} INFO - [2024-10-16T10:33:31.488+0000] {dagbag.py:540} INFO - Filling up the DagBag from /opt/airflow/dags/components/gold/post_training/sending_mails.py
[2024-10-16T10:33:33.242+0000] {processor.py:842} WARNING - No viable dags retrieved from /opt/airflow/dags/components/gold/post_training/sending_mails.py
[2024-10-16T10:33:33.255+0000] {processor.py:183} INFO - Processing /opt/airflow/dags/components/gold/post_training/sending_mails.py took 1.772 seconds
[2024-10-16T10:34:03.445+0000] {processor.py:161} INFO - Started process (PID=5853) to work on /opt/airflow/dags/components/gold/post_training/sending_mails.py
[2024-10-16T10:34:03.457+0000] {processor.py:830} INFO - Processing file /opt/airflow/dags/components/gold/post_training/sending_mails.py for tasks to queue
[2024-10-16T10:34:03.461+0000] {logging_mixin.py:188} INFO - [2024-10-16T10:34:03.460+0000] {dagbag.py:540} INFO - Filling up the DagBag from /opt/airflow/dags/components/gold/post_training/sending_mails.py
[2024-10-16T10:34:04.664+0000] {processor.py:842} WARNING - No viable dags retrieved from /opt/airflow/dags/components/gold/post_training/sending_mails.py
[2024-10-16T10:34:04.679+0000] {processor.py:183} INFO - Processing /opt/airflow/dags/components/gold/post_training/sending_mails.py took 1.238 seconds
[2024-10-16T10:34:35.795+0000] {processor.py:161} INFO - Started process (PID=5916) to work on /opt/airflow/dags/components/gold/post_training/sending_mails.py
[2024-10-16T10:34:35.808+0000] {processor.py:830} INFO - Processing file /opt/airflow/dags/components/gold/post_training/sending_mails.py for tasks to queue
[2024-10-16T10:34:35.811+0000] {logging_mixin.py:188} INFO - [2024-10-16T10:34:35.810+0000] {dagbag.py:540} INFO - Filling up the DagBag from /opt/airflow/dags/components/gold/post_training/sending_mails.py
[2024-10-16T10:34:37.865+0000] {processor.py:842} WARNING - No viable dags retrieved from /opt/airflow/dags/components/gold/post_training/sending_mails.py
[2024-10-16T10:34:37.874+0000] {processor.py:183} INFO - Processing /opt/airflow/dags/components/gold/post_training/sending_mails.py took 2.081 seconds
[2024-10-16T10:35:08.228+0000] {processor.py:161} INFO - Started process (PID=5991) to work on /opt/airflow/dags/components/gold/post_training/sending_mails.py
[2024-10-16T10:35:08.233+0000] {processor.py:830} INFO - Processing file /opt/airflow/dags/components/gold/post_training/sending_mails.py for tasks to queue
[2024-10-16T10:35:08.234+0000] {logging_mixin.py:188} INFO - [2024-10-16T10:35:08.233+0000] {dagbag.py:540} INFO - Filling up the DagBag from /opt/airflow/dags/components/gold/post_training/sending_mails.py
[2024-10-16T10:35:10.189+0000] {processor.py:842} WARNING - No viable dags retrieved from /opt/airflow/dags/components/gold/post_training/sending_mails.py
[2024-10-16T10:35:10.199+0000] {processor.py:183} INFO - Processing /opt/airflow/dags/components/gold/post_training/sending_mails.py took 1.974 seconds
[2024-10-16T10:35:40.630+0000] {processor.py:161} INFO - Started process (PID=6069) to work on /opt/airflow/dags/components/gold/post_training/sending_mails.py
[2024-10-16T10:35:40.635+0000] {processor.py:830} INFO - Processing file /opt/airflow/dags/components/gold/post_training/sending_mails.py for tasks to queue
[2024-10-16T10:35:40.651+0000] {logging_mixin.py:188} INFO - [2024-10-16T10:35:40.651+0000] {dagbag.py:540} INFO - Filling up the DagBag from /opt/airflow/dags/components/gold/post_training/sending_mails.py
[2024-10-16T10:35:42.726+0000] {processor.py:842} WARNING - No viable dags retrieved from /opt/airflow/dags/components/gold/post_training/sending_mails.py
[2024-10-16T10:35:42.735+0000] {processor.py:183} INFO - Processing /opt/airflow/dags/components/gold/post_training/sending_mails.py took 2.107 seconds
[2024-10-16T10:36:13.217+0000] {processor.py:161} INFO - Started process (PID=6147) to work on /opt/airflow/dags/components/gold/post_training/sending_mails.py
[2024-10-16T10:36:13.218+0000] {processor.py:830} INFO - Processing file /opt/airflow/dags/components/gold/post_training/sending_mails.py for tasks to queue
[2024-10-16T10:36:13.219+0000] {logging_mixin.py:188} INFO - [2024-10-16T10:36:13.219+0000] {dagbag.py:540} INFO - Filling up the DagBag from /opt/airflow/dags/components/gold/post_training/sending_mails.py
[2024-10-16T10:36:14.726+0000] {processor.py:842} WARNING - No viable dags retrieved from /opt/airflow/dags/components/gold/post_training/sending_mails.py
[2024-10-16T10:36:14.733+0000] {processor.py:183} INFO - Processing /opt/airflow/dags/components/gold/post_training/sending_mails.py took 1.519 seconds
[2024-10-16T10:36:45.336+0000] {processor.py:161} INFO - Started process (PID=6223) to work on /opt/airflow/dags/components/gold/post_training/sending_mails.py
[2024-10-16T10:36:45.337+0000] {processor.py:830} INFO - Processing file /opt/airflow/dags/components/gold/post_training/sending_mails.py for tasks to queue
[2024-10-16T10:36:45.338+0000] {logging_mixin.py:188} INFO - [2024-10-16T10:36:45.338+0000] {dagbag.py:540} INFO - Filling up the DagBag from /opt/airflow/dags/components/gold/post_training/sending_mails.py
[2024-10-16T10:36:46.649+0000] {processor.py:842} WARNING - No viable dags retrieved from /opt/airflow/dags/components/gold/post_training/sending_mails.py
[2024-10-16T10:36:46.657+0000] {processor.py:183} INFO - Processing /opt/airflow/dags/components/gold/post_training/sending_mails.py took 1.324 seconds
[2024-10-16T10:37:16.941+0000] {processor.py:161} INFO - Started process (PID=6282) to work on /opt/airflow/dags/components/gold/post_training/sending_mails.py
[2024-10-16T10:37:16.942+0000] {processor.py:830} INFO - Processing file /opt/airflow/dags/components/gold/post_training/sending_mails.py for tasks to queue
[2024-10-16T10:37:16.943+0000] {logging_mixin.py:188} INFO - [2024-10-16T10:37:16.943+0000] {dagbag.py:540} INFO - Filling up the DagBag from /opt/airflow/dags/components/gold/post_training/sending_mails.py
[2024-10-16T10:37:18.900+0000] {processor.py:842} WARNING - No viable dags retrieved from /opt/airflow/dags/components/gold/post_training/sending_mails.py
[2024-10-16T10:37:18.911+0000] {processor.py:183} INFO - Processing /opt/airflow/dags/components/gold/post_training/sending_mails.py took 1.973 seconds
[2024-10-16T10:37:49.647+0000] {processor.py:161} INFO - Started process (PID=6359) to work on /opt/airflow/dags/components/gold/post_training/sending_mails.py
[2024-10-16T10:37:49.649+0000] {processor.py:830} INFO - Processing file /opt/airflow/dags/components/gold/post_training/sending_mails.py for tasks to queue
[2024-10-16T10:37:49.650+0000] {logging_mixin.py:188} INFO - [2024-10-16T10:37:49.650+0000] {dagbag.py:540} INFO - Filling up the DagBag from /opt/airflow/dags/components/gold/post_training/sending_mails.py
[2024-10-16T10:37:51.174+0000] {processor.py:842} WARNING - No viable dags retrieved from /opt/airflow/dags/components/gold/post_training/sending_mails.py
[2024-10-16T10:37:51.200+0000] {processor.py:183} INFO - Processing /opt/airflow/dags/components/gold/post_training/sending_mails.py took 1.556 seconds
[2024-10-16T10:38:21.691+0000] {processor.py:161} INFO - Started process (PID=6436) to work on /opt/airflow/dags/components/gold/post_training/sending_mails.py
[2024-10-16T10:38:21.692+0000] {processor.py:830} INFO - Processing file /opt/airflow/dags/components/gold/post_training/sending_mails.py for tasks to queue
[2024-10-16T10:38:21.694+0000] {logging_mixin.py:188} INFO - [2024-10-16T10:38:21.693+0000] {dagbag.py:540} INFO - Filling up the DagBag from /opt/airflow/dags/components/gold/post_training/sending_mails.py
[2024-10-16T10:38:23.216+0000] {processor.py:842} WARNING - No viable dags retrieved from /opt/airflow/dags/components/gold/post_training/sending_mails.py
[2024-10-16T10:38:23.227+0000] {processor.py:183} INFO - Processing /opt/airflow/dags/components/gold/post_training/sending_mails.py took 1.538 seconds
[2024-10-16T10:38:53.915+0000] {processor.py:161} INFO - Started process (PID=6514) to work on /opt/airflow/dags/components/gold/post_training/sending_mails.py
[2024-10-16T10:38:53.919+0000] {processor.py:830} INFO - Processing file /opt/airflow/dags/components/gold/post_training/sending_mails.py for tasks to queue
[2024-10-16T10:38:53.922+0000] {logging_mixin.py:188} INFO - [2024-10-16T10:38:53.921+0000] {dagbag.py:540} INFO - Filling up the DagBag from /opt/airflow/dags/components/gold/post_training/sending_mails.py
[2024-10-16T10:38:55.454+0000] {processor.py:842} WARNING - No viable dags retrieved from /opt/airflow/dags/components/gold/post_training/sending_mails.py
[2024-10-16T10:38:55.472+0000] {processor.py:183} INFO - Processing /opt/airflow/dags/components/gold/post_training/sending_mails.py took 1.559 seconds
[2024-10-16T10:39:26.452+0000] {processor.py:161} INFO - Started process (PID=6593) to work on /opt/airflow/dags/components/gold/post_training/sending_mails.py
[2024-10-16T10:39:26.453+0000] {processor.py:830} INFO - Processing file /opt/airflow/dags/components/gold/post_training/sending_mails.py for tasks to queue
[2024-10-16T10:39:26.453+0000] {logging_mixin.py:188} INFO - [2024-10-16T10:39:26.453+0000] {dagbag.py:540} INFO - Filling up the DagBag from /opt/airflow/dags/components/gold/post_training/sending_mails.py
[2024-10-16T10:39:28.817+0000] {processor.py:842} WARNING - No viable dags retrieved from /opt/airflow/dags/components/gold/post_training/sending_mails.py
[2024-10-16T10:39:28.853+0000] {processor.py:183} INFO - Processing /opt/airflow/dags/components/gold/post_training/sending_mails.py took 2.404 seconds
