[2024-08-23T04:27:16.387+0000] {taskinstance.py:1979} INFO - Dependencies all met for dep_context=non-requeueable deps ti=<TaskInstance: Vehicle_Data_scrape_Pipeline_3.scrape_post_links manual__2024-08-23T04:27:13.830999+00:00 [queued]>
[2024-08-23T04:27:16.408+0000] {taskinstance.py:1979} INFO - Dependencies all met for dep_context=requeueable deps ti=<TaskInstance: Vehicle_Data_scrape_Pipeline_3.scrape_post_links manual__2024-08-23T04:27:13.830999+00:00 [queued]>
[2024-08-23T04:27:16.412+0000] {taskinstance.py:2193} INFO - Starting attempt 1 of 4
[2024-08-23T04:27:16.429+0000] {taskinstance.py:2217} INFO - Executing <Task(PythonOperator): scrape_post_links> on 2024-08-23 04:27:13.830999+00:00
[2024-08-23T04:27:16.435+0000] {standard_task_runner.py:60} INFO - Started process 474 to run task
[2024-08-23T04:27:16.438+0000] {standard_task_runner.py:87} INFO - Running: ['***', 'tasks', 'run', 'Vehicle_Data_scrape_Pipeline_3', 'scrape_post_links', 'manual__2024-08-23T04:27:13.830999+00:00', '--job-id', '131', '--raw', '--subdir', 'DAGS_FOLDER/vehicle_data_scraping_pipeline.py', '--cfg-path', '/tmp/tmp8q_vm80d']
[2024-08-23T04:27:16.446+0000] {standard_task_runner.py:88} INFO - Job 131: Subtask scrape_post_links
[2024-08-23T04:27:16.519+0000] {task_command.py:423} INFO - Running <TaskInstance: Vehicle_Data_scrape_Pipeline_3.scrape_post_links manual__2024-08-23T04:27:13.830999+00:00 [running]> on host bebe3cff9645
[2024-08-23T04:27:16.715+0000] {taskinstance.py:2513} INFO - Exporting env vars: AIRFLOW_CTX_DAG_OWNER='sdeshan' AIRFLOW_CTX_DAG_ID='Vehicle_Data_scrape_Pipeline_3' AIRFLOW_CTX_TASK_ID='scrape_post_links' AIRFLOW_CTX_EXECUTION_DATE='2024-08-23T04:27:13.830999+00:00' AIRFLOW_CTX_TRY_NUMBER='1' AIRFLOW_CTX_DAG_RUN_ID='manual__2024-08-23T04:27:13.830999+00:00'
[2024-08-23T04:27:18.455+0000] {logging_mixin.py:188} WARNING -   0%|          | 0/3 [00:00<?, ?it/s]
[2024-08-23T04:27:18.461+0000] {logging_mixin.py:188} INFO - -------------------------------------------
[2024-08-23T04:27:18.463+0000] {logging_mixin.py:188} INFO - https://ikman.lk/en/ad/micro-panda-automatic-2018-for-sale-gampaha-6
[2024-08-23T04:27:18.464+0000] {logging_mixin.py:188} INFO - -------------------------------------------
[2024-08-23T04:27:18.477+0000] {logging_mixin.py:188} INFO - -------------------------------------------
[2024-08-23T04:27:18.479+0000] {logging_mixin.py:188} INFO - https://ikman.lk/en/ad/micro-voleex-2013-for-sale-colombo-10
[2024-08-23T04:27:18.480+0000] {logging_mixin.py:188} INFO - -------------------------------------------
[2024-08-23T04:27:18.493+0000] {logging_mixin.py:188} INFO - -------------------------------------------
[2024-08-23T04:27:18.496+0000] {logging_mixin.py:188} INFO - https://ikman.lk/en/ad/baic-x-25-2017-for-sale-colombo
[2024-08-23T04:27:18.506+0000] {logging_mixin.py:188} INFO - -------------------------------------------
[2024-08-23T04:27:18.508+0000] {logging_mixin.py:188} WARNING - 100%|##########| 3/3 [00:00<00:00, 64.03it/s]
[2024-08-23T04:27:26.110+0000] {logging_mixin.py:188} INFO - page is no content-----------------
[2024-08-23T04:27:34.188+0000] {logging_mixin.py:188} WARNING -   0%|          | 0/10 [00:00<?, ?it/s]
[2024-08-23T04:27:34.195+0000] {logging_mixin.py:188} INFO - -------------------------------------------
[2024-08-23T04:27:34.203+0000] {logging_mixin.py:188} INFO - https://ikman.lk/en/ad/micro-kyron-jeep-2008-for-sale-gampaha
[2024-08-23T04:27:34.210+0000] {logging_mixin.py:188} INFO - -------------------------------------------
[2024-08-23T04:27:34.219+0000] {logging_mixin.py:188} INFO - -------------------------------------------
[2024-08-23T04:27:34.225+0000] {logging_mixin.py:188} INFO - https://ikman.lk/en/ad/micro-kyron-200-xdi-full-option-2012-for-sale-colombo
[2024-08-23T04:27:34.235+0000] {logging_mixin.py:188} INFO - -------------------------------------------
[2024-08-23T04:27:34.242+0000] {logging_mixin.py:188} INFO - -------------------------------------------
[2024-08-23T04:27:34.252+0000] {logging_mixin.py:188} INFO - https://ikman.lk/en/ad/micro-kyron-2009-for-sale-colombo-324
[2024-08-23T04:27:34.255+0000] {logging_mixin.py:188} INFO - -------------------------------------------
[2024-08-23T04:27:34.269+0000] {logging_mixin.py:188} INFO - -------------------------------------------
[2024-08-23T04:27:34.272+0000] {logging_mixin.py:188} INFO - https://ikman.lk/en/ad/micro-rexton-2009-for-sale-colombo-99
[2024-08-23T04:27:34.287+0000] {logging_mixin.py:188} INFO - -------------------------------------------
[2024-08-23T04:27:34.302+0000] {logging_mixin.py:188} WARNING -  40%|####      | 4/10 [00:00<00:00, 37.51it/s]
[2024-08-23T04:27:34.304+0000] {logging_mixin.py:188} INFO - -------------------------------------------
[2024-08-23T04:27:34.319+0000] {logging_mixin.py:188} INFO - https://ikman.lk/en/ad/micro-rexton-2016-for-sale-colombo-5
[2024-08-23T04:27:34.335+0000] {logging_mixin.py:188} INFO - -------------------------------------------
[2024-08-23T04:27:34.337+0000] {logging_mixin.py:188} INFO - -------------------------------------------
[2024-08-23T04:27:34.342+0000] {logging_mixin.py:188} INFO - https://ikman.lk/en/ad/micro-rexton-2l-2014-for-sale-colombo
[2024-08-23T04:27:34.344+0000] {logging_mixin.py:188} INFO - -------------------------------------------
[2024-08-23T04:27:34.349+0000] {logging_mixin.py:188} INFO - -------------------------------------------
[2024-08-23T04:27:34.352+0000] {logging_mixin.py:188} INFO - https://ikman.lk/en/ad/micro-kyron-2009-for-sale-colombo-322
[2024-08-23T04:27:34.366+0000] {logging_mixin.py:188} INFO - -------------------------------------------
[2024-08-23T04:27:34.369+0000] {logging_mixin.py:188} INFO - -------------------------------------------
[2024-08-23T04:27:34.382+0000] {logging_mixin.py:188} INFO - https://ikman.lk/en/ad/micro-rexton-fully-loaded-2016-for-sale-colombo
[2024-08-23T04:27:34.386+0000] {logging_mixin.py:188} INFO - -------------------------------------------
[2024-08-23T04:27:34.398+0000] {logging_mixin.py:188} INFO - -------------------------------------------
[2024-08-23T04:27:34.403+0000] {logging_mixin.py:188} INFO - https://ikman.lk/en/ad/micro-rexton-w-fully-loded-2015-for-sale-gampaha
[2024-08-23T04:27:34.412+0000] {logging_mixin.py:188} INFO - -------------------------------------------
[2024-08-23T04:27:34.419+0000] {logging_mixin.py:188} WARNING -  90%|######### | 9/10 [00:00<00:00, 40.73it/s]
[2024-08-23T04:27:34.421+0000] {logging_mixin.py:188} INFO - -------------------------------------------
[2024-08-23T04:27:34.427+0000] {logging_mixin.py:188} INFO - https://ikman.lk/en/ad/micro-actyon-2008-for-sale-gampaha-3
[2024-08-23T04:27:34.429+0000] {logging_mixin.py:188} INFO - -------------------------------------------
[2024-08-23T04:27:34.436+0000] {logging_mixin.py:188} WARNING - 100%|##########| 10/10 [00:00<00:00, 41.48it/s]
[2024-08-23T04:27:41.235+0000] {logging_mixin.py:188} INFO - page is no content-----------------
[2024-08-23T04:27:42.346+0000] {logging_mixin.py:188} INFO - page is no content-----------------
[2024-08-23T04:27:49.745+0000] {logging_mixin.py:188} INFO - page is no content-----------------
[2024-08-23T04:27:51.950+0000] {logging_mixin.py:188} WARNING -   0%|          | 0/24 [00:00<?, ?it/s]
[2024-08-23T04:27:51.950+0000] {logging_mixin.py:188} INFO - -------------------------------------------
[2024-08-23T04:27:51.951+0000] {logging_mixin.py:188} INFO - https://ikman.lk/en/ad/micro-trend-2009-for-sale-gampaha-79
[2024-08-23T04:27:51.952+0000] {logging_mixin.py:188} INFO - -------------------------------------------
[2024-08-23T04:27:51.952+0000] {logging_mixin.py:188} INFO - -------------------------------------------
[2024-08-23T04:27:51.953+0000] {logging_mixin.py:188} INFO - https://ikman.lk/en/ad/micro-mx-7-2012-for-sale-colombo-34
[2024-08-23T04:27:51.953+0000] {logging_mixin.py:188} INFO - -------------------------------------------
[2024-08-23T04:27:51.954+0000] {logging_mixin.py:188} INFO - -------------------------------------------
[2024-08-23T04:27:51.955+0000] {logging_mixin.py:188} INFO - https://ikman.lk/en/ad/micro-panda-2017-for-sale-colombo-300
[2024-08-23T04:27:51.956+0000] {logging_mixin.py:188} INFO - -------------------------------------------
[2024-08-23T04:27:51.956+0000] {logging_mixin.py:188} INFO - -------------------------------------------
[2024-08-23T04:27:51.957+0000] {logging_mixin.py:188} INFO - https://ikman.lk/en/ad/micro-mx-mark-11-2013-for-sale-colombo
[2024-08-23T04:27:51.958+0000] {logging_mixin.py:188} INFO - -------------------------------------------
[2024-08-23T04:27:51.958+0000] {logging_mixin.py:188} INFO - -------------------------------------------
[2024-08-23T04:27:51.959+0000] {logging_mixin.py:188} INFO - https://ikman.lk/en/ad/micro-trend-2012-for-sale-galle-27
[2024-08-23T04:27:51.960+0000] {logging_mixin.py:188} INFO - -------------------------------------------
[2024-08-23T04:27:51.961+0000] {logging_mixin.py:188} INFO - -------------------------------------------
[2024-08-23T04:27:51.961+0000] {logging_mixin.py:188} INFO - https://ikman.lk/en/ad/micro-panda-lc-10-2018-for-sale-anuradhapura
[2024-08-23T04:27:51.962+0000] {logging_mixin.py:188} INFO - -------------------------------------------
[2024-08-23T04:27:51.962+0000] {logging_mixin.py:188} INFO - -------------------------------------------
[2024-08-23T04:27:51.963+0000] {logging_mixin.py:188} INFO - https://ikman.lk/en/ad/micro-lifan-lefan-2009-for-sale-colombo
[2024-08-23T04:27:51.963+0000] {logging_mixin.py:188} INFO - -------------------------------------------
[2024-08-23T04:27:51.964+0000] {logging_mixin.py:188} INFO - -------------------------------------------
[2024-08-23T04:27:51.965+0000] {logging_mixin.py:188} INFO - https://ikman.lk/en/ad/micro-panda-10-2013-for-sale-kalutara-1
[2024-08-23T04:27:51.965+0000] {logging_mixin.py:188} INFO - -------------------------------------------
[2024-08-23T04:27:51.967+0000] {logging_mixin.py:188} INFO - -------------------------------------------
[2024-08-23T04:27:51.967+0000] {logging_mixin.py:188} INFO - https://ikman.lk/en/ad/micro-panda-lc-10-f-option-cac-2014-for-sale-colombo
[2024-08-23T04:27:51.968+0000] {logging_mixin.py:188} INFO - -------------------------------------------
[2024-08-23T04:27:51.969+0000] {logging_mixin.py:188} INFO - -------------------------------------------
[2024-08-23T04:27:51.970+0000] {logging_mixin.py:188} INFO - https://ikman.lk/en/ad/micro-panda-998-2014-for-sale-gampaha-2
[2024-08-23T04:27:51.970+0000] {logging_mixin.py:188} INFO - -------------------------------------------
[2024-08-23T04:27:51.971+0000] {logging_mixin.py:188} INFO - -------------------------------------------
[2024-08-23T04:27:51.971+0000] {logging_mixin.py:188} INFO - https://ikman.lk/en/ad/micro-panda-car-2024-for-sale-hambantota
[2024-08-23T04:27:51.972+0000] {logging_mixin.py:188} INFO - -------------------------------------------
[2024-08-23T04:27:51.972+0000] {logging_mixin.py:188} INFO - -------------------------------------------
[2024-08-23T04:27:51.973+0000] {logging_mixin.py:188} INFO - https://ikman.lk/en/ad/micro-panda-cross-2015-for-sale-colombo-164
[2024-08-23T04:27:51.973+0000] {logging_mixin.py:188} INFO - -------------------------------------------
[2024-08-23T04:27:51.974+0000] {logging_mixin.py:188} INFO - -------------------------------------------
[2024-08-23T04:27:51.974+0000] {logging_mixin.py:188} INFO - https://ikman.lk/en/ad/micro-panda-2015-for-sale-gampaha-766
[2024-08-23T04:27:51.975+0000] {logging_mixin.py:188} INFO - -------------------------------------------
[2024-08-23T04:27:51.976+0000] {logging_mixin.py:188} INFO - -------------------------------------------
[2024-08-23T04:27:51.977+0000] {logging_mixin.py:188} INFO - https://ikman.lk/en/ad/micro-panda-lc-10-2018-for-sale-colombo
[2024-08-23T04:27:51.977+0000] {logging_mixin.py:188} INFO - -------------------------------------------
[2024-08-23T04:27:51.978+0000] {logging_mixin.py:188} INFO - -------------------------------------------
[2024-08-23T04:27:51.979+0000] {logging_mixin.py:188} INFO - https://ikman.lk/en/ad/micro-panda-2014-for-sale-gampaha-364
[2024-08-23T04:27:51.979+0000] {logging_mixin.py:188} INFO - -------------------------------------------
[2024-08-23T04:27:51.980+0000] {logging_mixin.py:188} INFO - -------------------------------------------
[2024-08-23T04:27:51.981+0000] {logging_mixin.py:188} INFO - https://ikman.lk/en/ad/micro-mx-7-mark-2-2012-for-sale-matara-2
[2024-08-23T04:27:51.982+0000] {logging_mixin.py:188} INFO - -------------------------------------------
[2024-08-23T04:27:51.983+0000] {logging_mixin.py:188} INFO - -------------------------------------------
[2024-08-23T04:27:51.983+0000] {logging_mixin.py:188} INFO - https://ikman.lk/en/ad/micro-panda-lc10-f-option-cae-2015-for-sale-colombo
[2024-08-23T04:27:51.984+0000] {logging_mixin.py:188} INFO - -------------------------------------------
[2024-08-23T04:27:51.985+0000] {logging_mixin.py:188} INFO - -------------------------------------------
[2024-08-23T04:27:51.986+0000] {logging_mixin.py:188} INFO - https://ikman.lk/en/ad/micro-trend-2012-for-sale-kurunegala
[2024-08-23T04:27:51.987+0000] {logging_mixin.py:188} INFO - -------------------------------------------
[2024-08-23T04:27:51.987+0000] {logging_mixin.py:188} INFO - -------------------------------------------
[2024-08-23T04:27:51.988+0000] {logging_mixin.py:188} INFO - https://ikman.lk/en/ad/micro-panda-800-2014-for-sale-gampaha
[2024-08-23T04:27:51.989+0000] {logging_mixin.py:188} INFO - -------------------------------------------
[2024-08-23T04:27:51.990+0000] {logging_mixin.py:188} INFO - -------------------------------------------
[2024-08-23T04:27:51.991+0000] {logging_mixin.py:188} INFO - https://ikman.lk/en/ad/micro-panda-cross-2014-for-sale-colombo-191
[2024-08-23T04:27:51.991+0000] {logging_mixin.py:188} INFO - -------------------------------------------
[2024-08-23T04:27:51.992+0000] {logging_mixin.py:188} INFO - -------------------------------------------
[2024-08-23T04:27:51.993+0000] {logging_mixin.py:188} INFO - https://ikman.lk/en/ad/micro-panda-f-option-ks-2012-for-sale-colombo
[2024-08-23T04:27:51.994+0000] {logging_mixin.py:188} INFO - -------------------------------------------
[2024-08-23T04:27:51.994+0000] {logging_mixin.py:188} INFO - -------------------------------------------
[2024-08-23T04:27:51.995+0000] {logging_mixin.py:188} INFO - https://ikman.lk/en/ad/micro-panda-geely-2016-for-sale-colombo
[2024-08-23T04:27:51.996+0000] {logging_mixin.py:188} INFO - -------------------------------------------
[2024-08-23T04:27:51.996+0000] {logging_mixin.py:188} INFO - -------------------------------------------
[2024-08-23T04:27:51.997+0000] {logging_mixin.py:188} INFO - https://ikman.lk/en/ad/micro-trend-2009-for-sale-colombo-287
[2024-08-23T04:27:51.998+0000] {logging_mixin.py:188} INFO - -------------------------------------------
[2024-08-23T04:27:51.998+0000] {logging_mixin.py:188} INFO - -------------------------------------------
[2024-08-23T04:27:51.999+0000] {logging_mixin.py:188} INFO - https://ikman.lk/en/ad/micro-trend-1st-owner-26000km-kv-2013-for-sale-colombo
[2024-08-23T04:27:52.000+0000] {logging_mixin.py:188} INFO - -------------------------------------------
[2024-08-23T04:27:52.001+0000] {logging_mixin.py:188} WARNING - 100%|##########| 24/24 [00:00<00:00, 478.67it/s]
[2024-08-23T04:27:54.739+0000] {logging_mixin.py:188} WARNING -   0%|          | 0/24 [00:00<?, ?it/s]
[2024-08-23T04:27:54.741+0000] {logging_mixin.py:188} INFO - -------------------------------------------
[2024-08-23T04:27:54.744+0000] {logging_mixin.py:188} INFO - https://ikman.lk/en/ad/micro-panda-2012-for-sale-gampaha-670
[2024-08-23T04:27:54.756+0000] {logging_mixin.py:188} INFO - -------------------------------------------
[2024-08-23T04:27:54.761+0000] {logging_mixin.py:188} INFO - -------------------------------------------
[2024-08-23T04:27:54.770+0000] {logging_mixin.py:188} INFO - https://ikman.lk/en/ad/micro-panda-10-2015-for-sale-gampaha-13
[2024-08-23T04:27:54.778+0000] {logging_mixin.py:188} INFO - -------------------------------------------
[2024-08-23T04:27:54.780+0000] {logging_mixin.py:188} INFO - -------------------------------------------
[2024-08-23T04:27:54.792+0000] {logging_mixin.py:188} INFO - https://ikman.lk/en/ad/micro-panda-2015-for-sale-matara-33
[2024-08-23T04:27:54.798+0000] {logging_mixin.py:188} INFO - -------------------------------------------
[2024-08-23T04:27:54.804+0000] {logging_mixin.py:188} INFO - -------------------------------------------
[2024-08-23T04:27:54.805+0000] {logging_mixin.py:188} INFO - https://ikman.lk/en/ad/micro-panda-998-2014-for-sale-gampaha
[2024-08-23T04:27:54.808+0000] {logging_mixin.py:188} INFO - -------------------------------------------
[2024-08-23T04:27:54.810+0000] {logging_mixin.py:188} INFO - -------------------------------------------
[2024-08-23T04:27:54.815+0000] {logging_mixin.py:188} INFO - https://ikman.lk/en/ad/micro-panda-2013-for-sale-kalutara-4
[2024-08-23T04:27:54.826+0000] {logging_mixin.py:188} INFO - -------------------------------------------
[2024-08-23T04:27:54.827+0000] {logging_mixin.py:188} INFO - -------------------------------------------
[2024-08-23T04:27:54.828+0000] {logging_mixin.py:188} INFO - https://ikman.lk/en/ad/micro-panda-cross-2016-for-sale-colombo-172
[2024-08-23T04:27:54.841+0000] {logging_mixin.py:188} INFO - -------------------------------------------
[2024-08-23T04:27:54.844+0000] {logging_mixin.py:188} WARNING -  25%|##5       | 6/24 [00:00<00:00, 58.46it/s]
[2024-08-23T04:27:54.857+0000] {logging_mixin.py:188} INFO - -------------------------------------------
[2024-08-23T04:27:54.861+0000] {logging_mixin.py:188} INFO - https://ikman.lk/en/ad/micro-panda-2012-for-sale-gampaha-669
[2024-08-23T04:27:54.872+0000] {logging_mixin.py:188} INFO - -------------------------------------------
[2024-08-23T04:27:54.874+0000] {logging_mixin.py:188} INFO - -------------------------------------------
[2024-08-23T04:27:54.878+0000] {logging_mixin.py:188} INFO - https://ikman.lk/en/ad/micro-panda-997-2014-for-sale-gampaha
[2024-08-23T04:27:54.889+0000] {logging_mixin.py:188} INFO - -------------------------------------------
[2024-08-23T04:27:54.890+0000] {logging_mixin.py:188} INFO - -------------------------------------------
[2024-08-23T04:27:54.895+0000] {logging_mixin.py:188} INFO - https://ikman.lk/en/ad/micro-panda-2016-for-sale-gampaha-258
[2024-08-23T04:27:54.903+0000] {logging_mixin.py:188} INFO - -------------------------------------------
[2024-08-23T04:27:54.911+0000] {logging_mixin.py:188} INFO - -------------------------------------------
[2024-08-23T04:27:54.918+0000] {logging_mixin.py:188} INFO - https://ikman.lk/en/ad/micro-panda-2014-for-sale-colombo-579
[2024-08-23T04:27:54.921+0000] {logging_mixin.py:188} INFO - -------------------------------------------
[2024-08-23T04:27:54.928+0000] {logging_mixin.py:188} INFO - -------------------------------------------
[2024-08-23T04:27:54.933+0000] {logging_mixin.py:188} INFO - https://ikman.lk/en/ad/micro-panda-800-2017-for-sale-gampaha
[2024-08-23T04:27:54.936+0000] {logging_mixin.py:188} INFO - -------------------------------------------
[2024-08-23T04:27:54.938+0000] {logging_mixin.py:188} INFO - -------------------------------------------
[2024-08-23T04:27:54.939+0000] {logging_mixin.py:188} INFO - https://ikman.lk/en/ad/micro-trend-2009-for-sale-kegalle
[2024-08-23T04:27:54.940+0000] {logging_mixin.py:188} INFO - -------------------------------------------
[2024-08-23T04:27:54.941+0000] {logging_mixin.py:188} INFO - -------------------------------------------
[2024-08-23T04:27:54.944+0000] {logging_mixin.py:188} INFO - https://ikman.lk/en/ad/micro-panda-998-2017-for-sale-gampaha-1
[2024-08-23T04:27:54.945+0000] {logging_mixin.py:188} INFO - -------------------------------------------
[2024-08-23T04:27:54.946+0000] {logging_mixin.py:188} WARNING -  54%|#####4    | 13/24 [00:00<00:00, 64.35it/s]
[2024-08-23T04:27:54.947+0000] {logging_mixin.py:188} INFO - -------------------------------------------
[2024-08-23T04:27:54.948+0000] {logging_mixin.py:188} INFO - https://ikman.lk/en/ad/micro-trend-2006-for-sale-galle-2
[2024-08-23T04:27:54.949+0000] {logging_mixin.py:188} INFO - -------------------------------------------
[2024-08-23T04:27:54.950+0000] {logging_mixin.py:188} INFO - -------------------------------------------
[2024-08-23T04:27:54.950+0000] {logging_mixin.py:188} INFO - https://ikman.lk/en/ad/micro-panda-2015-for-sale-gampaha-763
[2024-08-23T04:27:54.951+0000] {logging_mixin.py:188} INFO - -------------------------------------------
[2024-08-23T04:27:54.965+0000] {logging_mixin.py:188} INFO - -------------------------------------------
[2024-08-23T04:27:54.967+0000] {logging_mixin.py:188} INFO - https://ikman.lk/en/ad/micro-panda-2017-for-sale-gampaha-17
[2024-08-23T04:27:54.969+0000] {logging_mixin.py:188} INFO - -------------------------------------------
[2024-08-23T04:27:54.970+0000] {logging_mixin.py:188} INFO - -------------------------------------------
[2024-08-23T04:27:54.971+0000] {logging_mixin.py:188} INFO - https://ikman.lk/en/ad/micro-panda-cross-kw-2013-for-sale-colombo
[2024-08-23T04:27:54.972+0000] {logging_mixin.py:188} INFO - -------------------------------------------
[2024-08-23T04:27:54.973+0000] {logging_mixin.py:188} INFO - -------------------------------------------
[2024-08-23T04:27:54.974+0000] {logging_mixin.py:188} INFO - https://ikman.lk/en/ad/micro-panda-full-option-2014-for-sale-gampaha-32
[2024-08-23T04:27:54.978+0000] {logging_mixin.py:188} INFO - -------------------------------------------
[2024-08-23T04:27:54.979+0000] {logging_mixin.py:188} INFO - -------------------------------------------
[2024-08-23T04:27:54.980+0000] {logging_mixin.py:188} INFO - https://ikman.lk/en/ad/micro-panda-cross-2013-for-sale-gampaha-201
[2024-08-23T04:27:54.981+0000] {logging_mixin.py:188} INFO - -------------------------------------------
[2024-08-23T04:27:54.982+0000] {logging_mixin.py:188} INFO - -------------------------------------------
[2024-08-23T04:27:54.983+0000] {logging_mixin.py:188} INFO - https://ikman.lk/en/ad/micro-trend-limited-edition-2009-for-sale-colombo
[2024-08-23T04:27:54.985+0000] {logging_mixin.py:188} INFO - -------------------------------------------
[2024-08-23T04:27:54.986+0000] {logging_mixin.py:188} INFO - -------------------------------------------
[2024-08-23T04:27:54.987+0000] {logging_mixin.py:188} INFO - https://ikman.lk/en/ad/micro-emgrand-2014-for-sale-colombo
[2024-08-23T04:27:54.988+0000] {logging_mixin.py:188} INFO - -------------------------------------------
[2024-08-23T04:27:54.989+0000] {logging_mixin.py:188} INFO - -------------------------------------------
[2024-08-23T04:27:54.990+0000] {logging_mixin.py:188} INFO - https://ikman.lk/en/ad/micro-panda-2015-for-sale-kalutara-245
[2024-08-23T04:27:54.991+0000] {logging_mixin.py:188} INFO - -------------------------------------------
[2024-08-23T04:27:54.992+0000] {logging_mixin.py:188} INFO - -------------------------------------------
[2024-08-23T04:27:54.994+0000] {logging_mixin.py:188} INFO - https://ikman.lk/en/ad/micro-panda-lc10-f-option-kw-2013-for-sale-colombo
[2024-08-23T04:27:54.995+0000] {logging_mixin.py:188} INFO - -------------------------------------------
[2024-08-23T04:27:54.997+0000] {logging_mixin.py:188} INFO - -------------------------------------------
[2024-08-23T04:27:54.998+0000] {logging_mixin.py:188} INFO - https://ikman.lk/en/ad/micro-panda-2015-for-sale-kurunegala-277
[2024-08-23T04:27:54.999+0000] {logging_mixin.py:188} INFO - -------------------------------------------
[2024-08-23T04:27:54.999+0000] {logging_mixin.py:188} WARNING - 100%|##########| 24/24 [00:00<00:00, 93.02it/s]
[2024-08-23T04:27:56.880+0000] {logging_mixin.py:188} INFO - page is no content-----------------
[2024-08-23T04:27:57.797+0000] {logging_mixin.py:188} WARNING -   0%|          | 0/1 [00:00<?, ?it/s]
[2024-08-23T04:27:57.809+0000] {logging_mixin.py:188} INFO - -------------------------------------------
[2024-08-23T04:27:57.824+0000] {logging_mixin.py:188} INFO - https://ikman.lk/en/ad/micro-actyon-excellent-condition-2009-for-sale-gampaha
[2024-08-23T04:27:57.825+0000] {logging_mixin.py:188} INFO - -------------------------------------------
[2024-08-23T04:27:57.841+0000] {logging_mixin.py:188} WARNING - 100%|##########| 1/1 [00:00<00:00, 30.68it/s]
[2024-08-23T04:27:59.101+0000] {logging_mixin.py:188} INFO - page is no content-----------------
[2024-08-23T04:28:09.484+0000] {logging_mixin.py:188} INFO - page is no content-----------------
[2024-08-23T04:28:10.420+0000] {logging_mixin.py:188} INFO - page is no content-----------------
[2024-08-23T04:28:11.287+0000] {logging_mixin.py:188} INFO - page is no content-----------------
[2024-08-23T04:28:12.264+0000] {logging_mixin.py:188} WARNING -   0%|          | 0/1 [00:00<?, ?it/s]
[2024-08-23T04:28:12.279+0000] {logging_mixin.py:188} INFO - -------------------------------------------
[2024-08-23T04:28:12.286+0000] {logging_mixin.py:188} INFO - https://ikman.lk/en/ad/micro-rexton-2008-for-sale-kalutara-2
[2024-08-23T04:28:12.289+0000] {logging_mixin.py:188} INFO - -------------------------------------------
[2024-08-23T04:28:12.293+0000] {logging_mixin.py:188} WARNING - 100%|##########| 1/1 [00:00<00:00, 74.41it/s]
[2024-08-23T04:28:13.750+0000] {logging_mixin.py:188} INFO - page is no content-----------------
[2024-08-23T04:28:14.602+0000] {logging_mixin.py:188} INFO - page is no content-----------------
[2024-08-23T04:28:15.515+0000] {logging_mixin.py:188} INFO - page is no content-----------------
[2024-08-23T04:28:15.575+0000] {python.py:202} INFO - Done. Returned value was: None
[2024-08-23T04:28:15.584+0000] {taskinstance.py:1149} INFO - Marking task as SUCCESS. dag_id=Vehicle_Data_scrape_Pipeline_3, task_id=scrape_post_links, execution_date=20240823T042713, start_date=20240823T042716, end_date=20240823T042815
[2024-08-23T04:28:15.589+0000] {logging_mixin.py:188} WARNING - /home/***/.local/lib/python3.8/site-packages/***/utils/context.py:207 AirflowContextDeprecationWarning: Accessing 'execution_date' from the template is deprecated and will be removed in a future version. Please use 'data_interval_start' or 'logical_date' instead.
[2024-08-23T04:28:15.597+0000] {logging_mixin.py:188} WARNING - /home/***/.local/lib/python3.8/site-packages/***/utils/email.py:154 RemovedInAirflow3Warning: Fetching SMTP credentials from configuration variables will be deprecated in a future release. Please set credentials using a connection instead.
[2024-08-23T04:28:15.606+0000] {email.py:270} INFO - Email alerting: attempt 1
[2024-08-23T04:28:17.519+0000] {email.py:281} INFO - Sent an alert email to ['deshanariyarathna@gmail.com']
[2024-08-23T04:28:19.423+0000] {local_task_job_runner.py:234} INFO - Task exited with return code 0
[2024-08-23T04:28:19.444+0000] {taskinstance.py:3312} INFO - 1 downstream tasks scheduled from follow-on schedule check
