[2024-10-21T11:04:54.134+0000] {taskinstance.py:1979} INFO - Dependencies all met for dep_context=non-requeueable deps ti=<TaskInstance: Vehicle_Data_scrape_Pipeline.data_proprocessing manual__2024-10-21T10:57:36.242067+00:00 [queued]>
[2024-10-21T11:04:54.140+0000] {taskinstance.py:1979} INFO - Dependencies all met for dep_context=requeueable deps ti=<TaskInstance: Vehicle_Data_scrape_Pipeline.data_proprocessing manual__2024-10-21T10:57:36.242067+00:00 [queued]>
[2024-10-21T11:04:54.143+0000] {taskinstance.py:2193} INFO - Starting attempt 4 of 4
[2024-10-21T11:04:54.156+0000] {taskinstance.py:2217} INFO - Executing <Task(PythonOperator): data_proprocessing> on 2024-10-21 10:57:36.242067+00:00
[2024-10-21T11:04:54.160+0000] {standard_task_runner.py:60} INFO - Started process 36415 to run task
[2024-10-21T11:04:54.162+0000] {standard_task_runner.py:87} INFO - Running: ['***', 'tasks', 'run', 'Vehicle_Data_scrape_Pipeline', 'data_proprocessing', 'manual__2024-10-21T10:57:36.242067+00:00', '--job-id', '135', '--raw', '--subdir', 'DAGS_FOLDER/vehicle_data_scraping_pipeline.py', '--cfg-path', '/tmp/tmpzuw3xh6f']
[2024-10-21T11:04:54.163+0000] {standard_task_runner.py:88} INFO - Job 135: Subtask data_proprocessing
[2024-10-21T11:04:54.291+0000] {task_command.py:423} INFO - Running <TaskInstance: Vehicle_Data_scrape_Pipeline.data_proprocessing manual__2024-10-21T10:57:36.242067+00:00 [running]> on host 988c1a0779ad
[2024-10-21T11:04:54.329+0000] {taskinstance.py:2513} INFO - Exporting env vars: AIRFLOW_CTX_DAG_OWNER='sdeshan' AIRFLOW_CTX_DAG_ID='Vehicle_Data_scrape_Pipeline' AIRFLOW_CTX_TASK_ID='data_proprocessing' AIRFLOW_CTX_EXECUTION_DATE='2024-10-21T10:57:36.242067+00:00' AIRFLOW_CTX_TRY_NUMBER='4' AIRFLOW_CTX_DAG_RUN_ID='manual__2024-10-21T10:57:36.242067+00:00'
[2024-10-21T11:04:54.342+0000] {logging_mixin.py:188} INFO -    brand posted_date        model  ... fuel_type engine_capacity vehicle_price
0  Micro      15 Oct       Voleex  ...    Petrol            1500       4250000
1  Micro      11 Oct        Panda  ...    Petrol            1000       3750000
2  Micro      06 Oct      Emgrand  ...    Petrol            1700       5500000
3  Micro      06 Oct         BAIC  ...    Petrol            1500       5990000
4  Micro      10 Sep  Panda Cross  ...    Petrol             998       3850000

[5 rows x 8 columns]
[2024-10-21T11:04:54.348+0000] {logging_mixin.py:188} INFO -    brand posted_date        model  ... fuel_type engine_capacity vehicle_price
0  MICRO      15 OCT       VOLEEX  ...    PETROL            1500       4250000
1  MICRO      11 OCT        PANDA  ...    PETROL            1000       3750000
2  MICRO      06 OCT      EMGRAND  ...    PETROL            1700       5500000
3  MICRO      06 OCT         BAIC  ...    PETROL            1500       5990000
4  MICRO      10 SEP  PANDA CROSS  ...    PETROL             998       3850000

[5 rows x 8 columns]
[2024-10-21T11:04:54.360+0000] {taskinstance.py:2731} ERROR - Task failed with exception
Traceback (most recent call last):
  File "/home/airflow/.local/lib/python3.8/site-packages/airflow/models/taskinstance.py", line 444, in _execute_task
    result = _execute_callable(context=context, **execute_callable_kwargs)
  File "/home/airflow/.local/lib/python3.8/site-packages/airflow/models/taskinstance.py", line 414, in _execute_callable
    return execute_callable(context=context, **execute_callable_kwargs)
  File "/home/airflow/.local/lib/python3.8/site-packages/airflow/operators/python.py", line 200, in execute
    return_value = self.execute_callable()
  File "/home/airflow/.local/lib/python3.8/site-packages/airflow/operators/python.py", line 217, in execute_callable
    return self.python_callable(*self.op_args, **self.op_kwargs)
  File "/opt/airflow/dags/components/vehicle/data_scraping_components/data_preprocces.py", line 61, in data_preprocces
    upload_table_vehicle(data_table)
  File "/opt/airflow/dags/components/utils/database_table_creation.py", line 35, in upload_table_vehicle
    cur.execute(f"""
psycopg2.errors.InsufficientPrivilege: could not open file "/var/lib/postgresql/vehicle/ikman_post_data_preprocced.csv" for writing: Permission denied
HINT:  COPY TO instructs the PostgreSQL server process to write a file. You may want a client-side facility such as psql's \copy.

[2024-10-21T11:04:54.374+0000] {taskinstance.py:1149} INFO - Marking task as FAILED. dag_id=Vehicle_Data_scrape_Pipeline, task_id=data_proprocessing, execution_date=20241021T105736, start_date=20241021T110454, end_date=20241021T110454
[2024-10-21T11:04:54.377+0000] {logging_mixin.py:188} WARNING - /home/***/.local/lib/python3.8/site-packages/***/utils/context.py:207 AirflowContextDeprecationWarning: Accessing 'execution_date' from the template is deprecated and will be removed in a future version. Please use 'data_interval_start' or 'logical_date' instead.
[2024-10-21T11:04:54.381+0000] {logging_mixin.py:188} WARNING - /home/***/.local/lib/python3.8/site-packages/***/utils/email.py:154 RemovedInAirflow3Warning: Fetching SMTP credentials from configuration variables will be deprecated in a future release. Please set credentials using a connection instead.
[2024-10-21T11:04:54.381+0000] {email.py:270} INFO - Email alerting: attempt 1
[2024-10-21T11:04:56.938+0000] {email.py:281} INFO - Sent an alert email to ['deshanariyarathna@gmail.com']
[2024-10-21T11:04:58.945+0000] {standard_task_runner.py:107} ERROR - Failed to execute job 135 for task data_proprocessing (could not open file "/var/lib/postgresql/vehicle/ikman_post_data_preprocced.csv" for writing: Permission denied
HINT:  COPY TO instructs the PostgreSQL server process to write a file. You may want a client-side facility such as psql's \copy.
; 36415)
[2024-10-21T11:04:58.955+0000] {local_task_job_runner.py:234} INFO - Task exited with return code 1
[2024-10-21T11:04:59.048+0000] {taskinstance.py:3312} INFO - 0 downstream tasks scheduled from follow-on schedule check
