[2024-08-21T04:07:17.234+0000] {taskinstance.py:1979} INFO - Dependencies all met for dep_context=non-requeueable deps ti=<TaskInstance: Vehicle_Data_scrape_Pipeline_5.scrape_post_links scheduled__2024-08-20T00:00:00+00:00 [queued]>
[2024-08-21T04:07:17.241+0000] {taskinstance.py:1979} INFO - Dependencies all met for dep_context=requeueable deps ti=<TaskInstance: Vehicle_Data_scrape_Pipeline_5.scrape_post_links scheduled__2024-08-20T00:00:00+00:00 [queued]>
[2024-08-21T04:07:17.242+0000] {taskinstance.py:2193} INFO - Starting attempt 4 of 4
[2024-08-21T04:07:17.253+0000] {taskinstance.py:2217} INFO - Executing <Task(PythonOperator): scrape_post_links> on 2024-08-20 00:00:00+00:00
[2024-08-21T04:07:17.257+0000] {standard_task_runner.py:60} INFO - Started process 628 to run task
[2024-08-21T04:07:17.260+0000] {standard_task_runner.py:87} INFO - Running: ['***', 'tasks', 'run', 'Vehicle_Data_scrape_Pipeline_5', 'scrape_post_links', 'scheduled__2024-08-20T00:00:00+00:00', '--job-id', '15', '--raw', '--subdir', 'DAGS_FOLDER/vehicle_data_scraping_pipeline.py', '--cfg-path', '/tmp/tmpj13rbvzg']
[2024-08-21T04:07:17.262+0000] {standard_task_runner.py:88} INFO - Job 15: Subtask scrape_post_links
[2024-08-21T04:07:17.300+0000] {task_command.py:423} INFO - Running <TaskInstance: Vehicle_Data_scrape_Pipeline_5.scrape_post_links scheduled__2024-08-20T00:00:00+00:00 [running]> on host 6bc55404d738
[2024-08-21T04:07:17.452+0000] {taskinstance.py:2513} INFO - Exporting env vars: AIRFLOW_CTX_DAG_OWNER='sdeshan' AIRFLOW_CTX_DAG_ID='Vehicle_Data_scrape_Pipeline_5' AIRFLOW_CTX_TASK_ID='scrape_post_links' AIRFLOW_CTX_EXECUTION_DATE='2024-08-20T00:00:00+00:00' AIRFLOW_CTX_TRY_NUMBER='4' AIRFLOW_CTX_DAG_RUN_ID='scheduled__2024-08-20T00:00:00+00:00'
[2024-08-21T04:07:19.635+0000] {logging_mixin.py:188} WARNING -   0%|          | 0/4 [00:00<?, ?it/s]
[2024-08-21T04:07:19.636+0000] {logging_mixin.py:188} WARNING - 100%|##########| 4/4 [00:00<00:00, 39016.78it/s]
[2024-08-21T04:07:24.390+0000] {logging_mixin.py:188} WARNING -   0%|          | 0/11 [00:00<?, ?it/s]
[2024-08-21T04:07:24.392+0000] {logging_mixin.py:188} WARNING - 100%|##########| 11/11 [00:00<00:00, 41828.96it/s]
[2024-08-21T04:07:29.773+0000] {logging_mixin.py:188} WARNING -   0%|          | 0/24 [00:00<?, ?it/s]
[2024-08-21T04:07:29.774+0000] {logging_mixin.py:188} WARNING - 100%|##########| 24/24 [00:00<00:00, 101270.92it/s]
[2024-08-21T04:07:32.373+0000] {logging_mixin.py:188} WARNING -   0%|          | 0/24 [00:00<?, ?it/s]
[2024-08-21T04:07:32.375+0000] {logging_mixin.py:188} WARNING - 100%|##########| 24/24 [00:00<00:00, 74071.59it/s]
[2024-08-21T04:07:33.861+0000] {logging_mixin.py:188} WARNING -   0%|          | 0/4 [00:00<?, ?it/s]
[2024-08-21T04:07:33.862+0000] {logging_mixin.py:188} WARNING - 100%|##########| 4/4 [00:00<00:00, 38746.46it/s]
[2024-08-21T04:07:35.890+0000] {logging_mixin.py:188} WARNING -   0%|          | 0/4 [00:00<?, ?it/s]
[2024-08-21T04:07:35.891+0000] {logging_mixin.py:188} WARNING - 100%|##########| 4/4 [00:00<00:00, 38836.15it/s]
[2024-08-21T04:07:56.860+0000] {logging_mixin.py:188} WARNING -   0%|          | 0/1 [00:00<?, ?it/s]
[2024-08-21T04:07:56.861+0000] {logging_mixin.py:188} WARNING - 100%|##########| 1/1 [00:00<00:00, 12018.06it/s]
[2024-08-21T04:08:06.277+0000] {taskinstance.py:2731} ERROR - Task failed with exception
Traceback (most recent call last):
  File "/home/airflow/.local/lib/python3.8/site-packages/airflow/models/taskinstance.py", line 444, in _execute_task
    result = _execute_callable(context=context, **execute_callable_kwargs)
  File "/home/airflow/.local/lib/python3.8/site-packages/airflow/models/taskinstance.py", line 414, in _execute_callable
    return execute_callable(context=context, **execute_callable_kwargs)
  File "/home/airflow/.local/lib/python3.8/site-packages/airflow/operators/python.py", line 200, in execute
    return_value = self.execute_callable()
  File "/home/airflow/.local/lib/python3.8/site-packages/airflow/operators/python.py", line 217, in execute_callable
    return self.python_callable(*self.op_args, **self.op_kwargs)
  File "/opt/airflow/dags/components/vehicle/data_scraping_components/post_links_extraction.py", line 68, in scrape_links
    upload_table('ikman_vehicle_post_links')
  File "/opt/airflow/dags/components/utils/database_table_creation.py", line 29, in upload_table
    cur.execute(f"""
psycopg2.errors.InsufficientPrivilege: could not open file "/var/lib/postgresql/csv/ikman_vehicle_post_links.csv" for writing: Permission denied
HINT:  COPY TO instructs the PostgreSQL server process to write a file. You may want a client-side facility such as psql's \copy.

[2024-08-21T04:08:06.314+0000] {taskinstance.py:1149} INFO - Marking task as FAILED. dag_id=Vehicle_Data_scrape_Pipeline_5, task_id=scrape_post_links, execution_date=20240820T000000, start_date=20240821T040717, end_date=20240821T040806
[2024-08-21T04:08:06.320+0000] {logging_mixin.py:188} WARNING - /home/***/.local/lib/python3.8/site-packages/***/utils/context.py:207 AirflowContextDeprecationWarning: Accessing 'execution_date' from the template is deprecated and will be removed in a future version. Please use 'data_interval_start' or 'logical_date' instead.
[2024-08-21T04:08:06.326+0000] {logging_mixin.py:188} WARNING - /home/***/.local/lib/python3.8/site-packages/***/utils/email.py:154 RemovedInAirflow3Warning: Fetching SMTP credentials from configuration variables will be deprecated in a future release. Please set credentials using a connection instead.
[2024-08-21T04:08:06.327+0000] {email.py:270} INFO - Email alerting: attempt 1
[2024-08-21T04:08:08.108+0000] {email.py:281} INFO - Sent an alert email to ['deshanariyarathna@gmail.com']
[2024-08-21T04:08:10.171+0000] {standard_task_runner.py:107} ERROR - Failed to execute job 15 for task scrape_post_links (could not open file "/var/lib/postgresql/csv/ikman_vehicle_post_links.csv" for writing: Permission denied
HINT:  COPY TO instructs the PostgreSQL server process to write a file. You may want a client-side facility such as psql's \copy.
; 628)
[2024-08-21T04:08:10.180+0000] {local_task_job_runner.py:234} INFO - Task exited with return code 1
[2024-08-21T04:08:10.197+0000] {taskinstance.py:3312} INFO - 0 downstream tasks scheduled from follow-on schedule check
