[2024-08-21T04:03:33.170+0000] {taskinstance.py:1979} INFO - Dependencies all met for dep_context=non-requeueable deps ti=<TaskInstance: Vehicle_Data_scrape_Pipeline_5.scrape_post_links scheduled__2024-08-20T00:00:00+00:00 [queued]>
[2024-08-21T04:03:33.177+0000] {taskinstance.py:1979} INFO - Dependencies all met for dep_context=requeueable deps ti=<TaskInstance: Vehicle_Data_scrape_Pipeline_5.scrape_post_links scheduled__2024-08-20T00:00:00+00:00 [queued]>
[2024-08-21T04:03:33.178+0000] {taskinstance.py:2193} INFO - Starting attempt 1 of 4
[2024-08-21T04:03:33.201+0000] {taskinstance.py:2217} INFO - Executing <Task(PythonOperator): scrape_post_links> on 2024-08-20 00:00:00+00:00
[2024-08-21T04:03:33.214+0000] {standard_task_runner.py:60} INFO - Started process 263 to run task
[2024-08-21T04:03:33.216+0000] {standard_task_runner.py:87} INFO - Running: ['***', 'tasks', 'run', 'Vehicle_Data_scrape_Pipeline_5', 'scrape_post_links', 'scheduled__2024-08-20T00:00:00+00:00', '--job-id', '9', '--raw', '--subdir', 'DAGS_FOLDER/vehicle_data_scraping_pipeline.py', '--cfg-path', '/tmp/tmpg85rf6gt']
[2024-08-21T04:03:33.221+0000] {standard_task_runner.py:88} INFO - Job 9: Subtask scrape_post_links
[2024-08-21T04:03:33.270+0000] {task_command.py:423} INFO - Running <TaskInstance: Vehicle_Data_scrape_Pipeline_5.scrape_post_links scheduled__2024-08-20T00:00:00+00:00 [running]> on host 6bc55404d738
[2024-08-21T04:03:33.437+0000] {taskinstance.py:2513} INFO - Exporting env vars: AIRFLOW_CTX_DAG_OWNER='sdeshan' AIRFLOW_CTX_DAG_ID='Vehicle_Data_scrape_Pipeline_5' AIRFLOW_CTX_TASK_ID='scrape_post_links' AIRFLOW_CTX_EXECUTION_DATE='2024-08-20T00:00:00+00:00' AIRFLOW_CTX_TRY_NUMBER='1' AIRFLOW_CTX_DAG_RUN_ID='scheduled__2024-08-20T00:00:00+00:00'
[2024-08-21T04:03:34.493+0000] {logging_mixin.py:188} WARNING -   0%|          | 0/4 [00:00<?, ?it/s]
[2024-08-21T04:03:34.494+0000] {logging_mixin.py:188} WARNING - 100%|##########| 4/4 [00:00<00:00, 32577.12it/s]
[2024-08-21T04:03:44.520+0000] {logging_mixin.py:188} WARNING -   0%|          | 0/11 [00:00<?, ?it/s]
[2024-08-21T04:03:44.522+0000] {logging_mixin.py:188} WARNING - 100%|##########| 11/11 [00:00<00:00, 72657.23it/s]
[2024-08-21T04:04:03.644+0000] {logging_mixin.py:188} WARNING -   0%|          | 0/24 [00:00<?, ?it/s]
[2024-08-21T04:04:03.645+0000] {logging_mixin.py:188} WARNING - 100%|##########| 24/24 [00:00<00:00, 73530.53it/s]
[2024-08-21T04:04:07.083+0000] {logging_mixin.py:188} WARNING -   0%|          | 0/24 [00:00<?, ?it/s]
[2024-08-21T04:04:07.084+0000] {logging_mixin.py:188} WARNING - 100%|##########| 24/24 [00:00<00:00, 99666.63it/s]
[2024-08-21T04:04:18.091+0000] {logging_mixin.py:188} WARNING -   0%|          | 0/4 [00:00<?, ?it/s]
[2024-08-21T04:04:18.092+0000] {logging_mixin.py:188} WARNING - 100%|##########| 4/4 [00:00<00:00, 43804.74it/s]
[2024-08-21T04:04:20.440+0000] {logging_mixin.py:188} WARNING -   0%|          | 0/4 [00:00<?, ?it/s]
[2024-08-21T04:04:20.441+0000] {logging_mixin.py:188} WARNING - 100%|##########| 4/4 [00:00<00:00, 49932.19it/s]
[2024-08-21T04:04:45.448+0000] {logging_mixin.py:188} WARNING -   0%|          | 0/1 [00:00<?, ?it/s]
[2024-08-21T04:04:45.449+0000] {logging_mixin.py:188} WARNING - 100%|##########| 1/1 [00:00<00:00, 9020.01it/s]
[2024-08-21T04:05:05.535+0000] {taskinstance.py:2731} ERROR - Task failed with exception
Traceback (most recent call last):
  File "/home/airflow/.local/lib/python3.8/site-packages/airflow/models/taskinstance.py", line 444, in _execute_task
    result = _execute_callable(context=context, **execute_callable_kwargs)
  File "/home/airflow/.local/lib/python3.8/site-packages/airflow/models/taskinstance.py", line 414, in _execute_callable
    return execute_callable(context=context, **execute_callable_kwargs)
  File "/home/airflow/.local/lib/python3.8/site-packages/airflow/operators/python.py", line 200, in execute
    return_value = self.execute_callable()
  File "/home/airflow/.local/lib/python3.8/site-packages/airflow/operators/python.py", line 217, in execute_callable
    return self.python_callable(*self.op_args, **self.op_kwargs)
  File "/opt/airflow/dags/components/vehicle/data_scraping_components/post_links_extraction.py", line 68, in scrape_links
    upload_table('ikman_vehicle_post_links')
  File "/opt/airflow/dags/components/utils/database_table_creation.py", line 29, in upload_table
    cur.execute(f"""
psycopg2.errors.InsufficientPrivilege: could not open file "/var/lib/postgresql/csv/ikman_vehicle_post_links.csv" for writing: Permission denied
HINT:  COPY TO instructs the PostgreSQL server process to write a file. You may want a client-side facility such as psql's \copy.

[2024-08-21T04:05:05.568+0000] {taskinstance.py:1149} INFO - Marking task as UP_FOR_RETRY. dag_id=Vehicle_Data_scrape_Pipeline_5, task_id=scrape_post_links, execution_date=20240820T000000, start_date=20240821T040333, end_date=20240821T040505
[2024-08-21T04:05:05.580+0000] {standard_task_runner.py:107} ERROR - Failed to execute job 9 for task scrape_post_links (could not open file "/var/lib/postgresql/csv/ikman_vehicle_post_links.csv" for writing: Permission denied
HINT:  COPY TO instructs the PostgreSQL server process to write a file. You may want a client-side facility such as psql's \copy.
; 263)
[2024-08-21T04:05:05.598+0000] {local_task_job_runner.py:234} INFO - Task exited with return code 1
[2024-08-21T04:05:05.619+0000] {taskinstance.py:3312} INFO - 0 downstream tasks scheduled from follow-on schedule check
