[2024-08-21T04:05:12.116+0000] {taskinstance.py:1979} INFO - Dependencies all met for dep_context=non-requeueable deps ti=<TaskInstance: Vehicle_Data_scrape_Pipeline_5.scrape_post_links scheduled__2024-08-20T00:00:00+00:00 [queued]>
[2024-08-21T04:05:12.123+0000] {taskinstance.py:1979} INFO - Dependencies all met for dep_context=requeueable deps ti=<TaskInstance: Vehicle_Data_scrape_Pipeline_5.scrape_post_links scheduled__2024-08-20T00:00:00+00:00 [queued]>
[2024-08-21T04:05:12.123+0000] {taskinstance.py:2193} INFO - Starting attempt 2 of 4
[2024-08-21T04:05:12.135+0000] {taskinstance.py:2217} INFO - Executing <Task(PythonOperator): scrape_post_links> on 2024-08-20 00:00:00+00:00
[2024-08-21T04:05:12.139+0000] {standard_task_runner.py:60} INFO - Started process 418 to run task
[2024-08-21T04:05:12.141+0000] {standard_task_runner.py:87} INFO - Running: ['***', 'tasks', 'run', 'Vehicle_Data_scrape_Pipeline_5', 'scrape_post_links', 'scheduled__2024-08-20T00:00:00+00:00', '--job-id', '11', '--raw', '--subdir', 'DAGS_FOLDER/vehicle_data_scraping_pipeline.py', '--cfg-path', '/tmp/tmp8l6mn7l3']
[2024-08-21T04:05:12.143+0000] {standard_task_runner.py:88} INFO - Job 11: Subtask scrape_post_links
[2024-08-21T04:05:12.183+0000] {task_command.py:423} INFO - Running <TaskInstance: Vehicle_Data_scrape_Pipeline_5.scrape_post_links scheduled__2024-08-20T00:00:00+00:00 [running]> on host 6bc55404d738
[2024-08-21T04:05:12.341+0000] {taskinstance.py:2513} INFO - Exporting env vars: AIRFLOW_CTX_DAG_OWNER='sdeshan' AIRFLOW_CTX_DAG_ID='Vehicle_Data_scrape_Pipeline_5' AIRFLOW_CTX_TASK_ID='scrape_post_links' AIRFLOW_CTX_EXECUTION_DATE='2024-08-20T00:00:00+00:00' AIRFLOW_CTX_TRY_NUMBER='2' AIRFLOW_CTX_DAG_RUN_ID='scheduled__2024-08-20T00:00:00+00:00'
[2024-08-21T04:05:13.250+0000] {logging_mixin.py:188} WARNING -   0%|          | 0/4 [00:00<?, ?it/s]
[2024-08-21T04:05:13.252+0000] {logging_mixin.py:188} WARNING - 100%|##########| 4/4 [00:00<00:00, 33825.03it/s]
[2024-08-21T04:05:15.580+0000] {logging_mixin.py:188} WARNING -   0%|          | 0/11 [00:00<?, ?it/s]
[2024-08-21T04:05:15.582+0000] {logging_mixin.py:188} WARNING - 100%|##########| 11/11 [00:00<00:00, 40613.86it/s]
[2024-08-21T04:05:21.191+0000] {logging_mixin.py:188} WARNING -   0%|          | 0/24 [00:00<?, ?it/s]
[2024-08-21T04:05:21.193+0000] {logging_mixin.py:188} WARNING - 100%|##########| 24/24 [00:00<00:00, 94786.53it/s]
[2024-08-21T04:05:28.660+0000] {logging_mixin.py:188} WARNING -   0%|          | 0/24 [00:00<?, ?it/s]
[2024-08-21T04:05:28.661+0000] {logging_mixin.py:188} WARNING - 100%|##########| 24/24 [00:00<00:00, 84096.32it/s]
[2024-08-21T04:05:39.179+0000] {logging_mixin.py:188} WARNING -   0%|          | 0/4 [00:00<?, ?it/s]
[2024-08-21T04:05:39.180+0000] {logging_mixin.py:188} WARNING - 100%|##########| 4/4 [00:00<00:00, 39290.90it/s]
[2024-08-21T04:05:41.797+0000] {logging_mixin.py:188} WARNING -   0%|          | 0/4 [00:00<?, ?it/s]
[2024-08-21T04:05:41.798+0000] {logging_mixin.py:188} WARNING - 100%|##########| 4/4 [00:00<00:00, 45590.26it/s]
[2024-08-21T04:06:04.576+0000] {logging_mixin.py:188} WARNING -   0%|          | 0/1 [00:00<?, ?it/s]
[2024-08-21T04:06:04.577+0000] {logging_mixin.py:188} WARNING - 100%|##########| 1/1 [00:00<00:00, 15650.39it/s]
[2024-08-21T04:06:08.963+0000] {taskinstance.py:2731} ERROR - Task failed with exception
Traceback (most recent call last):
  File "/home/airflow/.local/lib/python3.8/site-packages/airflow/models/taskinstance.py", line 444, in _execute_task
    result = _execute_callable(context=context, **execute_callable_kwargs)
  File "/home/airflow/.local/lib/python3.8/site-packages/airflow/models/taskinstance.py", line 414, in _execute_callable
    return execute_callable(context=context, **execute_callable_kwargs)
  File "/home/airflow/.local/lib/python3.8/site-packages/airflow/operators/python.py", line 200, in execute
    return_value = self.execute_callable()
  File "/home/airflow/.local/lib/python3.8/site-packages/airflow/operators/python.py", line 217, in execute_callable
    return self.python_callable(*self.op_args, **self.op_kwargs)
  File "/opt/airflow/dags/components/vehicle/data_scraping_components/post_links_extraction.py", line 68, in scrape_links
    upload_table('ikman_vehicle_post_links')
  File "/opt/airflow/dags/components/utils/database_table_creation.py", line 29, in upload_table
    cur.execute(f"""
psycopg2.errors.InsufficientPrivilege: could not open file "/var/lib/postgresql/csv/ikman_vehicle_post_links.csv" for writing: Permission denied
HINT:  COPY TO instructs the PostgreSQL server process to write a file. You may want a client-side facility such as psql's \copy.

[2024-08-21T04:06:08.998+0000] {taskinstance.py:1149} INFO - Marking task as UP_FOR_RETRY. dag_id=Vehicle_Data_scrape_Pipeline_5, task_id=scrape_post_links, execution_date=20240820T000000, start_date=20240821T040512, end_date=20240821T040608
[2024-08-21T04:06:09.009+0000] {standard_task_runner.py:107} ERROR - Failed to execute job 11 for task scrape_post_links (could not open file "/var/lib/postgresql/csv/ikman_vehicle_post_links.csv" for writing: Permission denied
HINT:  COPY TO instructs the PostgreSQL server process to write a file. You may want a client-side facility such as psql's \copy.
; 418)
[2024-08-21T04:06:09.024+0000] {local_task_job_runner.py:234} INFO - Task exited with return code 1
[2024-08-21T04:06:09.042+0000] {taskinstance.py:3312} INFO - 0 downstream tasks scheduled from follow-on schedule check
