[2024-08-23T04:39:40.525+0000] {taskinstance.py:1979} INFO - Dependencies all met for dep_context=non-requeueable deps ti=<TaskInstance: Vehicle_Model_Training_Pipeline.model_training_honda manual__2024-08-23T04:39:00.490961+00:00 [queued]>
[2024-08-23T04:39:40.537+0000] {taskinstance.py:1979} INFO - Dependencies all met for dep_context=requeueable deps ti=<TaskInstance: Vehicle_Model_Training_Pipeline.model_training_honda manual__2024-08-23T04:39:00.490961+00:00 [queued]>
[2024-08-23T04:39:40.545+0000] {taskinstance.py:2193} INFO - Starting attempt 4 of 4
[2024-08-23T04:39:40.563+0000] {taskinstance.py:2217} INFO - Executing <Task(PythonOperator): model_training_honda> on 2024-08-23 04:39:00.490961+00:00
[2024-08-23T04:39:40.570+0000] {standard_task_runner.py:60} INFO - Started process 1850 to run task
[2024-08-23T04:39:40.573+0000] {standard_task_runner.py:87} INFO - Running: ['***', 'tasks', 'run', 'Vehicle_Model_Training_Pipeline', 'model_training_honda', 'manual__2024-08-23T04:39:00.490961+00:00', '--job-id', '148', '--raw', '--subdir', 'DAGS_FOLDER/vehicle_model_training_pipeline.py', '--cfg-path', '/tmp/tmpg42zft5t']
[2024-08-23T04:39:40.577+0000] {standard_task_runner.py:88} INFO - Job 148: Subtask model_training_honda
[2024-08-23T04:39:40.630+0000] {task_command.py:423} INFO - Running <TaskInstance: Vehicle_Model_Training_Pipeline.model_training_honda manual__2024-08-23T04:39:00.490961+00:00 [running]> on host bebe3cff9645
[2024-08-23T04:39:40.705+0000] {taskinstance.py:2513} INFO - Exporting env vars: AIRFLOW_CTX_DAG_OWNER='sdeshan' AIRFLOW_CTX_DAG_ID='Vehicle_Model_Training_Pipeline' AIRFLOW_CTX_TASK_ID='model_training_honda' AIRFLOW_CTX_EXECUTION_DATE='2024-08-23T04:39:00.490961+00:00' AIRFLOW_CTX_TRY_NUMBER='4' AIRFLOW_CTX_DAG_RUN_ID='manual__2024-08-23T04:39:00.490961+00:00'
[2024-08-23T04:39:40.713+0000] {taskinstance.py:2731} ERROR - Task failed with exception
Traceback (most recent call last):
  File "/home/airflow/.local/lib/python3.8/site-packages/airflow/models/taskinstance.py", line 444, in _execute_task
    result = _execute_callable(context=context, **execute_callable_kwargs)
  File "/home/airflow/.local/lib/python3.8/site-packages/airflow/models/taskinstance.py", line 414, in _execute_callable
    return execute_callable(context=context, **execute_callable_kwargs)
  File "/home/airflow/.local/lib/python3.8/site-packages/airflow/operators/python.py", line 200, in execute
    return_value = self.execute_callable()
  File "/home/airflow/.local/lib/python3.8/site-packages/airflow/operators/python.py", line 217, in execute_callable
    return self.python_callable(*self.op_args, **self.op_kwargs)
  File "/opt/airflow/dags/components/vehicle/model_training_components/model_training.py", line 35, in train_model
    cur.execute(query)
psycopg2.errors.UndefinedTable: relation "honda_train_data" does not exist
LINE 1: SELECT * FROM Honda_train_data
                      ^

[2024-08-23T04:39:40.772+0000] {taskinstance.py:1149} INFO - Marking task as FAILED. dag_id=Vehicle_Model_Training_Pipeline, task_id=model_training_honda, execution_date=20240823T043900, start_date=20240823T043940, end_date=20240823T043940
[2024-08-23T04:39:40.780+0000] {logging_mixin.py:188} WARNING - /home/***/.local/lib/python3.8/site-packages/***/utils/context.py:207 AirflowContextDeprecationWarning: Accessing 'execution_date' from the template is deprecated and will be removed in a future version. Please use 'data_interval_start' or 'logical_date' instead.
[2024-08-23T04:39:40.785+0000] {logging_mixin.py:188} WARNING - /home/***/.local/lib/python3.8/site-packages/***/utils/email.py:154 RemovedInAirflow3Warning: Fetching SMTP credentials from configuration variables will be deprecated in a future release. Please set credentials using a connection instead.
[2024-08-23T04:39:40.786+0000] {email.py:270} INFO - Email alerting: attempt 1
[2024-08-23T04:39:42.441+0000] {email.py:281} INFO - Sent an alert email to ['deshanariyarathna@gmail.com']
[2024-08-23T04:39:44.986+0000] {standard_task_runner.py:107} ERROR - Failed to execute job 148 for task model_training_honda (relation "honda_train_data" does not exist
LINE 1: SELECT * FROM Honda_train_data
                      ^
; 1850)
[2024-08-23T04:39:45.019+0000] {local_task_job_runner.py:234} INFO - Task exited with return code 1
[2024-08-23T04:39:45.038+0000] {taskinstance.py:3312} INFO - 0 downstream tasks scheduled from follow-on schedule check
