[2024-10-21T11:37:16.097+0000] {taskinstance.py:1979} INFO - Dependencies all met for dep_context=non-requeueable deps ti=<TaskInstance: Vehicle_Model_Training_Pipeline.model_training_micro manual__2024-10-21T11:37:03.275377+00:00 [queued]>
[2024-10-21T11:37:16.107+0000] {taskinstance.py:1979} INFO - Dependencies all met for dep_context=requeueable deps ti=<TaskInstance: Vehicle_Model_Training_Pipeline.model_training_micro manual__2024-10-21T11:37:03.275377+00:00 [queued]>
[2024-10-21T11:37:16.108+0000] {taskinstance.py:2193} INFO - Starting attempt 1 of 4
[2024-10-21T11:37:16.126+0000] {taskinstance.py:2217} INFO - Executing <Task(PythonOperator): model_training_micro> on 2024-10-21 11:37:03.275377+00:00
[2024-10-21T11:37:16.131+0000] {standard_task_runner.py:60} INFO - Started process 41340 to run task
[2024-10-21T11:37:16.132+0000] {standard_task_runner.py:87} INFO - Running: ['***', 'tasks', 'run', 'Vehicle_Model_Training_Pipeline', 'model_training_micro', 'manual__2024-10-21T11:37:03.275377+00:00', '--job-id', '150', '--raw', '--subdir', 'DAGS_FOLDER/vehicle_model_training_pipeline.py', '--cfg-path', '/tmp/tmphwe9h9o3']
[2024-10-21T11:37:16.134+0000] {standard_task_runner.py:88} INFO - Job 150: Subtask model_training_micro
[2024-10-21T11:37:16.166+0000] {task_command.py:423} INFO - Running <TaskInstance: Vehicle_Model_Training_Pipeline.model_training_micro manual__2024-10-21T11:37:03.275377+00:00 [running]> on host 988c1a0779ad
[2024-10-21T11:37:16.211+0000] {taskinstance.py:2513} INFO - Exporting env vars: AIRFLOW_CTX_DAG_OWNER='sdeshan' AIRFLOW_CTX_DAG_ID='Vehicle_Model_Training_Pipeline' AIRFLOW_CTX_TASK_ID='model_training_micro' AIRFLOW_CTX_EXECUTION_DATE='2024-10-21T11:37:03.275377+00:00' AIRFLOW_CTX_TRY_NUMBER='1' AIRFLOW_CTX_DAG_RUN_ID='manual__2024-10-21T11:37:03.275377+00:00'
[2024-10-21T11:37:16.255+0000] {logging_mixin.py:188} INFO - RandomForestRegressor()
[2024-10-21T11:37:17.446+0000] {logging_mixin.py:188} INFO - DecisionTreeRegressor()
[2024-10-21T11:37:17.491+0000] {logging_mixin.py:188} INFO - GradientBoostingRegressor()
[2024-10-21T11:37:30.116+0000] {logging_mixin.py:188} INFO - LinearRegression()
[2024-10-21T11:37:30.153+0000] {logging_mixin.py:188} INFO - XGBRegressor(base_score=None, booster=None, callbacks=None,
             colsample_bylevel=None, colsample_bynode=None,
             colsample_bytree=None, device=None, early_stopping_rounds=None,
             enable_categorical=False, eval_metric=None, feature_types=None,
             gamma=None, grow_policy=None, importance_type=None,
             interaction_constraints=None, learning_rate=None, max_bin=None,
             max_cat_threshold=None, max_cat_to_onehot=None,
             max_delta_step=None, max_depth=None, max_leaves=None,
             min_child_weight=None, missing=nan, monotone_constraints=None,
             multi_strategy=None, n_estimators=None, n_jobs=None,
             num_parallel_tree=None, random_state=None, ...)
[2024-10-21T11:37:38.731+0000] {logging_mixin.py:188} INFO - <catboost.core.CatBoostRegressor object at 0x7f61f9df58b0>
[2024-10-21T11:37:42.592+0000] {logging_mixin.py:188} INFO - AdaBoostRegressor()
[2024-10-21T11:37:46.598+0000] {logging_mixin.py:188} INFO - model report is {'Random Forest': 0.9992675374267447, 'Decision Tree': 0.9992676804101904, 'Gradient Boosting': 0.9992504545097277, 'Linear Regression': 0.9601442546957045, 'XGBRegressor': 0.9992676713457733, 'CatBoosting Regressor': 0.9992335467662444, 'AdaBoost Regressor': 0.9744118010242572}
[2024-10-21T11:37:46.599+0000] {logging_mixin.py:188} INFO - best model is :DecisionTreeRegressor()
[2024-10-21T11:37:46.599+0000] {logging_mixin.py:188} INFO - criterion ['squared_error', 'friedman_mse', 'absolute_error', 'poisson']
[2024-10-21T11:37:46.600+0000] {logging_mixin.py:188} INFO - Best found model on both training and testing dataset
[2024-10-21T11:37:46.602+0000] {logging_mixin.py:188} INFO - r2_square is 0.9992676804101904
[2024-10-21T11:37:46.603+0000] {python.py:202} INFO - Done. Returned value was: None
[2024-10-21T11:37:46.609+0000] {taskinstance.py:1149} INFO - Marking task as SUCCESS. dag_id=Vehicle_Model_Training_Pipeline, task_id=model_training_micro, execution_date=20241021T113703, start_date=20241021T113716, end_date=20241021T113746
[2024-10-21T11:37:46.613+0000] {logging_mixin.py:188} WARNING - /home/***/.local/lib/python3.8/site-packages/***/utils/context.py:207 AirflowContextDeprecationWarning: Accessing 'execution_date' from the template is deprecated and will be removed in a future version. Please use 'data_interval_start' or 'logical_date' instead.
[2024-10-21T11:37:46.618+0000] {logging_mixin.py:188} WARNING - /home/***/.local/lib/python3.8/site-packages/***/utils/email.py:154 RemovedInAirflow3Warning: Fetching SMTP credentials from configuration variables will be deprecated in a future release. Please set credentials using a connection instead.
[2024-10-21T11:37:46.619+0000] {email.py:270} INFO - Email alerting: attempt 1
[2024-10-21T11:37:48.398+0000] {email.py:281} INFO - Sent an alert email to ['deshanariyarathna@gmail.com']
[2024-10-21T11:37:50.294+0000] {local_task_job_runner.py:234} INFO - Task exited with return code 0
[2024-10-21T11:37:50.303+0000] {taskinstance.py:3312} INFO - 0 downstream tasks scheduled from follow-on schedule check
