[2024-10-09T05:17:08.035+0000] {taskinstance.py:1979} INFO - Dependencies all met for dep_context=non-requeueable deps ti=<TaskInstance: Gold_training_Pipeline.preprocess_the_extracted_data scheduled__2024-10-08T00:00:00+00:00 [queued]>
[2024-10-09T05:17:08.053+0000] {taskinstance.py:1979} INFO - Dependencies all met for dep_context=requeueable deps ti=<TaskInstance: Gold_training_Pipeline.preprocess_the_extracted_data scheduled__2024-10-08T00:00:00+00:00 [queued]>
[2024-10-09T05:17:08.054+0000] {taskinstance.py:2193} INFO - Starting attempt 1 of 4
[2024-10-09T05:17:08.071+0000] {taskinstance.py:2217} INFO - Executing <Task(PythonOperator): preprocess_the_extracted_data> on 2024-10-08 00:00:00+00:00
[2024-10-09T05:17:08.089+0000] {standard_task_runner.py:60} INFO - Started process 1039 to run task
[2024-10-09T05:17:08.093+0000] {standard_task_runner.py:87} INFO - Running: ['***', 'tasks', 'run', 'Gold_training_Pipeline', 'preprocess_the_extracted_data', 'scheduled__2024-10-08T00:00:00+00:00', '--job-id', '305', '--raw', '--subdir', 'DAGS_FOLDER/gold_training_pipeline.py', '--cfg-path', '/tmp/tmpfgw86x1v']
[2024-10-09T05:17:08.095+0000] {standard_task_runner.py:88} INFO - Job 305: Subtask preprocess_the_extracted_data
[2024-10-09T05:17:08.161+0000] {task_command.py:423} INFO - Running <TaskInstance: Gold_training_Pipeline.preprocess_the_extracted_data scheduled__2024-10-08T00:00:00+00:00 [running]> on host 68dba313a760
[2024-10-09T05:17:08.265+0000] {taskinstance.py:2513} INFO - Exporting env vars: AIRFLOW_CTX_DAG_OWNER='sdeshan' AIRFLOW_CTX_DAG_ID='Gold_training_Pipeline' AIRFLOW_CTX_TASK_ID='preprocess_the_extracted_data' AIRFLOW_CTX_EXECUTION_DATE='2024-10-08T00:00:00+00:00' AIRFLOW_CTX_TRY_NUMBER='1' AIRFLOW_CTX_DAG_RUN_ID='scheduled__2024-10-08T00:00:00+00:00'
[2024-10-09T05:17:08.884+0000] {python.py:202} INFO - Done. Returned value was: None
[2024-10-09T05:17:08.895+0000] {taskinstance.py:1149} INFO - Marking task as SUCCESS. dag_id=Gold_training_Pipeline, task_id=preprocess_the_extracted_data, execution_date=20241008T000000, start_date=20241009T051708, end_date=20241009T051708
[2024-10-09T05:17:08.901+0000] {logging_mixin.py:188} WARNING - /home/***/.local/lib/python3.8/site-packages/***/utils/context.py:207 AirflowContextDeprecationWarning: Accessing 'execution_date' from the template is deprecated and will be removed in a future version. Please use 'data_interval_start' or 'logical_date' instead.
[2024-10-09T05:17:08.909+0000] {logging_mixin.py:188} WARNING - /home/***/.local/lib/python3.8/site-packages/***/utils/email.py:154 RemovedInAirflow3Warning: Fetching SMTP credentials from configuration variables will be deprecated in a future release. Please set credentials using a connection instead.
[2024-10-09T05:17:08.910+0000] {email.py:270} INFO - Email alerting: attempt 1
[2024-10-09T05:17:11.284+0000] {email.py:281} INFO - Sent an alert email to ['deshanariyarathna@gmail.com']
[2024-10-09T05:17:13.127+0000] {local_task_job_runner.py:234} INFO - Task exited with return code 0
[2024-10-09T05:17:13.156+0000] {taskinstance.py:3312} INFO - 1 downstream tasks scheduled from follow-on schedule check
[2024-10-09T07:59:18.062+0000] {taskinstance.py:1979} INFO - Dependencies all met for dep_context=non-requeueable deps ti=<TaskInstance: Gold_training_Pipeline.preprocess_the_extracted_data scheduled__2024-10-08T00:00:00+00:00 [queued]>
[2024-10-09T07:59:18.084+0000] {taskinstance.py:1979} INFO - Dependencies all met for dep_context=requeueable deps ti=<TaskInstance: Gold_training_Pipeline.preprocess_the_extracted_data scheduled__2024-10-08T00:00:00+00:00 [queued]>
[2024-10-09T07:59:18.084+0000] {taskinstance.py:2193} INFO - Starting attempt 1 of 4
[2024-10-09T07:59:18.094+0000] {taskinstance.py:2217} INFO - Executing <Task(PythonOperator): preprocess_the_extracted_data> on 2024-10-08 00:00:00+00:00
[2024-10-09T07:59:18.115+0000] {standard_task_runner.py:60} INFO - Started process 19038 to run task
[2024-10-09T07:59:18.117+0000] {standard_task_runner.py:87} INFO - Running: ['***', 'tasks', 'run', 'Gold_training_Pipeline', 'preprocess_the_extracted_data', 'scheduled__2024-10-08T00:00:00+00:00', '--job-id', '355', '--raw', '--subdir', 'DAGS_FOLDER/gold_training_pipeline.py', '--cfg-path', '/tmp/tmpsazd5czv']
[2024-10-09T07:59:18.119+0000] {standard_task_runner.py:88} INFO - Job 355: Subtask preprocess_the_extracted_data
[2024-10-09T07:59:18.159+0000] {task_command.py:423} INFO - Running <TaskInstance: Gold_training_Pipeline.preprocess_the_extracted_data scheduled__2024-10-08T00:00:00+00:00 [running]> on host fc9c765b6318
[2024-10-09T07:59:18.237+0000] {taskinstance.py:2513} INFO - Exporting env vars: AIRFLOW_CTX_DAG_OWNER='sdeshan' AIRFLOW_CTX_DAG_ID='Gold_training_Pipeline' AIRFLOW_CTX_TASK_ID='preprocess_the_extracted_data' AIRFLOW_CTX_EXECUTION_DATE='2024-10-08T00:00:00+00:00' AIRFLOW_CTX_TRY_NUMBER='1' AIRFLOW_CTX_DAG_RUN_ID='scheduled__2024-10-08T00:00:00+00:00'
[2024-10-09T07:59:18.577+0000] {python.py:202} INFO - Done. Returned value was: None
[2024-10-09T07:59:18.584+0000] {taskinstance.py:1149} INFO - Marking task as SUCCESS. dag_id=Gold_training_Pipeline, task_id=preprocess_the_extracted_data, execution_date=20241008T000000, start_date=20241009T075918, end_date=20241009T075918
[2024-10-09T07:59:18.588+0000] {logging_mixin.py:188} WARNING - /home/***/.local/lib/python3.8/site-packages/***/utils/context.py:207 AirflowContextDeprecationWarning: Accessing 'execution_date' from the template is deprecated and will be removed in a future version. Please use 'data_interval_start' or 'logical_date' instead.
[2024-10-09T07:59:18.594+0000] {logging_mixin.py:188} WARNING - /home/***/.local/lib/python3.8/site-packages/***/utils/email.py:154 RemovedInAirflow3Warning: Fetching SMTP credentials from configuration variables will be deprecated in a future release. Please set credentials using a connection instead.
[2024-10-09T07:59:18.595+0000] {email.py:270} INFO - Email alerting: attempt 1
[2024-10-09T07:59:20.379+0000] {email.py:281} INFO - Sent an alert email to ['deshanariyarathna@gmail.com']
[2024-10-09T07:59:22.308+0000] {local_task_job_runner.py:234} INFO - Task exited with return code 0
[2024-10-09T07:59:22.325+0000] {taskinstance.py:3312} INFO - 1 downstream tasks scheduled from follow-on schedule check
