[2024-08-27T07:46:25.129+0000] {taskinstance.py:1979} INFO - Dependencies all met for dep_context=non-requeueable deps ti=<TaskInstance: Gold_News_pipeline.scrape_gold_news manual__2024-08-27T07:46:23.619678+00:00 [queued]>
[2024-08-27T07:46:25.136+0000] {taskinstance.py:1979} INFO - Dependencies all met for dep_context=requeueable deps ti=<TaskInstance: Gold_News_pipeline.scrape_gold_news manual__2024-08-27T07:46:23.619678+00:00 [queued]>
[2024-08-27T07:46:25.138+0000] {taskinstance.py:2193} INFO - Starting attempt 1 of 4
[2024-08-27T07:46:25.152+0000] {taskinstance.py:2217} INFO - Executing <Task(PythonOperator): scrape_gold_news> on 2024-08-27 07:46:23.619678+00:00
[2024-08-27T07:46:25.157+0000] {standard_task_runner.py:60} INFO - Started process 780 to run task
[2024-08-27T07:46:25.165+0000] {standard_task_runner.py:87} INFO - Running: ['***', 'tasks', 'run', 'Gold_News_pipeline', 'scrape_gold_news', 'manual__2024-08-27T07:46:23.619678+00:00', '--job-id', '196', '--raw', '--subdir', 'DAGS_FOLDER/gold_news_pipeline.py', '--cfg-path', '/tmp/tmp5ub1vckd']
[2024-08-27T07:46:25.168+0000] {standard_task_runner.py:88} INFO - Job 196: Subtask scrape_gold_news
[2024-08-27T07:46:25.239+0000] {task_command.py:423} INFO - Running <TaskInstance: Gold_News_pipeline.scrape_gold_news manual__2024-08-27T07:46:23.619678+00:00 [running]> on host 6c6a25447d9d
[2024-08-27T07:46:25.583+0000] {taskinstance.py:2513} INFO - Exporting env vars: AIRFLOW_CTX_DAG_OWNER='sdeshan' AIRFLOW_CTX_DAG_ID='Gold_News_pipeline' AIRFLOW_CTX_TASK_ID='scrape_gold_news' AIRFLOW_CTX_EXECUTION_DATE='2024-08-27T07:46:23.619678+00:00' AIRFLOW_CTX_TRY_NUMBER='1' AIRFLOW_CTX_DAG_RUN_ID='manual__2024-08-27T07:46:23.619678+00:00'
[2024-08-27T07:46:28.363+0000] {taskinstance.py:2731} ERROR - Task failed with exception
Traceback (most recent call last):
  File "/home/airflow/.local/lib/python3.8/site-packages/airflow/models/taskinstance.py", line 444, in _execute_task
    result = _execute_callable(context=context, **execute_callable_kwargs)
  File "/home/airflow/.local/lib/python3.8/site-packages/airflow/models/taskinstance.py", line 414, in _execute_callable
    return execute_callable(context=context, **execute_callable_kwargs)
  File "/home/airflow/.local/lib/python3.8/site-packages/airflow/operators/python.py", line 200, in execute
    return_value = self.execute_callable()
  File "/home/airflow/.local/lib/python3.8/site-packages/airflow/operators/python.py", line 217, in execute_callable
    return self.python_callable(*self.op_args, **self.op_kwargs)
  File "/opt/airflow/dags/components/gold/news_scraping/post_links_extraction.py", line 45, in scrape_gold_news_urls
    create_table("gold_news_urls", ["link VARCHAR(255)"])
  File "/opt/airflow/dags/components/utils/database_table_creation.py", line 20, in create_table
    cur.execute(f"""
psycopg2.errors.UniqueViolation: duplicate key value violates unique constraint "pg_type_typname_nsp_index"
DETAIL:  Key (typname, typnamespace)=(gold_news_urls, 2200) already exists.

[2024-08-27T07:46:28.390+0000] {taskinstance.py:1149} INFO - Marking task as UP_FOR_RETRY. dag_id=Gold_News_pipeline, task_id=scrape_gold_news, execution_date=20240827T074623, start_date=20240827T074625, end_date=20240827T074628
[2024-08-27T07:46:28.404+0000] {standard_task_runner.py:107} ERROR - Failed to execute job 196 for task scrape_gold_news (duplicate key value violates unique constraint "pg_type_typname_nsp_index"
DETAIL:  Key (typname, typnamespace)=(gold_news_urls, 2200) already exists.
; 780)
[2024-08-27T07:46:28.435+0000] {local_task_job_runner.py:234} INFO - Task exited with return code 1
[2024-08-27T07:46:28.454+0000] {taskinstance.py:3312} INFO - 0 downstream tasks scheduled from follow-on schedule check
