[2024-10-23T07:20:56.472+0000] {taskinstance.py:1979} INFO - Dependencies all met for dep_context=non-requeueable deps ti=<TaskInstance: Vehicle_Model_Training_Pipeline.model_training_honda manual__2024-10-23T07:20:40.610842+00:00 [queued]>
[2024-10-23T07:20:56.478+0000] {taskinstance.py:1979} INFO - Dependencies all met for dep_context=requeueable deps ti=<TaskInstance: Vehicle_Model_Training_Pipeline.model_training_honda manual__2024-10-23T07:20:40.610842+00:00 [queued]>
[2024-10-23T07:20:56.478+0000] {taskinstance.py:2193} INFO - Starting attempt 1 of 4
[2024-10-23T07:20:56.489+0000] {taskinstance.py:2217} INFO - Executing <Task(PythonOperator): model_training_honda> on 2024-10-23 07:20:40.610842+00:00
[2024-10-23T07:20:56.495+0000] {standard_task_runner.py:60} INFO - Started process 2707 to run task
[2024-10-23T07:20:56.497+0000] {standard_task_runner.py:87} INFO - Running: ['***', 'tasks', 'run', 'Vehicle_Model_Training_Pipeline', 'model_training_honda', 'manual__2024-10-23T07:20:40.610842+00:00', '--job-id', '173', '--raw', '--subdir', 'DAGS_FOLDER/vehicle_model_training_pipeline.py', '--cfg-path', '/tmp/tmpypbyca1n']
[2024-10-23T07:20:56.499+0000] {standard_task_runner.py:88} INFO - Job 173: Subtask model_training_honda
[2024-10-23T07:20:56.530+0000] {task_command.py:423} INFO - Running <TaskInstance: Vehicle_Model_Training_Pipeline.model_training_honda manual__2024-10-23T07:20:40.610842+00:00 [running]> on host e8094f9ab2d0
[2024-10-23T07:20:56.585+0000] {taskinstance.py:2513} INFO - Exporting env vars: AIRFLOW_CTX_DAG_OWNER='sdeshan' AIRFLOW_CTX_DAG_ID='Vehicle_Model_Training_Pipeline' AIRFLOW_CTX_TASK_ID='model_training_honda' AIRFLOW_CTX_EXECUTION_DATE='2024-10-23T07:20:40.610842+00:00' AIRFLOW_CTX_TRY_NUMBER='1' AIRFLOW_CTX_DAG_RUN_ID='manual__2024-10-23T07:20:40.610842+00:00'
[2024-10-23T07:20:56.626+0000] {logging_mixin.py:188} INFO - RandomForestRegressor()
[2024-10-23T07:20:58.454+0000] {logging_mixin.py:188} INFO - DecisionTreeRegressor()
[2024-10-23T07:20:58.488+0000] {logging_mixin.py:188} INFO - GradientBoostingRegressor()
[2024-10-23T07:21:12.439+0000] {logging_mixin.py:188} INFO - LinearRegression()
[2024-10-23T07:21:12.486+0000] {logging_mixin.py:188} INFO - XGBRegressor(base_score=None, booster=None, callbacks=None,
             colsample_bylevel=None, colsample_bynode=None,
             colsample_bytree=None, device=None, early_stopping_rounds=None,
             enable_categorical=False, eval_metric=None, feature_types=None,
             gamma=None, grow_policy=None, importance_type=None,
             interaction_constraints=None, learning_rate=None, max_bin=None,
             max_cat_threshold=None, max_cat_to_onehot=None,
             max_delta_step=None, max_depth=None, max_leaves=None,
             min_child_weight=None, missing=nan, monotone_constraints=None,
             multi_strategy=None, n_estimators=None, n_jobs=None,
             num_parallel_tree=None, random_state=None, ...)
[2024-10-23T07:21:22.772+0000] {logging_mixin.py:188} INFO - <catboost.core.CatBoostRegressor object at 0x7f91063653a0>
[2024-10-23T07:21:28.241+0000] {logging_mixin.py:188} INFO - AdaBoostRegressor()
[2024-10-23T07:21:34.120+0000] {logging_mixin.py:188} INFO - model report is {'Random Forest': 0.9893712239612446, 'Decision Tree': 0.9897691426605587, 'Gradient Boosting': 0.988469785121949, 'Linear Regression': 0.8985299256963416, 'XGBRegressor': 0.9897525461048114, 'CatBoosting Regressor': 0.9870444568963057, 'AdaBoost Regressor': 0.9485516790858024}
[2024-10-23T07:21:34.122+0000] {logging_mixin.py:188} INFO - best model is :DecisionTreeRegressor()
[2024-10-23T07:21:34.123+0000] {logging_mixin.py:188} INFO - criterion ['squared_error', 'friedman_mse', 'absolute_error', 'poisson']
[2024-10-23T07:21:34.123+0000] {logging_mixin.py:188} INFO - Best found model on both training and testing dataset
[2024-10-23T07:21:34.125+0000] {logging_mixin.py:188} INFO - r2_square is 0.9897691426605587
[2024-10-23T07:21:34.128+0000] {python.py:202} INFO - Done. Returned value was: None
[2024-10-23T07:21:34.135+0000] {taskinstance.py:1149} INFO - Marking task as SUCCESS. dag_id=Vehicle_Model_Training_Pipeline, task_id=model_training_honda, execution_date=20241023T072040, start_date=20241023T072056, end_date=20241023T072134
[2024-10-23T07:21:34.139+0000] {logging_mixin.py:188} WARNING - /home/***/.local/lib/python3.8/site-packages/***/utils/context.py:207 AirflowContextDeprecationWarning: Accessing 'execution_date' from the template is deprecated and will be removed in a future version. Please use 'data_interval_start' or 'logical_date' instead.
[2024-10-23T07:21:34.145+0000] {logging_mixin.py:188} WARNING - /home/***/.local/lib/python3.8/site-packages/***/utils/email.py:154 RemovedInAirflow3Warning: Fetching SMTP credentials from configuration variables will be deprecated in a future release. Please set credentials using a connection instead.
[2024-10-23T07:21:34.146+0000] {email.py:270} INFO - Email alerting: attempt 1
[2024-10-23T07:21:38.395+0000] {email.py:281} INFO - Sent an alert email to ['deshanariyarathna@gmail.com']
[2024-10-23T07:21:40.441+0000] {local_task_job_runner.py:234} INFO - Task exited with return code 0
[2024-10-23T07:21:40.463+0000] {taskinstance.py:3312} INFO - 1 downstream tasks scheduled from follow-on schedule check
