[2024-10-23T07:04:07.252+0000] {processor.py:161} INFO - Started process (PID=247) to work on /opt/airflow/dags/gold_training_pipeline.py
[2024-10-23T07:04:07.253+0000] {processor.py:830} INFO - Processing file /opt/airflow/dags/gold_training_pipeline.py for tasks to queue
[2024-10-23T07:04:07.255+0000] {logging_mixin.py:188} INFO - [2024-10-23T07:04:07.254+0000] {dagbag.py:540} INFO - Filling up the DagBag from /opt/airflow/dags/gold_training_pipeline.py
[2024-10-23T07:04:08.182+0000] {logging_mixin.py:188} INFO - [2024-10-23T07:04:08.182+0000] {font_manager.py:1547} INFO - generated new fontManager
[2024-10-23T07:04:08.908+0000] {processor.py:840} INFO - DAG(s) 'Gold_training_Pipeline' retrieved from /opt/airflow/dags/gold_training_pipeline.py
[2024-10-23T07:04:09.055+0000] {logging_mixin.py:188} INFO - [2024-10-23T07:04:09.055+0000] {dag.py:3047} INFO - Sync 1 DAGs
[2024-10-23T07:04:09.070+0000] {logging_mixin.py:188} INFO - [2024-10-23T07:04:09.069+0000] {dag.py:3834} INFO - Setting next_dagrun for Gold_training_Pipeline to 2024-10-23 00:00:00+00:00, run_after=2024-10-24 00:00:00+00:00
[2024-10-23T07:04:09.092+0000] {processor.py:183} INFO - Processing /opt/airflow/dags/gold_training_pipeline.py took 1.842 seconds
[2024-10-23T07:04:39.658+0000] {processor.py:161} INFO - Started process (PID=322) to work on /opt/airflow/dags/gold_training_pipeline.py
[2024-10-23T07:04:39.659+0000] {processor.py:830} INFO - Processing file /opt/airflow/dags/gold_training_pipeline.py for tasks to queue
[2024-10-23T07:04:39.660+0000] {logging_mixin.py:188} INFO - [2024-10-23T07:04:39.660+0000] {dagbag.py:540} INFO - Filling up the DagBag from /opt/airflow/dags/gold_training_pipeline.py
[2024-10-23T07:04:40.868+0000] {processor.py:840} INFO - DAG(s) 'Gold_training_Pipeline' retrieved from /opt/airflow/dags/gold_training_pipeline.py
[2024-10-23T07:04:40.924+0000] {logging_mixin.py:188} INFO - [2024-10-23T07:04:40.924+0000] {dag.py:3047} INFO - Sync 1 DAGs
[2024-10-23T07:04:40.940+0000] {logging_mixin.py:188} INFO - [2024-10-23T07:04:40.940+0000] {dag.py:3834} INFO - Setting next_dagrun for Gold_training_Pipeline to 2024-10-23 00:00:00+00:00, run_after=2024-10-24 00:00:00+00:00
[2024-10-23T07:04:40.972+0000] {processor.py:183} INFO - Processing /opt/airflow/dags/gold_training_pipeline.py took 1.317 seconds
[2024-10-23T07:05:11.398+0000] {processor.py:161} INFO - Started process (PID=410) to work on /opt/airflow/dags/gold_training_pipeline.py
[2024-10-23T07:05:11.400+0000] {processor.py:830} INFO - Processing file /opt/airflow/dags/gold_training_pipeline.py for tasks to queue
[2024-10-23T07:05:11.401+0000] {logging_mixin.py:188} INFO - [2024-10-23T07:05:11.401+0000] {dagbag.py:540} INFO - Filling up the DagBag from /opt/airflow/dags/gold_training_pipeline.py
[2024-10-23T07:05:12.498+0000] {processor.py:840} INFO - DAG(s) 'Gold_training_Pipeline' retrieved from /opt/airflow/dags/gold_training_pipeline.py
[2024-10-23T07:05:12.579+0000] {logging_mixin.py:188} INFO - [2024-10-23T07:05:12.579+0000] {dag.py:3047} INFO - Sync 1 DAGs
[2024-10-23T07:05:12.595+0000] {logging_mixin.py:188} INFO - [2024-10-23T07:05:12.594+0000] {dag.py:3834} INFO - Setting next_dagrun for Gold_training_Pipeline to 2024-10-23 00:00:00+00:00, run_after=2024-10-24 00:00:00+00:00
[2024-10-23T07:05:12.614+0000] {processor.py:183} INFO - Processing /opt/airflow/dags/gold_training_pipeline.py took 1.219 seconds
[2024-10-23T07:05:43.252+0000] {processor.py:161} INFO - Started process (PID=485) to work on /opt/airflow/dags/gold_training_pipeline.py
[2024-10-23T07:05:43.254+0000] {processor.py:830} INFO - Processing file /opt/airflow/dags/gold_training_pipeline.py for tasks to queue
[2024-10-23T07:05:43.255+0000] {logging_mixin.py:188} INFO - [2024-10-23T07:05:43.255+0000] {dagbag.py:540} INFO - Filling up the DagBag from /opt/airflow/dags/gold_training_pipeline.py
[2024-10-23T07:05:44.451+0000] {processor.py:840} INFO - DAG(s) 'Gold_training_Pipeline' retrieved from /opt/airflow/dags/gold_training_pipeline.py
[2024-10-23T07:05:44.547+0000] {logging_mixin.py:188} INFO - [2024-10-23T07:05:44.547+0000] {dag.py:3047} INFO - Sync 1 DAGs
[2024-10-23T07:05:44.560+0000] {logging_mixin.py:188} INFO - [2024-10-23T07:05:44.560+0000] {dag.py:3834} INFO - Setting next_dagrun for Gold_training_Pipeline to 2024-10-23 00:00:00+00:00, run_after=2024-10-24 00:00:00+00:00
[2024-10-23T07:05:44.577+0000] {processor.py:183} INFO - Processing /opt/airflow/dags/gold_training_pipeline.py took 1.328 seconds
[2024-10-23T07:06:14.797+0000] {processor.py:161} INFO - Started process (PID=559) to work on /opt/airflow/dags/gold_training_pipeline.py
[2024-10-23T07:06:14.798+0000] {processor.py:830} INFO - Processing file /opt/airflow/dags/gold_training_pipeline.py for tasks to queue
[2024-10-23T07:06:14.800+0000] {logging_mixin.py:188} INFO - [2024-10-23T07:06:14.799+0000] {dagbag.py:540} INFO - Filling up the DagBag from /opt/airflow/dags/gold_training_pipeline.py
[2024-10-23T07:06:15.969+0000] {processor.py:840} INFO - DAG(s) 'Gold_training_Pipeline' retrieved from /opt/airflow/dags/gold_training_pipeline.py
[2024-10-23T07:06:16.055+0000] {logging_mixin.py:188} INFO - [2024-10-23T07:06:16.054+0000] {dag.py:3047} INFO - Sync 1 DAGs
[2024-10-23T07:06:16.069+0000] {logging_mixin.py:188} INFO - [2024-10-23T07:06:16.069+0000] {dag.py:3834} INFO - Setting next_dagrun for Gold_training_Pipeline to 2024-10-23 00:00:00+00:00, run_after=2024-10-24 00:00:00+00:00
[2024-10-23T07:06:16.085+0000] {processor.py:183} INFO - Processing /opt/airflow/dags/gold_training_pipeline.py took 1.291 seconds
[2024-10-23T07:06:47.014+0000] {processor.py:161} INFO - Started process (PID=633) to work on /opt/airflow/dags/gold_training_pipeline.py
[2024-10-23T07:06:47.015+0000] {processor.py:830} INFO - Processing file /opt/airflow/dags/gold_training_pipeline.py for tasks to queue
[2024-10-23T07:06:47.016+0000] {logging_mixin.py:188} INFO - [2024-10-23T07:06:47.015+0000] {dagbag.py:540} INFO - Filling up the DagBag from /opt/airflow/dags/gold_training_pipeline.py
[2024-10-23T07:06:48.031+0000] {processor.py:840} INFO - DAG(s) 'Gold_training_Pipeline' retrieved from /opt/airflow/dags/gold_training_pipeline.py
[2024-10-23T07:06:48.124+0000] {logging_mixin.py:188} INFO - [2024-10-23T07:06:48.124+0000] {dag.py:3047} INFO - Sync 1 DAGs
[2024-10-23T07:06:48.209+0000] {logging_mixin.py:188} INFO - [2024-10-23T07:06:48.209+0000] {dag.py:3834} INFO - Setting next_dagrun for Gold_training_Pipeline to 2024-10-23 00:00:00+00:00, run_after=2024-10-24 00:00:00+00:00
[2024-10-23T07:06:48.228+0000] {processor.py:183} INFO - Processing /opt/airflow/dags/gold_training_pipeline.py took 1.217 seconds
[2024-10-23T07:07:18.840+0000] {processor.py:161} INFO - Started process (PID=707) to work on /opt/airflow/dags/gold_training_pipeline.py
[2024-10-23T07:07:18.842+0000] {processor.py:830} INFO - Processing file /opt/airflow/dags/gold_training_pipeline.py for tasks to queue
[2024-10-23T07:07:18.843+0000] {logging_mixin.py:188} INFO - [2024-10-23T07:07:18.842+0000] {dagbag.py:540} INFO - Filling up the DagBag from /opt/airflow/dags/gold_training_pipeline.py
[2024-10-23T07:07:19.940+0000] {processor.py:840} INFO - DAG(s) 'Gold_training_Pipeline' retrieved from /opt/airflow/dags/gold_training_pipeline.py
[2024-10-23T07:07:19.993+0000] {logging_mixin.py:188} INFO - [2024-10-23T07:07:19.992+0000] {dag.py:3047} INFO - Sync 1 DAGs
[2024-10-23T07:07:20.083+0000] {logging_mixin.py:188} INFO - [2024-10-23T07:07:20.083+0000] {dag.py:3834} INFO - Setting next_dagrun for Gold_training_Pipeline to 2024-10-23 00:00:00+00:00, run_after=2024-10-24 00:00:00+00:00
[2024-10-23T07:07:20.099+0000] {processor.py:183} INFO - Processing /opt/airflow/dags/gold_training_pipeline.py took 1.262 seconds
[2024-10-23T07:07:50.269+0000] {processor.py:161} INFO - Started process (PID=781) to work on /opt/airflow/dags/gold_training_pipeline.py
[2024-10-23T07:07:50.270+0000] {processor.py:830} INFO - Processing file /opt/airflow/dags/gold_training_pipeline.py for tasks to queue
[2024-10-23T07:07:50.272+0000] {logging_mixin.py:188} INFO - [2024-10-23T07:07:50.271+0000] {dagbag.py:540} INFO - Filling up the DagBag from /opt/airflow/dags/gold_training_pipeline.py
[2024-10-23T07:07:51.453+0000] {processor.py:840} INFO - DAG(s) 'Gold_training_Pipeline' retrieved from /opt/airflow/dags/gold_training_pipeline.py
[2024-10-23T07:07:51.509+0000] {logging_mixin.py:188} INFO - [2024-10-23T07:07:51.509+0000] {dag.py:3047} INFO - Sync 1 DAGs
[2024-10-23T07:07:51.527+0000] {logging_mixin.py:188} INFO - [2024-10-23T07:07:51.526+0000] {dag.py:3834} INFO - Setting next_dagrun for Gold_training_Pipeline to 2024-10-23 00:00:00+00:00, run_after=2024-10-24 00:00:00+00:00
[2024-10-23T07:07:51.544+0000] {processor.py:183} INFO - Processing /opt/airflow/dags/gold_training_pipeline.py took 1.277 seconds
[2024-10-23T07:08:22.314+0000] {processor.py:161} INFO - Started process (PID=861) to work on /opt/airflow/dags/gold_training_pipeline.py
[2024-10-23T07:08:22.315+0000] {processor.py:830} INFO - Processing file /opt/airflow/dags/gold_training_pipeline.py for tasks to queue
[2024-10-23T07:08:22.316+0000] {logging_mixin.py:188} INFO - [2024-10-23T07:08:22.316+0000] {dagbag.py:540} INFO - Filling up the DagBag from /opt/airflow/dags/gold_training_pipeline.py
[2024-10-23T07:08:23.541+0000] {processor.py:840} INFO - DAG(s) 'Gold_training_Pipeline' retrieved from /opt/airflow/dags/gold_training_pipeline.py
[2024-10-23T07:08:23.641+0000] {logging_mixin.py:188} INFO - [2024-10-23T07:08:23.640+0000] {dag.py:3047} INFO - Sync 1 DAGs
[2024-10-23T07:08:23.654+0000] {logging_mixin.py:188} INFO - [2024-10-23T07:08:23.654+0000] {dag.py:3834} INFO - Setting next_dagrun for Gold_training_Pipeline to 2024-10-23 00:00:00+00:00, run_after=2024-10-24 00:00:00+00:00
[2024-10-23T07:08:23.673+0000] {processor.py:183} INFO - Processing /opt/airflow/dags/gold_training_pipeline.py took 1.361 seconds
[2024-10-23T07:08:53.951+0000] {processor.py:161} INFO - Started process (PID=935) to work on /opt/airflow/dags/gold_training_pipeline.py
[2024-10-23T07:08:53.952+0000] {processor.py:830} INFO - Processing file /opt/airflow/dags/gold_training_pipeline.py for tasks to queue
[2024-10-23T07:08:53.953+0000] {logging_mixin.py:188} INFO - [2024-10-23T07:08:53.953+0000] {dagbag.py:540} INFO - Filling up the DagBag from /opt/airflow/dags/gold_training_pipeline.py
[2024-10-23T07:08:55.077+0000] {processor.py:840} INFO - DAG(s) 'Gold_training_Pipeline' retrieved from /opt/airflow/dags/gold_training_pipeline.py
[2024-10-23T07:08:55.134+0000] {logging_mixin.py:188} INFO - [2024-10-23T07:08:55.134+0000] {dag.py:3047} INFO - Sync 1 DAGs
[2024-10-23T07:08:55.149+0000] {logging_mixin.py:188} INFO - [2024-10-23T07:08:55.149+0000] {dag.py:3834} INFO - Setting next_dagrun for Gold_training_Pipeline to 2024-10-23 00:00:00+00:00, run_after=2024-10-24 00:00:00+00:00
[2024-10-23T07:08:55.165+0000] {processor.py:183} INFO - Processing /opt/airflow/dags/gold_training_pipeline.py took 1.216 seconds
[2024-10-23T07:09:26.189+0000] {processor.py:161} INFO - Started process (PID=1009) to work on /opt/airflow/dags/gold_training_pipeline.py
[2024-10-23T07:09:26.190+0000] {processor.py:830} INFO - Processing file /opt/airflow/dags/gold_training_pipeline.py for tasks to queue
[2024-10-23T07:09:26.191+0000] {logging_mixin.py:188} INFO - [2024-10-23T07:09:26.191+0000] {dagbag.py:540} INFO - Filling up the DagBag from /opt/airflow/dags/gold_training_pipeline.py
[2024-10-23T07:09:27.149+0000] {processor.py:840} INFO - DAG(s) 'Gold_training_Pipeline' retrieved from /opt/airflow/dags/gold_training_pipeline.py
[2024-10-23T07:09:27.241+0000] {logging_mixin.py:188} INFO - [2024-10-23T07:09:27.240+0000] {dag.py:3047} INFO - Sync 1 DAGs
[2024-10-23T07:09:27.328+0000] {logging_mixin.py:188} INFO - [2024-10-23T07:09:27.328+0000] {dag.py:3834} INFO - Setting next_dagrun for Gold_training_Pipeline to 2024-10-23 00:00:00+00:00, run_after=2024-10-24 00:00:00+00:00
[2024-10-23T07:09:27.346+0000] {processor.py:183} INFO - Processing /opt/airflow/dags/gold_training_pipeline.py took 1.159 seconds
[2024-10-23T07:09:57.843+0000] {processor.py:161} INFO - Started process (PID=1083) to work on /opt/airflow/dags/gold_training_pipeline.py
[2024-10-23T07:09:57.844+0000] {processor.py:830} INFO - Processing file /opt/airflow/dags/gold_training_pipeline.py for tasks to queue
[2024-10-23T07:09:57.846+0000] {logging_mixin.py:188} INFO - [2024-10-23T07:09:57.845+0000] {dagbag.py:540} INFO - Filling up the DagBag from /opt/airflow/dags/gold_training_pipeline.py
[2024-10-23T07:09:59.061+0000] {processor.py:840} INFO - DAG(s) 'Gold_training_Pipeline' retrieved from /opt/airflow/dags/gold_training_pipeline.py
[2024-10-23T07:09:59.135+0000] {logging_mixin.py:188} INFO - [2024-10-23T07:09:59.135+0000] {dag.py:3047} INFO - Sync 1 DAGs
[2024-10-23T07:09:59.150+0000] {logging_mixin.py:188} INFO - [2024-10-23T07:09:59.149+0000] {dag.py:3834} INFO - Setting next_dagrun for Gold_training_Pipeline to 2024-10-23 00:00:00+00:00, run_after=2024-10-24 00:00:00+00:00
[2024-10-23T07:09:59.168+0000] {processor.py:183} INFO - Processing /opt/airflow/dags/gold_training_pipeline.py took 1.327 seconds
[2024-10-23T07:10:29.643+0000] {processor.py:161} INFO - Started process (PID=1156) to work on /opt/airflow/dags/gold_training_pipeline.py
[2024-10-23T07:10:29.644+0000] {processor.py:830} INFO - Processing file /opt/airflow/dags/gold_training_pipeline.py for tasks to queue
[2024-10-23T07:10:29.645+0000] {logging_mixin.py:188} INFO - [2024-10-23T07:10:29.644+0000] {dagbag.py:540} INFO - Filling up the DagBag from /opt/airflow/dags/gold_training_pipeline.py
[2024-10-23T07:10:31.003+0000] {processor.py:840} INFO - DAG(s) 'Gold_training_Pipeline' retrieved from /opt/airflow/dags/gold_training_pipeline.py
[2024-10-23T07:10:31.091+0000] {logging_mixin.py:188} INFO - [2024-10-23T07:10:31.090+0000] {dag.py:3047} INFO - Sync 1 DAGs
[2024-10-23T07:10:31.109+0000] {logging_mixin.py:188} INFO - [2024-10-23T07:10:31.108+0000] {dag.py:3834} INFO - Setting next_dagrun for Gold_training_Pipeline to 2024-10-23 00:00:00+00:00, run_after=2024-10-24 00:00:00+00:00
[2024-10-23T07:10:31.131+0000] {processor.py:183} INFO - Processing /opt/airflow/dags/gold_training_pipeline.py took 1.491 seconds
[2024-10-23T07:11:01.787+0000] {processor.py:161} INFO - Started process (PID=1230) to work on /opt/airflow/dags/gold_training_pipeline.py
[2024-10-23T07:11:01.789+0000] {processor.py:830} INFO - Processing file /opt/airflow/dags/gold_training_pipeline.py for tasks to queue
[2024-10-23T07:11:01.790+0000] {logging_mixin.py:188} INFO - [2024-10-23T07:11:01.789+0000] {dagbag.py:540} INFO - Filling up the DagBag from /opt/airflow/dags/gold_training_pipeline.py
[2024-10-23T07:11:02.930+0000] {processor.py:840} INFO - DAG(s) 'Gold_training_Pipeline' retrieved from /opt/airflow/dags/gold_training_pipeline.py
[2024-10-23T07:11:02.976+0000] {logging_mixin.py:188} INFO - [2024-10-23T07:11:02.976+0000] {dag.py:3047} INFO - Sync 1 DAGs
[2024-10-23T07:11:02.990+0000] {logging_mixin.py:188} INFO - [2024-10-23T07:11:02.989+0000] {dag.py:3834} INFO - Setting next_dagrun for Gold_training_Pipeline to 2024-10-23 00:00:00+00:00, run_after=2024-10-24 00:00:00+00:00
[2024-10-23T07:11:03.010+0000] {processor.py:183} INFO - Processing /opt/airflow/dags/gold_training_pipeline.py took 1.225 seconds
[2024-10-23T07:11:33.419+0000] {processor.py:161} INFO - Started process (PID=1304) to work on /opt/airflow/dags/gold_training_pipeline.py
[2024-10-23T07:11:33.421+0000] {processor.py:830} INFO - Processing file /opt/airflow/dags/gold_training_pipeline.py for tasks to queue
[2024-10-23T07:11:33.422+0000] {logging_mixin.py:188} INFO - [2024-10-23T07:11:33.422+0000] {dagbag.py:540} INFO - Filling up the DagBag from /opt/airflow/dags/gold_training_pipeline.py
[2024-10-23T07:11:34.782+0000] {processor.py:840} INFO - DAG(s) 'Gold_training_Pipeline' retrieved from /opt/airflow/dags/gold_training_pipeline.py
[2024-10-23T07:11:34.937+0000] {logging_mixin.py:188} INFO - [2024-10-23T07:11:34.937+0000] {dag.py:3047} INFO - Sync 1 DAGs
[2024-10-23T07:11:34.953+0000] {logging_mixin.py:188} INFO - [2024-10-23T07:11:34.952+0000] {dag.py:3834} INFO - Setting next_dagrun for Gold_training_Pipeline to 2024-10-23 00:00:00+00:00, run_after=2024-10-24 00:00:00+00:00
[2024-10-23T07:11:34.970+0000] {processor.py:183} INFO - Processing /opt/airflow/dags/gold_training_pipeline.py took 1.553 seconds
[2024-10-23T07:12:05.319+0000] {processor.py:161} INFO - Started process (PID=1378) to work on /opt/airflow/dags/gold_training_pipeline.py
[2024-10-23T07:12:05.320+0000] {processor.py:830} INFO - Processing file /opt/airflow/dags/gold_training_pipeline.py for tasks to queue
[2024-10-23T07:12:05.321+0000] {logging_mixin.py:188} INFO - [2024-10-23T07:12:05.320+0000] {dagbag.py:540} INFO - Filling up the DagBag from /opt/airflow/dags/gold_training_pipeline.py
[2024-10-23T07:12:06.515+0000] {processor.py:840} INFO - DAG(s) 'Gold_training_Pipeline' retrieved from /opt/airflow/dags/gold_training_pipeline.py
[2024-10-23T07:12:06.617+0000] {logging_mixin.py:188} INFO - [2024-10-23T07:12:06.617+0000] {dag.py:3047} INFO - Sync 1 DAGs
[2024-10-23T07:12:06.631+0000] {logging_mixin.py:188} INFO - [2024-10-23T07:12:06.631+0000] {dag.py:3834} INFO - Setting next_dagrun for Gold_training_Pipeline to 2024-10-23 00:00:00+00:00, run_after=2024-10-24 00:00:00+00:00
[2024-10-23T07:12:06.650+0000] {processor.py:183} INFO - Processing /opt/airflow/dags/gold_training_pipeline.py took 1.333 seconds
[2024-10-23T07:12:36.850+0000] {processor.py:161} INFO - Started process (PID=1452) to work on /opt/airflow/dags/gold_training_pipeline.py
[2024-10-23T07:12:36.851+0000] {processor.py:830} INFO - Processing file /opt/airflow/dags/gold_training_pipeline.py for tasks to queue
[2024-10-23T07:12:36.852+0000] {logging_mixin.py:188} INFO - [2024-10-23T07:12:36.852+0000] {dagbag.py:540} INFO - Filling up the DagBag from /opt/airflow/dags/gold_training_pipeline.py
[2024-10-23T07:12:38.008+0000] {processor.py:840} INFO - DAG(s) 'Gold_training_Pipeline' retrieved from /opt/airflow/dags/gold_training_pipeline.py
[2024-10-23T07:12:38.094+0000] {logging_mixin.py:188} INFO - [2024-10-23T07:12:38.094+0000] {dag.py:3047} INFO - Sync 1 DAGs
[2024-10-23T07:12:38.108+0000] {logging_mixin.py:188} INFO - [2024-10-23T07:12:38.108+0000] {dag.py:3834} INFO - Setting next_dagrun for Gold_training_Pipeline to 2024-10-23 00:00:00+00:00, run_after=2024-10-24 00:00:00+00:00
[2024-10-23T07:12:38.130+0000] {processor.py:183} INFO - Processing /opt/airflow/dags/gold_training_pipeline.py took 1.282 seconds
[2024-10-23T07:13:09.003+0000] {processor.py:161} INFO - Started process (PID=1526) to work on /opt/airflow/dags/gold_training_pipeline.py
[2024-10-23T07:13:09.005+0000] {processor.py:830} INFO - Processing file /opt/airflow/dags/gold_training_pipeline.py for tasks to queue
[2024-10-23T07:13:09.006+0000] {logging_mixin.py:188} INFO - [2024-10-23T07:13:09.005+0000] {dagbag.py:540} INFO - Filling up the DagBag from /opt/airflow/dags/gold_training_pipeline.py
[2024-10-23T07:13:10.336+0000] {processor.py:840} INFO - DAG(s) 'Gold_training_Pipeline' retrieved from /opt/airflow/dags/gold_training_pipeline.py
[2024-10-23T07:13:10.424+0000] {logging_mixin.py:188} INFO - [2024-10-23T07:13:10.424+0000] {dag.py:3047} INFO - Sync 1 DAGs
[2024-10-23T07:13:10.439+0000] {logging_mixin.py:188} INFO - [2024-10-23T07:13:10.438+0000] {dag.py:3834} INFO - Setting next_dagrun for Gold_training_Pipeline to 2024-10-23 00:00:00+00:00, run_after=2024-10-24 00:00:00+00:00
[2024-10-23T07:13:10.459+0000] {processor.py:183} INFO - Processing /opt/airflow/dags/gold_training_pipeline.py took 1.459 seconds
[2024-10-23T07:13:41.161+0000] {processor.py:161} INFO - Started process (PID=1600) to work on /opt/airflow/dags/gold_training_pipeline.py
[2024-10-23T07:13:41.163+0000] {processor.py:830} INFO - Processing file /opt/airflow/dags/gold_training_pipeline.py for tasks to queue
[2024-10-23T07:13:41.164+0000] {logging_mixin.py:188} INFO - [2024-10-23T07:13:41.164+0000] {dagbag.py:540} INFO - Filling up the DagBag from /opt/airflow/dags/gold_training_pipeline.py
[2024-10-23T07:13:42.282+0000] {processor.py:840} INFO - DAG(s) 'Gold_training_Pipeline' retrieved from /opt/airflow/dags/gold_training_pipeline.py
[2024-10-23T07:13:42.343+0000] {logging_mixin.py:188} INFO - [2024-10-23T07:13:42.342+0000] {dag.py:3047} INFO - Sync 1 DAGs
[2024-10-23T07:13:42.360+0000] {logging_mixin.py:188} INFO - [2024-10-23T07:13:42.360+0000] {dag.py:3834} INFO - Setting next_dagrun for Gold_training_Pipeline to 2024-10-23 00:00:00+00:00, run_after=2024-10-24 00:00:00+00:00
[2024-10-23T07:13:42.378+0000] {processor.py:183} INFO - Processing /opt/airflow/dags/gold_training_pipeline.py took 1.220 seconds
[2024-10-23T07:14:12.579+0000] {processor.py:161} INFO - Started process (PID=1674) to work on /opt/airflow/dags/gold_training_pipeline.py
[2024-10-23T07:14:12.580+0000] {processor.py:830} INFO - Processing file /opt/airflow/dags/gold_training_pipeline.py for tasks to queue
[2024-10-23T07:14:12.581+0000] {logging_mixin.py:188} INFO - [2024-10-23T07:14:12.581+0000] {dagbag.py:540} INFO - Filling up the DagBag from /opt/airflow/dags/gold_training_pipeline.py
[2024-10-23T07:14:13.624+0000] {processor.py:840} INFO - DAG(s) 'Gold_training_Pipeline' retrieved from /opt/airflow/dags/gold_training_pipeline.py
[2024-10-23T07:14:13.717+0000] {logging_mixin.py:188} INFO - [2024-10-23T07:14:13.717+0000] {dag.py:3047} INFO - Sync 1 DAGs
[2024-10-23T07:14:13.800+0000] {logging_mixin.py:188} INFO - [2024-10-23T07:14:13.800+0000] {dag.py:3834} INFO - Setting next_dagrun for Gold_training_Pipeline to 2024-10-23 00:00:00+00:00, run_after=2024-10-24 00:00:00+00:00
[2024-10-23T07:14:13.932+0000] {processor.py:183} INFO - Processing /opt/airflow/dags/gold_training_pipeline.py took 1.356 seconds
[2024-10-23T07:14:44.038+0000] {processor.py:161} INFO - Started process (PID=1748) to work on /opt/airflow/dags/gold_training_pipeline.py
[2024-10-23T07:14:44.039+0000] {processor.py:830} INFO - Processing file /opt/airflow/dags/gold_training_pipeline.py for tasks to queue
[2024-10-23T07:14:44.041+0000] {logging_mixin.py:188} INFO - [2024-10-23T07:14:44.040+0000] {dagbag.py:540} INFO - Filling up the DagBag from /opt/airflow/dags/gold_training_pipeline.py
[2024-10-23T07:14:45.154+0000] {processor.py:840} INFO - DAG(s) 'Gold_training_Pipeline' retrieved from /opt/airflow/dags/gold_training_pipeline.py
[2024-10-23T07:14:45.234+0000] {logging_mixin.py:188} INFO - [2024-10-23T07:14:45.234+0000] {dag.py:3047} INFO - Sync 1 DAGs
[2024-10-23T07:14:45.251+0000] {logging_mixin.py:188} INFO - [2024-10-23T07:14:45.250+0000] {dag.py:3834} INFO - Setting next_dagrun for Gold_training_Pipeline to 2024-10-23 00:00:00+00:00, run_after=2024-10-24 00:00:00+00:00
[2024-10-23T07:14:45.272+0000] {processor.py:183} INFO - Processing /opt/airflow/dags/gold_training_pipeline.py took 1.237 seconds
[2024-10-23T07:15:16.159+0000] {processor.py:161} INFO - Started process (PID=1822) to work on /opt/airflow/dags/gold_training_pipeline.py
[2024-10-23T07:15:16.160+0000] {processor.py:830} INFO - Processing file /opt/airflow/dags/gold_training_pipeline.py for tasks to queue
[2024-10-23T07:15:16.161+0000] {logging_mixin.py:188} INFO - [2024-10-23T07:15:16.161+0000] {dagbag.py:540} INFO - Filling up the DagBag from /opt/airflow/dags/gold_training_pipeline.py
[2024-10-23T07:15:17.392+0000] {processor.py:840} INFO - DAG(s) 'Gold_training_Pipeline' retrieved from /opt/airflow/dags/gold_training_pipeline.py
[2024-10-23T07:15:17.458+0000] {logging_mixin.py:188} INFO - [2024-10-23T07:15:17.458+0000] {dag.py:3047} INFO - Sync 1 DAGs
[2024-10-23T07:15:17.475+0000] {logging_mixin.py:188} INFO - [2024-10-23T07:15:17.475+0000] {dag.py:3834} INFO - Setting next_dagrun for Gold_training_Pipeline to 2024-10-23 00:00:00+00:00, run_after=2024-10-24 00:00:00+00:00
[2024-10-23T07:15:17.494+0000] {processor.py:183} INFO - Processing /opt/airflow/dags/gold_training_pipeline.py took 1.337 seconds
[2024-10-23T07:15:48.320+0000] {processor.py:161} INFO - Started process (PID=1895) to work on /opt/airflow/dags/gold_training_pipeline.py
[2024-10-23T07:15:48.322+0000] {processor.py:830} INFO - Processing file /opt/airflow/dags/gold_training_pipeline.py for tasks to queue
[2024-10-23T07:15:48.323+0000] {logging_mixin.py:188} INFO - [2024-10-23T07:15:48.323+0000] {dagbag.py:540} INFO - Filling up the DagBag from /opt/airflow/dags/gold_training_pipeline.py
[2024-10-23T07:15:49.565+0000] {processor.py:840} INFO - DAG(s) 'Gold_training_Pipeline' retrieved from /opt/airflow/dags/gold_training_pipeline.py
[2024-10-23T07:15:49.627+0000] {logging_mixin.py:188} INFO - [2024-10-23T07:15:49.626+0000] {dag.py:3047} INFO - Sync 1 DAGs
[2024-10-23T07:15:49.640+0000] {logging_mixin.py:188} INFO - [2024-10-23T07:15:49.640+0000] {dag.py:3834} INFO - Setting next_dagrun for Gold_training_Pipeline to 2024-10-23 00:00:00+00:00, run_after=2024-10-24 00:00:00+00:00
[2024-10-23T07:15:49.653+0000] {processor.py:183} INFO - Processing /opt/airflow/dags/gold_training_pipeline.py took 1.335 seconds
[2024-10-23T07:16:20.508+0000] {processor.py:161} INFO - Started process (PID=1969) to work on /opt/airflow/dags/gold_training_pipeline.py
[2024-10-23T07:16:20.509+0000] {processor.py:830} INFO - Processing file /opt/airflow/dags/gold_training_pipeline.py for tasks to queue
[2024-10-23T07:16:20.510+0000] {logging_mixin.py:188} INFO - [2024-10-23T07:16:20.510+0000] {dagbag.py:540} INFO - Filling up the DagBag from /opt/airflow/dags/gold_training_pipeline.py
[2024-10-23T07:16:21.630+0000] {processor.py:840} INFO - DAG(s) 'Gold_training_Pipeline' retrieved from /opt/airflow/dags/gold_training_pipeline.py
[2024-10-23T07:16:21.679+0000] {logging_mixin.py:188} INFO - [2024-10-23T07:16:21.678+0000] {dag.py:3047} INFO - Sync 1 DAGs
[2024-10-23T07:16:21.785+0000] {logging_mixin.py:188} INFO - [2024-10-23T07:16:21.785+0000] {dag.py:3834} INFO - Setting next_dagrun for Gold_training_Pipeline to 2024-10-23 00:00:00+00:00, run_after=2024-10-24 00:00:00+00:00
[2024-10-23T07:16:21.799+0000] {processor.py:183} INFO - Processing /opt/airflow/dags/gold_training_pipeline.py took 1.293 seconds
[2024-10-23T07:16:52.618+0000] {processor.py:161} INFO - Started process (PID=2049) to work on /opt/airflow/dags/gold_training_pipeline.py
[2024-10-23T07:16:52.619+0000] {processor.py:830} INFO - Processing file /opt/airflow/dags/gold_training_pipeline.py for tasks to queue
[2024-10-23T07:16:52.620+0000] {logging_mixin.py:188} INFO - [2024-10-23T07:16:52.620+0000] {dagbag.py:540} INFO - Filling up the DagBag from /opt/airflow/dags/gold_training_pipeline.py
[2024-10-23T07:16:53.697+0000] {processor.py:840} INFO - DAG(s) 'Gold_training_Pipeline' retrieved from /opt/airflow/dags/gold_training_pipeline.py
[2024-10-23T07:16:53.809+0000] {logging_mixin.py:188} INFO - [2024-10-23T07:16:53.808+0000] {dag.py:3047} INFO - Sync 1 DAGs
[2024-10-23T07:16:53.823+0000] {logging_mixin.py:188} INFO - [2024-10-23T07:16:53.823+0000] {dag.py:3834} INFO - Setting next_dagrun for Gold_training_Pipeline to 2024-10-23 00:00:00+00:00, run_after=2024-10-24 00:00:00+00:00
[2024-10-23T07:16:53.841+0000] {processor.py:183} INFO - Processing /opt/airflow/dags/gold_training_pipeline.py took 1.225 seconds
[2024-10-23T07:17:24.145+0000] {processor.py:161} INFO - Started process (PID=2123) to work on /opt/airflow/dags/gold_training_pipeline.py
[2024-10-23T07:17:24.146+0000] {processor.py:830} INFO - Processing file /opt/airflow/dags/gold_training_pipeline.py for tasks to queue
[2024-10-23T07:17:24.147+0000] {logging_mixin.py:188} INFO - [2024-10-23T07:17:24.147+0000] {dagbag.py:540} INFO - Filling up the DagBag from /opt/airflow/dags/gold_training_pipeline.py
[2024-10-23T07:17:25.254+0000] {processor.py:840} INFO - DAG(s) 'Gold_training_Pipeline' retrieved from /opt/airflow/dags/gold_training_pipeline.py
[2024-10-23T07:17:25.301+0000] {logging_mixin.py:188} INFO - [2024-10-23T07:17:25.301+0000] {dag.py:3047} INFO - Sync 1 DAGs
[2024-10-23T07:17:25.315+0000] {logging_mixin.py:188} INFO - [2024-10-23T07:17:25.315+0000] {dag.py:3834} INFO - Setting next_dagrun for Gold_training_Pipeline to 2024-10-23 00:00:00+00:00, run_after=2024-10-24 00:00:00+00:00
[2024-10-23T07:17:25.331+0000] {processor.py:183} INFO - Processing /opt/airflow/dags/gold_training_pipeline.py took 1.188 seconds
[2024-10-23T07:17:55.482+0000] {processor.py:161} INFO - Started process (PID=2197) to work on /opt/airflow/dags/gold_training_pipeline.py
[2024-10-23T07:17:55.484+0000] {processor.py:830} INFO - Processing file /opt/airflow/dags/gold_training_pipeline.py for tasks to queue
[2024-10-23T07:17:55.485+0000] {logging_mixin.py:188} INFO - [2024-10-23T07:17:55.485+0000] {dagbag.py:540} INFO - Filling up the DagBag from /opt/airflow/dags/gold_training_pipeline.py
[2024-10-23T07:17:56.767+0000] {processor.py:840} INFO - DAG(s) 'Gold_training_Pipeline' retrieved from /opt/airflow/dags/gold_training_pipeline.py
[2024-10-23T07:17:56.836+0000] {logging_mixin.py:188} INFO - [2024-10-23T07:17:56.835+0000] {dag.py:3047} INFO - Sync 1 DAGs
[2024-10-23T07:17:56.850+0000] {logging_mixin.py:188} INFO - [2024-10-23T07:17:56.850+0000] {dag.py:3834} INFO - Setting next_dagrun for Gold_training_Pipeline to 2024-10-23 00:00:00+00:00, run_after=2024-10-24 00:00:00+00:00
[2024-10-23T07:17:56.866+0000] {processor.py:183} INFO - Processing /opt/airflow/dags/gold_training_pipeline.py took 1.386 seconds
[2024-10-23T07:18:27.142+0000] {processor.py:161} INFO - Started process (PID=2271) to work on /opt/airflow/dags/gold_training_pipeline.py
[2024-10-23T07:18:27.144+0000] {processor.py:830} INFO - Processing file /opt/airflow/dags/gold_training_pipeline.py for tasks to queue
[2024-10-23T07:18:27.145+0000] {logging_mixin.py:188} INFO - [2024-10-23T07:18:27.145+0000] {dagbag.py:540} INFO - Filling up the DagBag from /opt/airflow/dags/gold_training_pipeline.py
[2024-10-23T07:18:28.331+0000] {processor.py:840} INFO - DAG(s) 'Gold_training_Pipeline' retrieved from /opt/airflow/dags/gold_training_pipeline.py
[2024-10-23T07:18:28.418+0000] {logging_mixin.py:188} INFO - [2024-10-23T07:18:28.418+0000] {dag.py:3047} INFO - Sync 1 DAGs
[2024-10-23T07:18:28.435+0000] {logging_mixin.py:188} INFO - [2024-10-23T07:18:28.435+0000] {dag.py:3834} INFO - Setting next_dagrun for Gold_training_Pipeline to 2024-10-23 00:00:00+00:00, run_after=2024-10-24 00:00:00+00:00
[2024-10-23T07:18:28.455+0000] {processor.py:183} INFO - Processing /opt/airflow/dags/gold_training_pipeline.py took 1.315 seconds
[2024-10-23T07:18:59.455+0000] {processor.py:161} INFO - Started process (PID=2345) to work on /opt/airflow/dags/gold_training_pipeline.py
[2024-10-23T07:18:59.456+0000] {processor.py:830} INFO - Processing file /opt/airflow/dags/gold_training_pipeline.py for tasks to queue
[2024-10-23T07:18:59.457+0000] {logging_mixin.py:188} INFO - [2024-10-23T07:18:59.457+0000] {dagbag.py:540} INFO - Filling up the DagBag from /opt/airflow/dags/gold_training_pipeline.py
[2024-10-23T07:19:00.581+0000] {processor.py:840} INFO - DAG(s) 'Gold_training_Pipeline' retrieved from /opt/airflow/dags/gold_training_pipeline.py
[2024-10-23T07:19:00.624+0000] {logging_mixin.py:188} INFO - [2024-10-23T07:19:00.624+0000] {dag.py:3047} INFO - Sync 1 DAGs
[2024-10-23T07:19:00.732+0000] {logging_mixin.py:188} INFO - [2024-10-23T07:19:00.732+0000] {dag.py:3834} INFO - Setting next_dagrun for Gold_training_Pipeline to 2024-10-23 00:00:00+00:00, run_after=2024-10-24 00:00:00+00:00
[2024-10-23T07:19:00.751+0000] {processor.py:183} INFO - Processing /opt/airflow/dags/gold_training_pipeline.py took 1.297 seconds
[2024-10-23T07:19:31.745+0000] {processor.py:161} INFO - Started process (PID=2419) to work on /opt/airflow/dags/gold_training_pipeline.py
[2024-10-23T07:19:31.746+0000] {processor.py:830} INFO - Processing file /opt/airflow/dags/gold_training_pipeline.py for tasks to queue
[2024-10-23T07:19:31.747+0000] {logging_mixin.py:188} INFO - [2024-10-23T07:19:31.747+0000] {dagbag.py:540} INFO - Filling up the DagBag from /opt/airflow/dags/gold_training_pipeline.py
[2024-10-23T07:19:32.941+0000] {processor.py:840} INFO - DAG(s) 'Gold_training_Pipeline' retrieved from /opt/airflow/dags/gold_training_pipeline.py
[2024-10-23T07:19:33.012+0000] {logging_mixin.py:188} INFO - [2024-10-23T07:19:33.011+0000] {dag.py:3047} INFO - Sync 1 DAGs
[2024-10-23T07:19:33.026+0000] {logging_mixin.py:188} INFO - [2024-10-23T07:19:33.026+0000] {dag.py:3834} INFO - Setting next_dagrun for Gold_training_Pipeline to 2024-10-23 00:00:00+00:00, run_after=2024-10-24 00:00:00+00:00
[2024-10-23T07:19:33.044+0000] {processor.py:183} INFO - Processing /opt/airflow/dags/gold_training_pipeline.py took 1.300 seconds
[2024-10-23T07:20:03.315+0000] {processor.py:161} INFO - Started process (PID=2494) to work on /opt/airflow/dags/gold_training_pipeline.py
[2024-10-23T07:20:03.317+0000] {processor.py:830} INFO - Processing file /opt/airflow/dags/gold_training_pipeline.py for tasks to queue
[2024-10-23T07:20:03.318+0000] {logging_mixin.py:188} INFO - [2024-10-23T07:20:03.318+0000] {dagbag.py:540} INFO - Filling up the DagBag from /opt/airflow/dags/gold_training_pipeline.py
[2024-10-23T07:20:04.471+0000] {processor.py:840} INFO - DAG(s) 'Gold_training_Pipeline' retrieved from /opt/airflow/dags/gold_training_pipeline.py
[2024-10-23T07:20:04.519+0000] {logging_mixin.py:188} INFO - [2024-10-23T07:20:04.518+0000] {dag.py:3047} INFO - Sync 1 DAGs
[2024-10-23T07:20:04.533+0000] {logging_mixin.py:188} INFO - [2024-10-23T07:20:04.532+0000] {dag.py:3834} INFO - Setting next_dagrun for Gold_training_Pipeline to 2024-10-23 00:00:00+00:00, run_after=2024-10-24 00:00:00+00:00
[2024-10-23T07:20:04.554+0000] {processor.py:183} INFO - Processing /opt/airflow/dags/gold_training_pipeline.py took 1.241 seconds
[2024-10-23T07:20:35.195+0000] {processor.py:161} INFO - Started process (PID=2568) to work on /opt/airflow/dags/gold_training_pipeline.py
[2024-10-23T07:20:35.197+0000] {processor.py:830} INFO - Processing file /opt/airflow/dags/gold_training_pipeline.py for tasks to queue
[2024-10-23T07:20:35.198+0000] {logging_mixin.py:188} INFO - [2024-10-23T07:20:35.197+0000] {dagbag.py:540} INFO - Filling up the DagBag from /opt/airflow/dags/gold_training_pipeline.py
[2024-10-23T07:20:36.586+0000] {processor.py:840} INFO - DAG(s) 'Gold_training_Pipeline' retrieved from /opt/airflow/dags/gold_training_pipeline.py
[2024-10-23T07:20:36.655+0000] {logging_mixin.py:188} INFO - [2024-10-23T07:20:36.655+0000] {dag.py:3047} INFO - Sync 1 DAGs
[2024-10-23T07:20:36.673+0000] {logging_mixin.py:188} INFO - [2024-10-23T07:20:36.673+0000] {dag.py:3834} INFO - Setting next_dagrun for Gold_training_Pipeline to 2024-10-23 00:00:00+00:00, run_after=2024-10-24 00:00:00+00:00
[2024-10-23T07:20:36.688+0000] {processor.py:183} INFO - Processing /opt/airflow/dags/gold_training_pipeline.py took 1.496 seconds
[2024-10-23T07:21:07.534+0000] {processor.py:161} INFO - Started process (PID=2708) to work on /opt/airflow/dags/gold_training_pipeline.py
[2024-10-23T07:21:07.535+0000] {processor.py:830} INFO - Processing file /opt/airflow/dags/gold_training_pipeline.py for tasks to queue
[2024-10-23T07:21:07.536+0000] {logging_mixin.py:188} INFO - [2024-10-23T07:21:07.536+0000] {dagbag.py:540} INFO - Filling up the DagBag from /opt/airflow/dags/gold_training_pipeline.py
[2024-10-23T07:21:08.831+0000] {processor.py:840} INFO - DAG(s) 'Gold_training_Pipeline' retrieved from /opt/airflow/dags/gold_training_pipeline.py
[2024-10-23T07:21:08.914+0000] {logging_mixin.py:188} INFO - [2024-10-23T07:21:08.914+0000] {dag.py:3047} INFO - Sync 1 DAGs
[2024-10-23T07:21:08.927+0000] {logging_mixin.py:188} INFO - [2024-10-23T07:21:08.927+0000] {dag.py:3834} INFO - Setting next_dagrun for Gold_training_Pipeline to 2024-10-23 00:00:00+00:00, run_after=2024-10-24 00:00:00+00:00
[2024-10-23T07:21:08.947+0000] {processor.py:183} INFO - Processing /opt/airflow/dags/gold_training_pipeline.py took 1.416 seconds
[2024-10-23T07:21:39.503+0000] {processor.py:161} INFO - Started process (PID=4434) to work on /opt/airflow/dags/gold_training_pipeline.py
[2024-10-23T07:21:39.505+0000] {processor.py:830} INFO - Processing file /opt/airflow/dags/gold_training_pipeline.py for tasks to queue
[2024-10-23T07:21:39.507+0000] {logging_mixin.py:188} INFO - [2024-10-23T07:21:39.506+0000] {dagbag.py:540} INFO - Filling up the DagBag from /opt/airflow/dags/gold_training_pipeline.py
[2024-10-23T07:21:40.709+0000] {processor.py:840} INFO - DAG(s) 'Gold_training_Pipeline' retrieved from /opt/airflow/dags/gold_training_pipeline.py
[2024-10-23T07:21:40.783+0000] {logging_mixin.py:188} INFO - [2024-10-23T07:21:40.783+0000] {dag.py:3047} INFO - Sync 1 DAGs
[2024-10-23T07:21:40.876+0000] {logging_mixin.py:188} INFO - [2024-10-23T07:21:40.876+0000] {dag.py:3834} INFO - Setting next_dagrun for Gold_training_Pipeline to 2024-10-23 00:00:00+00:00, run_after=2024-10-24 00:00:00+00:00
[2024-10-23T07:21:40.892+0000] {processor.py:183} INFO - Processing /opt/airflow/dags/gold_training_pipeline.py took 1.392 seconds
[2024-10-23T07:22:11.492+0000] {processor.py:161} INFO - Started process (PID=4530) to work on /opt/airflow/dags/gold_training_pipeline.py
[2024-10-23T07:22:11.493+0000] {processor.py:830} INFO - Processing file /opt/airflow/dags/gold_training_pipeline.py for tasks to queue
[2024-10-23T07:22:11.495+0000] {logging_mixin.py:188} INFO - [2024-10-23T07:22:11.495+0000] {dagbag.py:540} INFO - Filling up the DagBag from /opt/airflow/dags/gold_training_pipeline.py
[2024-10-23T07:22:12.767+0000] {processor.py:840} INFO - DAG(s) 'Gold_training_Pipeline' retrieved from /opt/airflow/dags/gold_training_pipeline.py
[2024-10-23T07:22:12.869+0000] {logging_mixin.py:188} INFO - [2024-10-23T07:22:12.869+0000] {dag.py:3047} INFO - Sync 1 DAGs
[2024-10-23T07:22:12.884+0000] {logging_mixin.py:188} INFO - [2024-10-23T07:22:12.884+0000] {dag.py:3834} INFO - Setting next_dagrun for Gold_training_Pipeline to 2024-10-23 00:00:00+00:00, run_after=2024-10-24 00:00:00+00:00
[2024-10-23T07:22:12.904+0000] {processor.py:183} INFO - Processing /opt/airflow/dags/gold_training_pipeline.py took 1.415 seconds
[2024-10-23T07:22:43.231+0000] {processor.py:161} INFO - Started process (PID=6056) to work on /opt/airflow/dags/gold_training_pipeline.py
[2024-10-23T07:22:43.233+0000] {processor.py:830} INFO - Processing file /opt/airflow/dags/gold_training_pipeline.py for tasks to queue
[2024-10-23T07:22:43.234+0000] {logging_mixin.py:188} INFO - [2024-10-23T07:22:43.234+0000] {dagbag.py:540} INFO - Filling up the DagBag from /opt/airflow/dags/gold_training_pipeline.py
[2024-10-23T07:22:44.769+0000] {processor.py:840} INFO - DAG(s) 'Gold_training_Pipeline' retrieved from /opt/airflow/dags/gold_training_pipeline.py
[2024-10-23T07:22:44.860+0000] {logging_mixin.py:188} INFO - [2024-10-23T07:22:44.860+0000] {dag.py:3047} INFO - Sync 1 DAGs
[2024-10-23T07:22:44.883+0000] {logging_mixin.py:188} INFO - [2024-10-23T07:22:44.883+0000] {dag.py:3834} INFO - Setting next_dagrun for Gold_training_Pipeline to 2024-10-23 00:00:00+00:00, run_after=2024-10-24 00:00:00+00:00
[2024-10-23T07:22:44.907+0000] {processor.py:183} INFO - Processing /opt/airflow/dags/gold_training_pipeline.py took 1.678 seconds
[2024-10-23T07:23:15.550+0000] {processor.py:161} INFO - Started process (PID=6370) to work on /opt/airflow/dags/gold_training_pipeline.py
[2024-10-23T07:23:15.553+0000] {processor.py:830} INFO - Processing file /opt/airflow/dags/gold_training_pipeline.py for tasks to queue
[2024-10-23T07:23:15.554+0000] {logging_mixin.py:188} INFO - [2024-10-23T07:23:15.554+0000] {dagbag.py:540} INFO - Filling up the DagBag from /opt/airflow/dags/gold_training_pipeline.py
[2024-10-23T07:23:17.475+0000] {processor.py:840} INFO - DAG(s) 'Gold_training_Pipeline' retrieved from /opt/airflow/dags/gold_training_pipeline.py
[2024-10-23T07:23:17.547+0000] {logging_mixin.py:188} INFO - [2024-10-23T07:23:17.546+0000] {dag.py:3047} INFO - Sync 1 DAGs
[2024-10-23T07:23:17.568+0000] {logging_mixin.py:188} INFO - [2024-10-23T07:23:17.568+0000] {dag.py:3834} INFO - Setting next_dagrun for Gold_training_Pipeline to 2024-10-23 00:00:00+00:00, run_after=2024-10-24 00:00:00+00:00
[2024-10-23T07:23:17.601+0000] {processor.py:183} INFO - Processing /opt/airflow/dags/gold_training_pipeline.py took 2.055 seconds
[2024-10-23T07:23:48.204+0000] {processor.py:161} INFO - Started process (PID=8098) to work on /opt/airflow/dags/gold_training_pipeline.py
[2024-10-23T07:23:48.205+0000] {processor.py:830} INFO - Processing file /opt/airflow/dags/gold_training_pipeline.py for tasks to queue
[2024-10-23T07:23:48.206+0000] {logging_mixin.py:188} INFO - [2024-10-23T07:23:48.206+0000] {dagbag.py:540} INFO - Filling up the DagBag from /opt/airflow/dags/gold_training_pipeline.py
[2024-10-23T07:23:49.339+0000] {processor.py:840} INFO - DAG(s) 'Gold_training_Pipeline' retrieved from /opt/airflow/dags/gold_training_pipeline.py
[2024-10-23T07:23:49.399+0000] {logging_mixin.py:188} INFO - [2024-10-23T07:23:49.399+0000] {dag.py:3047} INFO - Sync 1 DAGs
[2024-10-23T07:23:49.413+0000] {logging_mixin.py:188} INFO - [2024-10-23T07:23:49.413+0000] {dag.py:3834} INFO - Setting next_dagrun for Gold_training_Pipeline to 2024-10-23 00:00:00+00:00, run_after=2024-10-24 00:00:00+00:00
[2024-10-23T07:23:49.431+0000] {processor.py:183} INFO - Processing /opt/airflow/dags/gold_training_pipeline.py took 1.229 seconds
[2024-10-23T07:24:20.007+0000] {processor.py:161} INFO - Started process (PID=8251) to work on /opt/airflow/dags/gold_training_pipeline.py
[2024-10-23T07:24:20.018+0000] {processor.py:830} INFO - Processing file /opt/airflow/dags/gold_training_pipeline.py for tasks to queue
[2024-10-23T07:24:20.019+0000] {logging_mixin.py:188} INFO - [2024-10-23T07:24:20.018+0000] {dagbag.py:540} INFO - Filling up the DagBag from /opt/airflow/dags/gold_training_pipeline.py
[2024-10-23T07:24:21.698+0000] {processor.py:840} INFO - DAG(s) 'Gold_training_Pipeline' retrieved from /opt/airflow/dags/gold_training_pipeline.py
[2024-10-23T07:24:21.765+0000] {logging_mixin.py:188} INFO - [2024-10-23T07:24:21.765+0000] {dag.py:3047} INFO - Sync 1 DAGs
[2024-10-23T07:24:21.803+0000] {logging_mixin.py:188} INFO - [2024-10-23T07:24:21.803+0000] {dag.py:3834} INFO - Setting next_dagrun for Gold_training_Pipeline to 2024-10-23 00:00:00+00:00, run_after=2024-10-24 00:00:00+00:00
[2024-10-23T07:24:21.822+0000] {processor.py:183} INFO - Processing /opt/airflow/dags/gold_training_pipeline.py took 1.819 seconds
[2024-10-23T07:24:52.274+0000] {processor.py:161} INFO - Started process (PID=9944) to work on /opt/airflow/dags/gold_training_pipeline.py
[2024-10-23T07:24:52.275+0000] {processor.py:830} INFO - Processing file /opt/airflow/dags/gold_training_pipeline.py for tasks to queue
[2024-10-23T07:24:52.276+0000] {logging_mixin.py:188} INFO - [2024-10-23T07:24:52.275+0000] {dagbag.py:540} INFO - Filling up the DagBag from /opt/airflow/dags/gold_training_pipeline.py
[2024-10-23T07:24:53.478+0000] {processor.py:840} INFO - DAG(s) 'Gold_training_Pipeline' retrieved from /opt/airflow/dags/gold_training_pipeline.py
[2024-10-23T07:24:53.566+0000] {logging_mixin.py:188} INFO - [2024-10-23T07:24:53.566+0000] {dag.py:3047} INFO - Sync 1 DAGs
[2024-10-23T07:24:53.581+0000] {logging_mixin.py:188} INFO - [2024-10-23T07:24:53.581+0000] {dag.py:3834} INFO - Setting next_dagrun for Gold_training_Pipeline to 2024-10-23 00:00:00+00:00, run_after=2024-10-24 00:00:00+00:00
[2024-10-23T07:24:53.602+0000] {processor.py:183} INFO - Processing /opt/airflow/dags/gold_training_pipeline.py took 1.331 seconds
[2024-10-23T07:25:24.295+0000] {processor.py:161} INFO - Started process (PID=10784) to work on /opt/airflow/dags/gold_training_pipeline.py
[2024-10-23T07:25:24.297+0000] {processor.py:830} INFO - Processing file /opt/airflow/dags/gold_training_pipeline.py for tasks to queue
[2024-10-23T07:25:24.298+0000] {logging_mixin.py:188} INFO - [2024-10-23T07:25:24.298+0000] {dagbag.py:540} INFO - Filling up the DagBag from /opt/airflow/dags/gold_training_pipeline.py
[2024-10-23T07:25:25.823+0000] {processor.py:840} INFO - DAG(s) 'Gold_training_Pipeline' retrieved from /opt/airflow/dags/gold_training_pipeline.py
[2024-10-23T07:25:25.929+0000] {logging_mixin.py:188} INFO - [2024-10-23T07:25:25.928+0000] {dag.py:3047} INFO - Sync 1 DAGs
[2024-10-23T07:25:25.947+0000] {logging_mixin.py:188} INFO - [2024-10-23T07:25:25.947+0000] {dag.py:3834} INFO - Setting next_dagrun for Gold_training_Pipeline to 2024-10-23 00:00:00+00:00, run_after=2024-10-24 00:00:00+00:00
[2024-10-23T07:25:25.966+0000] {processor.py:183} INFO - Processing /opt/airflow/dags/gold_training_pipeline.py took 1.673 seconds
[2024-10-23T07:25:56.362+0000] {processor.py:161} INFO - Started process (PID=11832) to work on /opt/airflow/dags/gold_training_pipeline.py
[2024-10-23T07:25:56.364+0000] {processor.py:830} INFO - Processing file /opt/airflow/dags/gold_training_pipeline.py for tasks to queue
[2024-10-23T07:25:56.366+0000] {logging_mixin.py:188} INFO - [2024-10-23T07:25:56.365+0000] {dagbag.py:540} INFO - Filling up the DagBag from /opt/airflow/dags/gold_training_pipeline.py
[2024-10-23T07:25:58.186+0000] {processor.py:840} INFO - DAG(s) 'Gold_training_Pipeline' retrieved from /opt/airflow/dags/gold_training_pipeline.py
[2024-10-23T07:25:58.250+0000] {logging_mixin.py:188} INFO - [2024-10-23T07:25:58.249+0000] {dag.py:3047} INFO - Sync 1 DAGs
[2024-10-23T07:25:58.282+0000] {logging_mixin.py:188} INFO - [2024-10-23T07:25:58.281+0000] {dag.py:3834} INFO - Setting next_dagrun for Gold_training_Pipeline to 2024-10-23 00:00:00+00:00, run_after=2024-10-24 00:00:00+00:00
[2024-10-23T07:25:58.323+0000] {processor.py:183} INFO - Processing /opt/airflow/dags/gold_training_pipeline.py took 1.964 seconds
[2024-10-23T07:26:29.041+0000] {processor.py:161} INFO - Started process (PID=13502) to work on /opt/airflow/dags/gold_training_pipeline.py
[2024-10-23T07:26:29.042+0000] {processor.py:830} INFO - Processing file /opt/airflow/dags/gold_training_pipeline.py for tasks to queue
[2024-10-23T07:26:29.043+0000] {logging_mixin.py:188} INFO - [2024-10-23T07:26:29.042+0000] {dagbag.py:540} INFO - Filling up the DagBag from /opt/airflow/dags/gold_training_pipeline.py
[2024-10-23T07:26:30.187+0000] {processor.py:840} INFO - DAG(s) 'Gold_training_Pipeline' retrieved from /opt/airflow/dags/gold_training_pipeline.py
[2024-10-23T07:26:30.237+0000] {logging_mixin.py:188} INFO - [2024-10-23T07:26:30.236+0000] {dag.py:3047} INFO - Sync 1 DAGs
[2024-10-23T07:26:30.254+0000] {logging_mixin.py:188} INFO - [2024-10-23T07:26:30.254+0000] {dag.py:3834} INFO - Setting next_dagrun for Gold_training_Pipeline to 2024-10-23 00:00:00+00:00, run_after=2024-10-24 00:00:00+00:00
[2024-10-23T07:26:30.271+0000] {processor.py:183} INFO - Processing /opt/airflow/dags/gold_training_pipeline.py took 1.233 seconds
[2024-10-23T07:27:00.546+0000] {processor.py:161} INFO - Started process (PID=13576) to work on /opt/airflow/dags/gold_training_pipeline.py
[2024-10-23T07:27:00.547+0000] {processor.py:830} INFO - Processing file /opt/airflow/dags/gold_training_pipeline.py for tasks to queue
[2024-10-23T07:27:00.548+0000] {logging_mixin.py:188} INFO - [2024-10-23T07:27:00.548+0000] {dagbag.py:540} INFO - Filling up the DagBag from /opt/airflow/dags/gold_training_pipeline.py
[2024-10-23T07:27:01.689+0000] {processor.py:840} INFO - DAG(s) 'Gold_training_Pipeline' retrieved from /opt/airflow/dags/gold_training_pipeline.py
[2024-10-23T07:27:01.763+0000] {logging_mixin.py:188} INFO - [2024-10-23T07:27:01.763+0000] {dag.py:3047} INFO - Sync 1 DAGs
[2024-10-23T07:27:01.778+0000] {logging_mixin.py:188} INFO - [2024-10-23T07:27:01.778+0000] {dag.py:3834} INFO - Setting next_dagrun for Gold_training_Pipeline to 2024-10-23 00:00:00+00:00, run_after=2024-10-24 00:00:00+00:00
[2024-10-23T07:27:01.797+0000] {processor.py:183} INFO - Processing /opt/airflow/dags/gold_training_pipeline.py took 1.254 seconds
[2024-10-23T07:27:31.891+0000] {processor.py:161} INFO - Started process (PID=13650) to work on /opt/airflow/dags/gold_training_pipeline.py
[2024-10-23T07:27:31.893+0000] {processor.py:830} INFO - Processing file /opt/airflow/dags/gold_training_pipeline.py for tasks to queue
[2024-10-23T07:27:31.894+0000] {logging_mixin.py:188} INFO - [2024-10-23T07:27:31.894+0000] {dagbag.py:540} INFO - Filling up the DagBag from /opt/airflow/dags/gold_training_pipeline.py
[2024-10-23T07:27:33.132+0000] {processor.py:840} INFO - DAG(s) 'Gold_training_Pipeline' retrieved from /opt/airflow/dags/gold_training_pipeline.py
[2024-10-23T07:27:33.186+0000] {logging_mixin.py:188} INFO - [2024-10-23T07:27:33.186+0000] {dag.py:3047} INFO - Sync 1 DAGs
[2024-10-23T07:27:33.199+0000] {logging_mixin.py:188} INFO - [2024-10-23T07:27:33.199+0000] {dag.py:3834} INFO - Setting next_dagrun for Gold_training_Pipeline to 2024-10-23 00:00:00+00:00, run_after=2024-10-24 00:00:00+00:00
[2024-10-23T07:27:33.219+0000] {processor.py:183} INFO - Processing /opt/airflow/dags/gold_training_pipeline.py took 1.330 seconds
[2024-10-23T07:28:06.414+0000] {processor.py:161} INFO - Started process (PID=13724) to work on /opt/airflow/dags/gold_training_pipeline.py
[2024-10-23T07:28:06.702+0000] {processor.py:830} INFO - Processing file /opt/airflow/dags/gold_training_pipeline.py for tasks to queue
[2024-10-23T07:28:06.704+0000] {logging_mixin.py:188} INFO - [2024-10-23T07:28:06.704+0000] {dagbag.py:540} INFO - Filling up the DagBag from /opt/airflow/dags/gold_training_pipeline.py
[2024-10-23T07:28:41.889+0000] {logging_mixin.py:188} INFO - [2024-10-23T07:28:41.888+0000] {timeout.py:68} ERROR - Process timed out, PID: 13724
[2024-10-23T07:29:14.050+0000] {processor.py:161} INFO - Started process (PID=13785) to work on /opt/airflow/dags/gold_training_pipeline.py
[2024-10-23T07:29:14.051+0000] {processor.py:830} INFO - Processing file /opt/airflow/dags/gold_training_pipeline.py for tasks to queue
[2024-10-23T07:29:14.053+0000] {logging_mixin.py:188} INFO - [2024-10-23T07:29:14.053+0000] {dagbag.py:540} INFO - Filling up the DagBag from /opt/airflow/dags/gold_training_pipeline.py
[2024-10-23T07:29:32.171+0000] {processor.py:840} INFO - DAG(s) 'Gold_training_Pipeline' retrieved from /opt/airflow/dags/gold_training_pipeline.py
[2024-10-23T07:29:34.141+0000] {logging_mixin.py:188} INFO - [2024-10-23T07:29:34.141+0000] {dag.py:3047} INFO - Sync 1 DAGs
[2024-10-23T07:29:34.605+0000] {logging_mixin.py:188} INFO - [2024-10-23T07:29:34.605+0000] {dag.py:3834} INFO - Setting next_dagrun for Gold_training_Pipeline to 2024-10-23 00:00:00+00:00, run_after=2024-10-24 00:00:00+00:00
[2024-10-23T07:29:37.080+0000] {processor.py:183} INFO - Processing /opt/airflow/dags/gold_training_pipeline.py took 23.033 seconds
[2024-10-23T07:30:07.602+0000] {processor.py:161} INFO - Started process (PID=13859) to work on /opt/airflow/dags/gold_training_pipeline.py
[2024-10-23T07:30:07.603+0000] {processor.py:830} INFO - Processing file /opt/airflow/dags/gold_training_pipeline.py for tasks to queue
[2024-10-23T07:30:07.604+0000] {logging_mixin.py:188} INFO - [2024-10-23T07:30:07.604+0000] {dagbag.py:540} INFO - Filling up the DagBag from /opt/airflow/dags/gold_training_pipeline.py
[2024-10-23T07:30:09.538+0000] {processor.py:840} INFO - DAG(s) 'Gold_training_Pipeline' retrieved from /opt/airflow/dags/gold_training_pipeline.py
[2024-10-23T07:30:09.612+0000] {logging_mixin.py:188} INFO - [2024-10-23T07:30:09.611+0000] {dag.py:3047} INFO - Sync 1 DAGs
[2024-10-23T07:30:09.694+0000] {logging_mixin.py:188} INFO - [2024-10-23T07:30:09.694+0000] {dag.py:3834} INFO - Setting next_dagrun for Gold_training_Pipeline to 2024-10-23 00:00:00+00:00, run_after=2024-10-24 00:00:00+00:00
[2024-10-23T07:30:09.787+0000] {processor.py:183} INFO - Processing /opt/airflow/dags/gold_training_pipeline.py took 2.187 seconds
[2024-10-23T07:30:59.777+0000] {processor.py:161} INFO - Started process (PID=13931) to work on /opt/airflow/dags/gold_training_pipeline.py
[2024-10-23T07:30:59.779+0000] {processor.py:830} INFO - Processing file /opt/airflow/dags/gold_training_pipeline.py for tasks to queue
[2024-10-23T07:30:59.780+0000] {logging_mixin.py:188} INFO - [2024-10-23T07:30:59.779+0000] {dagbag.py:540} INFO - Filling up the DagBag from /opt/airflow/dags/gold_training_pipeline.py
[2024-10-23T07:31:01.085+0000] {processor.py:840} INFO - DAG(s) 'Gold_training_Pipeline' retrieved from /opt/airflow/dags/gold_training_pipeline.py
[2024-10-23T07:31:01.162+0000] {logging_mixin.py:188} INFO - [2024-10-23T07:31:01.161+0000] {dag.py:3047} INFO - Sync 1 DAGs
[2024-10-23T07:31:01.180+0000] {logging_mixin.py:188} INFO - [2024-10-23T07:31:01.179+0000] {dag.py:3834} INFO - Setting next_dagrun for Gold_training_Pipeline to 2024-10-23 00:00:00+00:00, run_after=2024-10-24 00:00:00+00:00
[2024-10-23T07:31:01.208+0000] {processor.py:183} INFO - Processing /opt/airflow/dags/gold_training_pipeline.py took 1.434 seconds
[2024-10-23T07:31:45.656+0000] {processor.py:161} INFO - Started process (PID=13986) to work on /opt/airflow/dags/gold_training_pipeline.py
[2024-10-23T07:31:45.657+0000] {processor.py:830} INFO - Processing file /opt/airflow/dags/gold_training_pipeline.py for tasks to queue
[2024-10-23T07:31:45.658+0000] {logging_mixin.py:188} INFO - [2024-10-23T07:31:45.658+0000] {dagbag.py:540} INFO - Filling up the DagBag from /opt/airflow/dags/gold_training_pipeline.py
[2024-10-23T07:31:47.051+0000] {processor.py:840} INFO - DAG(s) 'Gold_training_Pipeline' retrieved from /opt/airflow/dags/gold_training_pipeline.py
[2024-10-23T07:31:47.143+0000] {logging_mixin.py:188} INFO - [2024-10-23T07:31:47.143+0000] {dag.py:3047} INFO - Sync 1 DAGs
[2024-10-23T07:31:47.164+0000] {logging_mixin.py:188} INFO - [2024-10-23T07:31:47.164+0000] {dag.py:3834} INFO - Setting next_dagrun for Gold_training_Pipeline to 2024-10-23 00:00:00+00:00, run_after=2024-10-24 00:00:00+00:00
[2024-10-23T07:31:47.180+0000] {processor.py:183} INFO - Processing /opt/airflow/dags/gold_training_pipeline.py took 1.527 seconds
[2024-10-23T07:32:18.164+0000] {processor.py:161} INFO - Started process (PID=14059) to work on /opt/airflow/dags/gold_training_pipeline.py
[2024-10-23T07:32:18.165+0000] {processor.py:830} INFO - Processing file /opt/airflow/dags/gold_training_pipeline.py for tasks to queue
[2024-10-23T07:32:18.165+0000] {logging_mixin.py:188} INFO - [2024-10-23T07:32:18.165+0000] {dagbag.py:540} INFO - Filling up the DagBag from /opt/airflow/dags/gold_training_pipeline.py
[2024-10-23T07:32:19.476+0000] {processor.py:840} INFO - DAG(s) 'Gold_training_Pipeline' retrieved from /opt/airflow/dags/gold_training_pipeline.py
[2024-10-23T07:32:19.533+0000] {logging_mixin.py:188} INFO - [2024-10-23T07:32:19.533+0000] {dag.py:3047} INFO - Sync 1 DAGs
[2024-10-23T07:32:19.653+0000] {logging_mixin.py:188} INFO - [2024-10-23T07:32:19.653+0000] {dag.py:3834} INFO - Setting next_dagrun for Gold_training_Pipeline to 2024-10-23 00:00:00+00:00, run_after=2024-10-24 00:00:00+00:00
[2024-10-23T07:32:19.669+0000] {processor.py:183} INFO - Processing /opt/airflow/dags/gold_training_pipeline.py took 1.508 seconds
[2024-10-23T07:32:50.071+0000] {processor.py:161} INFO - Started process (PID=14159) to work on /opt/airflow/dags/gold_training_pipeline.py
[2024-10-23T07:32:50.072+0000] {processor.py:830} INFO - Processing file /opt/airflow/dags/gold_training_pipeline.py for tasks to queue
[2024-10-23T07:32:50.074+0000] {logging_mixin.py:188} INFO - [2024-10-23T07:32:50.073+0000] {dagbag.py:540} INFO - Filling up the DagBag from /opt/airflow/dags/gold_training_pipeline.py
[2024-10-23T07:32:51.334+0000] {processor.py:840} INFO - DAG(s) 'Gold_training_Pipeline' retrieved from /opt/airflow/dags/gold_training_pipeline.py
[2024-10-23T07:32:51.442+0000] {logging_mixin.py:188} INFO - [2024-10-23T07:32:51.441+0000] {dag.py:3047} INFO - Sync 1 DAGs
[2024-10-23T07:32:51.455+0000] {logging_mixin.py:188} INFO - [2024-10-23T07:32:51.455+0000] {dag.py:3834} INFO - Setting next_dagrun for Gold_training_Pipeline to 2024-10-23 00:00:00+00:00, run_after=2024-10-24 00:00:00+00:00
[2024-10-23T07:32:51.485+0000] {processor.py:183} INFO - Processing /opt/airflow/dags/gold_training_pipeline.py took 1.417 seconds
[2024-10-23T07:33:21.686+0000] {processor.py:161} INFO - Started process (PID=14233) to work on /opt/airflow/dags/gold_training_pipeline.py
[2024-10-23T07:33:21.687+0000] {processor.py:830} INFO - Processing file /opt/airflow/dags/gold_training_pipeline.py for tasks to queue
[2024-10-23T07:33:21.688+0000] {logging_mixin.py:188} INFO - [2024-10-23T07:33:21.688+0000] {dagbag.py:540} INFO - Filling up the DagBag from /opt/airflow/dags/gold_training_pipeline.py
[2024-10-23T07:33:22.752+0000] {processor.py:840} INFO - DAG(s) 'Gold_training_Pipeline' retrieved from /opt/airflow/dags/gold_training_pipeline.py
[2024-10-23T07:33:22.795+0000] {logging_mixin.py:188} INFO - [2024-10-23T07:33:22.795+0000] {dag.py:3047} INFO - Sync 1 DAGs
[2024-10-23T07:33:22.807+0000] {logging_mixin.py:188} INFO - [2024-10-23T07:33:22.807+0000] {dag.py:3834} INFO - Setting next_dagrun for Gold_training_Pipeline to 2024-10-23 00:00:00+00:00, run_after=2024-10-24 00:00:00+00:00
[2024-10-23T07:33:22.831+0000] {processor.py:183} INFO - Processing /opt/airflow/dags/gold_training_pipeline.py took 1.148 seconds
[2024-10-23T07:33:53.267+0000] {processor.py:161} INFO - Started process (PID=14307) to work on /opt/airflow/dags/gold_training_pipeline.py
[2024-10-23T07:33:53.268+0000] {processor.py:830} INFO - Processing file /opt/airflow/dags/gold_training_pipeline.py for tasks to queue
[2024-10-23T07:33:53.270+0000] {logging_mixin.py:188} INFO - [2024-10-23T07:33:53.269+0000] {dagbag.py:540} INFO - Filling up the DagBag from /opt/airflow/dags/gold_training_pipeline.py
[2024-10-23T07:33:54.538+0000] {processor.py:840} INFO - DAG(s) 'Gold_training_Pipeline' retrieved from /opt/airflow/dags/gold_training_pipeline.py
[2024-10-23T07:33:54.592+0000] {logging_mixin.py:188} INFO - [2024-10-23T07:33:54.592+0000] {dag.py:3047} INFO - Sync 1 DAGs
[2024-10-23T07:33:54.608+0000] {logging_mixin.py:188} INFO - [2024-10-23T07:33:54.607+0000] {dag.py:3834} INFO - Setting next_dagrun for Gold_training_Pipeline to 2024-10-23 00:00:00+00:00, run_after=2024-10-24 00:00:00+00:00
[2024-10-23T07:33:54.629+0000] {processor.py:183} INFO - Processing /opt/airflow/dags/gold_training_pipeline.py took 1.365 seconds
[2024-10-23T07:34:24.844+0000] {processor.py:161} INFO - Started process (PID=14381) to work on /opt/airflow/dags/gold_training_pipeline.py
[2024-10-23T07:34:24.845+0000] {processor.py:830} INFO - Processing file /opt/airflow/dags/gold_training_pipeline.py for tasks to queue
[2024-10-23T07:34:24.846+0000] {logging_mixin.py:188} INFO - [2024-10-23T07:34:24.845+0000] {dagbag.py:540} INFO - Filling up the DagBag from /opt/airflow/dags/gold_training_pipeline.py
[2024-10-23T07:34:25.998+0000] {processor.py:840} INFO - DAG(s) 'Gold_training_Pipeline' retrieved from /opt/airflow/dags/gold_training_pipeline.py
[2024-10-23T07:34:26.066+0000] {logging_mixin.py:188} INFO - [2024-10-23T07:34:26.065+0000] {dag.py:3047} INFO - Sync 1 DAGs
[2024-10-23T07:34:26.169+0000] {logging_mixin.py:188} INFO - [2024-10-23T07:34:26.169+0000] {dag.py:3834} INFO - Setting next_dagrun for Gold_training_Pipeline to 2024-10-23 00:00:00+00:00, run_after=2024-10-24 00:00:00+00:00
[2024-10-23T07:34:26.188+0000] {processor.py:183} INFO - Processing /opt/airflow/dags/gold_training_pipeline.py took 1.347 seconds
[2024-10-23T07:34:56.293+0000] {processor.py:161} INFO - Started process (PID=14457) to work on /opt/airflow/dags/gold_training_pipeline.py
[2024-10-23T07:34:56.294+0000] {processor.py:830} INFO - Processing file /opt/airflow/dags/gold_training_pipeline.py for tasks to queue
[2024-10-23T07:34:56.295+0000] {logging_mixin.py:188} INFO - [2024-10-23T07:34:56.295+0000] {dagbag.py:540} INFO - Filling up the DagBag from /opt/airflow/dags/gold_training_pipeline.py
[2024-10-23T07:34:57.333+0000] {processor.py:840} INFO - DAG(s) 'Gold_training_Pipeline' retrieved from /opt/airflow/dags/gold_training_pipeline.py
[2024-10-23T07:34:57.392+0000] {logging_mixin.py:188} INFO - [2024-10-23T07:34:57.392+0000] {dag.py:3047} INFO - Sync 1 DAGs
[2024-10-23T07:34:57.404+0000] {logging_mixin.py:188} INFO - [2024-10-23T07:34:57.404+0000] {dag.py:3834} INFO - Setting next_dagrun for Gold_training_Pipeline to 2024-10-23 00:00:00+00:00, run_after=2024-10-24 00:00:00+00:00
[2024-10-23T07:34:57.418+0000] {processor.py:183} INFO - Processing /opt/airflow/dags/gold_training_pipeline.py took 1.127 seconds
[2024-10-23T07:35:27.820+0000] {processor.py:161} INFO - Started process (PID=14531) to work on /opt/airflow/dags/gold_training_pipeline.py
[2024-10-23T07:35:27.821+0000] {processor.py:830} INFO - Processing file /opt/airflow/dags/gold_training_pipeline.py for tasks to queue
[2024-10-23T07:35:27.823+0000] {logging_mixin.py:188} INFO - [2024-10-23T07:35:27.823+0000] {dagbag.py:540} INFO - Filling up the DagBag from /opt/airflow/dags/gold_training_pipeline.py
[2024-10-23T07:35:29.055+0000] {processor.py:840} INFO - DAG(s) 'Gold_training_Pipeline' retrieved from /opt/airflow/dags/gold_training_pipeline.py
[2024-10-23T07:35:29.123+0000] {logging_mixin.py:188} INFO - [2024-10-23T07:35:29.122+0000] {dag.py:3047} INFO - Sync 1 DAGs
[2024-10-23T07:35:29.140+0000] {logging_mixin.py:188} INFO - [2024-10-23T07:35:29.139+0000] {dag.py:3834} INFO - Setting next_dagrun for Gold_training_Pipeline to 2024-10-23 00:00:00+00:00, run_after=2024-10-24 00:00:00+00:00
[2024-10-23T07:35:29.157+0000] {processor.py:183} INFO - Processing /opt/airflow/dags/gold_training_pipeline.py took 1.339 seconds
