[2024-10-23T07:04:08.400+0000] {processor.py:161} INFO - Started process (PID=255) to work on /opt/airflow/dags/gold_news_pipeline.py
[2024-10-23T07:04:08.402+0000] {processor.py:830} INFO - Processing file /opt/airflow/dags/gold_news_pipeline.py for tasks to queue
[2024-10-23T07:04:08.402+0000] {logging_mixin.py:188} INFO - [2024-10-23T07:04:08.402+0000] {dagbag.py:540} INFO - Filling up the DagBag from /opt/airflow/dags/gold_news_pipeline.py
[2024-10-23T07:04:08.863+0000] {processor.py:840} INFO - DAG(s) 'Gold_News_pipeline' retrieved from /opt/airflow/dags/gold_news_pipeline.py
[2024-10-23T07:04:09.076+0000] {logging_mixin.py:188} INFO - [2024-10-23T07:04:09.076+0000] {dag.py:3047} INFO - Sync 1 DAGs
[2024-10-23T07:04:09.090+0000] {logging_mixin.py:188} INFO - [2024-10-23T07:04:09.090+0000] {dag.py:3834} INFO - Setting next_dagrun for Gold_News_pipeline to 2024-10-23 00:00:00+00:00, run_after=2024-10-24 00:00:00+00:00
[2024-10-23T07:04:09.111+0000] {processor.py:183} INFO - Processing /opt/airflow/dags/gold_news_pipeline.py took 0.713 seconds
[2024-10-23T07:04:39.720+0000] {processor.py:161} INFO - Started process (PID=327) to work on /opt/airflow/dags/gold_news_pipeline.py
[2024-10-23T07:04:39.721+0000] {processor.py:830} INFO - Processing file /opt/airflow/dags/gold_news_pipeline.py for tasks to queue
[2024-10-23T07:04:39.722+0000] {logging_mixin.py:188} INFO - [2024-10-23T07:04:39.722+0000] {dagbag.py:540} INFO - Filling up the DagBag from /opt/airflow/dags/gold_news_pipeline.py
[2024-10-23T07:04:40.133+0000] {processor.py:840} INFO - DAG(s) 'Gold_News_pipeline' retrieved from /opt/airflow/dags/gold_news_pipeline.py
[2024-10-23T07:04:40.185+0000] {logging_mixin.py:188} INFO - [2024-10-23T07:04:40.185+0000] {dag.py:3047} INFO - Sync 1 DAGs
[2024-10-23T07:04:40.206+0000] {logging_mixin.py:188} INFO - [2024-10-23T07:04:40.206+0000] {dag.py:3834} INFO - Setting next_dagrun for Gold_News_pipeline to 2024-10-23 00:00:00+00:00, run_after=2024-10-24 00:00:00+00:00
[2024-10-23T07:04:40.341+0000] {processor.py:183} INFO - Processing /opt/airflow/dags/gold_news_pipeline.py took 0.624 seconds
[2024-10-23T07:05:10.452+0000] {processor.py:161} INFO - Started process (PID=396) to work on /opt/airflow/dags/gold_news_pipeline.py
[2024-10-23T07:05:10.454+0000] {processor.py:830} INFO - Processing file /opt/airflow/dags/gold_news_pipeline.py for tasks to queue
[2024-10-23T07:05:10.455+0000] {logging_mixin.py:188} INFO - [2024-10-23T07:05:10.455+0000] {dagbag.py:540} INFO - Filling up the DagBag from /opt/airflow/dags/gold_news_pipeline.py
[2024-10-23T07:05:10.897+0000] {processor.py:840} INFO - DAG(s) 'Gold_News_pipeline' retrieved from /opt/airflow/dags/gold_news_pipeline.py
[2024-10-23T07:05:10.934+0000] {logging_mixin.py:188} INFO - [2024-10-23T07:05:10.934+0000] {dag.py:3047} INFO - Sync 1 DAGs
[2024-10-23T07:05:10.951+0000] {logging_mixin.py:188} INFO - [2024-10-23T07:05:10.950+0000] {dag.py:3834} INFO - Setting next_dagrun for Gold_News_pipeline to 2024-10-23 00:00:00+00:00, run_after=2024-10-24 00:00:00+00:00
[2024-10-23T07:05:10.966+0000] {processor.py:183} INFO - Processing /opt/airflow/dags/gold_news_pipeline.py took 0.515 seconds
[2024-10-23T07:05:41.117+0000] {processor.py:161} INFO - Started process (PID=451) to work on /opt/airflow/dags/gold_news_pipeline.py
[2024-10-23T07:05:41.118+0000] {processor.py:830} INFO - Processing file /opt/airflow/dags/gold_news_pipeline.py for tasks to queue
[2024-10-23T07:05:41.119+0000] {logging_mixin.py:188} INFO - [2024-10-23T07:05:41.118+0000] {dagbag.py:540} INFO - Filling up the DagBag from /opt/airflow/dags/gold_news_pipeline.py
[2024-10-23T07:05:41.636+0000] {processor.py:840} INFO - DAG(s) 'Gold_News_pipeline' retrieved from /opt/airflow/dags/gold_news_pipeline.py
[2024-10-23T07:05:41.696+0000] {logging_mixin.py:188} INFO - [2024-10-23T07:05:41.696+0000] {dag.py:3047} INFO - Sync 1 DAGs
[2024-10-23T07:05:41.715+0000] {logging_mixin.py:188} INFO - [2024-10-23T07:05:41.714+0000] {dag.py:3834} INFO - Setting next_dagrun for Gold_News_pipeline to 2024-10-23 00:00:00+00:00, run_after=2024-10-24 00:00:00+00:00
[2024-10-23T07:05:41.732+0000] {processor.py:183} INFO - Processing /opt/airflow/dags/gold_news_pipeline.py took 0.618 seconds
[2024-10-23T07:06:12.105+0000] {processor.py:161} INFO - Started process (PID=522) to work on /opt/airflow/dags/gold_news_pipeline.py
[2024-10-23T07:06:12.106+0000] {processor.py:830} INFO - Processing file /opt/airflow/dags/gold_news_pipeline.py for tasks to queue
[2024-10-23T07:06:12.107+0000] {logging_mixin.py:188} INFO - [2024-10-23T07:06:12.107+0000] {dagbag.py:540} INFO - Filling up the DagBag from /opt/airflow/dags/gold_news_pipeline.py
[2024-10-23T07:06:12.521+0000] {processor.py:840} INFO - DAG(s) 'Gold_News_pipeline' retrieved from /opt/airflow/dags/gold_news_pipeline.py
[2024-10-23T07:06:12.680+0000] {logging_mixin.py:188} INFO - [2024-10-23T07:06:12.679+0000] {dag.py:3047} INFO - Sync 1 DAGs
[2024-10-23T07:06:12.708+0000] {logging_mixin.py:188} INFO - [2024-10-23T07:06:12.707+0000] {dag.py:3834} INFO - Setting next_dagrun for Gold_News_pipeline to 2024-10-23 00:00:00+00:00, run_after=2024-10-24 00:00:00+00:00
[2024-10-23T07:06:12.730+0000] {processor.py:183} INFO - Processing /opt/airflow/dags/gold_news_pipeline.py took 0.628 seconds
[2024-10-23T07:06:43.069+0000] {processor.py:161} INFO - Started process (PID=596) to work on /opt/airflow/dags/gold_news_pipeline.py
[2024-10-23T07:06:43.070+0000] {processor.py:830} INFO - Processing file /opt/airflow/dags/gold_news_pipeline.py for tasks to queue
[2024-10-23T07:06:43.072+0000] {logging_mixin.py:188} INFO - [2024-10-23T07:06:43.072+0000] {dagbag.py:540} INFO - Filling up the DagBag from /opt/airflow/dags/gold_news_pipeline.py
[2024-10-23T07:06:43.637+0000] {processor.py:840} INFO - DAG(s) 'Gold_News_pipeline' retrieved from /opt/airflow/dags/gold_news_pipeline.py
[2024-10-23T07:06:43.700+0000] {logging_mixin.py:188} INFO - [2024-10-23T07:06:43.699+0000] {dag.py:3047} INFO - Sync 1 DAGs
[2024-10-23T07:06:43.716+0000] {logging_mixin.py:188} INFO - [2024-10-23T07:06:43.716+0000] {dag.py:3834} INFO - Setting next_dagrun for Gold_News_pipeline to 2024-10-23 00:00:00+00:00, run_after=2024-10-24 00:00:00+00:00
[2024-10-23T07:06:43.879+0000] {processor.py:183} INFO - Processing /opt/airflow/dags/gold_news_pipeline.py took 0.813 seconds
[2024-10-23T07:07:14.206+0000] {processor.py:161} INFO - Started process (PID=670) to work on /opt/airflow/dags/gold_news_pipeline.py
[2024-10-23T07:07:14.207+0000] {processor.py:830} INFO - Processing file /opt/airflow/dags/gold_news_pipeline.py for tasks to queue
[2024-10-23T07:07:14.208+0000] {logging_mixin.py:188} INFO - [2024-10-23T07:07:14.208+0000] {dagbag.py:540} INFO - Filling up the DagBag from /opt/airflow/dags/gold_news_pipeline.py
[2024-10-23T07:07:14.566+0000] {processor.py:840} INFO - DAG(s) 'Gold_News_pipeline' retrieved from /opt/airflow/dags/gold_news_pipeline.py
[2024-10-23T07:07:14.609+0000] {logging_mixin.py:188} INFO - [2024-10-23T07:07:14.609+0000] {dag.py:3047} INFO - Sync 1 DAGs
[2024-10-23T07:07:14.624+0000] {logging_mixin.py:188} INFO - [2024-10-23T07:07:14.623+0000] {dag.py:3834} INFO - Setting next_dagrun for Gold_News_pipeline to 2024-10-23 00:00:00+00:00, run_after=2024-10-24 00:00:00+00:00
[2024-10-23T07:07:14.719+0000] {processor.py:183} INFO - Processing /opt/airflow/dags/gold_news_pipeline.py took 0.516 seconds
[2024-10-23T07:07:44.843+0000] {processor.py:161} INFO - Started process (PID=744) to work on /opt/airflow/dags/gold_news_pipeline.py
[2024-10-23T07:07:44.844+0000] {processor.py:830} INFO - Processing file /opt/airflow/dags/gold_news_pipeline.py for tasks to queue
[2024-10-23T07:07:44.844+0000] {logging_mixin.py:188} INFO - [2024-10-23T07:07:44.844+0000] {dagbag.py:540} INFO - Filling up the DagBag from /opt/airflow/dags/gold_news_pipeline.py
[2024-10-23T07:07:45.223+0000] {processor.py:840} INFO - DAG(s) 'Gold_News_pipeline' retrieved from /opt/airflow/dags/gold_news_pipeline.py
[2024-10-23T07:07:45.262+0000] {logging_mixin.py:188} INFO - [2024-10-23T07:07:45.261+0000] {dag.py:3047} INFO - Sync 1 DAGs
[2024-10-23T07:07:45.277+0000] {logging_mixin.py:188} INFO - [2024-10-23T07:07:45.277+0000] {dag.py:3834} INFO - Setting next_dagrun for Gold_News_pipeline to 2024-10-23 00:00:00+00:00, run_after=2024-10-24 00:00:00+00:00
[2024-10-23T07:07:45.293+0000] {processor.py:183} INFO - Processing /opt/airflow/dags/gold_news_pipeline.py took 0.453 seconds
[2024-10-23T07:08:15.645+0000] {processor.py:161} INFO - Started process (PID=818) to work on /opt/airflow/dags/gold_news_pipeline.py
[2024-10-23T07:08:15.647+0000] {processor.py:830} INFO - Processing file /opt/airflow/dags/gold_news_pipeline.py for tasks to queue
[2024-10-23T07:08:15.648+0000] {logging_mixin.py:188} INFO - [2024-10-23T07:08:15.648+0000] {dagbag.py:540} INFO - Filling up the DagBag from /opt/airflow/dags/gold_news_pipeline.py
[2024-10-23T07:08:16.083+0000] {processor.py:840} INFO - DAG(s) 'Gold_News_pipeline' retrieved from /opt/airflow/dags/gold_news_pipeline.py
[2024-10-23T07:08:16.119+0000] {logging_mixin.py:188} INFO - [2024-10-23T07:08:16.119+0000] {dag.py:3047} INFO - Sync 1 DAGs
[2024-10-23T07:08:16.131+0000] {logging_mixin.py:188} INFO - [2024-10-23T07:08:16.131+0000] {dag.py:3834} INFO - Setting next_dagrun for Gold_News_pipeline to 2024-10-23 00:00:00+00:00, run_after=2024-10-24 00:00:00+00:00
[2024-10-23T07:08:16.146+0000] {processor.py:183} INFO - Processing /opt/airflow/dags/gold_news_pipeline.py took 0.504 seconds
[2024-10-23T07:08:46.285+0000] {processor.py:161} INFO - Started process (PID=892) to work on /opt/airflow/dags/gold_news_pipeline.py
[2024-10-23T07:08:46.286+0000] {processor.py:830} INFO - Processing file /opt/airflow/dags/gold_news_pipeline.py for tasks to queue
[2024-10-23T07:08:46.287+0000] {logging_mixin.py:188} INFO - [2024-10-23T07:08:46.287+0000] {dagbag.py:540} INFO - Filling up the DagBag from /opt/airflow/dags/gold_news_pipeline.py
[2024-10-23T07:08:46.672+0000] {processor.py:840} INFO - DAG(s) 'Gold_News_pipeline' retrieved from /opt/airflow/dags/gold_news_pipeline.py
[2024-10-23T07:08:46.827+0000] {logging_mixin.py:188} INFO - [2024-10-23T07:08:46.827+0000] {dag.py:3047} INFO - Sync 1 DAGs
[2024-10-23T07:08:46.839+0000] {logging_mixin.py:188} INFO - [2024-10-23T07:08:46.839+0000] {dag.py:3834} INFO - Setting next_dagrun for Gold_News_pipeline to 2024-10-23 00:00:00+00:00, run_after=2024-10-24 00:00:00+00:00
[2024-10-23T07:08:46.854+0000] {processor.py:183} INFO - Processing /opt/airflow/dags/gold_news_pipeline.py took 0.571 seconds
[2024-10-23T07:09:17.206+0000] {processor.py:161} INFO - Started process (PID=963) to work on /opt/airflow/dags/gold_news_pipeline.py
[2024-10-23T07:09:17.207+0000] {processor.py:830} INFO - Processing file /opt/airflow/dags/gold_news_pipeline.py for tasks to queue
[2024-10-23T07:09:17.208+0000] {logging_mixin.py:188} INFO - [2024-10-23T07:09:17.208+0000] {dagbag.py:540} INFO - Filling up the DagBag from /opt/airflow/dags/gold_news_pipeline.py
[2024-10-23T07:09:17.522+0000] {processor.py:840} INFO - DAG(s) 'Gold_News_pipeline' retrieved from /opt/airflow/dags/gold_news_pipeline.py
[2024-10-23T07:09:17.557+0000] {logging_mixin.py:188} INFO - [2024-10-23T07:09:17.556+0000] {dag.py:3047} INFO - Sync 1 DAGs
[2024-10-23T07:09:17.575+0000] {logging_mixin.py:188} INFO - [2024-10-23T07:09:17.574+0000] {dag.py:3834} INFO - Setting next_dagrun for Gold_News_pipeline to 2024-10-23 00:00:00+00:00, run_after=2024-10-24 00:00:00+00:00
[2024-10-23T07:09:17.590+0000] {processor.py:183} INFO - Processing /opt/airflow/dags/gold_news_pipeline.py took 0.386 seconds
[2024-10-23T07:09:47.675+0000] {processor.py:161} INFO - Started process (PID=1037) to work on /opt/airflow/dags/gold_news_pipeline.py
[2024-10-23T07:09:47.676+0000] {processor.py:830} INFO - Processing file /opt/airflow/dags/gold_news_pipeline.py for tasks to queue
[2024-10-23T07:09:47.676+0000] {logging_mixin.py:188} INFO - [2024-10-23T07:09:47.676+0000] {dagbag.py:540} INFO - Filling up the DagBag from /opt/airflow/dags/gold_news_pipeline.py
[2024-10-23T07:09:48.019+0000] {processor.py:840} INFO - DAG(s) 'Gold_News_pipeline' retrieved from /opt/airflow/dags/gold_news_pipeline.py
[2024-10-23T07:09:48.060+0000] {logging_mixin.py:188} INFO - [2024-10-23T07:09:48.059+0000] {dag.py:3047} INFO - Sync 1 DAGs
[2024-10-23T07:09:48.074+0000] {logging_mixin.py:188} INFO - [2024-10-23T07:09:48.074+0000] {dag.py:3834} INFO - Setting next_dagrun for Gold_News_pipeline to 2024-10-23 00:00:00+00:00, run_after=2024-10-24 00:00:00+00:00
[2024-10-23T07:09:48.204+0000] {processor.py:183} INFO - Processing /opt/airflow/dags/gold_news_pipeline.py took 0.531 seconds
[2024-10-23T07:10:18.549+0000] {processor.py:161} INFO - Started process (PID=1111) to work on /opt/airflow/dags/gold_news_pipeline.py
[2024-10-23T07:10:18.551+0000] {processor.py:830} INFO - Processing file /opt/airflow/dags/gold_news_pipeline.py for tasks to queue
[2024-10-23T07:10:18.552+0000] {logging_mixin.py:188} INFO - [2024-10-23T07:10:18.552+0000] {dagbag.py:540} INFO - Filling up the DagBag from /opt/airflow/dags/gold_news_pipeline.py
[2024-10-23T07:10:19.007+0000] {processor.py:840} INFO - DAG(s) 'Gold_News_pipeline' retrieved from /opt/airflow/dags/gold_news_pipeline.py
[2024-10-23T07:10:19.039+0000] {logging_mixin.py:188} INFO - [2024-10-23T07:10:19.039+0000] {dag.py:3047} INFO - Sync 1 DAGs
[2024-10-23T07:10:19.053+0000] {logging_mixin.py:188} INFO - [2024-10-23T07:10:19.053+0000] {dag.py:3834} INFO - Setting next_dagrun for Gold_News_pipeline to 2024-10-23 00:00:00+00:00, run_after=2024-10-24 00:00:00+00:00
[2024-10-23T07:10:19.072+0000] {processor.py:183} INFO - Processing /opt/airflow/dags/gold_news_pipeline.py took 0.525 seconds
[2024-10-23T07:10:49.478+0000] {processor.py:161} INFO - Started process (PID=1184) to work on /opt/airflow/dags/gold_news_pipeline.py
[2024-10-23T07:10:49.480+0000] {processor.py:830} INFO - Processing file /opt/airflow/dags/gold_news_pipeline.py for tasks to queue
[2024-10-23T07:10:49.481+0000] {logging_mixin.py:188} INFO - [2024-10-23T07:10:49.481+0000] {dagbag.py:540} INFO - Filling up the DagBag from /opt/airflow/dags/gold_news_pipeline.py
[2024-10-23T07:10:49.971+0000] {processor.py:840} INFO - DAG(s) 'Gold_News_pipeline' retrieved from /opt/airflow/dags/gold_news_pipeline.py
[2024-10-23T07:10:50.005+0000] {logging_mixin.py:188} INFO - [2024-10-23T07:10:50.005+0000] {dag.py:3047} INFO - Sync 1 DAGs
[2024-10-23T07:10:50.020+0000] {logging_mixin.py:188} INFO - [2024-10-23T07:10:50.020+0000] {dag.py:3834} INFO - Setting next_dagrun for Gold_News_pipeline to 2024-10-23 00:00:00+00:00, run_after=2024-10-24 00:00:00+00:00
[2024-10-23T07:10:50.036+0000] {processor.py:183} INFO - Processing /opt/airflow/dags/gold_news_pipeline.py took 0.560 seconds
[2024-10-23T07:11:20.183+0000] {processor.py:161} INFO - Started process (PID=1258) to work on /opt/airflow/dags/gold_news_pipeline.py
[2024-10-23T07:11:20.184+0000] {processor.py:830} INFO - Processing file /opt/airflow/dags/gold_news_pipeline.py for tasks to queue
[2024-10-23T07:11:20.185+0000] {logging_mixin.py:188} INFO - [2024-10-23T07:11:20.184+0000] {dagbag.py:540} INFO - Filling up the DagBag from /opt/airflow/dags/gold_news_pipeline.py
[2024-10-23T07:11:20.532+0000] {processor.py:840} INFO - DAG(s) 'Gold_News_pipeline' retrieved from /opt/airflow/dags/gold_news_pipeline.py
[2024-10-23T07:11:20.699+0000] {logging_mixin.py:188} INFO - [2024-10-23T07:11:20.698+0000] {dag.py:3047} INFO - Sync 1 DAGs
[2024-10-23T07:11:20.713+0000] {logging_mixin.py:188} INFO - [2024-10-23T07:11:20.712+0000] {dag.py:3834} INFO - Setting next_dagrun for Gold_News_pipeline to 2024-10-23 00:00:00+00:00, run_after=2024-10-24 00:00:00+00:00
[2024-10-23T07:11:20.731+0000] {processor.py:183} INFO - Processing /opt/airflow/dags/gold_news_pipeline.py took 0.550 seconds
[2024-10-23T07:11:51.213+0000] {processor.py:161} INFO - Started process (PID=1338) to work on /opt/airflow/dags/gold_news_pipeline.py
[2024-10-23T07:11:51.215+0000] {processor.py:830} INFO - Processing file /opt/airflow/dags/gold_news_pipeline.py for tasks to queue
[2024-10-23T07:11:51.216+0000] {logging_mixin.py:188} INFO - [2024-10-23T07:11:51.216+0000] {dagbag.py:540} INFO - Filling up the DagBag from /opt/airflow/dags/gold_news_pipeline.py
[2024-10-23T07:11:51.600+0000] {processor.py:840} INFO - DAG(s) 'Gold_News_pipeline' retrieved from /opt/airflow/dags/gold_news_pipeline.py
[2024-10-23T07:11:51.638+0000] {logging_mixin.py:188} INFO - [2024-10-23T07:11:51.638+0000] {dag.py:3047} INFO - Sync 1 DAGs
[2024-10-23T07:11:51.653+0000] {logging_mixin.py:188} INFO - [2024-10-23T07:11:51.653+0000] {dag.py:3834} INFO - Setting next_dagrun for Gold_News_pipeline to 2024-10-23 00:00:00+00:00, run_after=2024-10-24 00:00:00+00:00
[2024-10-23T07:11:51.670+0000] {processor.py:183} INFO - Processing /opt/airflow/dags/gold_news_pipeline.py took 0.460 seconds
[2024-10-23T07:12:21.995+0000] {processor.py:161} INFO - Started process (PID=1412) to work on /opt/airflow/dags/gold_news_pipeline.py
[2024-10-23T07:12:21.996+0000] {processor.py:830} INFO - Processing file /opt/airflow/dags/gold_news_pipeline.py for tasks to queue
[2024-10-23T07:12:21.997+0000] {logging_mixin.py:188} INFO - [2024-10-23T07:12:21.997+0000] {dagbag.py:540} INFO - Filling up the DagBag from /opt/airflow/dags/gold_news_pipeline.py
[2024-10-23T07:12:22.350+0000] {processor.py:840} INFO - DAG(s) 'Gold_News_pipeline' retrieved from /opt/airflow/dags/gold_news_pipeline.py
[2024-10-23T07:12:22.387+0000] {logging_mixin.py:188} INFO - [2024-10-23T07:12:22.387+0000] {dag.py:3047} INFO - Sync 1 DAGs
[2024-10-23T07:12:22.491+0000] {logging_mixin.py:188} INFO - [2024-10-23T07:12:22.491+0000] {dag.py:3834} INFO - Setting next_dagrun for Gold_News_pipeline to 2024-10-23 00:00:00+00:00, run_after=2024-10-24 00:00:00+00:00
[2024-10-23T07:12:22.509+0000] {processor.py:183} INFO - Processing /opt/airflow/dags/gold_news_pipeline.py took 0.517 seconds
[2024-10-23T07:12:53.115+0000] {processor.py:161} INFO - Started process (PID=1486) to work on /opt/airflow/dags/gold_news_pipeline.py
[2024-10-23T07:12:53.116+0000] {processor.py:830} INFO - Processing file /opt/airflow/dags/gold_news_pipeline.py for tasks to queue
[2024-10-23T07:12:53.118+0000] {logging_mixin.py:188} INFO - [2024-10-23T07:12:53.117+0000] {dagbag.py:540} INFO - Filling up the DagBag from /opt/airflow/dags/gold_news_pipeline.py
[2024-10-23T07:12:53.654+0000] {processor.py:840} INFO - DAG(s) 'Gold_News_pipeline' retrieved from /opt/airflow/dags/gold_news_pipeline.py
[2024-10-23T07:12:53.697+0000] {logging_mixin.py:188} INFO - [2024-10-23T07:12:53.696+0000] {dag.py:3047} INFO - Sync 1 DAGs
[2024-10-23T07:12:53.719+0000] {logging_mixin.py:188} INFO - [2024-10-23T07:12:53.719+0000] {dag.py:3834} INFO - Setting next_dagrun for Gold_News_pipeline to 2024-10-23 00:00:00+00:00, run_after=2024-10-24 00:00:00+00:00
[2024-10-23T07:12:53.737+0000] {processor.py:183} INFO - Processing /opt/airflow/dags/gold_news_pipeline.py took 0.625 seconds
[2024-10-23T07:13:24.294+0000] {processor.py:161} INFO - Started process (PID=1560) to work on /opt/airflow/dags/gold_news_pipeline.py
[2024-10-23T07:13:24.295+0000] {processor.py:830} INFO - Processing file /opt/airflow/dags/gold_news_pipeline.py for tasks to queue
[2024-10-23T07:13:24.296+0000] {logging_mixin.py:188} INFO - [2024-10-23T07:13:24.296+0000] {dagbag.py:540} INFO - Filling up the DagBag from /opt/airflow/dags/gold_news_pipeline.py
[2024-10-23T07:13:24.794+0000] {processor.py:840} INFO - DAG(s) 'Gold_News_pipeline' retrieved from /opt/airflow/dags/gold_news_pipeline.py
[2024-10-23T07:13:24.829+0000] {logging_mixin.py:188} INFO - [2024-10-23T07:13:24.829+0000] {dag.py:3047} INFO - Sync 1 DAGs
[2024-10-23T07:13:24.846+0000] {logging_mixin.py:188} INFO - [2024-10-23T07:13:24.846+0000] {dag.py:3834} INFO - Setting next_dagrun for Gold_News_pipeline to 2024-10-23 00:00:00+00:00, run_after=2024-10-24 00:00:00+00:00
[2024-10-23T07:13:24.859+0000] {processor.py:183} INFO - Processing /opt/airflow/dags/gold_news_pipeline.py took 0.568 seconds
[2024-10-23T07:13:55.426+0000] {processor.py:161} INFO - Started process (PID=1634) to work on /opt/airflow/dags/gold_news_pipeline.py
[2024-10-23T07:13:55.428+0000] {processor.py:830} INFO - Processing file /opt/airflow/dags/gold_news_pipeline.py for tasks to queue
[2024-10-23T07:13:55.429+0000] {logging_mixin.py:188} INFO - [2024-10-23T07:13:55.428+0000] {dagbag.py:540} INFO - Filling up the DagBag from /opt/airflow/dags/gold_news_pipeline.py
[2024-10-23T07:13:55.805+0000] {processor.py:840} INFO - DAG(s) 'Gold_News_pipeline' retrieved from /opt/airflow/dags/gold_news_pipeline.py
[2024-10-23T07:13:55.841+0000] {logging_mixin.py:188} INFO - [2024-10-23T07:13:55.841+0000] {dag.py:3047} INFO - Sync 1 DAGs
[2024-10-23T07:13:55.855+0000] {logging_mixin.py:188} INFO - [2024-10-23T07:13:55.855+0000] {dag.py:3834} INFO - Setting next_dagrun for Gold_News_pipeline to 2024-10-23 00:00:00+00:00, run_after=2024-10-24 00:00:00+00:00
[2024-10-23T07:13:55.872+0000] {processor.py:183} INFO - Processing /opt/airflow/dags/gold_news_pipeline.py took 0.448 seconds
[2024-10-23T07:14:26.184+0000] {processor.py:161} INFO - Started process (PID=1708) to work on /opt/airflow/dags/gold_news_pipeline.py
[2024-10-23T07:14:26.185+0000] {processor.py:830} INFO - Processing file /opt/airflow/dags/gold_news_pipeline.py for tasks to queue
[2024-10-23T07:14:26.186+0000] {logging_mixin.py:188} INFO - [2024-10-23T07:14:26.186+0000] {dagbag.py:540} INFO - Filling up the DagBag from /opt/airflow/dags/gold_news_pipeline.py
[2024-10-23T07:14:26.538+0000] {processor.py:840} INFO - DAG(s) 'Gold_News_pipeline' retrieved from /opt/airflow/dags/gold_news_pipeline.py
[2024-10-23T07:14:26.578+0000] {logging_mixin.py:188} INFO - [2024-10-23T07:14:26.577+0000] {dag.py:3047} INFO - Sync 1 DAGs
[2024-10-23T07:14:26.596+0000] {logging_mixin.py:188} INFO - [2024-10-23T07:14:26.595+0000] {dag.py:3834} INFO - Setting next_dagrun for Gold_News_pipeline to 2024-10-23 00:00:00+00:00, run_after=2024-10-24 00:00:00+00:00
[2024-10-23T07:14:26.704+0000] {processor.py:183} INFO - Processing /opt/airflow/dags/gold_news_pipeline.py took 0.522 seconds
[2024-10-23T07:14:57.236+0000] {processor.py:161} INFO - Started process (PID=1782) to work on /opt/airflow/dags/gold_news_pipeline.py
[2024-10-23T07:14:57.238+0000] {processor.py:830} INFO - Processing file /opt/airflow/dags/gold_news_pipeline.py for tasks to queue
[2024-10-23T07:14:57.239+0000] {logging_mixin.py:188} INFO - [2024-10-23T07:14:57.239+0000] {dagbag.py:540} INFO - Filling up the DagBag from /opt/airflow/dags/gold_news_pipeline.py
[2024-10-23T07:14:57.654+0000] {processor.py:840} INFO - DAG(s) 'Gold_News_pipeline' retrieved from /opt/airflow/dags/gold_news_pipeline.py
[2024-10-23T07:14:57.694+0000] {logging_mixin.py:188} INFO - [2024-10-23T07:14:57.694+0000] {dag.py:3047} INFO - Sync 1 DAGs
[2024-10-23T07:14:57.713+0000] {logging_mixin.py:188} INFO - [2024-10-23T07:14:57.713+0000] {dag.py:3834} INFO - Setting next_dagrun for Gold_News_pipeline to 2024-10-23 00:00:00+00:00, run_after=2024-10-24 00:00:00+00:00
[2024-10-23T07:14:57.726+0000] {processor.py:183} INFO - Processing /opt/airflow/dags/gold_news_pipeline.py took 0.493 seconds
[2024-10-23T07:15:28.389+0000] {processor.py:161} INFO - Started process (PID=1855) to work on /opt/airflow/dags/gold_news_pipeline.py
[2024-10-23T07:15:28.390+0000] {processor.py:830} INFO - Processing file /opt/airflow/dags/gold_news_pipeline.py for tasks to queue
[2024-10-23T07:15:28.392+0000] {logging_mixin.py:188} INFO - [2024-10-23T07:15:28.391+0000] {dagbag.py:540} INFO - Filling up the DagBag from /opt/airflow/dags/gold_news_pipeline.py
[2024-10-23T07:15:28.878+0000] {processor.py:840} INFO - DAG(s) 'Gold_News_pipeline' retrieved from /opt/airflow/dags/gold_news_pipeline.py
[2024-10-23T07:15:28.911+0000] {logging_mixin.py:188} INFO - [2024-10-23T07:15:28.911+0000] {dag.py:3047} INFO - Sync 1 DAGs
[2024-10-23T07:15:28.923+0000] {logging_mixin.py:188} INFO - [2024-10-23T07:15:28.923+0000] {dag.py:3834} INFO - Setting next_dagrun for Gold_News_pipeline to 2024-10-23 00:00:00+00:00, run_after=2024-10-24 00:00:00+00:00
[2024-10-23T07:15:28.938+0000] {processor.py:183} INFO - Processing /opt/airflow/dags/gold_news_pipeline.py took 0.551 seconds
[2024-10-23T07:15:59.530+0000] {processor.py:161} INFO - Started process (PID=1929) to work on /opt/airflow/dags/gold_news_pipeline.py
[2024-10-23T07:15:59.531+0000] {processor.py:830} INFO - Processing file /opt/airflow/dags/gold_news_pipeline.py for tasks to queue
[2024-10-23T07:15:59.532+0000] {logging_mixin.py:188} INFO - [2024-10-23T07:15:59.532+0000] {dagbag.py:540} INFO - Filling up the DagBag from /opt/airflow/dags/gold_news_pipeline.py
[2024-10-23T07:15:59.968+0000] {processor.py:840} INFO - DAG(s) 'Gold_News_pipeline' retrieved from /opt/airflow/dags/gold_news_pipeline.py
[2024-10-23T07:16:00.026+0000] {logging_mixin.py:188} INFO - [2024-10-23T07:16:00.025+0000] {dag.py:3047} INFO - Sync 1 DAGs
[2024-10-23T07:16:00.043+0000] {logging_mixin.py:188} INFO - [2024-10-23T07:16:00.043+0000] {dag.py:3834} INFO - Setting next_dagrun for Gold_News_pipeline to 2024-10-23 00:00:00+00:00, run_after=2024-10-24 00:00:00+00:00
[2024-10-23T07:16:00.060+0000] {processor.py:183} INFO - Processing /opt/airflow/dags/gold_news_pipeline.py took 0.533 seconds
[2024-10-23T07:16:30.673+0000] {processor.py:161} INFO - Started process (PID=2003) to work on /opt/airflow/dags/gold_news_pipeline.py
[2024-10-23T07:16:30.674+0000] {processor.py:830} INFO - Processing file /opt/airflow/dags/gold_news_pipeline.py for tasks to queue
[2024-10-23T07:16:30.675+0000] {logging_mixin.py:188} INFO - [2024-10-23T07:16:30.675+0000] {dagbag.py:540} INFO - Filling up the DagBag from /opt/airflow/dags/gold_news_pipeline.py
[2024-10-23T07:16:31.059+0000] {processor.py:840} INFO - DAG(s) 'Gold_News_pipeline' retrieved from /opt/airflow/dags/gold_news_pipeline.py
[2024-10-23T07:16:31.114+0000] {logging_mixin.py:188} INFO - [2024-10-23T07:16:31.114+0000] {dag.py:3047} INFO - Sync 1 DAGs
[2024-10-23T07:16:31.132+0000] {logging_mixin.py:188} INFO - [2024-10-23T07:16:31.131+0000] {dag.py:3834} INFO - Setting next_dagrun for Gold_News_pipeline to 2024-10-23 00:00:00+00:00, run_after=2024-10-24 00:00:00+00:00
[2024-10-23T07:16:31.149+0000] {processor.py:183} INFO - Processing /opt/airflow/dags/gold_news_pipeline.py took 0.479 seconds
[2024-10-23T07:17:01.798+0000] {processor.py:161} INFO - Started process (PID=2077) to work on /opt/airflow/dags/gold_news_pipeline.py
[2024-10-23T07:17:01.799+0000] {processor.py:830} INFO - Processing file /opt/airflow/dags/gold_news_pipeline.py for tasks to queue
[2024-10-23T07:17:01.800+0000] {logging_mixin.py:188} INFO - [2024-10-23T07:17:01.800+0000] {dagbag.py:540} INFO - Filling up the DagBag from /opt/airflow/dags/gold_news_pipeline.py
[2024-10-23T07:17:02.176+0000] {processor.py:840} INFO - DAG(s) 'Gold_News_pipeline' retrieved from /opt/airflow/dags/gold_news_pipeline.py
[2024-10-23T07:17:02.221+0000] {logging_mixin.py:188} INFO - [2024-10-23T07:17:02.221+0000] {dag.py:3047} INFO - Sync 1 DAGs
[2024-10-23T07:17:02.244+0000] {logging_mixin.py:188} INFO - [2024-10-23T07:17:02.244+0000] {dag.py:3834} INFO - Setting next_dagrun for Gold_News_pipeline to 2024-10-23 00:00:00+00:00, run_after=2024-10-24 00:00:00+00:00
[2024-10-23T07:17:02.385+0000] {processor.py:183} INFO - Processing /opt/airflow/dags/gold_news_pipeline.py took 0.590 seconds
[2024-10-23T07:17:32.491+0000] {processor.py:161} INFO - Started process (PID=2151) to work on /opt/airflow/dags/gold_news_pipeline.py
[2024-10-23T07:17:32.493+0000] {processor.py:830} INFO - Processing file /opt/airflow/dags/gold_news_pipeline.py for tasks to queue
[2024-10-23T07:17:32.495+0000] {logging_mixin.py:188} INFO - [2024-10-23T07:17:32.495+0000] {dagbag.py:540} INFO - Filling up the DagBag from /opt/airflow/dags/gold_news_pipeline.py
[2024-10-23T07:17:32.996+0000] {processor.py:840} INFO - DAG(s) 'Gold_News_pipeline' retrieved from /opt/airflow/dags/gold_news_pipeline.py
[2024-10-23T07:17:33.028+0000] {logging_mixin.py:188} INFO - [2024-10-23T07:17:33.028+0000] {dag.py:3047} INFO - Sync 1 DAGs
[2024-10-23T07:17:33.043+0000] {logging_mixin.py:188} INFO - [2024-10-23T07:17:33.042+0000] {dag.py:3834} INFO - Setting next_dagrun for Gold_News_pipeline to 2024-10-23 00:00:00+00:00, run_after=2024-10-24 00:00:00+00:00
[2024-10-23T07:17:33.057+0000] {processor.py:183} INFO - Processing /opt/airflow/dags/gold_news_pipeline.py took 0.569 seconds
[2024-10-23T07:18:03.660+0000] {processor.py:161} INFO - Started process (PID=2225) to work on /opt/airflow/dags/gold_news_pipeline.py
[2024-10-23T07:18:03.661+0000] {processor.py:830} INFO - Processing file /opt/airflow/dags/gold_news_pipeline.py for tasks to queue
[2024-10-23T07:18:03.662+0000] {logging_mixin.py:188} INFO - [2024-10-23T07:18:03.661+0000] {dagbag.py:540} INFO - Filling up the DagBag from /opt/airflow/dags/gold_news_pipeline.py
[2024-10-23T07:18:04.135+0000] {processor.py:840} INFO - DAG(s) 'Gold_News_pipeline' retrieved from /opt/airflow/dags/gold_news_pipeline.py
[2024-10-23T07:18:04.175+0000] {logging_mixin.py:188} INFO - [2024-10-23T07:18:04.174+0000] {dag.py:3047} INFO - Sync 1 DAGs
[2024-10-23T07:18:04.190+0000] {logging_mixin.py:188} INFO - [2024-10-23T07:18:04.189+0000] {dag.py:3834} INFO - Setting next_dagrun for Gold_News_pipeline to 2024-10-23 00:00:00+00:00, run_after=2024-10-24 00:00:00+00:00
[2024-10-23T07:18:04.207+0000] {processor.py:183} INFO - Processing /opt/airflow/dags/gold_news_pipeline.py took 0.549 seconds
[2024-10-23T07:18:34.361+0000] {processor.py:161} INFO - Started process (PID=2299) to work on /opt/airflow/dags/gold_news_pipeline.py
[2024-10-23T07:18:34.362+0000] {processor.py:830} INFO - Processing file /opt/airflow/dags/gold_news_pipeline.py for tasks to queue
[2024-10-23T07:18:34.363+0000] {logging_mixin.py:188} INFO - [2024-10-23T07:18:34.363+0000] {dagbag.py:540} INFO - Filling up the DagBag from /opt/airflow/dags/gold_news_pipeline.py
[2024-10-23T07:18:34.798+0000] {processor.py:840} INFO - DAG(s) 'Gold_News_pipeline' retrieved from /opt/airflow/dags/gold_news_pipeline.py
[2024-10-23T07:18:34.941+0000] {logging_mixin.py:188} INFO - [2024-10-23T07:18:34.940+0000] {dag.py:3047} INFO - Sync 1 DAGs
[2024-10-23T07:18:34.954+0000] {logging_mixin.py:188} INFO - [2024-10-23T07:18:34.954+0000] {dag.py:3834} INFO - Setting next_dagrun for Gold_News_pipeline to 2024-10-23 00:00:00+00:00, run_after=2024-10-24 00:00:00+00:00
[2024-10-23T07:18:34.969+0000] {processor.py:183} INFO - Processing /opt/airflow/dags/gold_news_pipeline.py took 0.611 seconds
[2024-10-23T07:19:05.670+0000] {processor.py:161} INFO - Started process (PID=2373) to work on /opt/airflow/dags/gold_news_pipeline.py
[2024-10-23T07:19:05.671+0000] {processor.py:830} INFO - Processing file /opt/airflow/dags/gold_news_pipeline.py for tasks to queue
[2024-10-23T07:19:05.673+0000] {logging_mixin.py:188} INFO - [2024-10-23T07:19:05.673+0000] {dagbag.py:540} INFO - Filling up the DagBag from /opt/airflow/dags/gold_news_pipeline.py
[2024-10-23T07:19:06.045+0000] {processor.py:840} INFO - DAG(s) 'Gold_News_pipeline' retrieved from /opt/airflow/dags/gold_news_pipeline.py
[2024-10-23T07:19:06.079+0000] {logging_mixin.py:188} INFO - [2024-10-23T07:19:06.079+0000] {dag.py:3047} INFO - Sync 1 DAGs
[2024-10-23T07:19:06.095+0000] {logging_mixin.py:188} INFO - [2024-10-23T07:19:06.095+0000] {dag.py:3834} INFO - Setting next_dagrun for Gold_News_pipeline to 2024-10-23 00:00:00+00:00, run_after=2024-10-24 00:00:00+00:00
[2024-10-23T07:19:06.211+0000] {processor.py:183} INFO - Processing /opt/airflow/dags/gold_news_pipeline.py took 0.543 seconds
[2024-10-23T07:19:36.883+0000] {processor.py:161} INFO - Started process (PID=2447) to work on /opt/airflow/dags/gold_news_pipeline.py
[2024-10-23T07:19:36.884+0000] {processor.py:830} INFO - Processing file /opt/airflow/dags/gold_news_pipeline.py for tasks to queue
[2024-10-23T07:19:36.885+0000] {logging_mixin.py:188} INFO - [2024-10-23T07:19:36.885+0000] {dagbag.py:540} INFO - Filling up the DagBag from /opt/airflow/dags/gold_news_pipeline.py
[2024-10-23T07:19:37.361+0000] {processor.py:840} INFO - DAG(s) 'Gold_News_pipeline' retrieved from /opt/airflow/dags/gold_news_pipeline.py
[2024-10-23T07:19:37.392+0000] {logging_mixin.py:188} INFO - [2024-10-23T07:19:37.391+0000] {dag.py:3047} INFO - Sync 1 DAGs
[2024-10-23T07:19:37.408+0000] {logging_mixin.py:188} INFO - [2024-10-23T07:19:37.408+0000] {dag.py:3834} INFO - Setting next_dagrun for Gold_News_pipeline to 2024-10-23 00:00:00+00:00, run_after=2024-10-24 00:00:00+00:00
[2024-10-23T07:19:37.425+0000] {processor.py:183} INFO - Processing /opt/airflow/dags/gold_news_pipeline.py took 0.544 seconds
[2024-10-23T07:20:07.704+0000] {processor.py:161} INFO - Started process (PID=2522) to work on /opt/airflow/dags/gold_news_pipeline.py
[2024-10-23T07:20:07.706+0000] {processor.py:830} INFO - Processing file /opt/airflow/dags/gold_news_pipeline.py for tasks to queue
[2024-10-23T07:20:07.707+0000] {logging_mixin.py:188} INFO - [2024-10-23T07:20:07.707+0000] {dagbag.py:540} INFO - Filling up the DagBag from /opt/airflow/dags/gold_news_pipeline.py
[2024-10-23T07:20:08.167+0000] {processor.py:840} INFO - DAG(s) 'Gold_News_pipeline' retrieved from /opt/airflow/dags/gold_news_pipeline.py
[2024-10-23T07:20:08.211+0000] {logging_mixin.py:188} INFO - [2024-10-23T07:20:08.211+0000] {dag.py:3047} INFO - Sync 1 DAGs
[2024-10-23T07:20:08.232+0000] {logging_mixin.py:188} INFO - [2024-10-23T07:20:08.232+0000] {dag.py:3834} INFO - Setting next_dagrun for Gold_News_pipeline to 2024-10-23 00:00:00+00:00, run_after=2024-10-24 00:00:00+00:00
[2024-10-23T07:20:08.254+0000] {processor.py:183} INFO - Processing /opt/airflow/dags/gold_news_pipeline.py took 0.553 seconds
[2024-10-23T07:20:38.386+0000] {processor.py:161} INFO - Started process (PID=2596) to work on /opt/airflow/dags/gold_news_pipeline.py
[2024-10-23T07:20:38.388+0000] {processor.py:830} INFO - Processing file /opt/airflow/dags/gold_news_pipeline.py for tasks to queue
[2024-10-23T07:20:38.389+0000] {logging_mixin.py:188} INFO - [2024-10-23T07:20:38.389+0000] {dagbag.py:540} INFO - Filling up the DagBag from /opt/airflow/dags/gold_news_pipeline.py
[2024-10-23T07:20:38.931+0000] {processor.py:840} INFO - DAG(s) 'Gold_News_pipeline' retrieved from /opt/airflow/dags/gold_news_pipeline.py
[2024-10-23T07:20:38.979+0000] {logging_mixin.py:188} INFO - [2024-10-23T07:20:38.978+0000] {dag.py:3047} INFO - Sync 1 DAGs
[2024-10-23T07:20:39.001+0000] {logging_mixin.py:188} INFO - [2024-10-23T07:20:39.000+0000] {dag.py:3834} INFO - Setting next_dagrun for Gold_News_pipeline to 2024-10-23 00:00:00+00:00, run_after=2024-10-24 00:00:00+00:00
[2024-10-23T07:20:39.022+0000] {processor.py:183} INFO - Processing /opt/airflow/dags/gold_news_pipeline.py took 0.639 seconds
[2024-10-23T07:21:09.749+0000] {processor.py:161} INFO - Started process (PID=2736) to work on /opt/airflow/dags/gold_news_pipeline.py
[2024-10-23T07:21:09.751+0000] {processor.py:830} INFO - Processing file /opt/airflow/dags/gold_news_pipeline.py for tasks to queue
[2024-10-23T07:21:09.752+0000] {logging_mixin.py:188} INFO - [2024-10-23T07:21:09.752+0000] {dagbag.py:540} INFO - Filling up the DagBag from /opt/airflow/dags/gold_news_pipeline.py
[2024-10-23T07:21:10.290+0000] {processor.py:840} INFO - DAG(s) 'Gold_News_pipeline' retrieved from /opt/airflow/dags/gold_news_pipeline.py
[2024-10-23T07:21:10.355+0000] {logging_mixin.py:188} INFO - [2024-10-23T07:21:10.355+0000] {dag.py:3047} INFO - Sync 1 DAGs
[2024-10-23T07:21:10.371+0000] {logging_mixin.py:188} INFO - [2024-10-23T07:21:10.371+0000] {dag.py:3834} INFO - Setting next_dagrun for Gold_News_pipeline to 2024-10-23 00:00:00+00:00, run_after=2024-10-24 00:00:00+00:00
[2024-10-23T07:21:10.390+0000] {processor.py:183} INFO - Processing /opt/airflow/dags/gold_news_pipeline.py took 0.643 seconds
[2024-10-23T07:21:40.496+0000] {processor.py:161} INFO - Started process (PID=4457) to work on /opt/airflow/dags/gold_news_pipeline.py
[2024-10-23T07:21:40.497+0000] {processor.py:830} INFO - Processing file /opt/airflow/dags/gold_news_pipeline.py for tasks to queue
[2024-10-23T07:21:40.498+0000] {logging_mixin.py:188} INFO - [2024-10-23T07:21:40.498+0000] {dagbag.py:540} INFO - Filling up the DagBag from /opt/airflow/dags/gold_news_pipeline.py
[2024-10-23T07:21:40.894+0000] {processor.py:840} INFO - DAG(s) 'Gold_News_pipeline' retrieved from /opt/airflow/dags/gold_news_pipeline.py
[2024-10-23T07:21:40.947+0000] {logging_mixin.py:188} INFO - [2024-10-23T07:21:40.947+0000] {dag.py:3047} INFO - Sync 1 DAGs
[2024-10-23T07:21:40.976+0000] {logging_mixin.py:188} INFO - [2024-10-23T07:21:40.975+0000] {dag.py:3834} INFO - Setting next_dagrun for Gold_News_pipeline to 2024-10-23 00:00:00+00:00, run_after=2024-10-24 00:00:00+00:00
[2024-10-23T07:21:41.151+0000] {processor.py:183} INFO - Processing /opt/airflow/dags/gold_news_pipeline.py took 0.657 seconds
[2024-10-23T07:22:11.498+0000] {processor.py:161} INFO - Started process (PID=4533) to work on /opt/airflow/dags/gold_news_pipeline.py
[2024-10-23T07:22:11.500+0000] {processor.py:830} INFO - Processing file /opt/airflow/dags/gold_news_pipeline.py for tasks to queue
[2024-10-23T07:22:11.501+0000] {logging_mixin.py:188} INFO - [2024-10-23T07:22:11.501+0000] {dagbag.py:540} INFO - Filling up the DagBag from /opt/airflow/dags/gold_news_pipeline.py
[2024-10-23T07:22:12.071+0000] {processor.py:840} INFO - DAG(s) 'Gold_News_pipeline' retrieved from /opt/airflow/dags/gold_news_pipeline.py
[2024-10-23T07:22:12.107+0000] {logging_mixin.py:188} INFO - [2024-10-23T07:22:12.107+0000] {dag.py:3047} INFO - Sync 1 DAGs
[2024-10-23T07:22:12.120+0000] {logging_mixin.py:188} INFO - [2024-10-23T07:22:12.119+0000] {dag.py:3834} INFO - Setting next_dagrun for Gold_News_pipeline to 2024-10-23 00:00:00+00:00, run_after=2024-10-24 00:00:00+00:00
[2024-10-23T07:22:12.131+0000] {processor.py:183} INFO - Processing /opt/airflow/dags/gold_news_pipeline.py took 0.636 seconds
[2024-10-23T07:22:42.226+0000] {processor.py:161} INFO - Started process (PID=5914) to work on /opt/airflow/dags/gold_news_pipeline.py
[2024-10-23T07:22:42.228+0000] {processor.py:830} INFO - Processing file /opt/airflow/dags/gold_news_pipeline.py for tasks to queue
[2024-10-23T07:22:42.230+0000] {logging_mixin.py:188} INFO - [2024-10-23T07:22:42.230+0000] {dagbag.py:540} INFO - Filling up the DagBag from /opt/airflow/dags/gold_news_pipeline.py
[2024-10-23T07:22:43.029+0000] {processor.py:840} INFO - DAG(s) 'Gold_News_pipeline' retrieved from /opt/airflow/dags/gold_news_pipeline.py
[2024-10-23T07:22:43.107+0000] {logging_mixin.py:188} INFO - [2024-10-23T07:22:43.106+0000] {dag.py:3047} INFO - Sync 1 DAGs
[2024-10-23T07:22:43.135+0000] {logging_mixin.py:188} INFO - [2024-10-23T07:22:43.135+0000] {dag.py:3834} INFO - Setting next_dagrun for Gold_News_pipeline to 2024-10-23 00:00:00+00:00, run_after=2024-10-24 00:00:00+00:00
[2024-10-23T07:22:43.157+0000] {processor.py:183} INFO - Processing /opt/airflow/dags/gold_news_pipeline.py took 0.935 seconds
[2024-10-23T07:23:13.435+0000] {processor.py:161} INFO - Started process (PID=6354) to work on /opt/airflow/dags/gold_news_pipeline.py
[2024-10-23T07:23:13.437+0000] {processor.py:830} INFO - Processing file /opt/airflow/dags/gold_news_pipeline.py for tasks to queue
[2024-10-23T07:23:13.438+0000] {logging_mixin.py:188} INFO - [2024-10-23T07:23:13.438+0000] {dagbag.py:540} INFO - Filling up the DagBag from /opt/airflow/dags/gold_news_pipeline.py
[2024-10-23T07:23:14.066+0000] {processor.py:840} INFO - DAG(s) 'Gold_News_pipeline' retrieved from /opt/airflow/dags/gold_news_pipeline.py
[2024-10-23T07:23:14.128+0000] {logging_mixin.py:188} INFO - [2024-10-23T07:23:14.127+0000] {dag.py:3047} INFO - Sync 1 DAGs
[2024-10-23T07:23:14.140+0000] {logging_mixin.py:188} INFO - [2024-10-23T07:23:14.140+0000] {dag.py:3834} INFO - Setting next_dagrun for Gold_News_pipeline to 2024-10-23 00:00:00+00:00, run_after=2024-10-24 00:00:00+00:00
[2024-10-23T07:23:14.153+0000] {processor.py:183} INFO - Processing /opt/airflow/dags/gold_news_pipeline.py took 0.721 seconds
[2024-10-23T07:23:44.611+0000] {processor.py:161} INFO - Started process (PID=8080) to work on /opt/airflow/dags/gold_news_pipeline.py
[2024-10-23T07:23:44.612+0000] {processor.py:830} INFO - Processing file /opt/airflow/dags/gold_news_pipeline.py for tasks to queue
[2024-10-23T07:23:44.613+0000] {logging_mixin.py:188} INFO - [2024-10-23T07:23:44.613+0000] {dagbag.py:540} INFO - Filling up the DagBag from /opt/airflow/dags/gold_news_pipeline.py
[2024-10-23T07:23:45.030+0000] {processor.py:840} INFO - DAG(s) 'Gold_News_pipeline' retrieved from /opt/airflow/dags/gold_news_pipeline.py
[2024-10-23T07:23:45.074+0000] {logging_mixin.py:188} INFO - [2024-10-23T07:23:45.073+0000] {dag.py:3047} INFO - Sync 1 DAGs
[2024-10-23T07:23:45.091+0000] {logging_mixin.py:188} INFO - [2024-10-23T07:23:45.090+0000] {dag.py:3834} INFO - Setting next_dagrun for Gold_News_pipeline to 2024-10-23 00:00:00+00:00, run_after=2024-10-24 00:00:00+00:00
[2024-10-23T07:23:45.108+0000] {processor.py:183} INFO - Processing /opt/airflow/dags/gold_news_pipeline.py took 0.499 seconds
[2024-10-23T07:24:15.920+0000] {processor.py:161} INFO - Started process (PID=8234) to work on /opt/airflow/dags/gold_news_pipeline.py
[2024-10-23T07:24:15.921+0000] {processor.py:830} INFO - Processing file /opt/airflow/dags/gold_news_pipeline.py for tasks to queue
[2024-10-23T07:24:15.921+0000] {logging_mixin.py:188} INFO - [2024-10-23T07:24:15.921+0000] {dagbag.py:540} INFO - Filling up the DagBag from /opt/airflow/dags/gold_news_pipeline.py
[2024-10-23T07:24:16.661+0000] {processor.py:840} INFO - DAG(s) 'Gold_News_pipeline' retrieved from /opt/airflow/dags/gold_news_pipeline.py
[2024-10-23T07:24:16.720+0000] {logging_mixin.py:188} INFO - [2024-10-23T07:24:16.720+0000] {dag.py:3047} INFO - Sync 1 DAGs
[2024-10-23T07:24:16.757+0000] {logging_mixin.py:188} INFO - [2024-10-23T07:24:16.757+0000] {dag.py:3834} INFO - Setting next_dagrun for Gold_News_pipeline to 2024-10-23 00:00:00+00:00, run_after=2024-10-24 00:00:00+00:00
[2024-10-23T07:24:17.082+0000] {processor.py:183} INFO - Processing /opt/airflow/dags/gold_news_pipeline.py took 1.165 seconds
[2024-10-23T07:24:47.468+0000] {processor.py:161} INFO - Started process (PID=9929) to work on /opt/airflow/dags/gold_news_pipeline.py
[2024-10-23T07:24:47.469+0000] {processor.py:830} INFO - Processing file /opt/airflow/dags/gold_news_pipeline.py for tasks to queue
[2024-10-23T07:24:47.470+0000] {logging_mixin.py:188} INFO - [2024-10-23T07:24:47.470+0000] {dagbag.py:540} INFO - Filling up the DagBag from /opt/airflow/dags/gold_news_pipeline.py
[2024-10-23T07:24:48.020+0000] {processor.py:840} INFO - DAG(s) 'Gold_News_pipeline' retrieved from /opt/airflow/dags/gold_news_pipeline.py
[2024-10-23T07:24:48.071+0000] {logging_mixin.py:188} INFO - [2024-10-23T07:24:48.070+0000] {dag.py:3047} INFO - Sync 1 DAGs
[2024-10-23T07:24:48.086+0000] {logging_mixin.py:188} INFO - [2024-10-23T07:24:48.086+0000] {dag.py:3834} INFO - Setting next_dagrun for Gold_News_pipeline to 2024-10-23 00:00:00+00:00, run_after=2024-10-24 00:00:00+00:00
[2024-10-23T07:24:48.104+0000] {processor.py:183} INFO - Processing /opt/airflow/dags/gold_news_pipeline.py took 0.639 seconds
[2024-10-23T07:25:18.983+0000] {processor.py:161} INFO - Started process (PID=10058) to work on /opt/airflow/dags/gold_news_pipeline.py
[2024-10-23T07:25:18.986+0000] {processor.py:830} INFO - Processing file /opt/airflow/dags/gold_news_pipeline.py for tasks to queue
[2024-10-23T07:25:18.988+0000] {logging_mixin.py:188} INFO - [2024-10-23T07:25:18.987+0000] {dagbag.py:540} INFO - Filling up the DagBag from /opt/airflow/dags/gold_news_pipeline.py
[2024-10-23T07:25:19.880+0000] {processor.py:840} INFO - DAG(s) 'Gold_News_pipeline' retrieved from /opt/airflow/dags/gold_news_pipeline.py
[2024-10-23T07:25:19.960+0000] {logging_mixin.py:188} INFO - [2024-10-23T07:25:19.960+0000] {dag.py:3047} INFO - Sync 1 DAGs
[2024-10-23T07:25:19.993+0000] {logging_mixin.py:188} INFO - [2024-10-23T07:25:19.993+0000] {dag.py:3834} INFO - Setting next_dagrun for Gold_News_pipeline to 2024-10-23 00:00:00+00:00, run_after=2024-10-24 00:00:00+00:00
[2024-10-23T07:25:20.032+0000] {processor.py:183} INFO - Processing /opt/airflow/dags/gold_news_pipeline.py took 1.052 seconds
[2024-10-23T07:25:50.485+0000] {processor.py:161} INFO - Started process (PID=11754) to work on /opt/airflow/dags/gold_news_pipeline.py
[2024-10-23T07:25:50.486+0000] {processor.py:830} INFO - Processing file /opt/airflow/dags/gold_news_pipeline.py for tasks to queue
[2024-10-23T07:25:50.487+0000] {logging_mixin.py:188} INFO - [2024-10-23T07:25:50.487+0000] {dagbag.py:540} INFO - Filling up the DagBag from /opt/airflow/dags/gold_news_pipeline.py
[2024-10-23T07:25:50.917+0000] {processor.py:840} INFO - DAG(s) 'Gold_News_pipeline' retrieved from /opt/airflow/dags/gold_news_pipeline.py
[2024-10-23T07:25:51.064+0000] {logging_mixin.py:188} INFO - [2024-10-23T07:25:51.064+0000] {dag.py:3047} INFO - Sync 1 DAGs
[2024-10-23T07:25:51.077+0000] {logging_mixin.py:188} INFO - [2024-10-23T07:25:51.077+0000] {dag.py:3834} INFO - Setting next_dagrun for Gold_News_pipeline to 2024-10-23 00:00:00+00:00, run_after=2024-10-24 00:00:00+00:00
[2024-10-23T07:25:51.100+0000] {processor.py:183} INFO - Processing /opt/airflow/dags/gold_news_pipeline.py took 0.617 seconds
[2024-10-23T07:26:21.386+0000] {processor.py:161} INFO - Started process (PID=13481) to work on /opt/airflow/dags/gold_news_pipeline.py
[2024-10-23T07:26:21.388+0000] {processor.py:830} INFO - Processing file /opt/airflow/dags/gold_news_pipeline.py for tasks to queue
[2024-10-23T07:26:21.389+0000] {logging_mixin.py:188} INFO - [2024-10-23T07:26:21.389+0000] {dagbag.py:540} INFO - Filling up the DagBag from /opt/airflow/dags/gold_news_pipeline.py
[2024-10-23T07:26:21.748+0000] {processor.py:840} INFO - DAG(s) 'Gold_News_pipeline' retrieved from /opt/airflow/dags/gold_news_pipeline.py
[2024-10-23T07:26:21.783+0000] {logging_mixin.py:188} INFO - [2024-10-23T07:26:21.782+0000] {dag.py:3047} INFO - Sync 1 DAGs
[2024-10-23T07:26:21.797+0000] {logging_mixin.py:188} INFO - [2024-10-23T07:26:21.797+0000] {dag.py:3834} INFO - Setting next_dagrun for Gold_News_pipeline to 2024-10-23 00:00:00+00:00, run_after=2024-10-24 00:00:00+00:00
[2024-10-23T07:26:21.814+0000] {processor.py:183} INFO - Processing /opt/airflow/dags/gold_news_pipeline.py took 0.430 seconds
[2024-10-23T07:26:52.382+0000] {processor.py:161} INFO - Started process (PID=13555) to work on /opt/airflow/dags/gold_news_pipeline.py
[2024-10-23T07:26:52.383+0000] {processor.py:830} INFO - Processing file /opt/airflow/dags/gold_news_pipeline.py for tasks to queue
[2024-10-23T07:26:52.384+0000] {logging_mixin.py:188} INFO - [2024-10-23T07:26:52.384+0000] {dagbag.py:540} INFO - Filling up the DagBag from /opt/airflow/dags/gold_news_pipeline.py
[2024-10-23T07:26:52.734+0000] {processor.py:840} INFO - DAG(s) 'Gold_News_pipeline' retrieved from /opt/airflow/dags/gold_news_pipeline.py
[2024-10-23T07:26:52.765+0000] {logging_mixin.py:188} INFO - [2024-10-23T07:26:52.765+0000] {dag.py:3047} INFO - Sync 1 DAGs
[2024-10-23T07:26:52.784+0000] {logging_mixin.py:188} INFO - [2024-10-23T07:26:52.783+0000] {dag.py:3834} INFO - Setting next_dagrun for Gold_News_pipeline to 2024-10-23 00:00:00+00:00, run_after=2024-10-24 00:00:00+00:00
[2024-10-23T07:26:52.912+0000] {processor.py:183} INFO - Processing /opt/airflow/dags/gold_news_pipeline.py took 0.534 seconds
[2024-10-23T07:27:23.155+0000] {processor.py:161} INFO - Started process (PID=13635) to work on /opt/airflow/dags/gold_news_pipeline.py
[2024-10-23T07:27:23.156+0000] {processor.py:830} INFO - Processing file /opt/airflow/dags/gold_news_pipeline.py for tasks to queue
[2024-10-23T07:27:23.157+0000] {logging_mixin.py:188} INFO - [2024-10-23T07:27:23.157+0000] {dagbag.py:540} INFO - Filling up the DagBag from /opt/airflow/dags/gold_news_pipeline.py
[2024-10-23T07:27:23.592+0000] {processor.py:840} INFO - DAG(s) 'Gold_News_pipeline' retrieved from /opt/airflow/dags/gold_news_pipeline.py
[2024-10-23T07:27:23.626+0000] {logging_mixin.py:188} INFO - [2024-10-23T07:27:23.626+0000] {dag.py:3047} INFO - Sync 1 DAGs
[2024-10-23T07:27:23.640+0000] {logging_mixin.py:188} INFO - [2024-10-23T07:27:23.640+0000] {dag.py:3834} INFO - Setting next_dagrun for Gold_News_pipeline to 2024-10-23 00:00:00+00:00, run_after=2024-10-24 00:00:00+00:00
[2024-10-23T07:27:23.656+0000] {processor.py:183} INFO - Processing /opt/airflow/dags/gold_news_pipeline.py took 0.505 seconds
[2024-10-23T07:27:54.265+0000] {processor.py:161} INFO - Started process (PID=13709) to work on /opt/airflow/dags/gold_news_pipeline.py
[2024-10-23T07:27:54.267+0000] {processor.py:830} INFO - Processing file /opt/airflow/dags/gold_news_pipeline.py for tasks to queue
[2024-10-23T07:27:54.268+0000] {logging_mixin.py:188} INFO - [2024-10-23T07:27:54.268+0000] {dagbag.py:540} INFO - Filling up the DagBag from /opt/airflow/dags/gold_news_pipeline.py
[2024-10-23T07:27:54.841+0000] {processor.py:840} INFO - DAG(s) 'Gold_News_pipeline' retrieved from /opt/airflow/dags/gold_news_pipeline.py
[2024-10-23T07:27:54.892+0000] {logging_mixin.py:188} INFO - [2024-10-23T07:27:54.891+0000] {dag.py:3047} INFO - Sync 1 DAGs
[2024-10-23T07:27:54.909+0000] {logging_mixin.py:188} INFO - [2024-10-23T07:27:54.909+0000] {dag.py:3834} INFO - Setting next_dagrun for Gold_News_pipeline to 2024-10-23 00:00:00+00:00, run_after=2024-10-24 00:00:00+00:00
[2024-10-23T07:27:54.929+0000] {processor.py:183} INFO - Processing /opt/airflow/dags/gold_news_pipeline.py took 0.666 seconds
[2024-10-23T07:28:50.125+0000] {processor.py:161} INFO - Started process (PID=13764) to work on /opt/airflow/dags/gold_news_pipeline.py
[2024-10-23T07:28:50.251+0000] {processor.py:830} INFO - Processing file /opt/airflow/dags/gold_news_pipeline.py for tasks to queue
[2024-10-23T07:28:50.253+0000] {logging_mixin.py:188} INFO - [2024-10-23T07:28:50.252+0000] {dagbag.py:540} INFO - Filling up the DagBag from /opt/airflow/dags/gold_news_pipeline.py
[2024-10-23T07:28:58.441+0000] {processor.py:840} INFO - DAG(s) 'Gold_News_pipeline' retrieved from /opt/airflow/dags/gold_news_pipeline.py
[2024-10-23T07:28:58.486+0000] {logging_mixin.py:188} INFO - [2024-10-23T07:28:58.486+0000] {dag.py:3047} INFO - Sync 1 DAGs
[2024-10-23T07:28:58.501+0000] {logging_mixin.py:188} INFO - [2024-10-23T07:28:58.501+0000] {dag.py:3834} INFO - Setting next_dagrun for Gold_News_pipeline to 2024-10-23 00:00:00+00:00, run_after=2024-10-24 00:00:00+00:00
[2024-10-23T07:28:58.543+0000] {processor.py:183} INFO - Processing /opt/airflow/dags/gold_news_pipeline.py took 8.421 seconds
[2024-10-23T07:29:43.167+0000] {processor.py:161} INFO - Started process (PID=13839) to work on /opt/airflow/dags/gold_news_pipeline.py
[2024-10-23T07:29:43.169+0000] {processor.py:830} INFO - Processing file /opt/airflow/dags/gold_news_pipeline.py for tasks to queue
[2024-10-23T07:29:43.170+0000] {logging_mixin.py:188} INFO - [2024-10-23T07:29:43.170+0000] {dagbag.py:540} INFO - Filling up the DagBag from /opt/airflow/dags/gold_news_pipeline.py
[2024-10-23T07:29:44.956+0000] {processor.py:840} INFO - DAG(s) 'Gold_News_pipeline' retrieved from /opt/airflow/dags/gold_news_pipeline.py
[2024-10-23T07:29:44.999+0000] {logging_mixin.py:188} INFO - [2024-10-23T07:29:44.999+0000] {dag.py:3047} INFO - Sync 1 DAGs
[2024-10-23T07:29:45.014+0000] {logging_mixin.py:188} INFO - [2024-10-23T07:29:45.014+0000] {dag.py:3834} INFO - Setting next_dagrun for Gold_News_pipeline to 2024-10-23 00:00:00+00:00, run_after=2024-10-24 00:00:00+00:00
[2024-10-23T07:29:48.440+0000] {processor.py:183} INFO - Processing /opt/airflow/dags/gold_news_pipeline.py took 5.275 seconds
[2024-10-23T07:30:22.398+0000] {processor.py:161} INFO - Started process (PID=13887) to work on /opt/airflow/dags/gold_news_pipeline.py
[2024-10-23T07:30:22.541+0000] {processor.py:830} INFO - Processing file /opt/airflow/dags/gold_news_pipeline.py for tasks to queue
[2024-10-23T07:30:22.543+0000] {logging_mixin.py:188} INFO - [2024-10-23T07:30:22.542+0000] {dagbag.py:540} INFO - Filling up the DagBag from /opt/airflow/dags/gold_news_pipeline.py
[2024-10-23T07:30:50.391+0000] {processor.py:840} INFO - DAG(s) 'Gold_News_pipeline' retrieved from /opt/airflow/dags/gold_news_pipeline.py
[2024-10-23T07:30:52.723+0000] {logging_mixin.py:188} INFO - [2024-10-23T07:30:52.723+0000] {dag.py:3047} INFO - Sync 1 DAGs
[2024-10-23T07:30:52.849+0000] {logging_mixin.py:188} INFO - [2024-10-23T07:30:52.849+0000] {dag.py:3834} INFO - Setting next_dagrun for Gold_News_pipeline to 2024-10-23 00:00:00+00:00, run_after=2024-10-24 00:00:00+00:00
[2024-10-23T07:30:54.239+0000] {processor.py:183} INFO - Processing /opt/airflow/dags/gold_news_pipeline.py took 32.866 seconds
[2024-10-23T07:31:25.287+0000] {processor.py:161} INFO - Started process (PID=13964) to work on /opt/airflow/dags/gold_news_pipeline.py
[2024-10-23T07:31:25.389+0000] {processor.py:830} INFO - Processing file /opt/airflow/dags/gold_news_pipeline.py for tasks to queue
[2024-10-23T07:31:25.391+0000] {logging_mixin.py:188} INFO - [2024-10-23T07:31:25.391+0000] {dagbag.py:540} INFO - Filling up the DagBag from /opt/airflow/dags/gold_news_pipeline.py
[2024-10-23T07:31:44.881+0000] {processor.py:840} INFO - DAG(s) 'Gold_News_pipeline' retrieved from /opt/airflow/dags/gold_news_pipeline.py
[2024-10-23T07:31:44.943+0000] {logging_mixin.py:188} INFO - [2024-10-23T07:31:44.943+0000] {dag.py:3047} INFO - Sync 1 DAGs
[2024-10-23T07:31:44.971+0000] {logging_mixin.py:188} INFO - [2024-10-23T07:31:44.971+0000] {dag.py:3834} INFO - Setting next_dagrun for Gold_News_pipeline to 2024-10-23 00:00:00+00:00, run_after=2024-10-24 00:00:00+00:00
[2024-10-23T07:31:45.035+0000] {processor.py:183} INFO - Processing /opt/airflow/dags/gold_news_pipeline.py took 19.738 seconds
[2024-10-23T07:32:16.368+0000] {processor.py:161} INFO - Started process (PID=14038) to work on /opt/airflow/dags/gold_news_pipeline.py
[2024-10-23T07:32:16.369+0000] {processor.py:830} INFO - Processing file /opt/airflow/dags/gold_news_pipeline.py for tasks to queue
[2024-10-23T07:32:16.370+0000] {logging_mixin.py:188} INFO - [2024-10-23T07:32:16.370+0000] {dagbag.py:540} INFO - Filling up the DagBag from /opt/airflow/dags/gold_news_pipeline.py
[2024-10-23T07:32:17.220+0000] {processor.py:840} INFO - DAG(s) 'Gold_News_pipeline' retrieved from /opt/airflow/dags/gold_news_pipeline.py
[2024-10-23T07:32:17.261+0000] {logging_mixin.py:188} INFO - [2024-10-23T07:32:17.261+0000] {dag.py:3047} INFO - Sync 1 DAGs
[2024-10-23T07:32:17.430+0000] {logging_mixin.py:188} INFO - [2024-10-23T07:32:17.430+0000] {dag.py:3834} INFO - Setting next_dagrun for Gold_News_pipeline to 2024-10-23 00:00:00+00:00, run_after=2024-10-24 00:00:00+00:00
[2024-10-23T07:32:17.760+0000] {processor.py:183} INFO - Processing /opt/airflow/dags/gold_news_pipeline.py took 2.303 seconds
[2024-10-23T07:32:47.926+0000] {processor.py:161} INFO - Started process (PID=14115) to work on /opt/airflow/dags/gold_news_pipeline.py
[2024-10-23T07:32:47.927+0000] {processor.py:830} INFO - Processing file /opt/airflow/dags/gold_news_pipeline.py for tasks to queue
[2024-10-23T07:32:47.928+0000] {logging_mixin.py:188} INFO - [2024-10-23T07:32:47.928+0000] {dagbag.py:540} INFO - Filling up the DagBag from /opt/airflow/dags/gold_news_pipeline.py
[2024-10-23T07:32:48.453+0000] {processor.py:840} INFO - DAG(s) 'Gold_News_pipeline' retrieved from /opt/airflow/dags/gold_news_pipeline.py
[2024-10-23T07:32:48.489+0000] {logging_mixin.py:188} INFO - [2024-10-23T07:32:48.488+0000] {dag.py:3047} INFO - Sync 1 DAGs
[2024-10-23T07:32:48.506+0000] {logging_mixin.py:188} INFO - [2024-10-23T07:32:48.506+0000] {dag.py:3834} INFO - Setting next_dagrun for Gold_News_pipeline to 2024-10-23 00:00:00+00:00, run_after=2024-10-24 00:00:00+00:00
[2024-10-23T07:32:48.521+0000] {processor.py:183} INFO - Processing /opt/airflow/dags/gold_news_pipeline.py took 0.599 seconds
[2024-10-23T07:33:19.027+0000] {processor.py:161} INFO - Started process (PID=14189) to work on /opt/airflow/dags/gold_news_pipeline.py
[2024-10-23T07:33:19.028+0000] {processor.py:830} INFO - Processing file /opt/airflow/dags/gold_news_pipeline.py for tasks to queue
[2024-10-23T07:33:19.029+0000] {logging_mixin.py:188} INFO - [2024-10-23T07:33:19.029+0000] {dagbag.py:540} INFO - Filling up the DagBag from /opt/airflow/dags/gold_news_pipeline.py
[2024-10-23T07:33:19.501+0000] {processor.py:840} INFO - DAG(s) 'Gold_News_pipeline' retrieved from /opt/airflow/dags/gold_news_pipeline.py
[2024-10-23T07:33:19.531+0000] {logging_mixin.py:188} INFO - [2024-10-23T07:33:19.531+0000] {dag.py:3047} INFO - Sync 1 DAGs
[2024-10-23T07:33:19.554+0000] {logging_mixin.py:188} INFO - [2024-10-23T07:33:19.554+0000] {dag.py:3834} INFO - Setting next_dagrun for Gold_News_pipeline to 2024-10-23 00:00:00+00:00, run_after=2024-10-24 00:00:00+00:00
[2024-10-23T07:33:19.574+0000] {processor.py:183} INFO - Processing /opt/airflow/dags/gold_news_pipeline.py took 0.549 seconds
[2024-10-23T07:33:50.094+0000] {processor.py:161} INFO - Started process (PID=14269) to work on /opt/airflow/dags/gold_news_pipeline.py
[2024-10-23T07:33:50.095+0000] {processor.py:830} INFO - Processing file /opt/airflow/dags/gold_news_pipeline.py for tasks to queue
[2024-10-23T07:33:50.095+0000] {logging_mixin.py:188} INFO - [2024-10-23T07:33:50.095+0000] {dagbag.py:540} INFO - Filling up the DagBag from /opt/airflow/dags/gold_news_pipeline.py
[2024-10-23T07:33:50.604+0000] {processor.py:840} INFO - DAG(s) 'Gold_News_pipeline' retrieved from /opt/airflow/dags/gold_news_pipeline.py
[2024-10-23T07:33:50.644+0000] {logging_mixin.py:188} INFO - [2024-10-23T07:33:50.643+0000] {dag.py:3047} INFO - Sync 1 DAGs
[2024-10-23T07:33:50.660+0000] {logging_mixin.py:188} INFO - [2024-10-23T07:33:50.659+0000] {dag.py:3834} INFO - Setting next_dagrun for Gold_News_pipeline to 2024-10-23 00:00:00+00:00, run_after=2024-10-24 00:00:00+00:00
[2024-10-23T07:33:50.675+0000] {processor.py:183} INFO - Processing /opt/airflow/dags/gold_news_pipeline.py took 0.583 seconds
[2024-10-23T07:34:20.809+0000] {processor.py:161} INFO - Started process (PID=14343) to work on /opt/airflow/dags/gold_news_pipeline.py
[2024-10-23T07:34:20.811+0000] {processor.py:830} INFO - Processing file /opt/airflow/dags/gold_news_pipeline.py for tasks to queue
[2024-10-23T07:34:20.812+0000] {logging_mixin.py:188} INFO - [2024-10-23T07:34:20.812+0000] {dagbag.py:540} INFO - Filling up the DagBag from /opt/airflow/dags/gold_news_pipeline.py
[2024-10-23T07:34:21.186+0000] {processor.py:840} INFO - DAG(s) 'Gold_News_pipeline' retrieved from /opt/airflow/dags/gold_news_pipeline.py
[2024-10-23T07:34:21.220+0000] {logging_mixin.py:188} INFO - [2024-10-23T07:34:21.220+0000] {dag.py:3047} INFO - Sync 1 DAGs
[2024-10-23T07:34:21.234+0000] {logging_mixin.py:188} INFO - [2024-10-23T07:34:21.234+0000] {dag.py:3834} INFO - Setting next_dagrun for Gold_News_pipeline to 2024-10-23 00:00:00+00:00, run_after=2024-10-24 00:00:00+00:00
[2024-10-23T07:34:21.250+0000] {processor.py:183} INFO - Processing /opt/airflow/dags/gold_news_pipeline.py took 0.443 seconds
[2024-10-23T07:34:51.355+0000] {processor.py:161} INFO - Started process (PID=14414) to work on /opt/airflow/dags/gold_news_pipeline.py
[2024-10-23T07:34:51.356+0000] {processor.py:830} INFO - Processing file /opt/airflow/dags/gold_news_pipeline.py for tasks to queue
[2024-10-23T07:34:51.358+0000] {logging_mixin.py:188} INFO - [2024-10-23T07:34:51.357+0000] {dagbag.py:540} INFO - Filling up the DagBag from /opt/airflow/dags/gold_news_pipeline.py
[2024-10-23T07:34:51.894+0000] {processor.py:840} INFO - DAG(s) 'Gold_News_pipeline' retrieved from /opt/airflow/dags/gold_news_pipeline.py
[2024-10-23T07:34:51.940+0000] {logging_mixin.py:188} INFO - [2024-10-23T07:34:51.940+0000] {dag.py:3047} INFO - Sync 1 DAGs
[2024-10-23T07:34:51.956+0000] {logging_mixin.py:188} INFO - [2024-10-23T07:34:51.956+0000] {dag.py:3834} INFO - Setting next_dagrun for Gold_News_pipeline to 2024-10-23 00:00:00+00:00, run_after=2024-10-24 00:00:00+00:00
[2024-10-23T07:34:51.976+0000] {processor.py:183} INFO - Processing /opt/airflow/dags/gold_news_pipeline.py took 0.624 seconds
[2024-10-23T07:35:22.747+0000] {processor.py:161} INFO - Started process (PID=14491) to work on /opt/airflow/dags/gold_news_pipeline.py
[2024-10-23T07:35:22.748+0000] {processor.py:830} INFO - Processing file /opt/airflow/dags/gold_news_pipeline.py for tasks to queue
[2024-10-23T07:35:22.749+0000] {logging_mixin.py:188} INFO - [2024-10-23T07:35:22.749+0000] {dagbag.py:540} INFO - Filling up the DagBag from /opt/airflow/dags/gold_news_pipeline.py
[2024-10-23T07:35:23.199+0000] {processor.py:840} INFO - DAG(s) 'Gold_News_pipeline' retrieved from /opt/airflow/dags/gold_news_pipeline.py
[2024-10-23T07:35:23.233+0000] {logging_mixin.py:188} INFO - [2024-10-23T07:35:23.233+0000] {dag.py:3047} INFO - Sync 1 DAGs
[2024-10-23T07:35:23.248+0000] {logging_mixin.py:188} INFO - [2024-10-23T07:35:23.248+0000] {dag.py:3834} INFO - Setting next_dagrun for Gold_News_pipeline to 2024-10-23 00:00:00+00:00, run_after=2024-10-24 00:00:00+00:00
[2024-10-23T07:35:23.264+0000] {processor.py:183} INFO - Processing /opt/airflow/dags/gold_news_pipeline.py took 0.519 seconds
[2024-10-23T07:35:53.649+0000] {processor.py:161} INFO - Started process (PID=14565) to work on /opt/airflow/dags/gold_news_pipeline.py
[2024-10-23T07:35:53.652+0000] {processor.py:830} INFO - Processing file /opt/airflow/dags/gold_news_pipeline.py for tasks to queue
[2024-10-23T07:35:53.654+0000] {logging_mixin.py:188} INFO - [2024-10-23T07:35:53.654+0000] {dagbag.py:540} INFO - Filling up the DagBag from /opt/airflow/dags/gold_news_pipeline.py
[2024-10-23T07:35:54.216+0000] {processor.py:840} INFO - DAG(s) 'Gold_News_pipeline' retrieved from /opt/airflow/dags/gold_news_pipeline.py
[2024-10-23T07:35:54.248+0000] {logging_mixin.py:188} INFO - [2024-10-23T07:35:54.248+0000] {dag.py:3047} INFO - Sync 1 DAGs
[2024-10-23T07:35:54.262+0000] {logging_mixin.py:188} INFO - [2024-10-23T07:35:54.262+0000] {dag.py:3834} INFO - Setting next_dagrun for Gold_News_pipeline to 2024-10-23 00:00:00+00:00, run_after=2024-10-24 00:00:00+00:00
[2024-10-23T07:35:54.275+0000] {processor.py:183} INFO - Processing /opt/airflow/dags/gold_news_pipeline.py took 0.630 seconds
