[2024-10-23T07:04:01.121+0000] {processor.py:161} INFO - Started process (PID=218) to work on /opt/airflow/dags/vehicle_model_training_pipeline.py
[2024-10-23T07:04:01.122+0000] {processor.py:830} INFO - Processing file /opt/airflow/dags/vehicle_model_training_pipeline.py for tasks to queue
[2024-10-23T07:04:01.123+0000] {logging_mixin.py:188} INFO - [2024-10-23T07:04:01.123+0000] {dagbag.py:540} INFO - Filling up the DagBag from /opt/airflow/dags/vehicle_model_training_pipeline.py
[2024-10-23T07:04:08.145+0000] {processor.py:840} INFO - DAG(s) 'Vehicle_Model_Training_Pipeline' retrieved from /opt/airflow/dags/vehicle_model_training_pipeline.py
[2024-10-23T07:04:08.333+0000] {logging_mixin.py:188} INFO - [2024-10-23T07:04:08.333+0000] {dag.py:3047} INFO - Sync 1 DAGs
[2024-10-23T07:04:08.345+0000] {logging_mixin.py:188} INFO - [2024-10-23T07:04:08.345+0000] {dag.py:3834} INFO - Setting next_dagrun for Vehicle_Model_Training_Pipeline to 2024-10-23 00:00:00+00:00, run_after=2024-10-24 00:00:00+00:00
[2024-10-23T07:04:08.365+0000] {processor.py:183} INFO - Processing /opt/airflow/dags/vehicle_model_training_pipeline.py took 7.283 seconds
[2024-10-23T07:04:38.643+0000] {processor.py:161} INFO - Started process (PID=299) to work on /opt/airflow/dags/vehicle_model_training_pipeline.py
[2024-10-23T07:04:38.645+0000] {processor.py:830} INFO - Processing file /opt/airflow/dags/vehicle_model_training_pipeline.py for tasks to queue
[2024-10-23T07:04:38.646+0000] {logging_mixin.py:188} INFO - [2024-10-23T07:04:38.645+0000] {dagbag.py:540} INFO - Filling up the DagBag from /opt/airflow/dags/vehicle_model_training_pipeline.py
[2024-10-23T07:04:39.534+0000] {processor.py:840} INFO - DAG(s) 'Vehicle_Model_Training_Pipeline' retrieved from /opt/airflow/dags/vehicle_model_training_pipeline.py
[2024-10-23T07:04:39.631+0000] {logging_mixin.py:188} INFO - [2024-10-23T07:04:39.630+0000] {dag.py:3047} INFO - Sync 1 DAGs
[2024-10-23T07:04:39.648+0000] {logging_mixin.py:188} INFO - [2024-10-23T07:04:39.648+0000] {dag.py:3834} INFO - Setting next_dagrun for Vehicle_Model_Training_Pipeline to 2024-10-23 00:00:00+00:00, run_after=2024-10-24 00:00:00+00:00
[2024-10-23T07:04:39.678+0000] {processor.py:183} INFO - Processing /opt/airflow/dags/vehicle_model_training_pipeline.py took 1.037 seconds
[2024-10-23T07:05:09.941+0000] {processor.py:161} INFO - Started process (PID=373) to work on /opt/airflow/dags/vehicle_model_training_pipeline.py
[2024-10-23T07:05:09.942+0000] {processor.py:830} INFO - Processing file /opt/airflow/dags/vehicle_model_training_pipeline.py for tasks to queue
[2024-10-23T07:05:09.943+0000] {logging_mixin.py:188} INFO - [2024-10-23T07:05:09.943+0000] {dagbag.py:540} INFO - Filling up the DagBag from /opt/airflow/dags/vehicle_model_training_pipeline.py
[2024-10-23T07:05:10.735+0000] {processor.py:840} INFO - DAG(s) 'Vehicle_Model_Training_Pipeline' retrieved from /opt/airflow/dags/vehicle_model_training_pipeline.py
[2024-10-23T07:05:10.844+0000] {logging_mixin.py:188} INFO - [2024-10-23T07:05:10.844+0000] {dag.py:3047} INFO - Sync 1 DAGs
[2024-10-23T07:05:10.859+0000] {logging_mixin.py:188} INFO - [2024-10-23T07:05:10.859+0000] {dag.py:3834} INFO - Setting next_dagrun for Vehicle_Model_Training_Pipeline to 2024-10-23 00:00:00+00:00, run_after=2024-10-24 00:00:00+00:00
[2024-10-23T07:05:10.877+0000] {processor.py:183} INFO - Processing /opt/airflow/dags/vehicle_model_training_pipeline.py took 0.938 seconds
[2024-10-23T07:05:41.111+0000] {processor.py:161} INFO - Started process (PID=448) to work on /opt/airflow/dags/vehicle_model_training_pipeline.py
[2024-10-23T07:05:41.112+0000] {processor.py:830} INFO - Processing file /opt/airflow/dags/vehicle_model_training_pipeline.py for tasks to queue
[2024-10-23T07:05:41.112+0000] {logging_mixin.py:188} INFO - [2024-10-23T07:05:41.112+0000] {dagbag.py:540} INFO - Filling up the DagBag from /opt/airflow/dags/vehicle_model_training_pipeline.py
[2024-10-23T07:05:42.026+0000] {processor.py:840} INFO - DAG(s) 'Vehicle_Model_Training_Pipeline' retrieved from /opt/airflow/dags/vehicle_model_training_pipeline.py
[2024-10-23T07:05:42.121+0000] {logging_mixin.py:188} INFO - [2024-10-23T07:05:42.121+0000] {dag.py:3047} INFO - Sync 1 DAGs
[2024-10-23T07:05:42.138+0000] {logging_mixin.py:188} INFO - [2024-10-23T07:05:42.137+0000] {dag.py:3834} INFO - Setting next_dagrun for Vehicle_Model_Training_Pipeline to 2024-10-23 00:00:00+00:00, run_after=2024-10-24 00:00:00+00:00
[2024-10-23T07:05:42.152+0000] {processor.py:183} INFO - Processing /opt/airflow/dags/vehicle_model_training_pipeline.py took 1.043 seconds
[2024-10-23T07:06:12.644+0000] {processor.py:161} INFO - Started process (PID=526) to work on /opt/airflow/dags/vehicle_model_training_pipeline.py
[2024-10-23T07:06:12.645+0000] {processor.py:830} INFO - Processing file /opt/airflow/dags/vehicle_model_training_pipeline.py for tasks to queue
[2024-10-23T07:06:12.646+0000] {logging_mixin.py:188} INFO - [2024-10-23T07:06:12.646+0000] {dagbag.py:540} INFO - Filling up the DagBag from /opt/airflow/dags/vehicle_model_training_pipeline.py
[2024-10-23T07:06:13.558+0000] {processor.py:840} INFO - DAG(s) 'Vehicle_Model_Training_Pipeline' retrieved from /opt/airflow/dags/vehicle_model_training_pipeline.py
[2024-10-23T07:06:13.675+0000] {logging_mixin.py:188} INFO - [2024-10-23T07:06:13.675+0000] {dag.py:3047} INFO - Sync 1 DAGs
[2024-10-23T07:06:13.690+0000] {logging_mixin.py:188} INFO - [2024-10-23T07:06:13.689+0000] {dag.py:3834} INFO - Setting next_dagrun for Vehicle_Model_Training_Pipeline to 2024-10-23 00:00:00+00:00, run_after=2024-10-24 00:00:00+00:00
[2024-10-23T07:06:13.709+0000] {processor.py:183} INFO - Processing /opt/airflow/dags/vehicle_model_training_pipeline.py took 1.069 seconds
[2024-10-23T07:06:43.932+0000] {processor.py:161} INFO - Started process (PID=606) to work on /opt/airflow/dags/vehicle_model_training_pipeline.py
[2024-10-23T07:06:43.933+0000] {processor.py:830} INFO - Processing file /opt/airflow/dags/vehicle_model_training_pipeline.py for tasks to queue
[2024-10-23T07:06:43.934+0000] {logging_mixin.py:188} INFO - [2024-10-23T07:06:43.934+0000] {dagbag.py:540} INFO - Filling up the DagBag from /opt/airflow/dags/vehicle_model_training_pipeline.py
[2024-10-23T07:06:44.764+0000] {processor.py:840} INFO - DAG(s) 'Vehicle_Model_Training_Pipeline' retrieved from /opt/airflow/dags/vehicle_model_training_pipeline.py
[2024-10-23T07:06:44.870+0000] {logging_mixin.py:188} INFO - [2024-10-23T07:06:44.869+0000] {dag.py:3047} INFO - Sync 1 DAGs
[2024-10-23T07:06:44.884+0000] {logging_mixin.py:188} INFO - [2024-10-23T07:06:44.884+0000] {dag.py:3834} INFO - Setting next_dagrun for Vehicle_Model_Training_Pipeline to 2024-10-23 00:00:00+00:00, run_after=2024-10-24 00:00:00+00:00
[2024-10-23T07:06:44.900+0000] {processor.py:183} INFO - Processing /opt/airflow/dags/vehicle_model_training_pipeline.py took 0.971 seconds
[2024-10-23T07:07:15.623+0000] {processor.py:161} INFO - Started process (PID=682) to work on /opt/airflow/dags/vehicle_model_training_pipeline.py
[2024-10-23T07:07:15.625+0000] {processor.py:830} INFO - Processing file /opt/airflow/dags/vehicle_model_training_pipeline.py for tasks to queue
[2024-10-23T07:07:15.627+0000] {logging_mixin.py:188} INFO - [2024-10-23T07:07:15.626+0000] {dagbag.py:540} INFO - Filling up the DagBag from /opt/airflow/dags/vehicle_model_training_pipeline.py
[2024-10-23T07:07:16.693+0000] {processor.py:840} INFO - DAG(s) 'Vehicle_Model_Training_Pipeline' retrieved from /opt/airflow/dags/vehicle_model_training_pipeline.py
[2024-10-23T07:07:16.787+0000] {logging_mixin.py:188} INFO - [2024-10-23T07:07:16.787+0000] {dag.py:3047} INFO - Sync 1 DAGs
[2024-10-23T07:07:16.802+0000] {logging_mixin.py:188} INFO - [2024-10-23T07:07:16.802+0000] {dag.py:3834} INFO - Setting next_dagrun for Vehicle_Model_Training_Pipeline to 2024-10-23 00:00:00+00:00, run_after=2024-10-24 00:00:00+00:00
[2024-10-23T07:07:16.816+0000] {processor.py:183} INFO - Processing /opt/airflow/dags/vehicle_model_training_pipeline.py took 1.196 seconds
[2024-10-23T07:07:47.293+0000] {processor.py:161} INFO - Started process (PID=756) to work on /opt/airflow/dags/vehicle_model_training_pipeline.py
[2024-10-23T07:07:47.294+0000] {processor.py:830} INFO - Processing file /opt/airflow/dags/vehicle_model_training_pipeline.py for tasks to queue
[2024-10-23T07:07:47.296+0000] {logging_mixin.py:188} INFO - [2024-10-23T07:07:47.295+0000] {dagbag.py:540} INFO - Filling up the DagBag from /opt/airflow/dags/vehicle_model_training_pipeline.py
[2024-10-23T07:07:48.078+0000] {processor.py:840} INFO - DAG(s) 'Vehicle_Model_Training_Pipeline' retrieved from /opt/airflow/dags/vehicle_model_training_pipeline.py
[2024-10-23T07:07:48.160+0000] {logging_mixin.py:188} INFO - [2024-10-23T07:07:48.160+0000] {dag.py:3047} INFO - Sync 1 DAGs
[2024-10-23T07:07:48.173+0000] {logging_mixin.py:188} INFO - [2024-10-23T07:07:48.173+0000] {dag.py:3834} INFO - Setting next_dagrun for Vehicle_Model_Training_Pipeline to 2024-10-23 00:00:00+00:00, run_after=2024-10-24 00:00:00+00:00
[2024-10-23T07:07:48.186+0000] {processor.py:183} INFO - Processing /opt/airflow/dags/vehicle_model_training_pipeline.py took 0.895 seconds
[2024-10-23T07:08:19.193+0000] {processor.py:161} INFO - Started process (PID=830) to work on /opt/airflow/dags/vehicle_model_training_pipeline.py
[2024-10-23T07:08:19.194+0000] {processor.py:830} INFO - Processing file /opt/airflow/dags/vehicle_model_training_pipeline.py for tasks to queue
[2024-10-23T07:08:19.194+0000] {logging_mixin.py:188} INFO - [2024-10-23T07:08:19.194+0000] {dagbag.py:540} INFO - Filling up the DagBag from /opt/airflow/dags/vehicle_model_training_pipeline.py
[2024-10-23T07:08:20.132+0000] {processor.py:840} INFO - DAG(s) 'Vehicle_Model_Training_Pipeline' retrieved from /opt/airflow/dags/vehicle_model_training_pipeline.py
[2024-10-23T07:08:20.242+0000] {logging_mixin.py:188} INFO - [2024-10-23T07:08:20.242+0000] {dag.py:3047} INFO - Sync 1 DAGs
[2024-10-23T07:08:20.255+0000] {logging_mixin.py:188} INFO - [2024-10-23T07:08:20.255+0000] {dag.py:3834} INFO - Setting next_dagrun for Vehicle_Model_Training_Pipeline to 2024-10-23 00:00:00+00:00, run_after=2024-10-24 00:00:00+00:00
[2024-10-23T07:08:20.272+0000] {processor.py:183} INFO - Processing /opt/airflow/dags/vehicle_model_training_pipeline.py took 1.082 seconds
[2024-10-23T07:08:50.898+0000] {processor.py:161} INFO - Started process (PID=910) to work on /opt/airflow/dags/vehicle_model_training_pipeline.py
[2024-10-23T07:08:50.899+0000] {processor.py:830} INFO - Processing file /opt/airflow/dags/vehicle_model_training_pipeline.py for tasks to queue
[2024-10-23T07:08:50.900+0000] {logging_mixin.py:188} INFO - [2024-10-23T07:08:50.900+0000] {dagbag.py:540} INFO - Filling up the DagBag from /opt/airflow/dags/vehicle_model_training_pipeline.py
[2024-10-23T07:08:51.711+0000] {processor.py:840} INFO - DAG(s) 'Vehicle_Model_Training_Pipeline' retrieved from /opt/airflow/dags/vehicle_model_training_pipeline.py
[2024-10-23T07:08:51.822+0000] {logging_mixin.py:188} INFO - [2024-10-23T07:08:51.822+0000] {dag.py:3047} INFO - Sync 1 DAGs
[2024-10-23T07:08:51.835+0000] {logging_mixin.py:188} INFO - [2024-10-23T07:08:51.835+0000] {dag.py:3834} INFO - Setting next_dagrun for Vehicle_Model_Training_Pipeline to 2024-10-23 00:00:00+00:00, run_after=2024-10-24 00:00:00+00:00
[2024-10-23T07:08:51.852+0000] {processor.py:183} INFO - Processing /opt/airflow/dags/vehicle_model_training_pipeline.py took 0.956 seconds
[2024-10-23T07:09:22.115+0000] {processor.py:161} INFO - Started process (PID=984) to work on /opt/airflow/dags/vehicle_model_training_pipeline.py
[2024-10-23T07:09:22.116+0000] {processor.py:830} INFO - Processing file /opt/airflow/dags/vehicle_model_training_pipeline.py for tasks to queue
[2024-10-23T07:09:22.117+0000] {logging_mixin.py:188} INFO - [2024-10-23T07:09:22.117+0000] {dagbag.py:540} INFO - Filling up the DagBag from /opt/airflow/dags/vehicle_model_training_pipeline.py
[2024-10-23T07:09:22.961+0000] {processor.py:840} INFO - DAG(s) 'Vehicle_Model_Training_Pipeline' retrieved from /opt/airflow/dags/vehicle_model_training_pipeline.py
[2024-10-23T07:09:23.065+0000] {logging_mixin.py:188} INFO - [2024-10-23T07:09:23.064+0000] {dag.py:3047} INFO - Sync 1 DAGs
[2024-10-23T07:09:23.078+0000] {logging_mixin.py:188} INFO - [2024-10-23T07:09:23.078+0000] {dag.py:3834} INFO - Setting next_dagrun for Vehicle_Model_Training_Pipeline to 2024-10-23 00:00:00+00:00, run_after=2024-10-24 00:00:00+00:00
[2024-10-23T07:09:23.097+0000] {processor.py:183} INFO - Processing /opt/airflow/dags/vehicle_model_training_pipeline.py took 0.984 seconds
[2024-10-23T07:09:53.337+0000] {processor.py:161} INFO - Started process (PID=1058) to work on /opt/airflow/dags/vehicle_model_training_pipeline.py
[2024-10-23T07:09:53.338+0000] {processor.py:830} INFO - Processing file /opt/airflow/dags/vehicle_model_training_pipeline.py for tasks to queue
[2024-10-23T07:09:53.339+0000] {logging_mixin.py:188} INFO - [2024-10-23T07:09:53.339+0000] {dagbag.py:540} INFO - Filling up the DagBag from /opt/airflow/dags/vehicle_model_training_pipeline.py
[2024-10-23T07:09:54.149+0000] {processor.py:840} INFO - DAG(s) 'Vehicle_Model_Training_Pipeline' retrieved from /opt/airflow/dags/vehicle_model_training_pipeline.py
[2024-10-23T07:09:54.262+0000] {logging_mixin.py:188} INFO - [2024-10-23T07:09:54.262+0000] {dag.py:3047} INFO - Sync 1 DAGs
[2024-10-23T07:09:54.281+0000] {logging_mixin.py:188} INFO - [2024-10-23T07:09:54.281+0000] {dag.py:3834} INFO - Setting next_dagrun for Vehicle_Model_Training_Pipeline to 2024-10-23 00:00:00+00:00, run_after=2024-10-24 00:00:00+00:00
[2024-10-23T07:09:54.297+0000] {processor.py:183} INFO - Processing /opt/airflow/dags/vehicle_model_training_pipeline.py took 0.961 seconds
[2024-10-23T07:10:24.570+0000] {processor.py:161} INFO - Started process (PID=1131) to work on /opt/airflow/dags/vehicle_model_training_pipeline.py
[2024-10-23T07:10:24.571+0000] {processor.py:830} INFO - Processing file /opt/airflow/dags/vehicle_model_training_pipeline.py for tasks to queue
[2024-10-23T07:10:24.573+0000] {logging_mixin.py:188} INFO - [2024-10-23T07:10:24.572+0000] {dagbag.py:540} INFO - Filling up the DagBag from /opt/airflow/dags/vehicle_model_training_pipeline.py
[2024-10-23T07:10:25.468+0000] {processor.py:840} INFO - DAG(s) 'Vehicle_Model_Training_Pipeline' retrieved from /opt/airflow/dags/vehicle_model_training_pipeline.py
[2024-10-23T07:10:25.578+0000] {logging_mixin.py:188} INFO - [2024-10-23T07:10:25.578+0000] {dag.py:3047} INFO - Sync 1 DAGs
[2024-10-23T07:10:25.591+0000] {logging_mixin.py:188} INFO - [2024-10-23T07:10:25.591+0000] {dag.py:3834} INFO - Setting next_dagrun for Vehicle_Model_Training_Pipeline to 2024-10-23 00:00:00+00:00, run_after=2024-10-24 00:00:00+00:00
[2024-10-23T07:10:25.604+0000] {processor.py:183} INFO - Processing /opt/airflow/dags/vehicle_model_training_pipeline.py took 1.037 seconds
[2024-10-23T07:10:55.663+0000] {processor.py:161} INFO - Started process (PID=1205) to work on /opt/airflow/dags/vehicle_model_training_pipeline.py
[2024-10-23T07:10:55.664+0000] {processor.py:830} INFO - Processing file /opt/airflow/dags/vehicle_model_training_pipeline.py for tasks to queue
[2024-10-23T07:10:55.665+0000] {logging_mixin.py:188} INFO - [2024-10-23T07:10:55.665+0000] {dagbag.py:540} INFO - Filling up the DagBag from /opt/airflow/dags/vehicle_model_training_pipeline.py
[2024-10-23T07:10:56.593+0000] {processor.py:840} INFO - DAG(s) 'Vehicle_Model_Training_Pipeline' retrieved from /opt/airflow/dags/vehicle_model_training_pipeline.py
[2024-10-23T07:10:56.706+0000] {logging_mixin.py:188} INFO - [2024-10-23T07:10:56.706+0000] {dag.py:3047} INFO - Sync 1 DAGs
[2024-10-23T07:10:56.727+0000] {logging_mixin.py:188} INFO - [2024-10-23T07:10:56.727+0000] {dag.py:3834} INFO - Setting next_dagrun for Vehicle_Model_Training_Pipeline to 2024-10-23 00:00:00+00:00, run_after=2024-10-24 00:00:00+00:00
[2024-10-23T07:10:56.743+0000] {processor.py:183} INFO - Processing /opt/airflow/dags/vehicle_model_training_pipeline.py took 1.082 seconds
[2024-10-23T07:11:26.928+0000] {processor.py:161} INFO - Started process (PID=1279) to work on /opt/airflow/dags/vehicle_model_training_pipeline.py
[2024-10-23T07:11:26.930+0000] {processor.py:830} INFO - Processing file /opt/airflow/dags/vehicle_model_training_pipeline.py for tasks to queue
[2024-10-23T07:11:26.931+0000] {logging_mixin.py:188} INFO - [2024-10-23T07:11:26.930+0000] {dagbag.py:540} INFO - Filling up the DagBag from /opt/airflow/dags/vehicle_model_training_pipeline.py
[2024-10-23T07:11:27.697+0000] {processor.py:840} INFO - DAG(s) 'Vehicle_Model_Training_Pipeline' retrieved from /opt/airflow/dags/vehicle_model_training_pipeline.py
[2024-10-23T07:11:27.772+0000] {logging_mixin.py:188} INFO - [2024-10-23T07:11:27.771+0000] {dag.py:3047} INFO - Sync 1 DAGs
[2024-10-23T07:11:27.785+0000] {logging_mixin.py:188} INFO - [2024-10-23T07:11:27.785+0000] {dag.py:3834} INFO - Setting next_dagrun for Vehicle_Model_Training_Pipeline to 2024-10-23 00:00:00+00:00, run_after=2024-10-24 00:00:00+00:00
[2024-10-23T07:11:27.799+0000] {processor.py:183} INFO - Processing /opt/airflow/dags/vehicle_model_training_pipeline.py took 0.873 seconds
[2024-10-23T07:11:58.240+0000] {processor.py:161} INFO - Started process (PID=1353) to work on /opt/airflow/dags/vehicle_model_training_pipeline.py
[2024-10-23T07:11:58.242+0000] {processor.py:830} INFO - Processing file /opt/airflow/dags/vehicle_model_training_pipeline.py for tasks to queue
[2024-10-23T07:11:58.243+0000] {logging_mixin.py:188} INFO - [2024-10-23T07:11:58.243+0000] {dagbag.py:540} INFO - Filling up the DagBag from /opt/airflow/dags/vehicle_model_training_pipeline.py
[2024-10-23T07:11:59.113+0000] {processor.py:840} INFO - DAG(s) 'Vehicle_Model_Training_Pipeline' retrieved from /opt/airflow/dags/vehicle_model_training_pipeline.py
[2024-10-23T07:11:59.207+0000] {logging_mixin.py:188} INFO - [2024-10-23T07:11:59.206+0000] {dag.py:3047} INFO - Sync 1 DAGs
[2024-10-23T07:11:59.223+0000] {logging_mixin.py:188} INFO - [2024-10-23T07:11:59.223+0000] {dag.py:3834} INFO - Setting next_dagrun for Vehicle_Model_Training_Pipeline to 2024-10-23 00:00:00+00:00, run_after=2024-10-24 00:00:00+00:00
[2024-10-23T07:11:59.238+0000] {processor.py:183} INFO - Processing /opt/airflow/dags/vehicle_model_training_pipeline.py took 1.000 seconds
[2024-10-23T07:12:29.732+0000] {processor.py:161} INFO - Started process (PID=1427) to work on /opt/airflow/dags/vehicle_model_training_pipeline.py
[2024-10-23T07:12:29.734+0000] {processor.py:830} INFO - Processing file /opt/airflow/dags/vehicle_model_training_pipeline.py for tasks to queue
[2024-10-23T07:12:29.735+0000] {logging_mixin.py:188} INFO - [2024-10-23T07:12:29.734+0000] {dagbag.py:540} INFO - Filling up the DagBag from /opt/airflow/dags/vehicle_model_training_pipeline.py
[2024-10-23T07:12:30.565+0000] {processor.py:840} INFO - DAG(s) 'Vehicle_Model_Training_Pipeline' retrieved from /opt/airflow/dags/vehicle_model_training_pipeline.py
[2024-10-23T07:12:30.661+0000] {logging_mixin.py:188} INFO - [2024-10-23T07:12:30.661+0000] {dag.py:3047} INFO - Sync 1 DAGs
[2024-10-23T07:12:30.681+0000] {logging_mixin.py:188} INFO - [2024-10-23T07:12:30.680+0000] {dag.py:3834} INFO - Setting next_dagrun for Vehicle_Model_Training_Pipeline to 2024-10-23 00:00:00+00:00, run_after=2024-10-24 00:00:00+00:00
[2024-10-23T07:12:30.696+0000] {processor.py:183} INFO - Processing /opt/airflow/dags/vehicle_model_training_pipeline.py took 0.966 seconds
[2024-10-23T07:13:00.904+0000] {processor.py:161} INFO - Started process (PID=1501) to work on /opt/airflow/dags/vehicle_model_training_pipeline.py
[2024-10-23T07:13:00.906+0000] {processor.py:830} INFO - Processing file /opt/airflow/dags/vehicle_model_training_pipeline.py for tasks to queue
[2024-10-23T07:13:00.906+0000] {logging_mixin.py:188} INFO - [2024-10-23T07:13:00.906+0000] {dagbag.py:540} INFO - Filling up the DagBag from /opt/airflow/dags/vehicle_model_training_pipeline.py
[2024-10-23T07:13:01.743+0000] {processor.py:840} INFO - DAG(s) 'Vehicle_Model_Training_Pipeline' retrieved from /opt/airflow/dags/vehicle_model_training_pipeline.py
[2024-10-23T07:13:01.888+0000] {logging_mixin.py:188} INFO - [2024-10-23T07:13:01.887+0000] {dag.py:3047} INFO - Sync 1 DAGs
[2024-10-23T07:13:01.903+0000] {logging_mixin.py:188} INFO - [2024-10-23T07:13:01.903+0000] {dag.py:3834} INFO - Setting next_dagrun for Vehicle_Model_Training_Pipeline to 2024-10-23 00:00:00+00:00, run_after=2024-10-24 00:00:00+00:00
[2024-10-23T07:13:01.918+0000] {processor.py:183} INFO - Processing /opt/airflow/dags/vehicle_model_training_pipeline.py took 1.016 seconds
[2024-10-23T07:13:32.052+0000] {processor.py:161} INFO - Started process (PID=1575) to work on /opt/airflow/dags/vehicle_model_training_pipeline.py
[2024-10-23T07:13:32.053+0000] {processor.py:830} INFO - Processing file /opt/airflow/dags/vehicle_model_training_pipeline.py for tasks to queue
[2024-10-23T07:13:32.055+0000] {logging_mixin.py:188} INFO - [2024-10-23T07:13:32.055+0000] {dagbag.py:540} INFO - Filling up the DagBag from /opt/airflow/dags/vehicle_model_training_pipeline.py
[2024-10-23T07:13:32.924+0000] {processor.py:840} INFO - DAG(s) 'Vehicle_Model_Training_Pipeline' retrieved from /opt/airflow/dags/vehicle_model_training_pipeline.py
[2024-10-23T07:13:33.046+0000] {logging_mixin.py:188} INFO - [2024-10-23T07:13:33.046+0000] {dag.py:3047} INFO - Sync 1 DAGs
[2024-10-23T07:13:33.059+0000] {logging_mixin.py:188} INFO - [2024-10-23T07:13:33.059+0000] {dag.py:3834} INFO - Setting next_dagrun for Vehicle_Model_Training_Pipeline to 2024-10-23 00:00:00+00:00, run_after=2024-10-24 00:00:00+00:00
[2024-10-23T07:13:33.076+0000] {processor.py:183} INFO - Processing /opt/airflow/dags/vehicle_model_training_pipeline.py took 1.027 seconds
[2024-10-23T07:14:03.476+0000] {processor.py:161} INFO - Started process (PID=1649) to work on /opt/airflow/dags/vehicle_model_training_pipeline.py
[2024-10-23T07:14:03.477+0000] {processor.py:830} INFO - Processing file /opt/airflow/dags/vehicle_model_training_pipeline.py for tasks to queue
[2024-10-23T07:14:03.479+0000] {logging_mixin.py:188} INFO - [2024-10-23T07:14:03.478+0000] {dagbag.py:540} INFO - Filling up the DagBag from /opt/airflow/dags/vehicle_model_training_pipeline.py
[2024-10-23T07:14:04.294+0000] {processor.py:840} INFO - DAG(s) 'Vehicle_Model_Training_Pipeline' retrieved from /opt/airflow/dags/vehicle_model_training_pipeline.py
[2024-10-23T07:14:04.378+0000] {logging_mixin.py:188} INFO - [2024-10-23T07:14:04.378+0000] {dag.py:3047} INFO - Sync 1 DAGs
[2024-10-23T07:14:04.391+0000] {logging_mixin.py:188} INFO - [2024-10-23T07:14:04.391+0000] {dag.py:3834} INFO - Setting next_dagrun for Vehicle_Model_Training_Pipeline to 2024-10-23 00:00:00+00:00, run_after=2024-10-24 00:00:00+00:00
[2024-10-23T07:14:04.407+0000] {processor.py:183} INFO - Processing /opt/airflow/dags/vehicle_model_training_pipeline.py took 0.933 seconds
[2024-10-23T07:14:34.961+0000] {processor.py:161} INFO - Started process (PID=1723) to work on /opt/airflow/dags/vehicle_model_training_pipeline.py
[2024-10-23T07:14:34.962+0000] {processor.py:830} INFO - Processing file /opt/airflow/dags/vehicle_model_training_pipeline.py for tasks to queue
[2024-10-23T07:14:34.962+0000] {logging_mixin.py:188} INFO - [2024-10-23T07:14:34.962+0000] {dagbag.py:540} INFO - Filling up the DagBag from /opt/airflow/dags/vehicle_model_training_pipeline.py
[2024-10-23T07:14:35.715+0000] {processor.py:840} INFO - DAG(s) 'Vehicle_Model_Training_Pipeline' retrieved from /opt/airflow/dags/vehicle_model_training_pipeline.py
[2024-10-23T07:14:35.800+0000] {logging_mixin.py:188} INFO - [2024-10-23T07:14:35.799+0000] {dag.py:3047} INFO - Sync 1 DAGs
[2024-10-23T07:14:35.813+0000] {logging_mixin.py:188} INFO - [2024-10-23T07:14:35.813+0000] {dag.py:3834} INFO - Setting next_dagrun for Vehicle_Model_Training_Pipeline to 2024-10-23 00:00:00+00:00, run_after=2024-10-24 00:00:00+00:00
[2024-10-23T07:14:35.831+0000] {processor.py:183} INFO - Processing /opt/airflow/dags/vehicle_model_training_pipeline.py took 0.873 seconds
[2024-10-23T07:15:05.931+0000] {processor.py:161} INFO - Started process (PID=1797) to work on /opt/airflow/dags/vehicle_model_training_pipeline.py
[2024-10-23T07:15:05.932+0000] {processor.py:830} INFO - Processing file /opt/airflow/dags/vehicle_model_training_pipeline.py for tasks to queue
[2024-10-23T07:15:05.933+0000] {logging_mixin.py:188} INFO - [2024-10-23T07:15:05.933+0000] {dagbag.py:540} INFO - Filling up the DagBag from /opt/airflow/dags/vehicle_model_training_pipeline.py
[2024-10-23T07:15:06.819+0000] {processor.py:840} INFO - DAG(s) 'Vehicle_Model_Training_Pipeline' retrieved from /opt/airflow/dags/vehicle_model_training_pipeline.py
[2024-10-23T07:15:06.903+0000] {logging_mixin.py:188} INFO - [2024-10-23T07:15:06.903+0000] {dag.py:3047} INFO - Sync 1 DAGs
[2024-10-23T07:15:06.920+0000] {logging_mixin.py:188} INFO - [2024-10-23T07:15:06.920+0000] {dag.py:3834} INFO - Setting next_dagrun for Vehicle_Model_Training_Pipeline to 2024-10-23 00:00:00+00:00, run_after=2024-10-24 00:00:00+00:00
[2024-10-23T07:15:06.938+0000] {processor.py:183} INFO - Processing /opt/airflow/dags/vehicle_model_training_pipeline.py took 1.011 seconds
[2024-10-23T07:15:37.140+0000] {processor.py:161} INFO - Started process (PID=1870) to work on /opt/airflow/dags/vehicle_model_training_pipeline.py
[2024-10-23T07:15:37.141+0000] {processor.py:830} INFO - Processing file /opt/airflow/dags/vehicle_model_training_pipeline.py for tasks to queue
[2024-10-23T07:15:37.142+0000] {logging_mixin.py:188} INFO - [2024-10-23T07:15:37.142+0000] {dagbag.py:540} INFO - Filling up the DagBag from /opt/airflow/dags/vehicle_model_training_pipeline.py
[2024-10-23T07:15:37.997+0000] {processor.py:840} INFO - DAG(s) 'Vehicle_Model_Training_Pipeline' retrieved from /opt/airflow/dags/vehicle_model_training_pipeline.py
[2024-10-23T07:15:38.096+0000] {logging_mixin.py:188} INFO - [2024-10-23T07:15:38.096+0000] {dag.py:3047} INFO - Sync 1 DAGs
[2024-10-23T07:15:38.108+0000] {logging_mixin.py:188} INFO - [2024-10-23T07:15:38.108+0000] {dag.py:3834} INFO - Setting next_dagrun for Vehicle_Model_Training_Pipeline to 2024-10-23 00:00:00+00:00, run_after=2024-10-24 00:00:00+00:00
[2024-10-23T07:15:38.123+0000] {processor.py:183} INFO - Processing /opt/airflow/dags/vehicle_model_training_pipeline.py took 0.986 seconds
[2024-10-23T07:16:08.310+0000] {processor.py:161} INFO - Started process (PID=1944) to work on /opt/airflow/dags/vehicle_model_training_pipeline.py
[2024-10-23T07:16:08.311+0000] {processor.py:830} INFO - Processing file /opt/airflow/dags/vehicle_model_training_pipeline.py for tasks to queue
[2024-10-23T07:16:08.312+0000] {logging_mixin.py:188} INFO - [2024-10-23T07:16:08.312+0000] {dagbag.py:540} INFO - Filling up the DagBag from /opt/airflow/dags/vehicle_model_training_pipeline.py
[2024-10-23T07:16:09.182+0000] {processor.py:840} INFO - DAG(s) 'Vehicle_Model_Training_Pipeline' retrieved from /opt/airflow/dags/vehicle_model_training_pipeline.py
[2024-10-23T07:16:09.277+0000] {logging_mixin.py:188} INFO - [2024-10-23T07:16:09.276+0000] {dag.py:3047} INFO - Sync 1 DAGs
[2024-10-23T07:16:09.292+0000] {logging_mixin.py:188} INFO - [2024-10-23T07:16:09.292+0000] {dag.py:3834} INFO - Setting next_dagrun for Vehicle_Model_Training_Pipeline to 2024-10-23 00:00:00+00:00, run_after=2024-10-24 00:00:00+00:00
[2024-10-23T07:16:09.306+0000] {processor.py:183} INFO - Processing /opt/airflow/dags/vehicle_model_training_pipeline.py took 0.998 seconds
[2024-10-23T07:16:39.366+0000] {processor.py:161} INFO - Started process (PID=2018) to work on /opt/airflow/dags/vehicle_model_training_pipeline.py
[2024-10-23T07:16:39.367+0000] {processor.py:830} INFO - Processing file /opt/airflow/dags/vehicle_model_training_pipeline.py for tasks to queue
[2024-10-23T07:16:39.368+0000] {logging_mixin.py:188} INFO - [2024-10-23T07:16:39.368+0000] {dagbag.py:540} INFO - Filling up the DagBag from /opt/airflow/dags/vehicle_model_training_pipeline.py
[2024-10-23T07:16:40.222+0000] {processor.py:840} INFO - DAG(s) 'Vehicle_Model_Training_Pipeline' retrieved from /opt/airflow/dags/vehicle_model_training_pipeline.py
[2024-10-23T07:16:40.319+0000] {logging_mixin.py:188} INFO - [2024-10-23T07:16:40.318+0000] {dag.py:3047} INFO - Sync 1 DAGs
[2024-10-23T07:16:40.333+0000] {logging_mixin.py:188} INFO - [2024-10-23T07:16:40.333+0000] {dag.py:3834} INFO - Setting next_dagrun for Vehicle_Model_Training_Pipeline to 2024-10-23 00:00:00+00:00, run_after=2024-10-24 00:00:00+00:00
[2024-10-23T07:16:40.349+0000] {processor.py:183} INFO - Processing /opt/airflow/dags/vehicle_model_training_pipeline.py took 0.985 seconds
[2024-10-23T07:17:10.581+0000] {processor.py:161} INFO - Started process (PID=2092) to work on /opt/airflow/dags/vehicle_model_training_pipeline.py
[2024-10-23T07:17:10.582+0000] {processor.py:830} INFO - Processing file /opt/airflow/dags/vehicle_model_training_pipeline.py for tasks to queue
[2024-10-23T07:17:10.583+0000] {logging_mixin.py:188} INFO - [2024-10-23T07:17:10.582+0000] {dagbag.py:540} INFO - Filling up the DagBag from /opt/airflow/dags/vehicle_model_training_pipeline.py
[2024-10-23T07:17:11.375+0000] {processor.py:840} INFO - DAG(s) 'Vehicle_Model_Training_Pipeline' retrieved from /opt/airflow/dags/vehicle_model_training_pipeline.py
[2024-10-23T07:17:11.525+0000] {logging_mixin.py:188} INFO - [2024-10-23T07:17:11.524+0000] {dag.py:3047} INFO - Sync 1 DAGs
[2024-10-23T07:17:11.538+0000] {logging_mixin.py:188} INFO - [2024-10-23T07:17:11.538+0000] {dag.py:3834} INFO - Setting next_dagrun for Vehicle_Model_Training_Pipeline to 2024-10-23 00:00:00+00:00, run_after=2024-10-24 00:00:00+00:00
[2024-10-23T07:17:11.558+0000] {processor.py:183} INFO - Processing /opt/airflow/dags/vehicle_model_training_pipeline.py took 0.980 seconds
[2024-10-23T07:17:41.787+0000] {processor.py:161} INFO - Started process (PID=2166) to work on /opt/airflow/dags/vehicle_model_training_pipeline.py
[2024-10-23T07:17:41.788+0000] {processor.py:830} INFO - Processing file /opt/airflow/dags/vehicle_model_training_pipeline.py for tasks to queue
[2024-10-23T07:17:41.789+0000] {logging_mixin.py:188} INFO - [2024-10-23T07:17:41.789+0000] {dagbag.py:540} INFO - Filling up the DagBag from /opt/airflow/dags/vehicle_model_training_pipeline.py
[2024-10-23T07:17:42.594+0000] {processor.py:840} INFO - DAG(s) 'Vehicle_Model_Training_Pipeline' retrieved from /opt/airflow/dags/vehicle_model_training_pipeline.py
[2024-10-23T07:17:42.713+0000] {logging_mixin.py:188} INFO - [2024-10-23T07:17:42.713+0000] {dag.py:3047} INFO - Sync 1 DAGs
[2024-10-23T07:17:42.729+0000] {logging_mixin.py:188} INFO - [2024-10-23T07:17:42.729+0000] {dag.py:3834} INFO - Setting next_dagrun for Vehicle_Model_Training_Pipeline to 2024-10-23 00:00:00+00:00, run_after=2024-10-24 00:00:00+00:00
[2024-10-23T07:17:42.746+0000] {processor.py:183} INFO - Processing /opt/airflow/dags/vehicle_model_training_pipeline.py took 0.961 seconds
[2024-10-23T07:18:12.874+0000] {processor.py:161} INFO - Started process (PID=2240) to work on /opt/airflow/dags/vehicle_model_training_pipeline.py
[2024-10-23T07:18:12.875+0000] {processor.py:830} INFO - Processing file /opt/airflow/dags/vehicle_model_training_pipeline.py for tasks to queue
[2024-10-23T07:18:12.877+0000] {logging_mixin.py:188} INFO - [2024-10-23T07:18:12.876+0000] {dagbag.py:540} INFO - Filling up the DagBag from /opt/airflow/dags/vehicle_model_training_pipeline.py
[2024-10-23T07:18:13.809+0000] {processor.py:840} INFO - DAG(s) 'Vehicle_Model_Training_Pipeline' retrieved from /opt/airflow/dags/vehicle_model_training_pipeline.py
[2024-10-23T07:18:13.912+0000] {logging_mixin.py:188} INFO - [2024-10-23T07:18:13.912+0000] {dag.py:3047} INFO - Sync 1 DAGs
[2024-10-23T07:18:13.925+0000] {logging_mixin.py:188} INFO - [2024-10-23T07:18:13.925+0000] {dag.py:3834} INFO - Setting next_dagrun for Vehicle_Model_Training_Pipeline to 2024-10-23 00:00:00+00:00, run_after=2024-10-24 00:00:00+00:00
[2024-10-23T07:18:13.942+0000] {processor.py:183} INFO - Processing /opt/airflow/dags/vehicle_model_training_pipeline.py took 1.071 seconds
[2024-10-23T07:18:44.227+0000] {processor.py:161} INFO - Started process (PID=2314) to work on /opt/airflow/dags/vehicle_model_training_pipeline.py
[2024-10-23T07:18:44.229+0000] {processor.py:830} INFO - Processing file /opt/airflow/dags/vehicle_model_training_pipeline.py for tasks to queue
[2024-10-23T07:18:44.230+0000] {logging_mixin.py:188} INFO - [2024-10-23T07:18:44.230+0000] {dagbag.py:540} INFO - Filling up the DagBag from /opt/airflow/dags/vehicle_model_training_pipeline.py
[2024-10-23T07:18:45.085+0000] {processor.py:840} INFO - DAG(s) 'Vehicle_Model_Training_Pipeline' retrieved from /opt/airflow/dags/vehicle_model_training_pipeline.py
[2024-10-23T07:18:45.185+0000] {logging_mixin.py:188} INFO - [2024-10-23T07:18:45.185+0000] {dag.py:3047} INFO - Sync 1 DAGs
[2024-10-23T07:18:45.199+0000] {logging_mixin.py:188} INFO - [2024-10-23T07:18:45.199+0000] {dag.py:3834} INFO - Setting next_dagrun for Vehicle_Model_Training_Pipeline to 2024-10-23 00:00:00+00:00, run_after=2024-10-24 00:00:00+00:00
[2024-10-23T07:18:45.218+0000] {processor.py:183} INFO - Processing /opt/airflow/dags/vehicle_model_training_pipeline.py took 0.993 seconds
[2024-10-23T07:19:15.458+0000] {processor.py:161} INFO - Started process (PID=2388) to work on /opt/airflow/dags/vehicle_model_training_pipeline.py
[2024-10-23T07:19:15.459+0000] {processor.py:830} INFO - Processing file /opt/airflow/dags/vehicle_model_training_pipeline.py for tasks to queue
[2024-10-23T07:19:15.460+0000] {logging_mixin.py:188} INFO - [2024-10-23T07:19:15.460+0000] {dagbag.py:540} INFO - Filling up the DagBag from /opt/airflow/dags/vehicle_model_training_pipeline.py
[2024-10-23T07:19:16.319+0000] {processor.py:840} INFO - DAG(s) 'Vehicle_Model_Training_Pipeline' retrieved from /opt/airflow/dags/vehicle_model_training_pipeline.py
[2024-10-23T07:19:16.413+0000] {logging_mixin.py:188} INFO - [2024-10-23T07:19:16.413+0000] {dag.py:3047} INFO - Sync 1 DAGs
[2024-10-23T07:19:16.426+0000] {logging_mixin.py:188} INFO - [2024-10-23T07:19:16.426+0000] {dag.py:3834} INFO - Setting next_dagrun for Vehicle_Model_Training_Pipeline to 2024-10-23 00:00:00+00:00, run_after=2024-10-24 00:00:00+00:00
[2024-10-23T07:19:16.447+0000] {processor.py:183} INFO - Processing /opt/airflow/dags/vehicle_model_training_pipeline.py took 0.992 seconds
[2024-10-23T07:19:46.653+0000] {processor.py:161} INFO - Started process (PID=2462) to work on /opt/airflow/dags/vehicle_model_training_pipeline.py
[2024-10-23T07:19:46.655+0000] {processor.py:830} INFO - Processing file /opt/airflow/dags/vehicle_model_training_pipeline.py for tasks to queue
[2024-10-23T07:19:46.656+0000] {logging_mixin.py:188} INFO - [2024-10-23T07:19:46.655+0000] {dagbag.py:540} INFO - Filling up the DagBag from /opt/airflow/dags/vehicle_model_training_pipeline.py
[2024-10-23T07:19:47.401+0000] {processor.py:840} INFO - DAG(s) 'Vehicle_Model_Training_Pipeline' retrieved from /opt/airflow/dags/vehicle_model_training_pipeline.py
[2024-10-23T07:19:47.482+0000] {logging_mixin.py:188} INFO - [2024-10-23T07:19:47.481+0000] {dag.py:3047} INFO - Sync 1 DAGs
[2024-10-23T07:19:47.495+0000] {logging_mixin.py:188} INFO - [2024-10-23T07:19:47.495+0000] {dag.py:3834} INFO - Setting next_dagrun for Vehicle_Model_Training_Pipeline to 2024-10-23 00:00:00+00:00, run_after=2024-10-24 00:00:00+00:00
[2024-10-23T07:19:47.515+0000] {processor.py:183} INFO - Processing /opt/airflow/dags/vehicle_model_training_pipeline.py took 0.865 seconds
[2024-10-23T07:20:17.973+0000] {processor.py:161} INFO - Started process (PID=2537) to work on /opt/airflow/dags/vehicle_model_training_pipeline.py
[2024-10-23T07:20:17.975+0000] {processor.py:830} INFO - Processing file /opt/airflow/dags/vehicle_model_training_pipeline.py for tasks to queue
[2024-10-23T07:20:17.976+0000] {logging_mixin.py:188} INFO - [2024-10-23T07:20:17.976+0000] {dagbag.py:540} INFO - Filling up the DagBag from /opt/airflow/dags/vehicle_model_training_pipeline.py
[2024-10-23T07:20:18.944+0000] {processor.py:840} INFO - DAG(s) 'Vehicle_Model_Training_Pipeline' retrieved from /opt/airflow/dags/vehicle_model_training_pipeline.py
[2024-10-23T07:20:19.029+0000] {logging_mixin.py:188} INFO - [2024-10-23T07:20:19.029+0000] {dag.py:3047} INFO - Sync 1 DAGs
[2024-10-23T07:20:19.043+0000] {logging_mixin.py:188} INFO - [2024-10-23T07:20:19.043+0000] {dag.py:3834} INFO - Setting next_dagrun for Vehicle_Model_Training_Pipeline to 2024-10-23 00:00:00+00:00, run_after=2024-10-24 00:00:00+00:00
[2024-10-23T07:20:19.060+0000] {processor.py:183} INFO - Processing /opt/airflow/dags/vehicle_model_training_pipeline.py took 1.089 seconds
[2024-10-23T07:20:49.288+0000] {processor.py:161} INFO - Started process (PID=2633) to work on /opt/airflow/dags/vehicle_model_training_pipeline.py
[2024-10-23T07:20:49.292+0000] {processor.py:830} INFO - Processing file /opt/airflow/dags/vehicle_model_training_pipeline.py for tasks to queue
[2024-10-23T07:20:49.293+0000] {logging_mixin.py:188} INFO - [2024-10-23T07:20:49.293+0000] {dagbag.py:540} INFO - Filling up the DagBag from /opt/airflow/dags/vehicle_model_training_pipeline.py
[2024-10-23T07:20:50.189+0000] {processor.py:840} INFO - DAG(s) 'Vehicle_Model_Training_Pipeline' retrieved from /opt/airflow/dags/vehicle_model_training_pipeline.py
[2024-10-23T07:20:50.289+0000] {logging_mixin.py:188} INFO - [2024-10-23T07:20:50.289+0000] {dag.py:3047} INFO - Sync 1 DAGs
[2024-10-23T07:20:50.306+0000] {logging_mixin.py:188} INFO - [2024-10-23T07:20:50.306+0000] {dag.py:3834} INFO - Setting next_dagrun for Vehicle_Model_Training_Pipeline to 2024-10-23 00:00:00+00:00, run_after=2024-10-24 00:00:00+00:00
[2024-10-23T07:20:50.324+0000] {processor.py:183} INFO - Processing /opt/airflow/dags/vehicle_model_training_pipeline.py took 1.039 seconds
[2024-10-23T07:21:20.724+0000] {processor.py:161} INFO - Started process (PID=2808) to work on /opt/airflow/dags/vehicle_model_training_pipeline.py
[2024-10-23T07:21:20.731+0000] {processor.py:830} INFO - Processing file /opt/airflow/dags/vehicle_model_training_pipeline.py for tasks to queue
[2024-10-23T07:21:20.732+0000] {logging_mixin.py:188} INFO - [2024-10-23T07:21:20.731+0000] {dagbag.py:540} INFO - Filling up the DagBag from /opt/airflow/dags/vehicle_model_training_pipeline.py
[2024-10-23T07:21:22.282+0000] {processor.py:840} INFO - DAG(s) 'Vehicle_Model_Training_Pipeline' retrieved from /opt/airflow/dags/vehicle_model_training_pipeline.py
[2024-10-23T07:21:22.394+0000] {logging_mixin.py:188} INFO - [2024-10-23T07:21:22.394+0000] {dag.py:3047} INFO - Sync 1 DAGs
[2024-10-23T07:21:22.425+0000] {logging_mixin.py:188} INFO - [2024-10-23T07:21:22.425+0000] {dag.py:3834} INFO - Setting next_dagrun for Vehicle_Model_Training_Pipeline to 2024-10-23 00:00:00+00:00, run_after=2024-10-24 00:00:00+00:00
[2024-10-23T07:21:22.444+0000] {processor.py:183} INFO - Processing /opt/airflow/dags/vehicle_model_training_pipeline.py took 1.723 seconds
[2024-10-23T07:21:52.963+0000] {processor.py:161} INFO - Started process (PID=4505) to work on /opt/airflow/dags/vehicle_model_training_pipeline.py
[2024-10-23T07:21:52.965+0000] {processor.py:830} INFO - Processing file /opt/airflow/dags/vehicle_model_training_pipeline.py for tasks to queue
[2024-10-23T07:21:52.966+0000] {logging_mixin.py:188} INFO - [2024-10-23T07:21:52.965+0000] {dagbag.py:540} INFO - Filling up the DagBag from /opt/airflow/dags/vehicle_model_training_pipeline.py
[2024-10-23T07:21:53.901+0000] {processor.py:840} INFO - DAG(s) 'Vehicle_Model_Training_Pipeline' retrieved from /opt/airflow/dags/vehicle_model_training_pipeline.py
[2024-10-23T07:21:54.064+0000] {logging_mixin.py:188} INFO - [2024-10-23T07:21:54.063+0000] {dag.py:3047} INFO - Sync 1 DAGs
[2024-10-23T07:21:54.079+0000] {logging_mixin.py:188} INFO - [2024-10-23T07:21:54.079+0000] {dag.py:3834} INFO - Setting next_dagrun for Vehicle_Model_Training_Pipeline to 2024-10-23 00:00:00+00:00, run_after=2024-10-24 00:00:00+00:00
[2024-10-23T07:21:54.095+0000] {processor.py:183} INFO - Processing /opt/airflow/dags/vehicle_model_training_pipeline.py took 1.133 seconds
[2024-10-23T07:22:24.896+0000] {processor.py:161} INFO - Started process (PID=4635) to work on /opt/airflow/dags/vehicle_model_training_pipeline.py
[2024-10-23T07:22:24.898+0000] {processor.py:830} INFO - Processing file /opt/airflow/dags/vehicle_model_training_pipeline.py for tasks to queue
[2024-10-23T07:22:24.899+0000] {logging_mixin.py:188} INFO - [2024-10-23T07:22:24.898+0000] {dagbag.py:540} INFO - Filling up the DagBag from /opt/airflow/dags/vehicle_model_training_pipeline.py
[2024-10-23T07:22:26.259+0000] {processor.py:840} INFO - DAG(s) 'Vehicle_Model_Training_Pipeline' retrieved from /opt/airflow/dags/vehicle_model_training_pipeline.py
[2024-10-23T07:22:26.528+0000] {logging_mixin.py:188} INFO - [2024-10-23T07:22:26.528+0000] {dag.py:3047} INFO - Sync 1 DAGs
[2024-10-23T07:22:26.543+0000] {logging_mixin.py:188} INFO - [2024-10-23T07:22:26.543+0000] {dag.py:3834} INFO - Setting next_dagrun for Vehicle_Model_Training_Pipeline to 2024-10-23 00:00:00+00:00, run_after=2024-10-24 00:00:00+00:00
[2024-10-23T07:22:26.575+0000] {processor.py:183} INFO - Processing /opt/airflow/dags/vehicle_model_training_pipeline.py took 1.683 seconds
[2024-10-23T07:22:57.104+0000] {processor.py:161} INFO - Started process (PID=6307) to work on /opt/airflow/dags/vehicle_model_training_pipeline.py
[2024-10-23T07:22:57.105+0000] {processor.py:830} INFO - Processing file /opt/airflow/dags/vehicle_model_training_pipeline.py for tasks to queue
[2024-10-23T07:22:57.106+0000] {logging_mixin.py:188} INFO - [2024-10-23T07:22:57.106+0000] {dagbag.py:540} INFO - Filling up the DagBag from /opt/airflow/dags/vehicle_model_training_pipeline.py
[2024-10-23T07:22:57.956+0000] {processor.py:840} INFO - DAG(s) 'Vehicle_Model_Training_Pipeline' retrieved from /opt/airflow/dags/vehicle_model_training_pipeline.py
[2024-10-23T07:22:58.097+0000] {logging_mixin.py:188} INFO - [2024-10-23T07:22:58.096+0000] {dag.py:3047} INFO - Sync 1 DAGs
[2024-10-23T07:22:58.109+0000] {logging_mixin.py:188} INFO - [2024-10-23T07:22:58.109+0000] {dag.py:3834} INFO - Setting next_dagrun for Vehicle_Model_Training_Pipeline to 2024-10-23 00:00:00+00:00, run_after=2024-10-24 00:00:00+00:00
[2024-10-23T07:22:58.121+0000] {processor.py:183} INFO - Processing /opt/airflow/dags/vehicle_model_training_pipeline.py took 1.019 seconds
[2024-10-23T07:23:28.910+0000] {processor.py:161} INFO - Started process (PID=6459) to work on /opt/airflow/dags/vehicle_model_training_pipeline.py
[2024-10-23T07:23:28.916+0000] {processor.py:830} INFO - Processing file /opt/airflow/dags/vehicle_model_training_pipeline.py for tasks to queue
[2024-10-23T07:23:28.917+0000] {logging_mixin.py:188} INFO - [2024-10-23T07:23:28.917+0000] {dagbag.py:540} INFO - Filling up the DagBag from /opt/airflow/dags/vehicle_model_training_pipeline.py
[2024-10-23T07:23:30.206+0000] {processor.py:840} INFO - DAG(s) 'Vehicle_Model_Training_Pipeline' retrieved from /opt/airflow/dags/vehicle_model_training_pipeline.py
[2024-10-23T07:23:30.404+0000] {logging_mixin.py:188} INFO - [2024-10-23T07:23:30.404+0000] {dag.py:3047} INFO - Sync 1 DAGs
[2024-10-23T07:23:30.434+0000] {logging_mixin.py:188} INFO - [2024-10-23T07:23:30.434+0000] {dag.py:3834} INFO - Setting next_dagrun for Vehicle_Model_Training_Pipeline to 2024-10-23 00:00:00+00:00, run_after=2024-10-24 00:00:00+00:00
[2024-10-23T07:23:30.504+0000] {processor.py:183} INFO - Processing /opt/airflow/dags/vehicle_model_training_pipeline.py took 1.596 seconds
[2024-10-23T07:24:01.544+0000] {processor.py:161} INFO - Started process (PID=8151) to work on /opt/airflow/dags/vehicle_model_training_pipeline.py
[2024-10-23T07:24:01.545+0000] {processor.py:830} INFO - Processing file /opt/airflow/dags/vehicle_model_training_pipeline.py for tasks to queue
[2024-10-23T07:24:01.546+0000] {logging_mixin.py:188} INFO - [2024-10-23T07:24:01.546+0000] {dagbag.py:540} INFO - Filling up the DagBag from /opt/airflow/dags/vehicle_model_training_pipeline.py
[2024-10-23T07:24:02.372+0000] {processor.py:840} INFO - DAG(s) 'Vehicle_Model_Training_Pipeline' retrieved from /opt/airflow/dags/vehicle_model_training_pipeline.py
[2024-10-23T07:24:02.472+0000] {logging_mixin.py:188} INFO - [2024-10-23T07:24:02.472+0000] {dag.py:3047} INFO - Sync 1 DAGs
[2024-10-23T07:24:02.485+0000] {logging_mixin.py:188} INFO - [2024-10-23T07:24:02.485+0000] {dag.py:3834} INFO - Setting next_dagrun for Vehicle_Model_Training_Pipeline to 2024-10-23 00:00:00+00:00, run_after=2024-10-24 00:00:00+00:00
[2024-10-23T07:24:02.502+0000] {processor.py:183} INFO - Processing /opt/airflow/dags/vehicle_model_training_pipeline.py took 0.960 seconds
[2024-10-23T07:24:33.050+0000] {processor.py:161} INFO - Started process (PID=9879) to work on /opt/airflow/dags/vehicle_model_training_pipeline.py
[2024-10-23T07:24:33.051+0000] {processor.py:830} INFO - Processing file /opt/airflow/dags/vehicle_model_training_pipeline.py for tasks to queue
[2024-10-23T07:24:33.052+0000] {logging_mixin.py:188} INFO - [2024-10-23T07:24:33.052+0000] {dagbag.py:540} INFO - Filling up the DagBag from /opt/airflow/dags/vehicle_model_training_pipeline.py
[2024-10-23T07:24:33.990+0000] {processor.py:840} INFO - DAG(s) 'Vehicle_Model_Training_Pipeline' retrieved from /opt/airflow/dags/vehicle_model_training_pipeline.py
[2024-10-23T07:24:34.125+0000] {logging_mixin.py:188} INFO - [2024-10-23T07:24:34.124+0000] {dag.py:3047} INFO - Sync 1 DAGs
[2024-10-23T07:24:34.139+0000] {logging_mixin.py:188} INFO - [2024-10-23T07:24:34.138+0000] {dag.py:3834} INFO - Setting next_dagrun for Vehicle_Model_Training_Pipeline to 2024-10-23 00:00:00+00:00, run_after=2024-10-24 00:00:00+00:00
[2024-10-23T07:24:34.157+0000] {processor.py:183} INFO - Processing /opt/airflow/dags/vehicle_model_training_pipeline.py took 1.110 seconds
[2024-10-23T07:25:04.553+0000] {processor.py:161} INFO - Started process (PID=9975) to work on /opt/airflow/dags/vehicle_model_training_pipeline.py
[2024-10-23T07:25:04.554+0000] {processor.py:830} INFO - Processing file /opt/airflow/dags/vehicle_model_training_pipeline.py for tasks to queue
[2024-10-23T07:25:04.555+0000] {logging_mixin.py:188} INFO - [2024-10-23T07:25:04.555+0000] {dagbag.py:540} INFO - Filling up the DagBag from /opt/airflow/dags/vehicle_model_training_pipeline.py
[2024-10-23T07:25:05.422+0000] {processor.py:840} INFO - DAG(s) 'Vehicle_Model_Training_Pipeline' retrieved from /opt/airflow/dags/vehicle_model_training_pipeline.py
[2024-10-23T07:25:05.523+0000] {logging_mixin.py:188} INFO - [2024-10-23T07:25:05.523+0000] {dag.py:3047} INFO - Sync 1 DAGs
[2024-10-23T07:25:05.538+0000] {logging_mixin.py:188} INFO - [2024-10-23T07:25:05.538+0000] {dag.py:3834} INFO - Setting next_dagrun for Vehicle_Model_Training_Pipeline to 2024-10-23 00:00:00+00:00, run_after=2024-10-24 00:00:00+00:00
[2024-10-23T07:25:05.557+0000] {processor.py:183} INFO - Processing /opt/airflow/dags/vehicle_model_training_pipeline.py took 1.008 seconds
[2024-10-23T07:25:36.186+0000] {processor.py:161} INFO - Started process (PID=11704) to work on /opt/airflow/dags/vehicle_model_training_pipeline.py
[2024-10-23T07:25:36.187+0000] {processor.py:830} INFO - Processing file /opt/airflow/dags/vehicle_model_training_pipeline.py for tasks to queue
[2024-10-23T07:25:36.188+0000] {logging_mixin.py:188} INFO - [2024-10-23T07:25:36.188+0000] {dagbag.py:540} INFO - Filling up the DagBag from /opt/airflow/dags/vehicle_model_training_pipeline.py
[2024-10-23T07:25:37.055+0000] {processor.py:840} INFO - DAG(s) 'Vehicle_Model_Training_Pipeline' retrieved from /opt/airflow/dags/vehicle_model_training_pipeline.py
[2024-10-23T07:25:37.184+0000] {logging_mixin.py:188} INFO - [2024-10-23T07:25:37.184+0000] {dag.py:3047} INFO - Sync 1 DAGs
[2024-10-23T07:25:37.197+0000] {logging_mixin.py:188} INFO - [2024-10-23T07:25:37.197+0000] {dag.py:3834} INFO - Setting next_dagrun for Vehicle_Model_Training_Pipeline to 2024-10-23 00:00:00+00:00, run_after=2024-10-24 00:00:00+00:00
[2024-10-23T07:25:37.216+0000] {processor.py:183} INFO - Processing /opt/airflow/dags/vehicle_model_training_pipeline.py took 1.033 seconds
[2024-10-23T07:26:07.904+0000] {processor.py:161} INFO - Started process (PID=11990) to work on /opt/airflow/dags/vehicle_model_training_pipeline.py
[2024-10-23T07:26:07.906+0000] {processor.py:830} INFO - Processing file /opt/airflow/dags/vehicle_model_training_pipeline.py for tasks to queue
[2024-10-23T07:26:07.907+0000] {logging_mixin.py:188} INFO - [2024-10-23T07:26:07.907+0000] {dagbag.py:540} INFO - Filling up the DagBag from /opt/airflow/dags/vehicle_model_training_pipeline.py
[2024-10-23T07:26:08.945+0000] {processor.py:840} INFO - DAG(s) 'Vehicle_Model_Training_Pipeline' retrieved from /opt/airflow/dags/vehicle_model_training_pipeline.py
[2024-10-23T07:26:09.135+0000] {logging_mixin.py:188} INFO - [2024-10-23T07:26:09.135+0000] {dag.py:3047} INFO - Sync 1 DAGs
[2024-10-23T07:26:09.152+0000] {logging_mixin.py:188} INFO - [2024-10-23T07:26:09.152+0000] {dag.py:3834} INFO - Setting next_dagrun for Vehicle_Model_Training_Pipeline to 2024-10-23 00:00:00+00:00, run_after=2024-10-24 00:00:00+00:00
[2024-10-23T07:26:09.179+0000] {processor.py:183} INFO - Processing /opt/airflow/dags/vehicle_model_training_pipeline.py took 1.277 seconds
[2024-10-23T07:26:39.459+0000] {processor.py:161} INFO - Started process (PID=13527) to work on /opt/airflow/dags/vehicle_model_training_pipeline.py
[2024-10-23T07:26:39.460+0000] {processor.py:830} INFO - Processing file /opt/airflow/dags/vehicle_model_training_pipeline.py for tasks to queue
[2024-10-23T07:26:39.461+0000] {logging_mixin.py:188} INFO - [2024-10-23T07:26:39.461+0000] {dagbag.py:540} INFO - Filling up the DagBag from /opt/airflow/dags/vehicle_model_training_pipeline.py
[2024-10-23T07:26:40.273+0000] {processor.py:840} INFO - DAG(s) 'Vehicle_Model_Training_Pipeline' retrieved from /opt/airflow/dags/vehicle_model_training_pipeline.py
[2024-10-23T07:26:40.383+0000] {logging_mixin.py:188} INFO - [2024-10-23T07:26:40.383+0000] {dag.py:3047} INFO - Sync 1 DAGs
[2024-10-23T07:26:40.397+0000] {logging_mixin.py:188} INFO - [2024-10-23T07:26:40.397+0000] {dag.py:3834} INFO - Setting next_dagrun for Vehicle_Model_Training_Pipeline to 2024-10-23 00:00:00+00:00, run_after=2024-10-24 00:00:00+00:00
[2024-10-23T07:26:40.417+0000] {processor.py:183} INFO - Processing /opt/airflow/dags/vehicle_model_training_pipeline.py took 0.960 seconds
[2024-10-23T07:27:10.690+0000] {processor.py:161} INFO - Started process (PID=13601) to work on /opt/airflow/dags/vehicle_model_training_pipeline.py
[2024-10-23T07:27:10.691+0000] {processor.py:830} INFO - Processing file /opt/airflow/dags/vehicle_model_training_pipeline.py for tasks to queue
[2024-10-23T07:27:10.692+0000] {logging_mixin.py:188} INFO - [2024-10-23T07:27:10.691+0000] {dagbag.py:540} INFO - Filling up the DagBag from /opt/airflow/dags/vehicle_model_training_pipeline.py
[2024-10-23T07:27:11.477+0000] {processor.py:840} INFO - DAG(s) 'Vehicle_Model_Training_Pipeline' retrieved from /opt/airflow/dags/vehicle_model_training_pipeline.py
[2024-10-23T07:27:11.572+0000] {logging_mixin.py:188} INFO - [2024-10-23T07:27:11.571+0000] {dag.py:3047} INFO - Sync 1 DAGs
[2024-10-23T07:27:11.586+0000] {logging_mixin.py:188} INFO - [2024-10-23T07:27:11.585+0000] {dag.py:3834} INFO - Setting next_dagrun for Vehicle_Model_Training_Pipeline to 2024-10-23 00:00:00+00:00, run_after=2024-10-24 00:00:00+00:00
[2024-10-23T07:27:11.605+0000] {processor.py:183} INFO - Processing /opt/airflow/dags/vehicle_model_training_pipeline.py took 0.918 seconds
[2024-10-23T07:27:42.081+0000] {processor.py:161} INFO - Started process (PID=13675) to work on /opt/airflow/dags/vehicle_model_training_pipeline.py
[2024-10-23T07:27:42.082+0000] {processor.py:830} INFO - Processing file /opt/airflow/dags/vehicle_model_training_pipeline.py for tasks to queue
[2024-10-23T07:27:42.084+0000] {logging_mixin.py:188} INFO - [2024-10-23T07:27:42.083+0000] {dagbag.py:540} INFO - Filling up the DagBag from /opt/airflow/dags/vehicle_model_training_pipeline.py
[2024-10-23T07:27:42.985+0000] {processor.py:840} INFO - DAG(s) 'Vehicle_Model_Training_Pipeline' retrieved from /opt/airflow/dags/vehicle_model_training_pipeline.py
[2024-10-23T07:27:43.081+0000] {logging_mixin.py:188} INFO - [2024-10-23T07:27:43.080+0000] {dag.py:3047} INFO - Sync 1 DAGs
[2024-10-23T07:27:43.093+0000] {logging_mixin.py:188} INFO - [2024-10-23T07:27:43.092+0000] {dag.py:3834} INFO - Setting next_dagrun for Vehicle_Model_Training_Pipeline to 2024-10-23 00:00:00+00:00, run_after=2024-10-24 00:00:00+00:00
[2024-10-23T07:27:43.111+0000] {processor.py:183} INFO - Processing /opt/airflow/dags/vehicle_model_training_pipeline.py took 1.033 seconds
[2024-10-23T07:28:15.406+0000] {processor.py:161} INFO - Started process (PID=13727) to work on /opt/airflow/dags/vehicle_model_training_pipeline.py
[2024-10-23T07:28:15.486+0000] {processor.py:830} INFO - Processing file /opt/airflow/dags/vehicle_model_training_pipeline.py for tasks to queue
[2024-10-23T07:28:15.488+0000] {logging_mixin.py:188} INFO - [2024-10-23T07:28:15.487+0000] {dagbag.py:540} INFO - Filling up the DagBag from /opt/airflow/dags/vehicle_model_training_pipeline.py
[2024-10-23T07:28:45.884+0000] {logging_mixin.py:188} INFO - [2024-10-23T07:28:45.872+0000] {timeout.py:68} ERROR - Process timed out, PID: 13727
[2024-10-23T07:29:21.675+0000] {processor.py:161} INFO - Started process (PID=13789) to work on /opt/airflow/dags/vehicle_model_training_pipeline.py
[2024-10-23T07:29:21.677+0000] {processor.py:830} INFO - Processing file /opt/airflow/dags/vehicle_model_training_pipeline.py for tasks to queue
[2024-10-23T07:29:21.678+0000] {logging_mixin.py:188} INFO - [2024-10-23T07:29:21.678+0000] {dagbag.py:540} INFO - Filling up the DagBag from /opt/airflow/dags/vehicle_model_training_pipeline.py
[2024-10-23T07:29:49.574+0000] {processor.py:840} INFO - DAG(s) 'Vehicle_Model_Training_Pipeline' retrieved from /opt/airflow/dags/vehicle_model_training_pipeline.py
[2024-10-23T07:29:49.770+0000] {logging_mixin.py:188} INFO - [2024-10-23T07:29:49.770+0000] {dag.py:3047} INFO - Sync 1 DAGs
[2024-10-23T07:29:49.783+0000] {logging_mixin.py:188} INFO - [2024-10-23T07:29:49.782+0000] {dag.py:3834} INFO - Setting next_dagrun for Vehicle_Model_Training_Pipeline to 2024-10-23 00:00:00+00:00, run_after=2024-10-24 00:00:00+00:00
[2024-10-23T07:29:50.273+0000] {processor.py:183} INFO - Processing /opt/airflow/dags/vehicle_model_training_pipeline.py took 28.601 seconds
[2024-10-23T07:30:55.593+0000] {processor.py:161} INFO - Started process (PID=13902) to work on /opt/airflow/dags/vehicle_model_training_pipeline.py
[2024-10-23T07:30:55.711+0000] {processor.py:830} INFO - Processing file /opt/airflow/dags/vehicle_model_training_pipeline.py for tasks to queue
[2024-10-23T07:30:55.712+0000] {logging_mixin.py:188} INFO - [2024-10-23T07:30:55.712+0000] {dagbag.py:540} INFO - Filling up the DagBag from /opt/airflow/dags/vehicle_model_training_pipeline.py
[2024-10-23T07:30:59.934+0000] {processor.py:840} INFO - DAG(s) 'Vehicle_Model_Training_Pipeline' retrieved from /opt/airflow/dags/vehicle_model_training_pipeline.py
[2024-10-23T07:31:00.116+0000] {logging_mixin.py:188} INFO - [2024-10-23T07:31:00.115+0000] {dag.py:3047} INFO - Sync 1 DAGs
[2024-10-23T07:31:00.138+0000] {logging_mixin.py:188} INFO - [2024-10-23T07:31:00.138+0000] {dag.py:3834} INFO - Setting next_dagrun for Vehicle_Model_Training_Pipeline to 2024-10-23 00:00:00+00:00, run_after=2024-10-24 00:00:00+00:00
[2024-10-23T07:31:00.157+0000] {processor.py:183} INFO - Processing /opt/airflow/dags/vehicle_model_training_pipeline.py took 4.626 seconds
[2024-10-23T07:31:45.263+0000] {processor.py:161} INFO - Started process (PID=13979) to work on /opt/airflow/dags/vehicle_model_training_pipeline.py
[2024-10-23T07:31:45.265+0000] {processor.py:830} INFO - Processing file /opt/airflow/dags/vehicle_model_training_pipeline.py for tasks to queue
[2024-10-23T07:31:45.266+0000] {logging_mixin.py:188} INFO - [2024-10-23T07:31:45.266+0000] {dagbag.py:540} INFO - Filling up the DagBag from /opt/airflow/dags/vehicle_model_training_pipeline.py
[2024-10-23T07:31:46.339+0000] {processor.py:840} INFO - DAG(s) 'Vehicle_Model_Training_Pipeline' retrieved from /opt/airflow/dags/vehicle_model_training_pipeline.py
[2024-10-23T07:31:46.460+0000] {logging_mixin.py:188} INFO - [2024-10-23T07:31:46.460+0000] {dag.py:3047} INFO - Sync 1 DAGs
[2024-10-23T07:31:46.475+0000] {logging_mixin.py:188} INFO - [2024-10-23T07:31:46.475+0000] {dag.py:3834} INFO - Setting next_dagrun for Vehicle_Model_Training_Pipeline to 2024-10-23 00:00:00+00:00, run_after=2024-10-24 00:00:00+00:00
[2024-10-23T07:31:46.491+0000] {processor.py:183} INFO - Processing /opt/airflow/dags/vehicle_model_training_pipeline.py took 1.232 seconds
[2024-10-23T07:32:18.156+0000] {processor.py:161} INFO - Started process (PID=14056) to work on /opt/airflow/dags/vehicle_model_training_pipeline.py
[2024-10-23T07:32:18.157+0000] {processor.py:830} INFO - Processing file /opt/airflow/dags/vehicle_model_training_pipeline.py for tasks to queue
[2024-10-23T07:32:18.158+0000] {logging_mixin.py:188} INFO - [2024-10-23T07:32:18.157+0000] {dagbag.py:540} INFO - Filling up the DagBag from /opt/airflow/dags/vehicle_model_training_pipeline.py
[2024-10-23T07:32:19.089+0000] {processor.py:840} INFO - DAG(s) 'Vehicle_Model_Training_Pipeline' retrieved from /opt/airflow/dags/vehicle_model_training_pipeline.py
[2024-10-23T07:32:19.217+0000] {logging_mixin.py:188} INFO - [2024-10-23T07:32:19.217+0000] {dag.py:3047} INFO - Sync 1 DAGs
[2024-10-23T07:32:19.239+0000] {logging_mixin.py:188} INFO - [2024-10-23T07:32:19.239+0000] {dag.py:3834} INFO - Setting next_dagrun for Vehicle_Model_Training_Pipeline to 2024-10-23 00:00:00+00:00, run_after=2024-10-24 00:00:00+00:00
[2024-10-23T07:32:19.258+0000] {processor.py:183} INFO - Processing /opt/airflow/dags/vehicle_model_training_pipeline.py took 1.105 seconds
[2024-10-23T07:32:49.616+0000] {processor.py:161} INFO - Started process (PID=14130) to work on /opt/airflow/dags/vehicle_model_training_pipeline.py
[2024-10-23T07:32:49.618+0000] {processor.py:830} INFO - Processing file /opt/airflow/dags/vehicle_model_training_pipeline.py for tasks to queue
[2024-10-23T07:32:49.619+0000] {logging_mixin.py:188} INFO - [2024-10-23T07:32:49.618+0000] {dagbag.py:540} INFO - Filling up the DagBag from /opt/airflow/dags/vehicle_model_training_pipeline.py
[2024-10-23T07:32:50.479+0000] {processor.py:840} INFO - DAG(s) 'Vehicle_Model_Training_Pipeline' retrieved from /opt/airflow/dags/vehicle_model_training_pipeline.py
[2024-10-23T07:32:50.602+0000] {logging_mixin.py:188} INFO - [2024-10-23T07:32:50.601+0000] {dag.py:3047} INFO - Sync 1 DAGs
[2024-10-23T07:32:50.626+0000] {logging_mixin.py:188} INFO - [2024-10-23T07:32:50.626+0000] {dag.py:3834} INFO - Setting next_dagrun for Vehicle_Model_Training_Pipeline to 2024-10-23 00:00:00+00:00, run_after=2024-10-24 00:00:00+00:00
[2024-10-23T07:32:50.645+0000] {processor.py:183} INFO - Processing /opt/airflow/dags/vehicle_model_training_pipeline.py took 1.031 seconds
[2024-10-23T07:33:21.101+0000] {processor.py:161} INFO - Started process (PID=14210) to work on /opt/airflow/dags/vehicle_model_training_pipeline.py
[2024-10-23T07:33:21.102+0000] {processor.py:830} INFO - Processing file /opt/airflow/dags/vehicle_model_training_pipeline.py for tasks to queue
[2024-10-23T07:33:21.103+0000] {logging_mixin.py:188} INFO - [2024-10-23T07:33:21.103+0000] {dagbag.py:540} INFO - Filling up the DagBag from /opt/airflow/dags/vehicle_model_training_pipeline.py
[2024-10-23T07:33:21.894+0000] {processor.py:840} INFO - DAG(s) 'Vehicle_Model_Training_Pipeline' retrieved from /opt/airflow/dags/vehicle_model_training_pipeline.py
[2024-10-23T07:33:22.017+0000] {logging_mixin.py:188} INFO - [2024-10-23T07:33:22.017+0000] {dag.py:3047} INFO - Sync 1 DAGs
[2024-10-23T07:33:22.033+0000] {logging_mixin.py:188} INFO - [2024-10-23T07:33:22.033+0000] {dag.py:3834} INFO - Setting next_dagrun for Vehicle_Model_Training_Pipeline to 2024-10-23 00:00:00+00:00, run_after=2024-10-24 00:00:00+00:00
[2024-10-23T07:33:22.067+0000] {processor.py:183} INFO - Processing /opt/airflow/dags/vehicle_model_training_pipeline.py took 0.969 seconds
[2024-10-23T07:33:52.240+0000] {processor.py:161} INFO - Started process (PID=14284) to work on /opt/airflow/dags/vehicle_model_training_pipeline.py
[2024-10-23T07:33:52.241+0000] {processor.py:830} INFO - Processing file /opt/airflow/dags/vehicle_model_training_pipeline.py for tasks to queue
[2024-10-23T07:33:52.242+0000] {logging_mixin.py:188} INFO - [2024-10-23T07:33:52.242+0000] {dagbag.py:540} INFO - Filling up the DagBag from /opt/airflow/dags/vehicle_model_training_pipeline.py
[2024-10-23T07:33:53.123+0000] {processor.py:840} INFO - DAG(s) 'Vehicle_Model_Training_Pipeline' retrieved from /opt/airflow/dags/vehicle_model_training_pipeline.py
[2024-10-23T07:33:53.296+0000] {logging_mixin.py:188} INFO - [2024-10-23T07:33:53.296+0000] {dag.py:3047} INFO - Sync 1 DAGs
[2024-10-23T07:33:53.314+0000] {logging_mixin.py:188} INFO - [2024-10-23T07:33:53.314+0000] {dag.py:3834} INFO - Setting next_dagrun for Vehicle_Model_Training_Pipeline to 2024-10-23 00:00:00+00:00, run_after=2024-10-24 00:00:00+00:00
[2024-10-23T07:33:53.332+0000] {processor.py:183} INFO - Processing /opt/airflow/dags/vehicle_model_training_pipeline.py took 1.095 seconds
[2024-10-23T07:34:23.841+0000] {processor.py:161} INFO - Started process (PID=14358) to work on /opt/airflow/dags/vehicle_model_training_pipeline.py
[2024-10-23T07:34:23.843+0000] {processor.py:830} INFO - Processing file /opt/airflow/dags/vehicle_model_training_pipeline.py for tasks to queue
[2024-10-23T07:34:23.844+0000] {logging_mixin.py:188} INFO - [2024-10-23T07:34:23.844+0000] {dagbag.py:540} INFO - Filling up the DagBag from /opt/airflow/dags/vehicle_model_training_pipeline.py
[2024-10-23T07:34:24.730+0000] {processor.py:840} INFO - DAG(s) 'Vehicle_Model_Training_Pipeline' retrieved from /opt/airflow/dags/vehicle_model_training_pipeline.py
[2024-10-23T07:34:24.812+0000] {logging_mixin.py:188} INFO - [2024-10-23T07:34:24.812+0000] {dag.py:3047} INFO - Sync 1 DAGs
[2024-10-23T07:34:24.835+0000] {logging_mixin.py:188} INFO - [2024-10-23T07:34:24.835+0000] {dag.py:3834} INFO - Setting next_dagrun for Vehicle_Model_Training_Pipeline to 2024-10-23 00:00:00+00:00, run_after=2024-10-24 00:00:00+00:00
[2024-10-23T07:34:24.852+0000] {processor.py:183} INFO - Processing /opt/airflow/dags/vehicle_model_training_pipeline.py took 1.013 seconds
[2024-10-23T07:34:55.337+0000] {processor.py:161} INFO - Started process (PID=14432) to work on /opt/airflow/dags/vehicle_model_training_pipeline.py
[2024-10-23T07:34:55.338+0000] {processor.py:830} INFO - Processing file /opt/airflow/dags/vehicle_model_training_pipeline.py for tasks to queue
[2024-10-23T07:34:55.339+0000] {logging_mixin.py:188} INFO - [2024-10-23T07:34:55.339+0000] {dagbag.py:540} INFO - Filling up the DagBag from /opt/airflow/dags/vehicle_model_training_pipeline.py
[2024-10-23T07:34:56.118+0000] {processor.py:840} INFO - DAG(s) 'Vehicle_Model_Training_Pipeline' retrieved from /opt/airflow/dags/vehicle_model_training_pipeline.py
[2024-10-23T07:34:56.215+0000] {logging_mixin.py:188} INFO - [2024-10-23T07:34:56.213+0000] {dag.py:3047} INFO - Sync 1 DAGs
[2024-10-23T07:34:56.229+0000] {logging_mixin.py:188} INFO - [2024-10-23T07:34:56.229+0000] {dag.py:3834} INFO - Setting next_dagrun for Vehicle_Model_Training_Pipeline to 2024-10-23 00:00:00+00:00, run_after=2024-10-24 00:00:00+00:00
[2024-10-23T07:34:56.244+0000] {processor.py:183} INFO - Processing /opt/airflow/dags/vehicle_model_training_pipeline.py took 0.910 seconds
[2024-10-23T07:35:26.387+0000] {processor.py:161} INFO - Started process (PID=14506) to work on /opt/airflow/dags/vehicle_model_training_pipeline.py
[2024-10-23T07:35:26.388+0000] {processor.py:830} INFO - Processing file /opt/airflow/dags/vehicle_model_training_pipeline.py for tasks to queue
[2024-10-23T07:35:26.389+0000] {logging_mixin.py:188} INFO - [2024-10-23T07:35:26.389+0000] {dagbag.py:540} INFO - Filling up the DagBag from /opt/airflow/dags/vehicle_model_training_pipeline.py
[2024-10-23T07:35:27.141+0000] {processor.py:840} INFO - DAG(s) 'Vehicle_Model_Training_Pipeline' retrieved from /opt/airflow/dags/vehicle_model_training_pipeline.py
[2024-10-23T07:35:27.211+0000] {logging_mixin.py:188} INFO - [2024-10-23T07:35:27.211+0000] {dag.py:3047} INFO - Sync 1 DAGs
[2024-10-23T07:35:27.225+0000] {logging_mixin.py:188} INFO - [2024-10-23T07:35:27.225+0000] {dag.py:3834} INFO - Setting next_dagrun for Vehicle_Model_Training_Pipeline to 2024-10-23 00:00:00+00:00, run_after=2024-10-24 00:00:00+00:00
[2024-10-23T07:35:27.245+0000] {processor.py:183} INFO - Processing /opt/airflow/dags/vehicle_model_training_pipeline.py took 0.861 seconds
