[2024-10-23T07:04:01.126+0000] {processor.py:161} INFO - Started process (PID=221) to work on /opt/airflow/dags/vehicle_data_scraping_pipeline.py
[2024-10-23T07:04:01.126+0000] {processor.py:830} INFO - Processing file /opt/airflow/dags/vehicle_data_scraping_pipeline.py for tasks to queue
[2024-10-23T07:04:01.128+0000] {logging_mixin.py:188} INFO - [2024-10-23T07:04:01.127+0000] {dagbag.py:540} INFO - Filling up the DagBag from /opt/airflow/dags/vehicle_data_scraping_pipeline.py
[2024-10-23T07:04:07.000+0000] {processor.py:840} INFO - DAG(s) 'Vehicle_Data_scrape_Pipeline' retrieved from /opt/airflow/dags/vehicle_data_scraping_pipeline.py
[2024-10-23T07:04:07.168+0000] {logging_mixin.py:188} INFO - [2024-10-23T07:04:07.168+0000] {dag.py:3047} INFO - Sync 1 DAGs
[2024-10-23T07:04:07.182+0000] {logging_mixin.py:188} INFO - [2024-10-23T07:04:07.182+0000] {dag.py:3834} INFO - Setting next_dagrun for Vehicle_Data_scrape_Pipeline to 2024-10-23 00:00:00+00:00, run_after=2024-10-24 00:00:00+00:00
[2024-10-23T07:04:07.211+0000] {processor.py:183} INFO - Processing /opt/airflow/dags/vehicle_data_scraping_pipeline.py took 6.124 seconds
[2024-10-23T07:04:37.921+0000] {processor.py:161} INFO - Started process (PID=293) to work on /opt/airflow/dags/vehicle_data_scraping_pipeline.py
[2024-10-23T07:04:37.922+0000] {processor.py:830} INFO - Processing file /opt/airflow/dags/vehicle_data_scraping_pipeline.py for tasks to queue
[2024-10-23T07:04:37.924+0000] {logging_mixin.py:188} INFO - [2024-10-23T07:04:37.923+0000] {dagbag.py:540} INFO - Filling up the DagBag from /opt/airflow/dags/vehicle_data_scraping_pipeline.py
[2024-10-23T07:04:38.406+0000] {processor.py:840} INFO - DAG(s) 'Vehicle_Data_scrape_Pipeline' retrieved from /opt/airflow/dags/vehicle_data_scraping_pipeline.py
[2024-10-23T07:04:38.455+0000] {logging_mixin.py:188} INFO - [2024-10-23T07:04:38.455+0000] {dag.py:3047} INFO - Sync 1 DAGs
[2024-10-23T07:04:38.476+0000] {logging_mixin.py:188} INFO - [2024-10-23T07:04:38.475+0000] {dag.py:3834} INFO - Setting next_dagrun for Vehicle_Data_scrape_Pipeline to 2024-10-23 00:00:00+00:00, run_after=2024-10-24 00:00:00+00:00
[2024-10-23T07:04:38.599+0000] {processor.py:183} INFO - Processing /opt/airflow/dags/vehicle_data_scraping_pipeline.py took 0.681 seconds
[2024-10-23T07:05:09.280+0000] {processor.py:161} INFO - Started process (PID=367) to work on /opt/airflow/dags/vehicle_data_scraping_pipeline.py
[2024-10-23T07:05:09.282+0000] {processor.py:830} INFO - Processing file /opt/airflow/dags/vehicle_data_scraping_pipeline.py for tasks to queue
[2024-10-23T07:05:09.283+0000] {logging_mixin.py:188} INFO - [2024-10-23T07:05:09.283+0000] {dagbag.py:540} INFO - Filling up the DagBag from /opt/airflow/dags/vehicle_data_scraping_pipeline.py
[2024-10-23T07:05:09.786+0000] {processor.py:840} INFO - DAG(s) 'Vehicle_Data_scrape_Pipeline' retrieved from /opt/airflow/dags/vehicle_data_scraping_pipeline.py
[2024-10-23T07:05:09.862+0000] {logging_mixin.py:188} INFO - [2024-10-23T07:05:09.861+0000] {dag.py:3047} INFO - Sync 1 DAGs
[2024-10-23T07:05:09.879+0000] {logging_mixin.py:188} INFO - [2024-10-23T07:05:09.878+0000] {dag.py:3834} INFO - Setting next_dagrun for Vehicle_Data_scrape_Pipeline to 2024-10-23 00:00:00+00:00, run_after=2024-10-24 00:00:00+00:00
[2024-10-23T07:05:09.897+0000] {processor.py:183} INFO - Processing /opt/airflow/dags/vehicle_data_scraping_pipeline.py took 0.620 seconds
[2024-10-23T07:05:40.081+0000] {processor.py:161} INFO - Started process (PID=442) to work on /opt/airflow/dags/vehicle_data_scraping_pipeline.py
[2024-10-23T07:05:40.083+0000] {processor.py:830} INFO - Processing file /opt/airflow/dags/vehicle_data_scraping_pipeline.py for tasks to queue
[2024-10-23T07:05:40.084+0000] {logging_mixin.py:188} INFO - [2024-10-23T07:05:40.083+0000] {dagbag.py:540} INFO - Filling up the DagBag from /opt/airflow/dags/vehicle_data_scraping_pipeline.py
[2024-10-23T07:05:40.569+0000] {processor.py:840} INFO - DAG(s) 'Vehicle_Data_scrape_Pipeline' retrieved from /opt/airflow/dags/vehicle_data_scraping_pipeline.py
[2024-10-23T07:05:40.629+0000] {logging_mixin.py:188} INFO - [2024-10-23T07:05:40.628+0000] {dag.py:3047} INFO - Sync 1 DAGs
[2024-10-23T07:05:40.648+0000] {logging_mixin.py:188} INFO - [2024-10-23T07:05:40.648+0000] {dag.py:3834} INFO - Setting next_dagrun for Vehicle_Data_scrape_Pipeline to 2024-10-23 00:00:00+00:00, run_after=2024-10-24 00:00:00+00:00
[2024-10-23T07:05:40.664+0000] {processor.py:183} INFO - Processing /opt/airflow/dags/vehicle_data_scraping_pipeline.py took 0.585 seconds
[2024-10-23T07:06:10.821+0000] {processor.py:161} INFO - Started process (PID=516) to work on /opt/airflow/dags/vehicle_data_scraping_pipeline.py
[2024-10-23T07:06:10.823+0000] {processor.py:830} INFO - Processing file /opt/airflow/dags/vehicle_data_scraping_pipeline.py for tasks to queue
[2024-10-23T07:06:10.824+0000] {logging_mixin.py:188} INFO - [2024-10-23T07:06:10.824+0000] {dagbag.py:540} INFO - Filling up the DagBag from /opt/airflow/dags/vehicle_data_scraping_pipeline.py
[2024-10-23T07:06:11.385+0000] {processor.py:840} INFO - DAG(s) 'Vehicle_Data_scrape_Pipeline' retrieved from /opt/airflow/dags/vehicle_data_scraping_pipeline.py
[2024-10-23T07:06:11.536+0000] {logging_mixin.py:188} INFO - [2024-10-23T07:06:11.535+0000] {dag.py:3047} INFO - Sync 1 DAGs
[2024-10-23T07:06:11.548+0000] {logging_mixin.py:188} INFO - [2024-10-23T07:06:11.548+0000] {dag.py:3834} INFO - Setting next_dagrun for Vehicle_Data_scrape_Pipeline to 2024-10-23 00:00:00+00:00, run_after=2024-10-24 00:00:00+00:00
[2024-10-23T07:06:11.567+0000] {processor.py:183} INFO - Processing /opt/airflow/dags/vehicle_data_scraping_pipeline.py took 0.749 seconds
[2024-10-23T07:06:42.187+0000] {processor.py:161} INFO - Started process (PID=590) to work on /opt/airflow/dags/vehicle_data_scraping_pipeline.py
[2024-10-23T07:06:42.188+0000] {processor.py:830} INFO - Processing file /opt/airflow/dags/vehicle_data_scraping_pipeline.py for tasks to queue
[2024-10-23T07:06:42.189+0000] {logging_mixin.py:188} INFO - [2024-10-23T07:06:42.189+0000] {dagbag.py:540} INFO - Filling up the DagBag from /opt/airflow/dags/vehicle_data_scraping_pipeline.py
[2024-10-23T07:06:42.754+0000] {processor.py:840} INFO - DAG(s) 'Vehicle_Data_scrape_Pipeline' retrieved from /opt/airflow/dags/vehicle_data_scraping_pipeline.py
[2024-10-23T07:06:42.882+0000] {logging_mixin.py:188} INFO - [2024-10-23T07:06:42.882+0000] {dag.py:3047} INFO - Sync 1 DAGs
[2024-10-23T07:06:42.897+0000] {logging_mixin.py:188} INFO - [2024-10-23T07:06:42.897+0000] {dag.py:3834} INFO - Setting next_dagrun for Vehicle_Data_scrape_Pipeline to 2024-10-23 00:00:00+00:00, run_after=2024-10-24 00:00:00+00:00
[2024-10-23T07:06:42.914+0000] {processor.py:183} INFO - Processing /opt/airflow/dags/vehicle_data_scraping_pipeline.py took 0.729 seconds
[2024-10-23T07:07:13.467+0000] {processor.py:161} INFO - Started process (PID=664) to work on /opt/airflow/dags/vehicle_data_scraping_pipeline.py
[2024-10-23T07:07:13.468+0000] {processor.py:830} INFO - Processing file /opt/airflow/dags/vehicle_data_scraping_pipeline.py for tasks to queue
[2024-10-23T07:07:13.470+0000] {logging_mixin.py:188} INFO - [2024-10-23T07:07:13.469+0000] {dagbag.py:540} INFO - Filling up the DagBag from /opt/airflow/dags/vehicle_data_scraping_pipeline.py
[2024-10-23T07:07:13.959+0000] {processor.py:840} INFO - DAG(s) 'Vehicle_Data_scrape_Pipeline' retrieved from /opt/airflow/dags/vehicle_data_scraping_pipeline.py
[2024-10-23T07:07:14.019+0000] {logging_mixin.py:188} INFO - [2024-10-23T07:07:14.019+0000] {dag.py:3047} INFO - Sync 1 DAGs
[2024-10-23T07:07:14.034+0000] {logging_mixin.py:188} INFO - [2024-10-23T07:07:14.034+0000] {dag.py:3834} INFO - Setting next_dagrun for Vehicle_Data_scrape_Pipeline to 2024-10-23 00:00:00+00:00, run_after=2024-10-24 00:00:00+00:00
[2024-10-23T07:07:14.162+0000] {processor.py:183} INFO - Processing /opt/airflow/dags/vehicle_data_scraping_pipeline.py took 0.697 seconds
[2024-10-23T07:07:44.260+0000] {processor.py:161} INFO - Started process (PID=738) to work on /opt/airflow/dags/vehicle_data_scraping_pipeline.py
[2024-10-23T07:07:44.261+0000] {processor.py:830} INFO - Processing file /opt/airflow/dags/vehicle_data_scraping_pipeline.py for tasks to queue
[2024-10-23T07:07:44.262+0000] {logging_mixin.py:188} INFO - [2024-10-23T07:07:44.262+0000] {dagbag.py:540} INFO - Filling up the DagBag from /opt/airflow/dags/vehicle_data_scraping_pipeline.py
[2024-10-23T07:07:44.692+0000] {processor.py:840} INFO - DAG(s) 'Vehicle_Data_scrape_Pipeline' retrieved from /opt/airflow/dags/vehicle_data_scraping_pipeline.py
[2024-10-23T07:07:44.746+0000] {logging_mixin.py:188} INFO - [2024-10-23T07:07:44.746+0000] {dag.py:3047} INFO - Sync 1 DAGs
[2024-10-23T07:07:44.761+0000] {logging_mixin.py:188} INFO - [2024-10-23T07:07:44.761+0000] {dag.py:3834} INFO - Setting next_dagrun for Vehicle_Data_scrape_Pipeline to 2024-10-23 00:00:00+00:00, run_after=2024-10-24 00:00:00+00:00
[2024-10-23T07:07:44.778+0000] {processor.py:183} INFO - Processing /opt/airflow/dags/vehicle_data_scraping_pipeline.py took 0.521 seconds
[2024-10-23T07:08:14.966+0000] {processor.py:161} INFO - Started process (PID=812) to work on /opt/airflow/dags/vehicle_data_scraping_pipeline.py
[2024-10-23T07:08:14.967+0000] {processor.py:830} INFO - Processing file /opt/airflow/dags/vehicle_data_scraping_pipeline.py for tasks to queue
[2024-10-23T07:08:14.968+0000] {logging_mixin.py:188} INFO - [2024-10-23T07:08:14.968+0000] {dagbag.py:540} INFO - Filling up the DagBag from /opt/airflow/dags/vehicle_data_scraping_pipeline.py
[2024-10-23T07:08:15.516+0000] {processor.py:840} INFO - DAG(s) 'Vehicle_Data_scrape_Pipeline' retrieved from /opt/airflow/dags/vehicle_data_scraping_pipeline.py
[2024-10-23T07:08:15.565+0000] {logging_mixin.py:188} INFO - [2024-10-23T07:08:15.565+0000] {dag.py:3047} INFO - Sync 1 DAGs
[2024-10-23T07:08:15.585+0000] {logging_mixin.py:188} INFO - [2024-10-23T07:08:15.584+0000] {dag.py:3834} INFO - Setting next_dagrun for Vehicle_Data_scrape_Pipeline to 2024-10-23 00:00:00+00:00, run_after=2024-10-24 00:00:00+00:00
[2024-10-23T07:08:15.600+0000] {processor.py:183} INFO - Processing /opt/airflow/dags/vehicle_data_scraping_pipeline.py took 0.637 seconds
[2024-10-23T07:08:45.657+0000] {processor.py:161} INFO - Started process (PID=886) to work on /opt/airflow/dags/vehicle_data_scraping_pipeline.py
[2024-10-23T07:08:45.659+0000] {processor.py:830} INFO - Processing file /opt/airflow/dags/vehicle_data_scraping_pipeline.py for tasks to queue
[2024-10-23T07:08:45.660+0000] {logging_mixin.py:188} INFO - [2024-10-23T07:08:45.659+0000] {dagbag.py:540} INFO - Filling up the DagBag from /opt/airflow/dags/vehicle_data_scraping_pipeline.py
[2024-10-23T07:08:46.072+0000] {processor.py:840} INFO - DAG(s) 'Vehicle_Data_scrape_Pipeline' retrieved from /opt/airflow/dags/vehicle_data_scraping_pipeline.py
[2024-10-23T07:08:46.207+0000] {logging_mixin.py:188} INFO - [2024-10-23T07:08:46.207+0000] {dag.py:3047} INFO - Sync 1 DAGs
[2024-10-23T07:08:46.220+0000] {logging_mixin.py:188} INFO - [2024-10-23T07:08:46.220+0000] {dag.py:3834} INFO - Setting next_dagrun for Vehicle_Data_scrape_Pipeline to 2024-10-23 00:00:00+00:00, run_after=2024-10-24 00:00:00+00:00
[2024-10-23T07:08:46.237+0000] {processor.py:183} INFO - Processing /opt/airflow/dags/vehicle_data_scraping_pipeline.py took 0.583 seconds
[2024-10-23T07:09:17.203+0000] {processor.py:161} INFO - Started process (PID=960) to work on /opt/airflow/dags/vehicle_data_scraping_pipeline.py
[2024-10-23T07:09:17.204+0000] {processor.py:830} INFO - Processing file /opt/airflow/dags/vehicle_data_scraping_pipeline.py for tasks to queue
[2024-10-23T07:09:17.205+0000] {logging_mixin.py:188} INFO - [2024-10-23T07:09:17.205+0000] {dagbag.py:540} INFO - Filling up the DagBag from /opt/airflow/dags/vehicle_data_scraping_pipeline.py
[2024-10-23T07:09:17.540+0000] {processor.py:840} INFO - DAG(s) 'Vehicle_Data_scrape_Pipeline' retrieved from /opt/airflow/dags/vehicle_data_scraping_pipeline.py
[2024-10-23T07:09:17.582+0000] {logging_mixin.py:188} INFO - [2024-10-23T07:09:17.582+0000] {dag.py:3047} INFO - Sync 1 DAGs
[2024-10-23T07:09:17.600+0000] {logging_mixin.py:188} INFO - [2024-10-23T07:09:17.600+0000] {dag.py:3834} INFO - Setting next_dagrun for Vehicle_Data_scrape_Pipeline to 2024-10-23 00:00:00+00:00, run_after=2024-10-24 00:00:00+00:00
[2024-10-23T07:09:17.618+0000] {processor.py:183} INFO - Processing /opt/airflow/dags/vehicle_data_scraping_pipeline.py took 0.416 seconds
[2024-10-23T07:09:47.669+0000] {processor.py:161} INFO - Started process (PID=1034) to work on /opt/airflow/dags/vehicle_data_scraping_pipeline.py
[2024-10-23T07:09:47.670+0000] {processor.py:830} INFO - Processing file /opt/airflow/dags/vehicle_data_scraping_pipeline.py for tasks to queue
[2024-10-23T07:09:47.671+0000] {logging_mixin.py:188} INFO - [2024-10-23T07:09:47.671+0000] {dagbag.py:540} INFO - Filling up the DagBag from /opt/airflow/dags/vehicle_data_scraping_pipeline.py
[2024-10-23T07:09:48.042+0000] {processor.py:840} INFO - DAG(s) 'Vehicle_Data_scrape_Pipeline' retrieved from /opt/airflow/dags/vehicle_data_scraping_pipeline.py
[2024-10-23T07:09:48.089+0000] {logging_mixin.py:188} INFO - [2024-10-23T07:09:48.088+0000] {dag.py:3047} INFO - Sync 1 DAGs
[2024-10-23T07:09:48.104+0000] {logging_mixin.py:188} INFO - [2024-10-23T07:09:48.104+0000] {dag.py:3834} INFO - Setting next_dagrun for Vehicle_Data_scrape_Pipeline to 2024-10-23 00:00:00+00:00, run_after=2024-10-24 00:00:00+00:00
[2024-10-23T07:09:48.221+0000] {processor.py:183} INFO - Processing /opt/airflow/dags/vehicle_data_scraping_pipeline.py took 0.555 seconds
[2024-10-23T07:10:18.542+0000] {processor.py:161} INFO - Started process (PID=1108) to work on /opt/airflow/dags/vehicle_data_scraping_pipeline.py
[2024-10-23T07:10:18.543+0000] {processor.py:830} INFO - Processing file /opt/airflow/dags/vehicle_data_scraping_pipeline.py for tasks to queue
[2024-10-23T07:10:18.545+0000] {logging_mixin.py:188} INFO - [2024-10-23T07:10:18.545+0000] {dagbag.py:540} INFO - Filling up the DagBag from /opt/airflow/dags/vehicle_data_scraping_pipeline.py
[2024-10-23T07:10:19.033+0000] {processor.py:840} INFO - DAG(s) 'Vehicle_Data_scrape_Pipeline' retrieved from /opt/airflow/dags/vehicle_data_scraping_pipeline.py
[2024-10-23T07:10:19.107+0000] {logging_mixin.py:188} INFO - [2024-10-23T07:10:19.107+0000] {dag.py:3047} INFO - Sync 1 DAGs
[2024-10-23T07:10:19.123+0000] {logging_mixin.py:188} INFO - [2024-10-23T07:10:19.123+0000] {dag.py:3834} INFO - Setting next_dagrun for Vehicle_Data_scrape_Pipeline to 2024-10-23 00:00:00+00:00, run_after=2024-10-24 00:00:00+00:00
[2024-10-23T07:10:19.139+0000] {processor.py:183} INFO - Processing /opt/airflow/dags/vehicle_data_scraping_pipeline.py took 0.600 seconds
[2024-10-23T07:10:49.469+0000] {processor.py:161} INFO - Started process (PID=1181) to work on /opt/airflow/dags/vehicle_data_scraping_pipeline.py
[2024-10-23T07:10:49.470+0000] {processor.py:830} INFO - Processing file /opt/airflow/dags/vehicle_data_scraping_pipeline.py for tasks to queue
[2024-10-23T07:10:49.471+0000] {logging_mixin.py:188} INFO - [2024-10-23T07:10:49.471+0000] {dagbag.py:540} INFO - Filling up the DagBag from /opt/airflow/dags/vehicle_data_scraping_pipeline.py
[2024-10-23T07:10:49.997+0000] {processor.py:840} INFO - DAG(s) 'Vehicle_Data_scrape_Pipeline' retrieved from /opt/airflow/dags/vehicle_data_scraping_pipeline.py
[2024-10-23T07:10:50.043+0000] {logging_mixin.py:188} INFO - [2024-10-23T07:10:50.043+0000] {dag.py:3047} INFO - Sync 1 DAGs
[2024-10-23T07:10:50.059+0000] {logging_mixin.py:188} INFO - [2024-10-23T07:10:50.059+0000] {dag.py:3834} INFO - Setting next_dagrun for Vehicle_Data_scrape_Pipeline to 2024-10-23 00:00:00+00:00, run_after=2024-10-24 00:00:00+00:00
[2024-10-23T07:10:50.074+0000] {processor.py:183} INFO - Processing /opt/airflow/dags/vehicle_data_scraping_pipeline.py took 0.608 seconds
[2024-10-23T07:11:20.179+0000] {processor.py:161} INFO - Started process (PID=1255) to work on /opt/airflow/dags/vehicle_data_scraping_pipeline.py
[2024-10-23T07:11:20.180+0000] {processor.py:830} INFO - Processing file /opt/airflow/dags/vehicle_data_scraping_pipeline.py for tasks to queue
[2024-10-23T07:11:20.181+0000] {logging_mixin.py:188} INFO - [2024-10-23T07:11:20.181+0000] {dagbag.py:540} INFO - Filling up the DagBag from /opt/airflow/dags/vehicle_data_scraping_pipeline.py
[2024-10-23T07:11:20.554+0000] {processor.py:840} INFO - DAG(s) 'Vehicle_Data_scrape_Pipeline' retrieved from /opt/airflow/dags/vehicle_data_scraping_pipeline.py
[2024-10-23T07:11:20.707+0000] {logging_mixin.py:188} INFO - [2024-10-23T07:11:20.707+0000] {dag.py:3047} INFO - Sync 1 DAGs
[2024-10-23T07:11:20.721+0000] {logging_mixin.py:188} INFO - [2024-10-23T07:11:20.720+0000] {dag.py:3834} INFO - Setting next_dagrun for Vehicle_Data_scrape_Pipeline to 2024-10-23 00:00:00+00:00, run_after=2024-10-24 00:00:00+00:00
[2024-10-23T07:11:20.735+0000] {processor.py:183} INFO - Processing /opt/airflow/dags/vehicle_data_scraping_pipeline.py took 0.558 seconds
[2024-10-23T07:11:51.202+0000] {processor.py:161} INFO - Started process (PID=1335) to work on /opt/airflow/dags/vehicle_data_scraping_pipeline.py
[2024-10-23T07:11:51.203+0000] {processor.py:830} INFO - Processing file /opt/airflow/dags/vehicle_data_scraping_pipeline.py for tasks to queue
[2024-10-23T07:11:51.205+0000] {logging_mixin.py:188} INFO - [2024-10-23T07:11:51.204+0000] {dagbag.py:540} INFO - Filling up the DagBag from /opt/airflow/dags/vehicle_data_scraping_pipeline.py
[2024-10-23T07:11:51.620+0000] {processor.py:840} INFO - DAG(s) 'Vehicle_Data_scrape_Pipeline' retrieved from /opt/airflow/dags/vehicle_data_scraping_pipeline.py
[2024-10-23T07:11:51.659+0000] {logging_mixin.py:188} INFO - [2024-10-23T07:11:51.659+0000] {dag.py:3047} INFO - Sync 1 DAGs
[2024-10-23T07:11:51.673+0000] {logging_mixin.py:188} INFO - [2024-10-23T07:11:51.673+0000] {dag.py:3834} INFO - Setting next_dagrun for Vehicle_Data_scrape_Pipeline to 2024-10-23 00:00:00+00:00, run_after=2024-10-24 00:00:00+00:00
[2024-10-23T07:11:51.689+0000] {processor.py:183} INFO - Processing /opt/airflow/dags/vehicle_data_scraping_pipeline.py took 0.490 seconds
[2024-10-23T07:12:21.986+0000] {processor.py:161} INFO - Started process (PID=1409) to work on /opt/airflow/dags/vehicle_data_scraping_pipeline.py
[2024-10-23T07:12:21.987+0000] {processor.py:830} INFO - Processing file /opt/airflow/dags/vehicle_data_scraping_pipeline.py for tasks to queue
[2024-10-23T07:12:21.989+0000] {logging_mixin.py:188} INFO - [2024-10-23T07:12:21.988+0000] {dagbag.py:540} INFO - Filling up the DagBag from /opt/airflow/dags/vehicle_data_scraping_pipeline.py
[2024-10-23T07:12:22.374+0000] {processor.py:840} INFO - DAG(s) 'Vehicle_Data_scrape_Pipeline' retrieved from /opt/airflow/dags/vehicle_data_scraping_pipeline.py
[2024-10-23T07:12:22.429+0000] {logging_mixin.py:188} INFO - [2024-10-23T07:12:22.428+0000] {dag.py:3047} INFO - Sync 1 DAGs
[2024-10-23T07:12:22.540+0000] {logging_mixin.py:188} INFO - [2024-10-23T07:12:22.539+0000] {dag.py:3834} INFO - Setting next_dagrun for Vehicle_Data_scrape_Pipeline to 2024-10-23 00:00:00+00:00, run_after=2024-10-24 00:00:00+00:00
[2024-10-23T07:12:22.555+0000] {processor.py:183} INFO - Processing /opt/airflow/dags/vehicle_data_scraping_pipeline.py took 0.573 seconds
[2024-10-23T07:12:53.105+0000] {processor.py:161} INFO - Started process (PID=1483) to work on /opt/airflow/dags/vehicle_data_scraping_pipeline.py
[2024-10-23T07:12:53.107+0000] {processor.py:830} INFO - Processing file /opt/airflow/dags/vehicle_data_scraping_pipeline.py for tasks to queue
[2024-10-23T07:12:53.108+0000] {logging_mixin.py:188} INFO - [2024-10-23T07:12:53.108+0000] {dagbag.py:540} INFO - Filling up the DagBag from /opt/airflow/dags/vehicle_data_scraping_pipeline.py
[2024-10-23T07:12:53.686+0000] {processor.py:840} INFO - DAG(s) 'Vehicle_Data_scrape_Pipeline' retrieved from /opt/airflow/dags/vehicle_data_scraping_pipeline.py
[2024-10-23T07:12:53.735+0000] {logging_mixin.py:188} INFO - [2024-10-23T07:12:53.735+0000] {dag.py:3047} INFO - Sync 1 DAGs
[2024-10-23T07:12:53.752+0000] {logging_mixin.py:188} INFO - [2024-10-23T07:12:53.752+0000] {dag.py:3834} INFO - Setting next_dagrun for Vehicle_Data_scrape_Pipeline to 2024-10-23 00:00:00+00:00, run_after=2024-10-24 00:00:00+00:00
[2024-10-23T07:12:53.767+0000] {processor.py:183} INFO - Processing /opt/airflow/dags/vehicle_data_scraping_pipeline.py took 0.665 seconds
[2024-10-23T07:13:24.287+0000] {processor.py:161} INFO - Started process (PID=1557) to work on /opt/airflow/dags/vehicle_data_scraping_pipeline.py
[2024-10-23T07:13:24.289+0000] {processor.py:830} INFO - Processing file /opt/airflow/dags/vehicle_data_scraping_pipeline.py for tasks to queue
[2024-10-23T07:13:24.290+0000] {logging_mixin.py:188} INFO - [2024-10-23T07:13:24.290+0000] {dagbag.py:540} INFO - Filling up the DagBag from /opt/airflow/dags/vehicle_data_scraping_pipeline.py
[2024-10-23T07:13:24.819+0000] {processor.py:840} INFO - DAG(s) 'Vehicle_Data_scrape_Pipeline' retrieved from /opt/airflow/dags/vehicle_data_scraping_pipeline.py
[2024-10-23T07:13:24.864+0000] {logging_mixin.py:188} INFO - [2024-10-23T07:13:24.863+0000] {dag.py:3047} INFO - Sync 1 DAGs
[2024-10-23T07:13:24.879+0000] {logging_mixin.py:188} INFO - [2024-10-23T07:13:24.879+0000] {dag.py:3834} INFO - Setting next_dagrun for Vehicle_Data_scrape_Pipeline to 2024-10-23 00:00:00+00:00, run_after=2024-10-24 00:00:00+00:00
[2024-10-23T07:13:24.896+0000] {processor.py:183} INFO - Processing /opt/airflow/dags/vehicle_data_scraping_pipeline.py took 0.611 seconds
[2024-10-23T07:13:55.422+0000] {processor.py:161} INFO - Started process (PID=1631) to work on /opt/airflow/dags/vehicle_data_scraping_pipeline.py
[2024-10-23T07:13:55.423+0000] {processor.py:830} INFO - Processing file /opt/airflow/dags/vehicle_data_scraping_pipeline.py for tasks to queue
[2024-10-23T07:13:55.424+0000] {logging_mixin.py:188} INFO - [2024-10-23T07:13:55.424+0000] {dagbag.py:540} INFO - Filling up the DagBag from /opt/airflow/dags/vehicle_data_scraping_pipeline.py
[2024-10-23T07:13:55.828+0000] {processor.py:840} INFO - DAG(s) 'Vehicle_Data_scrape_Pipeline' retrieved from /opt/airflow/dags/vehicle_data_scraping_pipeline.py
[2024-10-23T07:13:55.882+0000] {logging_mixin.py:188} INFO - [2024-10-23T07:13:55.882+0000] {dag.py:3047} INFO - Sync 1 DAGs
[2024-10-23T07:13:55.903+0000] {logging_mixin.py:188} INFO - [2024-10-23T07:13:55.903+0000] {dag.py:3834} INFO - Setting next_dagrun for Vehicle_Data_scrape_Pipeline to 2024-10-23 00:00:00+00:00, run_after=2024-10-24 00:00:00+00:00
[2024-10-23T07:13:55.922+0000] {processor.py:183} INFO - Processing /opt/airflow/dags/vehicle_data_scraping_pipeline.py took 0.504 seconds
[2024-10-23T07:14:26.178+0000] {processor.py:161} INFO - Started process (PID=1705) to work on /opt/airflow/dags/vehicle_data_scraping_pipeline.py
[2024-10-23T07:14:26.180+0000] {processor.py:830} INFO - Processing file /opt/airflow/dags/vehicle_data_scraping_pipeline.py for tasks to queue
[2024-10-23T07:14:26.181+0000] {logging_mixin.py:188} INFO - [2024-10-23T07:14:26.180+0000] {dagbag.py:540} INFO - Filling up the DagBag from /opt/airflow/dags/vehicle_data_scraping_pipeline.py
[2024-10-23T07:14:26.563+0000] {processor.py:840} INFO - DAG(s) 'Vehicle_Data_scrape_Pipeline' retrieved from /opt/airflow/dags/vehicle_data_scraping_pipeline.py
[2024-10-23T07:14:26.613+0000] {logging_mixin.py:188} INFO - [2024-10-23T07:14:26.613+0000] {dag.py:3047} INFO - Sync 1 DAGs
[2024-10-23T07:14:26.633+0000] {logging_mixin.py:188} INFO - [2024-10-23T07:14:26.633+0000] {dag.py:3834} INFO - Setting next_dagrun for Vehicle_Data_scrape_Pipeline to 2024-10-23 00:00:00+00:00, run_after=2024-10-24 00:00:00+00:00
[2024-10-23T07:14:26.736+0000] {processor.py:183} INFO - Processing /opt/airflow/dags/vehicle_data_scraping_pipeline.py took 0.560 seconds
[2024-10-23T07:14:57.229+0000] {processor.py:161} INFO - Started process (PID=1779) to work on /opt/airflow/dags/vehicle_data_scraping_pipeline.py
[2024-10-23T07:14:57.230+0000] {processor.py:830} INFO - Processing file /opt/airflow/dags/vehicle_data_scraping_pipeline.py for tasks to queue
[2024-10-23T07:14:57.232+0000] {logging_mixin.py:188} INFO - [2024-10-23T07:14:57.232+0000] {dagbag.py:540} INFO - Filling up the DagBag from /opt/airflow/dags/vehicle_data_scraping_pipeline.py
[2024-10-23T07:14:57.683+0000] {processor.py:840} INFO - DAG(s) 'Vehicle_Data_scrape_Pipeline' retrieved from /opt/airflow/dags/vehicle_data_scraping_pipeline.py
[2024-10-23T07:14:57.724+0000] {logging_mixin.py:188} INFO - [2024-10-23T07:14:57.724+0000] {dag.py:3047} INFO - Sync 1 DAGs
[2024-10-23T07:14:57.741+0000] {logging_mixin.py:188} INFO - [2024-10-23T07:14:57.741+0000] {dag.py:3834} INFO - Setting next_dagrun for Vehicle_Data_scrape_Pipeline to 2024-10-23 00:00:00+00:00, run_after=2024-10-24 00:00:00+00:00
[2024-10-23T07:14:57.759+0000] {processor.py:183} INFO - Processing /opt/airflow/dags/vehicle_data_scraping_pipeline.py took 0.533 seconds
[2024-10-23T07:15:28.386+0000] {processor.py:161} INFO - Started process (PID=1852) to work on /opt/airflow/dags/vehicle_data_scraping_pipeline.py
[2024-10-23T07:15:28.388+0000] {processor.py:830} INFO - Processing file /opt/airflow/dags/vehicle_data_scraping_pipeline.py for tasks to queue
[2024-10-23T07:15:28.389+0000] {logging_mixin.py:188} INFO - [2024-10-23T07:15:28.389+0000] {dagbag.py:540} INFO - Filling up the DagBag from /opt/airflow/dags/vehicle_data_scraping_pipeline.py
[2024-10-23T07:15:28.903+0000] {processor.py:840} INFO - DAG(s) 'Vehicle_Data_scrape_Pipeline' retrieved from /opt/airflow/dags/vehicle_data_scraping_pipeline.py
[2024-10-23T07:15:28.944+0000] {logging_mixin.py:188} INFO - [2024-10-23T07:15:28.943+0000] {dag.py:3047} INFO - Sync 1 DAGs
[2024-10-23T07:15:28.958+0000] {logging_mixin.py:188} INFO - [2024-10-23T07:15:28.958+0000] {dag.py:3834} INFO - Setting next_dagrun for Vehicle_Data_scrape_Pipeline to 2024-10-23 00:00:00+00:00, run_after=2024-10-24 00:00:00+00:00
[2024-10-23T07:15:28.973+0000] {processor.py:183} INFO - Processing /opt/airflow/dags/vehicle_data_scraping_pipeline.py took 0.590 seconds
[2024-10-23T07:15:59.525+0000] {processor.py:161} INFO - Started process (PID=1926) to work on /opt/airflow/dags/vehicle_data_scraping_pipeline.py
[2024-10-23T07:15:59.526+0000] {processor.py:830} INFO - Processing file /opt/airflow/dags/vehicle_data_scraping_pipeline.py for tasks to queue
[2024-10-23T07:15:59.527+0000] {logging_mixin.py:188} INFO - [2024-10-23T07:15:59.527+0000] {dagbag.py:540} INFO - Filling up the DagBag from /opt/airflow/dags/vehicle_data_scraping_pipeline.py
[2024-10-23T07:16:00.002+0000] {processor.py:840} INFO - DAG(s) 'Vehicle_Data_scrape_Pipeline' retrieved from /opt/airflow/dags/vehicle_data_scraping_pipeline.py
[2024-10-23T07:16:00.066+0000] {logging_mixin.py:188} INFO - [2024-10-23T07:16:00.066+0000] {dag.py:3047} INFO - Sync 1 DAGs
[2024-10-23T07:16:00.083+0000] {logging_mixin.py:188} INFO - [2024-10-23T07:16:00.083+0000] {dag.py:3834} INFO - Setting next_dagrun for Vehicle_Data_scrape_Pipeline to 2024-10-23 00:00:00+00:00, run_after=2024-10-24 00:00:00+00:00
[2024-10-23T07:16:00.100+0000] {processor.py:183} INFO - Processing /opt/airflow/dags/vehicle_data_scraping_pipeline.py took 0.577 seconds
[2024-10-23T07:16:30.663+0000] {processor.py:161} INFO - Started process (PID=2000) to work on /opt/airflow/dags/vehicle_data_scraping_pipeline.py
[2024-10-23T07:16:30.664+0000] {processor.py:830} INFO - Processing file /opt/airflow/dags/vehicle_data_scraping_pipeline.py for tasks to queue
[2024-10-23T07:16:30.665+0000] {logging_mixin.py:188} INFO - [2024-10-23T07:16:30.665+0000] {dagbag.py:540} INFO - Filling up the DagBag from /opt/airflow/dags/vehicle_data_scraping_pipeline.py
[2024-10-23T07:16:31.094+0000] {processor.py:840} INFO - DAG(s) 'Vehicle_Data_scrape_Pipeline' retrieved from /opt/airflow/dags/vehicle_data_scraping_pipeline.py
[2024-10-23T07:16:31.154+0000] {logging_mixin.py:188} INFO - [2024-10-23T07:16:31.154+0000] {dag.py:3047} INFO - Sync 1 DAGs
[2024-10-23T07:16:31.171+0000] {logging_mixin.py:188} INFO - [2024-10-23T07:16:31.171+0000] {dag.py:3834} INFO - Setting next_dagrun for Vehicle_Data_scrape_Pipeline to 2024-10-23 00:00:00+00:00, run_after=2024-10-24 00:00:00+00:00
[2024-10-23T07:16:31.186+0000] {processor.py:183} INFO - Processing /opt/airflow/dags/vehicle_data_scraping_pipeline.py took 0.526 seconds
[2024-10-23T07:17:01.792+0000] {processor.py:161} INFO - Started process (PID=2074) to work on /opt/airflow/dags/vehicle_data_scraping_pipeline.py
[2024-10-23T07:17:01.793+0000] {processor.py:830} INFO - Processing file /opt/airflow/dags/vehicle_data_scraping_pipeline.py for tasks to queue
[2024-10-23T07:17:01.794+0000] {logging_mixin.py:188} INFO - [2024-10-23T07:17:01.794+0000] {dagbag.py:540} INFO - Filling up the DagBag from /opt/airflow/dags/vehicle_data_scraping_pipeline.py
[2024-10-23T07:17:02.201+0000] {processor.py:840} INFO - DAG(s) 'Vehicle_Data_scrape_Pipeline' retrieved from /opt/airflow/dags/vehicle_data_scraping_pipeline.py
[2024-10-23T07:17:02.252+0000] {logging_mixin.py:188} INFO - [2024-10-23T07:17:02.252+0000] {dag.py:3047} INFO - Sync 1 DAGs
[2024-10-23T07:17:02.392+0000] {logging_mixin.py:188} INFO - [2024-10-23T07:17:02.391+0000] {dag.py:3834} INFO - Setting next_dagrun for Vehicle_Data_scrape_Pipeline to 2024-10-23 00:00:00+00:00, run_after=2024-10-24 00:00:00+00:00
[2024-10-23T07:17:02.409+0000] {processor.py:183} INFO - Processing /opt/airflow/dags/vehicle_data_scraping_pipeline.py took 0.620 seconds
[2024-10-23T07:17:32.482+0000] {processor.py:161} INFO - Started process (PID=2148) to work on /opt/airflow/dags/vehicle_data_scraping_pipeline.py
[2024-10-23T07:17:32.483+0000] {processor.py:830} INFO - Processing file /opt/airflow/dags/vehicle_data_scraping_pipeline.py for tasks to queue
[2024-10-23T07:17:32.484+0000] {logging_mixin.py:188} INFO - [2024-10-23T07:17:32.484+0000] {dagbag.py:540} INFO - Filling up the DagBag from /opt/airflow/dags/vehicle_data_scraping_pipeline.py
[2024-10-23T07:17:33.017+0000] {processor.py:840} INFO - DAG(s) 'Vehicle_Data_scrape_Pipeline' retrieved from /opt/airflow/dags/vehicle_data_scraping_pipeline.py
[2024-10-23T07:17:33.058+0000] {logging_mixin.py:188} INFO - [2024-10-23T07:17:33.057+0000] {dag.py:3047} INFO - Sync 1 DAGs
[2024-10-23T07:17:33.073+0000] {logging_mixin.py:188} INFO - [2024-10-23T07:17:33.073+0000] {dag.py:3834} INFO - Setting next_dagrun for Vehicle_Data_scrape_Pipeline to 2024-10-23 00:00:00+00:00, run_after=2024-10-24 00:00:00+00:00
[2024-10-23T07:17:33.086+0000] {processor.py:183} INFO - Processing /opt/airflow/dags/vehicle_data_scraping_pipeline.py took 0.608 seconds
[2024-10-23T07:18:03.655+0000] {processor.py:161} INFO - Started process (PID=2222) to work on /opt/airflow/dags/vehicle_data_scraping_pipeline.py
[2024-10-23T07:18:03.656+0000] {processor.py:830} INFO - Processing file /opt/airflow/dags/vehicle_data_scraping_pipeline.py for tasks to queue
[2024-10-23T07:18:03.657+0000] {logging_mixin.py:188} INFO - [2024-10-23T07:18:03.656+0000] {dagbag.py:540} INFO - Filling up the DagBag from /opt/airflow/dags/vehicle_data_scraping_pipeline.py
[2024-10-23T07:18:04.161+0000] {processor.py:840} INFO - DAG(s) 'Vehicle_Data_scrape_Pipeline' retrieved from /opt/airflow/dags/vehicle_data_scraping_pipeline.py
[2024-10-23T07:18:04.209+0000] {logging_mixin.py:188} INFO - [2024-10-23T07:18:04.209+0000] {dag.py:3047} INFO - Sync 1 DAGs
[2024-10-23T07:18:04.226+0000] {logging_mixin.py:188} INFO - [2024-10-23T07:18:04.226+0000] {dag.py:3834} INFO - Setting next_dagrun for Vehicle_Data_scrape_Pipeline to 2024-10-23 00:00:00+00:00, run_after=2024-10-24 00:00:00+00:00
[2024-10-23T07:18:04.243+0000] {processor.py:183} INFO - Processing /opt/airflow/dags/vehicle_data_scraping_pipeline.py took 0.591 seconds
[2024-10-23T07:18:34.351+0000] {processor.py:161} INFO - Started process (PID=2296) to work on /opt/airflow/dags/vehicle_data_scraping_pipeline.py
[2024-10-23T07:18:34.352+0000] {processor.py:830} INFO - Processing file /opt/airflow/dags/vehicle_data_scraping_pipeline.py for tasks to queue
[2024-10-23T07:18:34.354+0000] {logging_mixin.py:188} INFO - [2024-10-23T07:18:34.353+0000] {dagbag.py:540} INFO - Filling up the DagBag from /opt/airflow/dags/vehicle_data_scraping_pipeline.py
[2024-10-23T07:18:34.822+0000] {processor.py:840} INFO - DAG(s) 'Vehicle_Data_scrape_Pipeline' retrieved from /opt/airflow/dags/vehicle_data_scraping_pipeline.py
[2024-10-23T07:18:34.965+0000] {logging_mixin.py:188} INFO - [2024-10-23T07:18:34.965+0000] {dag.py:3047} INFO - Sync 1 DAGs
[2024-10-23T07:18:34.978+0000] {logging_mixin.py:188} INFO - [2024-10-23T07:18:34.978+0000] {dag.py:3834} INFO - Setting next_dagrun for Vehicle_Data_scrape_Pipeline to 2024-10-23 00:00:00+00:00, run_after=2024-10-24 00:00:00+00:00
[2024-10-23T07:18:34.995+0000] {processor.py:183} INFO - Processing /opt/airflow/dags/vehicle_data_scraping_pipeline.py took 0.646 seconds
[2024-10-23T07:19:05.663+0000] {processor.py:161} INFO - Started process (PID=2370) to work on /opt/airflow/dags/vehicle_data_scraping_pipeline.py
[2024-10-23T07:19:05.665+0000] {processor.py:830} INFO - Processing file /opt/airflow/dags/vehicle_data_scraping_pipeline.py for tasks to queue
[2024-10-23T07:19:05.666+0000] {logging_mixin.py:188} INFO - [2024-10-23T07:19:05.666+0000] {dagbag.py:540} INFO - Filling up the DagBag from /opt/airflow/dags/vehicle_data_scraping_pipeline.py
[2024-10-23T07:19:06.066+0000] {processor.py:840} INFO - DAG(s) 'Vehicle_Data_scrape_Pipeline' retrieved from /opt/airflow/dags/vehicle_data_scraping_pipeline.py
[2024-10-23T07:19:06.129+0000] {logging_mixin.py:188} INFO - [2024-10-23T07:19:06.129+0000] {dag.py:3047} INFO - Sync 1 DAGs
[2024-10-23T07:19:06.147+0000] {logging_mixin.py:188} INFO - [2024-10-23T07:19:06.146+0000] {dag.py:3834} INFO - Setting next_dagrun for Vehicle_Data_scrape_Pipeline to 2024-10-23 00:00:00+00:00, run_after=2024-10-24 00:00:00+00:00
[2024-10-23T07:19:06.251+0000] {processor.py:183} INFO - Processing /opt/airflow/dags/vehicle_data_scraping_pipeline.py took 0.590 seconds
[2024-10-23T07:19:36.876+0000] {processor.py:161} INFO - Started process (PID=2444) to work on /opt/airflow/dags/vehicle_data_scraping_pipeline.py
[2024-10-23T07:19:36.878+0000] {processor.py:830} INFO - Processing file /opt/airflow/dags/vehicle_data_scraping_pipeline.py for tasks to queue
[2024-10-23T07:19:36.879+0000] {logging_mixin.py:188} INFO - [2024-10-23T07:19:36.879+0000] {dagbag.py:540} INFO - Filling up the DagBag from /opt/airflow/dags/vehicle_data_scraping_pipeline.py
[2024-10-23T07:19:37.378+0000] {processor.py:840} INFO - DAG(s) 'Vehicle_Data_scrape_Pipeline' retrieved from /opt/airflow/dags/vehicle_data_scraping_pipeline.py
[2024-10-23T07:19:37.418+0000] {logging_mixin.py:188} INFO - [2024-10-23T07:19:37.417+0000] {dag.py:3047} INFO - Sync 1 DAGs
[2024-10-23T07:19:37.435+0000] {logging_mixin.py:188} INFO - [2024-10-23T07:19:37.435+0000] {dag.py:3834} INFO - Setting next_dagrun for Vehicle_Data_scrape_Pipeline to 2024-10-23 00:00:00+00:00, run_after=2024-10-24 00:00:00+00:00
[2024-10-23T07:19:37.450+0000] {processor.py:183} INFO - Processing /opt/airflow/dags/vehicle_data_scraping_pipeline.py took 0.576 seconds
[2024-10-23T07:20:07.696+0000] {processor.py:161} INFO - Started process (PID=2519) to work on /opt/airflow/dags/vehicle_data_scraping_pipeline.py
[2024-10-23T07:20:07.697+0000] {processor.py:830} INFO - Processing file /opt/airflow/dags/vehicle_data_scraping_pipeline.py for tasks to queue
[2024-10-23T07:20:07.698+0000] {logging_mixin.py:188} INFO - [2024-10-23T07:20:07.698+0000] {dagbag.py:540} INFO - Filling up the DagBag from /opt/airflow/dags/vehicle_data_scraping_pipeline.py
[2024-10-23T07:20:08.194+0000] {processor.py:840} INFO - DAG(s) 'Vehicle_Data_scrape_Pipeline' retrieved from /opt/airflow/dags/vehicle_data_scraping_pipeline.py
[2024-10-23T07:20:08.253+0000] {logging_mixin.py:188} INFO - [2024-10-23T07:20:08.252+0000] {dag.py:3047} INFO - Sync 1 DAGs
[2024-10-23T07:20:08.270+0000] {logging_mixin.py:188} INFO - [2024-10-23T07:20:08.270+0000] {dag.py:3834} INFO - Setting next_dagrun for Vehicle_Data_scrape_Pipeline to 2024-10-23 00:00:00+00:00, run_after=2024-10-24 00:00:00+00:00
[2024-10-23T07:20:08.288+0000] {processor.py:183} INFO - Processing /opt/airflow/dags/vehicle_data_scraping_pipeline.py took 0.595 seconds
[2024-10-23T07:20:38.376+0000] {processor.py:161} INFO - Started process (PID=2593) to work on /opt/airflow/dags/vehicle_data_scraping_pipeline.py
[2024-10-23T07:20:38.379+0000] {processor.py:830} INFO - Processing file /opt/airflow/dags/vehicle_data_scraping_pipeline.py for tasks to queue
[2024-10-23T07:20:38.381+0000] {logging_mixin.py:188} INFO - [2024-10-23T07:20:38.380+0000] {dagbag.py:540} INFO - Filling up the DagBag from /opt/airflow/dags/vehicle_data_scraping_pipeline.py
[2024-10-23T07:20:38.964+0000] {processor.py:840} INFO - DAG(s) 'Vehicle_Data_scrape_Pipeline' retrieved from /opt/airflow/dags/vehicle_data_scraping_pipeline.py
[2024-10-23T07:20:39.030+0000] {logging_mixin.py:188} INFO - [2024-10-23T07:20:39.030+0000] {dag.py:3047} INFO - Sync 1 DAGs
[2024-10-23T07:20:39.051+0000] {logging_mixin.py:188} INFO - [2024-10-23T07:20:39.051+0000] {dag.py:3834} INFO - Setting next_dagrun for Vehicle_Data_scrape_Pipeline to 2024-10-23 00:00:00+00:00, run_after=2024-10-24 00:00:00+00:00
[2024-10-23T07:20:39.075+0000] {processor.py:183} INFO - Processing /opt/airflow/dags/vehicle_data_scraping_pipeline.py took 0.702 seconds
[2024-10-23T07:21:09.744+0000] {processor.py:161} INFO - Started process (PID=2733) to work on /opt/airflow/dags/vehicle_data_scraping_pipeline.py
[2024-10-23T07:21:09.745+0000] {processor.py:830} INFO - Processing file /opt/airflow/dags/vehicle_data_scraping_pipeline.py for tasks to queue
[2024-10-23T07:21:09.747+0000] {logging_mixin.py:188} INFO - [2024-10-23T07:21:09.746+0000] {dagbag.py:540} INFO - Filling up the DagBag from /opt/airflow/dags/vehicle_data_scraping_pipeline.py
[2024-10-23T07:21:10.352+0000] {processor.py:840} INFO - DAG(s) 'Vehicle_Data_scrape_Pipeline' retrieved from /opt/airflow/dags/vehicle_data_scraping_pipeline.py
[2024-10-23T07:21:10.427+0000] {logging_mixin.py:188} INFO - [2024-10-23T07:21:10.427+0000] {dag.py:3047} INFO - Sync 1 DAGs
[2024-10-23T07:21:10.441+0000] {logging_mixin.py:188} INFO - [2024-10-23T07:21:10.441+0000] {dag.py:3834} INFO - Setting next_dagrun for Vehicle_Data_scrape_Pipeline to 2024-10-23 00:00:00+00:00, run_after=2024-10-24 00:00:00+00:00
[2024-10-23T07:21:10.461+0000] {processor.py:183} INFO - Processing /opt/airflow/dags/vehicle_data_scraping_pipeline.py took 0.719 seconds
[2024-10-23T07:21:40.938+0000] {processor.py:161} INFO - Started process (PID=4463) to work on /opt/airflow/dags/vehicle_data_scraping_pipeline.py
[2024-10-23T07:21:40.939+0000] {processor.py:830} INFO - Processing file /opt/airflow/dags/vehicle_data_scraping_pipeline.py for tasks to queue
[2024-10-23T07:21:40.940+0000] {logging_mixin.py:188} INFO - [2024-10-23T07:21:40.940+0000] {dagbag.py:540} INFO - Filling up the DagBag from /opt/airflow/dags/vehicle_data_scraping_pipeline.py
[2024-10-23T07:21:41.461+0000] {processor.py:840} INFO - DAG(s) 'Vehicle_Data_scrape_Pipeline' retrieved from /opt/airflow/dags/vehicle_data_scraping_pipeline.py
[2024-10-23T07:21:41.524+0000] {logging_mixin.py:188} INFO - [2024-10-23T07:21:41.524+0000] {dag.py:3047} INFO - Sync 1 DAGs
[2024-10-23T07:21:41.540+0000] {logging_mixin.py:188} INFO - [2024-10-23T07:21:41.540+0000] {dag.py:3834} INFO - Setting next_dagrun for Vehicle_Data_scrape_Pipeline to 2024-10-23 00:00:00+00:00, run_after=2024-10-24 00:00:00+00:00
[2024-10-23T07:21:41.655+0000] {processor.py:183} INFO - Processing /opt/airflow/dags/vehicle_data_scraping_pipeline.py took 0.720 seconds
[2024-10-23T07:22:12.175+0000] {processor.py:161} INFO - Started process (PID=4540) to work on /opt/airflow/dags/vehicle_data_scraping_pipeline.py
[2024-10-23T07:22:12.176+0000] {processor.py:830} INFO - Processing file /opt/airflow/dags/vehicle_data_scraping_pipeline.py for tasks to queue
[2024-10-23T07:22:12.177+0000] {logging_mixin.py:188} INFO - [2024-10-23T07:22:12.177+0000] {dagbag.py:540} INFO - Filling up the DagBag from /opt/airflow/dags/vehicle_data_scraping_pipeline.py
[2024-10-23T07:22:12.882+0000] {processor.py:840} INFO - DAG(s) 'Vehicle_Data_scrape_Pipeline' retrieved from /opt/airflow/dags/vehicle_data_scraping_pipeline.py
[2024-10-23T07:22:12.972+0000] {logging_mixin.py:188} INFO - [2024-10-23T07:22:12.972+0000] {dag.py:3047} INFO - Sync 1 DAGs
[2024-10-23T07:22:12.988+0000] {logging_mixin.py:188} INFO - [2024-10-23T07:22:12.988+0000] {dag.py:3834} INFO - Setting next_dagrun for Vehicle_Data_scrape_Pipeline to 2024-10-23 00:00:00+00:00, run_after=2024-10-24 00:00:00+00:00
[2024-10-23T07:22:13.010+0000] {processor.py:183} INFO - Processing /opt/airflow/dags/vehicle_data_scraping_pipeline.py took 0.837 seconds
[2024-10-23T07:22:43.225+0000] {processor.py:161} INFO - Started process (PID=6053) to work on /opt/airflow/dags/vehicle_data_scraping_pipeline.py
[2024-10-23T07:22:43.227+0000] {processor.py:830} INFO - Processing file /opt/airflow/dags/vehicle_data_scraping_pipeline.py for tasks to queue
[2024-10-23T07:22:43.229+0000] {logging_mixin.py:188} INFO - [2024-10-23T07:22:43.229+0000] {dagbag.py:540} INFO - Filling up the DagBag from /opt/airflow/dags/vehicle_data_scraping_pipeline.py
[2024-10-23T07:22:43.972+0000] {processor.py:840} INFO - DAG(s) 'Vehicle_Data_scrape_Pipeline' retrieved from /opt/airflow/dags/vehicle_data_scraping_pipeline.py
[2024-10-23T07:22:44.056+0000] {logging_mixin.py:188} INFO - [2024-10-23T07:22:44.055+0000] {dag.py:3047} INFO - Sync 1 DAGs
[2024-10-23T07:22:44.079+0000] {logging_mixin.py:188} INFO - [2024-10-23T07:22:44.079+0000] {dag.py:3834} INFO - Setting next_dagrun for Vehicle_Data_scrape_Pipeline to 2024-10-23 00:00:00+00:00, run_after=2024-10-24 00:00:00+00:00
[2024-10-23T07:22:44.104+0000] {processor.py:183} INFO - Processing /opt/airflow/dags/vehicle_data_scraping_pipeline.py took 0.883 seconds
[2024-10-23T07:23:14.199+0000] {processor.py:161} INFO - Started process (PID=6360) to work on /opt/airflow/dags/vehicle_data_scraping_pipeline.py
[2024-10-23T07:23:14.200+0000] {processor.py:830} INFO - Processing file /opt/airflow/dags/vehicle_data_scraping_pipeline.py for tasks to queue
[2024-10-23T07:23:14.201+0000] {logging_mixin.py:188} INFO - [2024-10-23T07:23:14.200+0000] {dagbag.py:540} INFO - Filling up the DagBag from /opt/airflow/dags/vehicle_data_scraping_pipeline.py
[2024-10-23T07:23:14.772+0000] {processor.py:840} INFO - DAG(s) 'Vehicle_Data_scrape_Pipeline' retrieved from /opt/airflow/dags/vehicle_data_scraping_pipeline.py
[2024-10-23T07:23:14.840+0000] {logging_mixin.py:188} INFO - [2024-10-23T07:23:14.839+0000] {dag.py:3047} INFO - Sync 1 DAGs
[2024-10-23T07:23:14.855+0000] {logging_mixin.py:188} INFO - [2024-10-23T07:23:14.855+0000] {dag.py:3834} INFO - Setting next_dagrun for Vehicle_Data_scrape_Pipeline to 2024-10-23 00:00:00+00:00, run_after=2024-10-24 00:00:00+00:00
[2024-10-23T07:23:14.873+0000] {processor.py:183} INFO - Processing /opt/airflow/dags/vehicle_data_scraping_pipeline.py took 0.677 seconds
[2024-10-23T07:23:45.149+0000] {processor.py:161} INFO - Started process (PID=8086) to work on /opt/airflow/dags/vehicle_data_scraping_pipeline.py
[2024-10-23T07:23:45.150+0000] {processor.py:830} INFO - Processing file /opt/airflow/dags/vehicle_data_scraping_pipeline.py for tasks to queue
[2024-10-23T07:23:45.151+0000] {logging_mixin.py:188} INFO - [2024-10-23T07:23:45.150+0000] {dagbag.py:540} INFO - Filling up the DagBag from /opt/airflow/dags/vehicle_data_scraping_pipeline.py
[2024-10-23T07:23:45.598+0000] {processor.py:840} INFO - DAG(s) 'Vehicle_Data_scrape_Pipeline' retrieved from /opt/airflow/dags/vehicle_data_scraping_pipeline.py
[2024-10-23T07:23:45.690+0000] {logging_mixin.py:188} INFO - [2024-10-23T07:23:45.689+0000] {dag.py:3047} INFO - Sync 1 DAGs
[2024-10-23T07:23:45.709+0000] {logging_mixin.py:188} INFO - [2024-10-23T07:23:45.708+0000] {dag.py:3834} INFO - Setting next_dagrun for Vehicle_Data_scrape_Pipeline to 2024-10-23 00:00:00+00:00, run_after=2024-10-24 00:00:00+00:00
[2024-10-23T07:23:45.733+0000] {processor.py:183} INFO - Processing /opt/airflow/dags/vehicle_data_scraping_pipeline.py took 0.587 seconds
[2024-10-23T07:24:15.920+0000] {processor.py:161} INFO - Started process (PID=8233) to work on /opt/airflow/dags/vehicle_data_scraping_pipeline.py
[2024-10-23T07:24:15.922+0000] {processor.py:830} INFO - Processing file /opt/airflow/dags/vehicle_data_scraping_pipeline.py for tasks to queue
[2024-10-23T07:24:15.923+0000] {logging_mixin.py:188} INFO - [2024-10-23T07:24:15.922+0000] {dagbag.py:540} INFO - Filling up the DagBag from /opt/airflow/dags/vehicle_data_scraping_pipeline.py
[2024-10-23T07:24:16.680+0000] {processor.py:840} INFO - DAG(s) 'Vehicle_Data_scrape_Pipeline' retrieved from /opt/airflow/dags/vehicle_data_scraping_pipeline.py
[2024-10-23T07:24:16.735+0000] {logging_mixin.py:188} INFO - [2024-10-23T07:24:16.735+0000] {dag.py:3047} INFO - Sync 1 DAGs
[2024-10-23T07:24:16.753+0000] {logging_mixin.py:188} INFO - [2024-10-23T07:24:16.753+0000] {dag.py:3834} INFO - Setting next_dagrun for Vehicle_Data_scrape_Pipeline to 2024-10-23 00:00:00+00:00, run_after=2024-10-24 00:00:00+00:00
[2024-10-23T07:24:17.083+0000] {processor.py:183} INFO - Processing /opt/airflow/dags/vehicle_data_scraping_pipeline.py took 1.165 seconds
[2024-10-23T07:24:47.462+0000] {processor.py:161} INFO - Started process (PID=9926) to work on /opt/airflow/dags/vehicle_data_scraping_pipeline.py
[2024-10-23T07:24:47.464+0000] {processor.py:830} INFO - Processing file /opt/airflow/dags/vehicle_data_scraping_pipeline.py for tasks to queue
[2024-10-23T07:24:47.465+0000] {logging_mixin.py:188} INFO - [2024-10-23T07:24:47.465+0000] {dagbag.py:540} INFO - Filling up the DagBag from /opt/airflow/dags/vehicle_data_scraping_pipeline.py
[2024-10-23T07:24:48.060+0000] {processor.py:840} INFO - DAG(s) 'Vehicle_Data_scrape_Pipeline' retrieved from /opt/airflow/dags/vehicle_data_scraping_pipeline.py
[2024-10-23T07:24:48.135+0000] {logging_mixin.py:188} INFO - [2024-10-23T07:24:48.135+0000] {dag.py:3047} INFO - Sync 1 DAGs
[2024-10-23T07:24:48.151+0000] {logging_mixin.py:188} INFO - [2024-10-23T07:24:48.151+0000] {dag.py:3834} INFO - Setting next_dagrun for Vehicle_Data_scrape_Pipeline to 2024-10-23 00:00:00+00:00, run_after=2024-10-24 00:00:00+00:00
[2024-10-23T07:24:48.164+0000] {processor.py:183} INFO - Processing /opt/airflow/dags/vehicle_data_scraping_pipeline.py took 0.705 seconds
[2024-10-23T07:25:18.979+0000] {processor.py:161} INFO - Started process (PID=10057) to work on /opt/airflow/dags/vehicle_data_scraping_pipeline.py
[2024-10-23T07:25:18.980+0000] {processor.py:830} INFO - Processing file /opt/airflow/dags/vehicle_data_scraping_pipeline.py for tasks to queue
[2024-10-23T07:25:18.981+0000] {logging_mixin.py:188} INFO - [2024-10-23T07:25:18.981+0000] {dagbag.py:540} INFO - Filling up the DagBag from /opt/airflow/dags/vehicle_data_scraping_pipeline.py
[2024-10-23T07:25:19.938+0000] {processor.py:840} INFO - DAG(s) 'Vehicle_Data_scrape_Pipeline' retrieved from /opt/airflow/dags/vehicle_data_scraping_pipeline.py
[2024-10-23T07:25:20.002+0000] {logging_mixin.py:188} INFO - [2024-10-23T07:25:20.001+0000] {dag.py:3047} INFO - Sync 1 DAGs
[2024-10-23T07:25:20.043+0000] {logging_mixin.py:188} INFO - [2024-10-23T07:25:20.043+0000] {dag.py:3834} INFO - Setting next_dagrun for Vehicle_Data_scrape_Pipeline to 2024-10-23 00:00:00+00:00, run_after=2024-10-24 00:00:00+00:00
[2024-10-23T07:25:20.061+0000] {processor.py:183} INFO - Processing /opt/airflow/dags/vehicle_data_scraping_pipeline.py took 1.084 seconds
[2024-10-23T07:25:50.477+0000] {processor.py:161} INFO - Started process (PID=11751) to work on /opt/airflow/dags/vehicle_data_scraping_pipeline.py
[2024-10-23T07:25:50.479+0000] {processor.py:830} INFO - Processing file /opt/airflow/dags/vehicle_data_scraping_pipeline.py for tasks to queue
[2024-10-23T07:25:50.480+0000] {logging_mixin.py:188} INFO - [2024-10-23T07:25:50.479+0000] {dagbag.py:540} INFO - Filling up the DagBag from /opt/airflow/dags/vehicle_data_scraping_pipeline.py
[2024-10-23T07:25:50.940+0000] {processor.py:840} INFO - DAG(s) 'Vehicle_Data_scrape_Pipeline' retrieved from /opt/airflow/dags/vehicle_data_scraping_pipeline.py
[2024-10-23T07:25:51.121+0000] {logging_mixin.py:188} INFO - [2024-10-23T07:25:51.121+0000] {dag.py:3047} INFO - Sync 1 DAGs
[2024-10-23T07:25:51.135+0000] {logging_mixin.py:188} INFO - [2024-10-23T07:25:51.135+0000] {dag.py:3834} INFO - Setting next_dagrun for Vehicle_Data_scrape_Pipeline to 2024-10-23 00:00:00+00:00, run_after=2024-10-24 00:00:00+00:00
[2024-10-23T07:25:51.150+0000] {processor.py:183} INFO - Processing /opt/airflow/dags/vehicle_data_scraping_pipeline.py took 0.676 seconds
[2024-10-23T07:26:21.381+0000] {processor.py:161} INFO - Started process (PID=13478) to work on /opt/airflow/dags/vehicle_data_scraping_pipeline.py
[2024-10-23T07:26:21.382+0000] {processor.py:830} INFO - Processing file /opt/airflow/dags/vehicle_data_scraping_pipeline.py for tasks to queue
[2024-10-23T07:26:21.383+0000] {logging_mixin.py:188} INFO - [2024-10-23T07:26:21.383+0000] {dagbag.py:540} INFO - Filling up the DagBag from /opt/airflow/dags/vehicle_data_scraping_pipeline.py
[2024-10-23T07:26:21.767+0000] {processor.py:840} INFO - DAG(s) 'Vehicle_Data_scrape_Pipeline' retrieved from /opt/airflow/dags/vehicle_data_scraping_pipeline.py
[2024-10-23T07:26:21.834+0000] {logging_mixin.py:188} INFO - [2024-10-23T07:26:21.833+0000] {dag.py:3047} INFO - Sync 1 DAGs
[2024-10-23T07:26:21.847+0000] {logging_mixin.py:188} INFO - [2024-10-23T07:26:21.847+0000] {dag.py:3834} INFO - Setting next_dagrun for Vehicle_Data_scrape_Pipeline to 2024-10-23 00:00:00+00:00, run_after=2024-10-24 00:00:00+00:00
[2024-10-23T07:26:21.861+0000] {processor.py:183} INFO - Processing /opt/airflow/dags/vehicle_data_scraping_pipeline.py took 0.483 seconds
[2024-10-23T07:26:52.375+0000] {processor.py:161} INFO - Started process (PID=13552) to work on /opt/airflow/dags/vehicle_data_scraping_pipeline.py
[2024-10-23T07:26:52.376+0000] {processor.py:830} INFO - Processing file /opt/airflow/dags/vehicle_data_scraping_pipeline.py for tasks to queue
[2024-10-23T07:26:52.377+0000] {logging_mixin.py:188} INFO - [2024-10-23T07:26:52.377+0000] {dagbag.py:540} INFO - Filling up the DagBag from /opt/airflow/dags/vehicle_data_scraping_pipeline.py
[2024-10-23T07:26:52.751+0000] {processor.py:840} INFO - DAG(s) 'Vehicle_Data_scrape_Pipeline' retrieved from /opt/airflow/dags/vehicle_data_scraping_pipeline.py
[2024-10-23T07:26:52.796+0000] {logging_mixin.py:188} INFO - [2024-10-23T07:26:52.796+0000] {dag.py:3047} INFO - Sync 1 DAGs
[2024-10-23T07:26:52.812+0000] {logging_mixin.py:188} INFO - [2024-10-23T07:26:52.812+0000] {dag.py:3834} INFO - Setting next_dagrun for Vehicle_Data_scrape_Pipeline to 2024-10-23 00:00:00+00:00, run_after=2024-10-24 00:00:00+00:00
[2024-10-23T07:26:52.931+0000] {processor.py:183} INFO - Processing /opt/airflow/dags/vehicle_data_scraping_pipeline.py took 0.559 seconds
[2024-10-23T07:27:23.147+0000] {processor.py:161} INFO - Started process (PID=13632) to work on /opt/airflow/dags/vehicle_data_scraping_pipeline.py
[2024-10-23T07:27:23.149+0000] {processor.py:830} INFO - Processing file /opt/airflow/dags/vehicle_data_scraping_pipeline.py for tasks to queue
[2024-10-23T07:27:23.150+0000] {logging_mixin.py:188} INFO - [2024-10-23T07:27:23.150+0000] {dagbag.py:540} INFO - Filling up the DagBag from /opt/airflow/dags/vehicle_data_scraping_pipeline.py
[2024-10-23T07:27:23.611+0000] {processor.py:840} INFO - DAG(s) 'Vehicle_Data_scrape_Pipeline' retrieved from /opt/airflow/dags/vehicle_data_scraping_pipeline.py
[2024-10-23T07:27:23.652+0000] {logging_mixin.py:188} INFO - [2024-10-23T07:27:23.652+0000] {dag.py:3047} INFO - Sync 1 DAGs
[2024-10-23T07:27:23.667+0000] {logging_mixin.py:188} INFO - [2024-10-23T07:27:23.667+0000] {dag.py:3834} INFO - Setting next_dagrun for Vehicle_Data_scrape_Pipeline to 2024-10-23 00:00:00+00:00, run_after=2024-10-24 00:00:00+00:00
[2024-10-23T07:27:23.682+0000] {processor.py:183} INFO - Processing /opt/airflow/dags/vehicle_data_scraping_pipeline.py took 0.537 seconds
[2024-10-23T07:27:54.254+0000] {processor.py:161} INFO - Started process (PID=13706) to work on /opt/airflow/dags/vehicle_data_scraping_pipeline.py
[2024-10-23T07:27:54.255+0000] {processor.py:830} INFO - Processing file /opt/airflow/dags/vehicle_data_scraping_pipeline.py for tasks to queue
[2024-10-23T07:27:54.256+0000] {logging_mixin.py:188} INFO - [2024-10-23T07:27:54.256+0000] {dagbag.py:540} INFO - Filling up the DagBag from /opt/airflow/dags/vehicle_data_scraping_pipeline.py
[2024-10-23T07:27:54.870+0000] {processor.py:840} INFO - DAG(s) 'Vehicle_Data_scrape_Pipeline' retrieved from /opt/airflow/dags/vehicle_data_scraping_pipeline.py
[2024-10-23T07:27:54.947+0000] {logging_mixin.py:188} INFO - [2024-10-23T07:27:54.946+0000] {dag.py:3047} INFO - Sync 1 DAGs
[2024-10-23T07:27:54.963+0000] {logging_mixin.py:188} INFO - [2024-10-23T07:27:54.962+0000] {dag.py:3834} INFO - Setting next_dagrun for Vehicle_Data_scrape_Pipeline to 2024-10-23 00:00:00+00:00, run_after=2024-10-24 00:00:00+00:00
[2024-10-23T07:27:54.980+0000] {processor.py:183} INFO - Processing /opt/airflow/dags/vehicle_data_scraping_pipeline.py took 0.729 seconds
[2024-10-23T07:28:44.107+0000] {processor.py:161} INFO - Started process (PID=13740) to work on /opt/airflow/dags/vehicle_data_scraping_pipeline.py
[2024-10-23T07:28:44.163+0000] {processor.py:830} INFO - Processing file /opt/airflow/dags/vehicle_data_scraping_pipeline.py for tasks to queue
[2024-10-23T07:28:44.411+0000] {logging_mixin.py:188} INFO - [2024-10-23T07:28:44.164+0000] {dagbag.py:540} INFO - Filling up the DagBag from /opt/airflow/dags/vehicle_data_scraping_pipeline.py
[2024-10-23T07:28:57.229+0000] {processor.py:840} INFO - DAG(s) 'Vehicle_Data_scrape_Pipeline' retrieved from /opt/airflow/dags/vehicle_data_scraping_pipeline.py
[2024-10-23T07:28:57.306+0000] {logging_mixin.py:188} INFO - [2024-10-23T07:28:57.306+0000] {dag.py:3047} INFO - Sync 1 DAGs
[2024-10-23T07:28:57.395+0000] {logging_mixin.py:188} INFO - [2024-10-23T07:28:57.394+0000] {dag.py:3834} INFO - Setting next_dagrun for Vehicle_Data_scrape_Pipeline to 2024-10-23 00:00:00+00:00, run_after=2024-10-24 00:00:00+00:00
[2024-10-23T07:28:58.271+0000] {processor.py:183} INFO - Processing /opt/airflow/dags/vehicle_data_scraping_pipeline.py took 14.168 seconds
[2024-10-23T07:29:37.284+0000] {processor.py:161} INFO - Started process (PID=13833) to work on /opt/airflow/dags/vehicle_data_scraping_pipeline.py
[2024-10-23T07:29:37.285+0000] {processor.py:830} INFO - Processing file /opt/airflow/dags/vehicle_data_scraping_pipeline.py for tasks to queue
[2024-10-23T07:29:37.286+0000] {logging_mixin.py:188} INFO - [2024-10-23T07:29:37.286+0000] {dagbag.py:540} INFO - Filling up the DagBag from /opt/airflow/dags/vehicle_data_scraping_pipeline.py
[2024-10-23T07:29:40.006+0000] {processor.py:840} INFO - DAG(s) 'Vehicle_Data_scrape_Pipeline' retrieved from /opt/airflow/dags/vehicle_data_scraping_pipeline.py
[2024-10-23T07:29:40.072+0000] {logging_mixin.py:188} INFO - [2024-10-23T07:29:40.071+0000] {dag.py:3047} INFO - Sync 1 DAGs
[2024-10-23T07:29:40.088+0000] {logging_mixin.py:188} INFO - [2024-10-23T07:29:40.088+0000] {dag.py:3834} INFO - Setting next_dagrun for Vehicle_Data_scrape_Pipeline to 2024-10-23 00:00:00+00:00, run_after=2024-10-24 00:00:00+00:00
[2024-10-23T07:29:42.976+0000] {processor.py:183} INFO - Processing /opt/airflow/dags/vehicle_data_scraping_pipeline.py took 5.696 seconds
[2024-10-23T07:30:16.264+0000] {processor.py:161} INFO - Started process (PID=13884) to work on /opt/airflow/dags/vehicle_data_scraping_pipeline.py
[2024-10-23T07:30:16.550+0000] {processor.py:830} INFO - Processing file /opt/airflow/dags/vehicle_data_scraping_pipeline.py for tasks to queue
[2024-10-23T07:30:16.839+0000] {logging_mixin.py:188} INFO - [2024-10-23T07:30:16.724+0000] {dagbag.py:540} INFO - Filling up the DagBag from /opt/airflow/dags/vehicle_data_scraping_pipeline.py
[2024-10-23T07:30:49.275+0000] {logging_mixin.py:188} INFO - [2024-10-23T07:30:49.275+0000] {timeout.py:68} ERROR - Process timed out, PID: 13884
[2024-10-23T07:30:49.276+0000] {logging_mixin.py:188} WARNING - Exception ignored in: <function WeakKeyDictionary.__init__.<locals>.remove at 0x7f9120e5a820>
[2024-10-23T07:30:49.276+0000] {logging_mixin.py:188} WARNING - Traceback (most recent call last):
[2024-10-23T07:30:49.277+0000] {logging_mixin.py:188} WARNING -   File "/usr/local/lib/python3.8/weakref.py", line 345, in remove
[2024-10-23T07:30:49.307+0000] {logging_mixin.py:188} WARNING -     def remove(k, selfref=ref(self)):
[2024-10-23T07:30:49.308+0000] {logging_mixin.py:188} WARNING -   File "/home/airflow/.local/lib/python3.8/site-packages/airflow/utils/timeout.py", line 69, in handle_timeout
[2024-10-23T07:30:49.309+0000] {logging_mixin.py:188} WARNING -     raise AirflowTaskTimeout(self.error_message)
[2024-10-23T07:30:49.309+0000] {logging_mixin.py:188} WARNING - airflow.exceptions.AirflowTaskTimeout: DagBag import timeout for /opt/airflow/dags/vehicle_data_scraping_pipeline.py after 30.0s.
Please take a look at these docs to improve your DAG import time:
* https://airflow.apache.org/docs/apache-airflow/2.8.4/best-practices.html#top-level-python-code
* https://airflow.apache.org/docs/apache-airflow/2.8.4/best-practices.html#reducing-dag-complexity, PID: 13884
[2024-10-23T07:30:51.296+0000] {processor.py:840} INFO - DAG(s) 'Vehicle_Data_scrape_Pipeline' retrieved from /opt/airflow/dags/vehicle_data_scraping_pipeline.py
[2024-10-23T07:30:52.873+0000] {logging_mixin.py:188} INFO - [2024-10-23T07:30:52.873+0000] {dag.py:3047} INFO - Sync 1 DAGs
[2024-10-23T07:30:52.894+0000] {logging_mixin.py:188} INFO - [2024-10-23T07:30:52.894+0000] {dag.py:3834} INFO - Setting next_dagrun for Vehicle_Data_scrape_Pipeline to 2024-10-23 00:00:00+00:00, run_after=2024-10-24 00:00:00+00:00
[2024-10-23T07:30:54.236+0000] {processor.py:183} INFO - Processing /opt/airflow/dags/vehicle_data_scraping_pipeline.py took 38.616 seconds
[2024-10-23T07:31:25.414+0000] {processor.py:161} INFO - Started process (PID=13967) to work on /opt/airflow/dags/vehicle_data_scraping_pipeline.py
[2024-10-23T07:31:25.416+0000] {processor.py:830} INFO - Processing file /opt/airflow/dags/vehicle_data_scraping_pipeline.py for tasks to queue
[2024-10-23T07:31:25.417+0000] {logging_mixin.py:188} INFO - [2024-10-23T07:31:25.417+0000] {dagbag.py:540} INFO - Filling up the DagBag from /opt/airflow/dags/vehicle_data_scraping_pipeline.py
[2024-10-23T07:31:44.975+0000] {processor.py:840} INFO - DAG(s) 'Vehicle_Data_scrape_Pipeline' retrieved from /opt/airflow/dags/vehicle_data_scraping_pipeline.py
[2024-10-23T07:31:45.092+0000] {logging_mixin.py:188} INFO - [2024-10-23T07:31:45.091+0000] {dag.py:3047} INFO - Sync 1 DAGs
[2024-10-23T07:31:45.124+0000] {logging_mixin.py:188} INFO - [2024-10-23T07:31:45.124+0000] {dag.py:3834} INFO - Setting next_dagrun for Vehicle_Data_scrape_Pipeline to 2024-10-23 00:00:00+00:00, run_after=2024-10-24 00:00:00+00:00
[2024-10-23T07:31:45.194+0000] {processor.py:183} INFO - Processing /opt/airflow/dags/vehicle_data_scraping_pipeline.py took 19.772 seconds
[2024-10-23T07:32:16.344+0000] {processor.py:161} INFO - Started process (PID=14041) to work on /opt/airflow/dags/vehicle_data_scraping_pipeline.py
[2024-10-23T07:32:16.345+0000] {processor.py:830} INFO - Processing file /opt/airflow/dags/vehicle_data_scraping_pipeline.py for tasks to queue
[2024-10-23T07:32:16.350+0000] {logging_mixin.py:188} INFO - [2024-10-23T07:32:16.346+0000] {dagbag.py:540} INFO - Filling up the DagBag from /opt/airflow/dags/vehicle_data_scraping_pipeline.py
[2024-10-23T07:32:17.233+0000] {processor.py:840} INFO - DAG(s) 'Vehicle_Data_scrape_Pipeline' retrieved from /opt/airflow/dags/vehicle_data_scraping_pipeline.py
[2024-10-23T07:32:17.276+0000] {logging_mixin.py:188} INFO - [2024-10-23T07:32:17.276+0000] {dag.py:3047} INFO - Sync 1 DAGs
[2024-10-23T07:32:17.414+0000] {logging_mixin.py:188} INFO - [2024-10-23T07:32:17.414+0000] {dag.py:3834} INFO - Setting next_dagrun for Vehicle_Data_scrape_Pipeline to 2024-10-23 00:00:00+00:00, run_after=2024-10-24 00:00:00+00:00
[2024-10-23T07:32:17.753+0000] {processor.py:183} INFO - Processing /opt/airflow/dags/vehicle_data_scraping_pipeline.py took 2.065 seconds
[2024-10-23T07:32:47.916+0000] {processor.py:161} INFO - Started process (PID=14112) to work on /opt/airflow/dags/vehicle_data_scraping_pipeline.py
[2024-10-23T07:32:47.917+0000] {processor.py:830} INFO - Processing file /opt/airflow/dags/vehicle_data_scraping_pipeline.py for tasks to queue
[2024-10-23T07:32:47.919+0000] {logging_mixin.py:188} INFO - [2024-10-23T07:32:47.918+0000] {dagbag.py:540} INFO - Filling up the DagBag from /opt/airflow/dags/vehicle_data_scraping_pipeline.py
[2024-10-23T07:32:48.474+0000] {processor.py:840} INFO - DAG(s) 'Vehicle_Data_scrape_Pipeline' retrieved from /opt/airflow/dags/vehicle_data_scraping_pipeline.py
[2024-10-23T07:32:48.522+0000] {logging_mixin.py:188} INFO - [2024-10-23T07:32:48.521+0000] {dag.py:3047} INFO - Sync 1 DAGs
[2024-10-23T07:32:48.540+0000] {logging_mixin.py:188} INFO - [2024-10-23T07:32:48.539+0000] {dag.py:3834} INFO - Setting next_dagrun for Vehicle_Data_scrape_Pipeline to 2024-10-23 00:00:00+00:00, run_after=2024-10-24 00:00:00+00:00
[2024-10-23T07:32:48.556+0000] {processor.py:183} INFO - Processing /opt/airflow/dags/vehicle_data_scraping_pipeline.py took 0.646 seconds
[2024-10-23T07:33:19.021+0000] {processor.py:161} INFO - Started process (PID=14186) to work on /opt/airflow/dags/vehicle_data_scraping_pipeline.py
[2024-10-23T07:33:19.023+0000] {processor.py:830} INFO - Processing file /opt/airflow/dags/vehicle_data_scraping_pipeline.py for tasks to queue
[2024-10-23T07:33:19.024+0000] {logging_mixin.py:188} INFO - [2024-10-23T07:33:19.023+0000] {dagbag.py:540} INFO - Filling up the DagBag from /opt/airflow/dags/vehicle_data_scraping_pipeline.py
[2024-10-23T07:33:19.518+0000] {processor.py:840} INFO - DAG(s) 'Vehicle_Data_scrape_Pipeline' retrieved from /opt/airflow/dags/vehicle_data_scraping_pipeline.py
[2024-10-23T07:33:19.578+0000] {logging_mixin.py:188} INFO - [2024-10-23T07:33:19.577+0000] {dag.py:3047} INFO - Sync 1 DAGs
[2024-10-23T07:33:19.593+0000] {logging_mixin.py:188} INFO - [2024-10-23T07:33:19.593+0000] {dag.py:3834} INFO - Setting next_dagrun for Vehicle_Data_scrape_Pipeline to 2024-10-23 00:00:00+00:00, run_after=2024-10-24 00:00:00+00:00
[2024-10-23T07:33:19.623+0000] {processor.py:183} INFO - Processing /opt/airflow/dags/vehicle_data_scraping_pipeline.py took 0.604 seconds
[2024-10-23T07:33:50.090+0000] {processor.py:161} INFO - Started process (PID=14266) to work on /opt/airflow/dags/vehicle_data_scraping_pipeline.py
[2024-10-23T07:33:50.091+0000] {processor.py:830} INFO - Processing file /opt/airflow/dags/vehicle_data_scraping_pipeline.py for tasks to queue
[2024-10-23T07:33:50.092+0000] {logging_mixin.py:188} INFO - [2024-10-23T07:33:50.092+0000] {dagbag.py:540} INFO - Filling up the DagBag from /opt/airflow/dags/vehicle_data_scraping_pipeline.py
[2024-10-23T07:33:50.628+0000] {processor.py:840} INFO - DAG(s) 'Vehicle_Data_scrape_Pipeline' retrieved from /opt/airflow/dags/vehicle_data_scraping_pipeline.py
[2024-10-23T07:33:50.683+0000] {logging_mixin.py:188} INFO - [2024-10-23T07:33:50.683+0000] {dag.py:3047} INFO - Sync 1 DAGs
[2024-10-23T07:33:50.701+0000] {logging_mixin.py:188} INFO - [2024-10-23T07:33:50.700+0000] {dag.py:3834} INFO - Setting next_dagrun for Vehicle_Data_scrape_Pipeline to 2024-10-23 00:00:00+00:00, run_after=2024-10-24 00:00:00+00:00
[2024-10-23T07:33:50.714+0000] {processor.py:183} INFO - Processing /opt/airflow/dags/vehicle_data_scraping_pipeline.py took 0.627 seconds
[2024-10-23T07:34:20.805+0000] {processor.py:161} INFO - Started process (PID=14340) to work on /opt/airflow/dags/vehicle_data_scraping_pipeline.py
[2024-10-23T07:34:20.806+0000] {processor.py:830} INFO - Processing file /opt/airflow/dags/vehicle_data_scraping_pipeline.py for tasks to queue
[2024-10-23T07:34:20.808+0000] {logging_mixin.py:188} INFO - [2024-10-23T07:34:20.807+0000] {dagbag.py:540} INFO - Filling up the DagBag from /opt/airflow/dags/vehicle_data_scraping_pipeline.py
[2024-10-23T07:34:21.209+0000] {processor.py:840} INFO - DAG(s) 'Vehicle_Data_scrape_Pipeline' retrieved from /opt/airflow/dags/vehicle_data_scraping_pipeline.py
[2024-10-23T07:34:21.258+0000] {logging_mixin.py:188} INFO - [2024-10-23T07:34:21.258+0000] {dag.py:3047} INFO - Sync 1 DAGs
[2024-10-23T07:34:21.278+0000] {logging_mixin.py:188} INFO - [2024-10-23T07:34:21.278+0000] {dag.py:3834} INFO - Setting next_dagrun for Vehicle_Data_scrape_Pipeline to 2024-10-23 00:00:00+00:00, run_after=2024-10-24 00:00:00+00:00
[2024-10-23T07:34:21.299+0000] {processor.py:183} INFO - Processing /opt/airflow/dags/vehicle_data_scraping_pipeline.py took 0.497 seconds
[2024-10-23T07:34:51.617+0000] {processor.py:161} INFO - Started process (PID=14418) to work on /opt/airflow/dags/vehicle_data_scraping_pipeline.py
[2024-10-23T07:34:51.618+0000] {processor.py:830} INFO - Processing file /opt/airflow/dags/vehicle_data_scraping_pipeline.py for tasks to queue
[2024-10-23T07:34:51.619+0000] {logging_mixin.py:188} INFO - [2024-10-23T07:34:51.619+0000] {dagbag.py:540} INFO - Filling up the DagBag from /opt/airflow/dags/vehicle_data_scraping_pipeline.py
[2024-10-23T07:34:52.161+0000] {processor.py:840} INFO - DAG(s) 'Vehicle_Data_scrape_Pipeline' retrieved from /opt/airflow/dags/vehicle_data_scraping_pipeline.py
[2024-10-23T07:34:52.208+0000] {logging_mixin.py:188} INFO - [2024-10-23T07:34:52.207+0000] {dag.py:3047} INFO - Sync 1 DAGs
[2024-10-23T07:34:52.223+0000] {logging_mixin.py:188} INFO - [2024-10-23T07:34:52.222+0000] {dag.py:3834} INFO - Setting next_dagrun for Vehicle_Data_scrape_Pipeline to 2024-10-23 00:00:00+00:00, run_after=2024-10-24 00:00:00+00:00
[2024-10-23T07:34:52.239+0000] {processor.py:183} INFO - Processing /opt/airflow/dags/vehicle_data_scraping_pipeline.py took 0.624 seconds
[2024-10-23T07:35:22.744+0000] {processor.py:161} INFO - Started process (PID=14488) to work on /opt/airflow/dags/vehicle_data_scraping_pipeline.py
[2024-10-23T07:35:22.745+0000] {processor.py:830} INFO - Processing file /opt/airflow/dags/vehicle_data_scraping_pipeline.py for tasks to queue
[2024-10-23T07:35:22.746+0000] {logging_mixin.py:188} INFO - [2024-10-23T07:35:22.746+0000] {dagbag.py:540} INFO - Filling up the DagBag from /opt/airflow/dags/vehicle_data_scraping_pipeline.py
[2024-10-23T07:35:23.219+0000] {processor.py:840} INFO - DAG(s) 'Vehicle_Data_scrape_Pipeline' retrieved from /opt/airflow/dags/vehicle_data_scraping_pipeline.py
[2024-10-23T07:35:23.259+0000] {logging_mixin.py:188} INFO - [2024-10-23T07:35:23.258+0000] {dag.py:3047} INFO - Sync 1 DAGs
[2024-10-23T07:35:23.274+0000] {logging_mixin.py:188} INFO - [2024-10-23T07:35:23.274+0000] {dag.py:3834} INFO - Setting next_dagrun for Vehicle_Data_scrape_Pipeline to 2024-10-23 00:00:00+00:00, run_after=2024-10-24 00:00:00+00:00
[2024-10-23T07:35:23.291+0000] {processor.py:183} INFO - Processing /opt/airflow/dags/vehicle_data_scraping_pipeline.py took 0.549 seconds
[2024-10-23T07:35:53.650+0000] {processor.py:161} INFO - Started process (PID=14562) to work on /opt/airflow/dags/vehicle_data_scraping_pipeline.py
[2024-10-23T07:35:53.652+0000] {processor.py:830} INFO - Processing file /opt/airflow/dags/vehicle_data_scraping_pipeline.py for tasks to queue
[2024-10-23T07:35:53.657+0000] {logging_mixin.py:188} INFO - [2024-10-23T07:35:53.654+0000] {dagbag.py:540} INFO - Filling up the DagBag from /opt/airflow/dags/vehicle_data_scraping_pipeline.py
[2024-10-23T07:35:54.235+0000] {processor.py:840} INFO - DAG(s) 'Vehicle_Data_scrape_Pipeline' retrieved from /opt/airflow/dags/vehicle_data_scraping_pipeline.py
[2024-10-23T07:35:54.276+0000] {logging_mixin.py:188} INFO - [2024-10-23T07:35:54.276+0000] {dag.py:3047} INFO - Sync 1 DAGs
[2024-10-23T07:35:54.294+0000] {logging_mixin.py:188} INFO - [2024-10-23T07:35:54.293+0000] {dag.py:3834} INFO - Setting next_dagrun for Vehicle_Data_scrape_Pipeline to 2024-10-23 00:00:00+00:00, run_after=2024-10-24 00:00:00+00:00
[2024-10-23T07:35:54.309+0000] {processor.py:183} INFO - Processing /opt/airflow/dags/vehicle_data_scraping_pipeline.py took 0.664 seconds
