[2024-10-03T11:01:26.542+0000] {taskinstance.py:1979} INFO - Dependencies all met for dep_context=non-requeueable deps ti=<TaskInstance: Gold_training_Pipeline1.model_training manual__2024-10-03T11:00:57.761821+00:00 [queued]>
[2024-10-03T11:01:26.548+0000] {taskinstance.py:1979} INFO - Dependencies all met for dep_context=requeueable deps ti=<TaskInstance: Gold_training_Pipeline1.model_training manual__2024-10-03T11:00:57.761821+00:00 [queued]>
[2024-10-03T11:01:26.549+0000] {taskinstance.py:2193} INFO - Starting attempt 1 of 4
[2024-10-03T11:01:26.560+0000] {taskinstance.py:2217} INFO - Executing <Task(PythonOperator): model_training> on 2024-10-03 11:00:57.761821+00:00
[2024-10-03T11:01:26.563+0000] {standard_task_runner.py:60} INFO - Started process 1169 to run task
[2024-10-03T11:01:26.565+0000] {standard_task_runner.py:87} INFO - Running: ['***', 'tasks', 'run', 'Gold_training_Pipeline1', 'model_training', 'manual__2024-10-03T11:00:57.761821+00:00', '--job-id', '230', '--raw', '--subdir', 'DAGS_FOLDER/gold_training_pipeline.py', '--cfg-path', '/tmp/tmphuflbqjh']
[2024-10-03T11:01:26.567+0000] {standard_task_runner.py:88} INFO - Job 230: Subtask model_training
[2024-10-03T11:01:26.680+0000] {task_command.py:423} INFO - Running <TaskInstance: Gold_training_Pipeline1.model_training manual__2024-10-03T11:00:57.761821+00:00 [running]> on host 5466e3b84b5d
[2024-10-03T11:01:26.722+0000] {taskinstance.py:2513} INFO - Exporting env vars: AIRFLOW_CTX_DAG_OWNER='sdeshan' AIRFLOW_CTX_DAG_ID='Gold_training_Pipeline1' AIRFLOW_CTX_TASK_ID='model_training' AIRFLOW_CTX_EXECUTION_DATE='2024-10-03T11:00:57.761821+00:00' AIRFLOW_CTX_TRY_NUMBER='1' AIRFLOW_CTX_DAG_RUN_ID='manual__2024-10-03T11:00:57.761821+00:00'
[2024-10-03T11:01:26.754+0000] {logging_mixin.py:188} INFO -        date  gold_lkr gold_price_usd  ... usd_selling_exrate gold_futures  effr
0  2/1/2014  158637.0         1225.0  ...              132.0       1225.0  0.08
1  3/1/2014  160948.0         1235.0  ...              132.0       1239.0  0.08
2  6/1/2014  162423.0         1246.0  ...              132.0       1238.0  0.08
3  7/1/2014  162412.0         1228.0  ...              132.0       1230.0  0.07
4  8/1/2014  160678.0         1221.0  ...              132.0       1226.0  0.07

[5 rows x 9 columns]
[2024-10-03T11:01:26.756+0000] {python.py:202} INFO - Done. Returned value was: None
[2024-10-03T11:01:26.762+0000] {taskinstance.py:1149} INFO - Marking task as SUCCESS. dag_id=Gold_training_Pipeline1, task_id=model_training, execution_date=20241003T110057, start_date=20241003T110126, end_date=20241003T110126
[2024-10-03T11:01:26.766+0000] {logging_mixin.py:188} WARNING - /home/***/.local/lib/python3.8/site-packages/***/utils/context.py:207 AirflowContextDeprecationWarning: Accessing 'execution_date' from the template is deprecated and will be removed in a future version. Please use 'data_interval_start' or 'logical_date' instead.
[2024-10-03T11:01:26.771+0000] {logging_mixin.py:188} WARNING - /home/***/.local/lib/python3.8/site-packages/***/utils/email.py:154 RemovedInAirflow3Warning: Fetching SMTP credentials from configuration variables will be deprecated in a future release. Please set credentials using a connection instead.
[2024-10-03T11:01:26.772+0000] {email.py:270} INFO - Email alerting: attempt 1
[2024-10-03T11:01:29.915+0000] {email.py:281} INFO - Sent an alert email to ['deshanariyarathna@gmail.com']
[2024-10-03T11:01:32.318+0000] {local_task_job_runner.py:234} INFO - Task exited with return code 0
[2024-10-03T11:01:32.331+0000] {taskinstance.py:3312} INFO - 0 downstream tasks scheduled from follow-on schedule check
