[2024-10-04T06:50:27.504+0000] {taskinstance.py:1979} INFO - Dependencies all met for dep_context=non-requeueable deps ti=<TaskInstance: Gold_training_Pipeline.model_training manual__2024-10-04T06:50:13.279882+00:00 [queued]>
[2024-10-04T06:50:27.616+0000] {taskinstance.py:1979} INFO - Dependencies all met for dep_context=requeueable deps ti=<TaskInstance: Gold_training_Pipeline.model_training manual__2024-10-04T06:50:13.279882+00:00 [queued]>
[2024-10-04T06:50:27.617+0000] {taskinstance.py:2193} INFO - Starting attempt 1 of 4
[2024-10-04T06:50:27.630+0000] {taskinstance.py:2217} INFO - Executing <Task(PythonOperator): model_training> on 2024-10-04 06:50:13.279882+00:00
[2024-10-04T06:50:27.636+0000] {standard_task_runner.py:60} INFO - Started process 7661 to run task
[2024-10-04T06:50:27.638+0000] {standard_task_runner.py:87} INFO - Running: ['***', 'tasks', 'run', 'Gold_training_Pipeline', 'model_training', 'manual__2024-10-04T06:50:13.279882+00:00', '--job-id', '267', '--raw', '--subdir', 'DAGS_FOLDER/gold_training_pipeline.py', '--cfg-path', '/tmp/tmpznkyil2w']
[2024-10-04T06:50:27.639+0000] {standard_task_runner.py:88} INFO - Job 267: Subtask model_training
[2024-10-04T06:50:27.672+0000] {task_command.py:423} INFO - Running <TaskInstance: Gold_training_Pipeline.model_training manual__2024-10-04T06:50:13.279882+00:00 [running]> on host 64f03f4c25a1
[2024-10-04T06:50:27.724+0000] {taskinstance.py:2513} INFO - Exporting env vars: AIRFLOW_CTX_DAG_OWNER='sdeshan' AIRFLOW_CTX_DAG_ID='Gold_training_Pipeline' AIRFLOW_CTX_TASK_ID='model_training' AIRFLOW_CTX_EXECUTION_DATE='2024-10-04T06:50:13.279882+00:00' AIRFLOW_CTX_TRY_NUMBER='1' AIRFLOW_CTX_DAG_RUN_ID='manual__2024-10-04T06:50:13.279882+00:00'
[2024-10-04T06:50:27.801+0000] {filesystem.py:118} DEBUG - input tempfile: /tmp/tmp9c3thxbo/n81lz398.json
[2024-10-04T06:50:27.978+0000] {filesystem.py:118} DEBUG - input tempfile: /tmp/tmp9c3thxbo/w98gjdhm.json
[2024-10-04T06:50:27.980+0000] {model.py:2042} DEBUG - idx 0
[2024-10-04T06:50:27.980+0000] {model.py:2043} DEBUG - running CmdStan, num_threads: None
[2024-10-04T06:50:27.981+0000] {model.py:2055} DEBUG - CmdStan args: ['/home/***/.local/lib/python3.8/site-packages/prophet/stan_model/prophet_model.bin', 'random', 'seed=70924', 'data', 'file=/tmp/tmp9c3thxbo/n81lz398.json', 'init=/tmp/tmp9c3thxbo/w98gjdhm.json', 'output', 'file=/tmp/tmp9c3thxbo/prophet_model7g_5qz23/prophet_model-20241004065027.csv', 'method=optimize', 'algorithm=lbfgs', 'iter=10000']
[2024-10-04T06:50:27.982+0000] {logging_mixin.py:188} WARNING - 06:50:27 - cmdstanpy - INFO - Chain [1] start processing
[2024-10-04T06:50:27.982+0000] {model.py:2058} INFO - Chain [1] start processing
[2024-10-04T06:50:29.836+0000] {logging_mixin.py:188} WARNING - 06:50:29 - cmdstanpy - INFO - Chain [1] done processing
[2024-10-04T06:50:29.836+0000] {model.py:2115} INFO - Chain [1] done processing
[2024-10-04T06:50:30.315+0000] {logging_mixin.py:188} INFO - Fitting 3 folds for each of 1 candidates, totalling 3 fits
[2024-10-04T06:51:20.653+0000] {logging_mixin.py:188} INFO - Best parameters from GridSearchCV: {'learning_rate': 0.001, 'max_depth': 10, 'min_child_weight': 1, 'n_estimators': 500}
[2024-10-04T06:51:30.888+0000] {logging_mixin.py:188} INFO - Root Mean Squared Error (RMSE) of the hybrid model: 9115.200838846245
[2024-10-04T06:51:31.043+0000] {logging_mixin.py:188} INFO - All necessary files for prediction have been saved in the 'model_files' directory.
[2024-10-04T06:51:31.048+0000] {python.py:202} INFO - Done. Returned value was: None
[2024-10-04T06:51:31.070+0000] {taskinstance.py:1149} INFO - Marking task as SUCCESS. dag_id=Gold_training_Pipeline, task_id=model_training, execution_date=20241004T065013, start_date=20241004T065027, end_date=20241004T065131
[2024-10-04T06:51:31.075+0000] {logging_mixin.py:188} WARNING - /home/***/.local/lib/python3.8/site-packages/***/utils/context.py:207 AirflowContextDeprecationWarning: Accessing 'execution_date' from the template is deprecated and will be removed in a future version. Please use 'data_interval_start' or 'logical_date' instead.
[2024-10-04T06:51:31.085+0000] {logging_mixin.py:188} WARNING - /home/***/.local/lib/python3.8/site-packages/***/utils/email.py:154 RemovedInAirflow3Warning: Fetching SMTP credentials from configuration variables will be deprecated in a future release. Please set credentials using a connection instead.
[2024-10-04T06:51:31.085+0000] {email.py:270} INFO - Email alerting: attempt 1
[2024-10-04T06:51:33.252+0000] {email.py:281} INFO - Sent an alert email to ['deshanariyarathna@gmail.com']
[2024-10-04T06:51:35.105+0000] {local_task_job_runner.py:234} INFO - Task exited with return code 0
[2024-10-04T06:51:35.117+0000] {taskinstance.py:3312} INFO - 0 downstream tasks scheduled from follow-on schedule check
