[2024-08-20T10:08:50.925+0000] {taskinstance.py:1979} INFO - Dependencies all met for dep_context=non-requeueable deps ti=<TaskInstance: Vehicle_Data_scrape_Pipeline_2.data_proprocessing manual__2024-08-20T10:08:49.939433+00:00 [queued]>
[2024-08-20T10:08:50.931+0000] {taskinstance.py:1979} INFO - Dependencies all met for dep_context=requeueable deps ti=<TaskInstance: Vehicle_Data_scrape_Pipeline_2.data_proprocessing manual__2024-08-20T10:08:49.939433+00:00 [queued]>
[2024-08-20T10:08:50.932+0000] {taskinstance.py:2193} INFO - Starting attempt 1 of 4
[2024-08-20T10:08:50.941+0000] {taskinstance.py:2217} INFO - Executing <Task(PythonOperator): data_proprocessing> on 2024-08-20 10:08:49.939433+00:00
[2024-08-20T10:08:50.945+0000] {standard_task_runner.py:60} INFO - Started process 911 to run task
[2024-08-20T10:08:50.950+0000] {standard_task_runner.py:87} INFO - Running: ['***', 'tasks', 'run', 'Vehicle_Data_scrape_Pipeline_2', 'data_proprocessing', 'manual__2024-08-20T10:08:49.939433+00:00', '--job-id', '5', '--raw', '--subdir', 'DAGS_FOLDER/vehicle_data_scraping_pipeline.py', '--cfg-path', '/tmp/tmp2i6u701v']
[2024-08-20T10:08:50.951+0000] {standard_task_runner.py:88} INFO - Job 5: Subtask data_proprocessing
[2024-08-20T10:08:50.990+0000] {task_command.py:423} INFO - Running <TaskInstance: Vehicle_Data_scrape_Pipeline_2.data_proprocessing manual__2024-08-20T10:08:49.939433+00:00 [running]> on host 8369baedd275
[2024-08-20T10:08:51.201+0000] {taskinstance.py:2513} INFO - Exporting env vars: AIRFLOW_CTX_DAG_OWNER='sdeshan' AIRFLOW_CTX_DAG_ID='Vehicle_Data_scrape_Pipeline_2' AIRFLOW_CTX_TASK_ID='data_proprocessing' AIRFLOW_CTX_EXECUTION_DATE='2024-08-20T10:08:49.939433+00:00' AIRFLOW_CTX_TRY_NUMBER='1' AIRFLOW_CTX_DAG_RUN_ID='manual__2024-08-20T10:08:49.939433+00:00'
[2024-08-20T10:08:51.206+0000] {taskinstance.py:2731} ERROR - Task failed with exception
Traceback (most recent call last):
  File "/home/airflow/.local/lib/python3.8/site-packages/airflow/models/taskinstance.py", line 444, in _execute_task
    result = _execute_callable(context=context, **execute_callable_kwargs)
  File "/home/airflow/.local/lib/python3.8/site-packages/airflow/models/taskinstance.py", line 414, in _execute_callable
    return execute_callable(context=context, **execute_callable_kwargs)
  File "/home/airflow/.local/lib/python3.8/site-packages/airflow/operators/python.py", line 200, in execute
    return_value = self.execute_callable()
  File "/home/airflow/.local/lib/python3.8/site-packages/airflow/operators/python.py", line 217, in execute_callable
    return self.python_callable(*self.op_args, **self.op_kwargs)
  File "/opt/airflow/dags/components/vehicle/data_scraping_components/data_preprocces.py", line 20, in data_preprocces
    cur.execute(query)
psycopg2.errors.UndefinedTable: relation "ikman_post_data" does not exist
LINE 1: SELECT * FROM ikman_post_data
                      ^

[2024-08-20T10:08:51.223+0000] {taskinstance.py:1149} INFO - Marking task as UP_FOR_RETRY. dag_id=Vehicle_Data_scrape_Pipeline_2, task_id=data_proprocessing, execution_date=20240820T100849, start_date=20240820T100850, end_date=20240820T100851
[2024-08-20T10:08:51.235+0000] {standard_task_runner.py:107} ERROR - Failed to execute job 5 for task data_proprocessing (relation "ikman_post_data" does not exist
LINE 1: SELECT * FROM ikman_post_data
                      ^
; 911)
[2024-08-20T10:08:51.283+0000] {local_task_job_runner.py:234} INFO - Task exited with return code 1
[2024-08-20T10:08:51.307+0000] {taskinstance.py:3312} INFO - 0 downstream tasks scheduled from follow-on schedule check
