[2024-10-15T08:59:23.616+0000] {taskinstance.py:1979} INFO - Dependencies all met for dep_context=non-requeueable deps ti=<TaskInstance: Gold_training_Pipeline.model_training manual__2024-10-11T08:30:29.811174+00:00 [queued]>
[2024-10-15T08:59:23.624+0000] {taskinstance.py:1979} INFO - Dependencies all met for dep_context=requeueable deps ti=<TaskInstance: Gold_training_Pipeline.model_training manual__2024-10-11T08:30:29.811174+00:00 [queued]>
[2024-10-15T08:59:23.625+0000] {taskinstance.py:2193} INFO - Starting attempt 3 of 4
[2024-10-15T08:59:23.744+0000] {taskinstance.py:2217} INFO - Executing <Task(PythonOperator): model_training> on 2024-10-11 08:30:29.811174+00:00
[2024-10-15T08:59:23.750+0000] {standard_task_runner.py:60} INFO - Started process 458 to run task
[2024-10-15T08:59:23.755+0000] {standard_task_runner.py:87} INFO - Running: ['***', 'tasks', 'run', 'Gold_training_Pipeline', 'model_training', 'manual__2024-10-11T08:30:29.811174+00:00', '--job-id', '53', '--raw', '--subdir', 'DAGS_FOLDER/gold_training_pipeline.py', '--cfg-path', '/tmp/tmpkh244kbg']
[2024-10-15T08:59:23.760+0000] {standard_task_runner.py:88} INFO - Job 53: Subtask model_training
[2024-10-15T08:59:23.808+0000] {task_command.py:423} INFO - Running <TaskInstance: Gold_training_Pipeline.model_training manual__2024-10-11T08:30:29.811174+00:00 [running]> on host a0c7e0b03ffa
[2024-10-15T08:59:23.862+0000] {taskinstance.py:2513} INFO - Exporting env vars: AIRFLOW_CTX_DAG_OWNER='sdeshan' AIRFLOW_CTX_DAG_ID='Gold_training_Pipeline' AIRFLOW_CTX_TASK_ID='model_training' AIRFLOW_CTX_EXECUTION_DATE='2024-10-11T08:30:29.811174+00:00' AIRFLOW_CTX_TRY_NUMBER='3' AIRFLOW_CTX_DAG_RUN_ID='manual__2024-10-11T08:30:29.811174+00:00'
[2024-10-15T08:59:24.001+0000] {filesystem.py:118} DEBUG - input tempfile: /tmp/tmpy4ev3nhu/6h870w1m.json
[2024-10-15T08:59:24.214+0000] {filesystem.py:118} DEBUG - input tempfile: /tmp/tmpy4ev3nhu/_s2nnn7c.json
[2024-10-15T08:59:24.216+0000] {model.py:2042} DEBUG - idx 0
[2024-10-15T08:59:24.217+0000] {model.py:2043} DEBUG - running CmdStan, num_threads: None
[2024-10-15T08:59:24.218+0000] {model.py:2055} DEBUG - CmdStan args: ['/home/***/.local/lib/python3.8/site-packages/prophet/stan_model/prophet_model.bin', 'random', 'seed=67547', 'data', 'file=/tmp/tmpy4ev3nhu/6h870w1m.json', 'init=/tmp/tmpy4ev3nhu/_s2nnn7c.json', 'output', 'file=/tmp/tmpy4ev3nhu/prophet_model8k6zpup7/prophet_model-20241015085924.csv', 'method=optimize', 'algorithm=lbfgs', 'iter=10000']
[2024-10-15T08:59:24.218+0000] {logging_mixin.py:188} WARNING - 08:59:24 - cmdstanpy - INFO - Chain [1] start processing
[2024-10-15T08:59:24.218+0000] {model.py:2058} INFO - Chain [1] start processing
[2024-10-15T08:59:26.246+0000] {logging_mixin.py:188} WARNING - 08:59:26 - cmdstanpy - INFO - Chain [1] done processing
[2024-10-15T08:59:26.246+0000] {model.py:2115} INFO - Chain [1] done processing
[2024-10-15T08:59:27.001+0000] {logging_mixin.py:188} INFO - Fitting 3 folds for each of 1 candidates, totalling 3 fits
[2024-10-15T09:30:54.364+0000] {logging_mixin.py:188} INFO - [CV] END learning_rate=0.001, max_depth=10, min_child_weight=1, n_estimators=500; total time=31.5min
[2024-10-15T10:03:09.209+0000] {logging_mixin.py:188} INFO - [CV] END learning_rate=0.001, max_depth=10, min_child_weight=1, n_estimators=500; total time=32.2min
[2024-10-15T10:33:53.507+0000] {local_task_job_runner.py:121} ERROR - Received SIGTERM. Terminating subprocesses
[2024-10-15T10:33:54.005+0000] {process_utils.py:131} INFO - Sending 15 to group 458. PIDs of all processes in the group: [458]
[2024-10-15T10:33:54.013+0000] {process_utils.py:86} INFO - Sending the signal 15 to group 458
[2024-10-15T10:33:57.053+0000] {taskinstance.py:2483} ERROR - Received SIGTERM. Terminating subprocesses.
[2024-10-15T10:33:57.123+0000] {logging_mixin.py:188} INFO - [CV] END learning_rate=0.001, max_depth=10, min_child_weight=1, n_estimators=500; total time=30.8min
[2024-10-15T10:33:57.769+0000] {logging_mixin.py:188} WARNING - /home/***/.local/lib/python3.8/site-packages/sklearn/model_selection/_validation.py:425 FitFailedWarning:
1 fits failed out of a total of 3.
The score on these train-test partitions for these parameters will be set to nan.
If these failures are not expected, you can try to debug them by setting error_score='raise'.

Below are more details about the failures:
--------------------------------------------------------------------------------
1 fits failed with the following error:
Traceback (most recent call last):
  File "/home/***/.local/lib/python3.8/site-packages/sklearn/model_selection/_validation.py", line 729, in _fit_and_score
    estimator.fit(X_train, y_train, **fit_params)
  File "/home/***/.local/lib/python3.8/site-packages/xgboost/core.py", line 726, in inner_f
    return func(**kwargs)
  File "/home/***/.local/lib/python3.8/site-packages/xgboost/sklearn.py", line 1108, in fit
    self._Booster = train(
  File "/home/***/.local/lib/python3.8/site-packages/xgboost/core.py", line 726, in inner_f
    return func(**kwargs)
  File "/home/***/.local/lib/python3.8/site-packages/xgboost/training.py", line 181, in train
    bst.update(dtrain, iteration=i, fobj=obj)
  File "/home/***/.local/lib/python3.8/site-packages/xgboost/core.py", line 2101, in update
    _LIB.XGBoosterUpdateOneIter(
  File "/home/***/.local/lib/python3.8/site-packages/***/models/taskinstance.py", line 2485, in signal_handler
    raise AirflowException("Task received SIGTERM signal")
***.exceptions.AirflowException: Task received SIGTERM signal
[2024-10-15T10:33:57.983+0000] {logging_mixin.py:188} WARNING - /home/***/.local/lib/python3.8/site-packages/sklearn/model_selection/_search.py:979 UserWarning: One or more of the test scores are non-finite: [nan]
[2024-10-15T10:33:58.953+0000] {local_task_job_runner.py:121} ERROR - Received SIGTERM. Terminating subprocesses
[2024-10-15T10:33:58.955+0000] {process_utils.py:131} INFO - Sending 15 to group 458. PIDs of all processes in the group: [458]
[2024-10-15T10:33:58.955+0000] {process_utils.py:86} INFO - Sending the signal 15 to group 458
