[2024-10-16T10:01:10.499+0000] {taskinstance.py:1979} INFO - Dependencies all met for dep_context=non-requeueable deps ti=<TaskInstance: Gold_training_Pipeline.model_training manual__2024-10-11T08:30:29.811174+00:00 [queued]>
[2024-10-16T10:01:10.511+0000] {taskinstance.py:1979} INFO - Dependencies all met for dep_context=requeueable deps ti=<TaskInstance: Gold_training_Pipeline.model_training manual__2024-10-11T08:30:29.811174+00:00 [queued]>
[2024-10-16T10:01:10.511+0000] {taskinstance.py:2193} INFO - Starting attempt 4 of 4
[2024-10-16T10:01:10.684+0000] {taskinstance.py:2217} INFO - Executing <Task(PythonOperator): model_training> on 2024-10-11 08:30:29.811174+00:00
[2024-10-16T10:01:10.797+0000] {standard_task_runner.py:60} INFO - Started process 976 to run task
[2024-10-16T10:01:10.828+0000] {standard_task_runner.py:87} INFO - Running: ['***', 'tasks', 'run', 'Gold_training_Pipeline', 'model_training', 'manual__2024-10-11T08:30:29.811174+00:00', '--job-id', '66', '--raw', '--subdir', 'DAGS_FOLDER/gold_training_pipeline.py', '--cfg-path', '/tmp/tmpkmgisvp0']
[2024-10-16T10:01:10.845+0000] {standard_task_runner.py:88} INFO - Job 66: Subtask model_training
[2024-10-16T10:01:11.126+0000] {task_command.py:423} INFO - Running <TaskInstance: Gold_training_Pipeline.model_training manual__2024-10-11T08:30:29.811174+00:00 [running]> on host 3ef26dc59d0b
[2024-10-16T10:01:11.372+0000] {taskinstance.py:2513} INFO - Exporting env vars: AIRFLOW_CTX_DAG_OWNER='sdeshan' AIRFLOW_CTX_DAG_ID='Gold_training_Pipeline' AIRFLOW_CTX_TASK_ID='model_training' AIRFLOW_CTX_EXECUTION_DATE='2024-10-11T08:30:29.811174+00:00' AIRFLOW_CTX_TRY_NUMBER='4' AIRFLOW_CTX_DAG_RUN_ID='manual__2024-10-11T08:30:29.811174+00:00'
[2024-10-16T10:01:11.977+0000] {filesystem.py:118} DEBUG - input tempfile: /tmp/tmp6wsg9982/yj8lyhz2.json
[2024-10-16T10:01:12.353+0000] {filesystem.py:118} DEBUG - input tempfile: /tmp/tmp6wsg9982/vtevp9cn.json
[2024-10-16T10:01:12.356+0000] {model.py:2042} DEBUG - idx 0
[2024-10-16T10:01:12.356+0000] {model.py:2043} DEBUG - running CmdStan, num_threads: None
[2024-10-16T10:01:12.357+0000] {model.py:2055} DEBUG - CmdStan args: ['/home/***/.local/lib/python3.8/site-packages/prophet/stan_model/prophet_model.bin', 'random', 'seed=67433', 'data', 'file=/tmp/tmp6wsg9982/yj8lyhz2.json', 'init=/tmp/tmp6wsg9982/vtevp9cn.json', 'output', 'file=/tmp/tmp6wsg9982/prophet_model2rw8cjn2/prophet_model-20241016100112.csv', 'method=optimize', 'algorithm=lbfgs', 'iter=10000']
[2024-10-16T10:01:12.357+0000] {logging_mixin.py:188} WARNING - 10:01:12 - cmdstanpy - INFO - Chain [1] start processing
[2024-10-16T10:01:12.357+0000] {model.py:2058} INFO - Chain [1] start processing
[2024-10-16T10:01:14.869+0000] {logging_mixin.py:188} WARNING - 10:01:14 - cmdstanpy - INFO - Chain [1] done processing
[2024-10-16T10:01:14.869+0000] {model.py:2115} INFO - Chain [1] done processing
[2024-10-16T10:01:16.646+0000] {logging_mixin.py:188} INFO - Fitting 3 folds for each of 1 candidates, totalling 3 fits
[2024-10-16T10:39:42.796+0000] {local_task_job_runner.py:121} ERROR - Received SIGTERM. Terminating subprocesses
[2024-10-16T10:39:43.152+0000] {process_utils.py:131} INFO - Sending 15 to group 976. PIDs of all processes in the group: [976]
[2024-10-16T10:39:43.177+0000] {process_utils.py:86} INFO - Sending the signal 15 to group 976
[2024-10-16T10:39:43.393+0000] {taskinstance.py:2483} ERROR - Received SIGTERM. Terminating subprocesses.
[2024-10-16T10:39:43.791+0000] {logging_mixin.py:188} INFO - [CV] END learning_rate=0.001, max_depth=10, min_child_weight=1, n_estimators=500; total time=38.4min
