[2024-10-14T04:15:13.131+0000] {taskinstance.py:1979} INFO - Dependencies all met for dep_context=non-requeueable deps ti=<TaskInstance: Gold_training_Pipeline.model_training manual__2024-10-11T08:30:29.811174+00:00 [queued]>
[2024-10-14T04:15:13.139+0000] {taskinstance.py:1979} INFO - Dependencies all met for dep_context=requeueable deps ti=<TaskInstance: Gold_training_Pipeline.model_training manual__2024-10-11T08:30:29.811174+00:00 [queued]>
[2024-10-14T04:15:13.140+0000] {taskinstance.py:2193} INFO - Starting attempt 2 of 4
[2024-10-14T04:15:13.279+0000] {taskinstance.py:2217} INFO - Executing <Task(PythonOperator): model_training> on 2024-10-11 08:30:29.811174+00:00
[2024-10-14T04:15:13.292+0000] {standard_task_runner.py:60} INFO - Started process 357 to run task
[2024-10-14T04:15:13.305+0000] {standard_task_runner.py:87} INFO - Running: ['***', 'tasks', 'run', 'Gold_training_Pipeline', 'model_training', 'manual__2024-10-11T08:30:29.811174+00:00', '--job-id', '41', '--raw', '--subdir', 'DAGS_FOLDER/gold_training_pipeline.py', '--cfg-path', '/tmp/tmp75f33t80']
[2024-10-14T04:15:13.316+0000] {standard_task_runner.py:88} INFO - Job 41: Subtask model_training
[2024-10-14T04:15:13.418+0000] {task_command.py:423} INFO - Running <TaskInstance: Gold_training_Pipeline.model_training manual__2024-10-11T08:30:29.811174+00:00 [running]> on host d2fc084bce17
[2024-10-14T04:15:14.195+0000] {taskinstance.py:2513} INFO - Exporting env vars: AIRFLOW_CTX_DAG_OWNER='sdeshan' AIRFLOW_CTX_DAG_ID='Gold_training_Pipeline' AIRFLOW_CTX_TASK_ID='model_training' AIRFLOW_CTX_EXECUTION_DATE='2024-10-11T08:30:29.811174+00:00' AIRFLOW_CTX_TRY_NUMBER='2' AIRFLOW_CTX_DAG_RUN_ID='manual__2024-10-11T08:30:29.811174+00:00'
[2024-10-14T04:15:14.512+0000] {filesystem.py:118} DEBUG - input tempfile: /tmp/tmpt98codlp/olizge6r.json
[2024-10-14T04:15:14.728+0000] {filesystem.py:118} DEBUG - input tempfile: /tmp/tmpt98codlp/p5ok33gy.json
[2024-10-14T04:15:14.736+0000] {model.py:2042} DEBUG - idx 0
[2024-10-14T04:15:14.737+0000] {model.py:2043} DEBUG - running CmdStan, num_threads: None
[2024-10-14T04:15:14.738+0000] {model.py:2055} DEBUG - CmdStan args: ['/home/***/.local/lib/python3.8/site-packages/prophet/stan_model/prophet_model.bin', 'random', 'seed=17477', 'data', 'file=/tmp/tmpt98codlp/olizge6r.json', 'init=/tmp/tmpt98codlp/p5ok33gy.json', 'output', 'file=/tmp/tmpt98codlp/prophet_model3z3tsi4x/prophet_model-20241014041514.csv', 'method=optimize', 'algorithm=lbfgs', 'iter=10000']
[2024-10-14T04:15:14.739+0000] {logging_mixin.py:188} WARNING - 04:15:14 - cmdstanpy - INFO - Chain [1] start processing
[2024-10-14T04:15:14.738+0000] {model.py:2058} INFO - Chain [1] start processing
[2024-10-14T04:15:16.733+0000] {logging_mixin.py:188} WARNING - 04:15:16 - cmdstanpy - INFO - Chain [1] done processing
[2024-10-14T04:15:16.733+0000] {model.py:2115} INFO - Chain [1] done processing
[2024-10-14T04:15:17.522+0000] {logging_mixin.py:188} INFO - Fitting 3 folds for each of 1 candidates, totalling 3 fits
[2024-10-14T04:39:10.405+0000] {logging_mixin.py:188} INFO - [CV] END learning_rate=0.001, max_depth=10, min_child_weight=1, n_estimators=500; total time=23.9min
[2024-10-14T04:45:50.743+0000] {local_task_job_runner.py:121} ERROR - Received SIGTERM. Terminating subprocesses
[2024-10-14T04:45:50.894+0000] {process_utils.py:131} INFO - Sending 15 to group 357. PIDs of all processes in the group: [357]
[2024-10-14T04:45:50.900+0000] {process_utils.py:86} INFO - Sending the signal 15 to group 357
[2024-10-14T04:45:52.827+0000] {taskinstance.py:2483} ERROR - Received SIGTERM. Terminating subprocesses.
[2024-10-14T04:45:52.868+0000] {logging_mixin.py:188} INFO - [CV] END learning_rate=0.001, max_depth=10, min_child_weight=1, n_estimators=500; total time= 6.7min
