[2024-10-21T04:29:17.652+0000] {taskinstance.py:1979} INFO - Dependencies all met for dep_context=non-requeueable deps ti=<TaskInstance: Gold_training_Pipeline.model_training manual__2024-10-11T08:30:29.811174+00:00 [queued]>
[2024-10-21T04:29:17.663+0000] {taskinstance.py:1979} INFO - Dependencies all met for dep_context=requeueable deps ti=<TaskInstance: Gold_training_Pipeline.model_training manual__2024-10-11T08:30:29.811174+00:00 [queued]>
[2024-10-21T04:29:17.664+0000] {taskinstance.py:2193} INFO - Starting attempt 5 of 4
[2024-10-21T04:29:18.082+0000] {taskinstance.py:2217} INFO - Executing <Task(PythonOperator): model_training> on 2024-10-11 08:30:29.811174+00:00
[2024-10-21T04:29:18.087+0000] {standard_task_runner.py:60} INFO - Started process 525 to run task
[2024-10-21T04:29:18.089+0000] {standard_task_runner.py:87} INFO - Running: ['***', 'tasks', 'run', 'Gold_training_Pipeline', 'model_training', 'manual__2024-10-11T08:30:29.811174+00:00', '--job-id', '78', '--raw', '--subdir', 'DAGS_FOLDER/gold_training_pipeline.py', '--cfg-path', '/tmp/tmpzx4crbov']
[2024-10-21T04:29:18.092+0000] {standard_task_runner.py:88} INFO - Job 78: Subtask model_training
[2024-10-21T04:29:18.198+0000] {task_command.py:423} INFO - Running <TaskInstance: Gold_training_Pipeline.model_training manual__2024-10-11T08:30:29.811174+00:00 [running]> on host e58a92ba783e
[2024-10-21T04:29:18.297+0000] {taskinstance.py:2513} INFO - Exporting env vars: AIRFLOW_CTX_DAG_OWNER='sdeshan' AIRFLOW_CTX_DAG_ID='Gold_training_Pipeline' AIRFLOW_CTX_TASK_ID='model_training' AIRFLOW_CTX_EXECUTION_DATE='2024-10-11T08:30:29.811174+00:00' AIRFLOW_CTX_TRY_NUMBER='5' AIRFLOW_CTX_DAG_RUN_ID='manual__2024-10-11T08:30:29.811174+00:00'
[2024-10-21T04:29:18.521+0000] {filesystem.py:118} DEBUG - input tempfile: /tmp/tmpow0vyoyd/s_v92mkd.json
[2024-10-21T04:29:19.140+0000] {filesystem.py:118} DEBUG - input tempfile: /tmp/tmpow0vyoyd/70ztyghn.json
[2024-10-21T04:29:19.145+0000] {model.py:2042} DEBUG - idx 0
[2024-10-21T04:29:19.146+0000] {model.py:2043} DEBUG - running CmdStan, num_threads: None
[2024-10-21T04:29:19.147+0000] {model.py:2055} DEBUG - CmdStan args: ['/home/***/.local/lib/python3.8/site-packages/prophet/stan_model/prophet_model.bin', 'random', 'seed=1727', 'data', 'file=/tmp/tmpow0vyoyd/s_v92mkd.json', 'init=/tmp/tmpow0vyoyd/70ztyghn.json', 'output', 'file=/tmp/tmpow0vyoyd/prophet_model05msngdx/prophet_model-20241021042919.csv', 'method=optimize', 'algorithm=lbfgs', 'iter=10000']
[2024-10-21T04:29:19.147+0000] {logging_mixin.py:188} WARNING - 04:29:19 - cmdstanpy - INFO - Chain [1] start processing
[2024-10-21T04:29:19.147+0000] {model.py:2058} INFO - Chain [1] start processing
[2024-10-21T04:29:57.589+0000] {logging_mixin.py:188} WARNING - 04:29:57 - cmdstanpy - INFO - Chain [1] done processing
[2024-10-21T04:29:57.588+0000] {model.py:2115} INFO - Chain [1] done processing
[2024-10-21T04:30:12.319+0000] {logging_mixin.py:188} INFO - Fitting 3 folds for each of 1 candidates, totalling 3 fits
[2024-10-21T04:34:12.560+0000] {local_task_job_runner.py:302} WARNING - State of this instance has been externally set to failed. Terminating instance.
[2024-10-21T04:34:12.633+0000] {process_utils.py:131} INFO - Sending 15 to group 525. PIDs of all processes in the group: [525]
[2024-10-21T04:34:12.642+0000] {process_utils.py:86} INFO - Sending the signal 15 to group 525
[2024-10-21T04:34:13.126+0000] {taskinstance.py:2483} ERROR - Received SIGTERM. Terminating subprocesses.
[2024-10-21T04:34:13.224+0000] {logging_mixin.py:188} INFO - [CV] END learning_rate=0.001, max_depth=10, min_child_weight=1, n_estimators=500; total time= 4.0min
[2024-10-21T04:35:12.687+0000] {process_utils.py:149} WARNING - process psutil.Process(pid=525, name='airflow task ru', status='sleeping', started='04:29:17') did not respond to SIGTERM. Trying SIGKILL
[2024-10-21T04:35:12.748+0000] {process_utils.py:86} INFO - Sending the signal 9 to group 525
[2024-10-21T04:35:12.933+0000] {process_utils.py:79} INFO - Process psutil.Process(pid=525, name='airflow task ru', status='terminated', exitcode=<Negsignal.SIGKILL: -9>, started='04:29:17') (525) terminated with exit code -9
[2024-10-21T04:35:12.958+0000] {standard_task_runner.py:175} ERROR - Job 78 was killed before it finished (likely due to running out of memory)
