[2024-10-11T08:30:44.035+0000] {taskinstance.py:1979} INFO - Dependencies all met for dep_context=non-requeueable deps ti=<TaskInstance: Gold_training_Pipeline.model_training manual__2024-10-11T08:30:29.811174+00:00 [queued]>
[2024-10-11T08:30:44.058+0000] {taskinstance.py:1979} INFO - Dependencies all met for dep_context=requeueable deps ti=<TaskInstance: Gold_training_Pipeline.model_training manual__2024-10-11T08:30:29.811174+00:00 [queued]>
[2024-10-11T08:30:44.089+0000] {taskinstance.py:2193} INFO - Starting attempt 1 of 4
[2024-10-11T08:30:44.199+0000] {taskinstance.py:2217} INFO - Executing <Task(PythonOperator): model_training> on 2024-10-11 08:30:29.811174+00:00
[2024-10-11T08:30:44.207+0000] {standard_task_runner.py:60} INFO - Started process 4176 to run task
[2024-10-11T08:30:44.232+0000] {standard_task_runner.py:87} INFO - Running: ['***', 'tasks', 'run', 'Gold_training_Pipeline', 'model_training', 'manual__2024-10-11T08:30:29.811174+00:00', '--job-id', '35', '--raw', '--subdir', 'DAGS_FOLDER/gold_training_pipeline.py', '--cfg-path', '/tmp/tmps5ihq7xb']
[2024-10-11T08:30:44.234+0000] {standard_task_runner.py:88} INFO - Job 35: Subtask model_training
[2024-10-11T08:30:44.292+0000] {task_command.py:423} INFO - Running <TaskInstance: Gold_training_Pipeline.model_training manual__2024-10-11T08:30:29.811174+00:00 [running]> on host be922010cee5
[2024-10-11T08:30:44.397+0000] {taskinstance.py:2513} INFO - Exporting env vars: AIRFLOW_CTX_DAG_OWNER='sdeshan' AIRFLOW_CTX_DAG_ID='Gold_training_Pipeline' AIRFLOW_CTX_TASK_ID='model_training' AIRFLOW_CTX_EXECUTION_DATE='2024-10-11T08:30:29.811174+00:00' AIRFLOW_CTX_TRY_NUMBER='1' AIRFLOW_CTX_DAG_RUN_ID='manual__2024-10-11T08:30:29.811174+00:00'
[2024-10-11T08:30:44.486+0000] {filesystem.py:118} DEBUG - input tempfile: /tmp/tmpwt6lcsm9/dvc9udr9.json
[2024-10-11T08:30:44.745+0000] {filesystem.py:118} DEBUG - input tempfile: /tmp/tmpwt6lcsm9/vdd_swze.json
[2024-10-11T08:30:44.759+0000] {model.py:2042} DEBUG - idx 0
[2024-10-11T08:30:44.760+0000] {model.py:2043} DEBUG - running CmdStan, num_threads: None
[2024-10-11T08:30:44.760+0000] {model.py:2055} DEBUG - CmdStan args: ['/home/***/.local/lib/python3.8/site-packages/prophet/stan_model/prophet_model.bin', 'random', 'seed=74421', 'data', 'file=/tmp/tmpwt6lcsm9/dvc9udr9.json', 'init=/tmp/tmpwt6lcsm9/vdd_swze.json', 'output', 'file=/tmp/tmpwt6lcsm9/prophet_modelc1suneu4/prophet_model-20241011083044.csv', 'method=optimize', 'algorithm=lbfgs', 'iter=10000']
[2024-10-11T08:30:44.761+0000] {logging_mixin.py:188} WARNING - 08:30:44 - cmdstanpy - INFO - Chain [1] start processing
[2024-10-11T08:30:44.761+0000] {model.py:2058} INFO - Chain [1] start processing
[2024-10-11T08:30:47.419+0000] {logging_mixin.py:188} WARNING - 08:30:47 - cmdstanpy - INFO - Chain [1] done processing
[2024-10-11T08:30:47.419+0000] {model.py:2115} INFO - Chain [1] done processing
[2024-10-11T08:30:48.164+0000] {logging_mixin.py:188} INFO - Fitting 3 folds for each of 1 candidates, totalling 3 fits
[2024-10-11T08:53:11.830+0000] {logging_mixin.py:188} INFO - [CV] END learning_rate=0.001, max_depth=10, min_child_weight=1, n_estimators=500; total time=22.4min
[2024-10-11T09:15:29.056+0000] {logging_mixin.py:188} INFO - [CV] END learning_rate=0.001, max_depth=10, min_child_weight=1, n_estimators=500; total time=22.3min
[2024-10-11T09:38:00.357+0000] {logging_mixin.py:188} INFO - [CV] END learning_rate=0.001, max_depth=10, min_child_weight=1, n_estimators=500; total time=22.5min
[2024-10-11T09:41:57.598+0000] {local_task_job_runner.py:121} ERROR - Received SIGTERM. Terminating subprocesses
[2024-10-11T09:41:57.686+0000] {process_utils.py:131} INFO - Sending 15 to group 4176. PIDs of all processes in the group: [4176]
[2024-10-11T09:41:57.722+0000] {process_utils.py:86} INFO - Sending the signal 15 to group 4176
