[2024-08-22T06:44:10.013+0000] {taskinstance.py:1979} INFO - Dependencies all met for dep_context=non-requeueable deps ti=<TaskInstance: Vehicle_Data_scrape_Pipeline_3.scrape_post_links manual__2024-08-22T06:44:08.566737+00:00 [queued]>
[2024-08-22T06:44:10.022+0000] {taskinstance.py:1979} INFO - Dependencies all met for dep_context=requeueable deps ti=<TaskInstance: Vehicle_Data_scrape_Pipeline_3.scrape_post_links manual__2024-08-22T06:44:08.566737+00:00 [queued]>
[2024-08-22T06:44:10.023+0000] {taskinstance.py:2193} INFO - Starting attempt 1 of 4
[2024-08-22T06:44:10.040+0000] {taskinstance.py:2217} INFO - Executing <Task(PythonOperator): scrape_post_links> on 2024-08-22 06:44:08.566737+00:00
[2024-08-22T06:44:10.046+0000] {standard_task_runner.py:60} INFO - Started process 3381 to run task
[2024-08-22T06:44:10.048+0000] {standard_task_runner.py:87} INFO - Running: ['***', 'tasks', 'run', 'Vehicle_Data_scrape_Pipeline_3', 'scrape_post_links', 'manual__2024-08-22T06:44:08.566737+00:00', '--job-id', '122', '--raw', '--subdir', 'DAGS_FOLDER/vehicle_data_scraping_pipeline.py', '--cfg-path', '/tmp/tmpgw8l3awl']
[2024-08-22T06:44:10.051+0000] {standard_task_runner.py:88} INFO - Job 122: Subtask scrape_post_links
[2024-08-22T06:44:10.108+0000] {task_command.py:423} INFO - Running <TaskInstance: Vehicle_Data_scrape_Pipeline_3.scrape_post_links manual__2024-08-22T06:44:08.566737+00:00 [running]> on host 84a0d27b37bd
[2024-08-22T06:44:10.339+0000] {taskinstance.py:2513} INFO - Exporting env vars: AIRFLOW_CTX_DAG_OWNER='sdeshan' AIRFLOW_CTX_DAG_ID='Vehicle_Data_scrape_Pipeline_3' AIRFLOW_CTX_TASK_ID='scrape_post_links' AIRFLOW_CTX_EXECUTION_DATE='2024-08-22T06:44:08.566737+00:00' AIRFLOW_CTX_TRY_NUMBER='1' AIRFLOW_CTX_DAG_RUN_ID='manual__2024-08-22T06:44:08.566737+00:00'
[2024-08-22T06:44:11.346+0000] {logging_mixin.py:188} INFO - page is no content-----------------
[2024-08-22T06:44:12.259+0000] {logging_mixin.py:188} INFO - page is no content-----------------
[2024-08-22T06:44:13.342+0000] {logging_mixin.py:188} INFO - page is no content-----------------
[2024-08-22T06:44:13.947+0000] {logging_mixin.py:188} INFO - page is no content-----------------
[2024-08-22T06:44:14.850+0000] {logging_mixin.py:188} INFO - page is no content-----------------
[2024-08-22T06:44:18.276+0000] {logging_mixin.py:188} INFO - page is no content-----------------
[2024-08-22T06:44:19.013+0000] {logging_mixin.py:188} INFO - page is no content-----------------
[2024-08-22T06:44:19.708+0000] {logging_mixin.py:188} INFO - page is no content-----------------
[2024-08-22T06:44:20.782+0000] {logging_mixin.py:188} INFO - page is no content-----------------
[2024-08-22T06:44:23.125+0000] {logging_mixin.py:188} INFO - page is no content-----------------
[2024-08-22T06:44:24.626+0000] {logging_mixin.py:188} INFO - page is no content-----------------
[2024-08-22T06:44:25.224+0000] {logging_mixin.py:188} INFO - page is no content-----------------
[2024-08-22T06:44:25.239+0000] {python.py:202} INFO - Done. Returned value was: None
[2024-08-22T06:44:25.248+0000] {taskinstance.py:1149} INFO - Marking task as SUCCESS. dag_id=Vehicle_Data_scrape_Pipeline_3, task_id=scrape_post_links, execution_date=20240822T064408, start_date=20240822T064410, end_date=20240822T064425
[2024-08-22T06:44:25.252+0000] {logging_mixin.py:188} WARNING - /home/***/.local/lib/python3.8/site-packages/***/utils/context.py:207 AirflowContextDeprecationWarning: Accessing 'execution_date' from the template is deprecated and will be removed in a future version. Please use 'data_interval_start' or 'logical_date' instead.
[2024-08-22T06:44:25.258+0000] {logging_mixin.py:188} WARNING - /home/***/.local/lib/python3.8/site-packages/***/utils/email.py:154 RemovedInAirflow3Warning: Fetching SMTP credentials from configuration variables will be deprecated in a future release. Please set credentials using a connection instead.
[2024-08-22T06:44:25.259+0000] {email.py:270} INFO - Email alerting: attempt 1
[2024-08-22T06:44:26.996+0000] {email.py:281} INFO - Sent an alert email to ['deshanariyarathna@gmail.com']
[2024-08-22T06:44:28.886+0000] {local_task_job_runner.py:234} INFO - Task exited with return code 0
[2024-08-22T06:44:28.911+0000] {taskinstance.py:3312} INFO - 1 downstream tasks scheduled from follow-on schedule check
