[2024-09-04T09:02:14.457+0000] {taskinstance.py:1979} INFO - Dependencies all met for dep_context=non-requeueable deps ti=<TaskInstance: Vehicle_Model_Training_Pipeline.model_training_honda scheduled__2024-08-30T00:00:00+00:00 [queued]>
[2024-09-04T09:02:14.466+0000] {taskinstance.py:1979} INFO - Dependencies all met for dep_context=requeueable deps ti=<TaskInstance: Vehicle_Model_Training_Pipeline.model_training_honda scheduled__2024-08-30T00:00:00+00:00 [queued]>
[2024-09-04T09:02:14.467+0000] {taskinstance.py:2193} INFO - Starting attempt 2 of 4
[2024-09-04T09:02:14.485+0000] {taskinstance.py:2217} INFO - Executing <Task(PythonOperator): model_training_honda> on 2024-08-30 00:00:00+00:00
[2024-09-04T09:02:14.493+0000] {standard_task_runner.py:60} INFO - Started process 413 to run task
[2024-09-04T09:02:14.496+0000] {standard_task_runner.py:87} INFO - Running: ['***', 'tasks', 'run', 'Vehicle_Model_Training_Pipeline', 'model_training_honda', 'scheduled__2024-08-30T00:00:00+00:00', '--job-id', '358', '--raw', '--subdir', 'DAGS_FOLDER/vehicle_model_training_pipeline.py', '--cfg-path', '/tmp/tmpucq_9yck']
[2024-09-04T09:02:14.500+0000] {standard_task_runner.py:88} INFO - Job 358: Subtask model_training_honda
[2024-09-04T09:02:14.614+0000] {task_command.py:423} INFO - Running <TaskInstance: Vehicle_Model_Training_Pipeline.model_training_honda scheduled__2024-08-30T00:00:00+00:00 [running]> on host f9abaa14f075
[2024-09-04T09:02:14.879+0000] {taskinstance.py:2513} INFO - Exporting env vars: AIRFLOW_CTX_DAG_OWNER='sdeshan' AIRFLOW_CTX_DAG_ID='Vehicle_Model_Training_Pipeline' AIRFLOW_CTX_TASK_ID='model_training_honda' AIRFLOW_CTX_EXECUTION_DATE='2024-08-30T00:00:00+00:00' AIRFLOW_CTX_TRY_NUMBER='2' AIRFLOW_CTX_DAG_RUN_ID='scheduled__2024-08-30T00:00:00+00:00'
[2024-09-04T09:02:16.775+0000] {logging_mixin.py:188} INFO - RandomForestRegressor()
[2024-09-04T09:02:26.218+0000] {logging_mixin.py:188} INFO - DecisionTreeRegressor()
[2024-09-04T09:02:33.830+0000] {logging_mixin.py:188} INFO - GradientBoostingRegressor()
[2024-09-04T09:04:53.273+0000] {logging_mixin.py:188} INFO - LinearRegression()
[2024-09-04T09:04:53.754+0000] {logging_mixin.py:188} INFO - XGBRegressor(base_score=None, booster=None, callbacks=None,
             colsample_bylevel=None, colsample_bynode=None,
             colsample_bytree=None, device=None, early_stopping_rounds=None,
             enable_categorical=False, eval_metric=None, feature_types=None,
             gamma=None, grow_policy=None, importance_type=None,
             interaction_constraints=None, learning_rate=None, max_bin=None,
             max_cat_threshold=None, max_cat_to_onehot=None,
             max_delta_step=None, max_depth=None, max_leaves=None,
             min_child_weight=None, missing=nan, monotone_constraints=None,
             multi_strategy=None, n_estimators=None, n_jobs=None,
             num_parallel_tree=None, random_state=None, ...)
[2024-09-04T09:49:13.288+0000] {local_task_job_runner.py:121} ERROR - Received SIGTERM. Terminating subprocesses
[2024-09-04T09:49:13.326+0000] {process_utils.py:131} INFO - Sending 15 to group 413. PIDs of all processes in the group: [413]
[2024-09-04T09:49:13.344+0000] {process_utils.py:86} INFO - Sending the signal 15 to group 413
[2024-09-04T09:49:14.010+0000] {taskinstance.py:2483} ERROR - Received SIGTERM. Terminating subprocesses.
