[2024-10-10T10:12:56.607+0000] {taskinstance.py:1979} INFO - Dependencies all met for dep_context=non-requeueable deps ti=<TaskInstance: Gold_training_Pipeline1.send_mails scheduled__2024-10-09T00:00:00+00:00 [queued]>
[2024-10-10T10:12:56.613+0000] {taskinstance.py:1979} INFO - Dependencies all met for dep_context=requeueable deps ti=<TaskInstance: Gold_training_Pipeline1.send_mails scheduled__2024-10-09T00:00:00+00:00 [queued]>
[2024-10-10T10:12:56.614+0000] {taskinstance.py:2193} INFO - Starting attempt 1 of 4
[2024-10-10T10:12:56.627+0000] {taskinstance.py:2217} INFO - Executing <Task(PythonOperator): send_mails> on 2024-10-09 00:00:00+00:00
[2024-10-10T10:12:56.634+0000] {standard_task_runner.py:60} INFO - Started process 15482 to run task
[2024-10-10T10:12:56.636+0000] {standard_task_runner.py:87} INFO - Running: ['***', 'tasks', 'run', 'Gold_training_Pipeline1', 'send_mails', 'scheduled__2024-10-09T00:00:00+00:00', '--job-id', '440', '--raw', '--subdir', 'DAGS_FOLDER/gold_training_pipeline.py', '--cfg-path', '/tmp/tmpqd_ia20y']
[2024-10-10T10:12:56.637+0000] {standard_task_runner.py:88} INFO - Job 440: Subtask send_mails
[2024-10-10T10:12:56.673+0000] {task_command.py:423} INFO - Running <TaskInstance: Gold_training_Pipeline1.send_mails scheduled__2024-10-09T00:00:00+00:00 [running]> on host 3c39c54b31c0
[2024-10-10T10:12:56.731+0000] {taskinstance.py:2513} INFO - Exporting env vars: AIRFLOW_CTX_DAG_OWNER='sdeshan' AIRFLOW_CTX_DAG_ID='Gold_training_Pipeline1' AIRFLOW_CTX_TASK_ID='send_mails' AIRFLOW_CTX_EXECUTION_DATE='2024-10-09T00:00:00+00:00' AIRFLOW_CTX_TRY_NUMBER='1' AIRFLOW_CTX_DAG_RUN_ID='scheduled__2024-10-09T00:00:00+00:00'
[2024-10-10T10:12:56.734+0000] {taskinstance.py:2731} ERROR - Task failed with exception
Traceback (most recent call last):
  File "/home/airflow/.local/lib/python3.8/site-packages/airflow/models/taskinstance.py", line 444, in _execute_task
    result = _execute_callable(context=context, **execute_callable_kwargs)
  File "/home/airflow/.local/lib/python3.8/site-packages/airflow/models/taskinstance.py", line 414, in _execute_callable
    return execute_callable(context=context, **execute_callable_kwargs)
  File "/home/airflow/.local/lib/python3.8/site-packages/airflow/operators/python.py", line 200, in execute
    return_value = self.execute_callable()
  File "/home/airflow/.local/lib/python3.8/site-packages/airflow/operators/python.py", line 217, in execute_callable
    return self.python_callable(*self.op_args, **self.op_kwargs)
  File "/opt/airflow/dags/components/gold/post_training/sending_mails.py", line 46, in mail_sending
    with open(attachment_path, "rb") as attachment:
FileNotFoundError: [Errno 2] No such file or directory: 'df_interpolated.csv'
[2024-10-10T10:12:56.746+0000] {taskinstance.py:1149} INFO - Marking task as UP_FOR_RETRY. dag_id=Gold_training_Pipeline1, task_id=send_mails, execution_date=20241009T000000, start_date=20241010T101256, end_date=20241010T101256
[2024-10-10T10:12:56.755+0000] {standard_task_runner.py:107} ERROR - Failed to execute job 440 for task send_mails ([Errno 2] No such file or directory: 'df_interpolated.csv'; 15482)
[2024-10-10T10:12:56.769+0000] {local_task_job_runner.py:234} INFO - Task exited with return code 1
[2024-10-10T10:12:56.780+0000] {taskinstance.py:3312} INFO - 0 downstream tasks scheduled from follow-on schedule check
