[2024-08-22T06:42:02.395+0000] {taskinstance.py:1979} INFO - Dependencies all met for dep_context=non-requeueable deps ti=<TaskInstance: Vehicle_Data_scrape_Pipeline_2.scrape_vehicle_info_from_link manual__2024-08-22T06:41:15.580113+00:00 [queued]>
[2024-08-22T06:42:02.402+0000] {taskinstance.py:1979} INFO - Dependencies all met for dep_context=requeueable deps ti=<TaskInstance: Vehicle_Data_scrape_Pipeline_2.scrape_vehicle_info_from_link manual__2024-08-22T06:41:15.580113+00:00 [queued]>
[2024-08-22T06:42:02.403+0000] {taskinstance.py:2193} INFO - Starting attempt 4 of 4
[2024-08-22T06:42:02.413+0000] {taskinstance.py:2217} INFO - Executing <Task(PythonOperator): scrape_vehicle_info_from_link> on 2024-08-22 06:41:15.580113+00:00
[2024-08-22T06:42:02.417+0000] {standard_task_runner.py:60} INFO - Started process 3163 to run task
[2024-08-22T06:42:02.419+0000] {standard_task_runner.py:87} INFO - Running: ['***', 'tasks', 'run', 'Vehicle_Data_scrape_Pipeline_2', 'scrape_vehicle_info_from_link', 'manual__2024-08-22T06:41:15.580113+00:00', '--job-id', '121', '--raw', '--subdir', 'DAGS_FOLDER/vehicle_data_scraping_pipeline.py', '--cfg-path', '/tmp/tmpooxf7309']
[2024-08-22T06:42:02.421+0000] {standard_task_runner.py:88} INFO - Job 121: Subtask scrape_vehicle_info_from_link
[2024-08-22T06:42:02.460+0000] {task_command.py:423} INFO - Running <TaskInstance: Vehicle_Data_scrape_Pipeline_2.scrape_vehicle_info_from_link manual__2024-08-22T06:41:15.580113+00:00 [running]> on host 84a0d27b37bd
[2024-08-22T06:42:02.640+0000] {taskinstance.py:2513} INFO - Exporting env vars: AIRFLOW_CTX_DAG_OWNER='sdeshan' AIRFLOW_CTX_DAG_ID='Vehicle_Data_scrape_Pipeline_2' AIRFLOW_CTX_TASK_ID='scrape_vehicle_info_from_link' AIRFLOW_CTX_EXECUTION_DATE='2024-08-22T06:41:15.580113+00:00' AIRFLOW_CTX_TRY_NUMBER='4' AIRFLOW_CTX_DAG_RUN_ID='manual__2024-08-22T06:41:15.580113+00:00'
[2024-08-22T06:42:02.652+0000] {logging_mixin.py:188} WARNING - 0it [00:00, ?it/s]
[2024-08-22T06:42:02.654+0000] {logging_mixin.py:188} WARNING - 0it [00:00, ?it/s]
[2024-08-22T06:42:02.716+0000] {taskinstance.py:2731} ERROR - Task failed with exception
Traceback (most recent call last):
  File "/home/airflow/.local/lib/python3.8/site-packages/airflow/models/taskinstance.py", line 444, in _execute_task
    result = _execute_callable(context=context, **execute_callable_kwargs)
  File "/home/airflow/.local/lib/python3.8/site-packages/airflow/models/taskinstance.py", line 414, in _execute_callable
    return execute_callable(context=context, **execute_callable_kwargs)
  File "/home/airflow/.local/lib/python3.8/site-packages/airflow/operators/python.py", line 200, in execute
    return_value = self.execute_callable()
  File "/home/airflow/.local/lib/python3.8/site-packages/airflow/operators/python.py", line 217, in execute_callable
    return self.python_callable(*self.op_args, **self.op_kwargs)
  File "/opt/airflow/dags/components/vehicle/data_scraping_components/post_data_extraction.py", line 154, in scarpe_and_save
    populate_table(data_table, car_df)
  File "/opt/airflow/dags/components/utils/database_table_creation.py", line 43, in populate_table
    data_tuples = [tuple(x) for x in data.to_records(index=False)]
  File "/home/airflow/.local/lib/python3.8/site-packages/pandas/core/frame.py", line 2479, in to_records
    return np.rec.fromarrays(arrays, dtype={"names": names, "formats": formats})
  File "/home/airflow/.local/lib/python3.8/site-packages/numpy/core/records.py", line 643, in fromarrays
    shape = arrayList[0].shape
IndexError: list index out of range
[2024-08-22T06:42:02.753+0000] {taskinstance.py:1149} INFO - Marking task as FAILED. dag_id=Vehicle_Data_scrape_Pipeline_2, task_id=scrape_vehicle_info_from_link, execution_date=20240822T064115, start_date=20240822T064202, end_date=20240822T064202
[2024-08-22T06:42:02.758+0000] {logging_mixin.py:188} WARNING - /home/***/.local/lib/python3.8/site-packages/***/utils/context.py:207 AirflowContextDeprecationWarning: Accessing 'execution_date' from the template is deprecated and will be removed in a future version. Please use 'data_interval_start' or 'logical_date' instead.
[2024-08-22T06:42:02.765+0000] {logging_mixin.py:188} WARNING - /home/***/.local/lib/python3.8/site-packages/***/utils/email.py:154 RemovedInAirflow3Warning: Fetching SMTP credentials from configuration variables will be deprecated in a future release. Please set credentials using a connection instead.
[2024-08-22T06:42:02.766+0000] {email.py:270} INFO - Email alerting: attempt 1
[2024-08-22T06:42:04.406+0000] {email.py:281} INFO - Sent an alert email to ['deshanariyarathna@gmail.com']
[2024-08-22T06:42:06.296+0000] {standard_task_runner.py:107} ERROR - Failed to execute job 121 for task scrape_vehicle_info_from_link (list index out of range; 3163)
[2024-08-22T06:42:06.334+0000] {local_task_job_runner.py:234} INFO - Task exited with return code 1
[2024-08-22T06:42:06.353+0000] {taskinstance.py:3312} INFO - 0 downstream tasks scheduled from follow-on schedule check
