[2024-10-23T07:21:42.026+0000] {taskinstance.py:1979} INFO - Dependencies all met for dep_context=non-requeueable deps ti=<TaskInstance: Vehicle_Model_Training_Pipeline.model_training_toyota manual__2024-10-23T07:20:40.610842+00:00 [queued]>
[2024-10-23T07:21:42.032+0000] {taskinstance.py:1979} INFO - Dependencies all met for dep_context=requeueable deps ti=<TaskInstance: Vehicle_Model_Training_Pipeline.model_training_toyota manual__2024-10-23T07:20:40.610842+00:00 [queued]>
[2024-10-23T07:21:42.033+0000] {taskinstance.py:2193} INFO - Starting attempt 1 of 4
[2024-10-23T07:21:42.044+0000] {taskinstance.py:2217} INFO - Executing <Task(PythonOperator): model_training_toyota> on 2024-10-23 07:20:40.610842+00:00
[2024-10-23T07:21:42.049+0000] {standard_task_runner.py:60} INFO - Started process 4498 to run task
[2024-10-23T07:21:42.051+0000] {standard_task_runner.py:87} INFO - Running: ['***', 'tasks', 'run', 'Vehicle_Model_Training_Pipeline', 'model_training_toyota', 'manual__2024-10-23T07:20:40.610842+00:00', '--job-id', '174', '--raw', '--subdir', 'DAGS_FOLDER/vehicle_model_training_pipeline.py', '--cfg-path', '/tmp/tmp22fyvqjc']
[2024-10-23T07:21:42.053+0000] {standard_task_runner.py:88} INFO - Job 174: Subtask model_training_toyota
[2024-10-23T07:21:42.087+0000] {task_command.py:423} INFO - Running <TaskInstance: Vehicle_Model_Training_Pipeline.model_training_toyota manual__2024-10-23T07:20:40.610842+00:00 [running]> on host e8094f9ab2d0
[2024-10-23T07:21:42.146+0000] {taskinstance.py:2513} INFO - Exporting env vars: AIRFLOW_CTX_DAG_OWNER='sdeshan' AIRFLOW_CTX_DAG_ID='Vehicle_Model_Training_Pipeline' AIRFLOW_CTX_TASK_ID='model_training_toyota' AIRFLOW_CTX_EXECUTION_DATE='2024-10-23T07:20:40.610842+00:00' AIRFLOW_CTX_TRY_NUMBER='1' AIRFLOW_CTX_DAG_RUN_ID='manual__2024-10-23T07:20:40.610842+00:00'
[2024-10-23T07:21:42.177+0000] {logging_mixin.py:188} INFO - RandomForestRegressor()
[2024-10-23T07:21:45.589+0000] {logging_mixin.py:188} INFO - DecisionTreeRegressor()
[2024-10-23T07:21:45.820+0000] {logging_mixin.py:188} INFO - GradientBoostingRegressor()
[2024-10-23T07:22:14.452+0000] {logging_mixin.py:188} INFO - LinearRegression()
[2024-10-23T07:22:14.573+0000] {logging_mixin.py:188} INFO - XGBRegressor(base_score=None, booster=None, callbacks=None,
             colsample_bylevel=None, colsample_bynode=None,
             colsample_bytree=None, device=None, early_stopping_rounds=None,
             enable_categorical=False, eval_metric=None, feature_types=None,
             gamma=None, grow_policy=None, importance_type=None,
             interaction_constraints=None, learning_rate=None, max_bin=None,
             max_cat_threshold=None, max_cat_to_onehot=None,
             max_delta_step=None, max_depth=None, max_leaves=None,
             min_child_weight=None, missing=nan, monotone_constraints=None,
             multi_strategy=None, n_estimators=None, n_jobs=None,
             num_parallel_tree=None, random_state=None, ...)
[2024-10-23T07:22:35.235+0000] {logging_mixin.py:188} INFO - <catboost.core.CatBoostRegressor object at 0x7f91063613d0>
[2024-10-23T07:22:46.038+0000] {logging_mixin.py:188} INFO - AdaBoostRegressor()
[2024-10-23T07:22:53.557+0000] {logging_mixin.py:188} INFO - model report is {'Random Forest': 0.9823616042864418, 'Decision Tree': 0.9850581984787696, 'Gradient Boosting': 0.9803063586256304, 'Linear Regression': 0.7976339057011972, 'XGBRegressor': 0.9841672290267137, 'CatBoosting Regressor': 0.9780527951507505, 'AdaBoost Regressor': 0.8565347135656571}
[2024-10-23T07:22:53.558+0000] {logging_mixin.py:188} INFO - best model is :DecisionTreeRegressor()
[2024-10-23T07:22:53.559+0000] {logging_mixin.py:188} INFO - criterion ['squared_error', 'friedman_mse', 'absolute_error', 'poisson']
[2024-10-23T07:22:53.560+0000] {logging_mixin.py:188} INFO - Best found model on both training and testing dataset
[2024-10-23T07:22:53.562+0000] {logging_mixin.py:188} INFO - r2_square is 0.9850581984787696
[2024-10-23T07:22:53.564+0000] {python.py:202} INFO - Done. Returned value was: None
[2024-10-23T07:22:53.571+0000] {taskinstance.py:1149} INFO - Marking task as SUCCESS. dag_id=Vehicle_Model_Training_Pipeline, task_id=model_training_toyota, execution_date=20241023T072040, start_date=20241023T072142, end_date=20241023T072253
[2024-10-23T07:22:53.576+0000] {logging_mixin.py:188} WARNING - /home/***/.local/lib/python3.8/site-packages/***/utils/context.py:207 AirflowContextDeprecationWarning: Accessing 'execution_date' from the template is deprecated and will be removed in a future version. Please use 'data_interval_start' or 'logical_date' instead.
[2024-10-23T07:22:53.583+0000] {logging_mixin.py:188} WARNING - /home/***/.local/lib/python3.8/site-packages/***/utils/email.py:154 RemovedInAirflow3Warning: Fetching SMTP credentials from configuration variables will be deprecated in a future release. Please set credentials using a connection instead.
[2024-10-23T07:22:53.584+0000] {email.py:270} INFO - Email alerting: attempt 1
[2024-10-23T07:22:55.421+0000] {email.py:281} INFO - Sent an alert email to ['deshanariyarathna@gmail.com']
[2024-10-23T07:22:57.268+0000] {local_task_job_runner.py:234} INFO - Task exited with return code 0
[2024-10-23T07:22:57.283+0000] {taskinstance.py:3312} INFO - 1 downstream tasks scheduled from follow-on schedule check
