[2024-10-21T11:51:15.955+0000] {taskinstance.py:1979} INFO - Dependencies all met for dep_context=non-requeueable deps ti=<TaskInstance: Vehicle_Data_scrape_Pipeline.scrape_post_links manual__2024-10-21T11:51:14.479433+00:00 [queued]>
[2024-10-21T11:51:15.960+0000] {taskinstance.py:1979} INFO - Dependencies all met for dep_context=requeueable deps ti=<TaskInstance: Vehicle_Data_scrape_Pipeline.scrape_post_links manual__2024-10-21T11:51:14.479433+00:00 [queued]>
[2024-10-21T11:51:15.961+0000] {taskinstance.py:2193} INFO - Starting attempt 1 of 4
[2024-10-21T11:51:15.971+0000] {taskinstance.py:2217} INFO - Executing <Task(PythonOperator): scrape_post_links> on 2024-10-21 11:51:14.479433+00:00
[2024-10-21T11:51:15.975+0000] {standard_task_runner.py:60} INFO - Started process 45088 to run task
[2024-10-21T11:51:15.976+0000] {standard_task_runner.py:87} INFO - Running: ['***', 'tasks', 'run', 'Vehicle_Data_scrape_Pipeline', 'scrape_post_links', 'manual__2024-10-21T11:51:14.479433+00:00', '--job-id', '151', '--raw', '--subdir', 'DAGS_FOLDER/vehicle_data_scraping_pipeline.py', '--cfg-path', '/tmp/tmpz0j7rc51']
[2024-10-21T11:51:15.978+0000] {standard_task_runner.py:88} INFO - Job 151: Subtask scrape_post_links
[2024-10-21T11:51:16.099+0000] {task_command.py:423} INFO - Running <TaskInstance: Vehicle_Data_scrape_Pipeline.scrape_post_links manual__2024-10-21T11:51:14.479433+00:00 [running]> on host 988c1a0779ad
[2024-10-21T11:51:16.143+0000] {taskinstance.py:2513} INFO - Exporting env vars: AIRFLOW_CTX_DAG_OWNER='sdeshan' AIRFLOW_CTX_DAG_ID='Vehicle_Data_scrape_Pipeline' AIRFLOW_CTX_TASK_ID='scrape_post_links' AIRFLOW_CTX_EXECUTION_DATE='2024-10-21T11:51:14.479433+00:00' AIRFLOW_CTX_TRY_NUMBER='1' AIRFLOW_CTX_DAG_RUN_ID='manual__2024-10-21T11:51:14.479433+00:00'
[2024-10-21T11:51:21.990+0000] {logging_mixin.py:188} WARNING -   0%|          | 0/6 [00:00<?, ?it/s]
[2024-10-21T11:51:21.991+0000] {logging_mixin.py:188} INFO - -------------------------------------------
[2024-10-21T11:51:21.993+0000] {logging_mixin.py:188} INFO - https://ikman.lk/en/ad/micro-voleex-2013-for-sale-colombo-15
[2024-10-21T11:51:21.996+0000] {logging_mixin.py:188} INFO - -------------------------------------------
[2024-10-21T11:51:21.997+0000] {logging_mixin.py:188} INFO - -------------------------------------------
[2024-10-21T11:51:21.999+0000] {logging_mixin.py:188} INFO - https://ikman.lk/en/ad/micro-panda-lc10-l-2018-for-sale-ampara-1
[2024-10-21T11:51:22.000+0000] {logging_mixin.py:188} INFO - -------------------------------------------
[2024-10-21T11:51:22.001+0000] {logging_mixin.py:188} INFO - -------------------------------------------
[2024-10-21T11:51:22.002+0000] {logging_mixin.py:188} INFO - https://ikman.lk/en/ad/micro-emgrand-2016-b-new-for-sale-colombo
[2024-10-21T11:51:22.002+0000] {logging_mixin.py:188} INFO - -------------------------------------------
[2024-10-21T11:51:22.003+0000] {logging_mixin.py:188} INFO - -------------------------------------------
[2024-10-21T11:51:22.006+0000] {logging_mixin.py:188} INFO - https://ikman.lk/en/ad/micro-baic-x-25-2018-for-sale-colombo-1
[2024-10-21T11:51:22.011+0000] {logging_mixin.py:188} INFO - -------------------------------------------
[2024-10-21T11:51:22.011+0000] {logging_mixin.py:188} INFO - -------------------------------------------
[2024-10-21T11:51:22.012+0000] {logging_mixin.py:188} INFO - https://ikman.lk/en/ad/micro-panda-cross-2017-for-sale-gampaha-59
[2024-10-21T11:51:22.015+0000] {logging_mixin.py:188} INFO - -------------------------------------------
[2024-10-21T11:51:22.018+0000] {logging_mixin.py:188} INFO - -------------------------------------------
[2024-10-21T11:51:22.019+0000] {logging_mixin.py:188} INFO - https://ikman.lk/en/ad/micro-tivoli-2017-for-sale-gampaha
[2024-10-21T11:51:22.021+0000] {logging_mixin.py:188} INFO - -------------------------------------------
[2024-10-21T11:51:22.024+0000] {logging_mixin.py:188} WARNING - 100%|##########| 6/6 [00:00<00:00, 183.99it/s]
[2024-10-21T11:51:26.313+0000] {logging_mixin.py:188} INFO - page is no content-----------------
[2024-10-21T11:51:30.607+0000] {logging_mixin.py:188} WARNING -   0%|          | 0/13 [00:00<?, ?it/s]
[2024-10-21T11:51:30.608+0000] {logging_mixin.py:188} INFO - -------------------------------------------
[2024-10-21T11:51:30.609+0000] {logging_mixin.py:188} INFO - https://ikman.lk/en/ad/micro-rexton-2017-for-sale-puttalam-4
[2024-10-21T11:51:30.609+0000] {logging_mixin.py:188} INFO - -------------------------------------------
[2024-10-21T11:51:30.610+0000] {logging_mixin.py:188} INFO - -------------------------------------------
[2024-10-21T11:51:30.611+0000] {logging_mixin.py:188} INFO - https://ikman.lk/en/ad/micro-stavic-270-xdi-2011-for-sale-colombo-1
[2024-10-21T11:51:30.611+0000] {logging_mixin.py:188} INFO - -------------------------------------------
[2024-10-21T11:51:30.612+0000] {logging_mixin.py:188} INFO - -------------------------------------------
[2024-10-21T11:51:30.613+0000] {logging_mixin.py:188} INFO - https://ikman.lk/en/ad/micro-korondo-2012-for-sale-colombo-1
[2024-10-21T11:51:30.613+0000] {logging_mixin.py:188} INFO - -------------------------------------------
[2024-10-21T11:51:30.614+0000] {logging_mixin.py:188} INFO - -------------------------------------------
[2024-10-21T11:51:30.615+0000] {logging_mixin.py:188} INFO - https://ikman.lk/en/ad/micro-tivoli-xlv-2017-for-sale-colombo
[2024-10-21T11:51:30.615+0000] {logging_mixin.py:188} INFO - -------------------------------------------
[2024-10-21T11:51:30.616+0000] {logging_mixin.py:188} INFO - -------------------------------------------
[2024-10-21T11:51:30.616+0000] {logging_mixin.py:188} INFO - https://ikman.lk/en/ad/micro-rexton-diesel-2008-for-sale-colombo-1
[2024-10-21T11:51:30.617+0000] {logging_mixin.py:188} INFO - -------------------------------------------
[2024-10-21T11:51:30.618+0000] {logging_mixin.py:188} INFO - -------------------------------------------
[2024-10-21T11:51:30.619+0000] {logging_mixin.py:188} INFO - https://ikman.lk/en/ad/micro-kyron-2008-for-sale-puttalam-15
[2024-10-21T11:51:30.619+0000] {logging_mixin.py:188} INFO - -------------------------------------------
[2024-10-21T11:51:30.620+0000] {logging_mixin.py:188} INFO - -------------------------------------------
[2024-10-21T11:51:30.621+0000] {logging_mixin.py:188} INFO - https://ikman.lk/en/ad/micro-rexton-2008-for-sale-galle
[2024-10-21T11:51:30.621+0000] {logging_mixin.py:188} INFO - -------------------------------------------
[2024-10-21T11:51:30.622+0000] {logging_mixin.py:188} INFO - -------------------------------------------
[2024-10-21T11:51:30.622+0000] {logging_mixin.py:188} INFO - https://ikman.lk/en/ad/micro-rexton-w-2015-7seats-2015-for-sale-gampaha
[2024-10-21T11:51:30.623+0000] {logging_mixin.py:188} INFO - -------------------------------------------
[2024-10-21T11:51:30.623+0000] {logging_mixin.py:188} INFO - -------------------------------------------
[2024-10-21T11:51:30.624+0000] {logging_mixin.py:188} INFO - https://ikman.lk/en/ad/micro-korondo-2014-for-sale-colombo-5
[2024-10-21T11:51:30.624+0000] {logging_mixin.py:188} INFO - -------------------------------------------
[2024-10-21T11:51:30.625+0000] {logging_mixin.py:188} INFO - -------------------------------------------
[2024-10-21T11:51:30.625+0000] {logging_mixin.py:188} INFO - https://ikman.lk/en/ad/micro-havel-h5-2012-for-sale-gampaha
[2024-10-21T11:51:30.626+0000] {logging_mixin.py:188} INFO - -------------------------------------------
[2024-10-21T11:51:30.626+0000] {logging_mixin.py:188} INFO - -------------------------------------------
[2024-10-21T11:51:30.626+0000] {logging_mixin.py:188} INFO - https://ikman.lk/en/ad/micro-kyron-2009-for-sale-kalutara-12
[2024-10-21T11:51:30.627+0000] {logging_mixin.py:188} INFO - -------------------------------------------
[2024-10-21T11:51:30.627+0000] {logging_mixin.py:188} INFO - -------------------------------------------
[2024-10-21T11:51:30.628+0000] {logging_mixin.py:188} INFO - https://ikman.lk/en/ad/micro-kyron-2008-for-sale-colombo-1109
[2024-10-21T11:51:30.628+0000] {logging_mixin.py:188} INFO - -------------------------------------------
[2024-10-21T11:51:30.629+0000] {logging_mixin.py:188} INFO - -------------------------------------------
[2024-10-21T11:51:30.629+0000] {logging_mixin.py:188} INFO - https://ikman.lk/en/ad/micro-stavic-suv-2010-for-sale-gampaha-1
[2024-10-21T11:51:30.630+0000] {logging_mixin.py:188} INFO - -------------------------------------------
[2024-10-21T11:51:30.630+0000] {logging_mixin.py:188} WARNING - 100%|##########| 13/13 [00:00<00:00, 570.06it/s]
[2024-10-21T11:51:34.313+0000] {logging_mixin.py:188} INFO - page is no content-----------------
[2024-10-21T11:51:37.495+0000] {logging_mixin.py:188} INFO - page is no content-----------------
[2024-10-21T11:51:40.960+0000] {logging_mixin.py:188} INFO - page is no content-----------------
[2024-10-21T11:51:45.446+0000] {logging_mixin.py:188} WARNING -   0%|          | 0/24 [00:00<?, ?it/s]
[2024-10-21T11:51:45.447+0000] {logging_mixin.py:188} INFO - -------------------------------------------
[2024-10-21T11:51:45.448+0000] {logging_mixin.py:188} INFO - https://ikman.lk/en/ad/micro-mx-7-manual-2013-for-sale-gampaha-1
[2024-10-21T11:51:45.448+0000] {logging_mixin.py:188} INFO - -------------------------------------------
[2024-10-21T11:51:45.449+0000] {logging_mixin.py:188} INFO - -------------------------------------------
[2024-10-21T11:51:45.449+0000] {logging_mixin.py:188} INFO - https://ikman.lk/en/ad/micro-panda-997-2015-for-sale-gampaha-4
[2024-10-21T11:51:45.450+0000] {logging_mixin.py:188} INFO - -------------------------------------------
[2024-10-21T11:51:45.450+0000] {logging_mixin.py:188} INFO - -------------------------------------------
[2024-10-21T11:51:45.451+0000] {logging_mixin.py:188} INFO - https://ikman.lk/en/ad/micro-trend-2011-for-sale-gampaha
[2024-10-21T11:51:45.451+0000] {logging_mixin.py:188} INFO - -------------------------------------------
[2024-10-21T11:51:45.452+0000] {logging_mixin.py:188} INFO - -------------------------------------------
[2024-10-21T11:51:45.452+0000] {logging_mixin.py:188} INFO - https://ikman.lk/en/ad/micro-panda-q-13-2011-for-sale-nuwara-eliya
[2024-10-21T11:51:45.452+0000] {logging_mixin.py:188} INFO - -------------------------------------------
[2024-10-21T11:51:45.453+0000] {logging_mixin.py:188} INFO - -------------------------------------------
[2024-10-21T11:51:45.453+0000] {logging_mixin.py:188} INFO - https://ikman.lk/en/ad/micro-panda-cross-13-cc-2013-for-sale-kalutara
[2024-10-21T11:51:45.454+0000] {logging_mixin.py:188} INFO - -------------------------------------------
[2024-10-21T11:51:45.455+0000] {logging_mixin.py:188} INFO - -------------------------------------------
[2024-10-21T11:51:45.455+0000] {logging_mixin.py:188} INFO - https://ikman.lk/en/ad/micro-panda-lc-10-2015-for-sale-gampaha-43
[2024-10-21T11:51:45.456+0000] {logging_mixin.py:188} INFO - -------------------------------------------
[2024-10-21T11:51:45.457+0000] {logging_mixin.py:188} INFO - -------------------------------------------
[2024-10-21T11:51:45.457+0000] {logging_mixin.py:188} INFO - https://ikman.lk/en/ad/micro-panda-lc-10-2015-for-sale-gampaha-42
[2024-10-21T11:51:45.459+0000] {logging_mixin.py:188} INFO - -------------------------------------------
[2024-10-21T11:51:45.460+0000] {logging_mixin.py:188} INFO - -------------------------------------------
[2024-10-21T11:51:45.461+0000] {logging_mixin.py:188} INFO - https://ikman.lk/en/ad/micro-trend-2009-for-sale-ampara
[2024-10-21T11:51:45.461+0000] {logging_mixin.py:188} INFO - -------------------------------------------
[2024-10-21T11:51:45.464+0000] {logging_mixin.py:188} INFO - -------------------------------------------
[2024-10-21T11:51:45.465+0000] {logging_mixin.py:188} INFO - https://ikman.lk/en/ad/micro-panda-lc-10-2014-for-sale-gampaha
[2024-10-21T11:51:45.465+0000] {logging_mixin.py:188} INFO - -------------------------------------------
[2024-10-21T11:51:45.466+0000] {logging_mixin.py:188} INFO - -------------------------------------------
[2024-10-21T11:51:45.468+0000] {logging_mixin.py:188} INFO - https://ikman.lk/en/ad/micro-geely-panda-2015-for-sale-galle
[2024-10-21T11:51:45.468+0000] {logging_mixin.py:188} INFO - -------------------------------------------
[2024-10-21T11:51:45.469+0000] {logging_mixin.py:188} INFO - -------------------------------------------
[2024-10-21T11:51:45.469+0000] {logging_mixin.py:188} INFO - https://ikman.lk/en/ad/micro-panda-gelly-2015-for-sale-colombo
[2024-10-21T11:51:45.470+0000] {logging_mixin.py:188} INFO - -------------------------------------------
[2024-10-21T11:51:45.471+0000] {logging_mixin.py:188} INFO - -------------------------------------------
[2024-10-21T11:51:45.475+0000] {logging_mixin.py:188} INFO - https://ikman.lk/en/ad/micro-panda-2013-for-sale-colombo-653
[2024-10-21T11:51:45.475+0000] {logging_mixin.py:188} INFO - -------------------------------------------
[2024-10-21T11:51:45.476+0000] {logging_mixin.py:188} INFO - -------------------------------------------
[2024-10-21T11:51:45.476+0000] {logging_mixin.py:188} INFO - https://ikman.lk/en/ad/micro-panda-cross-used-2016-for-sale-ratnapura
[2024-10-21T11:51:45.477+0000] {logging_mixin.py:188} INFO - -------------------------------------------
[2024-10-21T11:51:45.477+0000] {logging_mixin.py:188} INFO - -------------------------------------------
[2024-10-21T11:51:45.478+0000] {logging_mixin.py:188} INFO - https://ikman.lk/en/ad/micro-panda-cross-full-option-kt-2012-for-sale-colombo
[2024-10-21T11:51:45.479+0000] {logging_mixin.py:188} INFO - -------------------------------------------
[2024-10-21T11:51:45.480+0000] {logging_mixin.py:188} INFO - -------------------------------------------
[2024-10-21T11:51:45.480+0000] {logging_mixin.py:188} INFO - https://ikman.lk/en/ad/micro-panda-cross-2014-for-sale-galle
[2024-10-21T11:51:45.488+0000] {logging_mixin.py:188} INFO - -------------------------------------------
[2024-10-21T11:51:45.491+0000] {logging_mixin.py:188} INFO - -------------------------------------------
[2024-10-21T11:51:45.492+0000] {logging_mixin.py:188} INFO - https://ikman.lk/en/ad/micro-panda-cross-2018-for-sale-colombo-25
[2024-10-21T11:51:45.492+0000] {logging_mixin.py:188} INFO - -------------------------------------------
[2024-10-21T11:51:45.497+0000] {logging_mixin.py:188} INFO - -------------------------------------------
[2024-10-21T11:51:45.498+0000] {logging_mixin.py:188} INFO - https://ikman.lk/en/ad/micro-mx-7-graley-2012-for-sale-galle
[2024-10-21T11:51:45.499+0000] {logging_mixin.py:188} INFO - -------------------------------------------
[2024-10-21T11:51:45.499+0000] {logging_mixin.py:188} INFO - -------------------------------------------
[2024-10-21T11:51:45.500+0000] {logging_mixin.py:188} INFO - https://ikman.lk/en/ad/micro-panda-lc10-f-option-cae-2015-for-sale-colombo
[2024-10-21T11:51:45.500+0000] {logging_mixin.py:188} INFO - -------------------------------------------
[2024-10-21T11:51:45.501+0000] {logging_mixin.py:188} INFO - -------------------------------------------
[2024-10-21T11:51:45.502+0000] {logging_mixin.py:188} INFO - https://ikman.lk/en/ad/micro-panda-2015-for-sale-colombo-1290
[2024-10-21T11:51:45.502+0000] {logging_mixin.py:188} INFO - -------------------------------------------
[2024-10-21T11:51:45.503+0000] {logging_mixin.py:188} INFO - -------------------------------------------
[2024-10-21T11:51:45.503+0000] {logging_mixin.py:188} INFO - https://ikman.lk/en/ad/micro-mx-7-2014-for-sale-gampaha-12
[2024-10-21T11:51:45.505+0000] {logging_mixin.py:188} INFO - -------------------------------------------
[2024-10-21T11:51:45.505+0000] {logging_mixin.py:188} INFO - -------------------------------------------
[2024-10-21T11:51:45.506+0000] {logging_mixin.py:188} INFO - https://ikman.lk/en/ad/micro-panda-2015-for-sale-ampara-3
[2024-10-21T11:51:45.506+0000] {logging_mixin.py:188} INFO - -------------------------------------------
[2024-10-21T11:51:45.507+0000] {logging_mixin.py:188} INFO - -------------------------------------------
[2024-10-21T11:51:45.507+0000] {logging_mixin.py:188} INFO - https://ikman.lk/en/ad/micro-panda-cross-2015-for-sale-colombo-169
[2024-10-21T11:51:45.508+0000] {logging_mixin.py:188} INFO - -------------------------------------------
[2024-10-21T11:51:45.508+0000] {logging_mixin.py:188} INFO - -------------------------------------------
[2024-10-21T11:51:45.509+0000] {logging_mixin.py:188} INFO - https://ikman.lk/en/ad/micro-mx-7-2014-for-sale-badulla-1
[2024-10-21T11:51:45.509+0000] {logging_mixin.py:188} INFO - -------------------------------------------
[2024-10-21T11:51:45.509+0000] {logging_mixin.py:188} INFO - -------------------------------------------
[2024-10-21T11:51:45.510+0000] {logging_mixin.py:188} INFO - https://ikman.lk/en/ad/micro-panda-2015-for-sale-colombo-1288
[2024-10-21T11:51:45.510+0000] {logging_mixin.py:188} INFO - -------------------------------------------
[2024-10-21T11:51:45.511+0000] {logging_mixin.py:188} WARNING - 100%|##########| 24/24 [00:00<00:00, 374.03it/s]
[2024-10-21T11:51:49.941+0000] {logging_mixin.py:188} WARNING -   0%|          | 0/21 [00:00<?, ?it/s]
[2024-10-21T11:51:49.941+0000] {logging_mixin.py:188} INFO - -------------------------------------------
[2024-10-21T11:51:49.942+0000] {logging_mixin.py:188} INFO - https://ikman.lk/en/ad/micro-panda-cross-kt-2012-for-sale-colombo
[2024-10-21T11:51:49.942+0000] {logging_mixin.py:188} INFO - -------------------------------------------
[2024-10-21T11:51:49.942+0000] {logging_mixin.py:188} INFO - -------------------------------------------
[2024-10-21T11:51:49.943+0000] {logging_mixin.py:188} INFO - https://ikman.lk/en/ad/micro-glory-07-seater-2018-for-sale-vavuniya
[2024-10-21T11:51:49.943+0000] {logging_mixin.py:188} INFO - -------------------------------------------
[2024-10-21T11:51:49.944+0000] {logging_mixin.py:188} INFO - -------------------------------------------
[2024-10-21T11:51:49.944+0000] {logging_mixin.py:188} INFO - https://ikman.lk/en/ad/micro-panda-2012-for-sale-ratnapura-2
[2024-10-21T11:51:49.944+0000] {logging_mixin.py:188} INFO - -------------------------------------------
[2024-10-21T11:51:49.944+0000] {logging_mixin.py:188} INFO - -------------------------------------------
[2024-10-21T11:51:49.945+0000] {logging_mixin.py:188} INFO - https://ikman.lk/en/ad/micro-panda-cross-2012-for-sale-kandy
[2024-10-21T11:51:49.945+0000] {logging_mixin.py:188} INFO - -------------------------------------------
[2024-10-21T11:51:49.945+0000] {logging_mixin.py:188} INFO - -------------------------------------------
[2024-10-21T11:51:49.945+0000] {logging_mixin.py:188} INFO - https://ikman.lk/en/ad/micro-panda-2015-for-sale-colombo-1287
[2024-10-21T11:51:49.946+0000] {logging_mixin.py:188} INFO - -------------------------------------------
[2024-10-21T11:51:49.946+0000] {logging_mixin.py:188} INFO - -------------------------------------------
[2024-10-21T11:51:49.946+0000] {logging_mixin.py:188} INFO - https://ikman.lk/en/ad/micro-panda-cross-2016-for-sale-colombo-173
[2024-10-21T11:51:49.946+0000] {logging_mixin.py:188} INFO - -------------------------------------------
[2024-10-21T11:51:49.947+0000] {logging_mixin.py:188} INFO - -------------------------------------------
[2024-10-21T11:51:49.947+0000] {logging_mixin.py:188} INFO - https://ikman.lk/en/ad/micro-panda-2015-for-sale-gampaha-770
[2024-10-21T11:51:49.947+0000] {logging_mixin.py:188} INFO - -------------------------------------------
[2024-10-21T11:51:49.948+0000] {logging_mixin.py:188} INFO - -------------------------------------------
[2024-10-21T11:51:49.948+0000] {logging_mixin.py:188} INFO - https://ikman.lk/en/ad/micro-panda-lc10-fulloption-2016-for-sale-gampaha
[2024-10-21T11:51:49.949+0000] {logging_mixin.py:188} INFO - -------------------------------------------
[2024-10-21T11:51:49.949+0000] {logging_mixin.py:188} INFO - -------------------------------------------
[2024-10-21T11:51:49.949+0000] {logging_mixin.py:188} INFO - https://ikman.lk/en/ad/micro-panda-cross-2014-for-sale-gampaha-176
[2024-10-21T11:51:49.950+0000] {logging_mixin.py:188} INFO - -------------------------------------------
[2024-10-21T11:51:49.950+0000] {logging_mixin.py:188} INFO - -------------------------------------------
[2024-10-21T11:51:49.950+0000] {logging_mixin.py:188} INFO - https://ikman.lk/en/ad/micro-panda-cross-2015-for-sale-colombo-168
[2024-10-21T11:51:49.950+0000] {logging_mixin.py:188} INFO - -------------------------------------------
[2024-10-21T11:51:49.951+0000] {logging_mixin.py:188} INFO - -------------------------------------------
[2024-10-21T11:51:49.951+0000] {logging_mixin.py:188} INFO - https://ikman.lk/en/ad/micro-panda-full-option-2014-for-sale-puttalam
[2024-10-21T11:51:49.951+0000] {logging_mixin.py:188} INFO - -------------------------------------------
[2024-10-21T11:51:49.951+0000] {logging_mixin.py:188} INFO - -------------------------------------------
[2024-10-21T11:51:49.951+0000] {logging_mixin.py:188} INFO - https://ikman.lk/en/ad/micro-panda-lc-2014-for-sale-colombo-2
[2024-10-21T11:51:49.952+0000] {logging_mixin.py:188} INFO - -------------------------------------------
[2024-10-21T11:51:49.952+0000] {logging_mixin.py:188} INFO - -------------------------------------------
[2024-10-21T11:51:49.952+0000] {logging_mixin.py:188} INFO - https://ikman.lk/en/ad/micro-mx-7-2012-for-sale-jaffna-2
[2024-10-21T11:51:49.952+0000] {logging_mixin.py:188} INFO - -------------------------------------------
[2024-10-21T11:51:49.953+0000] {logging_mixin.py:188} INFO - -------------------------------------------
[2024-10-21T11:51:49.953+0000] {logging_mixin.py:188} INFO - https://ikman.lk/en/ad/micro-panda-998-2014-for-sale-gampaha-5
[2024-10-21T11:51:49.953+0000] {logging_mixin.py:188} INFO - -------------------------------------------
[2024-10-21T11:51:49.953+0000] {logging_mixin.py:188} INFO - -------------------------------------------
[2024-10-21T11:51:49.953+0000] {logging_mixin.py:188} INFO - https://ikman.lk/en/ad/micro-panda-lc-10-2017-for-sale-monaragala
[2024-10-21T11:51:49.954+0000] {logging_mixin.py:188} INFO - -------------------------------------------
[2024-10-21T11:51:49.954+0000] {logging_mixin.py:188} INFO - -------------------------------------------
[2024-10-21T11:51:49.954+0000] {logging_mixin.py:188} INFO - https://ikman.lk/en/ad/micro-trend-2011-for-sale-vavuniya
[2024-10-21T11:51:49.954+0000] {logging_mixin.py:188} INFO - -------------------------------------------
[2024-10-21T11:51:49.954+0000] {logging_mixin.py:188} INFO - -------------------------------------------
[2024-10-21T11:51:49.955+0000] {logging_mixin.py:188} INFO - https://ikman.lk/en/ad/micro-panda-2012-for-sale-galle-84
[2024-10-21T11:51:49.955+0000] {logging_mixin.py:188} INFO - -------------------------------------------
[2024-10-21T11:51:49.955+0000] {logging_mixin.py:188} INFO - -------------------------------------------
[2024-10-21T11:51:49.955+0000] {logging_mixin.py:188} INFO - https://ikman.lk/en/ad/micro-panda-2017-for-sale-gampaha-21
[2024-10-21T11:51:49.956+0000] {logging_mixin.py:188} INFO - -------------------------------------------
[2024-10-21T11:51:49.956+0000] {logging_mixin.py:188} INFO - -------------------------------------------
[2024-10-21T11:51:49.956+0000] {logging_mixin.py:188} INFO - https://ikman.lk/en/ad/micro-panda-997-2014-for-sale-gampaha-1
[2024-10-21T11:51:49.956+0000] {logging_mixin.py:188} INFO - -------------------------------------------
[2024-10-21T11:51:49.956+0000] {logging_mixin.py:188} INFO - -------------------------------------------
[2024-10-21T11:51:49.957+0000] {logging_mixin.py:188} INFO - https://ikman.lk/en/ad/micro-panda-lc10-f-option-kw-2013-for-sale-colombo
[2024-10-21T11:51:49.957+0000] {logging_mixin.py:188} INFO - -------------------------------------------
[2024-10-21T11:51:49.957+0000] {logging_mixin.py:188} INFO - -------------------------------------------
[2024-10-21T11:51:49.957+0000] {logging_mixin.py:188} INFO - https://ikman.lk/en/ad/micro-mx-7-2015-for-sale-gampaha-2
[2024-10-21T11:51:49.957+0000] {logging_mixin.py:188} INFO - -------------------------------------------
[2024-10-21T11:51:49.958+0000] {logging_mixin.py:188} WARNING - 100%|##########| 21/21 [00:00<00:00, 1273.83it/s]
[2024-10-21T11:51:55.116+0000] {logging_mixin.py:188} INFO - page is no content-----------------
[2024-10-21T11:51:58.307+0000] {logging_mixin.py:188} WARNING -   0%|          | 0/1 [00:00<?, ?it/s]
[2024-10-21T11:51:58.308+0000] {logging_mixin.py:188} INFO - -------------------------------------------
[2024-10-21T11:51:58.310+0000] {logging_mixin.py:188} INFO - https://ikman.lk/en/ad/micro-kyron-full-options-2008-for-sale-colombo-2
[2024-10-21T11:51:58.312+0000] {logging_mixin.py:188} INFO - -------------------------------------------
[2024-10-21T11:51:58.315+0000] {logging_mixin.py:188} WARNING - 100%|##########| 1/1 [00:00<00:00, 159.56it/s]
[2024-10-21T11:52:01.842+0000] {logging_mixin.py:188} INFO - page is no content-----------------
[2024-10-21T11:52:05.514+0000] {logging_mixin.py:188} INFO - page is no content-----------------
[2024-10-21T11:52:09.275+0000] {logging_mixin.py:188} INFO - page is no content-----------------
[2024-10-21T11:52:12.899+0000] {logging_mixin.py:188} INFO - page is no content-----------------
[2024-10-21T11:52:16.940+0000] {logging_mixin.py:188} WARNING -   0%|          | 0/3 [00:00<?, ?it/s]
[2024-10-21T11:52:16.941+0000] {logging_mixin.py:188} INFO - -------------------------------------------
[2024-10-21T11:52:16.942+0000] {logging_mixin.py:188} INFO - https://ikman.lk/en/ad/micro-rexton-270-xdi-2008-for-sale-gampaha
[2024-10-21T11:52:16.942+0000] {logging_mixin.py:188} INFO - -------------------------------------------
[2024-10-21T11:52:16.943+0000] {logging_mixin.py:188} INFO - -------------------------------------------
[2024-10-21T11:52:16.943+0000] {logging_mixin.py:188} INFO - https://ikman.lk/en/ad/micro-rexton-2015-for-sale-colombo-84
[2024-10-21T11:52:16.944+0000] {logging_mixin.py:188} INFO - -------------------------------------------
[2024-10-21T11:52:16.944+0000] {logging_mixin.py:188} INFO - -------------------------------------------
[2024-10-21T11:52:16.945+0000] {logging_mixin.py:188} INFO - https://ikman.lk/en/ad/micro-rexton-2009-for-sale-kurunegala
[2024-10-21T11:52:16.945+0000] {logging_mixin.py:188} INFO - -------------------------------------------
[2024-10-21T11:52:16.946+0000] {logging_mixin.py:188} WARNING - 100%|##########| 3/3 [00:00<00:00, 644.35it/s]
[2024-10-21T11:52:20.621+0000] {logging_mixin.py:188} INFO - page is no content-----------------
[2024-10-21T11:52:23.772+0000] {logging_mixin.py:188} INFO - page is no content-----------------
[2024-10-21T11:52:27.537+0000] {logging_mixin.py:188} INFO - page is no content-----------------
[2024-10-21T11:52:27.559+0000] {python.py:202} INFO - Done. Returned value was: None
[2024-10-21T11:52:27.564+0000] {taskinstance.py:1149} INFO - Marking task as SUCCESS. dag_id=Vehicle_Data_scrape_Pipeline, task_id=scrape_post_links, execution_date=20241021T115114, start_date=20241021T115115, end_date=20241021T115227
[2024-10-21T11:52:27.567+0000] {logging_mixin.py:188} WARNING - /home/***/.local/lib/python3.8/site-packages/***/utils/context.py:207 AirflowContextDeprecationWarning: Accessing 'execution_date' from the template is deprecated and will be removed in a future version. Please use 'data_interval_start' or 'logical_date' instead.
[2024-10-21T11:52:27.572+0000] {logging_mixin.py:188} WARNING - /home/***/.local/lib/python3.8/site-packages/***/utils/email.py:154 RemovedInAirflow3Warning: Fetching SMTP credentials from configuration variables will be deprecated in a future release. Please set credentials using a connection instead.
[2024-10-21T11:52:27.572+0000] {email.py:270} INFO - Email alerting: attempt 1
[2024-10-21T11:52:29.633+0000] {email.py:281} INFO - Sent an alert email to ['deshanariyarathna@gmail.com']
[2024-10-21T11:52:31.770+0000] {local_task_job_runner.py:234} INFO - Task exited with return code 0
[2024-10-21T11:52:31.785+0000] {taskinstance.py:3312} INFO - 1 downstream tasks scheduled from follow-on schedule check
