[2024-10-14T04:15:10.766+0000] {processor.py:161} INFO - Started process (PID=266) to work on /opt/airflow/dags/components/gold/post_training/sending_mails.py
[2024-10-14T04:15:10.768+0000] {processor.py:830} INFO - Processing file /opt/airflow/dags/components/gold/post_training/sending_mails.py for tasks to queue
[2024-10-14T04:15:10.769+0000] {logging_mixin.py:188} INFO - [2024-10-14T04:15:10.768+0000] {dagbag.py:540} INFO - Filling up the DagBag from /opt/airflow/dags/components/gold/post_training/sending_mails.py
[2024-10-14T04:15:11.191+0000] {processor.py:842} WARNING - No viable dags retrieved from /opt/airflow/dags/components/gold/post_training/sending_mails.py
[2024-10-14T04:15:11.216+0000] {processor.py:183} INFO - Processing /opt/airflow/dags/components/gold/post_training/sending_mails.py took 0.453 seconds
[2024-10-14T04:15:41.737+0000] {processor.py:161} INFO - Started process (PID=522) to work on /opt/airflow/dags/components/gold/post_training/sending_mails.py
[2024-10-14T04:15:41.753+0000] {processor.py:830} INFO - Processing file /opt/airflow/dags/components/gold/post_training/sending_mails.py for tasks to queue
[2024-10-14T04:15:41.755+0000] {logging_mixin.py:188} INFO - [2024-10-14T04:15:41.755+0000] {dagbag.py:540} INFO - Filling up the DagBag from /opt/airflow/dags/components/gold/post_training/sending_mails.py
[2024-10-14T04:15:42.958+0000] {processor.py:842} WARNING - No viable dags retrieved from /opt/airflow/dags/components/gold/post_training/sending_mails.py
[2024-10-14T04:15:42.969+0000] {processor.py:183} INFO - Processing /opt/airflow/dags/components/gold/post_training/sending_mails.py took 1.236 seconds
[2024-10-14T04:16:13.155+0000] {processor.py:161} INFO - Started process (PID=599) to work on /opt/airflow/dags/components/gold/post_training/sending_mails.py
[2024-10-14T04:16:13.157+0000] {processor.py:830} INFO - Processing file /opt/airflow/dags/components/gold/post_training/sending_mails.py for tasks to queue
[2024-10-14T04:16:13.161+0000] {logging_mixin.py:188} INFO - [2024-10-14T04:16:13.161+0000] {dagbag.py:540} INFO - Filling up the DagBag from /opt/airflow/dags/components/gold/post_training/sending_mails.py
[2024-10-14T04:16:14.168+0000] {processor.py:842} WARNING - No viable dags retrieved from /opt/airflow/dags/components/gold/post_training/sending_mails.py
[2024-10-14T04:16:14.178+0000] {processor.py:183} INFO - Processing /opt/airflow/dags/components/gold/post_training/sending_mails.py took 1.025 seconds
[2024-10-14T04:16:45.579+0000] {processor.py:161} INFO - Started process (PID=679) to work on /opt/airflow/dags/components/gold/post_training/sending_mails.py
[2024-10-14T04:16:45.596+0000] {processor.py:830} INFO - Processing file /opt/airflow/dags/components/gold/post_training/sending_mails.py for tasks to queue
[2024-10-14T04:16:45.604+0000] {logging_mixin.py:188} INFO - [2024-10-14T04:16:45.604+0000] {dagbag.py:540} INFO - Filling up the DagBag from /opt/airflow/dags/components/gold/post_training/sending_mails.py
[2024-10-14T04:16:47.035+0000] {processor.py:842} WARNING - No viable dags retrieved from /opt/airflow/dags/components/gold/post_training/sending_mails.py
[2024-10-14T04:16:47.042+0000] {processor.py:183} INFO - Processing /opt/airflow/dags/components/gold/post_training/sending_mails.py took 1.468 seconds
[2024-10-14T04:17:18.112+0000] {processor.py:161} INFO - Started process (PID=759) to work on /opt/airflow/dags/components/gold/post_training/sending_mails.py
[2024-10-14T04:17:18.113+0000] {processor.py:830} INFO - Processing file /opt/airflow/dags/components/gold/post_training/sending_mails.py for tasks to queue
[2024-10-14T04:17:18.114+0000] {logging_mixin.py:188} INFO - [2024-10-14T04:17:18.114+0000] {dagbag.py:540} INFO - Filling up the DagBag from /opt/airflow/dags/components/gold/post_training/sending_mails.py
[2024-10-14T04:17:19.455+0000] {processor.py:842} WARNING - No viable dags retrieved from /opt/airflow/dags/components/gold/post_training/sending_mails.py
[2024-10-14T04:17:19.463+0000] {processor.py:183} INFO - Processing /opt/airflow/dags/components/gold/post_training/sending_mails.py took 1.354 seconds
[2024-10-14T04:17:52.501+0000] {processor.py:161} INFO - Started process (PID=840) to work on /opt/airflow/dags/components/gold/post_training/sending_mails.py
[2024-10-14T04:17:52.540+0000] {processor.py:830} INFO - Processing file /opt/airflow/dags/components/gold/post_training/sending_mails.py for tasks to queue
[2024-10-14T04:17:52.551+0000] {logging_mixin.py:188} INFO - [2024-10-14T04:17:52.551+0000] {dagbag.py:540} INFO - Filling up the DagBag from /opt/airflow/dags/components/gold/post_training/sending_mails.py
[2024-10-14T04:17:54.127+0000] {processor.py:842} WARNING - No viable dags retrieved from /opt/airflow/dags/components/gold/post_training/sending_mails.py
[2024-10-14T04:17:54.141+0000] {processor.py:183} INFO - Processing /opt/airflow/dags/components/gold/post_training/sending_mails.py took 1.642 seconds
[2024-10-14T04:18:24.756+0000] {processor.py:161} INFO - Started process (PID=898) to work on /opt/airflow/dags/components/gold/post_training/sending_mails.py
[2024-10-14T04:18:24.757+0000] {processor.py:830} INFO - Processing file /opt/airflow/dags/components/gold/post_training/sending_mails.py for tasks to queue
[2024-10-14T04:18:24.758+0000] {logging_mixin.py:188} INFO - [2024-10-14T04:18:24.758+0000] {dagbag.py:540} INFO - Filling up the DagBag from /opt/airflow/dags/components/gold/post_training/sending_mails.py
[2024-10-14T04:18:25.830+0000] {processor.py:842} WARNING - No viable dags retrieved from /opt/airflow/dags/components/gold/post_training/sending_mails.py
[2024-10-14T04:18:25.845+0000] {processor.py:183} INFO - Processing /opt/airflow/dags/components/gold/post_training/sending_mails.py took 1.092 seconds
[2024-10-14T04:18:56.685+0000] {processor.py:161} INFO - Started process (PID=972) to work on /opt/airflow/dags/components/gold/post_training/sending_mails.py
[2024-10-14T04:18:56.686+0000] {processor.py:830} INFO - Processing file /opt/airflow/dags/components/gold/post_training/sending_mails.py for tasks to queue
[2024-10-14T04:18:56.687+0000] {logging_mixin.py:188} INFO - [2024-10-14T04:18:56.687+0000] {dagbag.py:540} INFO - Filling up the DagBag from /opt/airflow/dags/components/gold/post_training/sending_mails.py
[2024-10-14T04:18:58.293+0000] {processor.py:842} WARNING - No viable dags retrieved from /opt/airflow/dags/components/gold/post_training/sending_mails.py
[2024-10-14T04:18:58.311+0000] {processor.py:183} INFO - Processing /opt/airflow/dags/components/gold/post_training/sending_mails.py took 1.629 seconds
[2024-10-14T04:19:28.754+0000] {processor.py:161} INFO - Started process (PID=1053) to work on /opt/airflow/dags/components/gold/post_training/sending_mails.py
[2024-10-14T04:19:28.770+0000] {processor.py:830} INFO - Processing file /opt/airflow/dags/components/gold/post_training/sending_mails.py for tasks to queue
[2024-10-14T04:19:28.784+0000] {logging_mixin.py:188} INFO - [2024-10-14T04:19:28.782+0000] {dagbag.py:540} INFO - Filling up the DagBag from /opt/airflow/dags/components/gold/post_training/sending_mails.py
[2024-10-14T04:19:30.256+0000] {processor.py:842} WARNING - No viable dags retrieved from /opt/airflow/dags/components/gold/post_training/sending_mails.py
[2024-10-14T04:19:30.267+0000] {processor.py:183} INFO - Processing /opt/airflow/dags/components/gold/post_training/sending_mails.py took 1.520 seconds
[2024-10-14T04:20:01.014+0000] {processor.py:161} INFO - Started process (PID=1132) to work on /opt/airflow/dags/components/gold/post_training/sending_mails.py
[2024-10-14T04:20:01.016+0000] {processor.py:830} INFO - Processing file /opt/airflow/dags/components/gold/post_training/sending_mails.py for tasks to queue
[2024-10-14T04:20:01.018+0000] {logging_mixin.py:188} INFO - [2024-10-14T04:20:01.017+0000] {dagbag.py:540} INFO - Filling up the DagBag from /opt/airflow/dags/components/gold/post_training/sending_mails.py
[2024-10-14T04:20:02.584+0000] {processor.py:842} WARNING - No viable dags retrieved from /opt/airflow/dags/components/gold/post_training/sending_mails.py
[2024-10-14T04:20:02.593+0000] {processor.py:183} INFO - Processing /opt/airflow/dags/components/gold/post_training/sending_mails.py took 1.581 seconds
[2024-10-14T04:20:32.939+0000] {processor.py:161} INFO - Started process (PID=1255) to work on /opt/airflow/dags/components/gold/post_training/sending_mails.py
[2024-10-14T04:20:32.940+0000] {processor.py:830} INFO - Processing file /opt/airflow/dags/components/gold/post_training/sending_mails.py for tasks to queue
[2024-10-14T04:20:32.941+0000] {logging_mixin.py:188} INFO - [2024-10-14T04:20:32.941+0000] {dagbag.py:540} INFO - Filling up the DagBag from /opt/airflow/dags/components/gold/post_training/sending_mails.py
[2024-10-14T04:20:34.188+0000] {processor.py:842} WARNING - No viable dags retrieved from /opt/airflow/dags/components/gold/post_training/sending_mails.py
[2024-10-14T04:20:34.201+0000] {processor.py:183} INFO - Processing /opt/airflow/dags/components/gold/post_training/sending_mails.py took 1.264 seconds
[2024-10-14T04:21:04.680+0000] {processor.py:161} INFO - Started process (PID=1395) to work on /opt/airflow/dags/components/gold/post_training/sending_mails.py
[2024-10-14T04:21:04.681+0000] {processor.py:830} INFO - Processing file /opt/airflow/dags/components/gold/post_training/sending_mails.py for tasks to queue
[2024-10-14T04:21:04.682+0000] {logging_mixin.py:188} INFO - [2024-10-14T04:21:04.682+0000] {dagbag.py:540} INFO - Filling up the DagBag from /opt/airflow/dags/components/gold/post_training/sending_mails.py
[2024-10-14T04:21:05.496+0000] {processor.py:842} WARNING - No viable dags retrieved from /opt/airflow/dags/components/gold/post_training/sending_mails.py
[2024-10-14T04:21:05.506+0000] {processor.py:183} INFO - Processing /opt/airflow/dags/components/gold/post_training/sending_mails.py took 0.829 seconds
[2024-10-14T04:21:35.960+0000] {processor.py:161} INFO - Started process (PID=1472) to work on /opt/airflow/dags/components/gold/post_training/sending_mails.py
[2024-10-14T04:21:35.964+0000] {processor.py:830} INFO - Processing file /opt/airflow/dags/components/gold/post_training/sending_mails.py for tasks to queue
[2024-10-14T04:21:35.965+0000] {logging_mixin.py:188} INFO - [2024-10-14T04:21:35.964+0000] {dagbag.py:540} INFO - Filling up the DagBag from /opt/airflow/dags/components/gold/post_training/sending_mails.py
[2024-10-14T04:21:36.843+0000] {processor.py:842} WARNING - No viable dags retrieved from /opt/airflow/dags/components/gold/post_training/sending_mails.py
[2024-10-14T04:21:36.850+0000] {processor.py:183} INFO - Processing /opt/airflow/dags/components/gold/post_training/sending_mails.py took 0.893 seconds
[2024-10-14T04:22:07.189+0000] {processor.py:161} INFO - Started process (PID=1549) to work on /opt/airflow/dags/components/gold/post_training/sending_mails.py
[2024-10-14T04:22:07.190+0000] {processor.py:830} INFO - Processing file /opt/airflow/dags/components/gold/post_training/sending_mails.py for tasks to queue
[2024-10-14T04:22:07.191+0000] {logging_mixin.py:188} INFO - [2024-10-14T04:22:07.191+0000] {dagbag.py:540} INFO - Filling up the DagBag from /opt/airflow/dags/components/gold/post_training/sending_mails.py
[2024-10-14T04:22:08.174+0000] {processor.py:842} WARNING - No viable dags retrieved from /opt/airflow/dags/components/gold/post_training/sending_mails.py
[2024-10-14T04:22:08.182+0000] {processor.py:183} INFO - Processing /opt/airflow/dags/components/gold/post_training/sending_mails.py took 0.997 seconds
[2024-10-14T04:22:38.404+0000] {processor.py:161} INFO - Started process (PID=1626) to work on /opt/airflow/dags/components/gold/post_training/sending_mails.py
[2024-10-14T04:22:38.406+0000] {processor.py:830} INFO - Processing file /opt/airflow/dags/components/gold/post_training/sending_mails.py for tasks to queue
[2024-10-14T04:22:38.407+0000] {logging_mixin.py:188} INFO - [2024-10-14T04:22:38.406+0000] {dagbag.py:540} INFO - Filling up the DagBag from /opt/airflow/dags/components/gold/post_training/sending_mails.py
[2024-10-14T04:22:39.240+0000] {processor.py:842} WARNING - No viable dags retrieved from /opt/airflow/dags/components/gold/post_training/sending_mails.py
[2024-10-14T04:22:39.248+0000] {processor.py:183} INFO - Processing /opt/airflow/dags/components/gold/post_training/sending_mails.py took 0.847 seconds
[2024-10-14T04:23:09.877+0000] {processor.py:161} INFO - Started process (PID=1704) to work on /opt/airflow/dags/components/gold/post_training/sending_mails.py
[2024-10-14T04:23:09.881+0000] {processor.py:830} INFO - Processing file /opt/airflow/dags/components/gold/post_training/sending_mails.py for tasks to queue
[2024-10-14T04:23:09.882+0000] {logging_mixin.py:188} INFO - [2024-10-14T04:23:09.882+0000] {dagbag.py:540} INFO - Filling up the DagBag from /opt/airflow/dags/components/gold/post_training/sending_mails.py
[2024-10-14T04:23:10.915+0000] {processor.py:842} WARNING - No viable dags retrieved from /opt/airflow/dags/components/gold/post_training/sending_mails.py
[2024-10-14T04:23:10.929+0000] {processor.py:183} INFO - Processing /opt/airflow/dags/components/gold/post_training/sending_mails.py took 1.055 seconds
[2024-10-14T04:23:41.424+0000] {processor.py:161} INFO - Started process (PID=1780) to work on /opt/airflow/dags/components/gold/post_training/sending_mails.py
[2024-10-14T04:23:41.425+0000] {processor.py:830} INFO - Processing file /opt/airflow/dags/components/gold/post_training/sending_mails.py for tasks to queue
[2024-10-14T04:23:41.429+0000] {logging_mixin.py:188} INFO - [2024-10-14T04:23:41.429+0000] {dagbag.py:540} INFO - Filling up the DagBag from /opt/airflow/dags/components/gold/post_training/sending_mails.py
[2024-10-14T04:23:42.511+0000] {processor.py:842} WARNING - No viable dags retrieved from /opt/airflow/dags/components/gold/post_training/sending_mails.py
[2024-10-14T04:23:42.521+0000] {processor.py:183} INFO - Processing /opt/airflow/dags/components/gold/post_training/sending_mails.py took 1.100 seconds
[2024-10-14T04:24:12.961+0000] {processor.py:161} INFO - Started process (PID=1859) to work on /opt/airflow/dags/components/gold/post_training/sending_mails.py
[2024-10-14T04:24:12.962+0000] {processor.py:830} INFO - Processing file /opt/airflow/dags/components/gold/post_training/sending_mails.py for tasks to queue
[2024-10-14T04:24:12.963+0000] {logging_mixin.py:188} INFO - [2024-10-14T04:24:12.963+0000] {dagbag.py:540} INFO - Filling up the DagBag from /opt/airflow/dags/components/gold/post_training/sending_mails.py
[2024-10-14T04:24:14.267+0000] {processor.py:842} WARNING - No viable dags retrieved from /opt/airflow/dags/components/gold/post_training/sending_mails.py
[2024-10-14T04:24:14.275+0000] {processor.py:183} INFO - Processing /opt/airflow/dags/components/gold/post_training/sending_mails.py took 1.318 seconds
[2024-10-14T04:24:45.086+0000] {processor.py:161} INFO - Started process (PID=1937) to work on /opt/airflow/dags/components/gold/post_training/sending_mails.py
[2024-10-14T04:24:45.087+0000] {processor.py:830} INFO - Processing file /opt/airflow/dags/components/gold/post_training/sending_mails.py for tasks to queue
[2024-10-14T04:24:45.091+0000] {logging_mixin.py:188} INFO - [2024-10-14T04:24:45.091+0000] {dagbag.py:540} INFO - Filling up the DagBag from /opt/airflow/dags/components/gold/post_training/sending_mails.py
[2024-10-14T04:24:46.310+0000] {processor.py:842} WARNING - No viable dags retrieved from /opt/airflow/dags/components/gold/post_training/sending_mails.py
[2024-10-14T04:24:46.337+0000] {processor.py:183} INFO - Processing /opt/airflow/dags/components/gold/post_training/sending_mails.py took 1.254 seconds
[2024-10-14T04:25:19.421+0000] {processor.py:161} INFO - Started process (PID=2014) to work on /opt/airflow/dags/components/gold/post_training/sending_mails.py
[2024-10-14T04:25:19.429+0000] {processor.py:830} INFO - Processing file /opt/airflow/dags/components/gold/post_training/sending_mails.py for tasks to queue
[2024-10-14T04:25:19.450+0000] {logging_mixin.py:188} INFO - [2024-10-14T04:25:19.449+0000] {dagbag.py:540} INFO - Filling up the DagBag from /opt/airflow/dags/components/gold/post_training/sending_mails.py
[2024-10-14T04:25:21.862+0000] {processor.py:842} WARNING - No viable dags retrieved from /opt/airflow/dags/components/gold/post_training/sending_mails.py
[2024-10-14T04:25:21.889+0000] {processor.py:183} INFO - Processing /opt/airflow/dags/components/gold/post_training/sending_mails.py took 2.463 seconds
[2024-10-14T04:25:52.956+0000] {processor.py:161} INFO - Started process (PID=2074) to work on /opt/airflow/dags/components/gold/post_training/sending_mails.py
[2024-10-14T04:25:52.963+0000] {processor.py:830} INFO - Processing file /opt/airflow/dags/components/gold/post_training/sending_mails.py for tasks to queue
[2024-10-14T04:25:52.966+0000] {logging_mixin.py:188} INFO - [2024-10-14T04:25:52.966+0000] {dagbag.py:540} INFO - Filling up the DagBag from /opt/airflow/dags/components/gold/post_training/sending_mails.py
[2024-10-14T04:25:53.956+0000] {processor.py:842} WARNING - No viable dags retrieved from /opt/airflow/dags/components/gold/post_training/sending_mails.py
[2024-10-14T04:25:53.976+0000] {processor.py:183} INFO - Processing /opt/airflow/dags/components/gold/post_training/sending_mails.py took 1.025 seconds
[2024-10-14T04:26:24.332+0000] {processor.py:161} INFO - Started process (PID=2147) to work on /opt/airflow/dags/components/gold/post_training/sending_mails.py
[2024-10-14T04:26:24.333+0000] {processor.py:830} INFO - Processing file /opt/airflow/dags/components/gold/post_training/sending_mails.py for tasks to queue
[2024-10-14T04:26:24.334+0000] {logging_mixin.py:188} INFO - [2024-10-14T04:26:24.334+0000] {dagbag.py:540} INFO - Filling up the DagBag from /opt/airflow/dags/components/gold/post_training/sending_mails.py
[2024-10-14T04:26:26.140+0000] {processor.py:842} WARNING - No viable dags retrieved from /opt/airflow/dags/components/gold/post_training/sending_mails.py
[2024-10-14T04:26:26.150+0000] {processor.py:183} INFO - Processing /opt/airflow/dags/components/gold/post_training/sending_mails.py took 1.822 seconds
[2024-10-14T04:26:56.529+0000] {processor.py:161} INFO - Started process (PID=2205) to work on /opt/airflow/dags/components/gold/post_training/sending_mails.py
[2024-10-14T04:26:56.536+0000] {processor.py:830} INFO - Processing file /opt/airflow/dags/components/gold/post_training/sending_mails.py for tasks to queue
[2024-10-14T04:26:56.538+0000] {logging_mixin.py:188} INFO - [2024-10-14T04:26:56.537+0000] {dagbag.py:540} INFO - Filling up the DagBag from /opt/airflow/dags/components/gold/post_training/sending_mails.py
[2024-10-14T04:26:58.413+0000] {processor.py:842} WARNING - No viable dags retrieved from /opt/airflow/dags/components/gold/post_training/sending_mails.py
[2024-10-14T04:26:58.428+0000] {processor.py:183} INFO - Processing /opt/airflow/dags/components/gold/post_training/sending_mails.py took 1.903 seconds
[2024-10-14T04:27:28.962+0000] {processor.py:161} INFO - Started process (PID=2280) to work on /opt/airflow/dags/components/gold/post_training/sending_mails.py
[2024-10-14T04:27:28.971+0000] {processor.py:830} INFO - Processing file /opt/airflow/dags/components/gold/post_training/sending_mails.py for tasks to queue
[2024-10-14T04:27:28.975+0000] {logging_mixin.py:188} INFO - [2024-10-14T04:27:28.974+0000] {dagbag.py:540} INFO - Filling up the DagBag from /opt/airflow/dags/components/gold/post_training/sending_mails.py
[2024-10-14T04:27:29.977+0000] {processor.py:842} WARNING - No viable dags retrieved from /opt/airflow/dags/components/gold/post_training/sending_mails.py
[2024-10-14T04:27:29.990+0000] {processor.py:183} INFO - Processing /opt/airflow/dags/components/gold/post_training/sending_mails.py took 1.031 seconds
[2024-10-14T04:28:00.208+0000] {processor.py:161} INFO - Started process (PID=2359) to work on /opt/airflow/dags/components/gold/post_training/sending_mails.py
[2024-10-14T04:28:00.209+0000] {processor.py:830} INFO - Processing file /opt/airflow/dags/components/gold/post_training/sending_mails.py for tasks to queue
[2024-10-14T04:28:00.213+0000] {logging_mixin.py:188} INFO - [2024-10-14T04:28:00.213+0000] {dagbag.py:540} INFO - Filling up the DagBag from /opt/airflow/dags/components/gold/post_training/sending_mails.py
[2024-10-14T04:28:01.450+0000] {processor.py:842} WARNING - No viable dags retrieved from /opt/airflow/dags/components/gold/post_training/sending_mails.py
[2024-10-14T04:28:01.465+0000] {processor.py:183} INFO - Processing /opt/airflow/dags/components/gold/post_training/sending_mails.py took 1.260 seconds
[2024-10-14T04:28:31.585+0000] {processor.py:161} INFO - Started process (PID=2443) to work on /opt/airflow/dags/components/gold/post_training/sending_mails.py
[2024-10-14T04:28:31.589+0000] {processor.py:830} INFO - Processing file /opt/airflow/dags/components/gold/post_training/sending_mails.py for tasks to queue
[2024-10-14T04:28:31.593+0000] {logging_mixin.py:188} INFO - [2024-10-14T04:28:31.592+0000] {dagbag.py:540} INFO - Filling up the DagBag from /opt/airflow/dags/components/gold/post_training/sending_mails.py
[2024-10-14T04:28:33.054+0000] {processor.py:842} WARNING - No viable dags retrieved from /opt/airflow/dags/components/gold/post_training/sending_mails.py
[2024-10-14T04:28:33.067+0000] {processor.py:183} INFO - Processing /opt/airflow/dags/components/gold/post_training/sending_mails.py took 1.486 seconds
[2024-10-14T04:29:03.254+0000] {processor.py:161} INFO - Started process (PID=2522) to work on /opt/airflow/dags/components/gold/post_training/sending_mails.py
[2024-10-14T04:29:03.256+0000] {processor.py:830} INFO - Processing file /opt/airflow/dags/components/gold/post_training/sending_mails.py for tasks to queue
[2024-10-14T04:29:03.261+0000] {logging_mixin.py:188} INFO - [2024-10-14T04:29:03.261+0000] {dagbag.py:540} INFO - Filling up the DagBag from /opt/airflow/dags/components/gold/post_training/sending_mails.py
[2024-10-14T04:29:04.609+0000] {processor.py:842} WARNING - No viable dags retrieved from /opt/airflow/dags/components/gold/post_training/sending_mails.py
[2024-10-14T04:29:04.617+0000] {processor.py:183} INFO - Processing /opt/airflow/dags/components/gold/post_training/sending_mails.py took 1.365 seconds
[2024-10-14T04:29:34.966+0000] {processor.py:161} INFO - Started process (PID=2601) to work on /opt/airflow/dags/components/gold/post_training/sending_mails.py
[2024-10-14T04:29:34.967+0000] {processor.py:830} INFO - Processing file /opt/airflow/dags/components/gold/post_training/sending_mails.py for tasks to queue
[2024-10-14T04:29:34.968+0000] {logging_mixin.py:188} INFO - [2024-10-14T04:29:34.968+0000] {dagbag.py:540} INFO - Filling up the DagBag from /opt/airflow/dags/components/gold/post_training/sending_mails.py
[2024-10-14T04:29:36.131+0000] {processor.py:842} WARNING - No viable dags retrieved from /opt/airflow/dags/components/gold/post_training/sending_mails.py
[2024-10-14T04:29:36.139+0000] {processor.py:183} INFO - Processing /opt/airflow/dags/components/gold/post_training/sending_mails.py took 1.175 seconds
[2024-10-14T04:30:06.817+0000] {processor.py:161} INFO - Started process (PID=2680) to work on /opt/airflow/dags/components/gold/post_training/sending_mails.py
[2024-10-14T04:30:06.835+0000] {processor.py:830} INFO - Processing file /opt/airflow/dags/components/gold/post_training/sending_mails.py for tasks to queue
[2024-10-14T04:30:06.846+0000] {logging_mixin.py:188} INFO - [2024-10-14T04:30:06.845+0000] {dagbag.py:540} INFO - Filling up the DagBag from /opt/airflow/dags/components/gold/post_training/sending_mails.py
[2024-10-14T04:30:07.813+0000] {processor.py:842} WARNING - No viable dags retrieved from /opt/airflow/dags/components/gold/post_training/sending_mails.py
[2024-10-14T04:30:07.824+0000] {processor.py:183} INFO - Processing /opt/airflow/dags/components/gold/post_training/sending_mails.py took 1.010 seconds
[2024-10-14T04:30:38.836+0000] {processor.py:161} INFO - Started process (PID=2759) to work on /opt/airflow/dags/components/gold/post_training/sending_mails.py
[2024-10-14T04:30:38.838+0000] {processor.py:830} INFO - Processing file /opt/airflow/dags/components/gold/post_training/sending_mails.py for tasks to queue
[2024-10-14T04:30:38.847+0000] {logging_mixin.py:188} INFO - [2024-10-14T04:30:38.846+0000] {dagbag.py:540} INFO - Filling up the DagBag from /opt/airflow/dags/components/gold/post_training/sending_mails.py
[2024-10-14T04:30:39.976+0000] {processor.py:842} WARNING - No viable dags retrieved from /opt/airflow/dags/components/gold/post_training/sending_mails.py
[2024-10-14T04:30:40.003+0000] {processor.py:183} INFO - Processing /opt/airflow/dags/components/gold/post_training/sending_mails.py took 1.170 seconds
[2024-10-14T04:31:10.617+0000] {processor.py:161} INFO - Started process (PID=2838) to work on /opt/airflow/dags/components/gold/post_training/sending_mails.py
[2024-10-14T04:31:10.619+0000] {processor.py:830} INFO - Processing file /opt/airflow/dags/components/gold/post_training/sending_mails.py for tasks to queue
[2024-10-14T04:31:10.619+0000] {logging_mixin.py:188} INFO - [2024-10-14T04:31:10.619+0000] {dagbag.py:540} INFO - Filling up the DagBag from /opt/airflow/dags/components/gold/post_training/sending_mails.py
[2024-10-14T04:31:11.721+0000] {processor.py:842} WARNING - No viable dags retrieved from /opt/airflow/dags/components/gold/post_training/sending_mails.py
[2024-10-14T04:31:11.731+0000] {processor.py:183} INFO - Processing /opt/airflow/dags/components/gold/post_training/sending_mails.py took 1.116 seconds
[2024-10-14T04:31:42.291+0000] {processor.py:161} INFO - Started process (PID=2918) to work on /opt/airflow/dags/components/gold/post_training/sending_mails.py
[2024-10-14T04:31:42.292+0000] {processor.py:830} INFO - Processing file /opt/airflow/dags/components/gold/post_training/sending_mails.py for tasks to queue
[2024-10-14T04:31:42.292+0000] {logging_mixin.py:188} INFO - [2024-10-14T04:31:42.292+0000] {dagbag.py:540} INFO - Filling up the DagBag from /opt/airflow/dags/components/gold/post_training/sending_mails.py
[2024-10-14T04:31:43.461+0000] {processor.py:842} WARNING - No viable dags retrieved from /opt/airflow/dags/components/gold/post_training/sending_mails.py
[2024-10-14T04:31:43.469+0000] {processor.py:183} INFO - Processing /opt/airflow/dags/components/gold/post_training/sending_mails.py took 1.180 seconds
[2024-10-14T04:32:14.100+0000] {processor.py:161} INFO - Started process (PID=3001) to work on /opt/airflow/dags/components/gold/post_training/sending_mails.py
[2024-10-14T04:32:14.102+0000] {processor.py:830} INFO - Processing file /opt/airflow/dags/components/gold/post_training/sending_mails.py for tasks to queue
[2024-10-14T04:32:14.104+0000] {logging_mixin.py:188} INFO - [2024-10-14T04:32:14.103+0000] {dagbag.py:540} INFO - Filling up the DagBag from /opt/airflow/dags/components/gold/post_training/sending_mails.py
[2024-10-14T04:32:15.076+0000] {processor.py:842} WARNING - No viable dags retrieved from /opt/airflow/dags/components/gold/post_training/sending_mails.py
[2024-10-14T04:32:15.085+0000] {processor.py:183} INFO - Processing /opt/airflow/dags/components/gold/post_training/sending_mails.py took 0.989 seconds
[2024-10-14T04:32:45.371+0000] {processor.py:161} INFO - Started process (PID=3080) to work on /opt/airflow/dags/components/gold/post_training/sending_mails.py
[2024-10-14T04:32:45.372+0000] {processor.py:830} INFO - Processing file /opt/airflow/dags/components/gold/post_training/sending_mails.py for tasks to queue
[2024-10-14T04:32:45.373+0000] {logging_mixin.py:188} INFO - [2024-10-14T04:32:45.373+0000] {dagbag.py:540} INFO - Filling up the DagBag from /opt/airflow/dags/components/gold/post_training/sending_mails.py
[2024-10-14T04:32:46.279+0000] {processor.py:842} WARNING - No viable dags retrieved from /opt/airflow/dags/components/gold/post_training/sending_mails.py
[2024-10-14T04:32:46.304+0000] {processor.py:183} INFO - Processing /opt/airflow/dags/components/gold/post_training/sending_mails.py took 0.937 seconds
[2024-10-14T04:33:16.799+0000] {processor.py:161} INFO - Started process (PID=3157) to work on /opt/airflow/dags/components/gold/post_training/sending_mails.py
[2024-10-14T04:33:16.800+0000] {processor.py:830} INFO - Processing file /opt/airflow/dags/components/gold/post_training/sending_mails.py for tasks to queue
[2024-10-14T04:33:16.801+0000] {logging_mixin.py:188} INFO - [2024-10-14T04:33:16.801+0000] {dagbag.py:540} INFO - Filling up the DagBag from /opt/airflow/dags/components/gold/post_training/sending_mails.py
[2024-10-14T04:33:17.730+0000] {processor.py:842} WARNING - No viable dags retrieved from /opt/airflow/dags/components/gold/post_training/sending_mails.py
[2024-10-14T04:33:17.744+0000] {processor.py:183} INFO - Processing /opt/airflow/dags/components/gold/post_training/sending_mails.py took 0.947 seconds
[2024-10-14T04:33:48.218+0000] {processor.py:161} INFO - Started process (PID=3216) to work on /opt/airflow/dags/components/gold/post_training/sending_mails.py
[2024-10-14T04:33:48.221+0000] {processor.py:830} INFO - Processing file /opt/airflow/dags/components/gold/post_training/sending_mails.py for tasks to queue
[2024-10-14T04:33:48.234+0000] {logging_mixin.py:188} INFO - [2024-10-14T04:33:48.234+0000] {dagbag.py:540} INFO - Filling up the DagBag from /opt/airflow/dags/components/gold/post_training/sending_mails.py
[2024-10-14T04:33:50.003+0000] {processor.py:842} WARNING - No viable dags retrieved from /opt/airflow/dags/components/gold/post_training/sending_mails.py
[2024-10-14T04:33:50.014+0000] {processor.py:183} INFO - Processing /opt/airflow/dags/components/gold/post_training/sending_mails.py took 1.806 seconds
[2024-10-14T04:34:21.073+0000] {processor.py:161} INFO - Started process (PID=3292) to work on /opt/airflow/dags/components/gold/post_training/sending_mails.py
[2024-10-14T04:34:21.076+0000] {processor.py:830} INFO - Processing file /opt/airflow/dags/components/gold/post_training/sending_mails.py for tasks to queue
[2024-10-14T04:34:21.078+0000] {logging_mixin.py:188} INFO - [2024-10-14T04:34:21.077+0000] {dagbag.py:540} INFO - Filling up the DagBag from /opt/airflow/dags/components/gold/post_training/sending_mails.py
[2024-10-14T04:34:22.117+0000] {processor.py:842} WARNING - No viable dags retrieved from /opt/airflow/dags/components/gold/post_training/sending_mails.py
[2024-10-14T04:34:22.142+0000] {processor.py:183} INFO - Processing /opt/airflow/dags/components/gold/post_training/sending_mails.py took 1.072 seconds
[2024-10-14T04:34:52.378+0000] {processor.py:161} INFO - Started process (PID=3371) to work on /opt/airflow/dags/components/gold/post_training/sending_mails.py
[2024-10-14T04:34:52.379+0000] {processor.py:830} INFO - Processing file /opt/airflow/dags/components/gold/post_training/sending_mails.py for tasks to queue
[2024-10-14T04:34:52.384+0000] {logging_mixin.py:188} INFO - [2024-10-14T04:34:52.383+0000] {dagbag.py:540} INFO - Filling up the DagBag from /opt/airflow/dags/components/gold/post_training/sending_mails.py
[2024-10-14T04:34:53.441+0000] {processor.py:842} WARNING - No viable dags retrieved from /opt/airflow/dags/components/gold/post_training/sending_mails.py
[2024-10-14T04:34:53.458+0000] {processor.py:183} INFO - Processing /opt/airflow/dags/components/gold/post_training/sending_mails.py took 1.087 seconds
[2024-10-14T04:35:23.810+0000] {processor.py:161} INFO - Started process (PID=3449) to work on /opt/airflow/dags/components/gold/post_training/sending_mails.py
[2024-10-14T04:35:23.812+0000] {processor.py:830} INFO - Processing file /opt/airflow/dags/components/gold/post_training/sending_mails.py for tasks to queue
[2024-10-14T04:35:23.812+0000] {logging_mixin.py:188} INFO - [2024-10-14T04:35:23.812+0000] {dagbag.py:540} INFO - Filling up the DagBag from /opt/airflow/dags/components/gold/post_training/sending_mails.py
[2024-10-14T04:35:24.878+0000] {processor.py:842} WARNING - No viable dags retrieved from /opt/airflow/dags/components/gold/post_training/sending_mails.py
[2024-10-14T04:35:24.887+0000] {processor.py:183} INFO - Processing /opt/airflow/dags/components/gold/post_training/sending_mails.py took 1.079 seconds
[2024-10-14T04:35:55.445+0000] {processor.py:161} INFO - Started process (PID=3529) to work on /opt/airflow/dags/components/gold/post_training/sending_mails.py
[2024-10-14T04:35:55.446+0000] {processor.py:830} INFO - Processing file /opt/airflow/dags/components/gold/post_training/sending_mails.py for tasks to queue
[2024-10-14T04:35:55.447+0000] {logging_mixin.py:188} INFO - [2024-10-14T04:35:55.447+0000] {dagbag.py:540} INFO - Filling up the DagBag from /opt/airflow/dags/components/gold/post_training/sending_mails.py
[2024-10-14T04:35:56.788+0000] {processor.py:842} WARNING - No viable dags retrieved from /opt/airflow/dags/components/gold/post_training/sending_mails.py
[2024-10-14T04:35:56.798+0000] {processor.py:183} INFO - Processing /opt/airflow/dags/components/gold/post_training/sending_mails.py took 1.356 seconds
[2024-10-14T04:36:27.361+0000] {processor.py:161} INFO - Started process (PID=3608) to work on /opt/airflow/dags/components/gold/post_training/sending_mails.py
[2024-10-14T04:36:27.365+0000] {processor.py:830} INFO - Processing file /opt/airflow/dags/components/gold/post_training/sending_mails.py for tasks to queue
[2024-10-14T04:36:27.367+0000] {logging_mixin.py:188} INFO - [2024-10-14T04:36:27.366+0000] {dagbag.py:540} INFO - Filling up the DagBag from /opt/airflow/dags/components/gold/post_training/sending_mails.py
[2024-10-14T04:36:28.728+0000] {processor.py:842} WARNING - No viable dags retrieved from /opt/airflow/dags/components/gold/post_training/sending_mails.py
[2024-10-14T04:36:28.738+0000] {processor.py:183} INFO - Processing /opt/airflow/dags/components/gold/post_training/sending_mails.py took 1.382 seconds
[2024-10-14T04:36:59.030+0000] {processor.py:161} INFO - Started process (PID=3687) to work on /opt/airflow/dags/components/gold/post_training/sending_mails.py
[2024-10-14T04:36:59.039+0000] {processor.py:830} INFO - Processing file /opt/airflow/dags/components/gold/post_training/sending_mails.py for tasks to queue
[2024-10-14T04:36:59.043+0000] {logging_mixin.py:188} INFO - [2024-10-14T04:36:59.043+0000] {dagbag.py:540} INFO - Filling up the DagBag from /opt/airflow/dags/components/gold/post_training/sending_mails.py
[2024-10-14T04:37:00.080+0000] {processor.py:842} WARNING - No viable dags retrieved from /opt/airflow/dags/components/gold/post_training/sending_mails.py
[2024-10-14T04:37:00.090+0000] {processor.py:183} INFO - Processing /opt/airflow/dags/components/gold/post_training/sending_mails.py took 1.064 seconds
[2024-10-14T04:37:30.229+0000] {processor.py:161} INFO - Started process (PID=3766) to work on /opt/airflow/dags/components/gold/post_training/sending_mails.py
[2024-10-14T04:37:30.230+0000] {processor.py:830} INFO - Processing file /opt/airflow/dags/components/gold/post_training/sending_mails.py for tasks to queue
[2024-10-14T04:37:30.230+0000] {logging_mixin.py:188} INFO - [2024-10-14T04:37:30.230+0000] {dagbag.py:540} INFO - Filling up the DagBag from /opt/airflow/dags/components/gold/post_training/sending_mails.py
[2024-10-14T04:37:31.327+0000] {processor.py:842} WARNING - No viable dags retrieved from /opt/airflow/dags/components/gold/post_training/sending_mails.py
[2024-10-14T04:37:31.336+0000] {processor.py:183} INFO - Processing /opt/airflow/dags/components/gold/post_training/sending_mails.py took 1.110 seconds
[2024-10-14T04:38:01.742+0000] {processor.py:161} INFO - Started process (PID=3845) to work on /opt/airflow/dags/components/gold/post_training/sending_mails.py
[2024-10-14T04:38:01.743+0000] {processor.py:830} INFO - Processing file /opt/airflow/dags/components/gold/post_training/sending_mails.py for tasks to queue
[2024-10-14T04:38:01.744+0000] {logging_mixin.py:188} INFO - [2024-10-14T04:38:01.744+0000] {dagbag.py:540} INFO - Filling up the DagBag from /opt/airflow/dags/components/gold/post_training/sending_mails.py
[2024-10-14T04:38:02.894+0000] {processor.py:842} WARNING - No viable dags retrieved from /opt/airflow/dags/components/gold/post_training/sending_mails.py
[2024-10-14T04:38:02.904+0000] {processor.py:183} INFO - Processing /opt/airflow/dags/components/gold/post_training/sending_mails.py took 1.164 seconds
[2024-10-14T04:38:33.619+0000] {processor.py:161} INFO - Started process (PID=3931) to work on /opt/airflow/dags/components/gold/post_training/sending_mails.py
[2024-10-14T04:38:33.627+0000] {processor.py:830} INFO - Processing file /opt/airflow/dags/components/gold/post_training/sending_mails.py for tasks to queue
[2024-10-14T04:38:33.633+0000] {logging_mixin.py:188} INFO - [2024-10-14T04:38:33.633+0000] {dagbag.py:540} INFO - Filling up the DagBag from /opt/airflow/dags/components/gold/post_training/sending_mails.py
[2024-10-14T04:38:34.863+0000] {processor.py:842} WARNING - No viable dags retrieved from /opt/airflow/dags/components/gold/post_training/sending_mails.py
[2024-10-14T04:38:34.888+0000] {processor.py:183} INFO - Processing /opt/airflow/dags/components/gold/post_training/sending_mails.py took 1.274 seconds
[2024-10-14T04:39:05.186+0000] {processor.py:161} INFO - Started process (PID=4011) to work on /opt/airflow/dags/components/gold/post_training/sending_mails.py
[2024-10-14T04:39:05.187+0000] {processor.py:830} INFO - Processing file /opt/airflow/dags/components/gold/post_training/sending_mails.py for tasks to queue
[2024-10-14T04:39:05.188+0000] {logging_mixin.py:188} INFO - [2024-10-14T04:39:05.187+0000] {dagbag.py:540} INFO - Filling up the DagBag from /opt/airflow/dags/components/gold/post_training/sending_mails.py
[2024-10-14T04:39:06.647+0000] {processor.py:842} WARNING - No viable dags retrieved from /opt/airflow/dags/components/gold/post_training/sending_mails.py
[2024-10-14T04:39:06.659+0000] {processor.py:183} INFO - Processing /opt/airflow/dags/components/gold/post_training/sending_mails.py took 1.477 seconds
[2024-10-14T04:39:36.904+0000] {processor.py:161} INFO - Started process (PID=4090) to work on /opt/airflow/dags/components/gold/post_training/sending_mails.py
[2024-10-14T04:39:36.912+0000] {processor.py:830} INFO - Processing file /opt/airflow/dags/components/gold/post_training/sending_mails.py for tasks to queue
[2024-10-14T04:39:36.918+0000] {logging_mixin.py:188} INFO - [2024-10-14T04:39:36.917+0000] {dagbag.py:540} INFO - Filling up the DagBag from /opt/airflow/dags/components/gold/post_training/sending_mails.py
[2024-10-14T04:39:37.888+0000] {processor.py:842} WARNING - No viable dags retrieved from /opt/airflow/dags/components/gold/post_training/sending_mails.py
[2024-10-14T04:39:37.904+0000] {processor.py:183} INFO - Processing /opt/airflow/dags/components/gold/post_training/sending_mails.py took 1.003 seconds
[2024-10-14T04:40:09.508+0000] {processor.py:161} INFO - Started process (PID=4166) to work on /opt/airflow/dags/components/gold/post_training/sending_mails.py
[2024-10-14T04:40:09.509+0000] {processor.py:830} INFO - Processing file /opt/airflow/dags/components/gold/post_training/sending_mails.py for tasks to queue
[2024-10-14T04:40:09.510+0000] {logging_mixin.py:188} INFO - [2024-10-14T04:40:09.510+0000] {dagbag.py:540} INFO - Filling up the DagBag from /opt/airflow/dags/components/gold/post_training/sending_mails.py
[2024-10-14T04:40:10.534+0000] {processor.py:842} WARNING - No viable dags retrieved from /opt/airflow/dags/components/gold/post_training/sending_mails.py
[2024-10-14T04:40:10.550+0000] {processor.py:183} INFO - Processing /opt/airflow/dags/components/gold/post_training/sending_mails.py took 1.045 seconds
[2024-10-14T04:40:40.835+0000] {processor.py:161} INFO - Started process (PID=4225) to work on /opt/airflow/dags/components/gold/post_training/sending_mails.py
[2024-10-14T04:40:40.839+0000] {processor.py:830} INFO - Processing file /opt/airflow/dags/components/gold/post_training/sending_mails.py for tasks to queue
[2024-10-14T04:40:40.852+0000] {logging_mixin.py:188} INFO - [2024-10-14T04:40:40.852+0000] {dagbag.py:540} INFO - Filling up the DagBag from /opt/airflow/dags/components/gold/post_training/sending_mails.py
[2024-10-14T04:40:42.291+0000] {processor.py:842} WARNING - No viable dags retrieved from /opt/airflow/dags/components/gold/post_training/sending_mails.py
[2024-10-14T04:40:42.307+0000] {processor.py:183} INFO - Processing /opt/airflow/dags/components/gold/post_training/sending_mails.py took 1.474 seconds
[2024-10-14T04:41:12.650+0000] {processor.py:161} INFO - Started process (PID=4300) to work on /opt/airflow/dags/components/gold/post_training/sending_mails.py
[2024-10-14T04:41:12.651+0000] {processor.py:830} INFO - Processing file /opt/airflow/dags/components/gold/post_training/sending_mails.py for tasks to queue
[2024-10-14T04:41:12.653+0000] {logging_mixin.py:188} INFO - [2024-10-14T04:41:12.652+0000] {dagbag.py:540} INFO - Filling up the DagBag from /opt/airflow/dags/components/gold/post_training/sending_mails.py
[2024-10-14T04:41:14.119+0000] {processor.py:842} WARNING - No viable dags retrieved from /opt/airflow/dags/components/gold/post_training/sending_mails.py
[2024-10-14T04:41:14.130+0000] {processor.py:183} INFO - Processing /opt/airflow/dags/components/gold/post_training/sending_mails.py took 1.483 seconds
[2024-10-14T04:41:44.530+0000] {processor.py:161} INFO - Started process (PID=4379) to work on /opt/airflow/dags/components/gold/post_training/sending_mails.py
[2024-10-14T04:41:44.532+0000] {processor.py:830} INFO - Processing file /opt/airflow/dags/components/gold/post_training/sending_mails.py for tasks to queue
[2024-10-14T04:41:44.532+0000] {logging_mixin.py:188} INFO - [2024-10-14T04:41:44.532+0000] {dagbag.py:540} INFO - Filling up the DagBag from /opt/airflow/dags/components/gold/post_training/sending_mails.py
[2024-10-14T04:41:45.626+0000] {processor.py:842} WARNING - No viable dags retrieved from /opt/airflow/dags/components/gold/post_training/sending_mails.py
[2024-10-14T04:41:45.638+0000] {processor.py:183} INFO - Processing /opt/airflow/dags/components/gold/post_training/sending_mails.py took 1.110 seconds
[2024-10-14T04:42:16.185+0000] {processor.py:161} INFO - Started process (PID=4456) to work on /opt/airflow/dags/components/gold/post_training/sending_mails.py
[2024-10-14T04:42:16.206+0000] {processor.py:830} INFO - Processing file /opt/airflow/dags/components/gold/post_training/sending_mails.py for tasks to queue
[2024-10-14T04:42:16.209+0000] {logging_mixin.py:188} INFO - [2024-10-14T04:42:16.209+0000] {dagbag.py:540} INFO - Filling up the DagBag from /opt/airflow/dags/components/gold/post_training/sending_mails.py
[2024-10-14T04:42:17.336+0000] {processor.py:842} WARNING - No viable dags retrieved from /opt/airflow/dags/components/gold/post_training/sending_mails.py
[2024-10-14T04:42:17.349+0000] {processor.py:183} INFO - Processing /opt/airflow/dags/components/gold/post_training/sending_mails.py took 1.167 seconds
[2024-10-14T04:42:48.221+0000] {processor.py:161} INFO - Started process (PID=4516) to work on /opt/airflow/dags/components/gold/post_training/sending_mails.py
[2024-10-14T04:42:48.222+0000] {processor.py:830} INFO - Processing file /opt/airflow/dags/components/gold/post_training/sending_mails.py for tasks to queue
[2024-10-14T04:42:48.222+0000] {logging_mixin.py:188} INFO - [2024-10-14T04:42:48.222+0000] {dagbag.py:540} INFO - Filling up the DagBag from /opt/airflow/dags/components/gold/post_training/sending_mails.py
[2024-10-14T04:42:49.418+0000] {processor.py:842} WARNING - No viable dags retrieved from /opt/airflow/dags/components/gold/post_training/sending_mails.py
[2024-10-14T04:42:49.426+0000] {processor.py:183} INFO - Processing /opt/airflow/dags/components/gold/post_training/sending_mails.py took 1.208 seconds
[2024-10-14T04:43:19.941+0000] {processor.py:161} INFO - Started process (PID=4591) to work on /opt/airflow/dags/components/gold/post_training/sending_mails.py
[2024-10-14T04:43:19.942+0000] {processor.py:830} INFO - Processing file /opt/airflow/dags/components/gold/post_training/sending_mails.py for tasks to queue
[2024-10-14T04:43:19.943+0000] {logging_mixin.py:188} INFO - [2024-10-14T04:43:19.943+0000] {dagbag.py:540} INFO - Filling up the DagBag from /opt/airflow/dags/components/gold/post_training/sending_mails.py
[2024-10-14T04:43:21.140+0000] {processor.py:842} WARNING - No viable dags retrieved from /opt/airflow/dags/components/gold/post_training/sending_mails.py
[2024-10-14T04:43:21.152+0000] {processor.py:183} INFO - Processing /opt/airflow/dags/components/gold/post_training/sending_mails.py took 1.215 seconds
[2024-10-14T04:43:51.862+0000] {processor.py:161} INFO - Started process (PID=4669) to work on /opt/airflow/dags/components/gold/post_training/sending_mails.py
[2024-10-14T04:43:51.863+0000] {processor.py:830} INFO - Processing file /opt/airflow/dags/components/gold/post_training/sending_mails.py for tasks to queue
[2024-10-14T04:43:51.864+0000] {logging_mixin.py:188} INFO - [2024-10-14T04:43:51.864+0000] {dagbag.py:540} INFO - Filling up the DagBag from /opt/airflow/dags/components/gold/post_training/sending_mails.py
[2024-10-14T04:43:53.088+0000] {processor.py:842} WARNING - No viable dags retrieved from /opt/airflow/dags/components/gold/post_training/sending_mails.py
[2024-10-14T04:43:53.096+0000] {processor.py:183} INFO - Processing /opt/airflow/dags/components/gold/post_training/sending_mails.py took 1.237 seconds
[2024-10-14T04:44:23.797+0000] {processor.py:161} INFO - Started process (PID=4747) to work on /opt/airflow/dags/components/gold/post_training/sending_mails.py
[2024-10-14T04:44:23.798+0000] {processor.py:830} INFO - Processing file /opt/airflow/dags/components/gold/post_training/sending_mails.py for tasks to queue
[2024-10-14T04:44:23.801+0000] {logging_mixin.py:188} INFO - [2024-10-14T04:44:23.801+0000] {dagbag.py:540} INFO - Filling up the DagBag from /opt/airflow/dags/components/gold/post_training/sending_mails.py
[2024-10-14T04:44:25.195+0000] {processor.py:842} WARNING - No viable dags retrieved from /opt/airflow/dags/components/gold/post_training/sending_mails.py
[2024-10-14T04:44:25.204+0000] {processor.py:183} INFO - Processing /opt/airflow/dags/components/gold/post_training/sending_mails.py took 1.411 seconds
[2024-10-14T04:44:55.902+0000] {processor.py:161} INFO - Started process (PID=4825) to work on /opt/airflow/dags/components/gold/post_training/sending_mails.py
[2024-10-14T04:44:55.903+0000] {processor.py:830} INFO - Processing file /opt/airflow/dags/components/gold/post_training/sending_mails.py for tasks to queue
[2024-10-14T04:44:55.906+0000] {logging_mixin.py:188} INFO - [2024-10-14T04:44:55.906+0000] {dagbag.py:540} INFO - Filling up the DagBag from /opt/airflow/dags/components/gold/post_training/sending_mails.py
[2024-10-14T04:44:57.015+0000] {processor.py:842} WARNING - No viable dags retrieved from /opt/airflow/dags/components/gold/post_training/sending_mails.py
[2024-10-14T04:44:57.027+0000] {processor.py:183} INFO - Processing /opt/airflow/dags/components/gold/post_training/sending_mails.py took 1.127 seconds
[2024-10-14T04:45:27.204+0000] {processor.py:161} INFO - Started process (PID=4903) to work on /opt/airflow/dags/components/gold/post_training/sending_mails.py
[2024-10-14T04:45:27.210+0000] {processor.py:830} INFO - Processing file /opt/airflow/dags/components/gold/post_training/sending_mails.py for tasks to queue
[2024-10-14T04:45:27.211+0000] {logging_mixin.py:188} INFO - [2024-10-14T04:45:27.211+0000] {dagbag.py:540} INFO - Filling up the DagBag from /opt/airflow/dags/components/gold/post_training/sending_mails.py
[2024-10-14T04:45:28.443+0000] {processor.py:842} WARNING - No viable dags retrieved from /opt/airflow/dags/components/gold/post_training/sending_mails.py
[2024-10-14T04:45:28.453+0000] {processor.py:183} INFO - Processing /opt/airflow/dags/components/gold/post_training/sending_mails.py took 1.252 seconds
