[2024-10-16T09:57:22.969+0000] {processor.py:161} INFO - Started process (PID=273) to work on /opt/airflow/dags/gold_news_pipeline.py
[2024-10-16T09:57:22.971+0000] {processor.py:830} INFO - Processing file /opt/airflow/dags/gold_news_pipeline.py for tasks to queue
[2024-10-16T09:57:22.972+0000] {logging_mixin.py:188} INFO - [2024-10-16T09:57:22.971+0000] {dagbag.py:540} INFO - Filling up the DagBag from /opt/airflow/dags/gold_news_pipeline.py
[2024-10-16T09:57:23.376+0000] {processor.py:840} INFO - DAG(s) 'Gold_News_pipeline' retrieved from /opt/airflow/dags/gold_news_pipeline.py
[2024-10-16T09:57:23.558+0000] {logging_mixin.py:188} INFO - [2024-10-16T09:57:23.558+0000] {dag.py:3047} INFO - Sync 1 DAGs
[2024-10-16T09:57:23.572+0000] {logging_mixin.py:188} INFO - [2024-10-16T09:57:23.571+0000] {dag.py:3834} INFO - Setting next_dagrun for Gold_News_pipeline to 2024-10-14 00:00:00+00:00, run_after=2024-10-15 00:00:00+00:00
[2024-10-16T09:57:23.602+0000] {processor.py:183} INFO - Processing /opt/airflow/dags/gold_news_pipeline.py took 0.635 seconds
[2024-10-16T09:57:55.213+0000] {processor.py:161} INFO - Started process (PID=353) to work on /opt/airflow/dags/gold_news_pipeline.py
[2024-10-16T09:57:55.214+0000] {processor.py:830} INFO - Processing file /opt/airflow/dags/gold_news_pipeline.py for tasks to queue
[2024-10-16T09:57:55.215+0000] {logging_mixin.py:188} INFO - [2024-10-16T09:57:55.215+0000] {dagbag.py:540} INFO - Filling up the DagBag from /opt/airflow/dags/gold_news_pipeline.py
[2024-10-16T09:57:55.651+0000] {processor.py:840} INFO - DAG(s) 'Gold_News_pipeline' retrieved from /opt/airflow/dags/gold_news_pipeline.py
[2024-10-16T09:57:55.696+0000] {logging_mixin.py:188} INFO - [2024-10-16T09:57:55.696+0000] {dag.py:3047} INFO - Sync 1 DAGs
[2024-10-16T09:57:55.710+0000] {logging_mixin.py:188} INFO - [2024-10-16T09:57:55.710+0000] {dag.py:3834} INFO - Setting next_dagrun for Gold_News_pipeline to 2024-10-14 00:00:00+00:00, run_after=2024-10-15 00:00:00+00:00
[2024-10-16T09:57:55.802+0000] {processor.py:183} INFO - Processing /opt/airflow/dags/gold_news_pipeline.py took 0.591 seconds
[2024-10-16T09:58:26.919+0000] {processor.py:161} INFO - Started process (PID=437) to work on /opt/airflow/dags/gold_news_pipeline.py
[2024-10-16T09:58:26.920+0000] {processor.py:830} INFO - Processing file /opt/airflow/dags/gold_news_pipeline.py for tasks to queue
[2024-10-16T09:58:26.922+0000] {logging_mixin.py:188} INFO - [2024-10-16T09:58:26.921+0000] {dagbag.py:540} INFO - Filling up the DagBag from /opt/airflow/dags/gold_news_pipeline.py
[2024-10-16T09:58:27.276+0000] {processor.py:840} INFO - DAG(s) 'Gold_News_pipeline' retrieved from /opt/airflow/dags/gold_news_pipeline.py
[2024-10-16T09:58:27.314+0000] {logging_mixin.py:188} INFO - [2024-10-16T09:58:27.314+0000] {dag.py:3047} INFO - Sync 1 DAGs
[2024-10-16T09:58:27.328+0000] {logging_mixin.py:188} INFO - [2024-10-16T09:58:27.328+0000] {dag.py:3834} INFO - Setting next_dagrun for Gold_News_pipeline to 2024-10-14 00:00:00+00:00, run_after=2024-10-15 00:00:00+00:00
[2024-10-16T09:58:27.344+0000] {processor.py:183} INFO - Processing /opt/airflow/dags/gold_news_pipeline.py took 0.427 seconds
[2024-10-16T09:58:58.279+0000] {processor.py:161} INFO - Started process (PID=515) to work on /opt/airflow/dags/gold_news_pipeline.py
[2024-10-16T09:58:58.280+0000] {processor.py:830} INFO - Processing file /opt/airflow/dags/gold_news_pipeline.py for tasks to queue
[2024-10-16T09:58:58.281+0000] {logging_mixin.py:188} INFO - [2024-10-16T09:58:58.281+0000] {dagbag.py:540} INFO - Filling up the DagBag from /opt/airflow/dags/gold_news_pipeline.py
[2024-10-16T09:58:58.822+0000] {processor.py:840} INFO - DAG(s) 'Gold_News_pipeline' retrieved from /opt/airflow/dags/gold_news_pipeline.py
[2024-10-16T09:58:58.850+0000] {logging_mixin.py:188} INFO - [2024-10-16T09:58:58.850+0000] {dag.py:3047} INFO - Sync 1 DAGs
[2024-10-16T09:58:58.862+0000] {logging_mixin.py:188} INFO - [2024-10-16T09:58:58.862+0000] {dag.py:3834} INFO - Setting next_dagrun for Gold_News_pipeline to 2024-10-14 00:00:00+00:00, run_after=2024-10-15 00:00:00+00:00
[2024-10-16T09:58:58.880+0000] {processor.py:183} INFO - Processing /opt/airflow/dags/gold_news_pipeline.py took 0.604 seconds
[2024-10-16T09:59:29.611+0000] {processor.py:161} INFO - Started process (PID=594) to work on /opt/airflow/dags/gold_news_pipeline.py
[2024-10-16T09:59:29.612+0000] {processor.py:830} INFO - Processing file /opt/airflow/dags/gold_news_pipeline.py for tasks to queue
[2024-10-16T09:59:29.613+0000] {logging_mixin.py:188} INFO - [2024-10-16T09:59:29.613+0000] {dagbag.py:540} INFO - Filling up the DagBag from /opt/airflow/dags/gold_news_pipeline.py
[2024-10-16T09:59:30.085+0000] {processor.py:840} INFO - DAG(s) 'Gold_News_pipeline' retrieved from /opt/airflow/dags/gold_news_pipeline.py
[2024-10-16T09:59:30.231+0000] {logging_mixin.py:188} INFO - [2024-10-16T09:59:30.230+0000] {dag.py:3047} INFO - Sync 1 DAGs
[2024-10-16T09:59:30.242+0000] {logging_mixin.py:188} INFO - [2024-10-16T09:59:30.242+0000] {dag.py:3834} INFO - Setting next_dagrun for Gold_News_pipeline to 2024-10-14 00:00:00+00:00, run_after=2024-10-15 00:00:00+00:00
[2024-10-16T09:59:30.274+0000] {processor.py:183} INFO - Processing /opt/airflow/dags/gold_news_pipeline.py took 0.665 seconds
[2024-10-16T10:00:01.396+0000] {processor.py:161} INFO - Started process (PID=673) to work on /opt/airflow/dags/gold_news_pipeline.py
[2024-10-16T10:00:01.397+0000] {processor.py:830} INFO - Processing file /opt/airflow/dags/gold_news_pipeline.py for tasks to queue
[2024-10-16T10:00:01.398+0000] {logging_mixin.py:188} INFO - [2024-10-16T10:00:01.397+0000] {dagbag.py:540} INFO - Filling up the DagBag from /opt/airflow/dags/gold_news_pipeline.py
[2024-10-16T10:00:01.780+0000] {processor.py:840} INFO - DAG(s) 'Gold_News_pipeline' retrieved from /opt/airflow/dags/gold_news_pipeline.py
[2024-10-16T10:00:01.822+0000] {logging_mixin.py:188} INFO - [2024-10-16T10:00:01.822+0000] {dag.py:3047} INFO - Sync 1 DAGs
[2024-10-16T10:00:01.835+0000] {logging_mixin.py:188} INFO - [2024-10-16T10:00:01.835+0000] {dag.py:3834} INFO - Setting next_dagrun for Gold_News_pipeline to 2024-10-14 00:00:00+00:00, run_after=2024-10-15 00:00:00+00:00
[2024-10-16T10:00:01.849+0000] {processor.py:183} INFO - Processing /opt/airflow/dags/gold_news_pipeline.py took 0.455 seconds
[2024-10-16T10:00:33.768+0000] {processor.py:161} INFO - Started process (PID=755) to work on /opt/airflow/dags/gold_news_pipeline.py
[2024-10-16T10:00:33.769+0000] {processor.py:830} INFO - Processing file /opt/airflow/dags/gold_news_pipeline.py for tasks to queue
[2024-10-16T10:00:33.770+0000] {logging_mixin.py:188} INFO - [2024-10-16T10:00:33.770+0000] {dagbag.py:540} INFO - Filling up the DagBag from /opt/airflow/dags/gold_news_pipeline.py
[2024-10-16T10:00:34.119+0000] {processor.py:840} INFO - DAG(s) 'Gold_News_pipeline' retrieved from /opt/airflow/dags/gold_news_pipeline.py
[2024-10-16T10:00:34.158+0000] {logging_mixin.py:188} INFO - [2024-10-16T10:00:34.158+0000] {dag.py:3047} INFO - Sync 1 DAGs
[2024-10-16T10:00:34.172+0000] {logging_mixin.py:188} INFO - [2024-10-16T10:00:34.171+0000] {dag.py:3834} INFO - Setting next_dagrun for Gold_News_pipeline to 2024-10-14 00:00:00+00:00, run_after=2024-10-15 00:00:00+00:00
[2024-10-16T10:00:34.275+0000] {processor.py:183} INFO - Processing /opt/airflow/dags/gold_news_pipeline.py took 0.510 seconds
[2024-10-16T10:01:04.938+0000] {processor.py:161} INFO - Started process (PID=831) to work on /opt/airflow/dags/gold_news_pipeline.py
[2024-10-16T10:01:04.939+0000] {processor.py:830} INFO - Processing file /opt/airflow/dags/gold_news_pipeline.py for tasks to queue
[2024-10-16T10:01:04.940+0000] {logging_mixin.py:188} INFO - [2024-10-16T10:01:04.939+0000] {dagbag.py:540} INFO - Filling up the DagBag from /opt/airflow/dags/gold_news_pipeline.py
[2024-10-16T10:01:05.432+0000] {processor.py:840} INFO - DAG(s) 'Gold_News_pipeline' retrieved from /opt/airflow/dags/gold_news_pipeline.py
[2024-10-16T10:01:05.467+0000] {logging_mixin.py:188} INFO - [2024-10-16T10:01:05.467+0000] {dag.py:3047} INFO - Sync 1 DAGs
[2024-10-16T10:01:05.481+0000] {logging_mixin.py:188} INFO - [2024-10-16T10:01:05.481+0000] {dag.py:3834} INFO - Setting next_dagrun for Gold_News_pipeline to 2024-10-14 00:00:00+00:00, run_after=2024-10-15 00:00:00+00:00
[2024-10-16T10:01:05.498+0000] {processor.py:183} INFO - Processing /opt/airflow/dags/gold_news_pipeline.py took 0.562 seconds
[2024-10-16T10:01:57.776+0000] {processor.py:161} INFO - Started process (PID=1290) to work on /opt/airflow/dags/gold_news_pipeline.py
[2024-10-16T10:01:57.781+0000] {processor.py:830} INFO - Processing file /opt/airflow/dags/gold_news_pipeline.py for tasks to queue
[2024-10-16T10:01:57.783+0000] {logging_mixin.py:188} INFO - [2024-10-16T10:01:57.782+0000] {dagbag.py:540} INFO - Filling up the DagBag from /opt/airflow/dags/gold_news_pipeline.py
[2024-10-16T10:01:59.010+0000] {processor.py:840} INFO - DAG(s) 'Gold_News_pipeline' retrieved from /opt/airflow/dags/gold_news_pipeline.py
[2024-10-16T10:01:59.351+0000] {logging_mixin.py:188} INFO - [2024-10-16T10:01:59.351+0000] {dag.py:3047} INFO - Sync 1 DAGs
[2024-10-16T10:01:59.412+0000] {logging_mixin.py:188} INFO - [2024-10-16T10:01:59.412+0000] {dag.py:3834} INFO - Setting next_dagrun for Gold_News_pipeline to 2024-10-14 00:00:00+00:00, run_after=2024-10-15 00:00:00+00:00
[2024-10-16T10:01:59.500+0000] {processor.py:183} INFO - Processing /opt/airflow/dags/gold_news_pipeline.py took 1.733 seconds
[2024-10-16T10:02:34.081+0000] {processor.py:161} INFO - Started process (PID=1450) to work on /opt/airflow/dags/gold_news_pipeline.py
[2024-10-16T10:02:34.082+0000] {processor.py:830} INFO - Processing file /opt/airflow/dags/gold_news_pipeline.py for tasks to queue
[2024-10-16T10:02:34.084+0000] {logging_mixin.py:188} INFO - [2024-10-16T10:02:34.084+0000] {dagbag.py:540} INFO - Filling up the DagBag from /opt/airflow/dags/gold_news_pipeline.py
[2024-10-16T10:02:35.694+0000] {processor.py:840} INFO - DAG(s) 'Gold_News_pipeline' retrieved from /opt/airflow/dags/gold_news_pipeline.py
[2024-10-16T10:02:35.839+0000] {logging_mixin.py:188} INFO - [2024-10-16T10:02:35.839+0000] {dag.py:3047} INFO - Sync 1 DAGs
[2024-10-16T10:02:35.907+0000] {logging_mixin.py:188} INFO - [2024-10-16T10:02:35.907+0000] {dag.py:3834} INFO - Setting next_dagrun for Gold_News_pipeline to 2024-10-14 00:00:00+00:00, run_after=2024-10-15 00:00:00+00:00
[2024-10-16T10:02:36.038+0000] {processor.py:183} INFO - Processing /opt/airflow/dags/gold_news_pipeline.py took 1.959 seconds
[2024-10-16T10:03:10.078+0000] {processor.py:161} INFO - Started process (PID=1529) to work on /opt/airflow/dags/gold_news_pipeline.py
[2024-10-16T10:03:10.094+0000] {processor.py:830} INFO - Processing file /opt/airflow/dags/gold_news_pipeline.py for tasks to queue
[2024-10-16T10:03:10.103+0000] {logging_mixin.py:188} INFO - [2024-10-16T10:03:10.103+0000] {dagbag.py:540} INFO - Filling up the DagBag from /opt/airflow/dags/gold_news_pipeline.py
[2024-10-16T10:03:12.219+0000] {processor.py:840} INFO - DAG(s) 'Gold_News_pipeline' retrieved from /opt/airflow/dags/gold_news_pipeline.py
[2024-10-16T10:03:12.320+0000] {logging_mixin.py:188} INFO - [2024-10-16T10:03:12.320+0000] {dag.py:3047} INFO - Sync 1 DAGs
[2024-10-16T10:03:12.387+0000] {logging_mixin.py:188} INFO - [2024-10-16T10:03:12.387+0000] {dag.py:3834} INFO - Setting next_dagrun for Gold_News_pipeline to 2024-10-14 00:00:00+00:00, run_after=2024-10-15 00:00:00+00:00
[2024-10-16T10:03:14.476+0000] {processor.py:183} INFO - Processing /opt/airflow/dags/gold_news_pipeline.py took 4.402 seconds
[2024-10-16T10:03:45.422+0000] {processor.py:161} INFO - Started process (PID=1612) to work on /opt/airflow/dags/gold_news_pipeline.py
[2024-10-16T10:03:45.429+0000] {processor.py:830} INFO - Processing file /opt/airflow/dags/gold_news_pipeline.py for tasks to queue
[2024-10-16T10:03:45.440+0000] {logging_mixin.py:188} INFO - [2024-10-16T10:03:45.439+0000] {dagbag.py:540} INFO - Filling up the DagBag from /opt/airflow/dags/gold_news_pipeline.py
[2024-10-16T10:03:47.824+0000] {processor.py:840} INFO - DAG(s) 'Gold_News_pipeline' retrieved from /opt/airflow/dags/gold_news_pipeline.py
[2024-10-16T10:03:47.931+0000] {logging_mixin.py:188} INFO - [2024-10-16T10:03:47.930+0000] {dag.py:3047} INFO - Sync 1 DAGs
[2024-10-16T10:03:48.028+0000] {logging_mixin.py:188} INFO - [2024-10-16T10:03:48.028+0000] {dag.py:3834} INFO - Setting next_dagrun for Gold_News_pipeline to 2024-10-14 00:00:00+00:00, run_after=2024-10-15 00:00:00+00:00
[2024-10-16T10:03:48.120+0000] {processor.py:183} INFO - Processing /opt/airflow/dags/gold_news_pipeline.py took 2.715 seconds
[2024-10-16T10:04:19.963+0000] {processor.py:161} INFO - Started process (PID=1692) to work on /opt/airflow/dags/gold_news_pipeline.py
[2024-10-16T10:04:19.964+0000] {processor.py:830} INFO - Processing file /opt/airflow/dags/gold_news_pipeline.py for tasks to queue
[2024-10-16T10:04:19.967+0000] {logging_mixin.py:188} INFO - [2024-10-16T10:04:19.967+0000] {dagbag.py:540} INFO - Filling up the DagBag from /opt/airflow/dags/gold_news_pipeline.py
[2024-10-16T10:04:21.779+0000] {processor.py:840} INFO - DAG(s) 'Gold_News_pipeline' retrieved from /opt/airflow/dags/gold_news_pipeline.py
[2024-10-16T10:04:21.988+0000] {logging_mixin.py:188} INFO - [2024-10-16T10:04:21.988+0000] {dag.py:3047} INFO - Sync 1 DAGs
[2024-10-16T10:04:22.036+0000] {logging_mixin.py:188} INFO - [2024-10-16T10:04:22.036+0000] {dag.py:3834} INFO - Setting next_dagrun for Gold_News_pipeline to 2024-10-14 00:00:00+00:00, run_after=2024-10-15 00:00:00+00:00
[2024-10-16T10:04:22.102+0000] {processor.py:183} INFO - Processing /opt/airflow/dags/gold_news_pipeline.py took 2.115 seconds
[2024-10-16T10:04:52.603+0000] {processor.py:161} INFO - Started process (PID=1755) to work on /opt/airflow/dags/gold_news_pipeline.py
[2024-10-16T10:04:52.605+0000] {processor.py:830} INFO - Processing file /opt/airflow/dags/gold_news_pipeline.py for tasks to queue
[2024-10-16T10:04:52.615+0000] {logging_mixin.py:188} INFO - [2024-10-16T10:04:52.615+0000] {dagbag.py:540} INFO - Filling up the DagBag from /opt/airflow/dags/gold_news_pipeline.py
[2024-10-16T10:04:54.521+0000] {processor.py:840} INFO - DAG(s) 'Gold_News_pipeline' retrieved from /opt/airflow/dags/gold_news_pipeline.py
[2024-10-16T10:04:54.623+0000] {logging_mixin.py:188} INFO - [2024-10-16T10:04:54.623+0000] {dag.py:3047} INFO - Sync 1 DAGs
[2024-10-16T10:04:54.889+0000] {logging_mixin.py:188} INFO - [2024-10-16T10:04:54.888+0000] {dag.py:3834} INFO - Setting next_dagrun for Gold_News_pipeline to 2024-10-14 00:00:00+00:00, run_after=2024-10-15 00:00:00+00:00
[2024-10-16T10:04:55.020+0000] {processor.py:183} INFO - Processing /opt/airflow/dags/gold_news_pipeline.py took 2.413 seconds
[2024-10-16T10:05:25.277+0000] {processor.py:161} INFO - Started process (PID=1827) to work on /opt/airflow/dags/gold_news_pipeline.py
[2024-10-16T10:05:25.278+0000] {processor.py:830} INFO - Processing file /opt/airflow/dags/gold_news_pipeline.py for tasks to queue
[2024-10-16T10:05:25.278+0000] {logging_mixin.py:188} INFO - [2024-10-16T10:05:25.278+0000] {dagbag.py:540} INFO - Filling up the DagBag from /opt/airflow/dags/gold_news_pipeline.py
[2024-10-16T10:05:27.185+0000] {processor.py:840} INFO - DAG(s) 'Gold_News_pipeline' retrieved from /opt/airflow/dags/gold_news_pipeline.py
[2024-10-16T10:05:27.341+0000] {logging_mixin.py:188} INFO - [2024-10-16T10:05:27.340+0000] {dag.py:3047} INFO - Sync 1 DAGs
[2024-10-16T10:05:27.406+0000] {logging_mixin.py:188} INFO - [2024-10-16T10:05:27.406+0000] {dag.py:3834} INFO - Setting next_dagrun for Gold_News_pipeline to 2024-10-14 00:00:00+00:00, run_after=2024-10-15 00:00:00+00:00
[2024-10-16T10:05:27.811+0000] {processor.py:183} INFO - Processing /opt/airflow/dags/gold_news_pipeline.py took 2.537 seconds
[2024-10-16T10:06:00.008+0000] {processor.py:161} INFO - Started process (PID=1907) to work on /opt/airflow/dags/gold_news_pipeline.py
[2024-10-16T10:06:00.025+0000] {processor.py:830} INFO - Processing file /opt/airflow/dags/gold_news_pipeline.py for tasks to queue
[2024-10-16T10:06:00.026+0000] {logging_mixin.py:188} INFO - [2024-10-16T10:06:00.026+0000] {dagbag.py:540} INFO - Filling up the DagBag from /opt/airflow/dags/gold_news_pipeline.py
[2024-10-16T10:06:02.051+0000] {processor.py:840} INFO - DAG(s) 'Gold_News_pipeline' retrieved from /opt/airflow/dags/gold_news_pipeline.py
[2024-10-16T10:06:02.249+0000] {logging_mixin.py:188} INFO - [2024-10-16T10:06:02.248+0000] {dag.py:3047} INFO - Sync 1 DAGs
[2024-10-16T10:06:02.329+0000] {logging_mixin.py:188} INFO - [2024-10-16T10:06:02.328+0000] {dag.py:3834} INFO - Setting next_dagrun for Gold_News_pipeline to 2024-10-14 00:00:00+00:00, run_after=2024-10-15 00:00:00+00:00
[2024-10-16T10:06:02.465+0000] {processor.py:183} INFO - Processing /opt/airflow/dags/gold_news_pipeline.py took 2.461 seconds
[2024-10-16T10:06:33.879+0000] {processor.py:161} INFO - Started process (PID=1985) to work on /opt/airflow/dags/gold_news_pipeline.py
[2024-10-16T10:06:33.885+0000] {processor.py:830} INFO - Processing file /opt/airflow/dags/gold_news_pipeline.py for tasks to queue
[2024-10-16T10:06:33.886+0000] {logging_mixin.py:188} INFO - [2024-10-16T10:06:33.886+0000] {dagbag.py:540} INFO - Filling up the DagBag from /opt/airflow/dags/gold_news_pipeline.py
[2024-10-16T10:06:35.850+0000] {processor.py:840} INFO - DAG(s) 'Gold_News_pipeline' retrieved from /opt/airflow/dags/gold_news_pipeline.py
[2024-10-16T10:06:35.934+0000] {logging_mixin.py:188} INFO - [2024-10-16T10:06:35.934+0000] {dag.py:3047} INFO - Sync 1 DAGs
[2024-10-16T10:06:35.975+0000] {logging_mixin.py:188} INFO - [2024-10-16T10:06:35.974+0000] {dag.py:3834} INFO - Setting next_dagrun for Gold_News_pipeline to 2024-10-14 00:00:00+00:00, run_after=2024-10-15 00:00:00+00:00
[2024-10-16T10:06:36.061+0000] {processor.py:183} INFO - Processing /opt/airflow/dags/gold_news_pipeline.py took 2.185 seconds
[2024-10-16T10:07:07.149+0000] {processor.py:161} INFO - Started process (PID=2069) to work on /opt/airflow/dags/gold_news_pipeline.py
[2024-10-16T10:07:07.176+0000] {processor.py:830} INFO - Processing file /opt/airflow/dags/gold_news_pipeline.py for tasks to queue
[2024-10-16T10:07:07.195+0000] {logging_mixin.py:188} INFO - [2024-10-16T10:07:07.195+0000] {dagbag.py:540} INFO - Filling up the DagBag from /opt/airflow/dags/gold_news_pipeline.py
[2024-10-16T10:07:08.727+0000] {processor.py:840} INFO - DAG(s) 'Gold_News_pipeline' retrieved from /opt/airflow/dags/gold_news_pipeline.py
[2024-10-16T10:07:08.895+0000] {logging_mixin.py:188} INFO - [2024-10-16T10:07:08.895+0000] {dag.py:3047} INFO - Sync 1 DAGs
[2024-10-16T10:07:08.966+0000] {logging_mixin.py:188} INFO - [2024-10-16T10:07:08.966+0000] {dag.py:3834} INFO - Setting next_dagrun for Gold_News_pipeline to 2024-10-14 00:00:00+00:00, run_after=2024-10-15 00:00:00+00:00
[2024-10-16T10:07:09.013+0000] {processor.py:183} INFO - Processing /opt/airflow/dags/gold_news_pipeline.py took 1.868 seconds
[2024-10-16T10:07:39.563+0000] {processor.py:161} INFO - Started process (PID=2128) to work on /opt/airflow/dags/gold_news_pipeline.py
[2024-10-16T10:07:39.564+0000] {processor.py:830} INFO - Processing file /opt/airflow/dags/gold_news_pipeline.py for tasks to queue
[2024-10-16T10:07:39.565+0000] {logging_mixin.py:188} INFO - [2024-10-16T10:07:39.564+0000] {dagbag.py:540} INFO - Filling up the DagBag from /opt/airflow/dags/gold_news_pipeline.py
[2024-10-16T10:07:41.423+0000] {processor.py:840} INFO - DAG(s) 'Gold_News_pipeline' retrieved from /opt/airflow/dags/gold_news_pipeline.py
[2024-10-16T10:07:41.547+0000] {logging_mixin.py:188} INFO - [2024-10-16T10:07:41.547+0000] {dag.py:3047} INFO - Sync 1 DAGs
[2024-10-16T10:07:41.602+0000] {logging_mixin.py:188} INFO - [2024-10-16T10:07:41.602+0000] {dag.py:3834} INFO - Setting next_dagrun for Gold_News_pipeline to 2024-10-14 00:00:00+00:00, run_after=2024-10-15 00:00:00+00:00
[2024-10-16T10:07:41.985+0000] {processor.py:183} INFO - Processing /opt/airflow/dags/gold_news_pipeline.py took 2.424 seconds
[2024-10-16T10:08:12.824+0000] {processor.py:161} INFO - Started process (PID=2205) to work on /opt/airflow/dags/gold_news_pipeline.py
[2024-10-16T10:08:12.827+0000] {processor.py:830} INFO - Processing file /opt/airflow/dags/gold_news_pipeline.py for tasks to queue
[2024-10-16T10:08:12.828+0000] {logging_mixin.py:188} INFO - [2024-10-16T10:08:12.828+0000] {dagbag.py:540} INFO - Filling up the DagBag from /opt/airflow/dags/gold_news_pipeline.py
[2024-10-16T10:08:14.809+0000] {processor.py:840} INFO - DAG(s) 'Gold_News_pipeline' retrieved from /opt/airflow/dags/gold_news_pipeline.py
[2024-10-16T10:08:14.989+0000] {logging_mixin.py:188} INFO - [2024-10-16T10:08:14.989+0000] {dag.py:3047} INFO - Sync 1 DAGs
[2024-10-16T10:08:15.010+0000] {logging_mixin.py:188} INFO - [2024-10-16T10:08:15.010+0000] {dag.py:3834} INFO - Setting next_dagrun for Gold_News_pipeline to 2024-10-14 00:00:00+00:00, run_after=2024-10-15 00:00:00+00:00
[2024-10-16T10:08:15.130+0000] {processor.py:183} INFO - Processing /opt/airflow/dags/gold_news_pipeline.py took 2.309 seconds
[2024-10-16T10:08:45.420+0000] {processor.py:161} INFO - Started process (PID=2282) to work on /opt/airflow/dags/gold_news_pipeline.py
[2024-10-16T10:08:45.433+0000] {processor.py:830} INFO - Processing file /opt/airflow/dags/gold_news_pipeline.py for tasks to queue
[2024-10-16T10:08:45.443+0000] {logging_mixin.py:188} INFO - [2024-10-16T10:08:45.442+0000] {dagbag.py:540} INFO - Filling up the DagBag from /opt/airflow/dags/gold_news_pipeline.py
[2024-10-16T10:08:47.442+0000] {processor.py:840} INFO - DAG(s) 'Gold_News_pipeline' retrieved from /opt/airflow/dags/gold_news_pipeline.py
[2024-10-16T10:08:47.506+0000] {logging_mixin.py:188} INFO - [2024-10-16T10:08:47.505+0000] {dag.py:3047} INFO - Sync 1 DAGs
[2024-10-16T10:08:47.527+0000] {logging_mixin.py:188} INFO - [2024-10-16T10:08:47.526+0000] {dag.py:3834} INFO - Setting next_dagrun for Gold_News_pipeline to 2024-10-14 00:00:00+00:00, run_after=2024-10-15 00:00:00+00:00
[2024-10-16T10:08:47.556+0000] {processor.py:183} INFO - Processing /opt/airflow/dags/gold_news_pipeline.py took 2.142 seconds
[2024-10-16T10:09:17.803+0000] {processor.py:161} INFO - Started process (PID=2361) to work on /opt/airflow/dags/gold_news_pipeline.py
[2024-10-16T10:09:17.804+0000] {processor.py:830} INFO - Processing file /opt/airflow/dags/gold_news_pipeline.py for tasks to queue
[2024-10-16T10:09:17.838+0000] {logging_mixin.py:188} INFO - [2024-10-16T10:09:17.838+0000] {dagbag.py:540} INFO - Filling up the DagBag from /opt/airflow/dags/gold_news_pipeline.py
[2024-10-16T10:09:20.124+0000] {processor.py:840} INFO - DAG(s) 'Gold_News_pipeline' retrieved from /opt/airflow/dags/gold_news_pipeline.py
[2024-10-16T10:09:20.322+0000] {logging_mixin.py:188} INFO - [2024-10-16T10:09:20.321+0000] {dag.py:3047} INFO - Sync 1 DAGs
[2024-10-16T10:09:20.350+0000] {logging_mixin.py:188} INFO - [2024-10-16T10:09:20.349+0000] {dag.py:3834} INFO - Setting next_dagrun for Gold_News_pipeline to 2024-10-14 00:00:00+00:00, run_after=2024-10-15 00:00:00+00:00
[2024-10-16T10:09:20.545+0000] {processor.py:183} INFO - Processing /opt/airflow/dags/gold_news_pipeline.py took 2.745 seconds
[2024-10-16T10:09:50.948+0000] {processor.py:161} INFO - Started process (PID=2440) to work on /opt/airflow/dags/gold_news_pipeline.py
[2024-10-16T10:09:50.954+0000] {processor.py:830} INFO - Processing file /opt/airflow/dags/gold_news_pipeline.py for tasks to queue
[2024-10-16T10:09:50.962+0000] {logging_mixin.py:188} INFO - [2024-10-16T10:09:50.962+0000] {dagbag.py:540} INFO - Filling up the DagBag from /opt/airflow/dags/gold_news_pipeline.py
[2024-10-16T10:09:52.694+0000] {processor.py:840} INFO - DAG(s) 'Gold_News_pipeline' retrieved from /opt/airflow/dags/gold_news_pipeline.py
[2024-10-16T10:09:52.831+0000] {logging_mixin.py:188} INFO - [2024-10-16T10:09:52.831+0000] {dag.py:3047} INFO - Sync 1 DAGs
[2024-10-16T10:09:52.888+0000] {logging_mixin.py:188} INFO - [2024-10-16T10:09:52.874+0000] {dag.py:3834} INFO - Setting next_dagrun for Gold_News_pipeline to 2024-10-14 00:00:00+00:00, run_after=2024-10-15 00:00:00+00:00
[2024-10-16T10:09:53.429+0000] {processor.py:183} INFO - Processing /opt/airflow/dags/gold_news_pipeline.py took 2.484 seconds
[2024-10-16T10:10:23.546+0000] {processor.py:161} INFO - Started process (PID=2525) to work on /opt/airflow/dags/gold_news_pipeline.py
[2024-10-16T10:10:23.549+0000] {processor.py:830} INFO - Processing file /opt/airflow/dags/gold_news_pipeline.py for tasks to queue
[2024-10-16T10:10:23.566+0000] {logging_mixin.py:188} INFO - [2024-10-16T10:10:23.565+0000] {dagbag.py:540} INFO - Filling up the DagBag from /opt/airflow/dags/gold_news_pipeline.py
[2024-10-16T10:10:25.859+0000] {processor.py:840} INFO - DAG(s) 'Gold_News_pipeline' retrieved from /opt/airflow/dags/gold_news_pipeline.py
[2024-10-16T10:10:26.016+0000] {logging_mixin.py:188} INFO - [2024-10-16T10:10:26.015+0000] {dag.py:3047} INFO - Sync 1 DAGs
[2024-10-16T10:10:26.089+0000] {logging_mixin.py:188} INFO - [2024-10-16T10:10:26.089+0000] {dag.py:3834} INFO - Setting next_dagrun for Gold_News_pipeline to 2024-10-14 00:00:00+00:00, run_after=2024-10-15 00:00:00+00:00
[2024-10-16T10:10:26.185+0000] {processor.py:183} INFO - Processing /opt/airflow/dags/gold_news_pipeline.py took 2.642 seconds
[2024-10-16T10:10:57.275+0000] {processor.py:161} INFO - Started process (PID=2602) to work on /opt/airflow/dags/gold_news_pipeline.py
[2024-10-16T10:10:57.280+0000] {processor.py:830} INFO - Processing file /opt/airflow/dags/gold_news_pipeline.py for tasks to queue
[2024-10-16T10:10:57.285+0000] {logging_mixin.py:188} INFO - [2024-10-16T10:10:57.285+0000] {dagbag.py:540} INFO - Filling up the DagBag from /opt/airflow/dags/gold_news_pipeline.py
[2024-10-16T10:10:59.327+0000] {processor.py:840} INFO - DAG(s) 'Gold_News_pipeline' retrieved from /opt/airflow/dags/gold_news_pipeline.py
[2024-10-16T10:10:59.365+0000] {logging_mixin.py:188} INFO - [2024-10-16T10:10:59.365+0000] {dag.py:3047} INFO - Sync 1 DAGs
[2024-10-16T10:10:59.410+0000] {logging_mixin.py:188} INFO - [2024-10-16T10:10:59.409+0000] {dag.py:3834} INFO - Setting next_dagrun for Gold_News_pipeline to 2024-10-14 00:00:00+00:00, run_after=2024-10-15 00:00:00+00:00
[2024-10-16T10:10:59.661+0000] {processor.py:183} INFO - Processing /opt/airflow/dags/gold_news_pipeline.py took 2.389 seconds
[2024-10-16T10:11:29.874+0000] {processor.py:161} INFO - Started process (PID=2662) to work on /opt/airflow/dags/gold_news_pipeline.py
[2024-10-16T10:11:29.875+0000] {processor.py:830} INFO - Processing file /opt/airflow/dags/gold_news_pipeline.py for tasks to queue
[2024-10-16T10:11:29.875+0000] {logging_mixin.py:188} INFO - [2024-10-16T10:11:29.875+0000] {dagbag.py:540} INFO - Filling up the DagBag from /opt/airflow/dags/gold_news_pipeline.py
[2024-10-16T10:11:31.774+0000] {processor.py:840} INFO - DAG(s) 'Gold_News_pipeline' retrieved from /opt/airflow/dags/gold_news_pipeline.py
[2024-10-16T10:11:32.424+0000] {logging_mixin.py:188} INFO - [2024-10-16T10:11:32.416+0000] {dag.py:3047} INFO - Sync 1 DAGs
[2024-10-16T10:11:32.475+0000] {logging_mixin.py:188} INFO - [2024-10-16T10:11:32.475+0000] {dag.py:3834} INFO - Setting next_dagrun for Gold_News_pipeline to 2024-10-14 00:00:00+00:00, run_after=2024-10-15 00:00:00+00:00
[2024-10-16T10:11:32.532+0000] {processor.py:183} INFO - Processing /opt/airflow/dags/gold_news_pipeline.py took 2.661 seconds
[2024-10-16T10:12:02.787+0000] {processor.py:161} INFO - Started process (PID=2735) to work on /opt/airflow/dags/gold_news_pipeline.py
[2024-10-16T10:12:02.788+0000] {processor.py:830} INFO - Processing file /opt/airflow/dags/gold_news_pipeline.py for tasks to queue
[2024-10-16T10:12:02.789+0000] {logging_mixin.py:188} INFO - [2024-10-16T10:12:02.789+0000] {dagbag.py:540} INFO - Filling up the DagBag from /opt/airflow/dags/gold_news_pipeline.py
[2024-10-16T10:12:04.222+0000] {processor.py:840} INFO - DAG(s) 'Gold_News_pipeline' retrieved from /opt/airflow/dags/gold_news_pipeline.py
[2024-10-16T10:12:04.379+0000] {logging_mixin.py:188} INFO - [2024-10-16T10:12:04.379+0000] {dag.py:3047} INFO - Sync 1 DAGs
[2024-10-16T10:12:04.435+0000] {logging_mixin.py:188} INFO - [2024-10-16T10:12:04.423+0000] {dag.py:3834} INFO - Setting next_dagrun for Gold_News_pipeline to 2024-10-14 00:00:00+00:00, run_after=2024-10-15 00:00:00+00:00
[2024-10-16T10:12:04.705+0000] {processor.py:183} INFO - Processing /opt/airflow/dags/gold_news_pipeline.py took 1.921 seconds
[2024-10-16T10:12:35.335+0000] {processor.py:161} INFO - Started process (PID=2813) to work on /opt/airflow/dags/gold_news_pipeline.py
[2024-10-16T10:12:35.350+0000] {processor.py:830} INFO - Processing file /opt/airflow/dags/gold_news_pipeline.py for tasks to queue
[2024-10-16T10:12:35.357+0000] {logging_mixin.py:188} INFO - [2024-10-16T10:12:35.357+0000] {dagbag.py:540} INFO - Filling up the DagBag from /opt/airflow/dags/gold_news_pipeline.py
[2024-10-16T10:12:37.450+0000] {processor.py:840} INFO - DAG(s) 'Gold_News_pipeline' retrieved from /opt/airflow/dags/gold_news_pipeline.py
[2024-10-16T10:12:37.534+0000] {logging_mixin.py:188} INFO - [2024-10-16T10:12:37.534+0000] {dag.py:3047} INFO - Sync 1 DAGs
[2024-10-16T10:12:37.576+0000] {logging_mixin.py:188} INFO - [2024-10-16T10:12:37.576+0000] {dag.py:3834} INFO - Setting next_dagrun for Gold_News_pipeline to 2024-10-14 00:00:00+00:00, run_after=2024-10-15 00:00:00+00:00
[2024-10-16T10:12:37.674+0000] {processor.py:183} INFO - Processing /opt/airflow/dags/gold_news_pipeline.py took 2.341 seconds
[2024-10-16T10:13:08.134+0000] {processor.py:161} INFO - Started process (PID=2890) to work on /opt/airflow/dags/gold_news_pipeline.py
[2024-10-16T10:13:08.136+0000] {processor.py:830} INFO - Processing file /opt/airflow/dags/gold_news_pipeline.py for tasks to queue
[2024-10-16T10:13:08.137+0000] {logging_mixin.py:188} INFO - [2024-10-16T10:13:08.136+0000] {dagbag.py:540} INFO - Filling up the DagBag from /opt/airflow/dags/gold_news_pipeline.py
[2024-10-16T10:13:10.320+0000] {processor.py:840} INFO - DAG(s) 'Gold_News_pipeline' retrieved from /opt/airflow/dags/gold_news_pipeline.py
[2024-10-16T10:13:10.570+0000] {logging_mixin.py:188} INFO - [2024-10-16T10:13:10.570+0000] {dag.py:3047} INFO - Sync 1 DAGs
[2024-10-16T10:13:10.632+0000] {logging_mixin.py:188} INFO - [2024-10-16T10:13:10.611+0000] {dag.py:3834} INFO - Setting next_dagrun for Gold_News_pipeline to 2024-10-14 00:00:00+00:00, run_after=2024-10-15 00:00:00+00:00
[2024-10-16T10:13:10.684+0000] {processor.py:183} INFO - Processing /opt/airflow/dags/gold_news_pipeline.py took 2.552 seconds
[2024-10-16T10:13:41.253+0000] {processor.py:161} INFO - Started process (PID=2969) to work on /opt/airflow/dags/gold_news_pipeline.py
[2024-10-16T10:13:41.271+0000] {processor.py:830} INFO - Processing file /opt/airflow/dags/gold_news_pipeline.py for tasks to queue
[2024-10-16T10:13:41.279+0000] {logging_mixin.py:188} INFO - [2024-10-16T10:13:41.279+0000] {dagbag.py:540} INFO - Filling up the DagBag from /opt/airflow/dags/gold_news_pipeline.py
[2024-10-16T10:13:43.306+0000] {processor.py:840} INFO - DAG(s) 'Gold_News_pipeline' retrieved from /opt/airflow/dags/gold_news_pipeline.py
[2024-10-16T10:13:43.820+0000] {logging_mixin.py:188} INFO - [2024-10-16T10:13:43.819+0000] {dag.py:3047} INFO - Sync 1 DAGs
[2024-10-16T10:13:43.994+0000] {logging_mixin.py:188} INFO - [2024-10-16T10:13:43.994+0000] {dag.py:3834} INFO - Setting next_dagrun for Gold_News_pipeline to 2024-10-14 00:00:00+00:00, run_after=2024-10-15 00:00:00+00:00
[2024-10-16T10:13:44.132+0000] {processor.py:183} INFO - Processing /opt/airflow/dags/gold_news_pipeline.py took 2.886 seconds
[2024-10-16T10:14:14.436+0000] {processor.py:161} INFO - Started process (PID=3048) to work on /opt/airflow/dags/gold_news_pipeline.py
[2024-10-16T10:14:14.437+0000] {processor.py:830} INFO - Processing file /opt/airflow/dags/gold_news_pipeline.py for tasks to queue
[2024-10-16T10:14:14.438+0000] {logging_mixin.py:188} INFO - [2024-10-16T10:14:14.438+0000] {dagbag.py:540} INFO - Filling up the DagBag from /opt/airflow/dags/gold_news_pipeline.py
[2024-10-16T10:14:16.083+0000] {processor.py:840} INFO - DAG(s) 'Gold_News_pipeline' retrieved from /opt/airflow/dags/gold_news_pipeline.py
[2024-10-16T10:14:16.219+0000] {logging_mixin.py:188} INFO - [2024-10-16T10:14:16.218+0000] {dag.py:3047} INFO - Sync 1 DAGs
[2024-10-16T10:14:16.255+0000] {logging_mixin.py:188} INFO - [2024-10-16T10:14:16.255+0000] {dag.py:3834} INFO - Setting next_dagrun for Gold_News_pipeline to 2024-10-14 00:00:00+00:00, run_after=2024-10-15 00:00:00+00:00
[2024-10-16T10:14:16.358+0000] {processor.py:183} INFO - Processing /opt/airflow/dags/gold_news_pipeline.py took 1.926 seconds
[2024-10-16T10:14:46.789+0000] {processor.py:161} INFO - Started process (PID=3126) to work on /opt/airflow/dags/gold_news_pipeline.py
[2024-10-16T10:14:46.790+0000] {processor.py:830} INFO - Processing file /opt/airflow/dags/gold_news_pipeline.py for tasks to queue
[2024-10-16T10:14:46.791+0000] {logging_mixin.py:188} INFO - [2024-10-16T10:14:46.791+0000] {dagbag.py:540} INFO - Filling up the DagBag from /opt/airflow/dags/gold_news_pipeline.py
[2024-10-16T10:14:48.518+0000] {processor.py:840} INFO - DAG(s) 'Gold_News_pipeline' retrieved from /opt/airflow/dags/gold_news_pipeline.py
[2024-10-16T10:14:48.664+0000] {logging_mixin.py:188} INFO - [2024-10-16T10:14:48.663+0000] {dag.py:3047} INFO - Sync 1 DAGs
[2024-10-16T10:14:48.697+0000] {logging_mixin.py:188} INFO - [2024-10-16T10:14:48.697+0000] {dag.py:3834} INFO - Setting next_dagrun for Gold_News_pipeline to 2024-10-14 00:00:00+00:00, run_after=2024-10-15 00:00:00+00:00
[2024-10-16T10:14:49.378+0000] {processor.py:183} INFO - Processing /opt/airflow/dags/gold_news_pipeline.py took 2.592 seconds
[2024-10-16T10:15:20.350+0000] {processor.py:161} INFO - Started process (PID=3205) to work on /opt/airflow/dags/gold_news_pipeline.py
[2024-10-16T10:15:20.357+0000] {processor.py:830} INFO - Processing file /opt/airflow/dags/gold_news_pipeline.py for tasks to queue
[2024-10-16T10:15:20.358+0000] {logging_mixin.py:188} INFO - [2024-10-16T10:15:20.358+0000] {dagbag.py:540} INFO - Filling up the DagBag from /opt/airflow/dags/gold_news_pipeline.py
[2024-10-16T10:15:23.590+0000] {processor.py:840} INFO - DAG(s) 'Gold_News_pipeline' retrieved from /opt/airflow/dags/gold_news_pipeline.py
[2024-10-16T10:15:23.809+0000] {logging_mixin.py:188} INFO - [2024-10-16T10:15:23.808+0000] {dag.py:3047} INFO - Sync 1 DAGs
[2024-10-16T10:15:23.833+0000] {logging_mixin.py:188} INFO - [2024-10-16T10:15:23.833+0000] {dag.py:3834} INFO - Setting next_dagrun for Gold_News_pipeline to 2024-10-14 00:00:00+00:00, run_after=2024-10-15 00:00:00+00:00
[2024-10-16T10:15:23.949+0000] {processor.py:183} INFO - Processing /opt/airflow/dags/gold_news_pipeline.py took 3.604 seconds
[2024-10-16T10:15:54.700+0000] {processor.py:161} INFO - Started process (PID=3285) to work on /opt/airflow/dags/gold_news_pipeline.py
[2024-10-16T10:15:54.701+0000] {processor.py:830} INFO - Processing file /opt/airflow/dags/gold_news_pipeline.py for tasks to queue
[2024-10-16T10:15:54.704+0000] {logging_mixin.py:188} INFO - [2024-10-16T10:15:54.703+0000] {dagbag.py:540} INFO - Filling up the DagBag from /opt/airflow/dags/gold_news_pipeline.py
[2024-10-16T10:15:56.670+0000] {processor.py:840} INFO - DAG(s) 'Gold_News_pipeline' retrieved from /opt/airflow/dags/gold_news_pipeline.py
[2024-10-16T10:15:57.290+0000] {logging_mixin.py:188} INFO - [2024-10-16T10:15:57.289+0000] {dag.py:3047} INFO - Sync 1 DAGs
[2024-10-16T10:15:57.358+0000] {logging_mixin.py:188} INFO - [2024-10-16T10:15:57.357+0000] {dag.py:3834} INFO - Setting next_dagrun for Gold_News_pipeline to 2024-10-14 00:00:00+00:00, run_after=2024-10-15 00:00:00+00:00
[2024-10-16T10:15:57.427+0000] {processor.py:183} INFO - Processing /opt/airflow/dags/gold_news_pipeline.py took 2.729 seconds
[2024-10-16T10:16:27.919+0000] {processor.py:161} INFO - Started process (PID=3369) to work on /opt/airflow/dags/gold_news_pipeline.py
[2024-10-16T10:16:27.927+0000] {processor.py:830} INFO - Processing file /opt/airflow/dags/gold_news_pipeline.py for tasks to queue
[2024-10-16T10:16:27.928+0000] {logging_mixin.py:188} INFO - [2024-10-16T10:16:27.928+0000] {dagbag.py:540} INFO - Filling up the DagBag from /opt/airflow/dags/gold_news_pipeline.py
[2024-10-16T10:16:29.278+0000] {processor.py:840} INFO - DAG(s) 'Gold_News_pipeline' retrieved from /opt/airflow/dags/gold_news_pipeline.py
[2024-10-16T10:16:29.370+0000] {logging_mixin.py:188} INFO - [2024-10-16T10:16:29.369+0000] {dag.py:3047} INFO - Sync 1 DAGs
[2024-10-16T10:16:29.390+0000] {logging_mixin.py:188} INFO - [2024-10-16T10:16:29.389+0000] {dag.py:3834} INFO - Setting next_dagrun for Gold_News_pipeline to 2024-10-14 00:00:00+00:00, run_after=2024-10-15 00:00:00+00:00
[2024-10-16T10:16:29.414+0000] {processor.py:183} INFO - Processing /opt/airflow/dags/gold_news_pipeline.py took 1.497 seconds
[2024-10-16T10:16:59.605+0000] {processor.py:161} INFO - Started process (PID=3447) to work on /opt/airflow/dags/gold_news_pipeline.py
[2024-10-16T10:16:59.608+0000] {processor.py:830} INFO - Processing file /opt/airflow/dags/gold_news_pipeline.py for tasks to queue
[2024-10-16T10:16:59.611+0000] {logging_mixin.py:188} INFO - [2024-10-16T10:16:59.610+0000] {dagbag.py:540} INFO - Filling up the DagBag from /opt/airflow/dags/gold_news_pipeline.py
[2024-10-16T10:17:00.968+0000] {processor.py:840} INFO - DAG(s) 'Gold_News_pipeline' retrieved from /opt/airflow/dags/gold_news_pipeline.py
[2024-10-16T10:17:01.109+0000] {logging_mixin.py:188} INFO - [2024-10-16T10:17:01.108+0000] {dag.py:3047} INFO - Sync 1 DAGs
[2024-10-16T10:17:01.196+0000] {logging_mixin.py:188} INFO - [2024-10-16T10:17:01.196+0000] {dag.py:3834} INFO - Setting next_dagrun for Gold_News_pipeline to 2024-10-14 00:00:00+00:00, run_after=2024-10-15 00:00:00+00:00
[2024-10-16T10:17:01.830+0000] {processor.py:183} INFO - Processing /opt/airflow/dags/gold_news_pipeline.py took 2.229 seconds
[2024-10-16T10:17:33.499+0000] {processor.py:161} INFO - Started process (PID=3527) to work on /opt/airflow/dags/gold_news_pipeline.py
[2024-10-16T10:17:33.525+0000] {processor.py:830} INFO - Processing file /opt/airflow/dags/gold_news_pipeline.py for tasks to queue
[2024-10-16T10:17:33.530+0000] {logging_mixin.py:188} INFO - [2024-10-16T10:17:33.529+0000] {dagbag.py:540} INFO - Filling up the DagBag from /opt/airflow/dags/gold_news_pipeline.py
[2024-10-16T10:17:35.351+0000] {processor.py:840} INFO - DAG(s) 'Gold_News_pipeline' retrieved from /opt/airflow/dags/gold_news_pipeline.py
[2024-10-16T10:17:35.646+0000] {logging_mixin.py:188} INFO - [2024-10-16T10:17:35.645+0000] {dag.py:3047} INFO - Sync 1 DAGs
[2024-10-16T10:17:35.692+0000] {logging_mixin.py:188} INFO - [2024-10-16T10:17:35.691+0000] {dag.py:3834} INFO - Setting next_dagrun for Gold_News_pipeline to 2024-10-14 00:00:00+00:00, run_after=2024-10-15 00:00:00+00:00
[2024-10-16T10:17:35.822+0000] {processor.py:183} INFO - Processing /opt/airflow/dags/gold_news_pipeline.py took 2.325 seconds
[2024-10-16T10:18:08.141+0000] {processor.py:161} INFO - Started process (PID=3611) to work on /opt/airflow/dags/gold_news_pipeline.py
[2024-10-16T10:18:08.143+0000] {processor.py:830} INFO - Processing file /opt/airflow/dags/gold_news_pipeline.py for tasks to queue
[2024-10-16T10:18:08.144+0000] {logging_mixin.py:188} INFO - [2024-10-16T10:18:08.144+0000] {dagbag.py:540} INFO - Filling up the DagBag from /opt/airflow/dags/gold_news_pipeline.py
[2024-10-16T10:18:10.001+0000] {processor.py:840} INFO - DAG(s) 'Gold_News_pipeline' retrieved from /opt/airflow/dags/gold_news_pipeline.py
[2024-10-16T10:18:10.158+0000] {logging_mixin.py:188} INFO - [2024-10-16T10:18:10.157+0000] {dag.py:3047} INFO - Sync 1 DAGs
[2024-10-16T10:18:10.183+0000] {logging_mixin.py:188} INFO - [2024-10-16T10:18:10.182+0000] {dag.py:3834} INFO - Setting next_dagrun for Gold_News_pipeline to 2024-10-14 00:00:00+00:00, run_after=2024-10-15 00:00:00+00:00
[2024-10-16T10:18:10.224+0000] {processor.py:183} INFO - Processing /opt/airflow/dags/gold_news_pipeline.py took 2.085 seconds
[2024-10-16T10:18:40.726+0000] {processor.py:161} INFO - Started process (PID=3669) to work on /opt/airflow/dags/gold_news_pipeline.py
[2024-10-16T10:18:40.727+0000] {processor.py:830} INFO - Processing file /opt/airflow/dags/gold_news_pipeline.py for tasks to queue
[2024-10-16T10:18:40.728+0000] {logging_mixin.py:188} INFO - [2024-10-16T10:18:40.728+0000] {dagbag.py:540} INFO - Filling up the DagBag from /opt/airflow/dags/gold_news_pipeline.py
[2024-10-16T10:18:42.725+0000] {processor.py:840} INFO - DAG(s) 'Gold_News_pipeline' retrieved from /opt/airflow/dags/gold_news_pipeline.py
[2024-10-16T10:18:42.906+0000] {logging_mixin.py:188} INFO - [2024-10-16T10:18:42.906+0000] {dag.py:3047} INFO - Sync 1 DAGs
[2024-10-16T10:18:42.959+0000] {logging_mixin.py:188} INFO - [2024-10-16T10:18:42.959+0000] {dag.py:3834} INFO - Setting next_dagrun for Gold_News_pipeline to 2024-10-14 00:00:00+00:00, run_after=2024-10-15 00:00:00+00:00
[2024-10-16T10:18:43.090+0000] {processor.py:183} INFO - Processing /opt/airflow/dags/gold_news_pipeline.py took 2.367 seconds
[2024-10-16T10:19:13.346+0000] {processor.py:161} INFO - Started process (PID=3745) to work on /opt/airflow/dags/gold_news_pipeline.py
[2024-10-16T10:19:13.347+0000] {processor.py:830} INFO - Processing file /opt/airflow/dags/gold_news_pipeline.py for tasks to queue
[2024-10-16T10:19:13.350+0000] {logging_mixin.py:188} INFO - [2024-10-16T10:19:13.348+0000] {dagbag.py:540} INFO - Filling up the DagBag from /opt/airflow/dags/gold_news_pipeline.py
[2024-10-16T10:19:15.274+0000] {processor.py:840} INFO - DAG(s) 'Gold_News_pipeline' retrieved from /opt/airflow/dags/gold_news_pipeline.py
[2024-10-16T10:19:15.380+0000] {logging_mixin.py:188} INFO - [2024-10-16T10:19:15.380+0000] {dag.py:3047} INFO - Sync 1 DAGs
[2024-10-16T10:19:15.623+0000] {logging_mixin.py:188} INFO - [2024-10-16T10:19:15.623+0000] {dag.py:3834} INFO - Setting next_dagrun for Gold_News_pipeline to 2024-10-14 00:00:00+00:00, run_after=2024-10-15 00:00:00+00:00
[2024-10-16T10:19:15.714+0000] {processor.py:183} INFO - Processing /opt/airflow/dags/gold_news_pipeline.py took 2.371 seconds
[2024-10-16T10:19:46.335+0000] {processor.py:161} INFO - Started process (PID=3823) to work on /opt/airflow/dags/gold_news_pipeline.py
[2024-10-16T10:19:46.341+0000] {processor.py:830} INFO - Processing file /opt/airflow/dags/gold_news_pipeline.py for tasks to queue
[2024-10-16T10:19:46.346+0000] {logging_mixin.py:188} INFO - [2024-10-16T10:19:46.346+0000] {dagbag.py:540} INFO - Filling up the DagBag from /opt/airflow/dags/gold_news_pipeline.py
[2024-10-16T10:19:47.758+0000] {processor.py:840} INFO - DAG(s) 'Gold_News_pipeline' retrieved from /opt/airflow/dags/gold_news_pipeline.py
[2024-10-16T10:19:47.915+0000] {logging_mixin.py:188} INFO - [2024-10-16T10:19:47.915+0000] {dag.py:3047} INFO - Sync 1 DAGs
[2024-10-16T10:19:47.935+0000] {logging_mixin.py:188} INFO - [2024-10-16T10:19:47.935+0000] {dag.py:3834} INFO - Setting next_dagrun for Gold_News_pipeline to 2024-10-14 00:00:00+00:00, run_after=2024-10-15 00:00:00+00:00
[2024-10-16T10:19:48.051+0000] {processor.py:183} INFO - Processing /opt/airflow/dags/gold_news_pipeline.py took 1.720 seconds
[2024-10-16T10:20:18.478+0000] {processor.py:161} INFO - Started process (PID=3899) to work on /opt/airflow/dags/gold_news_pipeline.py
[2024-10-16T10:20:18.485+0000] {processor.py:830} INFO - Processing file /opt/airflow/dags/gold_news_pipeline.py for tasks to queue
[2024-10-16T10:20:18.490+0000] {logging_mixin.py:188} INFO - [2024-10-16T10:20:18.488+0000] {dagbag.py:540} INFO - Filling up the DagBag from /opt/airflow/dags/gold_news_pipeline.py
[2024-10-16T10:20:21.093+0000] {processor.py:840} INFO - DAG(s) 'Gold_News_pipeline' retrieved from /opt/airflow/dags/gold_news_pipeline.py
[2024-10-16T10:20:21.163+0000] {logging_mixin.py:188} INFO - [2024-10-16T10:20:21.163+0000] {dag.py:3047} INFO - Sync 1 DAGs
[2024-10-16T10:20:21.248+0000] {logging_mixin.py:188} INFO - [2024-10-16T10:20:21.248+0000] {dag.py:3834} INFO - Setting next_dagrun for Gold_News_pipeline to 2024-10-14 00:00:00+00:00, run_after=2024-10-15 00:00:00+00:00
[2024-10-16T10:20:21.274+0000] {processor.py:183} INFO - Processing /opt/airflow/dags/gold_news_pipeline.py took 2.801 seconds
[2024-10-16T10:20:51.949+0000] {processor.py:161} INFO - Started process (PID=3978) to work on /opt/airflow/dags/gold_news_pipeline.py
[2024-10-16T10:20:51.950+0000] {processor.py:830} INFO - Processing file /opt/airflow/dags/gold_news_pipeline.py for tasks to queue
[2024-10-16T10:20:51.951+0000] {logging_mixin.py:188} INFO - [2024-10-16T10:20:51.951+0000] {dagbag.py:540} INFO - Filling up the DagBag from /opt/airflow/dags/gold_news_pipeline.py
[2024-10-16T10:20:53.239+0000] {processor.py:840} INFO - DAG(s) 'Gold_News_pipeline' retrieved from /opt/airflow/dags/gold_news_pipeline.py
[2024-10-16T10:20:53.626+0000] {logging_mixin.py:188} INFO - [2024-10-16T10:20:53.625+0000] {dag.py:3047} INFO - Sync 1 DAGs
[2024-10-16T10:20:53.646+0000] {logging_mixin.py:188} INFO - [2024-10-16T10:20:53.646+0000] {dag.py:3834} INFO - Setting next_dagrun for Gold_News_pipeline to 2024-10-14 00:00:00+00:00, run_after=2024-10-15 00:00:00+00:00
[2024-10-16T10:20:53.738+0000] {processor.py:183} INFO - Processing /opt/airflow/dags/gold_news_pipeline.py took 1.791 seconds
[2024-10-16T10:21:23.965+0000] {processor.py:161} INFO - Started process (PID=4036) to work on /opt/airflow/dags/gold_news_pipeline.py
[2024-10-16T10:21:23.993+0000] {processor.py:830} INFO - Processing file /opt/airflow/dags/gold_news_pipeline.py for tasks to queue
[2024-10-16T10:21:23.995+0000] {logging_mixin.py:188} INFO - [2024-10-16T10:21:23.994+0000] {dagbag.py:540} INFO - Filling up the DagBag from /opt/airflow/dags/gold_news_pipeline.py
[2024-10-16T10:21:25.494+0000] {processor.py:840} INFO - DAG(s) 'Gold_News_pipeline' retrieved from /opt/airflow/dags/gold_news_pipeline.py
[2024-10-16T10:21:25.584+0000] {logging_mixin.py:188} INFO - [2024-10-16T10:21:25.584+0000] {dag.py:3047} INFO - Sync 1 DAGs
[2024-10-16T10:21:25.662+0000] {logging_mixin.py:188} INFO - [2024-10-16T10:21:25.662+0000] {dag.py:3834} INFO - Setting next_dagrun for Gold_News_pipeline to 2024-10-14 00:00:00+00:00, run_after=2024-10-15 00:00:00+00:00
[2024-10-16T10:21:26.032+0000] {processor.py:183} INFO - Processing /opt/airflow/dags/gold_news_pipeline.py took 2.069 seconds
[2024-10-16T10:21:56.393+0000] {processor.py:161} INFO - Started process (PID=4113) to work on /opt/airflow/dags/gold_news_pipeline.py
[2024-10-16T10:21:56.394+0000] {processor.py:830} INFO - Processing file /opt/airflow/dags/gold_news_pipeline.py for tasks to queue
[2024-10-16T10:21:56.394+0000] {logging_mixin.py:188} INFO - [2024-10-16T10:21:56.394+0000] {dagbag.py:540} INFO - Filling up the DagBag from /opt/airflow/dags/gold_news_pipeline.py
[2024-10-16T10:21:57.955+0000] {processor.py:840} INFO - DAG(s) 'Gold_News_pipeline' retrieved from /opt/airflow/dags/gold_news_pipeline.py
[2024-10-16T10:21:58.059+0000] {logging_mixin.py:188} INFO - [2024-10-16T10:21:58.059+0000] {dag.py:3047} INFO - Sync 1 DAGs
[2024-10-16T10:21:58.103+0000] {logging_mixin.py:188} INFO - [2024-10-16T10:21:58.103+0000] {dag.py:3834} INFO - Setting next_dagrun for Gold_News_pipeline to 2024-10-14 00:00:00+00:00, run_after=2024-10-15 00:00:00+00:00
[2024-10-16T10:21:58.331+0000] {processor.py:183} INFO - Processing /opt/airflow/dags/gold_news_pipeline.py took 1.941 seconds
[2024-10-16T10:22:29.100+0000] {processor.py:161} INFO - Started process (PID=4197) to work on /opt/airflow/dags/gold_news_pipeline.py
[2024-10-16T10:22:29.101+0000] {processor.py:830} INFO - Processing file /opt/airflow/dags/gold_news_pipeline.py for tasks to queue
[2024-10-16T10:22:29.102+0000] {logging_mixin.py:188} INFO - [2024-10-16T10:22:29.102+0000] {dagbag.py:540} INFO - Filling up the DagBag from /opt/airflow/dags/gold_news_pipeline.py
[2024-10-16T10:22:31.279+0000] {processor.py:840} INFO - DAG(s) 'Gold_News_pipeline' retrieved from /opt/airflow/dags/gold_news_pipeline.py
[2024-10-16T10:22:31.395+0000] {logging_mixin.py:188} INFO - [2024-10-16T10:22:31.394+0000] {dag.py:3047} INFO - Sync 1 DAGs
[2024-10-16T10:22:31.453+0000] {logging_mixin.py:188} INFO - [2024-10-16T10:22:31.453+0000] {dag.py:3834} INFO - Setting next_dagrun for Gold_News_pipeline to 2024-10-14 00:00:00+00:00, run_after=2024-10-15 00:00:00+00:00
[2024-10-16T10:22:31.529+0000] {processor.py:183} INFO - Processing /opt/airflow/dags/gold_news_pipeline.py took 2.431 seconds
[2024-10-16T10:23:02.066+0000] {processor.py:161} INFO - Started process (PID=4276) to work on /opt/airflow/dags/gold_news_pipeline.py
[2024-10-16T10:23:02.069+0000] {processor.py:830} INFO - Processing file /opt/airflow/dags/gold_news_pipeline.py for tasks to queue
[2024-10-16T10:23:02.070+0000] {logging_mixin.py:188} INFO - [2024-10-16T10:23:02.070+0000] {dagbag.py:540} INFO - Filling up the DagBag from /opt/airflow/dags/gold_news_pipeline.py
[2024-10-16T10:23:03.953+0000] {processor.py:840} INFO - DAG(s) 'Gold_News_pipeline' retrieved from /opt/airflow/dags/gold_news_pipeline.py
[2024-10-16T10:23:04.121+0000] {logging_mixin.py:188} INFO - [2024-10-16T10:23:04.121+0000] {dag.py:3047} INFO - Sync 1 DAGs
[2024-10-16T10:23:04.151+0000] {logging_mixin.py:188} INFO - [2024-10-16T10:23:04.151+0000] {dag.py:3834} INFO - Setting next_dagrun for Gold_News_pipeline to 2024-10-14 00:00:00+00:00, run_after=2024-10-15 00:00:00+00:00
[2024-10-16T10:23:04.197+0000] {processor.py:183} INFO - Processing /opt/airflow/dags/gold_news_pipeline.py took 2.133 seconds
[2024-10-16T10:23:34.476+0000] {processor.py:161} INFO - Started process (PID=4354) to work on /opt/airflow/dags/gold_news_pipeline.py
[2024-10-16T10:23:34.477+0000] {processor.py:830} INFO - Processing file /opt/airflow/dags/gold_news_pipeline.py for tasks to queue
[2024-10-16T10:23:34.481+0000] {logging_mixin.py:188} INFO - [2024-10-16T10:23:34.481+0000] {dagbag.py:540} INFO - Filling up the DagBag from /opt/airflow/dags/gold_news_pipeline.py
[2024-10-16T10:23:35.972+0000] {processor.py:840} INFO - DAG(s) 'Gold_News_pipeline' retrieved from /opt/airflow/dags/gold_news_pipeline.py
[2024-10-16T10:23:36.020+0000] {logging_mixin.py:188} INFO - [2024-10-16T10:23:36.020+0000] {dag.py:3047} INFO - Sync 1 DAGs
[2024-10-16T10:23:36.037+0000] {logging_mixin.py:188} INFO - [2024-10-16T10:23:36.037+0000] {dag.py:3834} INFO - Setting next_dagrun for Gold_News_pipeline to 2024-10-14 00:00:00+00:00, run_after=2024-10-15 00:00:00+00:00
[2024-10-16T10:23:36.153+0000] {processor.py:183} INFO - Processing /opt/airflow/dags/gold_news_pipeline.py took 1.680 seconds
[2024-10-16T10:24:06.505+0000] {processor.py:161} INFO - Started process (PID=4434) to work on /opt/airflow/dags/gold_news_pipeline.py
[2024-10-16T10:24:06.507+0000] {processor.py:830} INFO - Processing file /opt/airflow/dags/gold_news_pipeline.py for tasks to queue
[2024-10-16T10:24:06.508+0000] {logging_mixin.py:188} INFO - [2024-10-16T10:24:06.507+0000] {dagbag.py:540} INFO - Filling up the DagBag from /opt/airflow/dags/gold_news_pipeline.py
[2024-10-16T10:24:07.936+0000] {processor.py:840} INFO - DAG(s) 'Gold_News_pipeline' retrieved from /opt/airflow/dags/gold_news_pipeline.py
[2024-10-16T10:24:08.113+0000] {logging_mixin.py:188} INFO - [2024-10-16T10:24:08.112+0000] {dag.py:3047} INFO - Sync 1 DAGs
[2024-10-16T10:24:08.172+0000] {logging_mixin.py:188} INFO - [2024-10-16T10:24:08.171+0000] {dag.py:3834} INFO - Setting next_dagrun for Gold_News_pipeline to 2024-10-14 00:00:00+00:00, run_after=2024-10-15 00:00:00+00:00
[2024-10-16T10:24:08.713+0000] {processor.py:183} INFO - Processing /opt/airflow/dags/gold_news_pipeline.py took 2.212 seconds
[2024-10-16T10:24:39.709+0000] {processor.py:161} INFO - Started process (PID=4513) to work on /opt/airflow/dags/gold_news_pipeline.py
[2024-10-16T10:24:39.720+0000] {processor.py:830} INFO - Processing file /opt/airflow/dags/gold_news_pipeline.py for tasks to queue
[2024-10-16T10:24:39.723+0000] {logging_mixin.py:188} INFO - [2024-10-16T10:24:39.723+0000] {dagbag.py:540} INFO - Filling up the DagBag from /opt/airflow/dags/gold_news_pipeline.py
[2024-10-16T10:24:41.596+0000] {processor.py:840} INFO - DAG(s) 'Gold_News_pipeline' retrieved from /opt/airflow/dags/gold_news_pipeline.py
[2024-10-16T10:24:41.745+0000] {logging_mixin.py:188} INFO - [2024-10-16T10:24:41.744+0000] {dag.py:3047} INFO - Sync 1 DAGs
[2024-10-16T10:24:41.804+0000] {logging_mixin.py:188} INFO - [2024-10-16T10:24:41.804+0000] {dag.py:3834} INFO - Setting next_dagrun for Gold_News_pipeline to 2024-10-14 00:00:00+00:00, run_after=2024-10-15 00:00:00+00:00
[2024-10-16T10:24:41.910+0000] {processor.py:183} INFO - Processing /opt/airflow/dags/gold_news_pipeline.py took 2.204 seconds
[2024-10-16T10:25:12.268+0000] {processor.py:161} INFO - Started process (PID=4590) to work on /opt/airflow/dags/gold_news_pipeline.py
[2024-10-16T10:25:12.271+0000] {processor.py:830} INFO - Processing file /opt/airflow/dags/gold_news_pipeline.py for tasks to queue
[2024-10-16T10:25:12.282+0000] {logging_mixin.py:188} INFO - [2024-10-16T10:25:12.282+0000] {dagbag.py:540} INFO - Filling up the DagBag from /opt/airflow/dags/gold_news_pipeline.py
[2024-10-16T10:25:14.077+0000] {processor.py:840} INFO - DAG(s) 'Gold_News_pipeline' retrieved from /opt/airflow/dags/gold_news_pipeline.py
[2024-10-16T10:25:14.143+0000] {logging_mixin.py:188} INFO - [2024-10-16T10:25:14.143+0000] {dag.py:3047} INFO - Sync 1 DAGs
[2024-10-16T10:25:14.206+0000] {logging_mixin.py:188} INFO - [2024-10-16T10:25:14.206+0000] {dag.py:3834} INFO - Setting next_dagrun for Gold_News_pipeline to 2024-10-14 00:00:00+00:00, run_after=2024-10-15 00:00:00+00:00
[2024-10-16T10:25:14.283+0000] {processor.py:183} INFO - Processing /opt/airflow/dags/gold_news_pipeline.py took 2.018 seconds
[2024-10-16T10:25:44.618+0000] {processor.py:161} INFO - Started process (PID=4650) to work on /opt/airflow/dags/gold_news_pipeline.py
[2024-10-16T10:25:44.620+0000] {processor.py:830} INFO - Processing file /opt/airflow/dags/gold_news_pipeline.py for tasks to queue
[2024-10-16T10:25:44.621+0000] {logging_mixin.py:188} INFO - [2024-10-16T10:25:44.621+0000] {dagbag.py:540} INFO - Filling up the DagBag from /opt/airflow/dags/gold_news_pipeline.py
[2024-10-16T10:25:46.436+0000] {processor.py:840} INFO - DAG(s) 'Gold_News_pipeline' retrieved from /opt/airflow/dags/gold_news_pipeline.py
[2024-10-16T10:25:46.522+0000] {logging_mixin.py:188} INFO - [2024-10-16T10:25:46.522+0000] {dag.py:3047} INFO - Sync 1 DAGs
[2024-10-16T10:25:46.541+0000] {logging_mixin.py:188} INFO - [2024-10-16T10:25:46.540+0000] {dag.py:3834} INFO - Setting next_dagrun for Gold_News_pipeline to 2024-10-14 00:00:00+00:00, run_after=2024-10-15 00:00:00+00:00
[2024-10-16T10:25:46.614+0000] {processor.py:183} INFO - Processing /opt/airflow/dags/gold_news_pipeline.py took 1.998 seconds
[2024-10-16T10:26:17.498+0000] {processor.py:161} INFO - Started process (PID=4725) to work on /opt/airflow/dags/gold_news_pipeline.py
[2024-10-16T10:26:17.502+0000] {processor.py:830} INFO - Processing file /opt/airflow/dags/gold_news_pipeline.py for tasks to queue
[2024-10-16T10:26:17.503+0000] {logging_mixin.py:188} INFO - [2024-10-16T10:26:17.502+0000] {dagbag.py:540} INFO - Filling up the DagBag from /opt/airflow/dags/gold_news_pipeline.py
[2024-10-16T10:26:19.043+0000] {processor.py:840} INFO - DAG(s) 'Gold_News_pipeline' retrieved from /opt/airflow/dags/gold_news_pipeline.py
[2024-10-16T10:26:19.147+0000] {logging_mixin.py:188} INFO - [2024-10-16T10:26:19.147+0000] {dag.py:3047} INFO - Sync 1 DAGs
[2024-10-16T10:26:19.193+0000] {logging_mixin.py:188} INFO - [2024-10-16T10:26:19.193+0000] {dag.py:3834} INFO - Setting next_dagrun for Gold_News_pipeline to 2024-10-14 00:00:00+00:00, run_after=2024-10-15 00:00:00+00:00
[2024-10-16T10:26:19.513+0000] {processor.py:183} INFO - Processing /opt/airflow/dags/gold_news_pipeline.py took 2.017 seconds
[2024-10-16T10:26:49.906+0000] {processor.py:161} INFO - Started process (PID=4805) to work on /opt/airflow/dags/gold_news_pipeline.py
[2024-10-16T10:26:49.912+0000] {processor.py:830} INFO - Processing file /opt/airflow/dags/gold_news_pipeline.py for tasks to queue
[2024-10-16T10:26:49.914+0000] {logging_mixin.py:188} INFO - [2024-10-16T10:26:49.914+0000] {dagbag.py:540} INFO - Filling up the DagBag from /opt/airflow/dags/gold_news_pipeline.py
[2024-10-16T10:26:51.887+0000] {processor.py:840} INFO - DAG(s) 'Gold_News_pipeline' retrieved from /opt/airflow/dags/gold_news_pipeline.py
[2024-10-16T10:26:52.076+0000] {logging_mixin.py:188} INFO - [2024-10-16T10:26:52.075+0000] {dag.py:3047} INFO - Sync 1 DAGs
[2024-10-16T10:26:52.120+0000] {logging_mixin.py:188} INFO - [2024-10-16T10:26:52.120+0000] {dag.py:3834} INFO - Setting next_dagrun for Gold_News_pipeline to 2024-10-14 00:00:00+00:00, run_after=2024-10-15 00:00:00+00:00
[2024-10-16T10:26:52.203+0000] {processor.py:183} INFO - Processing /opt/airflow/dags/gold_news_pipeline.py took 2.301 seconds
[2024-10-16T10:27:22.465+0000] {processor.py:161} INFO - Started process (PID=4884) to work on /opt/airflow/dags/gold_news_pipeline.py
[2024-10-16T10:27:22.466+0000] {processor.py:830} INFO - Processing file /opt/airflow/dags/gold_news_pipeline.py for tasks to queue
[2024-10-16T10:27:22.467+0000] {logging_mixin.py:188} INFO - [2024-10-16T10:27:22.467+0000] {dagbag.py:540} INFO - Filling up the DagBag from /opt/airflow/dags/gold_news_pipeline.py
[2024-10-16T10:27:24.561+0000] {processor.py:840} INFO - DAG(s) 'Gold_News_pipeline' retrieved from /opt/airflow/dags/gold_news_pipeline.py
[2024-10-16T10:27:24.621+0000] {logging_mixin.py:188} INFO - [2024-10-16T10:27:24.620+0000] {dag.py:3047} INFO - Sync 1 DAGs
[2024-10-16T10:27:24.656+0000] {logging_mixin.py:188} INFO - [2024-10-16T10:27:24.656+0000] {dag.py:3834} INFO - Setting next_dagrun for Gold_News_pipeline to 2024-10-14 00:00:00+00:00, run_after=2024-10-15 00:00:00+00:00
[2024-10-16T10:27:24.795+0000] {processor.py:183} INFO - Processing /opt/airflow/dags/gold_news_pipeline.py took 2.332 seconds
[2024-10-16T10:27:55.403+0000] {processor.py:161} INFO - Started process (PID=4968) to work on /opt/airflow/dags/gold_news_pipeline.py
[2024-10-16T10:27:55.404+0000] {processor.py:830} INFO - Processing file /opt/airflow/dags/gold_news_pipeline.py for tasks to queue
[2024-10-16T10:27:55.406+0000] {logging_mixin.py:188} INFO - [2024-10-16T10:27:55.406+0000] {dagbag.py:540} INFO - Filling up the DagBag from /opt/airflow/dags/gold_news_pipeline.py
[2024-10-16T10:27:57.118+0000] {processor.py:840} INFO - DAG(s) 'Gold_News_pipeline' retrieved from /opt/airflow/dags/gold_news_pipeline.py
[2024-10-16T10:27:57.303+0000] {logging_mixin.py:188} INFO - [2024-10-16T10:27:57.302+0000] {dag.py:3047} INFO - Sync 1 DAGs
[2024-10-16T10:27:57.343+0000] {logging_mixin.py:188} INFO - [2024-10-16T10:27:57.342+0000] {dag.py:3834} INFO - Setting next_dagrun for Gold_News_pipeline to 2024-10-14 00:00:00+00:00, run_after=2024-10-15 00:00:00+00:00
[2024-10-16T10:27:57.436+0000] {processor.py:183} INFO - Processing /opt/airflow/dags/gold_news_pipeline.py took 2.035 seconds
[2024-10-16T10:28:27.790+0000] {processor.py:161} INFO - Started process (PID=5047) to work on /opt/airflow/dags/gold_news_pipeline.py
[2024-10-16T10:28:27.796+0000] {processor.py:830} INFO - Processing file /opt/airflow/dags/gold_news_pipeline.py for tasks to queue
[2024-10-16T10:28:27.803+0000] {logging_mixin.py:188} INFO - [2024-10-16T10:28:27.803+0000] {dagbag.py:540} INFO - Filling up the DagBag from /opt/airflow/dags/gold_news_pipeline.py
[2024-10-16T10:28:29.338+0000] {processor.py:840} INFO - DAG(s) 'Gold_News_pipeline' retrieved from /opt/airflow/dags/gold_news_pipeline.py
[2024-10-16T10:28:29.467+0000] {logging_mixin.py:188} INFO - [2024-10-16T10:28:29.466+0000] {dag.py:3047} INFO - Sync 1 DAGs
[2024-10-16T10:28:29.577+0000] {logging_mixin.py:188} INFO - [2024-10-16T10:28:29.576+0000] {dag.py:3834} INFO - Setting next_dagrun for Gold_News_pipeline to 2024-10-14 00:00:00+00:00, run_after=2024-10-15 00:00:00+00:00
[2024-10-16T10:28:29.629+0000] {processor.py:183} INFO - Processing /opt/airflow/dags/gold_news_pipeline.py took 1.841 seconds
[2024-10-16T10:28:59.998+0000] {processor.py:161} INFO - Started process (PID=5132) to work on /opt/airflow/dags/gold_news_pipeline.py
[2024-10-16T10:29:00.004+0000] {processor.py:830} INFO - Processing file /opt/airflow/dags/gold_news_pipeline.py for tasks to queue
[2024-10-16T10:29:00.005+0000] {logging_mixin.py:188} INFO - [2024-10-16T10:29:00.005+0000] {dagbag.py:540} INFO - Filling up the DagBag from /opt/airflow/dags/gold_news_pipeline.py
[2024-10-16T10:29:01.621+0000] {processor.py:840} INFO - DAG(s) 'Gold_News_pipeline' retrieved from /opt/airflow/dags/gold_news_pipeline.py
[2024-10-16T10:29:01.693+0000] {logging_mixin.py:188} INFO - [2024-10-16T10:29:01.693+0000] {dag.py:3047} INFO - Sync 1 DAGs
[2024-10-16T10:29:01.840+0000] {logging_mixin.py:188} INFO - [2024-10-16T10:29:01.838+0000] {dag.py:3834} INFO - Setting next_dagrun for Gold_News_pipeline to 2024-10-14 00:00:00+00:00, run_after=2024-10-15 00:00:00+00:00
[2024-10-16T10:29:01.864+0000] {processor.py:183} INFO - Processing /opt/airflow/dags/gold_news_pipeline.py took 1.868 seconds
[2024-10-16T10:29:32.210+0000] {processor.py:161} INFO - Started process (PID=5211) to work on /opt/airflow/dags/gold_news_pipeline.py
[2024-10-16T10:29:32.214+0000] {processor.py:830} INFO - Processing file /opt/airflow/dags/gold_news_pipeline.py for tasks to queue
[2024-10-16T10:29:32.215+0000] {logging_mixin.py:188} INFO - [2024-10-16T10:29:32.214+0000] {dagbag.py:540} INFO - Filling up the DagBag from /opt/airflow/dags/gold_news_pipeline.py
[2024-10-16T10:29:34.107+0000] {processor.py:840} INFO - DAG(s) 'Gold_News_pipeline' retrieved from /opt/airflow/dags/gold_news_pipeline.py
[2024-10-16T10:29:34.158+0000] {logging_mixin.py:188} INFO - [2024-10-16T10:29:34.157+0000] {dag.py:3047} INFO - Sync 1 DAGs
[2024-10-16T10:29:34.189+0000] {logging_mixin.py:188} INFO - [2024-10-16T10:29:34.189+0000] {dag.py:3834} INFO - Setting next_dagrun for Gold_News_pipeline to 2024-10-14 00:00:00+00:00, run_after=2024-10-15 00:00:00+00:00
[2024-10-16T10:29:34.274+0000] {processor.py:183} INFO - Processing /opt/airflow/dags/gold_news_pipeline.py took 2.066 seconds
[2024-10-16T10:30:04.647+0000] {processor.py:161} INFO - Started process (PID=5288) to work on /opt/airflow/dags/gold_news_pipeline.py
[2024-10-16T10:30:04.654+0000] {processor.py:830} INFO - Processing file /opt/airflow/dags/gold_news_pipeline.py for tasks to queue
[2024-10-16T10:30:04.664+0000] {logging_mixin.py:188} INFO - [2024-10-16T10:30:04.664+0000] {dagbag.py:540} INFO - Filling up the DagBag from /opt/airflow/dags/gold_news_pipeline.py
[2024-10-16T10:30:06.262+0000] {processor.py:840} INFO - DAG(s) 'Gold_News_pipeline' retrieved from /opt/airflow/dags/gold_news_pipeline.py
[2024-10-16T10:30:06.325+0000] {logging_mixin.py:188} INFO - [2024-10-16T10:30:06.324+0000] {dag.py:3047} INFO - Sync 1 DAGs
[2024-10-16T10:30:06.373+0000] {logging_mixin.py:188} INFO - [2024-10-16T10:30:06.372+0000] {dag.py:3834} INFO - Setting next_dagrun for Gold_News_pipeline to 2024-10-14 00:00:00+00:00, run_after=2024-10-15 00:00:00+00:00
[2024-10-16T10:30:06.452+0000] {processor.py:183} INFO - Processing /opt/airflow/dags/gold_news_pipeline.py took 1.808 seconds
[2024-10-16T10:30:36.755+0000] {processor.py:161} INFO - Started process (PID=5367) to work on /opt/airflow/dags/gold_news_pipeline.py
[2024-10-16T10:30:36.764+0000] {processor.py:830} INFO - Processing file /opt/airflow/dags/gold_news_pipeline.py for tasks to queue
[2024-10-16T10:30:36.766+0000] {logging_mixin.py:188} INFO - [2024-10-16T10:30:36.765+0000] {dagbag.py:540} INFO - Filling up the DagBag from /opt/airflow/dags/gold_news_pipeline.py
[2024-10-16T10:30:38.523+0000] {processor.py:840} INFO - DAG(s) 'Gold_News_pipeline' retrieved from /opt/airflow/dags/gold_news_pipeline.py
[2024-10-16T10:30:38.667+0000] {logging_mixin.py:188} INFO - [2024-10-16T10:30:38.667+0000] {dag.py:3047} INFO - Sync 1 DAGs
[2024-10-16T10:30:38.714+0000] {logging_mixin.py:188} INFO - [2024-10-16T10:30:38.714+0000] {dag.py:3834} INFO - Setting next_dagrun for Gold_News_pipeline to 2024-10-14 00:00:00+00:00, run_after=2024-10-15 00:00:00+00:00
[2024-10-16T10:30:38.965+0000] {processor.py:183} INFO - Processing /opt/airflow/dags/gold_news_pipeline.py took 2.213 seconds
[2024-10-16T10:31:10.000+0000] {processor.py:161} INFO - Started process (PID=5446) to work on /opt/airflow/dags/gold_news_pipeline.py
[2024-10-16T10:31:10.001+0000] {processor.py:830} INFO - Processing file /opt/airflow/dags/gold_news_pipeline.py for tasks to queue
[2024-10-16T10:31:10.004+0000] {logging_mixin.py:188} INFO - [2024-10-16T10:31:10.003+0000] {dagbag.py:540} INFO - Filling up the DagBag from /opt/airflow/dags/gold_news_pipeline.py
[2024-10-16T10:31:11.808+0000] {processor.py:840} INFO - DAG(s) 'Gold_News_pipeline' retrieved from /opt/airflow/dags/gold_news_pipeline.py
[2024-10-16T10:31:11.922+0000] {logging_mixin.py:188} INFO - [2024-10-16T10:31:11.922+0000] {dag.py:3047} INFO - Sync 1 DAGs
[2024-10-16T10:31:12.001+0000] {logging_mixin.py:188} INFO - [2024-10-16T10:31:12.000+0000] {dag.py:3834} INFO - Setting next_dagrun for Gold_News_pipeline to 2024-10-14 00:00:00+00:00, run_after=2024-10-15 00:00:00+00:00
[2024-10-16T10:31:12.418+0000] {processor.py:183} INFO - Processing /opt/airflow/dags/gold_news_pipeline.py took 2.421 seconds
[2024-10-16T10:31:42.757+0000] {processor.py:161} INFO - Started process (PID=5525) to work on /opt/airflow/dags/gold_news_pipeline.py
[2024-10-16T10:31:42.758+0000] {processor.py:830} INFO - Processing file /opt/airflow/dags/gold_news_pipeline.py for tasks to queue
[2024-10-16T10:31:42.760+0000] {logging_mixin.py:188} INFO - [2024-10-16T10:31:42.759+0000] {dagbag.py:540} INFO - Filling up the DagBag from /opt/airflow/dags/gold_news_pipeline.py
[2024-10-16T10:31:44.664+0000] {processor.py:840} INFO - DAG(s) 'Gold_News_pipeline' retrieved from /opt/airflow/dags/gold_news_pipeline.py
[2024-10-16T10:31:44.772+0000] {logging_mixin.py:188} INFO - [2024-10-16T10:31:44.771+0000] {dag.py:3047} INFO - Sync 1 DAGs
[2024-10-16T10:31:44.839+0000] {logging_mixin.py:188} INFO - [2024-10-16T10:31:44.839+0000] {dag.py:3834} INFO - Setting next_dagrun for Gold_News_pipeline to 2024-10-14 00:00:00+00:00, run_after=2024-10-15 00:00:00+00:00
[2024-10-16T10:31:44.949+0000] {processor.py:183} INFO - Processing /opt/airflow/dags/gold_news_pipeline.py took 2.195 seconds
[2024-10-16T10:32:16.468+0000] {processor.py:161} INFO - Started process (PID=5604) to work on /opt/airflow/dags/gold_news_pipeline.py
[2024-10-16T10:32:16.473+0000] {processor.py:830} INFO - Processing file /opt/airflow/dags/gold_news_pipeline.py for tasks to queue
[2024-10-16T10:32:16.476+0000] {logging_mixin.py:188} INFO - [2024-10-16T10:32:16.476+0000] {dagbag.py:540} INFO - Filling up the DagBag from /opt/airflow/dags/gold_news_pipeline.py
[2024-10-16T10:32:18.036+0000] {processor.py:840} INFO - DAG(s) 'Gold_News_pipeline' retrieved from /opt/airflow/dags/gold_news_pipeline.py
[2024-10-16T10:32:18.169+0000] {logging_mixin.py:188} INFO - [2024-10-16T10:32:18.168+0000] {dag.py:3047} INFO - Sync 1 DAGs
[2024-10-16T10:32:18.249+0000] {logging_mixin.py:188} INFO - [2024-10-16T10:32:18.248+0000] {dag.py:3834} INFO - Setting next_dagrun for Gold_News_pipeline to 2024-10-14 00:00:00+00:00, run_after=2024-10-15 00:00:00+00:00
[2024-10-16T10:32:18.341+0000] {processor.py:183} INFO - Processing /opt/airflow/dags/gold_news_pipeline.py took 1.876 seconds
[2024-10-16T10:32:50.324+0000] {processor.py:161} INFO - Started process (PID=5663) to work on /opt/airflow/dags/gold_news_pipeline.py
[2024-10-16T10:32:50.325+0000] {processor.py:830} INFO - Processing file /opt/airflow/dags/gold_news_pipeline.py for tasks to queue
[2024-10-16T10:32:50.326+0000] {logging_mixin.py:188} INFO - [2024-10-16T10:32:50.326+0000] {dagbag.py:540} INFO - Filling up the DagBag from /opt/airflow/dags/gold_news_pipeline.py
[2024-10-16T10:32:52.434+0000] {processor.py:840} INFO - DAG(s) 'Gold_News_pipeline' retrieved from /opt/airflow/dags/gold_news_pipeline.py
[2024-10-16T10:32:52.605+0000] {logging_mixin.py:188} INFO - [2024-10-16T10:32:52.604+0000] {dag.py:3047} INFO - Sync 1 DAGs
[2024-10-16T10:32:52.653+0000] {logging_mixin.py:188} INFO - [2024-10-16T10:32:52.653+0000] {dag.py:3834} INFO - Setting next_dagrun for Gold_News_pipeline to 2024-10-14 00:00:00+00:00, run_after=2024-10-15 00:00:00+00:00
[2024-10-16T10:32:52.818+0000] {processor.py:183} INFO - Processing /opt/airflow/dags/gold_news_pipeline.py took 2.496 seconds
[2024-10-16T10:33:23.409+0000] {processor.py:161} INFO - Started process (PID=5740) to work on /opt/airflow/dags/gold_news_pipeline.py
[2024-10-16T10:33:23.410+0000] {processor.py:830} INFO - Processing file /opt/airflow/dags/gold_news_pipeline.py for tasks to queue
[2024-10-16T10:33:23.411+0000] {logging_mixin.py:188} INFO - [2024-10-16T10:33:23.411+0000] {dagbag.py:540} INFO - Filling up the DagBag from /opt/airflow/dags/gold_news_pipeline.py
[2024-10-16T10:33:25.298+0000] {processor.py:840} INFO - DAG(s) 'Gold_News_pipeline' retrieved from /opt/airflow/dags/gold_news_pipeline.py
[2024-10-16T10:33:25.454+0000] {logging_mixin.py:188} INFO - [2024-10-16T10:33:25.453+0000] {dag.py:3047} INFO - Sync 1 DAGs
[2024-10-16T10:33:25.604+0000] {logging_mixin.py:188} INFO - [2024-10-16T10:33:25.604+0000] {dag.py:3834} INFO - Setting next_dagrun for Gold_News_pipeline to 2024-10-14 00:00:00+00:00, run_after=2024-10-15 00:00:00+00:00
[2024-10-16T10:33:25.667+0000] {processor.py:183} INFO - Processing /opt/airflow/dags/gold_news_pipeline.py took 2.260 seconds
[2024-10-16T10:33:55.982+0000] {processor.py:161} INFO - Started process (PID=5814) to work on /opt/airflow/dags/gold_news_pipeline.py
[2024-10-16T10:33:55.996+0000] {processor.py:830} INFO - Processing file /opt/airflow/dags/gold_news_pipeline.py for tasks to queue
[2024-10-16T10:33:56.015+0000] {logging_mixin.py:188} INFO - [2024-10-16T10:33:56.015+0000] {dagbag.py:540} INFO - Filling up the DagBag from /opt/airflow/dags/gold_news_pipeline.py
[2024-10-16T10:33:58.024+0000] {processor.py:840} INFO - DAG(s) 'Gold_News_pipeline' retrieved from /opt/airflow/dags/gold_news_pipeline.py
[2024-10-16T10:33:58.099+0000] {logging_mixin.py:188} INFO - [2024-10-16T10:33:58.099+0000] {dag.py:3047} INFO - Sync 1 DAGs
[2024-10-16T10:33:58.119+0000] {logging_mixin.py:188} INFO - [2024-10-16T10:33:58.119+0000] {dag.py:3834} INFO - Setting next_dagrun for Gold_News_pipeline to 2024-10-14 00:00:00+00:00, run_after=2024-10-15 00:00:00+00:00
[2024-10-16T10:33:58.167+0000] {processor.py:183} INFO - Processing /opt/airflow/dags/gold_news_pipeline.py took 2.204 seconds
[2024-10-16T10:34:28.737+0000] {processor.py:161} INFO - Started process (PID=5893) to work on /opt/airflow/dags/gold_news_pipeline.py
[2024-10-16T10:34:28.740+0000] {processor.py:830} INFO - Processing file /opt/airflow/dags/gold_news_pipeline.py for tasks to queue
[2024-10-16T10:34:28.746+0000] {logging_mixin.py:188} INFO - [2024-10-16T10:34:28.746+0000] {dagbag.py:540} INFO - Filling up the DagBag from /opt/airflow/dags/gold_news_pipeline.py
[2024-10-16T10:34:30.248+0000] {processor.py:840} INFO - DAG(s) 'Gold_News_pipeline' retrieved from /opt/airflow/dags/gold_news_pipeline.py
[2024-10-16T10:34:30.465+0000] {logging_mixin.py:188} INFO - [2024-10-16T10:34:30.465+0000] {dag.py:3047} INFO - Sync 1 DAGs
[2024-10-16T10:34:30.539+0000] {logging_mixin.py:188} INFO - [2024-10-16T10:34:30.539+0000] {dag.py:3834} INFO - Setting next_dagrun for Gold_News_pipeline to 2024-10-14 00:00:00+00:00, run_after=2024-10-15 00:00:00+00:00
[2024-10-16T10:34:30.604+0000] {processor.py:183} INFO - Processing /opt/airflow/dags/gold_news_pipeline.py took 1.883 seconds
[2024-10-16T10:35:01.531+0000] {processor.py:161} INFO - Started process (PID=5959) to work on /opt/airflow/dags/gold_news_pipeline.py
[2024-10-16T10:35:01.538+0000] {processor.py:830} INFO - Processing file /opt/airflow/dags/gold_news_pipeline.py for tasks to queue
[2024-10-16T10:35:01.539+0000] {logging_mixin.py:188} INFO - [2024-10-16T10:35:01.538+0000] {dagbag.py:540} INFO - Filling up the DagBag from /opt/airflow/dags/gold_news_pipeline.py
[2024-10-16T10:35:03.647+0000] {processor.py:840} INFO - DAG(s) 'Gold_News_pipeline' retrieved from /opt/airflow/dags/gold_news_pipeline.py
[2024-10-16T10:35:03.708+0000] {logging_mixin.py:188} INFO - [2024-10-16T10:35:03.708+0000] {dag.py:3047} INFO - Sync 1 DAGs
[2024-10-16T10:35:03.790+0000] {logging_mixin.py:188} INFO - [2024-10-16T10:35:03.790+0000] {dag.py:3834} INFO - Setting next_dagrun for Gold_News_pipeline to 2024-10-14 00:00:00+00:00, run_after=2024-10-15 00:00:00+00:00
[2024-10-16T10:35:03.894+0000] {processor.py:183} INFO - Processing /opt/airflow/dags/gold_news_pipeline.py took 2.366 seconds
[2024-10-16T10:35:34.348+0000] {processor.py:161} INFO - Started process (PID=6036) to work on /opt/airflow/dags/gold_news_pipeline.py
[2024-10-16T10:35:34.355+0000] {processor.py:830} INFO - Processing file /opt/airflow/dags/gold_news_pipeline.py for tasks to queue
[2024-10-16T10:35:34.357+0000] {logging_mixin.py:188} INFO - [2024-10-16T10:35:34.357+0000] {dagbag.py:540} INFO - Filling up the DagBag from /opt/airflow/dags/gold_news_pipeline.py
[2024-10-16T10:35:36.285+0000] {processor.py:840} INFO - DAG(s) 'Gold_News_pipeline' retrieved from /opt/airflow/dags/gold_news_pipeline.py
[2024-10-16T10:35:36.470+0000] {logging_mixin.py:188} INFO - [2024-10-16T10:35:36.470+0000] {dag.py:3047} INFO - Sync 1 DAGs
[2024-10-16T10:35:36.511+0000] {logging_mixin.py:188} INFO - [2024-10-16T10:35:36.511+0000] {dag.py:3834} INFO - Setting next_dagrun for Gold_News_pipeline to 2024-10-14 00:00:00+00:00, run_after=2024-10-15 00:00:00+00:00
[2024-10-16T10:35:36.566+0000] {processor.py:183} INFO - Processing /opt/airflow/dags/gold_news_pipeline.py took 2.220 seconds
[2024-10-16T10:36:06.644+0000] {processor.py:161} INFO - Started process (PID=6109) to work on /opt/airflow/dags/gold_news_pipeline.py
[2024-10-16T10:36:06.645+0000] {processor.py:830} INFO - Processing file /opt/airflow/dags/gold_news_pipeline.py for tasks to queue
[2024-10-16T10:36:06.646+0000] {logging_mixin.py:188} INFO - [2024-10-16T10:36:06.645+0000] {dagbag.py:540} INFO - Filling up the DagBag from /opt/airflow/dags/gold_news_pipeline.py
[2024-10-16T10:36:08.240+0000] {processor.py:840} INFO - DAG(s) 'Gold_News_pipeline' retrieved from /opt/airflow/dags/gold_news_pipeline.py
[2024-10-16T10:36:08.406+0000] {logging_mixin.py:188} INFO - [2024-10-16T10:36:08.405+0000] {dag.py:3047} INFO - Sync 1 DAGs
[2024-10-16T10:36:08.455+0000] {logging_mixin.py:188} INFO - [2024-10-16T10:36:08.455+0000] {dag.py:3834} INFO - Setting next_dagrun for Gold_News_pipeline to 2024-10-14 00:00:00+00:00, run_after=2024-10-15 00:00:00+00:00
[2024-10-16T10:36:08.831+0000] {processor.py:183} INFO - Processing /opt/airflow/dags/gold_news_pipeline.py took 2.189 seconds
[2024-10-16T10:36:39.330+0000] {processor.py:161} INFO - Started process (PID=6189) to work on /opt/airflow/dags/gold_news_pipeline.py
[2024-10-16T10:36:39.331+0000] {processor.py:830} INFO - Processing file /opt/airflow/dags/gold_news_pipeline.py for tasks to queue
[2024-10-16T10:36:39.331+0000] {logging_mixin.py:188} INFO - [2024-10-16T10:36:39.331+0000] {dagbag.py:540} INFO - Filling up the DagBag from /opt/airflow/dags/gold_news_pipeline.py
[2024-10-16T10:36:41.358+0000] {processor.py:840} INFO - DAG(s) 'Gold_News_pipeline' retrieved from /opt/airflow/dags/gold_news_pipeline.py
[2024-10-16T10:36:41.463+0000] {logging_mixin.py:188} INFO - [2024-10-16T10:36:41.463+0000] {dag.py:3047} INFO - Sync 1 DAGs
[2024-10-16T10:36:41.489+0000] {logging_mixin.py:188} INFO - [2024-10-16T10:36:41.489+0000] {dag.py:3834} INFO - Setting next_dagrun for Gold_News_pipeline to 2024-10-14 00:00:00+00:00, run_after=2024-10-15 00:00:00+00:00
[2024-10-16T10:36:41.584+0000] {processor.py:183} INFO - Processing /opt/airflow/dags/gold_news_pipeline.py took 2.256 seconds
[2024-10-16T10:37:11.947+0000] {processor.py:161} INFO - Started process (PID=6272) to work on /opt/airflow/dags/gold_news_pipeline.py
[2024-10-16T10:37:11.948+0000] {processor.py:830} INFO - Processing file /opt/airflow/dags/gold_news_pipeline.py for tasks to queue
[2024-10-16T10:37:11.948+0000] {logging_mixin.py:188} INFO - [2024-10-16T10:37:11.948+0000] {dagbag.py:540} INFO - Filling up the DagBag from /opt/airflow/dags/gold_news_pipeline.py
[2024-10-16T10:37:13.420+0000] {processor.py:840} INFO - DAG(s) 'Gold_News_pipeline' retrieved from /opt/airflow/dags/gold_news_pipeline.py
[2024-10-16T10:37:13.505+0000] {logging_mixin.py:188} INFO - [2024-10-16T10:37:13.505+0000] {dag.py:3047} INFO - Sync 1 DAGs
[2024-10-16T10:37:13.549+0000] {logging_mixin.py:188} INFO - [2024-10-16T10:37:13.549+0000] {dag.py:3834} INFO - Setting next_dagrun for Gold_News_pipeline to 2024-10-14 00:00:00+00:00, run_after=2024-10-15 00:00:00+00:00
[2024-10-16T10:37:13.686+0000] {processor.py:183} INFO - Processing /opt/airflow/dags/gold_news_pipeline.py took 1.741 seconds
[2024-10-16T10:37:44.540+0000] {processor.py:161} INFO - Started process (PID=6349) to work on /opt/airflow/dags/gold_news_pipeline.py
[2024-10-16T10:37:44.542+0000] {processor.py:830} INFO - Processing file /opt/airflow/dags/gold_news_pipeline.py for tasks to queue
[2024-10-16T10:37:44.543+0000] {logging_mixin.py:188} INFO - [2024-10-16T10:37:44.543+0000] {dagbag.py:540} INFO - Filling up the DagBag from /opt/airflow/dags/gold_news_pipeline.py
[2024-10-16T10:37:46.431+0000] {processor.py:840} INFO - DAG(s) 'Gold_News_pipeline' retrieved from /opt/airflow/dags/gold_news_pipeline.py
[2024-10-16T10:37:46.537+0000] {logging_mixin.py:188} INFO - [2024-10-16T10:37:46.537+0000] {dag.py:3047} INFO - Sync 1 DAGs
[2024-10-16T10:37:46.574+0000] {logging_mixin.py:188} INFO - [2024-10-16T10:37:46.573+0000] {dag.py:3834} INFO - Setting next_dagrun for Gold_News_pipeline to 2024-10-14 00:00:00+00:00, run_after=2024-10-15 00:00:00+00:00
[2024-10-16T10:37:46.645+0000] {processor.py:183} INFO - Processing /opt/airflow/dags/gold_news_pipeline.py took 2.108 seconds
[2024-10-16T10:38:17.165+0000] {processor.py:161} INFO - Started process (PID=6430) to work on /opt/airflow/dags/gold_news_pipeline.py
[2024-10-16T10:38:17.168+0000] {processor.py:830} INFO - Processing file /opt/airflow/dags/gold_news_pipeline.py for tasks to queue
[2024-10-16T10:38:17.170+0000] {logging_mixin.py:188} INFO - [2024-10-16T10:38:17.169+0000] {dagbag.py:540} INFO - Filling up the DagBag from /opt/airflow/dags/gold_news_pipeline.py
[2024-10-16T10:38:19.170+0000] {processor.py:840} INFO - DAG(s) 'Gold_News_pipeline' retrieved from /opt/airflow/dags/gold_news_pipeline.py
[2024-10-16T10:38:19.304+0000] {logging_mixin.py:188} INFO - [2024-10-16T10:38:19.304+0000] {dag.py:3047} INFO - Sync 1 DAGs
[2024-10-16T10:38:19.397+0000] {logging_mixin.py:188} INFO - [2024-10-16T10:38:19.396+0000] {dag.py:3834} INFO - Setting next_dagrun for Gold_News_pipeline to 2024-10-14 00:00:00+00:00, run_after=2024-10-15 00:00:00+00:00
[2024-10-16T10:38:19.489+0000] {processor.py:183} INFO - Processing /opt/airflow/dags/gold_news_pipeline.py took 2.327 seconds
[2024-10-16T10:38:49.784+0000] {processor.py:161} INFO - Started process (PID=6508) to work on /opt/airflow/dags/gold_news_pipeline.py
[2024-10-16T10:38:49.786+0000] {processor.py:830} INFO - Processing file /opt/airflow/dags/gold_news_pipeline.py for tasks to queue
[2024-10-16T10:38:49.787+0000] {logging_mixin.py:188} INFO - [2024-10-16T10:38:49.787+0000] {dagbag.py:540} INFO - Filling up the DagBag from /opt/airflow/dags/gold_news_pipeline.py
[2024-10-16T10:38:51.278+0000] {processor.py:840} INFO - DAG(s) 'Gold_News_pipeline' retrieved from /opt/airflow/dags/gold_news_pipeline.py
[2024-10-16T10:38:51.398+0000] {logging_mixin.py:188} INFO - [2024-10-16T10:38:51.397+0000] {dag.py:3047} INFO - Sync 1 DAGs
[2024-10-16T10:38:51.540+0000] {logging_mixin.py:188} INFO - [2024-10-16T10:38:51.539+0000] {dag.py:3834} INFO - Setting next_dagrun for Gold_News_pipeline to 2024-10-14 00:00:00+00:00, run_after=2024-10-15 00:00:00+00:00
[2024-10-16T10:38:51.804+0000] {processor.py:183} INFO - Processing /opt/airflow/dags/gold_news_pipeline.py took 2.022 seconds
[2024-10-16T10:39:22.426+0000] {processor.py:161} INFO - Started process (PID=6585) to work on /opt/airflow/dags/gold_news_pipeline.py
[2024-10-16T10:39:22.427+0000] {processor.py:830} INFO - Processing file /opt/airflow/dags/gold_news_pipeline.py for tasks to queue
[2024-10-16T10:39:22.428+0000] {logging_mixin.py:188} INFO - [2024-10-16T10:39:22.427+0000] {dagbag.py:540} INFO - Filling up the DagBag from /opt/airflow/dags/gold_news_pipeline.py
[2024-10-16T10:39:24.993+0000] {processor.py:840} INFO - DAG(s) 'Gold_News_pipeline' retrieved from /opt/airflow/dags/gold_news_pipeline.py
[2024-10-16T10:39:25.075+0000] {logging_mixin.py:188} INFO - [2024-10-16T10:39:25.075+0000] {dag.py:3047} INFO - Sync 1 DAGs
[2024-10-16T10:39:25.164+0000] {logging_mixin.py:188} INFO - [2024-10-16T10:39:25.163+0000] {dag.py:3834} INFO - Setting next_dagrun for Gold_News_pipeline to 2024-10-14 00:00:00+00:00, run_after=2024-10-15 00:00:00+00:00
[2024-10-16T10:39:25.220+0000] {processor.py:183} INFO - Processing /opt/airflow/dags/gold_news_pipeline.py took 2.796 seconds
