[2024-10-16T09:57:20.610+0000] {processor.py:161} INFO - Started process (PID=218) to work on /opt/airflow/dags/gold_training_pipeline.py
[2024-10-16T09:57:20.611+0000] {processor.py:830} INFO - Processing file /opt/airflow/dags/gold_training_pipeline.py for tasks to queue
[2024-10-16T09:57:20.612+0000] {logging_mixin.py:188} INFO - [2024-10-16T09:57:20.612+0000] {dagbag.py:540} INFO - Filling up the DagBag from /opt/airflow/dags/gold_training_pipeline.py
[2024-10-16T09:57:21.941+0000] {logging_mixin.py:188} INFO - [2024-10-16T09:57:21.941+0000] {font_manager.py:1547} INFO - generated new fontManager
[2024-10-16T09:57:22.652+0000] {processor.py:840} INFO - DAG(s) 'Gold_training_Pipeline' retrieved from /opt/airflow/dags/gold_training_pipeline.py
[2024-10-16T09:57:22.873+0000] {logging_mixin.py:188} INFO - [2024-10-16T09:57:22.872+0000] {dag.py:3047} INFO - Sync 1 DAGs
[2024-10-16T09:57:22.889+0000] {logging_mixin.py:188} INFO - [2024-10-16T09:57:22.889+0000] {dag.py:3834} INFO - Setting next_dagrun for Gold_training_Pipeline to 2024-10-15 00:00:00+00:00, run_after=2024-10-16 00:00:00+00:00
[2024-10-16T09:57:22.918+0000] {processor.py:183} INFO - Processing /opt/airflow/dags/gold_training_pipeline.py took 2.311 seconds
[2024-10-16T09:57:53.844+0000] {processor.py:161} INFO - Started process (PID=299) to work on /opt/airflow/dags/gold_training_pipeline.py
[2024-10-16T09:57:53.845+0000] {processor.py:830} INFO - Processing file /opt/airflow/dags/gold_training_pipeline.py for tasks to queue
[2024-10-16T09:57:53.846+0000] {logging_mixin.py:188} INFO - [2024-10-16T09:57:53.846+0000] {dagbag.py:540} INFO - Filling up the DagBag from /opt/airflow/dags/gold_training_pipeline.py
[2024-10-16T09:57:54.948+0000] {processor.py:840} INFO - DAG(s) 'Gold_training_Pipeline' retrieved from /opt/airflow/dags/gold_training_pipeline.py
[2024-10-16T09:57:55.043+0000] {logging_mixin.py:188} INFO - [2024-10-16T09:57:55.042+0000] {dag.py:3047} INFO - Sync 1 DAGs
[2024-10-16T09:57:55.146+0000] {logging_mixin.py:188} INFO - [2024-10-16T09:57:55.146+0000] {dag.py:3834} INFO - Setting next_dagrun for Gold_training_Pipeline to 2024-10-15 00:00:00+00:00, run_after=2024-10-16 00:00:00+00:00
[2024-10-16T09:57:55.164+0000] {processor.py:183} INFO - Processing /opt/airflow/dags/gold_training_pipeline.py took 1.323 seconds
[2024-10-16T09:58:25.563+0000] {processor.py:161} INFO - Started process (PID=378) to work on /opt/airflow/dags/gold_training_pipeline.py
[2024-10-16T09:58:25.564+0000] {processor.py:830} INFO - Processing file /opt/airflow/dags/gold_training_pipeline.py for tasks to queue
[2024-10-16T09:58:25.565+0000] {logging_mixin.py:188} INFO - [2024-10-16T09:58:25.565+0000] {dagbag.py:540} INFO - Filling up the DagBag from /opt/airflow/dags/gold_training_pipeline.py
[2024-10-16T09:58:26.598+0000] {processor.py:840} INFO - DAG(s) 'Gold_training_Pipeline' retrieved from /opt/airflow/dags/gold_training_pipeline.py
[2024-10-16T09:58:26.665+0000] {logging_mixin.py:188} INFO - [2024-10-16T09:58:26.665+0000] {dag.py:3047} INFO - Sync 1 DAGs
[2024-10-16T09:58:26.678+0000] {logging_mixin.py:188} INFO - [2024-10-16T09:58:26.677+0000] {dag.py:3834} INFO - Setting next_dagrun for Gold_training_Pipeline to 2024-10-15 00:00:00+00:00, run_after=2024-10-16 00:00:00+00:00
[2024-10-16T09:58:26.694+0000] {processor.py:183} INFO - Processing /opt/airflow/dags/gold_training_pipeline.py took 1.133 seconds
[2024-10-16T09:58:56.964+0000] {processor.py:161} INFO - Started process (PID=457) to work on /opt/airflow/dags/gold_training_pipeline.py
[2024-10-16T09:58:56.966+0000] {processor.py:830} INFO - Processing file /opt/airflow/dags/gold_training_pipeline.py for tasks to queue
[2024-10-16T09:58:56.967+0000] {logging_mixin.py:188} INFO - [2024-10-16T09:58:56.967+0000] {dagbag.py:540} INFO - Filling up the DagBag from /opt/airflow/dags/gold_training_pipeline.py
[2024-10-16T09:58:58.139+0000] {processor.py:840} INFO - DAG(s) 'Gold_training_Pipeline' retrieved from /opt/airflow/dags/gold_training_pipeline.py
[2024-10-16T09:58:58.177+0000] {logging_mixin.py:188} INFO - [2024-10-16T09:58:58.177+0000] {dag.py:3047} INFO - Sync 1 DAGs
[2024-10-16T09:58:58.190+0000] {logging_mixin.py:188} INFO - [2024-10-16T09:58:58.190+0000] {dag.py:3834} INFO - Setting next_dagrun for Gold_training_Pipeline to 2024-10-15 00:00:00+00:00, run_after=2024-10-16 00:00:00+00:00
[2024-10-16T09:58:58.230+0000] {processor.py:183} INFO - Processing /opt/airflow/dags/gold_training_pipeline.py took 1.269 seconds
[2024-10-16T09:59:28.407+0000] {processor.py:161} INFO - Started process (PID=536) to work on /opt/airflow/dags/gold_training_pipeline.py
[2024-10-16T09:59:28.408+0000] {processor.py:830} INFO - Processing file /opt/airflow/dags/gold_training_pipeline.py for tasks to queue
[2024-10-16T09:59:28.409+0000] {logging_mixin.py:188} INFO - [2024-10-16T09:59:28.409+0000] {dagbag.py:540} INFO - Filling up the DagBag from /opt/airflow/dags/gold_training_pipeline.py
[2024-10-16T09:59:29.496+0000] {processor.py:840} INFO - DAG(s) 'Gold_training_Pipeline' retrieved from /opt/airflow/dags/gold_training_pipeline.py
[2024-10-16T09:59:29.550+0000] {logging_mixin.py:188} INFO - [2024-10-16T09:59:29.550+0000] {dag.py:3047} INFO - Sync 1 DAGs
[2024-10-16T09:59:29.563+0000] {logging_mixin.py:188} INFO - [2024-10-16T09:59:29.562+0000] {dag.py:3834} INFO - Setting next_dagrun for Gold_training_Pipeline to 2024-10-15 00:00:00+00:00, run_after=2024-10-16 00:00:00+00:00
[2024-10-16T09:59:29.576+0000] {processor.py:183} INFO - Processing /opt/airflow/dags/gold_training_pipeline.py took 1.171 seconds
[2024-10-16T10:00:00.184+0000] {processor.py:161} INFO - Started process (PID=615) to work on /opt/airflow/dags/gold_training_pipeline.py
[2024-10-16T10:00:00.185+0000] {processor.py:830} INFO - Processing file /opt/airflow/dags/gold_training_pipeline.py for tasks to queue
[2024-10-16T10:00:00.186+0000] {logging_mixin.py:188} INFO - [2024-10-16T10:00:00.185+0000] {dagbag.py:540} INFO - Filling up the DagBag from /opt/airflow/dags/gold_training_pipeline.py
[2024-10-16T10:00:01.296+0000] {processor.py:840} INFO - DAG(s) 'Gold_training_Pipeline' retrieved from /opt/airflow/dags/gold_training_pipeline.py
[2024-10-16T10:00:01.337+0000] {logging_mixin.py:188} INFO - [2024-10-16T10:00:01.337+0000] {dag.py:3047} INFO - Sync 1 DAGs
[2024-10-16T10:00:01.350+0000] {logging_mixin.py:188} INFO - [2024-10-16T10:00:01.349+0000] {dag.py:3834} INFO - Setting next_dagrun for Gold_training_Pipeline to 2024-10-15 00:00:00+00:00, run_after=2024-10-16 00:00:00+00:00
[2024-10-16T10:00:01.362+0000] {processor.py:183} INFO - Processing /opt/airflow/dags/gold_training_pipeline.py took 1.180 seconds
[2024-10-16T10:00:31.774+0000] {processor.py:161} INFO - Started process (PID=694) to work on /opt/airflow/dags/gold_training_pipeline.py
[2024-10-16T10:00:31.775+0000] {processor.py:830} INFO - Processing file /opt/airflow/dags/gold_training_pipeline.py for tasks to queue
[2024-10-16T10:00:31.776+0000] {logging_mixin.py:188} INFO - [2024-10-16T10:00:31.776+0000] {dagbag.py:540} INFO - Filling up the DagBag from /opt/airflow/dags/gold_training_pipeline.py
[2024-10-16T10:00:32.914+0000] {processor.py:840} INFO - DAG(s) 'Gold_training_Pipeline' retrieved from /opt/airflow/dags/gold_training_pipeline.py
[2024-10-16T10:00:32.977+0000] {logging_mixin.py:188} INFO - [2024-10-16T10:00:32.977+0000] {dag.py:3047} INFO - Sync 1 DAGs
[2024-10-16T10:00:32.990+0000] {logging_mixin.py:188} INFO - [2024-10-16T10:00:32.990+0000] {dag.py:3834} INFO - Setting next_dagrun for Gold_training_Pipeline to 2024-10-15 00:00:00+00:00, run_after=2024-10-16 00:00:00+00:00
[2024-10-16T10:00:33.004+0000] {processor.py:183} INFO - Processing /opt/airflow/dags/gold_training_pipeline.py took 1.232 seconds
[2024-10-16T10:01:03.598+0000] {processor.py:161} INFO - Started process (PID=773) to work on /opt/airflow/dags/gold_training_pipeline.py
[2024-10-16T10:01:03.600+0000] {processor.py:830} INFO - Processing file /opt/airflow/dags/gold_training_pipeline.py for tasks to queue
[2024-10-16T10:01:03.601+0000] {logging_mixin.py:188} INFO - [2024-10-16T10:01:03.600+0000] {dagbag.py:540} INFO - Filling up the DagBag from /opt/airflow/dags/gold_training_pipeline.py
[2024-10-16T10:01:04.806+0000] {processor.py:840} INFO - DAG(s) 'Gold_training_Pipeline' retrieved from /opt/airflow/dags/gold_training_pipeline.py
[2024-10-16T10:01:04.865+0000] {logging_mixin.py:188} INFO - [2024-10-16T10:01:04.865+0000] {dag.py:3047} INFO - Sync 1 DAGs
[2024-10-16T10:01:04.878+0000] {logging_mixin.py:188} INFO - [2024-10-16T10:01:04.878+0000] {dag.py:3834} INFO - Setting next_dagrun for Gold_training_Pipeline to 2024-10-15 00:00:00+00:00, run_after=2024-10-16 00:00:00+00:00
[2024-10-16T10:01:04.894+0000] {processor.py:183} INFO - Processing /opt/airflow/dags/gold_training_pipeline.py took 1.299 seconds
[2024-10-16T10:01:35.536+0000] {processor.py:161} INFO - Started process (PID=1187) to work on /opt/airflow/dags/gold_training_pipeline.py
[2024-10-16T10:01:35.585+0000] {processor.py:830} INFO - Processing file /opt/airflow/dags/gold_training_pipeline.py for tasks to queue
[2024-10-16T10:01:35.586+0000] {logging_mixin.py:188} INFO - [2024-10-16T10:01:35.586+0000] {dagbag.py:540} INFO - Filling up the DagBag from /opt/airflow/dags/gold_training_pipeline.py
[2024-10-16T10:01:57.203+0000] {processor.py:840} INFO - DAG(s) 'Gold_training_Pipeline' retrieved from /opt/airflow/dags/gold_training_pipeline.py
[2024-10-16T10:01:57.448+0000] {logging_mixin.py:188} INFO - [2024-10-16T10:01:57.447+0000] {dag.py:3047} INFO - Sync 1 DAGs
[2024-10-16T10:01:57.511+0000] {logging_mixin.py:188} INFO - [2024-10-16T10:01:57.511+0000] {dag.py:3834} INFO - Setting next_dagrun for Gold_training_Pipeline to 2024-10-16 00:00:00+00:00, run_after=2024-10-17 00:00:00+00:00
[2024-10-16T10:01:57.600+0000] {processor.py:183} INFO - Processing /opt/airflow/dags/gold_training_pipeline.py took 22.068 seconds
[2024-10-16T10:02:28.085+0000] {processor.py:161} INFO - Started process (PID=1400) to work on /opt/airflow/dags/gold_training_pipeline.py
[2024-10-16T10:02:28.088+0000] {processor.py:830} INFO - Processing file /opt/airflow/dags/gold_training_pipeline.py for tasks to queue
[2024-10-16T10:02:28.089+0000] {logging_mixin.py:188} INFO - [2024-10-16T10:02:28.089+0000] {dagbag.py:540} INFO - Filling up the DagBag from /opt/airflow/dags/gold_training_pipeline.py
[2024-10-16T10:02:33.300+0000] {processor.py:840} INFO - DAG(s) 'Gold_training_Pipeline' retrieved from /opt/airflow/dags/gold_training_pipeline.py
[2024-10-16T10:02:33.460+0000] {logging_mixin.py:188} INFO - [2024-10-16T10:02:33.460+0000] {dag.py:3047} INFO - Sync 1 DAGs
[2024-10-16T10:02:33.849+0000] {logging_mixin.py:188} INFO - [2024-10-16T10:02:33.848+0000] {dag.py:3834} INFO - Setting next_dagrun for Gold_training_Pipeline to 2024-10-16 00:00:00+00:00, run_after=2024-10-17 00:00:00+00:00
[2024-10-16T10:02:33.885+0000] {processor.py:183} INFO - Processing /opt/airflow/dags/gold_training_pipeline.py took 5.802 seconds
[2024-10-16T10:03:04.455+0000] {processor.py:161} INFO - Started process (PID=1498) to work on /opt/airflow/dags/gold_training_pipeline.py
[2024-10-16T10:03:04.474+0000] {processor.py:830} INFO - Processing file /opt/airflow/dags/gold_training_pipeline.py for tasks to queue
[2024-10-16T10:03:04.485+0000] {logging_mixin.py:188} INFO - [2024-10-16T10:03:04.484+0000] {dagbag.py:540} INFO - Filling up the DagBag from /opt/airflow/dags/gold_training_pipeline.py
[2024-10-16T10:03:09.463+0000] {processor.py:840} INFO - DAG(s) 'Gold_training_Pipeline' retrieved from /opt/airflow/dags/gold_training_pipeline.py
[2024-10-16T10:03:09.644+0000] {logging_mixin.py:188} INFO - [2024-10-16T10:03:09.643+0000] {dag.py:3047} INFO - Sync 1 DAGs
[2024-10-16T10:03:09.691+0000] {logging_mixin.py:188} INFO - [2024-10-16T10:03:09.690+0000] {dag.py:3834} INFO - Setting next_dagrun for Gold_training_Pipeline to 2024-10-16 00:00:00+00:00, run_after=2024-10-17 00:00:00+00:00
[2024-10-16T10:03:09.770+0000] {processor.py:183} INFO - Processing /opt/airflow/dags/gold_training_pipeline.py took 5.319 seconds
[2024-10-16T10:03:40.307+0000] {processor.py:161} INFO - Started process (PID=1576) to work on /opt/airflow/dags/gold_training_pipeline.py
[2024-10-16T10:03:40.309+0000] {processor.py:830} INFO - Processing file /opt/airflow/dags/gold_training_pipeline.py for tasks to queue
[2024-10-16T10:03:40.311+0000] {logging_mixin.py:188} INFO - [2024-10-16T10:03:40.310+0000] {dagbag.py:540} INFO - Filling up the DagBag from /opt/airflow/dags/gold_training_pipeline.py
[2024-10-16T10:03:44.864+0000] {processor.py:840} INFO - DAG(s) 'Gold_training_Pipeline' retrieved from /opt/airflow/dags/gold_training_pipeline.py
[2024-10-16T10:03:45.008+0000] {logging_mixin.py:188} INFO - [2024-10-16T10:03:45.007+0000] {dag.py:3047} INFO - Sync 1 DAGs
[2024-10-16T10:03:45.119+0000] {logging_mixin.py:188} INFO - [2024-10-16T10:03:45.059+0000] {dag.py:3834} INFO - Setting next_dagrun for Gold_training_Pipeline to 2024-10-16 00:00:00+00:00, run_after=2024-10-17 00:00:00+00:00
[2024-10-16T10:03:45.223+0000] {processor.py:183} INFO - Processing /opt/airflow/dags/gold_training_pipeline.py took 4.920 seconds
[2024-10-16T10:04:15.754+0000] {processor.py:161} INFO - Started process (PID=1660) to work on /opt/airflow/dags/gold_training_pipeline.py
[2024-10-16T10:04:15.755+0000] {processor.py:830} INFO - Processing file /opt/airflow/dags/gold_training_pipeline.py for tasks to queue
[2024-10-16T10:04:15.756+0000] {logging_mixin.py:188} INFO - [2024-10-16T10:04:15.755+0000] {dagbag.py:540} INFO - Filling up the DagBag from /opt/airflow/dags/gold_training_pipeline.py
[2024-10-16T10:04:21.302+0000] {processor.py:840} INFO - DAG(s) 'Gold_training_Pipeline' retrieved from /opt/airflow/dags/gold_training_pipeline.py
[2024-10-16T10:04:21.509+0000] {logging_mixin.py:188} INFO - [2024-10-16T10:04:21.509+0000] {dag.py:3047} INFO - Sync 1 DAGs
[2024-10-16T10:04:21.529+0000] {logging_mixin.py:188} INFO - [2024-10-16T10:04:21.529+0000] {dag.py:3834} INFO - Setting next_dagrun for Gold_training_Pipeline to 2024-10-16 00:00:00+00:00, run_after=2024-10-17 00:00:00+00:00
[2024-10-16T10:04:21.580+0000] {processor.py:183} INFO - Processing /opt/airflow/dags/gold_training_pipeline.py took 5.806 seconds
[2024-10-16T10:04:52.577+0000] {processor.py:161} INFO - Started process (PID=1752) to work on /opt/airflow/dags/gold_training_pipeline.py
[2024-10-16T10:04:52.604+0000] {processor.py:830} INFO - Processing file /opt/airflow/dags/gold_training_pipeline.py for tasks to queue
[2024-10-16T10:04:52.621+0000] {logging_mixin.py:188} INFO - [2024-10-16T10:04:52.621+0000] {dagbag.py:540} INFO - Filling up the DagBag from /opt/airflow/dags/gold_training_pipeline.py
[2024-10-16T10:04:57.730+0000] {processor.py:840} INFO - DAG(s) 'Gold_training_Pipeline' retrieved from /opt/airflow/dags/gold_training_pipeline.py
[2024-10-16T10:04:58.038+0000] {logging_mixin.py:188} INFO - [2024-10-16T10:04:58.037+0000] {dag.py:3047} INFO - Sync 1 DAGs
[2024-10-16T10:04:58.128+0000] {logging_mixin.py:188} INFO - [2024-10-16T10:04:58.127+0000] {dag.py:3834} INFO - Setting next_dagrun for Gold_training_Pipeline to 2024-10-16 00:00:00+00:00, run_after=2024-10-17 00:00:00+00:00
[2024-10-16T10:04:58.223+0000] {processor.py:183} INFO - Processing /opt/airflow/dags/gold_training_pipeline.py took 5.652 seconds
[2024-10-16T10:05:28.963+0000] {processor.py:161} INFO - Started process (PID=1836) to work on /opt/airflow/dags/gold_training_pipeline.py
[2024-10-16T10:05:28.964+0000] {processor.py:830} INFO - Processing file /opt/airflow/dags/gold_training_pipeline.py for tasks to queue
[2024-10-16T10:05:28.965+0000] {logging_mixin.py:188} INFO - [2024-10-16T10:05:28.965+0000] {dagbag.py:540} INFO - Filling up the DagBag from /opt/airflow/dags/gold_training_pipeline.py
[2024-10-16T10:05:34.090+0000] {processor.py:840} INFO - DAG(s) 'Gold_training_Pipeline' retrieved from /opt/airflow/dags/gold_training_pipeline.py
[2024-10-16T10:05:34.361+0000] {logging_mixin.py:188} INFO - [2024-10-16T10:05:34.360+0000] {dag.py:3047} INFO - Sync 1 DAGs
[2024-10-16T10:05:34.424+0000] {logging_mixin.py:188} INFO - [2024-10-16T10:05:34.424+0000] {dag.py:3834} INFO - Setting next_dagrun for Gold_training_Pipeline to 2024-10-16 00:00:00+00:00, run_after=2024-10-17 00:00:00+00:00
[2024-10-16T10:05:34.501+0000] {processor.py:183} INFO - Processing /opt/airflow/dags/gold_training_pipeline.py took 5.541 seconds
[2024-10-16T10:06:05.222+0000] {processor.py:161} INFO - Started process (PID=1920) to work on /opt/airflow/dags/gold_training_pipeline.py
[2024-10-16T10:06:05.230+0000] {processor.py:830} INFO - Processing file /opt/airflow/dags/gold_training_pipeline.py for tasks to queue
[2024-10-16T10:06:05.231+0000] {logging_mixin.py:188} INFO - [2024-10-16T10:06:05.231+0000] {dagbag.py:540} INFO - Filling up the DagBag from /opt/airflow/dags/gold_training_pipeline.py
[2024-10-16T10:06:09.843+0000] {processor.py:840} INFO - DAG(s) 'Gold_training_Pipeline' retrieved from /opt/airflow/dags/gold_training_pipeline.py
[2024-10-16T10:06:09.962+0000] {logging_mixin.py:188} INFO - [2024-10-16T10:06:09.961+0000] {dag.py:3047} INFO - Sync 1 DAGs
[2024-10-16T10:06:10.020+0000] {logging_mixin.py:188} INFO - [2024-10-16T10:06:10.019+0000] {dag.py:3834} INFO - Setting next_dagrun for Gold_training_Pipeline to 2024-10-16 00:00:00+00:00, run_after=2024-10-17 00:00:00+00:00
[2024-10-16T10:06:10.112+0000] {processor.py:183} INFO - Processing /opt/airflow/dags/gold_training_pipeline.py took 4.892 seconds
[2024-10-16T10:06:40.636+0000] {processor.py:161} INFO - Started process (PID=1998) to work on /opt/airflow/dags/gold_training_pipeline.py
[2024-10-16T10:06:40.637+0000] {processor.py:830} INFO - Processing file /opt/airflow/dags/gold_training_pipeline.py for tasks to queue
[2024-10-16T10:06:40.639+0000] {logging_mixin.py:188} INFO - [2024-10-16T10:06:40.638+0000] {dagbag.py:540} INFO - Filling up the DagBag from /opt/airflow/dags/gold_training_pipeline.py
[2024-10-16T10:06:45.854+0000] {processor.py:840} INFO - DAG(s) 'Gold_training_Pipeline' retrieved from /opt/airflow/dags/gold_training_pipeline.py
[2024-10-16T10:06:45.993+0000] {logging_mixin.py:188} INFO - [2024-10-16T10:06:45.992+0000] {dag.py:3047} INFO - Sync 1 DAGs
[2024-10-16T10:06:46.105+0000] {logging_mixin.py:188} INFO - [2024-10-16T10:06:46.105+0000] {dag.py:3834} INFO - Setting next_dagrun for Gold_training_Pipeline to 2024-10-16 00:00:00+00:00, run_after=2024-10-17 00:00:00+00:00
[2024-10-16T10:06:46.173+0000] {processor.py:183} INFO - Processing /opt/airflow/dags/gold_training_pipeline.py took 5.539 seconds
[2024-10-16T10:07:17.035+0000] {processor.py:161} INFO - Started process (PID=2077) to work on /opt/airflow/dags/gold_training_pipeline.py
[2024-10-16T10:07:17.045+0000] {processor.py:830} INFO - Processing file /opt/airflow/dags/gold_training_pipeline.py for tasks to queue
[2024-10-16T10:07:17.057+0000] {logging_mixin.py:188} INFO - [2024-10-16T10:07:17.057+0000] {dagbag.py:540} INFO - Filling up the DagBag from /opt/airflow/dags/gold_training_pipeline.py
[2024-10-16T10:07:21.950+0000] {processor.py:840} INFO - DAG(s) 'Gold_training_Pipeline' retrieved from /opt/airflow/dags/gold_training_pipeline.py
[2024-10-16T10:07:22.182+0000] {logging_mixin.py:188} INFO - [2024-10-16T10:07:22.182+0000] {dag.py:3047} INFO - Sync 1 DAGs
[2024-10-16T10:07:22.443+0000] {logging_mixin.py:188} INFO - [2024-10-16T10:07:22.443+0000] {dag.py:3834} INFO - Setting next_dagrun for Gold_training_Pipeline to 2024-10-16 00:00:00+00:00, run_after=2024-10-17 00:00:00+00:00
[2024-10-16T10:07:22.491+0000] {processor.py:183} INFO - Processing /opt/airflow/dags/gold_training_pipeline.py took 5.445 seconds
[2024-10-16T10:07:52.863+0000] {processor.py:161} INFO - Started process (PID=2161) to work on /opt/airflow/dags/gold_training_pipeline.py
[2024-10-16T10:07:52.869+0000] {processor.py:830} INFO - Processing file /opt/airflow/dags/gold_training_pipeline.py for tasks to queue
[2024-10-16T10:07:52.870+0000] {logging_mixin.py:188} INFO - [2024-10-16T10:07:52.869+0000] {dagbag.py:540} INFO - Filling up the DagBag from /opt/airflow/dags/gold_training_pipeline.py
[2024-10-16T10:07:57.128+0000] {processor.py:840} INFO - DAG(s) 'Gold_training_Pipeline' retrieved from /opt/airflow/dags/gold_training_pipeline.py
[2024-10-16T10:07:57.276+0000] {logging_mixin.py:188} INFO - [2024-10-16T10:07:57.276+0000] {dag.py:3047} INFO - Sync 1 DAGs
[2024-10-16T10:07:57.326+0000] {logging_mixin.py:188} INFO - [2024-10-16T10:07:57.326+0000] {dag.py:3834} INFO - Setting next_dagrun for Gold_training_Pipeline to 2024-10-16 00:00:00+00:00, run_after=2024-10-17 00:00:00+00:00
[2024-10-16T10:07:57.482+0000] {processor.py:183} INFO - Processing /opt/airflow/dags/gold_training_pipeline.py took 4.622 seconds
[2024-10-16T10:08:28.476+0000] {processor.py:161} INFO - Started process (PID=2240) to work on /opt/airflow/dags/gold_training_pipeline.py
[2024-10-16T10:08:28.477+0000] {processor.py:830} INFO - Processing file /opt/airflow/dags/gold_training_pipeline.py for tasks to queue
[2024-10-16T10:08:28.478+0000] {logging_mixin.py:188} INFO - [2024-10-16T10:08:28.478+0000] {dagbag.py:540} INFO - Filling up the DagBag from /opt/airflow/dags/gold_training_pipeline.py
[2024-10-16T10:08:33.603+0000] {processor.py:840} INFO - DAG(s) 'Gold_training_Pipeline' retrieved from /opt/airflow/dags/gold_training_pipeline.py
[2024-10-16T10:08:33.730+0000] {logging_mixin.py:188} INFO - [2024-10-16T10:08:33.730+0000] {dag.py:3047} INFO - Sync 1 DAGs
[2024-10-16T10:08:33.808+0000] {logging_mixin.py:188} INFO - [2024-10-16T10:08:33.808+0000] {dag.py:3834} INFO - Setting next_dagrun for Gold_training_Pipeline to 2024-10-16 00:00:00+00:00, run_after=2024-10-17 00:00:00+00:00
[2024-10-16T10:08:33.897+0000] {processor.py:183} INFO - Processing /opt/airflow/dags/gold_training_pipeline.py took 5.423 seconds
[2024-10-16T10:09:04.794+0000] {processor.py:161} INFO - Started process (PID=2319) to work on /opt/airflow/dags/gold_training_pipeline.py
[2024-10-16T10:09:04.799+0000] {processor.py:830} INFO - Processing file /opt/airflow/dags/gold_training_pipeline.py for tasks to queue
[2024-10-16T10:09:04.807+0000] {logging_mixin.py:188} INFO - [2024-10-16T10:09:04.806+0000] {dagbag.py:540} INFO - Filling up the DagBag from /opt/airflow/dags/gold_training_pipeline.py
[2024-10-16T10:09:09.918+0000] {processor.py:840} INFO - DAG(s) 'Gold_training_Pipeline' retrieved from /opt/airflow/dags/gold_training_pipeline.py
[2024-10-16T10:09:10.098+0000] {logging_mixin.py:188} INFO - [2024-10-16T10:09:10.097+0000] {dag.py:3047} INFO - Sync 1 DAGs
[2024-10-16T10:09:10.150+0000] {logging_mixin.py:188} INFO - [2024-10-16T10:09:10.149+0000] {dag.py:3834} INFO - Setting next_dagrun for Gold_training_Pipeline to 2024-10-16 00:00:00+00:00, run_after=2024-10-17 00:00:00+00:00
[2024-10-16T10:09:10.236+0000] {processor.py:183} INFO - Processing /opt/airflow/dags/gold_training_pipeline.py took 5.444 seconds
[2024-10-16T10:09:40.505+0000] {processor.py:161} INFO - Started process (PID=2401) to work on /opt/airflow/dags/gold_training_pipeline.py
[2024-10-16T10:09:40.506+0000] {processor.py:830} INFO - Processing file /opt/airflow/dags/gold_training_pipeline.py for tasks to queue
[2024-10-16T10:09:40.506+0000] {logging_mixin.py:188} INFO - [2024-10-16T10:09:40.506+0000] {dagbag.py:540} INFO - Filling up the DagBag from /opt/airflow/dags/gold_training_pipeline.py
[2024-10-16T10:09:44.770+0000] {processor.py:840} INFO - DAG(s) 'Gold_training_Pipeline' retrieved from /opt/airflow/dags/gold_training_pipeline.py
[2024-10-16T10:09:44.908+0000] {logging_mixin.py:188} INFO - [2024-10-16T10:09:44.907+0000] {dag.py:3047} INFO - Sync 1 DAGs
[2024-10-16T10:09:45.110+0000] {logging_mixin.py:188} INFO - [2024-10-16T10:09:45.110+0000] {dag.py:3834} INFO - Setting next_dagrun for Gold_training_Pipeline to 2024-10-16 00:00:00+00:00, run_after=2024-10-17 00:00:00+00:00
[2024-10-16T10:09:45.241+0000] {processor.py:183} INFO - Processing /opt/airflow/dags/gold_training_pipeline.py took 4.739 seconds
[2024-10-16T10:10:15.512+0000] {processor.py:161} INFO - Started process (PID=2482) to work on /opt/airflow/dags/gold_training_pipeline.py
[2024-10-16T10:10:15.541+0000] {processor.py:830} INFO - Processing file /opt/airflow/dags/gold_training_pipeline.py for tasks to queue
[2024-10-16T10:10:15.546+0000] {logging_mixin.py:188} INFO - [2024-10-16T10:10:15.545+0000] {dagbag.py:540} INFO - Filling up the DagBag from /opt/airflow/dags/gold_training_pipeline.py
[2024-10-16T10:10:21.881+0000] {processor.py:840} INFO - DAG(s) 'Gold_training_Pipeline' retrieved from /opt/airflow/dags/gold_training_pipeline.py
[2024-10-16T10:10:22.050+0000] {logging_mixin.py:188} INFO - [2024-10-16T10:10:22.050+0000] {dag.py:3047} INFO - Sync 1 DAGs
[2024-10-16T10:10:22.144+0000] {logging_mixin.py:188} INFO - [2024-10-16T10:10:22.144+0000] {dag.py:3834} INFO - Setting next_dagrun for Gold_training_Pipeline to 2024-10-16 00:00:00+00:00, run_after=2024-10-17 00:00:00+00:00
[2024-10-16T10:10:22.217+0000] {processor.py:183} INFO - Processing /opt/airflow/dags/gold_training_pipeline.py took 6.711 seconds
[2024-10-16T10:10:52.448+0000] {processor.py:161} INFO - Started process (PID=2565) to work on /opt/airflow/dags/gold_training_pipeline.py
[2024-10-16T10:10:52.450+0000] {processor.py:830} INFO - Processing file /opt/airflow/dags/gold_training_pipeline.py for tasks to queue
[2024-10-16T10:10:52.455+0000] {logging_mixin.py:188} INFO - [2024-10-16T10:10:52.453+0000] {dagbag.py:540} INFO - Filling up the DagBag from /opt/airflow/dags/gold_training_pipeline.py
[2024-10-16T10:10:57.860+0000] {processor.py:840} INFO - DAG(s) 'Gold_training_Pipeline' retrieved from /opt/airflow/dags/gold_training_pipeline.py
[2024-10-16T10:10:58.095+0000] {logging_mixin.py:188} INFO - [2024-10-16T10:10:58.095+0000] {dag.py:3047} INFO - Sync 1 DAGs
[2024-10-16T10:10:58.145+0000] {logging_mixin.py:188} INFO - [2024-10-16T10:10:58.145+0000] {dag.py:3834} INFO - Setting next_dagrun for Gold_training_Pipeline to 2024-10-16 00:00:00+00:00, run_after=2024-10-17 00:00:00+00:00
[2024-10-16T10:10:58.204+0000] {processor.py:183} INFO - Processing /opt/airflow/dags/gold_training_pipeline.py took 5.760 seconds
[2024-10-16T10:11:28.905+0000] {processor.py:161} INFO - Started process (PID=2656) to work on /opt/airflow/dags/gold_training_pipeline.py
[2024-10-16T10:11:28.906+0000] {processor.py:830} INFO - Processing file /opt/airflow/dags/gold_training_pipeline.py for tasks to queue
[2024-10-16T10:11:28.908+0000] {logging_mixin.py:188} INFO - [2024-10-16T10:11:28.907+0000] {dagbag.py:540} INFO - Filling up the DagBag from /opt/airflow/dags/gold_training_pipeline.py
[2024-10-16T10:11:34.070+0000] {processor.py:840} INFO - DAG(s) 'Gold_training_Pipeline' retrieved from /opt/airflow/dags/gold_training_pipeline.py
[2024-10-16T10:11:34.315+0000] {logging_mixin.py:188} INFO - [2024-10-16T10:11:34.315+0000] {dag.py:3047} INFO - Sync 1 DAGs
[2024-10-16T10:11:34.425+0000] {logging_mixin.py:188} INFO - [2024-10-16T10:11:34.425+0000] {dag.py:3834} INFO - Setting next_dagrun for Gold_training_Pipeline to 2024-10-16 00:00:00+00:00, run_after=2024-10-17 00:00:00+00:00
[2024-10-16T10:11:34.532+0000] {processor.py:183} INFO - Processing /opt/airflow/dags/gold_training_pipeline.py took 5.630 seconds
[2024-10-16T10:12:04.773+0000] {processor.py:161} INFO - Started process (PID=2743) to work on /opt/airflow/dags/gold_training_pipeline.py
[2024-10-16T10:12:04.775+0000] {processor.py:830} INFO - Processing file /opt/airflow/dags/gold_training_pipeline.py for tasks to queue
[2024-10-16T10:12:04.777+0000] {logging_mixin.py:188} INFO - [2024-10-16T10:12:04.777+0000] {dagbag.py:540} INFO - Filling up the DagBag from /opt/airflow/dags/gold_training_pipeline.py
[2024-10-16T10:12:09.499+0000] {processor.py:840} INFO - DAG(s) 'Gold_training_Pipeline' retrieved from /opt/airflow/dags/gold_training_pipeline.py
[2024-10-16T10:12:09.673+0000] {logging_mixin.py:188} INFO - [2024-10-16T10:12:09.672+0000] {dag.py:3047} INFO - Sync 1 DAGs
[2024-10-16T10:12:10.069+0000] {logging_mixin.py:188} INFO - [2024-10-16T10:12:10.069+0000] {dag.py:3834} INFO - Setting next_dagrun for Gold_training_Pipeline to 2024-10-16 00:00:00+00:00, run_after=2024-10-17 00:00:00+00:00
[2024-10-16T10:12:10.140+0000] {processor.py:183} INFO - Processing /opt/airflow/dags/gold_training_pipeline.py took 5.370 seconds
[2024-10-16T10:12:40.968+0000] {processor.py:161} INFO - Started process (PID=2821) to work on /opt/airflow/dags/gold_training_pipeline.py
[2024-10-16T10:12:40.975+0000] {processor.py:830} INFO - Processing file /opt/airflow/dags/gold_training_pipeline.py for tasks to queue
[2024-10-16T10:12:40.984+0000] {logging_mixin.py:188} INFO - [2024-10-16T10:12:40.984+0000] {dagbag.py:540} INFO - Filling up the DagBag from /opt/airflow/dags/gold_training_pipeline.py
[2024-10-16T10:12:46.731+0000] {processor.py:840} INFO - DAG(s) 'Gold_training_Pipeline' retrieved from /opt/airflow/dags/gold_training_pipeline.py
[2024-10-16T10:12:46.986+0000] {logging_mixin.py:188} INFO - [2024-10-16T10:12:46.984+0000] {dag.py:3047} INFO - Sync 1 DAGs
[2024-10-16T10:12:47.062+0000] {logging_mixin.py:188} INFO - [2024-10-16T10:12:47.061+0000] {dag.py:3834} INFO - Setting next_dagrun for Gold_training_Pipeline to 2024-10-16 00:00:00+00:00, run_after=2024-10-17 00:00:00+00:00
[2024-10-16T10:12:47.169+0000] {processor.py:183} INFO - Processing /opt/airflow/dags/gold_training_pipeline.py took 6.203 seconds
[2024-10-16T10:13:17.614+0000] {processor.py:161} INFO - Started process (PID=2904) to work on /opt/airflow/dags/gold_training_pipeline.py
[2024-10-16T10:13:17.616+0000] {processor.py:830} INFO - Processing file /opt/airflow/dags/gold_training_pipeline.py for tasks to queue
[2024-10-16T10:13:17.620+0000] {logging_mixin.py:188} INFO - [2024-10-16T10:13:17.619+0000] {dagbag.py:540} INFO - Filling up the DagBag from /opt/airflow/dags/gold_training_pipeline.py
[2024-10-16T10:13:22.929+0000] {processor.py:840} INFO - DAG(s) 'Gold_training_Pipeline' retrieved from /opt/airflow/dags/gold_training_pipeline.py
[2024-10-16T10:13:23.216+0000] {logging_mixin.py:188} INFO - [2024-10-16T10:13:23.216+0000] {dag.py:3047} INFO - Sync 1 DAGs
[2024-10-16T10:13:23.327+0000] {logging_mixin.py:188} INFO - [2024-10-16T10:13:23.326+0000] {dag.py:3834} INFO - Setting next_dagrun for Gold_training_Pipeline to 2024-10-16 00:00:00+00:00, run_after=2024-10-17 00:00:00+00:00
[2024-10-16T10:13:23.397+0000] {processor.py:183} INFO - Processing /opt/airflow/dags/gold_training_pipeline.py took 5.825 seconds
[2024-10-16T10:13:54.201+0000] {processor.py:161} INFO - Started process (PID=2983) to work on /opt/airflow/dags/gold_training_pipeline.py
[2024-10-16T10:13:54.202+0000] {processor.py:830} INFO - Processing file /opt/airflow/dags/gold_training_pipeline.py for tasks to queue
[2024-10-16T10:13:54.203+0000] {logging_mixin.py:188} INFO - [2024-10-16T10:13:54.203+0000] {dagbag.py:540} INFO - Filling up the DagBag from /opt/airflow/dags/gold_training_pipeline.py
[2024-10-16T10:13:59.057+0000] {processor.py:840} INFO - DAG(s) 'Gold_training_Pipeline' retrieved from /opt/airflow/dags/gold_training_pipeline.py
[2024-10-16T10:13:59.279+0000] {logging_mixin.py:188} INFO - [2024-10-16T10:13:59.278+0000] {dag.py:3047} INFO - Sync 1 DAGs
[2024-10-16T10:13:59.303+0000] {logging_mixin.py:188} INFO - [2024-10-16T10:13:59.302+0000] {dag.py:3834} INFO - Setting next_dagrun for Gold_training_Pipeline to 2024-10-16 00:00:00+00:00, run_after=2024-10-17 00:00:00+00:00
[2024-10-16T10:13:59.401+0000] {processor.py:183} INFO - Processing /opt/airflow/dags/gold_training_pipeline.py took 5.203 seconds
[2024-10-16T10:14:29.793+0000] {processor.py:161} INFO - Started process (PID=3068) to work on /opt/airflow/dags/gold_training_pipeline.py
[2024-10-16T10:14:29.797+0000] {processor.py:830} INFO - Processing file /opt/airflow/dags/gold_training_pipeline.py for tasks to queue
[2024-10-16T10:14:29.818+0000] {logging_mixin.py:188} INFO - [2024-10-16T10:14:29.818+0000] {dagbag.py:540} INFO - Filling up the DagBag from /opt/airflow/dags/gold_training_pipeline.py
[2024-10-16T10:14:33.758+0000] {processor.py:840} INFO - DAG(s) 'Gold_training_Pipeline' retrieved from /opt/airflow/dags/gold_training_pipeline.py
[2024-10-16T10:14:33.965+0000] {logging_mixin.py:188} INFO - [2024-10-16T10:14:33.964+0000] {dag.py:3047} INFO - Sync 1 DAGs
[2024-10-16T10:14:34.304+0000] {logging_mixin.py:188} INFO - [2024-10-16T10:14:34.304+0000] {dag.py:3834} INFO - Setting next_dagrun for Gold_training_Pipeline to 2024-10-16 00:00:00+00:00, run_after=2024-10-17 00:00:00+00:00
[2024-10-16T10:14:34.419+0000] {processor.py:183} INFO - Processing /opt/airflow/dags/gold_training_pipeline.py took 4.628 seconds
[2024-10-16T10:15:04.906+0000] {processor.py:161} INFO - Started process (PID=3146) to work on /opt/airflow/dags/gold_training_pipeline.py
[2024-10-16T10:15:04.907+0000] {processor.py:830} INFO - Processing file /opt/airflow/dags/gold_training_pipeline.py for tasks to queue
[2024-10-16T10:15:04.909+0000] {logging_mixin.py:188} INFO - [2024-10-16T10:15:04.909+0000] {dagbag.py:540} INFO - Filling up the DagBag from /opt/airflow/dags/gold_training_pipeline.py
[2024-10-16T10:15:09.073+0000] {processor.py:840} INFO - DAG(s) 'Gold_training_Pipeline' retrieved from /opt/airflow/dags/gold_training_pipeline.py
[2024-10-16T10:15:09.259+0000] {logging_mixin.py:188} INFO - [2024-10-16T10:15:09.258+0000] {dag.py:3047} INFO - Sync 1 DAGs
[2024-10-16T10:15:09.355+0000] {logging_mixin.py:188} INFO - [2024-10-16T10:15:09.354+0000] {dag.py:3834} INFO - Setting next_dagrun for Gold_training_Pipeline to 2024-10-16 00:00:00+00:00, run_after=2024-10-17 00:00:00+00:00
[2024-10-16T10:15:09.426+0000] {processor.py:183} INFO - Processing /opt/airflow/dags/gold_training_pipeline.py took 4.524 seconds
[2024-10-16T10:15:40.264+0000] {processor.py:161} INFO - Started process (PID=3225) to work on /opt/airflow/dags/gold_training_pipeline.py
[2024-10-16T10:15:40.286+0000] {processor.py:830} INFO - Processing file /opt/airflow/dags/gold_training_pipeline.py for tasks to queue
[2024-10-16T10:15:40.287+0000] {logging_mixin.py:188} INFO - [2024-10-16T10:15:40.287+0000] {dagbag.py:540} INFO - Filling up the DagBag from /opt/airflow/dags/gold_training_pipeline.py
[2024-10-16T10:15:45.378+0000] {processor.py:840} INFO - DAG(s) 'Gold_training_Pipeline' retrieved from /opt/airflow/dags/gold_training_pipeline.py
[2024-10-16T10:15:45.655+0000] {logging_mixin.py:188} INFO - [2024-10-16T10:15:45.654+0000] {dag.py:3047} INFO - Sync 1 DAGs
[2024-10-16T10:15:45.960+0000] {logging_mixin.py:188} INFO - [2024-10-16T10:15:45.960+0000] {dag.py:3834} INFO - Setting next_dagrun for Gold_training_Pipeline to 2024-10-16 00:00:00+00:00, run_after=2024-10-17 00:00:00+00:00
[2024-10-16T10:15:46.084+0000] {processor.py:183} INFO - Processing /opt/airflow/dags/gold_training_pipeline.py took 5.826 seconds
[2024-10-16T10:16:16.830+0000] {processor.py:161} INFO - Started process (PID=3303) to work on /opt/airflow/dags/gold_training_pipeline.py
[2024-10-16T10:16:16.831+0000] {processor.py:830} INFO - Processing file /opt/airflow/dags/gold_training_pipeline.py for tasks to queue
[2024-10-16T10:16:16.832+0000] {logging_mixin.py:188} INFO - [2024-10-16T10:16:16.832+0000] {dagbag.py:540} INFO - Filling up the DagBag from /opt/airflow/dags/gold_training_pipeline.py
[2024-10-16T10:16:21.248+0000] {processor.py:840} INFO - DAG(s) 'Gold_training_Pipeline' retrieved from /opt/airflow/dags/gold_training_pipeline.py
[2024-10-16T10:16:21.371+0000] {logging_mixin.py:188} INFO - [2024-10-16T10:16:21.371+0000] {dag.py:3047} INFO - Sync 1 DAGs
[2024-10-16T10:16:21.459+0000] {logging_mixin.py:188} INFO - [2024-10-16T10:16:21.459+0000] {dag.py:3834} INFO - Setting next_dagrun for Gold_training_Pipeline to 2024-10-16 00:00:00+00:00, run_after=2024-10-17 00:00:00+00:00
[2024-10-16T10:16:21.602+0000] {processor.py:183} INFO - Processing /opt/airflow/dags/gold_training_pipeline.py took 4.775 seconds
[2024-10-16T10:16:52.010+0000] {processor.py:161} INFO - Started process (PID=3386) to work on /opt/airflow/dags/gold_training_pipeline.py
[2024-10-16T10:16:52.011+0000] {processor.py:830} INFO - Processing file /opt/airflow/dags/gold_training_pipeline.py for tasks to queue
[2024-10-16T10:16:52.012+0000] {logging_mixin.py:188} INFO - [2024-10-16T10:16:52.012+0000] {dagbag.py:540} INFO - Filling up the DagBag from /opt/airflow/dags/gold_training_pipeline.py
[2024-10-16T10:16:56.871+0000] {processor.py:840} INFO - DAG(s) 'Gold_training_Pipeline' retrieved from /opt/airflow/dags/gold_training_pipeline.py
[2024-10-16T10:16:57.199+0000] {logging_mixin.py:188} INFO - [2024-10-16T10:16:57.197+0000] {dag.py:3047} INFO - Sync 1 DAGs
[2024-10-16T10:16:57.317+0000] {logging_mixin.py:188} INFO - [2024-10-16T10:16:57.317+0000] {dag.py:3834} INFO - Setting next_dagrun for Gold_training_Pipeline to 2024-10-16 00:00:00+00:00, run_after=2024-10-17 00:00:00+00:00
[2024-10-16T10:16:57.379+0000] {processor.py:183} INFO - Processing /opt/airflow/dags/gold_training_pipeline.py took 5.374 seconds
[2024-10-16T10:17:28.516+0000] {processor.py:161} INFO - Started process (PID=3496) to work on /opt/airflow/dags/gold_training_pipeline.py
[2024-10-16T10:17:28.517+0000] {processor.py:830} INFO - Processing file /opt/airflow/dags/gold_training_pipeline.py for tasks to queue
[2024-10-16T10:17:28.518+0000] {logging_mixin.py:188} INFO - [2024-10-16T10:17:28.518+0000] {dagbag.py:540} INFO - Filling up the DagBag from /opt/airflow/dags/gold_training_pipeline.py
[2024-10-16T10:17:32.973+0000] {processor.py:840} INFO - DAG(s) 'Gold_training_Pipeline' retrieved from /opt/airflow/dags/gold_training_pipeline.py
[2024-10-16T10:17:33.226+0000] {logging_mixin.py:188} INFO - [2024-10-16T10:17:33.226+0000] {dag.py:3047} INFO - Sync 1 DAGs
[2024-10-16T10:17:33.315+0000] {logging_mixin.py:188} INFO - [2024-10-16T10:17:33.314+0000] {dag.py:3834} INFO - Setting next_dagrun for Gold_training_Pipeline to 2024-10-16 00:00:00+00:00, run_after=2024-10-17 00:00:00+00:00
[2024-10-16T10:17:33.397+0000] {processor.py:183} INFO - Processing /opt/airflow/dags/gold_training_pipeline.py took 4.884 seconds
[2024-10-16T10:18:04.519+0000] {processor.py:161} INFO - Started process (PID=3577) to work on /opt/airflow/dags/gold_training_pipeline.py
[2024-10-16T10:18:04.520+0000] {processor.py:830} INFO - Processing file /opt/airflow/dags/gold_training_pipeline.py for tasks to queue
[2024-10-16T10:18:04.521+0000] {logging_mixin.py:188} INFO - [2024-10-16T10:18:04.521+0000] {dagbag.py:540} INFO - Filling up the DagBag from /opt/airflow/dags/gold_training_pipeline.py
[2024-10-16T10:18:09.159+0000] {processor.py:840} INFO - DAG(s) 'Gold_training_Pipeline' retrieved from /opt/airflow/dags/gold_training_pipeline.py
[2024-10-16T10:18:09.310+0000] {logging_mixin.py:188} INFO - [2024-10-16T10:18:09.310+0000] {dag.py:3047} INFO - Sync 1 DAGs
[2024-10-16T10:18:09.447+0000] {logging_mixin.py:188} INFO - [2024-10-16T10:18:09.447+0000] {dag.py:3834} INFO - Setting next_dagrun for Gold_training_Pipeline to 2024-10-16 00:00:00+00:00, run_after=2024-10-17 00:00:00+00:00
[2024-10-16T10:18:09.524+0000] {processor.py:183} INFO - Processing /opt/airflow/dags/gold_training_pipeline.py took 5.008 seconds
[2024-10-16T10:18:39.921+0000] {processor.py:161} INFO - Started process (PID=3666) to work on /opt/airflow/dags/gold_training_pipeline.py
[2024-10-16T10:18:39.935+0000] {processor.py:830} INFO - Processing file /opt/airflow/dags/gold_training_pipeline.py for tasks to queue
[2024-10-16T10:18:39.936+0000] {logging_mixin.py:188} INFO - [2024-10-16T10:18:39.936+0000] {dagbag.py:540} INFO - Filling up the DagBag from /opt/airflow/dags/gold_training_pipeline.py
[2024-10-16T10:18:45.100+0000] {processor.py:840} INFO - DAG(s) 'Gold_training_Pipeline' retrieved from /opt/airflow/dags/gold_training_pipeline.py
[2024-10-16T10:18:45.260+0000] {logging_mixin.py:188} INFO - [2024-10-16T10:18:45.260+0000] {dag.py:3047} INFO - Sync 1 DAGs
[2024-10-16T10:18:45.329+0000] {logging_mixin.py:188} INFO - [2024-10-16T10:18:45.329+0000] {dag.py:3834} INFO - Setting next_dagrun for Gold_training_Pipeline to 2024-10-16 00:00:00+00:00, run_after=2024-10-17 00:00:00+00:00
[2024-10-16T10:18:45.379+0000] {processor.py:183} INFO - Processing /opt/airflow/dags/gold_training_pipeline.py took 5.460 seconds
[2024-10-16T10:19:15.968+0000] {processor.py:161} INFO - Started process (PID=3751) to work on /opt/airflow/dags/gold_training_pipeline.py
[2024-10-16T10:19:15.973+0000] {processor.py:830} INFO - Processing file /opt/airflow/dags/gold_training_pipeline.py for tasks to queue
[2024-10-16T10:19:15.987+0000] {logging_mixin.py:188} INFO - [2024-10-16T10:19:15.987+0000] {dagbag.py:540} INFO - Filling up the DagBag from /opt/airflow/dags/gold_training_pipeline.py
[2024-10-16T10:19:20.557+0000] {processor.py:840} INFO - DAG(s) 'Gold_training_Pipeline' retrieved from /opt/airflow/dags/gold_training_pipeline.py
[2024-10-16T10:19:20.706+0000] {logging_mixin.py:188} INFO - [2024-10-16T10:19:20.705+0000] {dag.py:3047} INFO - Sync 1 DAGs
[2024-10-16T10:19:21.153+0000] {logging_mixin.py:188} INFO - [2024-10-16T10:19:21.153+0000] {dag.py:3834} INFO - Setting next_dagrun for Gold_training_Pipeline to 2024-10-16 00:00:00+00:00, run_after=2024-10-17 00:00:00+00:00
[2024-10-16T10:19:21.210+0000] {processor.py:183} INFO - Processing /opt/airflow/dags/gold_training_pipeline.py took 5.246 seconds
[2024-10-16T10:19:51.895+0000] {processor.py:161} INFO - Started process (PID=3829) to work on /opt/airflow/dags/gold_training_pipeline.py
[2024-10-16T10:19:51.904+0000] {processor.py:830} INFO - Processing file /opt/airflow/dags/gold_training_pipeline.py for tasks to queue
[2024-10-16T10:19:51.909+0000] {logging_mixin.py:188} INFO - [2024-10-16T10:19:51.909+0000] {dagbag.py:540} INFO - Filling up the DagBag from /opt/airflow/dags/gold_training_pipeline.py
[2024-10-16T10:19:56.191+0000] {processor.py:840} INFO - DAG(s) 'Gold_training_Pipeline' retrieved from /opt/airflow/dags/gold_training_pipeline.py
[2024-10-16T10:19:56.421+0000] {logging_mixin.py:188} INFO - [2024-10-16T10:19:56.420+0000] {dag.py:3047} INFO - Sync 1 DAGs
[2024-10-16T10:19:56.500+0000] {logging_mixin.py:188} INFO - [2024-10-16T10:19:56.500+0000] {dag.py:3834} INFO - Setting next_dagrun for Gold_training_Pipeline to 2024-10-16 00:00:00+00:00, run_after=2024-10-17 00:00:00+00:00
[2024-10-16T10:19:56.551+0000] {processor.py:183} INFO - Processing /opt/airflow/dags/gold_training_pipeline.py took 4.658 seconds
[2024-10-16T10:20:27.298+0000] {processor.py:161} INFO - Started process (PID=3913) to work on /opt/airflow/dags/gold_training_pipeline.py
[2024-10-16T10:20:27.300+0000] {processor.py:830} INFO - Processing file /opt/airflow/dags/gold_training_pipeline.py for tasks to queue
[2024-10-16T10:20:27.302+0000] {logging_mixin.py:188} INFO - [2024-10-16T10:20:27.302+0000] {dagbag.py:540} INFO - Filling up the DagBag from /opt/airflow/dags/gold_training_pipeline.py
[2024-10-16T10:20:32.343+0000] {processor.py:840} INFO - DAG(s) 'Gold_training_Pipeline' retrieved from /opt/airflow/dags/gold_training_pipeline.py
[2024-10-16T10:20:32.495+0000] {logging_mixin.py:188} INFO - [2024-10-16T10:20:32.495+0000] {dag.py:3047} INFO - Sync 1 DAGs
[2024-10-16T10:20:32.544+0000] {logging_mixin.py:188} INFO - [2024-10-16T10:20:32.544+0000] {dag.py:3834} INFO - Setting next_dagrun for Gold_training_Pipeline to 2024-10-16 00:00:00+00:00, run_after=2024-10-17 00:00:00+00:00
[2024-10-16T10:20:32.605+0000] {processor.py:183} INFO - Processing /opt/airflow/dags/gold_training_pipeline.py took 5.311 seconds
[2024-10-16T10:21:03.277+0000] {processor.py:161} INFO - Started process (PID=3992) to work on /opt/airflow/dags/gold_training_pipeline.py
[2024-10-16T10:21:03.294+0000] {processor.py:830} INFO - Processing file /opt/airflow/dags/gold_training_pipeline.py for tasks to queue
[2024-10-16T10:21:03.305+0000] {logging_mixin.py:188} INFO - [2024-10-16T10:21:03.304+0000] {dagbag.py:540} INFO - Filling up the DagBag from /opt/airflow/dags/gold_training_pipeline.py
[2024-10-16T10:21:07.641+0000] {processor.py:840} INFO - DAG(s) 'Gold_training_Pipeline' retrieved from /opt/airflow/dags/gold_training_pipeline.py
[2024-10-16T10:21:07.870+0000] {logging_mixin.py:188} INFO - [2024-10-16T10:21:07.870+0000] {dag.py:3047} INFO - Sync 1 DAGs
[2024-10-16T10:21:07.923+0000] {logging_mixin.py:188} INFO - [2024-10-16T10:21:07.922+0000] {dag.py:3834} INFO - Setting next_dagrun for Gold_training_Pipeline to 2024-10-16 00:00:00+00:00, run_after=2024-10-17 00:00:00+00:00
[2024-10-16T10:21:07.987+0000] {processor.py:183} INFO - Processing /opt/airflow/dags/gold_training_pipeline.py took 4.713 seconds
[2024-10-16T10:21:38.504+0000] {processor.py:161} INFO - Started process (PID=4071) to work on /opt/airflow/dags/gold_training_pipeline.py
[2024-10-16T10:21:38.505+0000] {processor.py:830} INFO - Processing file /opt/airflow/dags/gold_training_pipeline.py for tasks to queue
[2024-10-16T10:21:38.506+0000] {logging_mixin.py:188} INFO - [2024-10-16T10:21:38.506+0000] {dagbag.py:540} INFO - Filling up the DagBag from /opt/airflow/dags/gold_training_pipeline.py
[2024-10-16T10:21:42.245+0000] {processor.py:840} INFO - DAG(s) 'Gold_training_Pipeline' retrieved from /opt/airflow/dags/gold_training_pipeline.py
[2024-10-16T10:21:42.401+0000] {logging_mixin.py:188} INFO - [2024-10-16T10:21:42.400+0000] {dag.py:3047} INFO - Sync 1 DAGs
[2024-10-16T10:21:42.772+0000] {logging_mixin.py:188} INFO - [2024-10-16T10:21:42.771+0000] {dag.py:3834} INFO - Setting next_dagrun for Gold_training_Pipeline to 2024-10-16 00:00:00+00:00, run_after=2024-10-17 00:00:00+00:00
[2024-10-16T10:21:42.814+0000] {processor.py:183} INFO - Processing /opt/airflow/dags/gold_training_pipeline.py took 4.313 seconds
[2024-10-16T10:22:13.287+0000] {processor.py:161} INFO - Started process (PID=4150) to work on /opt/airflow/dags/gold_training_pipeline.py
[2024-10-16T10:22:13.288+0000] {processor.py:830} INFO - Processing file /opt/airflow/dags/gold_training_pipeline.py for tasks to queue
[2024-10-16T10:22:13.289+0000] {logging_mixin.py:188} INFO - [2024-10-16T10:22:13.289+0000] {dagbag.py:540} INFO - Filling up the DagBag from /opt/airflow/dags/gold_training_pipeline.py
[2024-10-16T10:22:16.769+0000] {processor.py:840} INFO - DAG(s) 'Gold_training_Pipeline' retrieved from /opt/airflow/dags/gold_training_pipeline.py
[2024-10-16T10:22:16.893+0000] {logging_mixin.py:188} INFO - [2024-10-16T10:22:16.893+0000] {dag.py:3047} INFO - Sync 1 DAGs
[2024-10-16T10:22:16.995+0000] {logging_mixin.py:188} INFO - [2024-10-16T10:22:16.994+0000] {dag.py:3834} INFO - Setting next_dagrun for Gold_training_Pipeline to 2024-10-16 00:00:00+00:00, run_after=2024-10-17 00:00:00+00:00
[2024-10-16T10:22:17.057+0000] {processor.py:183} INFO - Processing /opt/airflow/dags/gold_training_pipeline.py took 3.772 seconds
[2024-10-16T10:22:47.842+0000] {processor.py:161} INFO - Started process (PID=4233) to work on /opt/airflow/dags/gold_training_pipeline.py
[2024-10-16T10:22:47.848+0000] {processor.py:830} INFO - Processing file /opt/airflow/dags/gold_training_pipeline.py for tasks to queue
[2024-10-16T10:22:47.849+0000] {logging_mixin.py:188} INFO - [2024-10-16T10:22:47.848+0000] {dagbag.py:540} INFO - Filling up the DagBag from /opt/airflow/dags/gold_training_pipeline.py
[2024-10-16T10:22:51.776+0000] {processor.py:840} INFO - DAG(s) 'Gold_training_Pipeline' retrieved from /opt/airflow/dags/gold_training_pipeline.py
[2024-10-16T10:22:52.008+0000] {logging_mixin.py:188} INFO - [2024-10-16T10:22:52.008+0000] {dag.py:3047} INFO - Sync 1 DAGs
[2024-10-16T10:22:52.041+0000] {logging_mixin.py:188} INFO - [2024-10-16T10:22:52.041+0000] {dag.py:3834} INFO - Setting next_dagrun for Gold_training_Pipeline to 2024-10-16 00:00:00+00:00, run_after=2024-10-17 00:00:00+00:00
[2024-10-16T10:22:52.071+0000] {processor.py:183} INFO - Processing /opt/airflow/dags/gold_training_pipeline.py took 4.232 seconds
[2024-10-16T10:23:23.011+0000] {processor.py:161} INFO - Started process (PID=4318) to work on /opt/airflow/dags/gold_training_pipeline.py
[2024-10-16T10:23:23.014+0000] {processor.py:830} INFO - Processing file /opt/airflow/dags/gold_training_pipeline.py for tasks to queue
[2024-10-16T10:23:23.041+0000] {logging_mixin.py:188} INFO - [2024-10-16T10:23:23.041+0000] {dagbag.py:540} INFO - Filling up the DagBag from /opt/airflow/dags/gold_training_pipeline.py
[2024-10-16T10:23:27.848+0000] {processor.py:840} INFO - DAG(s) 'Gold_training_Pipeline' retrieved from /opt/airflow/dags/gold_training_pipeline.py
[2024-10-16T10:23:28.044+0000] {logging_mixin.py:188} INFO - [2024-10-16T10:23:28.043+0000] {dag.py:3047} INFO - Sync 1 DAGs
[2024-10-16T10:23:28.070+0000] {logging_mixin.py:188} INFO - [2024-10-16T10:23:28.070+0000] {dag.py:3834} INFO - Setting next_dagrun for Gold_training_Pipeline to 2024-10-16 00:00:00+00:00, run_after=2024-10-17 00:00:00+00:00
[2024-10-16T10:23:28.114+0000] {processor.py:183} INFO - Processing /opt/airflow/dags/gold_training_pipeline.py took 5.106 seconds
[2024-10-16T10:23:58.432+0000] {processor.py:161} INFO - Started process (PID=4403) to work on /opt/airflow/dags/gold_training_pipeline.py
[2024-10-16T10:23:58.433+0000] {processor.py:830} INFO - Processing file /opt/airflow/dags/gold_training_pipeline.py for tasks to queue
[2024-10-16T10:23:58.434+0000] {logging_mixin.py:188} INFO - [2024-10-16T10:23:58.434+0000] {dagbag.py:540} INFO - Filling up the DagBag from /opt/airflow/dags/gold_training_pipeline.py
[2024-10-16T10:24:02.758+0000] {processor.py:840} INFO - DAG(s) 'Gold_training_Pipeline' retrieved from /opt/airflow/dags/gold_training_pipeline.py
[2024-10-16T10:24:02.928+0000] {logging_mixin.py:188} INFO - [2024-10-16T10:24:02.926+0000] {dag.py:3047} INFO - Sync 1 DAGs
[2024-10-16T10:24:03.353+0000] {logging_mixin.py:188} INFO - [2024-10-16T10:24:03.352+0000] {dag.py:3834} INFO - Setting next_dagrun for Gold_training_Pipeline to 2024-10-16 00:00:00+00:00, run_after=2024-10-17 00:00:00+00:00
[2024-10-16T10:24:03.490+0000] {processor.py:183} INFO - Processing /opt/airflow/dags/gold_training_pipeline.py took 5.060 seconds
[2024-10-16T10:24:33.779+0000] {processor.py:161} INFO - Started process (PID=4482) to work on /opt/airflow/dags/gold_training_pipeline.py
[2024-10-16T10:24:33.784+0000] {processor.py:830} INFO - Processing file /opt/airflow/dags/gold_training_pipeline.py for tasks to queue
[2024-10-16T10:24:33.784+0000] {logging_mixin.py:188} INFO - [2024-10-16T10:24:33.784+0000] {dagbag.py:540} INFO - Filling up the DagBag from /opt/airflow/dags/gold_training_pipeline.py
[2024-10-16T10:24:37.938+0000] {processor.py:840} INFO - DAG(s) 'Gold_training_Pipeline' retrieved from /opt/airflow/dags/gold_training_pipeline.py
[2024-10-16T10:24:38.118+0000] {logging_mixin.py:188} INFO - [2024-10-16T10:24:38.118+0000] {dag.py:3047} INFO - Sync 1 DAGs
[2024-10-16T10:24:38.146+0000] {logging_mixin.py:188} INFO - [2024-10-16T10:24:38.146+0000] {dag.py:3834} INFO - Setting next_dagrun for Gold_training_Pipeline to 2024-10-16 00:00:00+00:00, run_after=2024-10-17 00:00:00+00:00
[2024-10-16T10:24:38.196+0000] {processor.py:183} INFO - Processing /opt/airflow/dags/gold_training_pipeline.py took 4.420 seconds
[2024-10-16T10:25:08.434+0000] {processor.py:161} INFO - Started process (PID=4564) to work on /opt/airflow/dags/gold_training_pipeline.py
[2024-10-16T10:25:08.435+0000] {processor.py:830} INFO - Processing file /opt/airflow/dags/gold_training_pipeline.py for tasks to queue
[2024-10-16T10:25:08.436+0000] {logging_mixin.py:188} INFO - [2024-10-16T10:25:08.436+0000] {dagbag.py:540} INFO - Filling up the DagBag from /opt/airflow/dags/gold_training_pipeline.py
[2024-10-16T10:25:12.929+0000] {processor.py:840} INFO - DAG(s) 'Gold_training_Pipeline' retrieved from /opt/airflow/dags/gold_training_pipeline.py
[2024-10-16T10:25:13.019+0000] {logging_mixin.py:188} INFO - [2024-10-16T10:25:13.018+0000] {dag.py:3047} INFO - Sync 1 DAGs
[2024-10-16T10:25:13.061+0000] {logging_mixin.py:188} INFO - [2024-10-16T10:25:13.061+0000] {dag.py:3834} INFO - Setting next_dagrun for Gold_training_Pipeline to 2024-10-16 00:00:00+00:00, run_after=2024-10-17 00:00:00+00:00
[2024-10-16T10:25:13.117+0000] {processor.py:183} INFO - Processing /opt/airflow/dags/gold_training_pipeline.py took 4.685 seconds
[2024-10-16T10:25:43.512+0000] {processor.py:161} INFO - Started process (PID=4646) to work on /opt/airflow/dags/gold_training_pipeline.py
[2024-10-16T10:25:43.515+0000] {processor.py:830} INFO - Processing file /opt/airflow/dags/gold_training_pipeline.py for tasks to queue
[2024-10-16T10:25:43.518+0000] {logging_mixin.py:188} INFO - [2024-10-16T10:25:43.517+0000] {dagbag.py:540} INFO - Filling up the DagBag from /opt/airflow/dags/gold_training_pipeline.py
[2024-10-16T10:25:47.478+0000] {processor.py:840} INFO - DAG(s) 'Gold_training_Pipeline' retrieved from /opt/airflow/dags/gold_training_pipeline.py
[2024-10-16T10:25:47.590+0000] {logging_mixin.py:188} INFO - [2024-10-16T10:25:47.589+0000] {dag.py:3047} INFO - Sync 1 DAGs
[2024-10-16T10:25:47.652+0000] {logging_mixin.py:188} INFO - [2024-10-16T10:25:47.651+0000] {dag.py:3834} INFO - Setting next_dagrun for Gold_training_Pipeline to 2024-10-16 00:00:00+00:00, run_after=2024-10-17 00:00:00+00:00
[2024-10-16T10:25:47.739+0000] {processor.py:183} INFO - Processing /opt/airflow/dags/gold_training_pipeline.py took 4.230 seconds
[2024-10-16T10:26:18.484+0000] {processor.py:161} INFO - Started process (PID=4729) to work on /opt/airflow/dags/gold_training_pipeline.py
[2024-10-16T10:26:18.485+0000] {processor.py:830} INFO - Processing file /opt/airflow/dags/gold_training_pipeline.py for tasks to queue
[2024-10-16T10:26:18.485+0000] {logging_mixin.py:188} INFO - [2024-10-16T10:26:18.485+0000] {dagbag.py:540} INFO - Filling up the DagBag from /opt/airflow/dags/gold_training_pipeline.py
[2024-10-16T10:26:22.519+0000] {processor.py:840} INFO - DAG(s) 'Gold_training_Pipeline' retrieved from /opt/airflow/dags/gold_training_pipeline.py
[2024-10-16T10:26:22.764+0000] {logging_mixin.py:188} INFO - [2024-10-16T10:26:22.763+0000] {dag.py:3047} INFO - Sync 1 DAGs
[2024-10-16T10:26:22.973+0000] {logging_mixin.py:188} INFO - [2024-10-16T10:26:22.973+0000] {dag.py:3834} INFO - Setting next_dagrun for Gold_training_Pipeline to 2024-10-16 00:00:00+00:00, run_after=2024-10-17 00:00:00+00:00
[2024-10-16T10:26:23.058+0000] {processor.py:183} INFO - Processing /opt/airflow/dags/gold_training_pipeline.py took 4.577 seconds
[2024-10-16T10:26:53.372+0000] {processor.py:161} INFO - Started process (PID=4816) to work on /opt/airflow/dags/gold_training_pipeline.py
[2024-10-16T10:26:53.377+0000] {processor.py:830} INFO - Processing file /opt/airflow/dags/gold_training_pipeline.py for tasks to queue
[2024-10-16T10:26:53.382+0000] {logging_mixin.py:188} INFO - [2024-10-16T10:26:53.381+0000] {dagbag.py:540} INFO - Filling up the DagBag from /opt/airflow/dags/gold_training_pipeline.py
[2024-10-16T10:26:58.529+0000] {processor.py:840} INFO - DAG(s) 'Gold_training_Pipeline' retrieved from /opt/airflow/dags/gold_training_pipeline.py
[2024-10-16T10:26:58.812+0000] {logging_mixin.py:188} INFO - [2024-10-16T10:26:58.811+0000] {dag.py:3047} INFO - Sync 1 DAGs
[2024-10-16T10:26:59.011+0000] {logging_mixin.py:188} INFO - [2024-10-16T10:26:59.010+0000] {dag.py:3834} INFO - Setting next_dagrun for Gold_training_Pipeline to 2024-10-16 00:00:00+00:00, run_after=2024-10-17 00:00:00+00:00
[2024-10-16T10:26:59.090+0000] {processor.py:183} INFO - Processing /opt/airflow/dags/gold_training_pipeline.py took 5.721 seconds
[2024-10-16T10:27:30.023+0000] {processor.py:161} INFO - Started process (PID=4901) to work on /opt/airflow/dags/gold_training_pipeline.py
[2024-10-16T10:27:30.040+0000] {processor.py:830} INFO - Processing file /opt/airflow/dags/gold_training_pipeline.py for tasks to queue
[2024-10-16T10:27:30.041+0000] {logging_mixin.py:188} INFO - [2024-10-16T10:27:30.041+0000] {dagbag.py:540} INFO - Filling up the DagBag from /opt/airflow/dags/gold_training_pipeline.py
[2024-10-16T10:27:34.367+0000] {processor.py:840} INFO - DAG(s) 'Gold_training_Pipeline' retrieved from /opt/airflow/dags/gold_training_pipeline.py
[2024-10-16T10:27:34.599+0000] {logging_mixin.py:188} INFO - [2024-10-16T10:27:34.598+0000] {dag.py:3047} INFO - Sync 1 DAGs
[2024-10-16T10:27:34.648+0000] {logging_mixin.py:188} INFO - [2024-10-16T10:27:34.648+0000] {dag.py:3834} INFO - Setting next_dagrun for Gold_training_Pipeline to 2024-10-16 00:00:00+00:00, run_after=2024-10-17 00:00:00+00:00
[2024-10-16T10:27:34.749+0000] {processor.py:183} INFO - Processing /opt/airflow/dags/gold_training_pipeline.py took 4.728 seconds
[2024-10-16T10:28:05.762+0000] {processor.py:161} INFO - Started process (PID=4980) to work on /opt/airflow/dags/gold_training_pipeline.py
[2024-10-16T10:28:05.763+0000] {processor.py:830} INFO - Processing file /opt/airflow/dags/gold_training_pipeline.py for tasks to queue
[2024-10-16T10:28:05.764+0000] {logging_mixin.py:188} INFO - [2024-10-16T10:28:05.764+0000] {dagbag.py:540} INFO - Filling up the DagBag from /opt/airflow/dags/gold_training_pipeline.py
[2024-10-16T10:28:10.423+0000] {processor.py:840} INFO - DAG(s) 'Gold_training_Pipeline' retrieved from /opt/airflow/dags/gold_training_pipeline.py
[2024-10-16T10:28:10.543+0000] {logging_mixin.py:188} INFO - [2024-10-16T10:28:10.542+0000] {dag.py:3047} INFO - Sync 1 DAGs
[2024-10-16T10:28:10.559+0000] {logging_mixin.py:188} INFO - [2024-10-16T10:28:10.559+0000] {dag.py:3834} INFO - Setting next_dagrun for Gold_training_Pipeline to 2024-10-16 00:00:00+00:00, run_after=2024-10-17 00:00:00+00:00
[2024-10-16T10:28:10.604+0000] {processor.py:183} INFO - Processing /opt/airflow/dags/gold_training_pipeline.py took 4.844 seconds
[2024-10-16T10:28:40.727+0000] {processor.py:161} INFO - Started process (PID=5063) to work on /opt/airflow/dags/gold_training_pipeline.py
[2024-10-16T10:28:40.742+0000] {processor.py:830} INFO - Processing file /opt/airflow/dags/gold_training_pipeline.py for tasks to queue
[2024-10-16T10:28:40.753+0000] {logging_mixin.py:188} INFO - [2024-10-16T10:28:40.753+0000] {dagbag.py:540} INFO - Filling up the DagBag from /opt/airflow/dags/gold_training_pipeline.py
[2024-10-16T10:28:44.410+0000] {processor.py:840} INFO - DAG(s) 'Gold_training_Pipeline' retrieved from /opt/airflow/dags/gold_training_pipeline.py
[2024-10-16T10:28:44.495+0000] {logging_mixin.py:188} INFO - [2024-10-16T10:28:44.494+0000] {dag.py:3047} INFO - Sync 1 DAGs
[2024-10-16T10:28:44.854+0000] {logging_mixin.py:188} INFO - [2024-10-16T10:28:44.853+0000] {dag.py:3834} INFO - Setting next_dagrun for Gold_training_Pipeline to 2024-10-16 00:00:00+00:00, run_after=2024-10-17 00:00:00+00:00
[2024-10-16T10:28:44.875+0000] {processor.py:183} INFO - Processing /opt/airflow/dags/gold_training_pipeline.py took 4.151 seconds
[2024-10-16T10:29:15.522+0000] {processor.py:161} INFO - Started process (PID=5144) to work on /opt/airflow/dags/gold_training_pipeline.py
[2024-10-16T10:29:15.528+0000] {processor.py:830} INFO - Processing file /opt/airflow/dags/gold_training_pipeline.py for tasks to queue
[2024-10-16T10:29:15.535+0000] {logging_mixin.py:188} INFO - [2024-10-16T10:29:15.535+0000] {dagbag.py:540} INFO - Filling up the DagBag from /opt/airflow/dags/gold_training_pipeline.py
[2024-10-16T10:29:20.390+0000] {processor.py:840} INFO - DAG(s) 'Gold_training_Pipeline' retrieved from /opt/airflow/dags/gold_training_pipeline.py
[2024-10-16T10:29:20.535+0000] {logging_mixin.py:188} INFO - [2024-10-16T10:29:20.534+0000] {dag.py:3047} INFO - Sync 1 DAGs
[2024-10-16T10:29:20.564+0000] {logging_mixin.py:188} INFO - [2024-10-16T10:29:20.564+0000] {dag.py:3834} INFO - Setting next_dagrun for Gold_training_Pipeline to 2024-10-16 00:00:00+00:00, run_after=2024-10-17 00:00:00+00:00
[2024-10-16T10:29:20.657+0000] {processor.py:183} INFO - Processing /opt/airflow/dags/gold_training_pipeline.py took 5.138 seconds
[2024-10-16T10:29:51.449+0000] {processor.py:161} INFO - Started process (PID=5223) to work on /opt/airflow/dags/gold_training_pipeline.py
[2024-10-16T10:29:51.450+0000] {processor.py:830} INFO - Processing file /opt/airflow/dags/gold_training_pipeline.py for tasks to queue
[2024-10-16T10:29:51.451+0000] {logging_mixin.py:188} INFO - [2024-10-16T10:29:51.451+0000] {dagbag.py:540} INFO - Filling up the DagBag from /opt/airflow/dags/gold_training_pipeline.py
[2024-10-16T10:29:56.980+0000] {processor.py:840} INFO - DAG(s) 'Gold_training_Pipeline' retrieved from /opt/airflow/dags/gold_training_pipeline.py
[2024-10-16T10:29:57.176+0000] {logging_mixin.py:188} INFO - [2024-10-16T10:29:57.176+0000] {dag.py:3047} INFO - Sync 1 DAGs
[2024-10-16T10:29:57.222+0000] {logging_mixin.py:188} INFO - [2024-10-16T10:29:57.222+0000] {dag.py:3834} INFO - Setting next_dagrun for Gold_training_Pipeline to 2024-10-16 00:00:00+00:00, run_after=2024-10-17 00:00:00+00:00
[2024-10-16T10:29:57.312+0000] {processor.py:183} INFO - Processing /opt/airflow/dags/gold_training_pipeline.py took 5.865 seconds
[2024-10-16T10:30:27.975+0000] {processor.py:161} INFO - Started process (PID=5302) to work on /opt/airflow/dags/gold_training_pipeline.py
[2024-10-16T10:30:27.976+0000] {processor.py:830} INFO - Processing file /opt/airflow/dags/gold_training_pipeline.py for tasks to queue
[2024-10-16T10:30:27.980+0000] {logging_mixin.py:188} INFO - [2024-10-16T10:30:27.980+0000] {dagbag.py:540} INFO - Filling up the DagBag from /opt/airflow/dags/gold_training_pipeline.py
[2024-10-16T10:30:32.277+0000] {processor.py:840} INFO - DAG(s) 'Gold_training_Pipeline' retrieved from /opt/airflow/dags/gold_training_pipeline.py
[2024-10-16T10:30:32.422+0000] {logging_mixin.py:188} INFO - [2024-10-16T10:30:32.409+0000] {dag.py:3047} INFO - Sync 1 DAGs
[2024-10-16T10:30:32.475+0000] {logging_mixin.py:188} INFO - [2024-10-16T10:30:32.475+0000] {dag.py:3834} INFO - Setting next_dagrun for Gold_training_Pipeline to 2024-10-16 00:00:00+00:00, run_after=2024-10-17 00:00:00+00:00
[2024-10-16T10:30:32.568+0000] {processor.py:183} INFO - Processing /opt/airflow/dags/gold_training_pipeline.py took 4.596 seconds
[2024-10-16T10:31:03.104+0000] {processor.py:161} INFO - Started process (PID=5395) to work on /opt/airflow/dags/gold_training_pipeline.py
[2024-10-16T10:31:03.110+0000] {processor.py:830} INFO - Processing file /opt/airflow/dags/gold_training_pipeline.py for tasks to queue
[2024-10-16T10:31:03.111+0000] {logging_mixin.py:188} INFO - [2024-10-16T10:31:03.111+0000] {dagbag.py:540} INFO - Filling up the DagBag from /opt/airflow/dags/gold_training_pipeline.py
[2024-10-16T10:31:07.067+0000] {processor.py:840} INFO - DAG(s) 'Gold_training_Pipeline' retrieved from /opt/airflow/dags/gold_training_pipeline.py
[2024-10-16T10:31:07.222+0000] {logging_mixin.py:188} INFO - [2024-10-16T10:31:07.214+0000] {dag.py:3047} INFO - Sync 1 DAGs
[2024-10-16T10:31:07.739+0000] {logging_mixin.py:188} INFO - [2024-10-16T10:31:07.739+0000] {dag.py:3834} INFO - Setting next_dagrun for Gold_training_Pipeline to 2024-10-16 00:00:00+00:00, run_after=2024-10-17 00:00:00+00:00
[2024-10-16T10:31:07.819+0000] {processor.py:183} INFO - Processing /opt/airflow/dags/gold_training_pipeline.py took 4.719 seconds
[2024-10-16T10:31:38.135+0000] {processor.py:161} INFO - Started process (PID=5475) to work on /opt/airflow/dags/gold_training_pipeline.py
[2024-10-16T10:31:38.140+0000] {processor.py:830} INFO - Processing file /opt/airflow/dags/gold_training_pipeline.py for tasks to queue
[2024-10-16T10:31:38.144+0000] {logging_mixin.py:188} INFO - [2024-10-16T10:31:38.144+0000] {dagbag.py:540} INFO - Filling up the DagBag from /opt/airflow/dags/gold_training_pipeline.py
[2024-10-16T10:31:41.582+0000] {processor.py:840} INFO - DAG(s) 'Gold_training_Pipeline' retrieved from /opt/airflow/dags/gold_training_pipeline.py
[2024-10-16T10:31:41.775+0000] {logging_mixin.py:188} INFO - [2024-10-16T10:31:41.774+0000] {dag.py:3047} INFO - Sync 1 DAGs
[2024-10-16T10:31:41.829+0000] {logging_mixin.py:188} INFO - [2024-10-16T10:31:41.828+0000] {dag.py:3834} INFO - Setting next_dagrun for Gold_training_Pipeline to 2024-10-16 00:00:00+00:00, run_after=2024-10-17 00:00:00+00:00
[2024-10-16T10:31:41.872+0000] {processor.py:183} INFO - Processing /opt/airflow/dags/gold_training_pipeline.py took 3.739 seconds
[2024-10-16T10:32:12.165+0000] {processor.py:161} INFO - Started process (PID=5573) to work on /opt/airflow/dags/gold_training_pipeline.py
[2024-10-16T10:32:12.166+0000] {processor.py:830} INFO - Processing file /opt/airflow/dags/gold_training_pipeline.py for tasks to queue
[2024-10-16T10:32:12.167+0000] {logging_mixin.py:188} INFO - [2024-10-16T10:32:12.166+0000] {dagbag.py:540} INFO - Filling up the DagBag from /opt/airflow/dags/gold_training_pipeline.py
[2024-10-16T10:32:16.352+0000] {processor.py:840} INFO - DAG(s) 'Gold_training_Pipeline' retrieved from /opt/airflow/dags/gold_training_pipeline.py
[2024-10-16T10:32:16.427+0000] {logging_mixin.py:188} INFO - [2024-10-16T10:32:16.427+0000] {dag.py:3047} INFO - Sync 1 DAGs
[2024-10-16T10:32:16.491+0000] {logging_mixin.py:188} INFO - [2024-10-16T10:32:16.491+0000] {dag.py:3834} INFO - Setting next_dagrun for Gold_training_Pipeline to 2024-10-16 00:00:00+00:00, run_after=2024-10-17 00:00:00+00:00
[2024-10-16T10:32:16.545+0000] {processor.py:183} INFO - Processing /opt/airflow/dags/gold_training_pipeline.py took 4.382 seconds
[2024-10-16T10:32:47.152+0000] {processor.py:161} INFO - Started process (PID=5651) to work on /opt/airflow/dags/gold_training_pipeline.py
[2024-10-16T10:32:47.164+0000] {processor.py:830} INFO - Processing file /opt/airflow/dags/gold_training_pipeline.py for tasks to queue
[2024-10-16T10:32:47.166+0000] {logging_mixin.py:188} INFO - [2024-10-16T10:32:47.166+0000] {dagbag.py:540} INFO - Filling up the DagBag from /opt/airflow/dags/gold_training_pipeline.py
[2024-10-16T10:32:52.116+0000] {processor.py:840} INFO - DAG(s) 'Gold_training_Pipeline' retrieved from /opt/airflow/dags/gold_training_pipeline.py
[2024-10-16T10:32:52.305+0000] {logging_mixin.py:188} INFO - [2024-10-16T10:32:52.304+0000] {dag.py:3047} INFO - Sync 1 DAGs
[2024-10-16T10:32:52.370+0000] {logging_mixin.py:188} INFO - [2024-10-16T10:32:52.370+0000] {dag.py:3834} INFO - Setting next_dagrun for Gold_training_Pipeline to 2024-10-16 00:00:00+00:00, run_after=2024-10-17 00:00:00+00:00
[2024-10-16T10:32:52.543+0000] {processor.py:183} INFO - Processing /opt/airflow/dags/gold_training_pipeline.py took 5.393 seconds
[2024-10-16T10:33:22.924+0000] {processor.py:161} INFO - Started process (PID=5735) to work on /opt/airflow/dags/gold_training_pipeline.py
[2024-10-16T10:33:22.930+0000] {processor.py:830} INFO - Processing file /opt/airflow/dags/gold_training_pipeline.py for tasks to queue
[2024-10-16T10:33:22.944+0000] {logging_mixin.py:188} INFO - [2024-10-16T10:33:22.943+0000] {dagbag.py:540} INFO - Filling up the DagBag from /opt/airflow/dags/gold_training_pipeline.py
[2024-10-16T10:33:27.577+0000] {processor.py:840} INFO - DAG(s) 'Gold_training_Pipeline' retrieved from /opt/airflow/dags/gold_training_pipeline.py
[2024-10-16T10:33:27.679+0000] {logging_mixin.py:188} INFO - [2024-10-16T10:33:27.678+0000] {dag.py:3047} INFO - Sync 1 DAGs
[2024-10-16T10:33:27.750+0000] {logging_mixin.py:188} INFO - [2024-10-16T10:33:27.749+0000] {dag.py:3834} INFO - Setting next_dagrun for Gold_training_Pipeline to 2024-10-16 00:00:00+00:00, run_after=2024-10-17 00:00:00+00:00
[2024-10-16T10:33:27.817+0000] {processor.py:183} INFO - Processing /opt/airflow/dags/gold_training_pipeline.py took 4.896 seconds
[2024-10-16T10:33:58.468+0000] {processor.py:161} INFO - Started process (PID=5822) to work on /opt/airflow/dags/gold_training_pipeline.py
[2024-10-16T10:33:58.474+0000] {processor.py:830} INFO - Processing file /opt/airflow/dags/gold_training_pipeline.py for tasks to queue
[2024-10-16T10:33:58.479+0000] {logging_mixin.py:188} INFO - [2024-10-16T10:33:58.479+0000] {dagbag.py:540} INFO - Filling up the DagBag from /opt/airflow/dags/gold_training_pipeline.py
[2024-10-16T10:34:02.203+0000] {processor.py:840} INFO - DAG(s) 'Gold_training_Pipeline' retrieved from /opt/airflow/dags/gold_training_pipeline.py
[2024-10-16T10:34:02.405+0000] {logging_mixin.py:188} INFO - [2024-10-16T10:34:02.404+0000] {dag.py:3047} INFO - Sync 1 DAGs
[2024-10-16T10:34:02.508+0000] {logging_mixin.py:188} INFO - [2024-10-16T10:34:02.508+0000] {dag.py:3834} INFO - Setting next_dagrun for Gold_training_Pipeline to 2024-10-16 00:00:00+00:00, run_after=2024-10-17 00:00:00+00:00
[2024-10-16T10:34:02.576+0000] {processor.py:183} INFO - Processing /opt/airflow/dags/gold_training_pipeline.py took 4.111 seconds
[2024-10-16T10:34:32.792+0000] {processor.py:161} INFO - Started process (PID=5907) to work on /opt/airflow/dags/gold_training_pipeline.py
[2024-10-16T10:34:32.794+0000] {processor.py:830} INFO - Processing file /opt/airflow/dags/gold_training_pipeline.py for tasks to queue
[2024-10-16T10:34:32.795+0000] {logging_mixin.py:188} INFO - [2024-10-16T10:34:32.794+0000] {dagbag.py:540} INFO - Filling up the DagBag from /opt/airflow/dags/gold_training_pipeline.py
[2024-10-16T10:34:38.127+0000] {processor.py:840} INFO - DAG(s) 'Gold_training_Pipeline' retrieved from /opt/airflow/dags/gold_training_pipeline.py
[2024-10-16T10:34:38.457+0000] {logging_mixin.py:188} INFO - [2024-10-16T10:34:38.456+0000] {dag.py:3047} INFO - Sync 1 DAGs
[2024-10-16T10:34:38.527+0000] {logging_mixin.py:188} INFO - [2024-10-16T10:34:38.523+0000] {dag.py:3834} INFO - Setting next_dagrun for Gold_training_Pipeline to 2024-10-16 00:00:00+00:00, run_after=2024-10-17 00:00:00+00:00
[2024-10-16T10:34:38.564+0000] {processor.py:183} INFO - Processing /opt/airflow/dags/gold_training_pipeline.py took 5.775 seconds
[2024-10-16T10:35:09.285+0000] {processor.py:161} INFO - Started process (PID=5995) to work on /opt/airflow/dags/gold_training_pipeline.py
[2024-10-16T10:35:09.287+0000] {processor.py:830} INFO - Processing file /opt/airflow/dags/gold_training_pipeline.py for tasks to queue
[2024-10-16T10:35:09.288+0000] {logging_mixin.py:188} INFO - [2024-10-16T10:35:09.288+0000] {dagbag.py:540} INFO - Filling up the DagBag from /opt/airflow/dags/gold_training_pipeline.py
[2024-10-16T10:35:13.350+0000] {processor.py:840} INFO - DAG(s) 'Gold_training_Pipeline' retrieved from /opt/airflow/dags/gold_training_pipeline.py
[2024-10-16T10:35:13.411+0000] {logging_mixin.py:188} INFO - [2024-10-16T10:35:13.410+0000] {dag.py:3047} INFO - Sync 1 DAGs
[2024-10-16T10:35:13.429+0000] {logging_mixin.py:188} INFO - [2024-10-16T10:35:13.429+0000] {dag.py:3834} INFO - Setting next_dagrun for Gold_training_Pipeline to 2024-10-16 00:00:00+00:00, run_after=2024-10-17 00:00:00+00:00
[2024-10-16T10:35:13.579+0000] {processor.py:183} INFO - Processing /opt/airflow/dags/gold_training_pipeline.py took 4.296 seconds
[2024-10-16T10:35:43.903+0000] {processor.py:161} INFO - Started process (PID=6075) to work on /opt/airflow/dags/gold_training_pipeline.py
[2024-10-16T10:35:43.910+0000] {processor.py:830} INFO - Processing file /opt/airflow/dags/gold_training_pipeline.py for tasks to queue
[2024-10-16T10:35:43.912+0000] {logging_mixin.py:188} INFO - [2024-10-16T10:35:43.912+0000] {dagbag.py:540} INFO - Filling up the DagBag from /opt/airflow/dags/gold_training_pipeline.py
[2024-10-16T10:35:48.635+0000] {processor.py:840} INFO - DAG(s) 'Gold_training_Pipeline' retrieved from /opt/airflow/dags/gold_training_pipeline.py
[2024-10-16T10:35:48.806+0000] {logging_mixin.py:188} INFO - [2024-10-16T10:35:48.805+0000] {dag.py:3047} INFO - Sync 1 DAGs
[2024-10-16T10:35:48.836+0000] {logging_mixin.py:188} INFO - [2024-10-16T10:35:48.836+0000] {dag.py:3834} INFO - Setting next_dagrun for Gold_training_Pipeline to 2024-10-16 00:00:00+00:00, run_after=2024-10-17 00:00:00+00:00
[2024-10-16T10:35:48.908+0000] {processor.py:183} INFO - Processing /opt/airflow/dags/gold_training_pipeline.py took 5.008 seconds
[2024-10-16T10:36:19.568+0000] {processor.py:161} INFO - Started process (PID=6153) to work on /opt/airflow/dags/gold_training_pipeline.py
[2024-10-16T10:36:19.575+0000] {processor.py:830} INFO - Processing file /opt/airflow/dags/gold_training_pipeline.py for tasks to queue
[2024-10-16T10:36:19.580+0000] {logging_mixin.py:188} INFO - [2024-10-16T10:36:19.580+0000] {dagbag.py:540} INFO - Filling up the DagBag from /opt/airflow/dags/gold_training_pipeline.py
[2024-10-16T10:36:23.476+0000] {processor.py:840} INFO - DAG(s) 'Gold_training_Pipeline' retrieved from /opt/airflow/dags/gold_training_pipeline.py
[2024-10-16T10:36:24.127+0000] {logging_mixin.py:188} INFO - [2024-10-16T10:36:23.634+0000] {dag.py:3047} INFO - Sync 1 DAGs
[2024-10-16T10:36:24.189+0000] {logging_mixin.py:188} INFO - [2024-10-16T10:36:24.189+0000] {dag.py:3834} INFO - Setting next_dagrun for Gold_training_Pipeline to 2024-10-16 00:00:00+00:00, run_after=2024-10-17 00:00:00+00:00
[2024-10-16T10:36:24.321+0000] {processor.py:183} INFO - Processing /opt/airflow/dags/gold_training_pipeline.py took 4.755 seconds
[2024-10-16T10:36:55.667+0000] {processor.py:161} INFO - Started process (PID=6231) to work on /opt/airflow/dags/gold_training_pipeline.py
[2024-10-16T10:36:55.676+0000] {processor.py:830} INFO - Processing file /opt/airflow/dags/gold_training_pipeline.py for tasks to queue
[2024-10-16T10:36:55.679+0000] {logging_mixin.py:188} INFO - [2024-10-16T10:36:55.678+0000] {dagbag.py:540} INFO - Filling up the DagBag from /opt/airflow/dags/gold_training_pipeline.py
[2024-10-16T10:37:01.263+0000] {processor.py:840} INFO - DAG(s) 'Gold_training_Pipeline' retrieved from /opt/airflow/dags/gold_training_pipeline.py
[2024-10-16T10:37:01.394+0000] {logging_mixin.py:188} INFO - [2024-10-16T10:37:01.394+0000] {dag.py:3047} INFO - Sync 1 DAGs
[2024-10-16T10:37:01.470+0000] {logging_mixin.py:188} INFO - [2024-10-16T10:37:01.470+0000] {dag.py:3834} INFO - Setting next_dagrun for Gold_training_Pipeline to 2024-10-16 00:00:00+00:00, run_after=2024-10-17 00:00:00+00:00
[2024-10-16T10:37:01.532+0000] {processor.py:183} INFO - Processing /opt/airflow/dags/gold_training_pipeline.py took 5.868 seconds
[2024-10-16T10:37:31.724+0000] {processor.py:161} INFO - Started process (PID=6309) to work on /opt/airflow/dags/gold_training_pipeline.py
[2024-10-16T10:37:31.731+0000] {processor.py:830} INFO - Processing file /opt/airflow/dags/gold_training_pipeline.py for tasks to queue
[2024-10-16T10:37:31.733+0000] {logging_mixin.py:188} INFO - [2024-10-16T10:37:31.732+0000] {dagbag.py:540} INFO - Filling up the DagBag from /opt/airflow/dags/gold_training_pipeline.py
[2024-10-16T10:37:36.424+0000] {processor.py:840} INFO - DAG(s) 'Gold_training_Pipeline' retrieved from /opt/airflow/dags/gold_training_pipeline.py
[2024-10-16T10:37:36.607+0000] {logging_mixin.py:188} INFO - [2024-10-16T10:37:36.606+0000] {dag.py:3047} INFO - Sync 1 DAGs
[2024-10-16T10:37:36.638+0000] {logging_mixin.py:188} INFO - [2024-10-16T10:37:36.638+0000] {dag.py:3834} INFO - Setting next_dagrun for Gold_training_Pipeline to 2024-10-16 00:00:00+00:00, run_after=2024-10-17 00:00:00+00:00
[2024-10-16T10:37:36.717+0000] {processor.py:183} INFO - Processing /opt/airflow/dags/gold_training_pipeline.py took 4.995 seconds
[2024-10-16T10:38:07.120+0000] {processor.py:161} INFO - Started process (PID=6394) to work on /opt/airflow/dags/gold_training_pipeline.py
[2024-10-16T10:38:07.121+0000] {processor.py:830} INFO - Processing file /opt/airflow/dags/gold_training_pipeline.py for tasks to queue
[2024-10-16T10:38:07.122+0000] {logging_mixin.py:188} INFO - [2024-10-16T10:38:07.121+0000] {dagbag.py:540} INFO - Filling up the DagBag from /opt/airflow/dags/gold_training_pipeline.py
[2024-10-16T10:38:11.305+0000] {processor.py:840} INFO - DAG(s) 'Gold_training_Pipeline' retrieved from /opt/airflow/dags/gold_training_pipeline.py
[2024-10-16T10:38:11.515+0000] {logging_mixin.py:188} INFO - [2024-10-16T10:38:11.514+0000] {dag.py:3047} INFO - Sync 1 DAGs
[2024-10-16T10:38:11.645+0000] {logging_mixin.py:188} INFO - [2024-10-16T10:38:11.645+0000] {dag.py:3834} INFO - Setting next_dagrun for Gold_training_Pipeline to 2024-10-16 00:00:00+00:00, run_after=2024-10-17 00:00:00+00:00
[2024-10-16T10:38:11.729+0000] {processor.py:183} INFO - Processing /opt/airflow/dags/gold_training_pipeline.py took 4.612 seconds
[2024-10-16T10:38:42.261+0000] {processor.py:161} INFO - Started process (PID=6472) to work on /opt/airflow/dags/gold_training_pipeline.py
[2024-10-16T10:38:42.263+0000] {processor.py:830} INFO - Processing file /opt/airflow/dags/gold_training_pipeline.py for tasks to queue
[2024-10-16T10:38:42.269+0000] {logging_mixin.py:188} INFO - [2024-10-16T10:38:42.268+0000] {dagbag.py:540} INFO - Filling up the DagBag from /opt/airflow/dags/gold_training_pipeline.py
[2024-10-16T10:38:46.615+0000] {processor.py:840} INFO - DAG(s) 'Gold_training_Pipeline' retrieved from /opt/airflow/dags/gold_training_pipeline.py
[2024-10-16T10:38:47.173+0000] {logging_mixin.py:188} INFO - [2024-10-16T10:38:46.758+0000] {dag.py:3047} INFO - Sync 1 DAGs
[2024-10-16T10:38:47.288+0000] {logging_mixin.py:188} INFO - [2024-10-16T10:38:47.288+0000] {dag.py:3834} INFO - Setting next_dagrun for Gold_training_Pipeline to 2024-10-16 00:00:00+00:00, run_after=2024-10-17 00:00:00+00:00
[2024-10-16T10:38:47.392+0000] {processor.py:183} INFO - Processing /opt/airflow/dags/gold_training_pipeline.py took 5.134 seconds
[2024-10-16T10:39:17.957+0000] {processor.py:161} INFO - Started process (PID=6556) to work on /opt/airflow/dags/gold_training_pipeline.py
[2024-10-16T10:39:17.960+0000] {processor.py:830} INFO - Processing file /opt/airflow/dags/gold_training_pipeline.py for tasks to queue
[2024-10-16T10:39:17.962+0000] {logging_mixin.py:188} INFO - [2024-10-16T10:39:17.962+0000] {dagbag.py:540} INFO - Filling up the DagBag from /opt/airflow/dags/gold_training_pipeline.py
[2024-10-16T10:39:23.161+0000] {processor.py:840} INFO - DAG(s) 'Gold_training_Pipeline' retrieved from /opt/airflow/dags/gold_training_pipeline.py
[2024-10-16T10:39:23.323+0000] {logging_mixin.py:188} INFO - [2024-10-16T10:39:23.322+0000] {dag.py:3047} INFO - Sync 1 DAGs
[2024-10-16T10:39:23.366+0000] {logging_mixin.py:188} INFO - [2024-10-16T10:39:23.366+0000] {dag.py:3834} INFO - Setting next_dagrun for Gold_training_Pipeline to 2024-10-16 00:00:00+00:00, run_after=2024-10-17 00:00:00+00:00
[2024-10-16T10:39:23.447+0000] {processor.py:183} INFO - Processing /opt/airflow/dags/gold_training_pipeline.py took 5.493 seconds
