[2024-10-16T09:57:20.619+0000] {processor.py:161} INFO - Started process (PID=221) to work on /opt/airflow/dags/vehicle_model_training_pipeline.py
[2024-10-16T09:57:20.620+0000] {processor.py:830} INFO - Processing file /opt/airflow/dags/vehicle_model_training_pipeline.py for tasks to queue
[2024-10-16T09:57:20.621+0000] {logging_mixin.py:188} INFO - [2024-10-16T09:57:20.621+0000] {dagbag.py:540} INFO - Filling up the DagBag from /opt/airflow/dags/vehicle_model_training_pipeline.py
[2024-10-16T09:57:22.595+0000] {processor.py:840} INFO - DAG(s) 'Vehicle_Model_Training_Pipeline' retrieved from /opt/airflow/dags/vehicle_model_training_pipeline.py
[2024-10-16T09:57:22.845+0000] {logging_mixin.py:188} INFO - [2024-10-16T09:57:22.845+0000] {dag.py:3047} INFO - Sync 1 DAGs
[2024-10-16T09:57:22.867+0000] {logging_mixin.py:188} INFO - [2024-10-16T09:57:22.867+0000] {dag.py:3834} INFO - Setting next_dagrun for Vehicle_Model_Training_Pipeline to 2024-10-14 00:00:00+00:00, run_after=2024-10-15 00:00:00+00:00
[2024-10-16T09:57:22.898+0000] {processor.py:183} INFO - Processing /opt/airflow/dags/vehicle_model_training_pipeline.py took 2.281 seconds
[2024-10-16T09:57:53.846+0000] {processor.py:161} INFO - Started process (PID=302) to work on /opt/airflow/dags/vehicle_model_training_pipeline.py
[2024-10-16T09:57:53.847+0000] {processor.py:830} INFO - Processing file /opt/airflow/dags/vehicle_model_training_pipeline.py for tasks to queue
[2024-10-16T09:57:53.848+0000] {logging_mixin.py:188} INFO - [2024-10-16T09:57:53.848+0000] {dagbag.py:540} INFO - Filling up the DagBag from /opt/airflow/dags/vehicle_model_training_pipeline.py
[2024-10-16T09:57:54.660+0000] {processor.py:840} INFO - DAG(s) 'Vehicle_Model_Training_Pipeline' retrieved from /opt/airflow/dags/vehicle_model_training_pipeline.py
[2024-10-16T09:57:54.792+0000] {logging_mixin.py:188} INFO - [2024-10-16T09:57:54.791+0000] {dag.py:3047} INFO - Sync 1 DAGs
[2024-10-16T09:57:54.806+0000] {logging_mixin.py:188} INFO - [2024-10-16T09:57:54.806+0000] {dag.py:3834} INFO - Setting next_dagrun for Vehicle_Model_Training_Pipeline to 2024-10-14 00:00:00+00:00, run_after=2024-10-15 00:00:00+00:00
[2024-10-16T09:57:54.820+0000] {processor.py:183} INFO - Processing /opt/airflow/dags/vehicle_model_training_pipeline.py took 0.976 seconds
[2024-10-16T09:58:25.567+0000] {processor.py:161} INFO - Started process (PID=381) to work on /opt/airflow/dags/vehicle_model_training_pipeline.py
[2024-10-16T09:58:25.568+0000] {processor.py:830} INFO - Processing file /opt/airflow/dags/vehicle_model_training_pipeline.py for tasks to queue
[2024-10-16T09:58:25.568+0000] {logging_mixin.py:188} INFO - [2024-10-16T09:58:25.568+0000] {dagbag.py:540} INFO - Filling up the DagBag from /opt/airflow/dags/vehicle_model_training_pipeline.py
[2024-10-16T09:58:26.413+0000] {processor.py:840} INFO - DAG(s) 'Vehicle_Model_Training_Pipeline' retrieved from /opt/airflow/dags/vehicle_model_training_pipeline.py
[2024-10-16T09:58:26.551+0000] {logging_mixin.py:188} INFO - [2024-10-16T09:58:26.550+0000] {dag.py:3047} INFO - Sync 1 DAGs
[2024-10-16T09:58:26.564+0000] {logging_mixin.py:188} INFO - [2024-10-16T09:58:26.563+0000] {dag.py:3834} INFO - Setting next_dagrun for Vehicle_Model_Training_Pipeline to 2024-10-14 00:00:00+00:00, run_after=2024-10-15 00:00:00+00:00
[2024-10-16T09:58:26.580+0000] {processor.py:183} INFO - Processing /opt/airflow/dags/vehicle_model_training_pipeline.py took 1.015 seconds
[2024-10-16T09:58:56.974+0000] {processor.py:161} INFO - Started process (PID=460) to work on /opt/airflow/dags/vehicle_model_training_pipeline.py
[2024-10-16T09:58:56.978+0000] {processor.py:830} INFO - Processing file /opt/airflow/dags/vehicle_model_training_pipeline.py for tasks to queue
[2024-10-16T09:58:56.980+0000] {logging_mixin.py:188} INFO - [2024-10-16T09:58:56.980+0000] {dagbag.py:540} INFO - Filling up the DagBag from /opt/airflow/dags/vehicle_model_training_pipeline.py
[2024-10-16T09:58:57.773+0000] {processor.py:840} INFO - DAG(s) 'Vehicle_Model_Training_Pipeline' retrieved from /opt/airflow/dags/vehicle_model_training_pipeline.py
[2024-10-16T09:58:57.953+0000] {logging_mixin.py:188} INFO - [2024-10-16T09:58:57.952+0000] {dag.py:3047} INFO - Sync 1 DAGs
[2024-10-16T09:58:57.965+0000] {logging_mixin.py:188} INFO - [2024-10-16T09:58:57.964+0000] {dag.py:3834} INFO - Setting next_dagrun for Vehicle_Model_Training_Pipeline to 2024-10-14 00:00:00+00:00, run_after=2024-10-15 00:00:00+00:00
[2024-10-16T09:58:57.982+0000] {processor.py:183} INFO - Processing /opt/airflow/dags/vehicle_model_training_pipeline.py took 1.011 seconds
[2024-10-16T09:59:28.412+0000] {processor.py:161} INFO - Started process (PID=539) to work on /opt/airflow/dags/vehicle_model_training_pipeline.py
[2024-10-16T09:59:28.413+0000] {processor.py:830} INFO - Processing file /opt/airflow/dags/vehicle_model_training_pipeline.py for tasks to queue
[2024-10-16T09:59:28.414+0000] {logging_mixin.py:188} INFO - [2024-10-16T09:59:28.414+0000] {dagbag.py:540} INFO - Filling up the DagBag from /opt/airflow/dags/vehicle_model_training_pipeline.py
[2024-10-16T09:59:29.136+0000] {processor.py:840} INFO - DAG(s) 'Vehicle_Model_Training_Pipeline' retrieved from /opt/airflow/dags/vehicle_model_training_pipeline.py
[2024-10-16T09:59:29.239+0000] {logging_mixin.py:188} INFO - [2024-10-16T09:59:29.239+0000] {dag.py:3047} INFO - Sync 1 DAGs
[2024-10-16T09:59:29.252+0000] {logging_mixin.py:188} INFO - [2024-10-16T09:59:29.252+0000] {dag.py:3834} INFO - Setting next_dagrun for Vehicle_Model_Training_Pipeline to 2024-10-14 00:00:00+00:00, run_after=2024-10-15 00:00:00+00:00
[2024-10-16T09:59:29.269+0000] {processor.py:183} INFO - Processing /opt/airflow/dags/vehicle_model_training_pipeline.py took 0.859 seconds
[2024-10-16T10:00:00.184+0000] {processor.py:161} INFO - Started process (PID=618) to work on /opt/airflow/dags/vehicle_model_training_pipeline.py
[2024-10-16T10:00:00.185+0000] {processor.py:830} INFO - Processing file /opt/airflow/dags/vehicle_model_training_pipeline.py for tasks to queue
[2024-10-16T10:00:00.186+0000] {logging_mixin.py:188} INFO - [2024-10-16T10:00:00.186+0000] {dagbag.py:540} INFO - Filling up the DagBag from /opt/airflow/dags/vehicle_model_training_pipeline.py
[2024-10-16T10:00:01.036+0000] {processor.py:840} INFO - DAG(s) 'Vehicle_Model_Training_Pipeline' retrieved from /opt/airflow/dags/vehicle_model_training_pipeline.py
[2024-10-16T10:00:01.173+0000] {logging_mixin.py:188} INFO - [2024-10-16T10:00:01.173+0000] {dag.py:3047} INFO - Sync 1 DAGs
[2024-10-16T10:00:01.187+0000] {logging_mixin.py:188} INFO - [2024-10-16T10:00:01.186+0000] {dag.py:3834} INFO - Setting next_dagrun for Vehicle_Model_Training_Pipeline to 2024-10-14 00:00:00+00:00, run_after=2024-10-15 00:00:00+00:00
[2024-10-16T10:00:01.203+0000] {processor.py:183} INFO - Processing /opt/airflow/dags/vehicle_model_training_pipeline.py took 1.021 seconds
[2024-10-16T10:00:31.782+0000] {processor.py:161} INFO - Started process (PID=697) to work on /opt/airflow/dags/vehicle_model_training_pipeline.py
[2024-10-16T10:00:31.783+0000] {processor.py:830} INFO - Processing file /opt/airflow/dags/vehicle_model_training_pipeline.py for tasks to queue
[2024-10-16T10:00:31.784+0000] {logging_mixin.py:188} INFO - [2024-10-16T10:00:31.784+0000] {dagbag.py:540} INFO - Filling up the DagBag from /opt/airflow/dags/vehicle_model_training_pipeline.py
[2024-10-16T10:00:32.660+0000] {processor.py:840} INFO - DAG(s) 'Vehicle_Model_Training_Pipeline' retrieved from /opt/airflow/dags/vehicle_model_training_pipeline.py
[2024-10-16T10:00:32.802+0000] {logging_mixin.py:188} INFO - [2024-10-16T10:00:32.801+0000] {dag.py:3047} INFO - Sync 1 DAGs
[2024-10-16T10:00:32.817+0000] {logging_mixin.py:188} INFO - [2024-10-16T10:00:32.816+0000] {dag.py:3834} INFO - Setting next_dagrun for Vehicle_Model_Training_Pipeline to 2024-10-14 00:00:00+00:00, run_after=2024-10-15 00:00:00+00:00
[2024-10-16T10:00:32.838+0000] {processor.py:183} INFO - Processing /opt/airflow/dags/vehicle_model_training_pipeline.py took 1.058 seconds
[2024-10-16T10:01:03.603+0000] {processor.py:161} INFO - Started process (PID=776) to work on /opt/airflow/dags/vehicle_model_training_pipeline.py
[2024-10-16T10:01:03.604+0000] {processor.py:830} INFO - Processing file /opt/airflow/dags/vehicle_model_training_pipeline.py for tasks to queue
[2024-10-16T10:01:03.605+0000] {logging_mixin.py:188} INFO - [2024-10-16T10:01:03.605+0000] {dagbag.py:540} INFO - Filling up the DagBag from /opt/airflow/dags/vehicle_model_training_pipeline.py
[2024-10-16T10:01:04.491+0000] {processor.py:840} INFO - DAG(s) 'Vehicle_Model_Training_Pipeline' retrieved from /opt/airflow/dags/vehicle_model_training_pipeline.py
[2024-10-16T10:01:04.636+0000] {logging_mixin.py:188} INFO - [2024-10-16T10:01:04.636+0000] {dag.py:3047} INFO - Sync 1 DAGs
[2024-10-16T10:01:04.650+0000] {logging_mixin.py:188} INFO - [2024-10-16T10:01:04.650+0000] {dag.py:3834} INFO - Setting next_dagrun for Vehicle_Model_Training_Pipeline to 2024-10-14 00:00:00+00:00, run_after=2024-10-15 00:00:00+00:00
[2024-10-16T10:01:04.666+0000] {processor.py:183} INFO - Processing /opt/airflow/dags/vehicle_model_training_pipeline.py took 1.066 seconds
[2024-10-16T10:01:35.165+0000] {processor.py:161} INFO - Started process (PID=1184) to work on /opt/airflow/dags/vehicle_model_training_pipeline.py
[2024-10-16T10:01:35.168+0000] {processor.py:830} INFO - Processing file /opt/airflow/dags/vehicle_model_training_pipeline.py for tasks to queue
[2024-10-16T10:01:35.272+0000] {logging_mixin.py:188} INFO - [2024-10-16T10:01:35.168+0000] {dagbag.py:540} INFO - Filling up the DagBag from /opt/airflow/dags/vehicle_model_training_pipeline.py
[2024-10-16T10:01:55.476+0000] {processor.py:840} INFO - DAG(s) 'Vehicle_Model_Training_Pipeline' retrieved from /opt/airflow/dags/vehicle_model_training_pipeline.py
[2024-10-16T10:01:55.705+0000] {logging_mixin.py:188} INFO - [2024-10-16T10:01:55.702+0000] {dag.py:3047} INFO - Sync 1 DAGs
[2024-10-16T10:01:55.772+0000] {logging_mixin.py:188} INFO - [2024-10-16T10:01:55.772+0000] {dag.py:3834} INFO - Setting next_dagrun for Vehicle_Model_Training_Pipeline to 2024-10-14 00:00:00+00:00, run_after=2024-10-15 00:00:00+00:00
[2024-10-16T10:01:55.800+0000] {processor.py:183} INFO - Processing /opt/airflow/dags/vehicle_model_training_pipeline.py took 20.718 seconds
[2024-10-16T10:02:26.883+0000] {processor.py:161} INFO - Started process (PID=1353) to work on /opt/airflow/dags/vehicle_model_training_pipeline.py
[2024-10-16T10:02:26.885+0000] {processor.py:830} INFO - Processing file /opt/airflow/dags/vehicle_model_training_pipeline.py for tasks to queue
[2024-10-16T10:02:26.888+0000] {logging_mixin.py:188} INFO - [2024-10-16T10:02:26.887+0000] {dagbag.py:540} INFO - Filling up the DagBag from /opt/airflow/dags/vehicle_model_training_pipeline.py
[2024-10-16T10:02:31.582+0000] {processor.py:840} INFO - DAG(s) 'Vehicle_Model_Training_Pipeline' retrieved from /opt/airflow/dags/vehicle_model_training_pipeline.py
[2024-10-16T10:02:31.963+0000] {logging_mixin.py:188} INFO - [2024-10-16T10:02:31.963+0000] {dag.py:3047} INFO - Sync 1 DAGs
[2024-10-16T10:02:32.148+0000] {logging_mixin.py:188} INFO - [2024-10-16T10:02:32.147+0000] {dag.py:3834} INFO - Setting next_dagrun for Vehicle_Model_Training_Pipeline to 2024-10-14 00:00:00+00:00, run_after=2024-10-15 00:00:00+00:00
[2024-10-16T10:02:32.238+0000] {processor.py:183} INFO - Processing /opt/airflow/dags/vehicle_model_training_pipeline.py took 5.359 seconds
[2024-10-16T10:03:02.872+0000] {processor.py:161} INFO - Started process (PID=1475) to work on /opt/airflow/dags/vehicle_model_training_pipeline.py
[2024-10-16T10:03:02.873+0000] {processor.py:830} INFO - Processing file /opt/airflow/dags/vehicle_model_training_pipeline.py for tasks to queue
[2024-10-16T10:03:02.884+0000] {logging_mixin.py:188} INFO - [2024-10-16T10:03:02.884+0000] {dagbag.py:540} INFO - Filling up the DagBag from /opt/airflow/dags/vehicle_model_training_pipeline.py
[2024-10-16T10:03:06.145+0000] {processor.py:840} INFO - DAG(s) 'Vehicle_Model_Training_Pipeline' retrieved from /opt/airflow/dags/vehicle_model_training_pipeline.py
[2024-10-16T10:03:06.416+0000] {logging_mixin.py:188} INFO - [2024-10-16T10:03:06.415+0000] {dag.py:3047} INFO - Sync 1 DAGs
[2024-10-16T10:03:06.583+0000] {logging_mixin.py:188} INFO - [2024-10-16T10:03:06.583+0000] {dag.py:3834} INFO - Setting next_dagrun for Vehicle_Model_Training_Pipeline to 2024-10-14 00:00:00+00:00, run_after=2024-10-15 00:00:00+00:00
[2024-10-16T10:03:06.702+0000] {processor.py:183} INFO - Processing /opt/airflow/dags/vehicle_model_training_pipeline.py took 3.833 seconds
[2024-10-16T10:03:37.242+0000] {processor.py:161} INFO - Started process (PID=1553) to work on /opt/airflow/dags/vehicle_model_training_pipeline.py
[2024-10-16T10:03:37.251+0000] {processor.py:830} INFO - Processing file /opt/airflow/dags/vehicle_model_training_pipeline.py for tasks to queue
[2024-10-16T10:03:37.252+0000] {logging_mixin.py:188} INFO - [2024-10-16T10:03:37.252+0000] {dagbag.py:540} INFO - Filling up the DagBag from /opt/airflow/dags/vehicle_model_training_pipeline.py
[2024-10-16T10:03:40.187+0000] {processor.py:840} INFO - DAG(s) 'Vehicle_Model_Training_Pipeline' retrieved from /opt/airflow/dags/vehicle_model_training_pipeline.py
[2024-10-16T10:03:40.619+0000] {logging_mixin.py:188} INFO - [2024-10-16T10:03:40.583+0000] {dag.py:3047} INFO - Sync 1 DAGs
[2024-10-16T10:03:40.711+0000] {logging_mixin.py:188} INFO - [2024-10-16T10:03:40.711+0000] {dag.py:3834} INFO - Setting next_dagrun for Vehicle_Model_Training_Pipeline to 2024-10-14 00:00:00+00:00, run_after=2024-10-15 00:00:00+00:00
[2024-10-16T10:03:40.772+0000] {processor.py:183} INFO - Processing /opt/airflow/dags/vehicle_model_training_pipeline.py took 3.533 seconds
[2024-10-16T10:04:11.605+0000] {processor.py:161} INFO - Started process (PID=1632) to work on /opt/airflow/dags/vehicle_model_training_pipeline.py
[2024-10-16T10:04:11.609+0000] {processor.py:830} INFO - Processing file /opt/airflow/dags/vehicle_model_training_pipeline.py for tasks to queue
[2024-10-16T10:04:11.612+0000] {logging_mixin.py:188} INFO - [2024-10-16T10:04:11.611+0000] {dagbag.py:540} INFO - Filling up the DagBag from /opt/airflow/dags/vehicle_model_training_pipeline.py
[2024-10-16T10:04:14.798+0000] {processor.py:840} INFO - DAG(s) 'Vehicle_Model_Training_Pipeline' retrieved from /opt/airflow/dags/vehicle_model_training_pipeline.py
[2024-10-16T10:04:14.989+0000] {logging_mixin.py:188} INFO - [2024-10-16T10:04:14.988+0000] {dag.py:3047} INFO - Sync 1 DAGs
[2024-10-16T10:04:15.026+0000] {logging_mixin.py:188} INFO - [2024-10-16T10:04:15.026+0000] {dag.py:3834} INFO - Setting next_dagrun for Vehicle_Model_Training_Pipeline to 2024-10-14 00:00:00+00:00, run_after=2024-10-15 00:00:00+00:00
[2024-10-16T10:04:15.067+0000] {processor.py:183} INFO - Processing /opt/airflow/dags/vehicle_model_training_pipeline.py took 3.465 seconds
[2024-10-16T10:04:45.403+0000] {processor.py:161} INFO - Started process (PID=1710) to work on /opt/airflow/dags/vehicle_model_training_pipeline.py
[2024-10-16T10:04:45.405+0000] {processor.py:830} INFO - Processing file /opt/airflow/dags/vehicle_model_training_pipeline.py for tasks to queue
[2024-10-16T10:04:45.416+0000] {logging_mixin.py:188} INFO - [2024-10-16T10:04:45.416+0000] {dagbag.py:540} INFO - Filling up the DagBag from /opt/airflow/dags/vehicle_model_training_pipeline.py
[2024-10-16T10:04:49.201+0000] {processor.py:840} INFO - DAG(s) 'Vehicle_Model_Training_Pipeline' retrieved from /opt/airflow/dags/vehicle_model_training_pipeline.py
[2024-10-16T10:04:49.537+0000] {logging_mixin.py:188} INFO - [2024-10-16T10:04:49.536+0000] {dag.py:3047} INFO - Sync 1 DAGs
[2024-10-16T10:04:49.620+0000] {logging_mixin.py:188} INFO - [2024-10-16T10:04:49.618+0000] {dag.py:3834} INFO - Setting next_dagrun for Vehicle_Model_Training_Pipeline to 2024-10-14 00:00:00+00:00, run_after=2024-10-15 00:00:00+00:00
[2024-10-16T10:04:49.747+0000] {processor.py:183} INFO - Processing /opt/airflow/dags/vehicle_model_training_pipeline.py took 4.346 seconds
[2024-10-16T10:05:20.158+0000] {processor.py:161} INFO - Started process (PID=1788) to work on /opt/airflow/dags/vehicle_model_training_pipeline.py
[2024-10-16T10:05:20.163+0000] {processor.py:830} INFO - Processing file /opt/airflow/dags/vehicle_model_training_pipeline.py for tasks to queue
[2024-10-16T10:05:20.178+0000] {logging_mixin.py:188} INFO - [2024-10-16T10:05:20.177+0000] {dagbag.py:540} INFO - Filling up the DagBag from /opt/airflow/dags/vehicle_model_training_pipeline.py
[2024-10-16T10:05:24.252+0000] {processor.py:840} INFO - DAG(s) 'Vehicle_Model_Training_Pipeline' retrieved from /opt/airflow/dags/vehicle_model_training_pipeline.py
[2024-10-16T10:05:24.911+0000] {logging_mixin.py:188} INFO - [2024-10-16T10:05:24.911+0000] {dag.py:3047} INFO - Sync 1 DAGs
[2024-10-16T10:05:24.975+0000] {logging_mixin.py:188} INFO - [2024-10-16T10:05:24.975+0000] {dag.py:3834} INFO - Setting next_dagrun for Vehicle_Model_Training_Pipeline to 2024-10-14 00:00:00+00:00, run_after=2024-10-15 00:00:00+00:00
[2024-10-16T10:05:25.025+0000] {processor.py:183} INFO - Processing /opt/airflow/dags/vehicle_model_training_pipeline.py took 4.867 seconds
[2024-10-16T10:05:55.428+0000] {processor.py:161} INFO - Started process (PID=1872) to work on /opt/airflow/dags/vehicle_model_training_pipeline.py
[2024-10-16T10:05:55.435+0000] {processor.py:830} INFO - Processing file /opt/airflow/dags/vehicle_model_training_pipeline.py for tasks to queue
[2024-10-16T10:05:55.436+0000] {logging_mixin.py:188} INFO - [2024-10-16T10:05:55.436+0000] {dagbag.py:540} INFO - Filling up the DagBag from /opt/airflow/dags/vehicle_model_training_pipeline.py
[2024-10-16T10:05:59.210+0000] {processor.py:840} INFO - DAG(s) 'Vehicle_Model_Training_Pipeline' retrieved from /opt/airflow/dags/vehicle_model_training_pipeline.py
[2024-10-16T10:05:59.590+0000] {logging_mixin.py:188} INFO - [2024-10-16T10:05:59.589+0000] {dag.py:3047} INFO - Sync 1 DAGs
[2024-10-16T10:05:59.637+0000] {logging_mixin.py:188} INFO - [2024-10-16T10:05:59.637+0000] {dag.py:3834} INFO - Setting next_dagrun for Vehicle_Model_Training_Pipeline to 2024-10-14 00:00:00+00:00, run_after=2024-10-15 00:00:00+00:00
[2024-10-16T10:05:59.749+0000] {processor.py:183} INFO - Processing /opt/airflow/dags/vehicle_model_training_pipeline.py took 4.324 seconds
[2024-10-16T10:06:30.083+0000] {processor.py:161} INFO - Started process (PID=1954) to work on /opt/airflow/dags/vehicle_model_training_pipeline.py
[2024-10-16T10:06:30.096+0000] {processor.py:830} INFO - Processing file /opt/airflow/dags/vehicle_model_training_pipeline.py for tasks to queue
[2024-10-16T10:06:30.101+0000] {logging_mixin.py:188} INFO - [2024-10-16T10:06:30.101+0000] {dagbag.py:540} INFO - Filling up the DagBag from /opt/airflow/dags/vehicle_model_training_pipeline.py
[2024-10-16T10:06:33.409+0000] {processor.py:840} INFO - DAG(s) 'Vehicle_Model_Training_Pipeline' retrieved from /opt/airflow/dags/vehicle_model_training_pipeline.py
[2024-10-16T10:06:33.649+0000] {logging_mixin.py:188} INFO - [2024-10-16T10:06:33.648+0000] {dag.py:3047} INFO - Sync 1 DAGs
[2024-10-16T10:06:33.668+0000] {logging_mixin.py:188} INFO - [2024-10-16T10:06:33.668+0000] {dag.py:3834} INFO - Setting next_dagrun for Vehicle_Model_Training_Pipeline to 2024-10-14 00:00:00+00:00, run_after=2024-10-15 00:00:00+00:00
[2024-10-16T10:06:33.768+0000] {processor.py:183} INFO - Processing /opt/airflow/dags/vehicle_model_training_pipeline.py took 3.691 seconds
[2024-10-16T10:07:04.256+0000] {processor.py:161} INFO - Started process (PID=2033) to work on /opt/airflow/dags/vehicle_model_training_pipeline.py
[2024-10-16T10:07:04.257+0000] {processor.py:830} INFO - Processing file /opt/airflow/dags/vehicle_model_training_pipeline.py for tasks to queue
[2024-10-16T10:07:04.257+0000] {logging_mixin.py:188} INFO - [2024-10-16T10:07:04.257+0000] {dagbag.py:540} INFO - Filling up the DagBag from /opt/airflow/dags/vehicle_model_training_pipeline.py
[2024-10-16T10:07:07.109+0000] {processor.py:840} INFO - DAG(s) 'Vehicle_Model_Training_Pipeline' retrieved from /opt/airflow/dags/vehicle_model_training_pipeline.py
[2024-10-16T10:07:07.469+0000] {logging_mixin.py:188} INFO - [2024-10-16T10:07:07.468+0000] {dag.py:3047} INFO - Sync 1 DAGs
[2024-10-16T10:07:07.591+0000] {logging_mixin.py:188} INFO - [2024-10-16T10:07:07.590+0000] {dag.py:3834} INFO - Setting next_dagrun for Vehicle_Model_Training_Pipeline to 2024-10-14 00:00:00+00:00, run_after=2024-10-15 00:00:00+00:00
[2024-10-16T10:07:07.769+0000] {processor.py:183} INFO - Processing /opt/airflow/dags/vehicle_model_training_pipeline.py took 3.516 seconds
[2024-10-16T10:07:38.636+0000] {processor.py:161} INFO - Started process (PID=2122) to work on /opt/airflow/dags/vehicle_model_training_pipeline.py
[2024-10-16T10:07:38.637+0000] {processor.py:830} INFO - Processing file /opt/airflow/dags/vehicle_model_training_pipeline.py for tasks to queue
[2024-10-16T10:07:38.638+0000] {logging_mixin.py:188} INFO - [2024-10-16T10:07:38.638+0000] {dagbag.py:540} INFO - Filling up the DagBag from /opt/airflow/dags/vehicle_model_training_pipeline.py
[2024-10-16T10:07:41.910+0000] {processor.py:840} INFO - DAG(s) 'Vehicle_Model_Training_Pipeline' retrieved from /opt/airflow/dags/vehicle_model_training_pipeline.py
[2024-10-16T10:07:42.030+0000] {logging_mixin.py:188} INFO - [2024-10-16T10:07:42.030+0000] {dag.py:3047} INFO - Sync 1 DAGs
[2024-10-16T10:07:42.144+0000] {logging_mixin.py:188} INFO - [2024-10-16T10:07:42.144+0000] {dag.py:3834} INFO - Setting next_dagrun for Vehicle_Model_Training_Pipeline to 2024-10-14 00:00:00+00:00, run_after=2024-10-15 00:00:00+00:00
[2024-10-16T10:07:42.229+0000] {processor.py:183} INFO - Processing /opt/airflow/dags/vehicle_model_training_pipeline.py took 3.595 seconds
[2024-10-16T10:08:12.826+0000] {processor.py:161} INFO - Started process (PID=2203) to work on /opt/airflow/dags/vehicle_model_training_pipeline.py
[2024-10-16T10:08:12.827+0000] {processor.py:830} INFO - Processing file /opt/airflow/dags/vehicle_model_training_pipeline.py for tasks to queue
[2024-10-16T10:08:12.829+0000] {logging_mixin.py:188} INFO - [2024-10-16T10:08:12.829+0000] {dagbag.py:540} INFO - Filling up the DagBag from /opt/airflow/dags/vehicle_model_training_pipeline.py
[2024-10-16T10:08:16.762+0000] {processor.py:840} INFO - DAG(s) 'Vehicle_Model_Training_Pipeline' retrieved from /opt/airflow/dags/vehicle_model_training_pipeline.py
[2024-10-16T10:08:16.989+0000] {logging_mixin.py:188} INFO - [2024-10-16T10:08:16.989+0000] {dag.py:3047} INFO - Sync 1 DAGs
[2024-10-16T10:08:17.044+0000] {logging_mixin.py:188} INFO - [2024-10-16T10:08:17.043+0000] {dag.py:3834} INFO - Setting next_dagrun for Vehicle_Model_Training_Pipeline to 2024-10-14 00:00:00+00:00, run_after=2024-10-15 00:00:00+00:00
[2024-10-16T10:08:17.101+0000] {processor.py:183} INFO - Processing /opt/airflow/dags/vehicle_model_training_pipeline.py took 4.287 seconds
[2024-10-16T10:08:47.472+0000] {processor.py:161} INFO - Started process (PID=2286) to work on /opt/airflow/dags/vehicle_model_training_pipeline.py
[2024-10-16T10:08:47.475+0000] {processor.py:830} INFO - Processing file /opt/airflow/dags/vehicle_model_training_pipeline.py for tasks to queue
[2024-10-16T10:08:47.479+0000] {logging_mixin.py:188} INFO - [2024-10-16T10:08:47.479+0000] {dagbag.py:540} INFO - Filling up the DagBag from /opt/airflow/dags/vehicle_model_training_pipeline.py
[2024-10-16T10:08:51.071+0000] {processor.py:840} INFO - DAG(s) 'Vehicle_Model_Training_Pipeline' retrieved from /opt/airflow/dags/vehicle_model_training_pipeline.py
[2024-10-16T10:08:51.344+0000] {logging_mixin.py:188} INFO - [2024-10-16T10:08:51.344+0000] {dag.py:3047} INFO - Sync 1 DAGs
[2024-10-16T10:08:51.487+0000] {logging_mixin.py:188} INFO - [2024-10-16T10:08:51.487+0000] {dag.py:3834} INFO - Setting next_dagrun for Vehicle_Model_Training_Pipeline to 2024-10-14 00:00:00+00:00, run_after=2024-10-15 00:00:00+00:00
[2024-10-16T10:08:51.633+0000] {processor.py:183} INFO - Processing /opt/airflow/dags/vehicle_model_training_pipeline.py took 4.137 seconds
[2024-10-16T10:09:21.814+0000] {processor.py:161} INFO - Started process (PID=2367) to work on /opt/airflow/dags/vehicle_model_training_pipeline.py
[2024-10-16T10:09:21.820+0000] {processor.py:830} INFO - Processing file /opt/airflow/dags/vehicle_model_training_pipeline.py for tasks to queue
[2024-10-16T10:09:21.822+0000] {logging_mixin.py:188} INFO - [2024-10-16T10:09:21.821+0000] {dagbag.py:540} INFO - Filling up the DagBag from /opt/airflow/dags/vehicle_model_training_pipeline.py
[2024-10-16T10:09:25.790+0000] {processor.py:840} INFO - DAG(s) 'Vehicle_Model_Training_Pipeline' retrieved from /opt/airflow/dags/vehicle_model_training_pipeline.py
[2024-10-16T10:09:26.032+0000] {logging_mixin.py:188} INFO - [2024-10-16T10:09:26.032+0000] {dag.py:3047} INFO - Sync 1 DAGs
[2024-10-16T10:09:26.061+0000] {logging_mixin.py:188} INFO - [2024-10-16T10:09:26.060+0000] {dag.py:3834} INFO - Setting next_dagrun for Vehicle_Model_Training_Pipeline to 2024-10-14 00:00:00+00:00, run_after=2024-10-15 00:00:00+00:00
[2024-10-16T10:09:26.088+0000] {processor.py:183} INFO - Processing /opt/airflow/dags/vehicle_model_training_pipeline.py took 4.277 seconds
[2024-10-16T10:09:56.397+0000] {processor.py:161} INFO - Started process (PID=2452) to work on /opt/airflow/dags/vehicle_model_training_pipeline.py
[2024-10-16T10:09:56.400+0000] {processor.py:830} INFO - Processing file /opt/airflow/dags/vehicle_model_training_pipeline.py for tasks to queue
[2024-10-16T10:09:56.408+0000] {logging_mixin.py:188} INFO - [2024-10-16T10:09:56.408+0000] {dagbag.py:540} INFO - Filling up the DagBag from /opt/airflow/dags/vehicle_model_training_pipeline.py
[2024-10-16T10:09:59.756+0000] {processor.py:840} INFO - DAG(s) 'Vehicle_Model_Training_Pipeline' retrieved from /opt/airflow/dags/vehicle_model_training_pipeline.py
[2024-10-16T10:10:00.061+0000] {logging_mixin.py:188} INFO - [2024-10-16T10:10:00.061+0000] {dag.py:3047} INFO - Sync 1 DAGs
[2024-10-16T10:10:00.308+0000] {logging_mixin.py:188} INFO - [2024-10-16T10:10:00.306+0000] {dag.py:3834} INFO - Setting next_dagrun for Vehicle_Model_Training_Pipeline to 2024-10-14 00:00:00+00:00, run_after=2024-10-15 00:00:00+00:00
[2024-10-16T10:10:00.514+0000] {processor.py:183} INFO - Processing /opt/airflow/dags/vehicle_model_training_pipeline.py took 4.121 seconds
[2024-10-16T10:10:31.561+0000] {processor.py:161} INFO - Started process (PID=2531) to work on /opt/airflow/dags/vehicle_model_training_pipeline.py
[2024-10-16T10:10:31.580+0000] {processor.py:830} INFO - Processing file /opt/airflow/dags/vehicle_model_training_pipeline.py for tasks to queue
[2024-10-16T10:10:31.598+0000] {logging_mixin.py:188} INFO - [2024-10-16T10:10:31.597+0000] {dagbag.py:540} INFO - Filling up the DagBag from /opt/airflow/dags/vehicle_model_training_pipeline.py
[2024-10-16T10:10:35.119+0000] {processor.py:840} INFO - DAG(s) 'Vehicle_Model_Training_Pipeline' retrieved from /opt/airflow/dags/vehicle_model_training_pipeline.py
[2024-10-16T10:10:35.315+0000] {logging_mixin.py:188} INFO - [2024-10-16T10:10:35.315+0000] {dag.py:3047} INFO - Sync 1 DAGs
[2024-10-16T10:10:35.340+0000] {logging_mixin.py:188} INFO - [2024-10-16T10:10:35.340+0000] {dag.py:3834} INFO - Setting next_dagrun for Vehicle_Model_Training_Pipeline to 2024-10-14 00:00:00+00:00, run_after=2024-10-15 00:00:00+00:00
[2024-10-16T10:10:35.425+0000] {processor.py:183} INFO - Processing /opt/airflow/dags/vehicle_model_training_pipeline.py took 3.873 seconds
[2024-10-16T10:11:06.161+0000] {processor.py:161} INFO - Started process (PID=2610) to work on /opt/airflow/dags/vehicle_model_training_pipeline.py
[2024-10-16T10:11:06.162+0000] {processor.py:830} INFO - Processing file /opt/airflow/dags/vehicle_model_training_pipeline.py for tasks to queue
[2024-10-16T10:11:06.162+0000] {logging_mixin.py:188} INFO - [2024-10-16T10:11:06.162+0000] {dagbag.py:540} INFO - Filling up the DagBag from /opt/airflow/dags/vehicle_model_training_pipeline.py
[2024-10-16T10:11:09.853+0000] {processor.py:840} INFO - DAG(s) 'Vehicle_Model_Training_Pipeline' retrieved from /opt/airflow/dags/vehicle_model_training_pipeline.py
[2024-10-16T10:11:10.165+0000] {logging_mixin.py:188} INFO - [2024-10-16T10:11:10.165+0000] {dag.py:3047} INFO - Sync 1 DAGs
[2024-10-16T10:11:10.220+0000] {logging_mixin.py:188} INFO - [2024-10-16T10:11:10.220+0000] {dag.py:3834} INFO - Setting next_dagrun for Vehicle_Model_Training_Pipeline to 2024-10-14 00:00:00+00:00, run_after=2024-10-15 00:00:00+00:00
[2024-10-16T10:11:10.278+0000] {processor.py:183} INFO - Processing /opt/airflow/dags/vehicle_model_training_pipeline.py took 4.120 seconds
[2024-10-16T10:11:40.767+0000] {processor.py:161} INFO - Started process (PID=2689) to work on /opt/airflow/dags/vehicle_model_training_pipeline.py
[2024-10-16T10:11:40.768+0000] {processor.py:830} INFO - Processing file /opt/airflow/dags/vehicle_model_training_pipeline.py for tasks to queue
[2024-10-16T10:11:40.769+0000] {logging_mixin.py:188} INFO - [2024-10-16T10:11:40.769+0000] {dagbag.py:540} INFO - Filling up the DagBag from /opt/airflow/dags/vehicle_model_training_pipeline.py
[2024-10-16T10:11:43.752+0000] {processor.py:840} INFO - DAG(s) 'Vehicle_Model_Training_Pipeline' retrieved from /opt/airflow/dags/vehicle_model_training_pipeline.py
[2024-10-16T10:11:43.955+0000] {logging_mixin.py:188} INFO - [2024-10-16T10:11:43.955+0000] {dag.py:3047} INFO - Sync 1 DAGs
[2024-10-16T10:11:44.048+0000] {logging_mixin.py:188} INFO - [2024-10-16T10:11:44.048+0000] {dag.py:3834} INFO - Setting next_dagrun for Vehicle_Model_Training_Pipeline to 2024-10-14 00:00:00+00:00, run_after=2024-10-15 00:00:00+00:00
[2024-10-16T10:11:44.095+0000] {processor.py:183} INFO - Processing /opt/airflow/dags/vehicle_model_training_pipeline.py took 3.330 seconds
[2024-10-16T10:12:14.732+0000] {processor.py:161} INFO - Started process (PID=2772) to work on /opt/airflow/dags/vehicle_model_training_pipeline.py
[2024-10-16T10:12:14.733+0000] {processor.py:830} INFO - Processing file /opt/airflow/dags/vehicle_model_training_pipeline.py for tasks to queue
[2024-10-16T10:12:14.738+0000] {logging_mixin.py:188} INFO - [2024-10-16T10:12:14.738+0000] {dagbag.py:540} INFO - Filling up the DagBag from /opt/airflow/dags/vehicle_model_training_pipeline.py
[2024-10-16T10:12:18.529+0000] {processor.py:840} INFO - DAG(s) 'Vehicle_Model_Training_Pipeline' retrieved from /opt/airflow/dags/vehicle_model_training_pipeline.py
[2024-10-16T10:12:18.753+0000] {logging_mixin.py:188} INFO - [2024-10-16T10:12:18.752+0000] {dag.py:3047} INFO - Sync 1 DAGs
[2024-10-16T10:12:18.830+0000] {logging_mixin.py:188} INFO - [2024-10-16T10:12:18.830+0000] {dag.py:3834} INFO - Setting next_dagrun for Vehicle_Model_Training_Pipeline to 2024-10-14 00:00:00+00:00, run_after=2024-10-15 00:00:00+00:00
[2024-10-16T10:12:18.874+0000] {processor.py:183} INFO - Processing /opt/airflow/dags/vehicle_model_training_pipeline.py took 4.144 seconds
[2024-10-16T10:12:49.410+0000] {processor.py:161} INFO - Started process (PID=2851) to work on /opt/airflow/dags/vehicle_model_training_pipeline.py
[2024-10-16T10:12:49.412+0000] {processor.py:830} INFO - Processing file /opt/airflow/dags/vehicle_model_training_pipeline.py for tasks to queue
[2024-10-16T10:12:49.413+0000] {logging_mixin.py:188} INFO - [2024-10-16T10:12:49.413+0000] {dagbag.py:540} INFO - Filling up the DagBag from /opt/airflow/dags/vehicle_model_training_pipeline.py
[2024-10-16T10:12:53.800+0000] {processor.py:840} INFO - DAG(s) 'Vehicle_Model_Training_Pipeline' retrieved from /opt/airflow/dags/vehicle_model_training_pipeline.py
[2024-10-16T10:12:54.122+0000] {logging_mixin.py:188} INFO - [2024-10-16T10:12:54.122+0000] {dag.py:3047} INFO - Sync 1 DAGs
[2024-10-16T10:12:54.163+0000] {logging_mixin.py:188} INFO - [2024-10-16T10:12:54.162+0000] {dag.py:3834} INFO - Setting next_dagrun for Vehicle_Model_Training_Pipeline to 2024-10-14 00:00:00+00:00, run_after=2024-10-15 00:00:00+00:00
[2024-10-16T10:12:54.323+0000] {processor.py:183} INFO - Processing /opt/airflow/dags/vehicle_model_training_pipeline.py took 4.878 seconds
[2024-10-16T10:13:24.624+0000] {processor.py:161} INFO - Started process (PID=2935) to work on /opt/airflow/dags/vehicle_model_training_pipeline.py
[2024-10-16T10:13:24.638+0000] {processor.py:830} INFO - Processing file /opt/airflow/dags/vehicle_model_training_pipeline.py for tasks to queue
[2024-10-16T10:13:24.649+0000] {logging_mixin.py:188} INFO - [2024-10-16T10:13:24.648+0000] {dagbag.py:540} INFO - Filling up the DagBag from /opt/airflow/dags/vehicle_model_training_pipeline.py
[2024-10-16T10:13:27.934+0000] {processor.py:840} INFO - DAG(s) 'Vehicle_Model_Training_Pipeline' retrieved from /opt/airflow/dags/vehicle_model_training_pipeline.py
[2024-10-16T10:13:28.222+0000] {logging_mixin.py:188} INFO - [2024-10-16T10:13:28.221+0000] {dag.py:3047} INFO - Sync 1 DAGs
[2024-10-16T10:13:28.304+0000] {logging_mixin.py:188} INFO - [2024-10-16T10:13:28.304+0000] {dag.py:3834} INFO - Setting next_dagrun for Vehicle_Model_Training_Pipeline to 2024-10-14 00:00:00+00:00, run_after=2024-10-15 00:00:00+00:00
[2024-10-16T10:13:28.423+0000] {processor.py:183} INFO - Processing /opt/airflow/dags/vehicle_model_training_pipeline.py took 3.803 seconds
[2024-10-16T10:13:59.301+0000] {processor.py:161} INFO - Started process (PID=3012) to work on /opt/airflow/dags/vehicle_model_training_pipeline.py
[2024-10-16T10:13:59.306+0000] {processor.py:830} INFO - Processing file /opt/airflow/dags/vehicle_model_training_pipeline.py for tasks to queue
[2024-10-16T10:13:59.307+0000] {logging_mixin.py:188} INFO - [2024-10-16T10:13:59.307+0000] {dagbag.py:540} INFO - Filling up the DagBag from /opt/airflow/dags/vehicle_model_training_pipeline.py
[2024-10-16T10:14:02.117+0000] {processor.py:840} INFO - DAG(s) 'Vehicle_Model_Training_Pipeline' retrieved from /opt/airflow/dags/vehicle_model_training_pipeline.py
[2024-10-16T10:14:02.373+0000] {logging_mixin.py:188} INFO - [2024-10-16T10:14:02.372+0000] {dag.py:3047} INFO - Sync 1 DAGs
[2024-10-16T10:14:02.461+0000] {logging_mixin.py:188} INFO - [2024-10-16T10:14:02.461+0000] {dag.py:3834} INFO - Setting next_dagrun for Vehicle_Model_Training_Pipeline to 2024-10-14 00:00:00+00:00, run_after=2024-10-15 00:00:00+00:00
[2024-10-16T10:14:02.574+0000] {processor.py:183} INFO - Processing /opt/airflow/dags/vehicle_model_training_pipeline.py took 3.276 seconds
[2024-10-16T10:14:32.827+0000] {processor.py:161} INFO - Started process (PID=3072) to work on /opt/airflow/dags/vehicle_model_training_pipeline.py
[2024-10-16T10:14:32.835+0000] {processor.py:830} INFO - Processing file /opt/airflow/dags/vehicle_model_training_pipeline.py for tasks to queue
[2024-10-16T10:14:32.837+0000] {logging_mixin.py:188} INFO - [2024-10-16T10:14:32.837+0000] {dagbag.py:540} INFO - Filling up the DagBag from /opt/airflow/dags/vehicle_model_training_pipeline.py
[2024-10-16T10:14:36.128+0000] {processor.py:840} INFO - DAG(s) 'Vehicle_Model_Training_Pipeline' retrieved from /opt/airflow/dags/vehicle_model_training_pipeline.py
[2024-10-16T10:14:36.388+0000] {logging_mixin.py:188} INFO - [2024-10-16T10:14:36.388+0000] {dag.py:3047} INFO - Sync 1 DAGs
[2024-10-16T10:14:36.403+0000] {logging_mixin.py:188} INFO - [2024-10-16T10:14:36.403+0000] {dag.py:3834} INFO - Setting next_dagrun for Vehicle_Model_Training_Pipeline to 2024-10-14 00:00:00+00:00, run_after=2024-10-15 00:00:00+00:00
[2024-10-16T10:14:36.490+0000] {processor.py:183} INFO - Processing /opt/airflow/dags/vehicle_model_training_pipeline.py took 3.666 seconds
[2024-10-16T10:15:06.946+0000] {processor.py:161} INFO - Started process (PID=3150) to work on /opt/airflow/dags/vehicle_model_training_pipeline.py
[2024-10-16T10:15:06.966+0000] {processor.py:830} INFO - Processing file /opt/airflow/dags/vehicle_model_training_pipeline.py for tasks to queue
[2024-10-16T10:15:06.974+0000] {logging_mixin.py:188} INFO - [2024-10-16T10:15:06.974+0000] {dagbag.py:540} INFO - Filling up the DagBag from /opt/airflow/dags/vehicle_model_training_pipeline.py
[2024-10-16T10:15:09.724+0000] {processor.py:840} INFO - DAG(s) 'Vehicle_Model_Training_Pipeline' retrieved from /opt/airflow/dags/vehicle_model_training_pipeline.py
[2024-10-16T10:15:10.087+0000] {logging_mixin.py:188} INFO - [2024-10-16T10:15:10.087+0000] {dag.py:3047} INFO - Sync 1 DAGs
[2024-10-16T10:15:10.136+0000] {logging_mixin.py:188} INFO - [2024-10-16T10:15:10.135+0000] {dag.py:3834} INFO - Setting next_dagrun for Vehicle_Model_Training_Pipeline to 2024-10-14 00:00:00+00:00, run_after=2024-10-15 00:00:00+00:00
[2024-10-16T10:15:10.249+0000] {processor.py:183} INFO - Processing /opt/airflow/dags/vehicle_model_training_pipeline.py took 3.306 seconds
[2024-10-16T10:15:40.697+0000] {processor.py:161} INFO - Started process (PID=3228) to work on /opt/airflow/dags/vehicle_model_training_pipeline.py
[2024-10-16T10:15:40.712+0000] {processor.py:830} INFO - Processing file /opt/airflow/dags/vehicle_model_training_pipeline.py for tasks to queue
[2024-10-16T10:15:40.713+0000] {logging_mixin.py:188} INFO - [2024-10-16T10:15:40.713+0000] {dagbag.py:540} INFO - Filling up the DagBag from /opt/airflow/dags/vehicle_model_training_pipeline.py
[2024-10-16T10:15:45.093+0000] {processor.py:840} INFO - DAG(s) 'Vehicle_Model_Training_Pipeline' retrieved from /opt/airflow/dags/vehicle_model_training_pipeline.py
[2024-10-16T10:15:45.408+0000] {logging_mixin.py:188} INFO - [2024-10-16T10:15:45.408+0000] {dag.py:3047} INFO - Sync 1 DAGs
[2024-10-16T10:15:45.694+0000] {logging_mixin.py:188} INFO - [2024-10-16T10:15:45.694+0000] {dag.py:3834} INFO - Setting next_dagrun for Vehicle_Model_Training_Pipeline to 2024-10-14 00:00:00+00:00, run_after=2024-10-15 00:00:00+00:00
[2024-10-16T10:15:45.956+0000] {processor.py:183} INFO - Processing /opt/airflow/dags/vehicle_model_training_pipeline.py took 5.262 seconds
[2024-10-16T10:16:16.789+0000] {processor.py:161} INFO - Started process (PID=3304) to work on /opt/airflow/dags/vehicle_model_training_pipeline.py
[2024-10-16T10:16:16.790+0000] {processor.py:830} INFO - Processing file /opt/airflow/dags/vehicle_model_training_pipeline.py for tasks to queue
[2024-10-16T10:16:16.791+0000] {logging_mixin.py:188} INFO - [2024-10-16T10:16:16.791+0000] {dagbag.py:540} INFO - Filling up the DagBag from /opt/airflow/dags/vehicle_model_training_pipeline.py
[2024-10-16T10:16:19.813+0000] {processor.py:840} INFO - DAG(s) 'Vehicle_Model_Training_Pipeline' retrieved from /opt/airflow/dags/vehicle_model_training_pipeline.py
[2024-10-16T10:16:19.967+0000] {logging_mixin.py:188} INFO - [2024-10-16T10:16:19.967+0000] {dag.py:3047} INFO - Sync 1 DAGs
[2024-10-16T10:16:19.996+0000] {logging_mixin.py:188} INFO - [2024-10-16T10:16:19.996+0000] {dag.py:3834} INFO - Setting next_dagrun for Vehicle_Model_Training_Pipeline to 2024-10-14 00:00:00+00:00, run_after=2024-10-15 00:00:00+00:00
[2024-10-16T10:16:20.056+0000] {processor.py:183} INFO - Processing /opt/airflow/dags/vehicle_model_training_pipeline.py took 3.269 seconds
[2024-10-16T10:16:51.033+0000] {processor.py:161} INFO - Started process (PID=3382) to work on /opt/airflow/dags/vehicle_model_training_pipeline.py
[2024-10-16T10:16:51.035+0000] {processor.py:830} INFO - Processing file /opt/airflow/dags/vehicle_model_training_pipeline.py for tasks to queue
[2024-10-16T10:16:51.036+0000] {logging_mixin.py:188} INFO - [2024-10-16T10:16:51.036+0000] {dagbag.py:540} INFO - Filling up the DagBag from /opt/airflow/dags/vehicle_model_training_pipeline.py
[2024-10-16T10:16:54.253+0000] {processor.py:840} INFO - DAG(s) 'Vehicle_Model_Training_Pipeline' retrieved from /opt/airflow/dags/vehicle_model_training_pipeline.py
[2024-10-16T10:16:54.847+0000] {logging_mixin.py:188} INFO - [2024-10-16T10:16:54.846+0000] {dag.py:3047} INFO - Sync 1 DAGs
[2024-10-16T10:16:54.899+0000] {logging_mixin.py:188} INFO - [2024-10-16T10:16:54.898+0000] {dag.py:3834} INFO - Setting next_dagrun for Vehicle_Model_Training_Pipeline to 2024-10-14 00:00:00+00:00, run_after=2024-10-15 00:00:00+00:00
[2024-10-16T10:16:54.978+0000] {processor.py:183} INFO - Processing /opt/airflow/dags/vehicle_model_training_pipeline.py took 3.947 seconds
[2024-10-16T10:17:25.345+0000] {processor.py:161} INFO - Started process (PID=3461) to work on /opt/airflow/dags/vehicle_model_training_pipeline.py
[2024-10-16T10:17:25.348+0000] {processor.py:830} INFO - Processing file /opt/airflow/dags/vehicle_model_training_pipeline.py for tasks to queue
[2024-10-16T10:17:25.354+0000] {logging_mixin.py:188} INFO - [2024-10-16T10:17:25.354+0000] {dagbag.py:540} INFO - Filling up the DagBag from /opt/airflow/dags/vehicle_model_training_pipeline.py
[2024-10-16T10:17:27.889+0000] {processor.py:840} INFO - DAG(s) 'Vehicle_Model_Training_Pipeline' retrieved from /opt/airflow/dags/vehicle_model_training_pipeline.py
[2024-10-16T10:17:28.178+0000] {logging_mixin.py:188} INFO - [2024-10-16T10:17:28.177+0000] {dag.py:3047} INFO - Sync 1 DAGs
[2024-10-16T10:17:28.230+0000] {logging_mixin.py:188} INFO - [2024-10-16T10:17:28.229+0000] {dag.py:3834} INFO - Setting next_dagrun for Vehicle_Model_Training_Pipeline to 2024-10-14 00:00:00+00:00, run_after=2024-10-15 00:00:00+00:00
[2024-10-16T10:17:28.347+0000] {processor.py:183} INFO - Processing /opt/airflow/dags/vehicle_model_training_pipeline.py took 3.006 seconds
[2024-10-16T10:17:58.664+0000] {processor.py:161} INFO - Started process (PID=3546) to work on /opt/airflow/dags/vehicle_model_training_pipeline.py
[2024-10-16T10:17:58.666+0000] {processor.py:830} INFO - Processing file /opt/airflow/dags/vehicle_model_training_pipeline.py for tasks to queue
[2024-10-16T10:17:58.678+0000] {logging_mixin.py:188} INFO - [2024-10-16T10:17:58.678+0000] {dagbag.py:540} INFO - Filling up the DagBag from /opt/airflow/dags/vehicle_model_training_pipeline.py
[2024-10-16T10:18:01.936+0000] {processor.py:840} INFO - DAG(s) 'Vehicle_Model_Training_Pipeline' retrieved from /opt/airflow/dags/vehicle_model_training_pipeline.py
[2024-10-16T10:18:02.136+0000] {logging_mixin.py:188} INFO - [2024-10-16T10:18:02.135+0000] {dag.py:3047} INFO - Sync 1 DAGs
[2024-10-16T10:18:02.185+0000] {logging_mixin.py:188} INFO - [2024-10-16T10:18:02.185+0000] {dag.py:3834} INFO - Setting next_dagrun for Vehicle_Model_Training_Pipeline to 2024-10-14 00:00:00+00:00, run_after=2024-10-15 00:00:00+00:00
[2024-10-16T10:18:02.245+0000] {processor.py:183} INFO - Processing /opt/airflow/dags/vehicle_model_training_pipeline.py took 3.584 seconds
[2024-10-16T10:18:32.656+0000] {processor.py:161} INFO - Started process (PID=3628) to work on /opt/airflow/dags/vehicle_model_training_pipeline.py
[2024-10-16T10:18:32.661+0000] {processor.py:830} INFO - Processing file /opt/airflow/dags/vehicle_model_training_pipeline.py for tasks to queue
[2024-10-16T10:18:32.681+0000] {logging_mixin.py:188} INFO - [2024-10-16T10:18:32.680+0000] {dagbag.py:540} INFO - Filling up the DagBag from /opt/airflow/dags/vehicle_model_training_pipeline.py
[2024-10-16T10:18:35.785+0000] {processor.py:840} INFO - DAG(s) 'Vehicle_Model_Training_Pipeline' retrieved from /opt/airflow/dags/vehicle_model_training_pipeline.py
[2024-10-16T10:18:36.114+0000] {logging_mixin.py:188} INFO - [2024-10-16T10:18:36.113+0000] {dag.py:3047} INFO - Sync 1 DAGs
[2024-10-16T10:18:36.159+0000] {logging_mixin.py:188} INFO - [2024-10-16T10:18:36.159+0000] {dag.py:3834} INFO - Setting next_dagrun for Vehicle_Model_Training_Pipeline to 2024-10-14 00:00:00+00:00, run_after=2024-10-15 00:00:00+00:00
[2024-10-16T10:18:36.310+0000] {processor.py:183} INFO - Processing /opt/airflow/dags/vehicle_model_training_pipeline.py took 3.645 seconds
[2024-10-16T10:19:06.959+0000] {processor.py:161} INFO - Started process (PID=3709) to work on /opt/airflow/dags/vehicle_model_training_pipeline.py
[2024-10-16T10:19:06.959+0000] {processor.py:830} INFO - Processing file /opt/airflow/dags/vehicle_model_training_pipeline.py for tasks to queue
[2024-10-16T10:19:06.960+0000] {logging_mixin.py:188} INFO - [2024-10-16T10:19:06.960+0000] {dagbag.py:540} INFO - Filling up the DagBag from /opt/airflow/dags/vehicle_model_training_pipeline.py
[2024-10-16T10:19:10.635+0000] {processor.py:840} INFO - DAG(s) 'Vehicle_Model_Training_Pipeline' retrieved from /opt/airflow/dags/vehicle_model_training_pipeline.py
[2024-10-16T10:19:10.884+0000] {logging_mixin.py:188} INFO - [2024-10-16T10:19:10.883+0000] {dag.py:3047} INFO - Sync 1 DAGs
[2024-10-16T10:19:10.932+0000] {logging_mixin.py:188} INFO - [2024-10-16T10:19:10.932+0000] {dag.py:3834} INFO - Setting next_dagrun for Vehicle_Model_Training_Pipeline to 2024-10-14 00:00:00+00:00, run_after=2024-10-15 00:00:00+00:00
[2024-10-16T10:19:11.028+0000] {processor.py:183} INFO - Processing /opt/airflow/dags/vehicle_model_training_pipeline.py took 4.072 seconds
[2024-10-16T10:19:41.880+0000] {processor.py:161} INFO - Started process (PID=3792) to work on /opt/airflow/dags/vehicle_model_training_pipeline.py
[2024-10-16T10:19:41.882+0000] {processor.py:830} INFO - Processing file /opt/airflow/dags/vehicle_model_training_pipeline.py for tasks to queue
[2024-10-16T10:19:41.883+0000] {logging_mixin.py:188} INFO - [2024-10-16T10:19:41.882+0000] {dagbag.py:540} INFO - Filling up the DagBag from /opt/airflow/dags/vehicle_model_training_pipeline.py
[2024-10-16T10:19:45.235+0000] {processor.py:840} INFO - DAG(s) 'Vehicle_Model_Training_Pipeline' retrieved from /opt/airflow/dags/vehicle_model_training_pipeline.py
[2024-10-16T10:19:45.427+0000] {logging_mixin.py:188} INFO - [2024-10-16T10:19:45.425+0000] {dag.py:3047} INFO - Sync 1 DAGs
[2024-10-16T10:19:45.504+0000] {logging_mixin.py:188} INFO - [2024-10-16T10:19:45.504+0000] {dag.py:3834} INFO - Setting next_dagrun for Vehicle_Model_Training_Pipeline to 2024-10-14 00:00:00+00:00, run_after=2024-10-15 00:00:00+00:00
[2024-10-16T10:19:45.539+0000] {processor.py:183} INFO - Processing /opt/airflow/dags/vehicle_model_training_pipeline.py took 3.662 seconds
[2024-10-16T10:20:16.038+0000] {processor.py:161} INFO - Started process (PID=3873) to work on /opt/airflow/dags/vehicle_model_training_pipeline.py
[2024-10-16T10:20:16.051+0000] {processor.py:830} INFO - Processing file /opt/airflow/dags/vehicle_model_training_pipeline.py for tasks to queue
[2024-10-16T10:20:16.052+0000] {logging_mixin.py:188} INFO - [2024-10-16T10:20:16.052+0000] {dagbag.py:540} INFO - Filling up the DagBag from /opt/airflow/dags/vehicle_model_training_pipeline.py
[2024-10-16T10:20:19.168+0000] {processor.py:840} INFO - DAG(s) 'Vehicle_Model_Training_Pipeline' retrieved from /opt/airflow/dags/vehicle_model_training_pipeline.py
[2024-10-16T10:20:19.437+0000] {logging_mixin.py:188} INFO - [2024-10-16T10:20:19.437+0000] {dag.py:3047} INFO - Sync 1 DAGs
[2024-10-16T10:20:19.556+0000] {logging_mixin.py:188} INFO - [2024-10-16T10:20:19.556+0000] {dag.py:3834} INFO - Setting next_dagrun for Vehicle_Model_Training_Pipeline to 2024-10-14 00:00:00+00:00, run_after=2024-10-15 00:00:00+00:00
[2024-10-16T10:20:19.819+0000] {processor.py:183} INFO - Processing /opt/airflow/dags/vehicle_model_training_pipeline.py took 3.784 seconds
[2024-10-16T10:20:50.195+0000] {processor.py:161} INFO - Started process (PID=3955) to work on /opt/airflow/dags/vehicle_model_training_pipeline.py
[2024-10-16T10:20:50.201+0000] {processor.py:830} INFO - Processing file /opt/airflow/dags/vehicle_model_training_pipeline.py for tasks to queue
[2024-10-16T10:20:50.203+0000] {logging_mixin.py:188} INFO - [2024-10-16T10:20:50.203+0000] {dagbag.py:540} INFO - Filling up the DagBag from /opt/airflow/dags/vehicle_model_training_pipeline.py
[2024-10-16T10:20:53.448+0000] {processor.py:840} INFO - DAG(s) 'Vehicle_Model_Training_Pipeline' retrieved from /opt/airflow/dags/vehicle_model_training_pipeline.py
[2024-10-16T10:20:53.634+0000] {logging_mixin.py:188} INFO - [2024-10-16T10:20:53.633+0000] {dag.py:3047} INFO - Sync 1 DAGs
[2024-10-16T10:20:53.704+0000] {logging_mixin.py:188} INFO - [2024-10-16T10:20:53.704+0000] {dag.py:3834} INFO - Setting next_dagrun for Vehicle_Model_Training_Pipeline to 2024-10-14 00:00:00+00:00, run_after=2024-10-15 00:00:00+00:00
[2024-10-16T10:20:53.746+0000] {processor.py:183} INFO - Processing /opt/airflow/dags/vehicle_model_training_pipeline.py took 3.555 seconds
[2024-10-16T10:21:23.962+0000] {processor.py:161} INFO - Started process (PID=4034) to work on /opt/airflow/dags/vehicle_model_training_pipeline.py
[2024-10-16T10:21:23.994+0000] {processor.py:830} INFO - Processing file /opt/airflow/dags/vehicle_model_training_pipeline.py for tasks to queue
[2024-10-16T10:21:23.995+0000] {logging_mixin.py:188} INFO - [2024-10-16T10:21:23.995+0000] {dagbag.py:540} INFO - Filling up the DagBag from /opt/airflow/dags/vehicle_model_training_pipeline.py
[2024-10-16T10:21:26.859+0000] {processor.py:840} INFO - DAG(s) 'Vehicle_Model_Training_Pipeline' retrieved from /opt/airflow/dags/vehicle_model_training_pipeline.py
[2024-10-16T10:21:27.363+0000] {logging_mixin.py:188} INFO - [2024-10-16T10:21:27.362+0000] {dag.py:3047} INFO - Sync 1 DAGs
[2024-10-16T10:21:27.433+0000] {logging_mixin.py:188} INFO - [2024-10-16T10:21:27.433+0000] {dag.py:3834} INFO - Setting next_dagrun for Vehicle_Model_Training_Pipeline to 2024-10-14 00:00:00+00:00, run_after=2024-10-15 00:00:00+00:00
[2024-10-16T10:21:27.513+0000] {processor.py:183} INFO - Processing /opt/airflow/dags/vehicle_model_training_pipeline.py took 3.553 seconds
[2024-10-16T10:21:57.777+0000] {processor.py:161} INFO - Started process (PID=4123) to work on /opt/airflow/dags/vehicle_model_training_pipeline.py
[2024-10-16T10:21:57.784+0000] {processor.py:830} INFO - Processing file /opt/airflow/dags/vehicle_model_training_pipeline.py for tasks to queue
[2024-10-16T10:21:57.786+0000] {logging_mixin.py:188} INFO - [2024-10-16T10:21:57.786+0000] {dagbag.py:540} INFO - Filling up the DagBag from /opt/airflow/dags/vehicle_model_training_pipeline.py
[2024-10-16T10:22:00.513+0000] {processor.py:840} INFO - DAG(s) 'Vehicle_Model_Training_Pipeline' retrieved from /opt/airflow/dags/vehicle_model_training_pipeline.py
[2024-10-16T10:22:00.818+0000] {logging_mixin.py:188} INFO - [2024-10-16T10:22:00.818+0000] {dag.py:3047} INFO - Sync 1 DAGs
[2024-10-16T10:22:00.859+0000] {logging_mixin.py:188} INFO - [2024-10-16T10:22:00.859+0000] {dag.py:3834} INFO - Setting next_dagrun for Vehicle_Model_Training_Pipeline to 2024-10-14 00:00:00+00:00, run_after=2024-10-15 00:00:00+00:00
[2024-10-16T10:22:00.926+0000] {processor.py:183} INFO - Processing /opt/airflow/dags/vehicle_model_training_pipeline.py took 3.151 seconds
[2024-10-16T10:22:31.172+0000] {processor.py:161} INFO - Started process (PID=4201) to work on /opt/airflow/dags/vehicle_model_training_pipeline.py
[2024-10-16T10:22:31.173+0000] {processor.py:830} INFO - Processing file /opt/airflow/dags/vehicle_model_training_pipeline.py for tasks to queue
[2024-10-16T10:22:31.174+0000] {logging_mixin.py:188} INFO - [2024-10-16T10:22:31.174+0000] {dagbag.py:540} INFO - Filling up the DagBag from /opt/airflow/dags/vehicle_model_training_pipeline.py
[2024-10-16T10:22:34.855+0000] {processor.py:840} INFO - DAG(s) 'Vehicle_Model_Training_Pipeline' retrieved from /opt/airflow/dags/vehicle_model_training_pipeline.py
[2024-10-16T10:22:35.118+0000] {logging_mixin.py:188} INFO - [2024-10-16T10:22:35.118+0000] {dag.py:3047} INFO - Sync 1 DAGs
[2024-10-16T10:22:35.167+0000] {logging_mixin.py:188} INFO - [2024-10-16T10:22:35.167+0000] {dag.py:3834} INFO - Setting next_dagrun for Vehicle_Model_Training_Pipeline to 2024-10-14 00:00:00+00:00, run_after=2024-10-15 00:00:00+00:00
[2024-10-16T10:22:35.254+0000] {processor.py:183} INFO - Processing /opt/airflow/dags/vehicle_model_training_pipeline.py took 4.084 seconds
[2024-10-16T10:23:06.119+0000] {processor.py:161} INFO - Started process (PID=4282) to work on /opt/airflow/dags/vehicle_model_training_pipeline.py
[2024-10-16T10:23:06.143+0000] {processor.py:830} INFO - Processing file /opt/airflow/dags/vehicle_model_training_pipeline.py for tasks to queue
[2024-10-16T10:23:06.153+0000] {logging_mixin.py:188} INFO - [2024-10-16T10:23:06.153+0000] {dagbag.py:540} INFO - Filling up the DagBag from /opt/airflow/dags/vehicle_model_training_pipeline.py
[2024-10-16T10:23:09.185+0000] {processor.py:840} INFO - DAG(s) 'Vehicle_Model_Training_Pipeline' retrieved from /opt/airflow/dags/vehicle_model_training_pipeline.py
[2024-10-16T10:23:09.503+0000] {logging_mixin.py:188} INFO - [2024-10-16T10:23:09.503+0000] {dag.py:3047} INFO - Sync 1 DAGs
[2024-10-16T10:23:09.551+0000] {logging_mixin.py:188} INFO - [2024-10-16T10:23:09.551+0000] {dag.py:3834} INFO - Setting next_dagrun for Vehicle_Model_Training_Pipeline to 2024-10-14 00:00:00+00:00, run_after=2024-10-15 00:00:00+00:00
[2024-10-16T10:23:09.578+0000] {processor.py:183} INFO - Processing /opt/airflow/dags/vehicle_model_training_pipeline.py took 3.462 seconds
[2024-10-16T10:23:40.378+0000] {processor.py:161} INFO - Started process (PID=4360) to work on /opt/airflow/dags/vehicle_model_training_pipeline.py
[2024-10-16T10:23:40.384+0000] {processor.py:830} INFO - Processing file /opt/airflow/dags/vehicle_model_training_pipeline.py for tasks to queue
[2024-10-16T10:23:40.392+0000] {logging_mixin.py:188} INFO - [2024-10-16T10:23:40.391+0000] {dagbag.py:540} INFO - Filling up the DagBag from /opt/airflow/dags/vehicle_model_training_pipeline.py
[2024-10-16T10:23:44.124+0000] {processor.py:840} INFO - DAG(s) 'Vehicle_Model_Training_Pipeline' retrieved from /opt/airflow/dags/vehicle_model_training_pipeline.py
[2024-10-16T10:23:44.463+0000] {logging_mixin.py:188} INFO - [2024-10-16T10:23:44.459+0000] {dag.py:3047} INFO - Sync 1 DAGs
[2024-10-16T10:23:44.560+0000] {logging_mixin.py:188} INFO - [2024-10-16T10:23:44.559+0000] {dag.py:3834} INFO - Setting next_dagrun for Vehicle_Model_Training_Pipeline to 2024-10-14 00:00:00+00:00, run_after=2024-10-15 00:00:00+00:00
[2024-10-16T10:23:44.641+0000] {processor.py:183} INFO - Processing /opt/airflow/dags/vehicle_model_training_pipeline.py took 4.265 seconds
[2024-10-16T10:24:14.879+0000] {processor.py:161} INFO - Started process (PID=4440) to work on /opt/airflow/dags/vehicle_model_training_pipeline.py
[2024-10-16T10:24:14.880+0000] {processor.py:830} INFO - Processing file /opt/airflow/dags/vehicle_model_training_pipeline.py for tasks to queue
[2024-10-16T10:24:14.881+0000] {logging_mixin.py:188} INFO - [2024-10-16T10:24:14.881+0000] {dagbag.py:540} INFO - Filling up the DagBag from /opt/airflow/dags/vehicle_model_training_pipeline.py
[2024-10-16T10:24:17.630+0000] {processor.py:840} INFO - DAG(s) 'Vehicle_Model_Training_Pipeline' retrieved from /opt/airflow/dags/vehicle_model_training_pipeline.py
[2024-10-16T10:24:17.882+0000] {logging_mixin.py:188} INFO - [2024-10-16T10:24:17.872+0000] {dag.py:3047} INFO - Sync 1 DAGs
[2024-10-16T10:24:17.905+0000] {logging_mixin.py:188} INFO - [2024-10-16T10:24:17.905+0000] {dag.py:3834} INFO - Setting next_dagrun for Vehicle_Model_Training_Pipeline to 2024-10-14 00:00:00+00:00, run_after=2024-10-15 00:00:00+00:00
[2024-10-16T10:24:18.019+0000] {processor.py:183} INFO - Processing /opt/airflow/dags/vehicle_model_training_pipeline.py took 3.142 seconds
[2024-10-16T10:24:48.276+0000] {processor.py:161} INFO - Started process (PID=4524) to work on /opt/airflow/dags/vehicle_model_training_pipeline.py
[2024-10-16T10:24:48.292+0000] {processor.py:830} INFO - Processing file /opt/airflow/dags/vehicle_model_training_pipeline.py for tasks to queue
[2024-10-16T10:24:48.293+0000] {logging_mixin.py:188} INFO - [2024-10-16T10:24:48.293+0000] {dagbag.py:540} INFO - Filling up the DagBag from /opt/airflow/dags/vehicle_model_training_pipeline.py
[2024-10-16T10:24:51.508+0000] {processor.py:840} INFO - DAG(s) 'Vehicle_Model_Training_Pipeline' retrieved from /opt/airflow/dags/vehicle_model_training_pipeline.py
[2024-10-16T10:24:51.758+0000] {logging_mixin.py:188} INFO - [2024-10-16T10:24:51.757+0000] {dag.py:3047} INFO - Sync 1 DAGs
[2024-10-16T10:24:51.825+0000] {logging_mixin.py:188} INFO - [2024-10-16T10:24:51.824+0000] {dag.py:3834} INFO - Setting next_dagrun for Vehicle_Model_Training_Pipeline to 2024-10-14 00:00:00+00:00, run_after=2024-10-15 00:00:00+00:00
[2024-10-16T10:24:51.876+0000] {processor.py:183} INFO - Processing /opt/airflow/dags/vehicle_model_training_pipeline.py took 3.604 seconds
[2024-10-16T10:25:22.420+0000] {processor.py:161} INFO - Started process (PID=4603) to work on /opt/airflow/dags/vehicle_model_training_pipeline.py
[2024-10-16T10:25:22.432+0000] {processor.py:830} INFO - Processing file /opt/airflow/dags/vehicle_model_training_pipeline.py for tasks to queue
[2024-10-16T10:25:22.444+0000] {logging_mixin.py:188} INFO - [2024-10-16T10:25:22.444+0000] {dagbag.py:540} INFO - Filling up the DagBag from /opt/airflow/dags/vehicle_model_training_pipeline.py
[2024-10-16T10:25:25.503+0000] {processor.py:840} INFO - DAG(s) 'Vehicle_Model_Training_Pipeline' retrieved from /opt/airflow/dags/vehicle_model_training_pipeline.py
[2024-10-16T10:25:25.710+0000] {logging_mixin.py:188} INFO - [2024-10-16T10:25:25.710+0000] {dag.py:3047} INFO - Sync 1 DAGs
[2024-10-16T10:25:25.734+0000] {logging_mixin.py:188} INFO - [2024-10-16T10:25:25.734+0000] {dag.py:3834} INFO - Setting next_dagrun for Vehicle_Model_Training_Pipeline to 2024-10-14 00:00:00+00:00, run_after=2024-10-15 00:00:00+00:00
[2024-10-16T10:25:25.789+0000] {processor.py:183} INFO - Processing /opt/airflow/dags/vehicle_model_training_pipeline.py took 3.371 seconds
[2024-10-16T10:25:56.210+0000] {processor.py:161} INFO - Started process (PID=4682) to work on /opt/airflow/dags/vehicle_model_training_pipeline.py
[2024-10-16T10:25:56.222+0000] {processor.py:830} INFO - Processing file /opt/airflow/dags/vehicle_model_training_pipeline.py for tasks to queue
[2024-10-16T10:25:56.244+0000] {logging_mixin.py:188} INFO - [2024-10-16T10:25:56.244+0000] {dagbag.py:540} INFO - Filling up the DagBag from /opt/airflow/dags/vehicle_model_training_pipeline.py
[2024-10-16T10:25:59.187+0000] {processor.py:840} INFO - DAG(s) 'Vehicle_Model_Training_Pipeline' retrieved from /opt/airflow/dags/vehicle_model_training_pipeline.py
[2024-10-16T10:25:59.300+0000] {logging_mixin.py:188} INFO - [2024-10-16T10:25:59.299+0000] {dag.py:3047} INFO - Sync 1 DAGs
[2024-10-16T10:25:59.361+0000] {logging_mixin.py:188} INFO - [2024-10-16T10:25:59.361+0000] {dag.py:3834} INFO - Setting next_dagrun for Vehicle_Model_Training_Pipeline to 2024-10-14 00:00:00+00:00, run_after=2024-10-15 00:00:00+00:00
[2024-10-16T10:25:59.401+0000] {processor.py:183} INFO - Processing /opt/airflow/dags/vehicle_model_training_pipeline.py took 3.195 seconds
[2024-10-16T10:26:30.001+0000] {processor.py:161} INFO - Started process (PID=4768) to work on /opt/airflow/dags/vehicle_model_training_pipeline.py
[2024-10-16T10:26:30.002+0000] {processor.py:830} INFO - Processing file /opt/airflow/dags/vehicle_model_training_pipeline.py for tasks to queue
[2024-10-16T10:26:30.003+0000] {logging_mixin.py:188} INFO - [2024-10-16T10:26:30.003+0000] {dagbag.py:540} INFO - Filling up the DagBag from /opt/airflow/dags/vehicle_model_training_pipeline.py
[2024-10-16T10:26:32.937+0000] {processor.py:840} INFO - DAG(s) 'Vehicle_Model_Training_Pipeline' retrieved from /opt/airflow/dags/vehicle_model_training_pipeline.py
[2024-10-16T10:26:33.224+0000] {logging_mixin.py:188} INFO - [2024-10-16T10:26:33.223+0000] {dag.py:3047} INFO - Sync 1 DAGs
[2024-10-16T10:26:33.268+0000] {logging_mixin.py:188} INFO - [2024-10-16T10:26:33.268+0000] {dag.py:3834} INFO - Setting next_dagrun for Vehicle_Model_Training_Pipeline to 2024-10-14 00:00:00+00:00, run_after=2024-10-15 00:00:00+00:00
[2024-10-16T10:26:33.297+0000] {processor.py:183} INFO - Processing /opt/airflow/dags/vehicle_model_training_pipeline.py took 3.299 seconds
[2024-10-16T10:27:04.283+0000] {processor.py:161} INFO - Started process (PID=4851) to work on /opt/airflow/dags/vehicle_model_training_pipeline.py
[2024-10-16T10:27:04.284+0000] {processor.py:830} INFO - Processing file /opt/airflow/dags/vehicle_model_training_pipeline.py for tasks to queue
[2024-10-16T10:27:04.292+0000] {logging_mixin.py:188} INFO - [2024-10-16T10:27:04.292+0000] {dagbag.py:540} INFO - Filling up the DagBag from /opt/airflow/dags/vehicle_model_training_pipeline.py
[2024-10-16T10:27:07.446+0000] {processor.py:840} INFO - DAG(s) 'Vehicle_Model_Training_Pipeline' retrieved from /opt/airflow/dags/vehicle_model_training_pipeline.py
[2024-10-16T10:27:07.712+0000] {logging_mixin.py:188} INFO - [2024-10-16T10:27:07.712+0000] {dag.py:3047} INFO - Sync 1 DAGs
[2024-10-16T10:27:07.795+0000] {logging_mixin.py:188} INFO - [2024-10-16T10:27:07.795+0000] {dag.py:3834} INFO - Setting next_dagrun for Vehicle_Model_Training_Pipeline to 2024-10-14 00:00:00+00:00, run_after=2024-10-15 00:00:00+00:00
[2024-10-16T10:27:07.837+0000] {processor.py:183} INFO - Processing /opt/airflow/dags/vehicle_model_training_pipeline.py took 3.556 seconds
[2024-10-16T10:27:38.245+0000] {processor.py:161} INFO - Started process (PID=4932) to work on /opt/airflow/dags/vehicle_model_training_pipeline.py
[2024-10-16T10:27:38.246+0000] {processor.py:830} INFO - Processing file /opt/airflow/dags/vehicle_model_training_pipeline.py for tasks to queue
[2024-10-16T10:27:38.247+0000] {logging_mixin.py:188} INFO - [2024-10-16T10:27:38.247+0000] {dagbag.py:540} INFO - Filling up the DagBag from /opt/airflow/dags/vehicle_model_training_pipeline.py
[2024-10-16T10:27:41.197+0000] {processor.py:840} INFO - DAG(s) 'Vehicle_Model_Training_Pipeline' retrieved from /opt/airflow/dags/vehicle_model_training_pipeline.py
[2024-10-16T10:27:41.543+0000] {logging_mixin.py:188} INFO - [2024-10-16T10:27:41.542+0000] {dag.py:3047} INFO - Sync 1 DAGs
[2024-10-16T10:27:41.586+0000] {logging_mixin.py:188} INFO - [2024-10-16T10:27:41.586+0000] {dag.py:3834} INFO - Setting next_dagrun for Vehicle_Model_Training_Pipeline to 2024-10-14 00:00:00+00:00, run_after=2024-10-15 00:00:00+00:00
[2024-10-16T10:27:41.663+0000] {processor.py:183} INFO - Processing /opt/airflow/dags/vehicle_model_training_pipeline.py took 3.421 seconds
[2024-10-16T10:28:12.550+0000] {processor.py:161} INFO - Started process (PID=5011) to work on /opt/airflow/dags/vehicle_model_training_pipeline.py
[2024-10-16T10:28:12.551+0000] {processor.py:830} INFO - Processing file /opt/airflow/dags/vehicle_model_training_pipeline.py for tasks to queue
[2024-10-16T10:28:12.552+0000] {logging_mixin.py:188} INFO - [2024-10-16T10:28:12.552+0000] {dagbag.py:540} INFO - Filling up the DagBag from /opt/airflow/dags/vehicle_model_training_pipeline.py
[2024-10-16T10:28:15.455+0000] {processor.py:840} INFO - DAG(s) 'Vehicle_Model_Training_Pipeline' retrieved from /opt/airflow/dags/vehicle_model_training_pipeline.py
[2024-10-16T10:28:15.691+0000] {logging_mixin.py:188} INFO - [2024-10-16T10:28:15.691+0000] {dag.py:3047} INFO - Sync 1 DAGs
[2024-10-16T10:28:15.708+0000] {logging_mixin.py:188} INFO - [2024-10-16T10:28:15.708+0000] {dag.py:3834} INFO - Setting next_dagrun for Vehicle_Model_Training_Pipeline to 2024-10-14 00:00:00+00:00, run_after=2024-10-15 00:00:00+00:00
[2024-10-16T10:28:15.818+0000] {processor.py:183} INFO - Processing /opt/airflow/dags/vehicle_model_training_pipeline.py took 3.271 seconds
[2024-10-16T10:28:46.130+0000] {processor.py:161} INFO - Started process (PID=5090) to work on /opt/airflow/dags/vehicle_model_training_pipeline.py
[2024-10-16T10:28:46.133+0000] {processor.py:830} INFO - Processing file /opt/airflow/dags/vehicle_model_training_pipeline.py for tasks to queue
[2024-10-16T10:28:46.139+0000] {logging_mixin.py:188} INFO - [2024-10-16T10:28:46.139+0000] {dagbag.py:540} INFO - Filling up the DagBag from /opt/airflow/dags/vehicle_model_training_pipeline.py
[2024-10-16T10:28:49.516+0000] {processor.py:840} INFO - DAG(s) 'Vehicle_Model_Training_Pipeline' retrieved from /opt/airflow/dags/vehicle_model_training_pipeline.py
[2024-10-16T10:28:49.925+0000] {logging_mixin.py:188} INFO - [2024-10-16T10:28:49.924+0000] {dag.py:3047} INFO - Sync 1 DAGs
[2024-10-16T10:28:50.024+0000] {logging_mixin.py:188} INFO - [2024-10-16T10:28:50.024+0000] {dag.py:3834} INFO - Setting next_dagrun for Vehicle_Model_Training_Pipeline to 2024-10-14 00:00:00+00:00, run_after=2024-10-15 00:00:00+00:00
[2024-10-16T10:28:50.081+0000] {processor.py:183} INFO - Processing /opt/airflow/dags/vehicle_model_training_pipeline.py took 3.954 seconds
[2024-10-16T10:29:20.475+0000] {processor.py:161} INFO - Started process (PID=5167) to work on /opt/airflow/dags/vehicle_model_training_pipeline.py
[2024-10-16T10:29:20.476+0000] {processor.py:830} INFO - Processing file /opt/airflow/dags/vehicle_model_training_pipeline.py for tasks to queue
[2024-10-16T10:29:20.477+0000] {logging_mixin.py:188} INFO - [2024-10-16T10:29:20.477+0000] {dagbag.py:540} INFO - Filling up the DagBag from /opt/airflow/dags/vehicle_model_training_pipeline.py
[2024-10-16T10:29:23.569+0000] {processor.py:840} INFO - DAG(s) 'Vehicle_Model_Training_Pipeline' retrieved from /opt/airflow/dags/vehicle_model_training_pipeline.py
[2024-10-16T10:29:23.898+0000] {logging_mixin.py:188} INFO - [2024-10-16T10:29:23.898+0000] {dag.py:3047} INFO - Sync 1 DAGs
[2024-10-16T10:29:24.087+0000] {logging_mixin.py:188} INFO - [2024-10-16T10:29:24.087+0000] {dag.py:3834} INFO - Setting next_dagrun for Vehicle_Model_Training_Pipeline to 2024-10-14 00:00:00+00:00, run_after=2024-10-15 00:00:00+00:00
[2024-10-16T10:29:24.196+0000] {processor.py:183} INFO - Processing /opt/airflow/dags/vehicle_model_training_pipeline.py took 3.724 seconds
[2024-10-16T10:29:54.548+0000] {processor.py:161} INFO - Started process (PID=5227) to work on /opt/airflow/dags/vehicle_model_training_pipeline.py
[2024-10-16T10:29:54.554+0000] {processor.py:830} INFO - Processing file /opt/airflow/dags/vehicle_model_training_pipeline.py for tasks to queue
[2024-10-16T10:29:54.559+0000] {logging_mixin.py:188} INFO - [2024-10-16T10:29:54.559+0000] {dagbag.py:540} INFO - Filling up the DagBag from /opt/airflow/dags/vehicle_model_training_pipeline.py
[2024-10-16T10:29:57.906+0000] {processor.py:840} INFO - DAG(s) 'Vehicle_Model_Training_Pipeline' retrieved from /opt/airflow/dags/vehicle_model_training_pipeline.py
[2024-10-16T10:29:58.153+0000] {logging_mixin.py:188} INFO - [2024-10-16T10:29:58.152+0000] {dag.py:3047} INFO - Sync 1 DAGs
[2024-10-16T10:29:58.211+0000] {logging_mixin.py:188} INFO - [2024-10-16T10:29:58.211+0000] {dag.py:3834} INFO - Setting next_dagrun for Vehicle_Model_Training_Pipeline to 2024-10-14 00:00:00+00:00, run_after=2024-10-15 00:00:00+00:00
[2024-10-16T10:29:58.259+0000] {processor.py:183} INFO - Processing /opt/airflow/dags/vehicle_model_training_pipeline.py took 3.714 seconds
[2024-10-16T10:30:28.559+0000] {processor.py:161} INFO - Started process (PID=5310) to work on /opt/airflow/dags/vehicle_model_training_pipeline.py
[2024-10-16T10:30:28.564+0000] {processor.py:830} INFO - Processing file /opt/airflow/dags/vehicle_model_training_pipeline.py for tasks to queue
[2024-10-16T10:30:28.570+0000] {logging_mixin.py:188} INFO - [2024-10-16T10:30:28.570+0000] {dagbag.py:540} INFO - Filling up the DagBag from /opt/airflow/dags/vehicle_model_training_pipeline.py
[2024-10-16T10:30:31.957+0000] {processor.py:840} INFO - DAG(s) 'Vehicle_Model_Training_Pipeline' retrieved from /opt/airflow/dags/vehicle_model_training_pipeline.py
[2024-10-16T10:30:32.324+0000] {logging_mixin.py:188} INFO - [2024-10-16T10:30:32.324+0000] {dag.py:3047} INFO - Sync 1 DAGs
[2024-10-16T10:30:32.431+0000] {logging_mixin.py:188} INFO - [2024-10-16T10:30:32.430+0000] {dag.py:3834} INFO - Setting next_dagrun for Vehicle_Model_Training_Pipeline to 2024-10-14 00:00:00+00:00, run_after=2024-10-15 00:00:00+00:00
[2024-10-16T10:30:32.490+0000] {processor.py:183} INFO - Processing /opt/airflow/dags/vehicle_model_training_pipeline.py took 3.933 seconds
[2024-10-16T10:31:02.713+0000] {processor.py:161} INFO - Started process (PID=5392) to work on /opt/airflow/dags/vehicle_model_training_pipeline.py
[2024-10-16T10:31:02.724+0000] {processor.py:830} INFO - Processing file /opt/airflow/dags/vehicle_model_training_pipeline.py for tasks to queue
[2024-10-16T10:31:02.726+0000] {logging_mixin.py:188} INFO - [2024-10-16T10:31:02.725+0000] {dagbag.py:540} INFO - Filling up the DagBag from /opt/airflow/dags/vehicle_model_training_pipeline.py
[2024-10-16T10:31:06.070+0000] {processor.py:840} INFO - DAG(s) 'Vehicle_Model_Training_Pipeline' retrieved from /opt/airflow/dags/vehicle_model_training_pipeline.py
[2024-10-16T10:31:06.323+0000] {logging_mixin.py:188} INFO - [2024-10-16T10:31:06.322+0000] {dag.py:3047} INFO - Sync 1 DAGs
[2024-10-16T10:31:06.350+0000] {logging_mixin.py:188} INFO - [2024-10-16T10:31:06.349+0000] {dag.py:3834} INFO - Setting next_dagrun for Vehicle_Model_Training_Pipeline to 2024-10-14 00:00:00+00:00, run_after=2024-10-15 00:00:00+00:00
[2024-10-16T10:31:06.455+0000] {processor.py:183} INFO - Processing /opt/airflow/dags/vehicle_model_training_pipeline.py took 3.745 seconds
[2024-10-16T10:31:37.103+0000] {processor.py:161} INFO - Started process (PID=5471) to work on /opt/airflow/dags/vehicle_model_training_pipeline.py
[2024-10-16T10:31:37.119+0000] {processor.py:830} INFO - Processing file /opt/airflow/dags/vehicle_model_training_pipeline.py for tasks to queue
[2024-10-16T10:31:37.124+0000] {logging_mixin.py:188} INFO - [2024-10-16T10:31:37.124+0000] {dagbag.py:540} INFO - Filling up the DagBag from /opt/airflow/dags/vehicle_model_training_pipeline.py
[2024-10-16T10:31:40.282+0000] {processor.py:840} INFO - DAG(s) 'Vehicle_Model_Training_Pipeline' retrieved from /opt/airflow/dags/vehicle_model_training_pipeline.py
[2024-10-16T10:31:40.444+0000] {logging_mixin.py:188} INFO - [2024-10-16T10:31:40.444+0000] {dag.py:3047} INFO - Sync 1 DAGs
[2024-10-16T10:31:40.525+0000] {logging_mixin.py:188} INFO - [2024-10-16T10:31:40.525+0000] {dag.py:3834} INFO - Setting next_dagrun for Vehicle_Model_Training_Pipeline to 2024-10-14 00:00:00+00:00, run_after=2024-10-15 00:00:00+00:00
[2024-10-16T10:31:40.540+0000] {processor.py:183} INFO - Processing /opt/airflow/dags/vehicle_model_training_pipeline.py took 3.439 seconds
[2024-10-16T10:32:11.091+0000] {processor.py:161} INFO - Started process (PID=5550) to work on /opt/airflow/dags/vehicle_model_training_pipeline.py
[2024-10-16T10:32:11.092+0000] {processor.py:830} INFO - Processing file /opt/airflow/dags/vehicle_model_training_pipeline.py for tasks to queue
[2024-10-16T10:32:11.092+0000] {logging_mixin.py:188} INFO - [2024-10-16T10:32:11.092+0000] {dagbag.py:540} INFO - Filling up the DagBag from /opt/airflow/dags/vehicle_model_training_pipeline.py
[2024-10-16T10:32:13.618+0000] {processor.py:840} INFO - DAG(s) 'Vehicle_Model_Training_Pipeline' retrieved from /opt/airflow/dags/vehicle_model_training_pipeline.py
[2024-10-16T10:32:13.960+0000] {logging_mixin.py:188} INFO - [2024-10-16T10:32:13.960+0000] {dag.py:3047} INFO - Sync 1 DAGs
[2024-10-16T10:32:14.041+0000] {logging_mixin.py:188} INFO - [2024-10-16T10:32:14.041+0000] {dag.py:3834} INFO - Setting next_dagrun for Vehicle_Model_Training_Pipeline to 2024-10-14 00:00:00+00:00, run_after=2024-10-15 00:00:00+00:00
[2024-10-16T10:32:14.115+0000] {processor.py:183} INFO - Processing /opt/airflow/dags/vehicle_model_training_pipeline.py took 3.027 seconds
[2024-10-16T10:32:44.936+0000] {processor.py:161} INFO - Started process (PID=5628) to work on /opt/airflow/dags/vehicle_model_training_pipeline.py
[2024-10-16T10:32:44.937+0000] {processor.py:830} INFO - Processing file /opt/airflow/dags/vehicle_model_training_pipeline.py for tasks to queue
[2024-10-16T10:32:44.938+0000] {logging_mixin.py:188} INFO - [2024-10-16T10:32:44.937+0000] {dagbag.py:540} INFO - Filling up the DagBag from /opt/airflow/dags/vehicle_model_training_pipeline.py
[2024-10-16T10:32:47.583+0000] {processor.py:840} INFO - DAG(s) 'Vehicle_Model_Training_Pipeline' retrieved from /opt/airflow/dags/vehicle_model_training_pipeline.py
[2024-10-16T10:32:47.772+0000] {logging_mixin.py:188} INFO - [2024-10-16T10:32:47.771+0000] {dag.py:3047} INFO - Sync 1 DAGs
[2024-10-16T10:32:47.844+0000] {logging_mixin.py:188} INFO - [2024-10-16T10:32:47.844+0000] {dag.py:3834} INFO - Setting next_dagrun for Vehicle_Model_Training_Pipeline to 2024-10-14 00:00:00+00:00, run_after=2024-10-15 00:00:00+00:00
[2024-10-16T10:32:47.964+0000] {processor.py:183} INFO - Processing /opt/airflow/dags/vehicle_model_training_pipeline.py took 3.030 seconds
[2024-10-16T10:33:18.795+0000] {processor.py:161} INFO - Started process (PID=5706) to work on /opt/airflow/dags/vehicle_model_training_pipeline.py
[2024-10-16T10:33:18.796+0000] {processor.py:830} INFO - Processing file /opt/airflow/dags/vehicle_model_training_pipeline.py for tasks to queue
[2024-10-16T10:33:18.797+0000] {logging_mixin.py:188} INFO - [2024-10-16T10:33:18.797+0000] {dagbag.py:540} INFO - Filling up the DagBag from /opt/airflow/dags/vehicle_model_training_pipeline.py
[2024-10-16T10:33:22.260+0000] {processor.py:840} INFO - DAG(s) 'Vehicle_Model_Training_Pipeline' retrieved from /opt/airflow/dags/vehicle_model_training_pipeline.py
[2024-10-16T10:33:22.561+0000] {logging_mixin.py:188} INFO - [2024-10-16T10:33:22.560+0000] {dag.py:3047} INFO - Sync 1 DAGs
[2024-10-16T10:33:22.626+0000] {logging_mixin.py:188} INFO - [2024-10-16T10:33:22.626+0000] {dag.py:3834} INFO - Setting next_dagrun for Vehicle_Model_Training_Pipeline to 2024-10-14 00:00:00+00:00, run_after=2024-10-15 00:00:00+00:00
[2024-10-16T10:33:22.732+0000] {processor.py:183} INFO - Processing /opt/airflow/dags/vehicle_model_training_pipeline.py took 3.942 seconds
[2024-10-16T10:33:53.297+0000] {processor.py:161} INFO - Started process (PID=5785) to work on /opt/airflow/dags/vehicle_model_training_pipeline.py
[2024-10-16T10:33:53.314+0000] {processor.py:830} INFO - Processing file /opt/airflow/dags/vehicle_model_training_pipeline.py for tasks to queue
[2024-10-16T10:33:53.322+0000] {logging_mixin.py:188} INFO - [2024-10-16T10:33:53.322+0000] {dagbag.py:540} INFO - Filling up the DagBag from /opt/airflow/dags/vehicle_model_training_pipeline.py
[2024-10-16T10:33:56.111+0000] {processor.py:840} INFO - DAG(s) 'Vehicle_Model_Training_Pipeline' retrieved from /opt/airflow/dags/vehicle_model_training_pipeline.py
[2024-10-16T10:33:56.372+0000] {logging_mixin.py:188} INFO - [2024-10-16T10:33:56.371+0000] {dag.py:3047} INFO - Sync 1 DAGs
[2024-10-16T10:33:56.438+0000] {logging_mixin.py:188} INFO - [2024-10-16T10:33:56.437+0000] {dag.py:3834} INFO - Setting next_dagrun for Vehicle_Model_Training_Pipeline to 2024-10-14 00:00:00+00:00, run_after=2024-10-15 00:00:00+00:00
[2024-10-16T10:33:56.482+0000] {processor.py:183} INFO - Processing /opt/airflow/dags/vehicle_model_training_pipeline.py took 3.188 seconds
[2024-10-16T10:34:27.001+0000] {processor.py:161} INFO - Started process (PID=5867) to work on /opt/airflow/dags/vehicle_model_training_pipeline.py
[2024-10-16T10:34:27.002+0000] {processor.py:830} INFO - Processing file /opt/airflow/dags/vehicle_model_training_pipeline.py for tasks to queue
[2024-10-16T10:34:27.003+0000] {logging_mixin.py:188} INFO - [2024-10-16T10:34:27.003+0000] {dagbag.py:540} INFO - Filling up the DagBag from /opt/airflow/dags/vehicle_model_training_pipeline.py
[2024-10-16T10:34:29.410+0000] {processor.py:840} INFO - DAG(s) 'Vehicle_Model_Training_Pipeline' retrieved from /opt/airflow/dags/vehicle_model_training_pipeline.py
[2024-10-16T10:34:29.601+0000] {logging_mixin.py:188} INFO - [2024-10-16T10:34:29.601+0000] {dag.py:3047} INFO - Sync 1 DAGs
[2024-10-16T10:34:29.692+0000] {logging_mixin.py:188} INFO - [2024-10-16T10:34:29.692+0000] {dag.py:3834} INFO - Setting next_dagrun for Vehicle_Model_Training_Pipeline to 2024-10-14 00:00:00+00:00, run_after=2024-10-15 00:00:00+00:00
[2024-10-16T10:34:29.719+0000] {processor.py:183} INFO - Processing /opt/airflow/dags/vehicle_model_training_pipeline.py took 2.721 seconds
[2024-10-16T10:35:00.248+0000] {processor.py:161} INFO - Started process (PID=5947) to work on /opt/airflow/dags/vehicle_model_training_pipeline.py
[2024-10-16T10:35:00.249+0000] {processor.py:830} INFO - Processing file /opt/airflow/dags/vehicle_model_training_pipeline.py for tasks to queue
[2024-10-16T10:35:00.249+0000] {logging_mixin.py:188} INFO - [2024-10-16T10:35:00.249+0000] {dagbag.py:540} INFO - Filling up the DagBag from /opt/airflow/dags/vehicle_model_training_pipeline.py
[2024-10-16T10:35:03.048+0000] {processor.py:840} INFO - DAG(s) 'Vehicle_Model_Training_Pipeline' retrieved from /opt/airflow/dags/vehicle_model_training_pipeline.py
[2024-10-16T10:35:03.214+0000] {logging_mixin.py:188} INFO - [2024-10-16T10:35:03.214+0000] {dag.py:3047} INFO - Sync 1 DAGs
[2024-10-16T10:35:03.321+0000] {logging_mixin.py:188} INFO - [2024-10-16T10:35:03.321+0000] {dag.py:3834} INFO - Setting next_dagrun for Vehicle_Model_Training_Pipeline to 2024-10-14 00:00:00+00:00, run_after=2024-10-15 00:00:00+00:00
[2024-10-16T10:35:03.412+0000] {processor.py:183} INFO - Processing /opt/airflow/dags/vehicle_model_training_pipeline.py took 3.167 seconds
[2024-10-16T10:35:34.222+0000] {processor.py:161} INFO - Started process (PID=6032) to work on /opt/airflow/dags/vehicle_model_training_pipeline.py
[2024-10-16T10:35:34.223+0000] {processor.py:830} INFO - Processing file /opt/airflow/dags/vehicle_model_training_pipeline.py for tasks to queue
[2024-10-16T10:35:34.224+0000] {logging_mixin.py:188} INFO - [2024-10-16T10:35:34.224+0000] {dagbag.py:540} INFO - Filling up the DagBag from /opt/airflow/dags/vehicle_model_training_pipeline.py
[2024-10-16T10:35:37.048+0000] {processor.py:840} INFO - DAG(s) 'Vehicle_Model_Training_Pipeline' retrieved from /opt/airflow/dags/vehicle_model_training_pipeline.py
[2024-10-16T10:35:37.152+0000] {logging_mixin.py:188} INFO - [2024-10-16T10:35:37.152+0000] {dag.py:3047} INFO - Sync 1 DAGs
[2024-10-16T10:35:37.204+0000] {logging_mixin.py:188} INFO - [2024-10-16T10:35:37.204+0000] {dag.py:3834} INFO - Setting next_dagrun for Vehicle_Model_Training_Pipeline to 2024-10-14 00:00:00+00:00, run_after=2024-10-15 00:00:00+00:00
[2024-10-16T10:35:37.321+0000] {processor.py:183} INFO - Processing /opt/airflow/dags/vehicle_model_training_pipeline.py took 3.102 seconds
[2024-10-16T10:36:07.750+0000] {processor.py:161} INFO - Started process (PID=6115) to work on /opt/airflow/dags/vehicle_model_training_pipeline.py
[2024-10-16T10:36:07.755+0000] {processor.py:830} INFO - Processing file /opt/airflow/dags/vehicle_model_training_pipeline.py for tasks to queue
[2024-10-16T10:36:07.758+0000] {logging_mixin.py:188} INFO - [2024-10-16T10:36:07.757+0000] {dagbag.py:540} INFO - Filling up the DagBag from /opt/airflow/dags/vehicle_model_training_pipeline.py
[2024-10-16T10:36:10.695+0000] {processor.py:840} INFO - DAG(s) 'Vehicle_Model_Training_Pipeline' retrieved from /opt/airflow/dags/vehicle_model_training_pipeline.py
[2024-10-16T10:36:11.046+0000] {logging_mixin.py:188} INFO - [2024-10-16T10:36:11.045+0000] {dag.py:3047} INFO - Sync 1 DAGs
[2024-10-16T10:36:11.100+0000] {logging_mixin.py:188} INFO - [2024-10-16T10:36:11.100+0000] {dag.py:3834} INFO - Setting next_dagrun for Vehicle_Model_Training_Pipeline to 2024-10-14 00:00:00+00:00, run_after=2024-10-15 00:00:00+00:00
[2024-10-16T10:36:11.165+0000] {processor.py:183} INFO - Processing /opt/airflow/dags/vehicle_model_training_pipeline.py took 3.417 seconds
[2024-10-16T10:36:41.862+0000] {processor.py:161} INFO - Started process (PID=6200) to work on /opt/airflow/dags/vehicle_model_training_pipeline.py
[2024-10-16T10:36:41.863+0000] {processor.py:830} INFO - Processing file /opt/airflow/dags/vehicle_model_training_pipeline.py for tasks to queue
[2024-10-16T10:36:41.869+0000] {logging_mixin.py:188} INFO - [2024-10-16T10:36:41.869+0000] {dagbag.py:540} INFO - Filling up the DagBag from /opt/airflow/dags/vehicle_model_training_pipeline.py
[2024-10-16T10:36:45.411+0000] {processor.py:840} INFO - DAG(s) 'Vehicle_Model_Training_Pipeline' retrieved from /opt/airflow/dags/vehicle_model_training_pipeline.py
[2024-10-16T10:36:45.647+0000] {logging_mixin.py:188} INFO - [2024-10-16T10:36:45.647+0000] {dag.py:3047} INFO - Sync 1 DAGs
[2024-10-16T10:36:45.703+0000] {logging_mixin.py:188} INFO - [2024-10-16T10:36:45.703+0000] {dag.py:3834} INFO - Setting next_dagrun for Vehicle_Model_Training_Pipeline to 2024-10-14 00:00:00+00:00, run_after=2024-10-15 00:00:00+00:00
[2024-10-16T10:36:45.757+0000] {processor.py:183} INFO - Processing /opt/airflow/dags/vehicle_model_training_pipeline.py took 3.899 seconds
[2024-10-16T10:37:15.968+0000] {processor.py:161} INFO - Started process (PID=6278) to work on /opt/airflow/dags/vehicle_model_training_pipeline.py
[2024-10-16T10:37:15.972+0000] {processor.py:830} INFO - Processing file /opt/airflow/dags/vehicle_model_training_pipeline.py for tasks to queue
[2024-10-16T10:37:15.976+0000] {logging_mixin.py:188} INFO - [2024-10-16T10:37:15.976+0000] {dagbag.py:540} INFO - Filling up the DagBag from /opt/airflow/dags/vehicle_model_training_pipeline.py
[2024-10-16T10:37:18.850+0000] {processor.py:840} INFO - DAG(s) 'Vehicle_Model_Training_Pipeline' retrieved from /opt/airflow/dags/vehicle_model_training_pipeline.py
[2024-10-16T10:37:19.086+0000] {logging_mixin.py:188} INFO - [2024-10-16T10:37:19.085+0000] {dag.py:3047} INFO - Sync 1 DAGs
[2024-10-16T10:37:19.112+0000] {logging_mixin.py:188} INFO - [2024-10-16T10:37:19.112+0000] {dag.py:3834} INFO - Setting next_dagrun for Vehicle_Model_Training_Pipeline to 2024-10-14 00:00:00+00:00, run_after=2024-10-15 00:00:00+00:00
[2024-10-16T10:37:19.148+0000] {processor.py:183} INFO - Processing /opt/airflow/dags/vehicle_model_training_pipeline.py took 3.182 seconds
[2024-10-16T10:37:49.631+0000] {processor.py:161} INFO - Started process (PID=6357) to work on /opt/airflow/dags/vehicle_model_training_pipeline.py
[2024-10-16T10:37:49.636+0000] {processor.py:830} INFO - Processing file /opt/airflow/dags/vehicle_model_training_pipeline.py for tasks to queue
[2024-10-16T10:37:49.638+0000] {logging_mixin.py:188} INFO - [2024-10-16T10:37:49.638+0000] {dagbag.py:540} INFO - Filling up the DagBag from /opt/airflow/dags/vehicle_model_training_pipeline.py
[2024-10-16T10:37:52.829+0000] {processor.py:840} INFO - DAG(s) 'Vehicle_Model_Training_Pipeline' retrieved from /opt/airflow/dags/vehicle_model_training_pipeline.py
[2024-10-16T10:37:53.132+0000] {logging_mixin.py:188} INFO - [2024-10-16T10:37:53.132+0000] {dag.py:3047} INFO - Sync 1 DAGs
[2024-10-16T10:37:53.247+0000] {logging_mixin.py:188} INFO - [2024-10-16T10:37:53.247+0000] {dag.py:3834} INFO - Setting next_dagrun for Vehicle_Model_Training_Pipeline to 2024-10-14 00:00:00+00:00, run_after=2024-10-15 00:00:00+00:00
[2024-10-16T10:37:53.337+0000] {processor.py:183} INFO - Processing /opt/airflow/dags/vehicle_model_training_pipeline.py took 3.710 seconds
[2024-10-16T10:38:23.730+0000] {processor.py:161} INFO - Started process (PID=6442) to work on /opt/airflow/dags/vehicle_model_training_pipeline.py
[2024-10-16T10:38:23.731+0000] {processor.py:830} INFO - Processing file /opt/airflow/dags/vehicle_model_training_pipeline.py for tasks to queue
[2024-10-16T10:38:23.732+0000] {logging_mixin.py:188} INFO - [2024-10-16T10:38:23.731+0000] {dagbag.py:540} INFO - Filling up the DagBag from /opt/airflow/dags/vehicle_model_training_pipeline.py
[2024-10-16T10:38:26.220+0000] {processor.py:840} INFO - DAG(s) 'Vehicle_Model_Training_Pipeline' retrieved from /opt/airflow/dags/vehicle_model_training_pipeline.py
[2024-10-16T10:38:26.426+0000] {logging_mixin.py:188} INFO - [2024-10-16T10:38:26.425+0000] {dag.py:3047} INFO - Sync 1 DAGs
[2024-10-16T10:38:26.518+0000] {logging_mixin.py:188} INFO - [2024-10-16T10:38:26.518+0000] {dag.py:3834} INFO - Setting next_dagrun for Vehicle_Model_Training_Pipeline to 2024-10-14 00:00:00+00:00, run_after=2024-10-15 00:00:00+00:00
[2024-10-16T10:38:26.602+0000] {processor.py:183} INFO - Processing /opt/airflow/dags/vehicle_model_training_pipeline.py took 2.874 seconds
[2024-10-16T10:38:57.146+0000] {processor.py:161} INFO - Started process (PID=6520) to work on /opt/airflow/dags/vehicle_model_training_pipeline.py
[2024-10-16T10:38:57.148+0000] {processor.py:830} INFO - Processing file /opt/airflow/dags/vehicle_model_training_pipeline.py for tasks to queue
[2024-10-16T10:38:57.149+0000] {logging_mixin.py:188} INFO - [2024-10-16T10:38:57.148+0000] {dagbag.py:540} INFO - Filling up the DagBag from /opt/airflow/dags/vehicle_model_training_pipeline.py
[2024-10-16T10:39:00.833+0000] {processor.py:840} INFO - DAG(s) 'Vehicle_Model_Training_Pipeline' retrieved from /opt/airflow/dags/vehicle_model_training_pipeline.py
[2024-10-16T10:39:01.227+0000] {logging_mixin.py:188} INFO - [2024-10-16T10:39:01.226+0000] {dag.py:3047} INFO - Sync 1 DAGs
[2024-10-16T10:39:01.304+0000] {logging_mixin.py:188} INFO - [2024-10-16T10:39:01.304+0000] {dag.py:3834} INFO - Setting next_dagrun for Vehicle_Model_Training_Pipeline to 2024-10-14 00:00:00+00:00, run_after=2024-10-15 00:00:00+00:00
[2024-10-16T10:39:01.347+0000] {processor.py:183} INFO - Processing /opt/airflow/dags/vehicle_model_training_pipeline.py took 4.204 seconds
[2024-10-16T10:39:31.640+0000] {processor.py:161} INFO - Started process (PID=6599) to work on /opt/airflow/dags/vehicle_model_training_pipeline.py
[2024-10-16T10:39:31.647+0000] {processor.py:830} INFO - Processing file /opt/airflow/dags/vehicle_model_training_pipeline.py for tasks to queue
[2024-10-16T10:39:31.666+0000] {logging_mixin.py:188} INFO - [2024-10-16T10:39:31.666+0000] {dagbag.py:540} INFO - Filling up the DagBag from /opt/airflow/dags/vehicle_model_training_pipeline.py
[2024-10-16T10:39:34.565+0000] {processor.py:840} INFO - DAG(s) 'Vehicle_Model_Training_Pipeline' retrieved from /opt/airflow/dags/vehicle_model_training_pipeline.py
[2024-10-16T10:39:34.849+0000] {logging_mixin.py:188} INFO - [2024-10-16T10:39:34.848+0000] {dag.py:3047} INFO - Sync 1 DAGs
[2024-10-16T10:39:34.889+0000] {logging_mixin.py:188} INFO - [2024-10-16T10:39:34.888+0000] {dag.py:3834} INFO - Setting next_dagrun for Vehicle_Model_Training_Pipeline to 2024-10-14 00:00:00+00:00, run_after=2024-10-15 00:00:00+00:00
[2024-10-16T10:39:34.960+0000] {processor.py:183} INFO - Processing /opt/airflow/dags/vehicle_model_training_pipeline.py took 3.323 seconds
