[2024-10-16T09:57:22.942+0000] {processor.py:161} INFO - Started process (PID=270) to work on /opt/airflow/dags/vehicle_data_scraping_pipeline.py
[2024-10-16T09:57:22.943+0000] {processor.py:830} INFO - Processing file /opt/airflow/dags/vehicle_data_scraping_pipeline.py for tasks to queue
[2024-10-16T09:57:22.944+0000] {logging_mixin.py:188} INFO - [2024-10-16T09:57:22.944+0000] {dagbag.py:540} INFO - Filling up the DagBag from /opt/airflow/dags/vehicle_data_scraping_pipeline.py
[2024-10-16T09:57:23.405+0000] {processor.py:840} INFO - DAG(s) 'Vehicle_Data_scrape_Pipeline' retrieved from /opt/airflow/dags/vehicle_data_scraping_pipeline.py
[2024-10-16T09:57:23.632+0000] {logging_mixin.py:188} INFO - [2024-10-16T09:57:23.632+0000] {dag.py:3047} INFO - Sync 1 DAGs
[2024-10-16T09:57:23.645+0000] {logging_mixin.py:188} INFO - [2024-10-16T09:57:23.645+0000] {dag.py:3834} INFO - Setting next_dagrun for Vehicle_Data_scrape_Pipeline to 2024-10-14 00:00:00+00:00, run_after=2024-10-15 00:00:00+00:00
[2024-10-16T09:57:23.678+0000] {processor.py:183} INFO - Processing /opt/airflow/dags/vehicle_data_scraping_pipeline.py took 0.738 seconds
[2024-10-16T09:57:54.866+0000] {processor.py:161} INFO - Started process (PID=347) to work on /opt/airflow/dags/vehicle_data_scraping_pipeline.py
[2024-10-16T09:57:54.868+0000] {processor.py:830} INFO - Processing file /opt/airflow/dags/vehicle_data_scraping_pipeline.py for tasks to queue
[2024-10-16T09:57:54.869+0000] {logging_mixin.py:188} INFO - [2024-10-16T09:57:54.868+0000] {dagbag.py:540} INFO - Filling up the DagBag from /opt/airflow/dags/vehicle_data_scraping_pipeline.py
[2024-10-16T09:57:55.355+0000] {processor.py:840} INFO - DAG(s) 'Vehicle_Data_scrape_Pipeline' retrieved from /opt/airflow/dags/vehicle_data_scraping_pipeline.py
[2024-10-16T09:57:55.439+0000] {logging_mixin.py:188} INFO - [2024-10-16T09:57:55.439+0000] {dag.py:3047} INFO - Sync 1 DAGs
[2024-10-16T09:57:55.453+0000] {logging_mixin.py:188} INFO - [2024-10-16T09:57:55.453+0000] {dag.py:3834} INFO - Setting next_dagrun for Vehicle_Data_scrape_Pipeline to 2024-10-14 00:00:00+00:00, run_after=2024-10-15 00:00:00+00:00
[2024-10-16T09:57:55.546+0000] {processor.py:183} INFO - Processing /opt/airflow/dags/vehicle_data_scraping_pipeline.py took 0.682 seconds
[2024-10-16T09:58:26.624+0000] {processor.py:161} INFO - Started process (PID=426) to work on /opt/airflow/dags/vehicle_data_scraping_pipeline.py
[2024-10-16T09:58:26.625+0000] {processor.py:830} INFO - Processing file /opt/airflow/dags/vehicle_data_scraping_pipeline.py for tasks to queue
[2024-10-16T09:58:26.627+0000] {logging_mixin.py:188} INFO - [2024-10-16T09:58:26.626+0000] {dagbag.py:540} INFO - Filling up the DagBag from /opt/airflow/dags/vehicle_data_scraping_pipeline.py
[2024-10-16T09:58:27.079+0000] {processor.py:840} INFO - DAG(s) 'Vehicle_Data_scrape_Pipeline' retrieved from /opt/airflow/dags/vehicle_data_scraping_pipeline.py
[2024-10-16T09:58:27.161+0000] {logging_mixin.py:188} INFO - [2024-10-16T09:58:27.161+0000] {dag.py:3047} INFO - Sync 1 DAGs
[2024-10-16T09:58:27.177+0000] {logging_mixin.py:188} INFO - [2024-10-16T09:58:27.176+0000] {dag.py:3834} INFO - Setting next_dagrun for Vehicle_Data_scrape_Pipeline to 2024-10-14 00:00:00+00:00, run_after=2024-10-15 00:00:00+00:00
[2024-10-16T09:58:27.192+0000] {processor.py:183} INFO - Processing /opt/airflow/dags/vehicle_data_scraping_pipeline.py took 0.570 seconds
[2024-10-16T09:58:58.136+0000] {processor.py:161} INFO - Started process (PID=510) to work on /opt/airflow/dags/vehicle_data_scraping_pipeline.py
[2024-10-16T09:58:58.137+0000] {processor.py:830} INFO - Processing file /opt/airflow/dags/vehicle_data_scraping_pipeline.py for tasks to queue
[2024-10-16T09:58:58.138+0000] {logging_mixin.py:188} INFO - [2024-10-16T09:58:58.138+0000] {dagbag.py:540} INFO - Filling up the DagBag from /opt/airflow/dags/vehicle_data_scraping_pipeline.py
[2024-10-16T09:58:58.650+0000] {processor.py:840} INFO - DAG(s) 'Vehicle_Data_scrape_Pipeline' retrieved from /opt/airflow/dags/vehicle_data_scraping_pipeline.py
[2024-10-16T09:58:58.710+0000] {logging_mixin.py:188} INFO - [2024-10-16T09:58:58.709+0000] {dag.py:3047} INFO - Sync 1 DAGs
[2024-10-16T09:58:58.722+0000] {logging_mixin.py:188} INFO - [2024-10-16T09:58:58.722+0000] {dag.py:3834} INFO - Setting next_dagrun for Vehicle_Data_scrape_Pipeline to 2024-10-14 00:00:00+00:00, run_after=2024-10-15 00:00:00+00:00
[2024-10-16T09:58:58.738+0000] {processor.py:183} INFO - Processing /opt/airflow/dags/vehicle_data_scraping_pipeline.py took 0.604 seconds
[2024-10-16T09:59:29.501+0000] {processor.py:161} INFO - Started process (PID=589) to work on /opt/airflow/dags/vehicle_data_scraping_pipeline.py
[2024-10-16T09:59:29.502+0000] {processor.py:830} INFO - Processing file /opt/airflow/dags/vehicle_data_scraping_pipeline.py for tasks to queue
[2024-10-16T09:59:29.503+0000] {logging_mixin.py:188} INFO - [2024-10-16T09:59:29.503+0000] {dagbag.py:540} INFO - Filling up the DagBag from /opt/airflow/dags/vehicle_data_scraping_pipeline.py
[2024-10-16T09:59:29.946+0000] {processor.py:840} INFO - DAG(s) 'Vehicle_Data_scrape_Pipeline' retrieved from /opt/airflow/dags/vehicle_data_scraping_pipeline.py
[2024-10-16T09:59:30.091+0000] {logging_mixin.py:188} INFO - [2024-10-16T09:59:30.091+0000] {dag.py:3047} INFO - Sync 1 DAGs
[2024-10-16T09:59:30.103+0000] {logging_mixin.py:188} INFO - [2024-10-16T09:59:30.103+0000] {dag.py:3834} INFO - Setting next_dagrun for Vehicle_Data_scrape_Pipeline to 2024-10-14 00:00:00+00:00, run_after=2024-10-15 00:00:00+00:00
[2024-10-16T09:59:30.118+0000] {processor.py:183} INFO - Processing /opt/airflow/dags/vehicle_data_scraping_pipeline.py took 0.619 seconds
[2024-10-16T10:00:01.376+0000] {processor.py:161} INFO - Started process (PID=670) to work on /opt/airflow/dags/vehicle_data_scraping_pipeline.py
[2024-10-16T10:00:01.377+0000] {processor.py:830} INFO - Processing file /opt/airflow/dags/vehicle_data_scraping_pipeline.py for tasks to queue
[2024-10-16T10:00:01.378+0000] {logging_mixin.py:188} INFO - [2024-10-16T10:00:01.378+0000] {dagbag.py:540} INFO - Filling up the DagBag from /opt/airflow/dags/vehicle_data_scraping_pipeline.py
[2024-10-16T10:00:01.814+0000] {processor.py:840} INFO - DAG(s) 'Vehicle_Data_scrape_Pipeline' retrieved from /opt/airflow/dags/vehicle_data_scraping_pipeline.py
[2024-10-16T10:00:01.883+0000] {logging_mixin.py:188} INFO - [2024-10-16T10:00:01.883+0000] {dag.py:3047} INFO - Sync 1 DAGs
[2024-10-16T10:00:01.898+0000] {logging_mixin.py:188} INFO - [2024-10-16T10:00:01.897+0000] {dag.py:3834} INFO - Setting next_dagrun for Vehicle_Data_scrape_Pipeline to 2024-10-14 00:00:00+00:00, run_after=2024-10-15 00:00:00+00:00
[2024-10-16T10:00:01.914+0000] {processor.py:183} INFO - Processing /opt/airflow/dags/vehicle_data_scraping_pipeline.py took 0.540 seconds
[2024-10-16T10:00:33.050+0000] {processor.py:161} INFO - Started process (PID=749) to work on /opt/airflow/dags/vehicle_data_scraping_pipeline.py
[2024-10-16T10:00:33.051+0000] {processor.py:830} INFO - Processing file /opt/airflow/dags/vehicle_data_scraping_pipeline.py for tasks to queue
[2024-10-16T10:00:33.052+0000] {logging_mixin.py:188} INFO - [2024-10-16T10:00:33.052+0000] {dagbag.py:540} INFO - Filling up the DagBag from /opt/airflow/dags/vehicle_data_scraping_pipeline.py
[2024-10-16T10:00:33.483+0000] {processor.py:840} INFO - DAG(s) 'Vehicle_Data_scrape_Pipeline' retrieved from /opt/airflow/dags/vehicle_data_scraping_pipeline.py
[2024-10-16T10:00:33.543+0000] {logging_mixin.py:188} INFO - [2024-10-16T10:00:33.543+0000] {dag.py:3047} INFO - Sync 1 DAGs
[2024-10-16T10:00:33.557+0000] {logging_mixin.py:188} INFO - [2024-10-16T10:00:33.556+0000] {dag.py:3834} INFO - Setting next_dagrun for Vehicle_Data_scrape_Pipeline to 2024-10-14 00:00:00+00:00, run_after=2024-10-15 00:00:00+00:00
[2024-10-16T10:00:33.642+0000] {processor.py:183} INFO - Processing /opt/airflow/dags/vehicle_data_scraping_pipeline.py took 0.595 seconds
[2024-10-16T10:01:04.867+0000] {processor.py:161} INFO - Started process (PID=826) to work on /opt/airflow/dags/vehicle_data_scraping_pipeline.py
[2024-10-16T10:01:04.868+0000] {processor.py:830} INFO - Processing file /opt/airflow/dags/vehicle_data_scraping_pipeline.py for tasks to queue
[2024-10-16T10:01:04.869+0000] {logging_mixin.py:188} INFO - [2024-10-16T10:01:04.869+0000] {dagbag.py:540} INFO - Filling up the DagBag from /opt/airflow/dags/vehicle_data_scraping_pipeline.py
[2024-10-16T10:01:05.434+0000] {processor.py:840} INFO - DAG(s) 'Vehicle_Data_scrape_Pipeline' retrieved from /opt/airflow/dags/vehicle_data_scraping_pipeline.py
[2024-10-16T10:01:05.496+0000] {logging_mixin.py:188} INFO - [2024-10-16T10:01:05.496+0000] {dag.py:3047} INFO - Sync 1 DAGs
[2024-10-16T10:01:05.511+0000] {logging_mixin.py:188} INFO - [2024-10-16T10:01:05.511+0000] {dag.py:3834} INFO - Setting next_dagrun for Vehicle_Data_scrape_Pipeline to 2024-10-14 00:00:00+00:00, run_after=2024-10-15 00:00:00+00:00
[2024-10-16T10:01:05.528+0000] {processor.py:183} INFO - Processing /opt/airflow/dags/vehicle_data_scraping_pipeline.py took 0.663 seconds
[2024-10-16T10:01:56.563+0000] {processor.py:161} INFO - Started process (PID=1246) to work on /opt/airflow/dags/vehicle_data_scraping_pipeline.py
[2024-10-16T10:01:56.571+0000] {processor.py:830} INFO - Processing file /opt/airflow/dags/vehicle_data_scraping_pipeline.py for tasks to queue
[2024-10-16T10:01:56.572+0000] {logging_mixin.py:188} INFO - [2024-10-16T10:01:56.571+0000] {dagbag.py:540} INFO - Filling up the DagBag from /opt/airflow/dags/vehicle_data_scraping_pipeline.py
[2024-10-16T10:01:58.346+0000] {processor.py:840} INFO - DAG(s) 'Vehicle_Data_scrape_Pipeline' retrieved from /opt/airflow/dags/vehicle_data_scraping_pipeline.py
[2024-10-16T10:01:58.418+0000] {logging_mixin.py:188} INFO - [2024-10-16T10:01:58.418+0000] {dag.py:3047} INFO - Sync 1 DAGs
[2024-10-16T10:01:58.499+0000] {logging_mixin.py:188} INFO - [2024-10-16T10:01:58.499+0000] {dag.py:3834} INFO - Setting next_dagrun for Vehicle_Data_scrape_Pipeline to 2024-10-14 00:00:00+00:00, run_after=2024-10-15 00:00:00+00:00
[2024-10-16T10:01:58.563+0000] {processor.py:183} INFO - Processing /opt/airflow/dags/vehicle_data_scraping_pipeline.py took 2.002 seconds
[2024-10-16T10:02:32.587+0000] {processor.py:161} INFO - Started process (PID=1444) to work on /opt/airflow/dags/vehicle_data_scraping_pipeline.py
[2024-10-16T10:02:32.589+0000] {processor.py:830} INFO - Processing file /opt/airflow/dags/vehicle_data_scraping_pipeline.py for tasks to queue
[2024-10-16T10:02:32.591+0000] {logging_mixin.py:188} INFO - [2024-10-16T10:02:32.590+0000] {dagbag.py:540} INFO - Filling up the DagBag from /opt/airflow/dags/vehicle_data_scraping_pipeline.py
[2024-10-16T10:02:34.455+0000] {processor.py:840} INFO - DAG(s) 'Vehicle_Data_scrape_Pipeline' retrieved from /opt/airflow/dags/vehicle_data_scraping_pipeline.py
[2024-10-16T10:02:34.590+0000] {logging_mixin.py:188} INFO - [2024-10-16T10:02:34.590+0000] {dag.py:3047} INFO - Sync 1 DAGs
[2024-10-16T10:02:34.684+0000] {logging_mixin.py:188} INFO - [2024-10-16T10:02:34.684+0000] {dag.py:3834} INFO - Setting next_dagrun for Vehicle_Data_scrape_Pipeline to 2024-10-14 00:00:00+00:00, run_after=2024-10-15 00:00:00+00:00
[2024-10-16T10:02:34.795+0000] {processor.py:183} INFO - Processing /opt/airflow/dags/vehicle_data_scraping_pipeline.py took 2.211 seconds
[2024-10-16T10:03:06.876+0000] {processor.py:161} INFO - Started process (PID=1504) to work on /opt/airflow/dags/vehicle_data_scraping_pipeline.py
[2024-10-16T10:03:06.884+0000] {processor.py:830} INFO - Processing file /opt/airflow/dags/vehicle_data_scraping_pipeline.py for tasks to queue
[2024-10-16T10:03:06.889+0000] {logging_mixin.py:188} INFO - [2024-10-16T10:03:06.888+0000] {dagbag.py:540} INFO - Filling up the DagBag from /opt/airflow/dags/vehicle_data_scraping_pipeline.py
[2024-10-16T10:03:08.771+0000] {processor.py:840} INFO - DAG(s) 'Vehicle_Data_scrape_Pipeline' retrieved from /opt/airflow/dags/vehicle_data_scraping_pipeline.py
[2024-10-16T10:03:09.267+0000] {logging_mixin.py:188} INFO - [2024-10-16T10:03:09.266+0000] {dag.py:3047} INFO - Sync 1 DAGs
[2024-10-16T10:03:09.337+0000] {logging_mixin.py:188} INFO - [2024-10-16T10:03:09.337+0000] {dag.py:3834} INFO - Setting next_dagrun for Vehicle_Data_scrape_Pipeline to 2024-10-14 00:00:00+00:00, run_after=2024-10-15 00:00:00+00:00
[2024-10-16T10:03:10.465+0000] {processor.py:183} INFO - Processing /opt/airflow/dags/vehicle_data_scraping_pipeline.py took 3.591 seconds
[2024-10-16T10:03:40.991+0000] {processor.py:161} INFO - Started process (PID=1581) to work on /opt/airflow/dags/vehicle_data_scraping_pipeline.py
[2024-10-16T10:03:40.992+0000] {processor.py:830} INFO - Processing file /opt/airflow/dags/vehicle_data_scraping_pipeline.py for tasks to queue
[2024-10-16T10:03:40.995+0000] {logging_mixin.py:188} INFO - [2024-10-16T10:03:40.994+0000] {dagbag.py:540} INFO - Filling up the DagBag from /opt/airflow/dags/vehicle_data_scraping_pipeline.py
[2024-10-16T10:03:44.278+0000] {processor.py:840} INFO - DAG(s) 'Vehicle_Data_scrape_Pipeline' retrieved from /opt/airflow/dags/vehicle_data_scraping_pipeline.py
[2024-10-16T10:03:44.570+0000] {logging_mixin.py:188} INFO - [2024-10-16T10:03:44.570+0000] {dag.py:3047} INFO - Sync 1 DAGs
[2024-10-16T10:03:44.640+0000] {logging_mixin.py:188} INFO - [2024-10-16T10:03:44.639+0000] {dag.py:3834} INFO - Setting next_dagrun for Vehicle_Data_scrape_Pipeline to 2024-10-14 00:00:00+00:00, run_after=2024-10-15 00:00:00+00:00
[2024-10-16T10:03:44.728+0000] {processor.py:183} INFO - Processing /opt/airflow/dags/vehicle_data_scraping_pipeline.py took 3.740 seconds
[2024-10-16T10:04:15.444+0000] {processor.py:161} INFO - Started process (PID=1657) to work on /opt/airflow/dags/vehicle_data_scraping_pipeline.py
[2024-10-16T10:04:15.445+0000] {processor.py:830} INFO - Processing file /opt/airflow/dags/vehicle_data_scraping_pipeline.py for tasks to queue
[2024-10-16T10:04:15.451+0000] {logging_mixin.py:188} INFO - [2024-10-16T10:04:15.450+0000] {dagbag.py:540} INFO - Filling up the DagBag from /opt/airflow/dags/vehicle_data_scraping_pipeline.py
[2024-10-16T10:04:17.119+0000] {processor.py:840} INFO - DAG(s) 'Vehicle_Data_scrape_Pipeline' retrieved from /opt/airflow/dags/vehicle_data_scraping_pipeline.py
[2024-10-16T10:04:17.260+0000] {logging_mixin.py:188} INFO - [2024-10-16T10:04:17.260+0000] {dag.py:3047} INFO - Sync 1 DAGs
[2024-10-16T10:04:17.319+0000] {logging_mixin.py:188} INFO - [2024-10-16T10:04:17.319+0000] {dag.py:3834} INFO - Setting next_dagrun for Vehicle_Data_scrape_Pipeline to 2024-10-14 00:00:00+00:00, run_after=2024-10-15 00:00:00+00:00
[2024-10-16T10:04:17.381+0000] {processor.py:183} INFO - Processing /opt/airflow/dags/vehicle_data_scraping_pipeline.py took 1.940 seconds
[2024-10-16T10:04:48.152+0000] {processor.py:161} INFO - Started process (PID=1733) to work on /opt/airflow/dags/vehicle_data_scraping_pipeline.py
[2024-10-16T10:04:48.174+0000] {processor.py:830} INFO - Processing file /opt/airflow/dags/vehicle_data_scraping_pipeline.py for tasks to queue
[2024-10-16T10:04:48.175+0000] {logging_mixin.py:188} INFO - [2024-10-16T10:04:48.175+0000] {dagbag.py:540} INFO - Filling up the DagBag from /opt/airflow/dags/vehicle_data_scraping_pipeline.py
[2024-10-16T10:04:50.020+0000] {processor.py:840} INFO - DAG(s) 'Vehicle_Data_scrape_Pipeline' retrieved from /opt/airflow/dags/vehicle_data_scraping_pipeline.py
[2024-10-16T10:04:50.254+0000] {logging_mixin.py:188} INFO - [2024-10-16T10:04:50.253+0000] {dag.py:3047} INFO - Sync 1 DAGs
[2024-10-16T10:04:50.453+0000] {logging_mixin.py:188} INFO - [2024-10-16T10:04:50.453+0000] {dag.py:3834} INFO - Setting next_dagrun for Vehicle_Data_scrape_Pipeline to 2024-10-14 00:00:00+00:00, run_after=2024-10-15 00:00:00+00:00
[2024-10-16T10:04:50.495+0000] {processor.py:183} INFO - Processing /opt/airflow/dags/vehicle_data_scraping_pipeline.py took 2.348 seconds
[2024-10-16T10:05:20.772+0000] {processor.py:161} INFO - Started process (PID=1792) to work on /opt/airflow/dags/vehicle_data_scraping_pipeline.py
[2024-10-16T10:05:20.773+0000] {processor.py:830} INFO - Processing file /opt/airflow/dags/vehicle_data_scraping_pipeline.py for tasks to queue
[2024-10-16T10:05:20.774+0000] {logging_mixin.py:188} INFO - [2024-10-16T10:05:20.774+0000] {dagbag.py:540} INFO - Filling up the DagBag from /opt/airflow/dags/vehicle_data_scraping_pipeline.py
[2024-10-16T10:05:22.809+0000] {processor.py:840} INFO - DAG(s) 'Vehicle_Data_scrape_Pipeline' retrieved from /opt/airflow/dags/vehicle_data_scraping_pipeline.py
[2024-10-16T10:05:23.270+0000] {logging_mixin.py:188} INFO - [2024-10-16T10:05:23.270+0000] {dag.py:3047} INFO - Sync 1 DAGs
[2024-10-16T10:05:23.383+0000] {logging_mixin.py:188} INFO - [2024-10-16T10:05:23.383+0000] {dag.py:3834} INFO - Setting next_dagrun for Vehicle_Data_scrape_Pipeline to 2024-10-14 00:00:00+00:00, run_after=2024-10-15 00:00:00+00:00
[2024-10-16T10:05:24.788+0000] {processor.py:183} INFO - Processing /opt/airflow/dags/vehicle_data_scraping_pipeline.py took 4.019 seconds
[2024-10-16T10:05:55.352+0000] {processor.py:161} INFO - Started process (PID=1873) to work on /opt/airflow/dags/vehicle_data_scraping_pipeline.py
[2024-10-16T10:05:55.377+0000] {processor.py:830} INFO - Processing file /opt/airflow/dags/vehicle_data_scraping_pipeline.py for tasks to queue
[2024-10-16T10:05:55.383+0000] {logging_mixin.py:188} INFO - [2024-10-16T10:05:55.383+0000] {dagbag.py:540} INFO - Filling up the DagBag from /opt/airflow/dags/vehicle_data_scraping_pipeline.py
[2024-10-16T10:05:57.575+0000] {processor.py:840} INFO - DAG(s) 'Vehicle_Data_scrape_Pipeline' retrieved from /opt/airflow/dags/vehicle_data_scraping_pipeline.py
[2024-10-16T10:05:57.713+0000] {logging_mixin.py:188} INFO - [2024-10-16T10:05:57.713+0000] {dag.py:3047} INFO - Sync 1 DAGs
[2024-10-16T10:05:57.739+0000] {logging_mixin.py:188} INFO - [2024-10-16T10:05:57.739+0000] {dag.py:3834} INFO - Setting next_dagrun for Vehicle_Data_scrape_Pipeline to 2024-10-14 00:00:00+00:00, run_after=2024-10-15 00:00:00+00:00
[2024-10-16T10:05:57.848+0000] {processor.py:183} INFO - Processing /opt/airflow/dags/vehicle_data_scraping_pipeline.py took 2.500 seconds
[2024-10-16T10:06:29.094+0000] {processor.py:161} INFO - Started process (PID=1950) to work on /opt/airflow/dags/vehicle_data_scraping_pipeline.py
[2024-10-16T10:06:29.095+0000] {processor.py:830} INFO - Processing file /opt/airflow/dags/vehicle_data_scraping_pipeline.py for tasks to queue
[2024-10-16T10:06:29.097+0000] {logging_mixin.py:188} INFO - [2024-10-16T10:06:29.096+0000] {dagbag.py:540} INFO - Filling up the DagBag from /opt/airflow/dags/vehicle_data_scraping_pipeline.py
[2024-10-16T10:06:31.653+0000] {processor.py:840} INFO - DAG(s) 'Vehicle_Data_scrape_Pipeline' retrieved from /opt/airflow/dags/vehicle_data_scraping_pipeline.py
[2024-10-16T10:06:31.766+0000] {logging_mixin.py:188} INFO - [2024-10-16T10:06:31.765+0000] {dag.py:3047} INFO - Sync 1 DAGs
[2024-10-16T10:06:31.809+0000] {logging_mixin.py:188} INFO - [2024-10-16T10:06:31.809+0000] {dag.py:3834} INFO - Setting next_dagrun for Vehicle_Data_scrape_Pipeline to 2024-10-14 00:00:00+00:00, run_after=2024-10-15 00:00:00+00:00
[2024-10-16T10:06:31.854+0000] {processor.py:183} INFO - Processing /opt/airflow/dags/vehicle_data_scraping_pipeline.py took 2.762 seconds
[2024-10-16T10:07:02.161+0000] {processor.py:161} INFO - Started process (PID=2029) to work on /opt/airflow/dags/vehicle_data_scraping_pipeline.py
[2024-10-16T10:07:02.186+0000] {processor.py:830} INFO - Processing file /opt/airflow/dags/vehicle_data_scraping_pipeline.py for tasks to queue
[2024-10-16T10:07:02.197+0000] {logging_mixin.py:188} INFO - [2024-10-16T10:07:02.197+0000] {dagbag.py:540} INFO - Filling up the DagBag from /opt/airflow/dags/vehicle_data_scraping_pipeline.py
[2024-10-16T10:07:04.190+0000] {processor.py:840} INFO - DAG(s) 'Vehicle_Data_scrape_Pipeline' retrieved from /opt/airflow/dags/vehicle_data_scraping_pipeline.py
[2024-10-16T10:07:04.403+0000] {logging_mixin.py:188} INFO - [2024-10-16T10:07:04.403+0000] {dag.py:3047} INFO - Sync 1 DAGs
[2024-10-16T10:07:04.478+0000] {logging_mixin.py:188} INFO - [2024-10-16T10:07:04.478+0000] {dag.py:3834} INFO - Setting next_dagrun for Vehicle_Data_scrape_Pipeline to 2024-10-14 00:00:00+00:00, run_after=2024-10-15 00:00:00+00:00
[2024-10-16T10:07:04.648+0000] {processor.py:183} INFO - Processing /opt/airflow/dags/vehicle_data_scraping_pipeline.py took 2.491 seconds
[2024-10-16T10:07:34.980+0000] {processor.py:161} INFO - Started process (PID=2107) to work on /opt/airflow/dags/vehicle_data_scraping_pipeline.py
[2024-10-16T10:07:34.985+0000] {processor.py:830} INFO - Processing file /opt/airflow/dags/vehicle_data_scraping_pipeline.py for tasks to queue
[2024-10-16T10:07:34.992+0000] {logging_mixin.py:188} INFO - [2024-10-16T10:07:34.992+0000] {dagbag.py:540} INFO - Filling up the DagBag from /opt/airflow/dags/vehicle_data_scraping_pipeline.py
[2024-10-16T10:07:36.837+0000] {processor.py:840} INFO - DAG(s) 'Vehicle_Data_scrape_Pipeline' retrieved from /opt/airflow/dags/vehicle_data_scraping_pipeline.py
[2024-10-16T10:07:36.996+0000] {logging_mixin.py:188} INFO - [2024-10-16T10:07:36.993+0000] {dag.py:3047} INFO - Sync 1 DAGs
[2024-10-16T10:07:37.050+0000] {logging_mixin.py:188} INFO - [2024-10-16T10:07:37.050+0000] {dag.py:3834} INFO - Setting next_dagrun for Vehicle_Data_scrape_Pipeline to 2024-10-14 00:00:00+00:00, run_after=2024-10-15 00:00:00+00:00
[2024-10-16T10:07:37.567+0000] {processor.py:183} INFO - Processing /opt/airflow/dags/vehicle_data_scraping_pipeline.py took 2.589 seconds
[2024-10-16T10:08:07.981+0000] {processor.py:161} INFO - Started process (PID=2186) to work on /opt/airflow/dags/vehicle_data_scraping_pipeline.py
[2024-10-16T10:08:07.982+0000] {processor.py:830} INFO - Processing file /opt/airflow/dags/vehicle_data_scraping_pipeline.py for tasks to queue
[2024-10-16T10:08:07.983+0000] {logging_mixin.py:188} INFO - [2024-10-16T10:08:07.982+0000] {dagbag.py:540} INFO - Filling up the DagBag from /opt/airflow/dags/vehicle_data_scraping_pipeline.py
[2024-10-16T10:08:09.747+0000] {processor.py:840} INFO - DAG(s) 'Vehicle_Data_scrape_Pipeline' retrieved from /opt/airflow/dags/vehicle_data_scraping_pipeline.py
[2024-10-16T10:08:09.994+0000] {logging_mixin.py:188} INFO - [2024-10-16T10:08:09.993+0000] {dag.py:3047} INFO - Sync 1 DAGs
[2024-10-16T10:08:10.125+0000] {logging_mixin.py:188} INFO - [2024-10-16T10:08:10.125+0000] {dag.py:3834} INFO - Setting next_dagrun for Vehicle_Data_scrape_Pipeline to 2024-10-14 00:00:00+00:00, run_after=2024-10-15 00:00:00+00:00
[2024-10-16T10:08:10.203+0000] {processor.py:183} INFO - Processing /opt/airflow/dags/vehicle_data_scraping_pipeline.py took 2.225 seconds
[2024-10-16T10:08:41.219+0000] {processor.py:161} INFO - Started process (PID=2270) to work on /opt/airflow/dags/vehicle_data_scraping_pipeline.py
[2024-10-16T10:08:41.239+0000] {processor.py:830} INFO - Processing file /opt/airflow/dags/vehicle_data_scraping_pipeline.py for tasks to queue
[2024-10-16T10:08:41.250+0000] {logging_mixin.py:188} INFO - [2024-10-16T10:08:41.250+0000] {dagbag.py:540} INFO - Filling up the DagBag from /opt/airflow/dags/vehicle_data_scraping_pipeline.py
[2024-10-16T10:08:43.355+0000] {processor.py:840} INFO - DAG(s) 'Vehicle_Data_scrape_Pipeline' retrieved from /opt/airflow/dags/vehicle_data_scraping_pipeline.py
[2024-10-16T10:08:43.471+0000] {logging_mixin.py:188} INFO - [2024-10-16T10:08:43.470+0000] {dag.py:3047} INFO - Sync 1 DAGs
[2024-10-16T10:08:43.598+0000] {logging_mixin.py:188} INFO - [2024-10-16T10:08:43.597+0000] {dag.py:3834} INFO - Setting next_dagrun for Vehicle_Data_scrape_Pipeline to 2024-10-14 00:00:00+00:00, run_after=2024-10-15 00:00:00+00:00
[2024-10-16T10:08:43.737+0000] {processor.py:183} INFO - Processing /opt/airflow/dags/vehicle_data_scraping_pipeline.py took 2.520 seconds
[2024-10-16T10:09:14.271+0000] {processor.py:161} INFO - Started process (PID=2349) to work on /opt/airflow/dags/vehicle_data_scraping_pipeline.py
[2024-10-16T10:09:14.272+0000] {processor.py:830} INFO - Processing file /opt/airflow/dags/vehicle_data_scraping_pipeline.py for tasks to queue
[2024-10-16T10:09:14.273+0000] {logging_mixin.py:188} INFO - [2024-10-16T10:09:14.273+0000] {dagbag.py:540} INFO - Filling up the DagBag from /opt/airflow/dags/vehicle_data_scraping_pipeline.py
[2024-10-16T10:09:16.355+0000] {processor.py:840} INFO - DAG(s) 'Vehicle_Data_scrape_Pipeline' retrieved from /opt/airflow/dags/vehicle_data_scraping_pipeline.py
[2024-10-16T10:09:16.545+0000] {logging_mixin.py:188} INFO - [2024-10-16T10:09:16.544+0000] {dag.py:3047} INFO - Sync 1 DAGs
[2024-10-16T10:09:16.619+0000] {logging_mixin.py:188} INFO - [2024-10-16T10:09:16.619+0000] {dag.py:3834} INFO - Setting next_dagrun for Vehicle_Data_scrape_Pipeline to 2024-10-14 00:00:00+00:00, run_after=2024-10-15 00:00:00+00:00
[2024-10-16T10:09:16.663+0000] {processor.py:183} INFO - Processing /opt/airflow/dags/vehicle_data_scraping_pipeline.py took 2.394 seconds
[2024-10-16T10:09:47.440+0000] {processor.py:161} INFO - Started process (PID=2432) to work on /opt/airflow/dags/vehicle_data_scraping_pipeline.py
[2024-10-16T10:09:47.451+0000] {processor.py:830} INFO - Processing file /opt/airflow/dags/vehicle_data_scraping_pipeline.py for tasks to queue
[2024-10-16T10:09:47.454+0000] {logging_mixin.py:188} INFO - [2024-10-16T10:09:47.454+0000] {dagbag.py:540} INFO - Filling up the DagBag from /opt/airflow/dags/vehicle_data_scraping_pipeline.py
[2024-10-16T10:09:49.134+0000] {processor.py:840} INFO - DAG(s) 'Vehicle_Data_scrape_Pipeline' retrieved from /opt/airflow/dags/vehicle_data_scraping_pipeline.py
[2024-10-16T10:09:49.291+0000] {logging_mixin.py:188} INFO - [2024-10-16T10:09:49.291+0000] {dag.py:3047} INFO - Sync 1 DAGs
[2024-10-16T10:09:49.383+0000] {logging_mixin.py:188} INFO - [2024-10-16T10:09:49.381+0000] {dag.py:3834} INFO - Setting next_dagrun for Vehicle_Data_scrape_Pipeline to 2024-10-14 00:00:00+00:00, run_after=2024-10-15 00:00:00+00:00
[2024-10-16T10:09:50.021+0000] {processor.py:183} INFO - Processing /opt/airflow/dags/vehicle_data_scraping_pipeline.py took 2.583 seconds
[2024-10-16T10:10:20.848+0000] {processor.py:161} INFO - Started process (PID=2511) to work on /opt/airflow/dags/vehicle_data_scraping_pipeline.py
[2024-10-16T10:10:20.856+0000] {processor.py:830} INFO - Processing file /opt/airflow/dags/vehicle_data_scraping_pipeline.py for tasks to queue
[2024-10-16T10:10:20.861+0000] {logging_mixin.py:188} INFO - [2024-10-16T10:10:20.859+0000] {dagbag.py:540} INFO - Filling up the DagBag from /opt/airflow/dags/vehicle_data_scraping_pipeline.py
[2024-10-16T10:10:22.847+0000] {processor.py:840} INFO - DAG(s) 'Vehicle_Data_scrape_Pipeline' retrieved from /opt/airflow/dags/vehicle_data_scraping_pipeline.py
[2024-10-16T10:10:23.026+0000] {logging_mixin.py:188} INFO - [2024-10-16T10:10:23.025+0000] {dag.py:3047} INFO - Sync 1 DAGs
[2024-10-16T10:10:23.092+0000] {logging_mixin.py:188} INFO - [2024-10-16T10:10:23.092+0000] {dag.py:3834} INFO - Setting next_dagrun for Vehicle_Data_scrape_Pipeline to 2024-10-14 00:00:00+00:00, run_after=2024-10-15 00:00:00+00:00
[2024-10-16T10:10:23.369+0000] {processor.py:183} INFO - Processing /opt/airflow/dags/vehicle_data_scraping_pipeline.py took 2.535 seconds
[2024-10-16T10:10:54.277+0000] {processor.py:161} INFO - Started process (PID=2577) to work on /opt/airflow/dags/vehicle_data_scraping_pipeline.py
[2024-10-16T10:10:54.284+0000] {processor.py:830} INFO - Processing file /opt/airflow/dags/vehicle_data_scraping_pipeline.py for tasks to queue
[2024-10-16T10:10:54.295+0000] {logging_mixin.py:188} INFO - [2024-10-16T10:10:54.294+0000] {dagbag.py:540} INFO - Filling up the DagBag from /opt/airflow/dags/vehicle_data_scraping_pipeline.py
[2024-10-16T10:10:56.717+0000] {processor.py:840} INFO - DAG(s) 'Vehicle_Data_scrape_Pipeline' retrieved from /opt/airflow/dags/vehicle_data_scraping_pipeline.py
[2024-10-16T10:10:56.888+0000] {logging_mixin.py:188} INFO - [2024-10-16T10:10:56.887+0000] {dag.py:3047} INFO - Sync 1 DAGs
[2024-10-16T10:10:57.011+0000] {logging_mixin.py:188} INFO - [2024-10-16T10:10:57.010+0000] {dag.py:3834} INFO - Setting next_dagrun for Vehicle_Data_scrape_Pipeline to 2024-10-14 00:00:00+00:00, run_after=2024-10-15 00:00:00+00:00
[2024-10-16T10:10:57.050+0000] {processor.py:183} INFO - Processing /opt/airflow/dags/vehicle_data_scraping_pipeline.py took 2.776 seconds
[2024-10-16T10:11:27.786+0000] {processor.py:161} INFO - Started process (PID=2652) to work on /opt/airflow/dags/vehicle_data_scraping_pipeline.py
[2024-10-16T10:11:27.787+0000] {processor.py:830} INFO - Processing file /opt/airflow/dags/vehicle_data_scraping_pipeline.py for tasks to queue
[2024-10-16T10:11:27.787+0000] {logging_mixin.py:188} INFO - [2024-10-16T10:11:27.787+0000] {dagbag.py:540} INFO - Filling up the DagBag from /opt/airflow/dags/vehicle_data_scraping_pipeline.py
[2024-10-16T10:11:29.420+0000] {processor.py:840} INFO - DAG(s) 'Vehicle_Data_scrape_Pipeline' retrieved from /opt/airflow/dags/vehicle_data_scraping_pipeline.py
[2024-10-16T10:11:29.643+0000] {logging_mixin.py:188} INFO - [2024-10-16T10:11:29.643+0000] {dag.py:3047} INFO - Sync 1 DAGs
[2024-10-16T10:11:29.687+0000] {logging_mixin.py:188} INFO - [2024-10-16T10:11:29.687+0000] {dag.py:3834} INFO - Setting next_dagrun for Vehicle_Data_scrape_Pipeline to 2024-10-14 00:00:00+00:00, run_after=2024-10-15 00:00:00+00:00
[2024-10-16T10:11:29.717+0000] {processor.py:183} INFO - Processing /opt/airflow/dags/vehicle_data_scraping_pipeline.py took 1.934 seconds
[2024-10-16T10:12:00.581+0000] {processor.py:161} INFO - Started process (PID=2731) to work on /opt/airflow/dags/vehicle_data_scraping_pipeline.py
[2024-10-16T10:12:00.589+0000] {processor.py:830} INFO - Processing file /opt/airflow/dags/vehicle_data_scraping_pipeline.py for tasks to queue
[2024-10-16T10:12:00.598+0000] {logging_mixin.py:188} INFO - [2024-10-16T10:12:00.598+0000] {dagbag.py:540} INFO - Filling up the DagBag from /opt/airflow/dags/vehicle_data_scraping_pipeline.py
[2024-10-16T10:12:02.618+0000] {processor.py:840} INFO - DAG(s) 'Vehicle_Data_scrape_Pipeline' retrieved from /opt/airflow/dags/vehicle_data_scraping_pipeline.py
[2024-10-16T10:12:02.751+0000] {logging_mixin.py:188} INFO - [2024-10-16T10:12:02.751+0000] {dag.py:3047} INFO - Sync 1 DAGs
[2024-10-16T10:12:02.825+0000] {logging_mixin.py:188} INFO - [2024-10-16T10:12:02.824+0000] {dag.py:3834} INFO - Setting next_dagrun for Vehicle_Data_scrape_Pipeline to 2024-10-14 00:00:00+00:00, run_after=2024-10-15 00:00:00+00:00
[2024-10-16T10:12:02.939+0000] {processor.py:183} INFO - Processing /opt/airflow/dags/vehicle_data_scraping_pipeline.py took 2.360 seconds
[2024-10-16T10:12:33.233+0000] {processor.py:161} INFO - Started process (PID=2809) to work on /opt/airflow/dags/vehicle_data_scraping_pipeline.py
[2024-10-16T10:12:33.248+0000] {processor.py:830} INFO - Processing file /opt/airflow/dags/vehicle_data_scraping_pipeline.py for tasks to queue
[2024-10-16T10:12:33.254+0000] {logging_mixin.py:188} INFO - [2024-10-16T10:12:33.254+0000] {dagbag.py:540} INFO - Filling up the DagBag from /opt/airflow/dags/vehicle_data_scraping_pipeline.py
[2024-10-16T10:12:35.715+0000] {processor.py:840} INFO - DAG(s) 'Vehicle_Data_scrape_Pipeline' retrieved from /opt/airflow/dags/vehicle_data_scraping_pipeline.py
[2024-10-16T10:12:35.891+0000] {logging_mixin.py:188} INFO - [2024-10-16T10:12:35.891+0000] {dag.py:3047} INFO - Sync 1 DAGs
[2024-10-16T10:12:35.956+0000] {logging_mixin.py:188} INFO - [2024-10-16T10:12:35.956+0000] {dag.py:3834} INFO - Setting next_dagrun for Vehicle_Data_scrape_Pipeline to 2024-10-14 00:00:00+00:00, run_after=2024-10-15 00:00:00+00:00
[2024-10-16T10:12:36.063+0000] {processor.py:183} INFO - Processing /opt/airflow/dags/vehicle_data_scraping_pipeline.py took 2.833 seconds
[2024-10-16T10:13:07.073+0000] {processor.py:161} INFO - Started process (PID=2887) to work on /opt/airflow/dags/vehicle_data_scraping_pipeline.py
[2024-10-16T10:13:07.082+0000] {processor.py:830} INFO - Processing file /opt/airflow/dags/vehicle_data_scraping_pipeline.py for tasks to queue
[2024-10-16T10:13:07.087+0000] {logging_mixin.py:188} INFO - [2024-10-16T10:13:07.087+0000] {dagbag.py:540} INFO - Filling up the DagBag from /opt/airflow/dags/vehicle_data_scraping_pipeline.py
[2024-10-16T10:13:09.984+0000] {processor.py:840} INFO - DAG(s) 'Vehicle_Data_scrape_Pipeline' retrieved from /opt/airflow/dags/vehicle_data_scraping_pipeline.py
[2024-10-16T10:13:10.253+0000] {logging_mixin.py:188} INFO - [2024-10-16T10:13:10.252+0000] {dag.py:3047} INFO - Sync 1 DAGs
[2024-10-16T10:13:10.361+0000] {logging_mixin.py:188} INFO - [2024-10-16T10:13:10.360+0000] {dag.py:3834} INFO - Setting next_dagrun for Vehicle_Data_scrape_Pipeline to 2024-10-14 00:00:00+00:00, run_after=2024-10-15 00:00:00+00:00
[2024-10-16T10:13:10.535+0000] {processor.py:183} INFO - Processing /opt/airflow/dags/vehicle_data_scraping_pipeline.py took 3.468 seconds
[2024-10-16T10:13:41.221+0000] {processor.py:161} INFO - Started process (PID=2966) to work on /opt/airflow/dags/vehicle_data_scraping_pipeline.py
[2024-10-16T10:13:41.223+0000] {processor.py:830} INFO - Processing file /opt/airflow/dags/vehicle_data_scraping_pipeline.py for tasks to queue
[2024-10-16T10:13:41.225+0000] {logging_mixin.py:188} INFO - [2024-10-16T10:13:41.225+0000] {dagbag.py:540} INFO - Filling up the DagBag from /opt/airflow/dags/vehicle_data_scraping_pipeline.py
[2024-10-16T10:13:43.120+0000] {processor.py:840} INFO - DAG(s) 'Vehicle_Data_scrape_Pipeline' retrieved from /opt/airflow/dags/vehicle_data_scraping_pipeline.py
[2024-10-16T10:13:43.479+0000] {logging_mixin.py:188} INFO - [2024-10-16T10:13:43.478+0000] {dag.py:3047} INFO - Sync 1 DAGs
[2024-10-16T10:13:43.566+0000] {logging_mixin.py:188} INFO - [2024-10-16T10:13:43.566+0000] {dag.py:3834} INFO - Setting next_dagrun for Vehicle_Data_scrape_Pipeline to 2024-10-14 00:00:00+00:00, run_after=2024-10-15 00:00:00+00:00
[2024-10-16T10:13:43.620+0000] {processor.py:183} INFO - Processing /opt/airflow/dags/vehicle_data_scraping_pipeline.py took 2.402 seconds
[2024-10-16T10:14:14.240+0000] {processor.py:161} INFO - Started process (PID=3045) to work on /opt/airflow/dags/vehicle_data_scraping_pipeline.py
[2024-10-16T10:14:14.245+0000] {processor.py:830} INFO - Processing file /opt/airflow/dags/vehicle_data_scraping_pipeline.py for tasks to queue
[2024-10-16T10:14:14.268+0000] {logging_mixin.py:188} INFO - [2024-10-16T10:14:14.268+0000] {dagbag.py:540} INFO - Filling up the DagBag from /opt/airflow/dags/vehicle_data_scraping_pipeline.py
[2024-10-16T10:14:15.679+0000] {processor.py:840} INFO - DAG(s) 'Vehicle_Data_scrape_Pipeline' retrieved from /opt/airflow/dags/vehicle_data_scraping_pipeline.py
[2024-10-16T10:14:16.053+0000] {logging_mixin.py:188} INFO - [2024-10-16T10:14:16.034+0000] {dag.py:3047} INFO - Sync 1 DAGs
[2024-10-16T10:14:16.118+0000] {logging_mixin.py:188} INFO - [2024-10-16T10:14:16.118+0000] {dag.py:3834} INFO - Setting next_dagrun for Vehicle_Data_scrape_Pipeline to 2024-10-14 00:00:00+00:00, run_after=2024-10-15 00:00:00+00:00
[2024-10-16T10:14:16.237+0000] {processor.py:183} INFO - Processing /opt/airflow/dags/vehicle_data_scraping_pipeline.py took 2.000 seconds
[2024-10-16T10:14:46.725+0000] {processor.py:161} INFO - Started process (PID=3124) to work on /opt/airflow/dags/vehicle_data_scraping_pipeline.py
[2024-10-16T10:14:46.726+0000] {processor.py:830} INFO - Processing file /opt/airflow/dags/vehicle_data_scraping_pipeline.py for tasks to queue
[2024-10-16T10:14:46.727+0000] {logging_mixin.py:188} INFO - [2024-10-16T10:14:46.727+0000] {dagbag.py:540} INFO - Filling up the DagBag from /opt/airflow/dags/vehicle_data_scraping_pipeline.py
[2024-10-16T10:14:48.380+0000] {processor.py:840} INFO - DAG(s) 'Vehicle_Data_scrape_Pipeline' retrieved from /opt/airflow/dags/vehicle_data_scraping_pipeline.py
[2024-10-16T10:14:48.466+0000] {logging_mixin.py:188} INFO - [2024-10-16T10:14:48.465+0000] {dag.py:3047} INFO - Sync 1 DAGs
[2024-10-16T10:14:48.484+0000] {logging_mixin.py:188} INFO - [2024-10-16T10:14:48.484+0000] {dag.py:3834} INFO - Setting next_dagrun for Vehicle_Data_scrape_Pipeline to 2024-10-14 00:00:00+00:00, run_after=2024-10-15 00:00:00+00:00
[2024-10-16T10:14:48.950+0000] {processor.py:183} INFO - Processing /opt/airflow/dags/vehicle_data_scraping_pipeline.py took 2.227 seconds
[2024-10-16T10:15:19.302+0000] {processor.py:161} INFO - Started process (PID=3202) to work on /opt/airflow/dags/vehicle_data_scraping_pipeline.py
[2024-10-16T10:15:19.312+0000] {processor.py:830} INFO - Processing file /opt/airflow/dags/vehicle_data_scraping_pipeline.py for tasks to queue
[2024-10-16T10:15:19.333+0000] {logging_mixin.py:188} INFO - [2024-10-16T10:15:19.333+0000] {dagbag.py:540} INFO - Filling up the DagBag from /opt/airflow/dags/vehicle_data_scraping_pipeline.py
[2024-10-16T10:15:22.549+0000] {processor.py:840} INFO - DAG(s) 'Vehicle_Data_scrape_Pipeline' retrieved from /opt/airflow/dags/vehicle_data_scraping_pipeline.py
[2024-10-16T10:15:22.759+0000] {logging_mixin.py:188} INFO - [2024-10-16T10:15:22.758+0000] {dag.py:3047} INFO - Sync 1 DAGs
[2024-10-16T10:15:22.826+0000] {logging_mixin.py:188} INFO - [2024-10-16T10:15:22.825+0000] {dag.py:3834} INFO - Setting next_dagrun for Vehicle_Data_scrape_Pipeline to 2024-10-14 00:00:00+00:00, run_after=2024-10-15 00:00:00+00:00
[2024-10-16T10:15:22.869+0000] {processor.py:183} INFO - Processing /opt/airflow/dags/vehicle_data_scraping_pipeline.py took 3.572 seconds
[2024-10-16T10:15:53.587+0000] {processor.py:161} INFO - Started process (PID=3281) to work on /opt/airflow/dags/vehicle_data_scraping_pipeline.py
[2024-10-16T10:15:53.590+0000] {processor.py:830} INFO - Processing file /opt/airflow/dags/vehicle_data_scraping_pipeline.py for tasks to queue
[2024-10-16T10:15:53.593+0000] {logging_mixin.py:188} INFO - [2024-10-16T10:15:53.591+0000] {dagbag.py:540} INFO - Filling up the DagBag from /opt/airflow/dags/vehicle_data_scraping_pipeline.py
[2024-10-16T10:15:56.129+0000] {processor.py:840} INFO - DAG(s) 'Vehicle_Data_scrape_Pipeline' retrieved from /opt/airflow/dags/vehicle_data_scraping_pipeline.py
[2024-10-16T10:15:56.247+0000] {logging_mixin.py:188} INFO - [2024-10-16T10:15:56.247+0000] {dag.py:3047} INFO - Sync 1 DAGs
[2024-10-16T10:15:56.294+0000] {logging_mixin.py:188} INFO - [2024-10-16T10:15:56.293+0000] {dag.py:3834} INFO - Setting next_dagrun for Vehicle_Data_scrape_Pipeline to 2024-10-14 00:00:00+00:00, run_after=2024-10-15 00:00:00+00:00
[2024-10-16T10:15:56.401+0000] {processor.py:183} INFO - Processing /opt/airflow/dags/vehicle_data_scraping_pipeline.py took 2.816 seconds
[2024-10-16T10:16:26.969+0000] {processor.py:161} INFO - Started process (PID=3365) to work on /opt/airflow/dags/vehicle_data_scraping_pipeline.py
[2024-10-16T10:16:26.998+0000] {processor.py:830} INFO - Processing file /opt/airflow/dags/vehicle_data_scraping_pipeline.py for tasks to queue
[2024-10-16T10:16:26.999+0000] {logging_mixin.py:188} INFO - [2024-10-16T10:16:26.998+0000] {dagbag.py:540} INFO - Filling up the DagBag from /opt/airflow/dags/vehicle_data_scraping_pipeline.py
[2024-10-16T10:16:28.343+0000] {processor.py:840} INFO - DAG(s) 'Vehicle_Data_scrape_Pipeline' retrieved from /opt/airflow/dags/vehicle_data_scraping_pipeline.py
[2024-10-16T10:16:28.623+0000] {logging_mixin.py:188} INFO - [2024-10-16T10:16:28.623+0000] {dag.py:3047} INFO - Sync 1 DAGs
[2024-10-16T10:16:28.714+0000] {logging_mixin.py:188} INFO - [2024-10-16T10:16:28.714+0000] {dag.py:3834} INFO - Setting next_dagrun for Vehicle_Data_scrape_Pipeline to 2024-10-14 00:00:00+00:00, run_after=2024-10-15 00:00:00+00:00
[2024-10-16T10:16:28.857+0000] {processor.py:183} INFO - Processing /opt/airflow/dags/vehicle_data_scraping_pipeline.py took 1.902 seconds
[2024-10-16T10:16:59.282+0000] {processor.py:161} INFO - Started process (PID=3444) to work on /opt/airflow/dags/vehicle_data_scraping_pipeline.py
[2024-10-16T10:16:59.289+0000] {processor.py:830} INFO - Processing file /opt/airflow/dags/vehicle_data_scraping_pipeline.py for tasks to queue
[2024-10-16T10:16:59.290+0000] {logging_mixin.py:188} INFO - [2024-10-16T10:16:59.289+0000] {dagbag.py:540} INFO - Filling up the DagBag from /opt/airflow/dags/vehicle_data_scraping_pipeline.py
[2024-10-16T10:17:01.299+0000] {processor.py:840} INFO - DAG(s) 'Vehicle_Data_scrape_Pipeline' retrieved from /opt/airflow/dags/vehicle_data_scraping_pipeline.py
[2024-10-16T10:17:01.498+0000] {logging_mixin.py:188} INFO - [2024-10-16T10:17:01.498+0000] {dag.py:3047} INFO - Sync 1 DAGs
[2024-10-16T10:17:01.574+0000] {logging_mixin.py:188} INFO - [2024-10-16T10:17:01.574+0000] {dag.py:3834} INFO - Setting next_dagrun for Vehicle_Data_scrape_Pipeline to 2024-10-14 00:00:00+00:00, run_after=2024-10-15 00:00:00+00:00
[2024-10-16T10:17:02.038+0000] {processor.py:183} INFO - Processing /opt/airflow/dags/vehicle_data_scraping_pipeline.py took 2.758 seconds
[2024-10-16T10:17:32.312+0000] {processor.py:161} INFO - Started process (PID=3521) to work on /opt/airflow/dags/vehicle_data_scraping_pipeline.py
[2024-10-16T10:17:32.313+0000] {processor.py:830} INFO - Processing file /opt/airflow/dags/vehicle_data_scraping_pipeline.py for tasks to queue
[2024-10-16T10:17:32.314+0000] {logging_mixin.py:188} INFO - [2024-10-16T10:17:32.314+0000] {dagbag.py:540} INFO - Filling up the DagBag from /opt/airflow/dags/vehicle_data_scraping_pipeline.py
[2024-10-16T10:17:34.234+0000] {processor.py:840} INFO - DAG(s) 'Vehicle_Data_scrape_Pipeline' retrieved from /opt/airflow/dags/vehicle_data_scraping_pipeline.py
[2024-10-16T10:17:34.348+0000] {logging_mixin.py:188} INFO - [2024-10-16T10:17:34.347+0000] {dag.py:3047} INFO - Sync 1 DAGs
[2024-10-16T10:17:34.373+0000] {logging_mixin.py:188} INFO - [2024-10-16T10:17:34.373+0000] {dag.py:3834} INFO - Setting next_dagrun for Vehicle_Data_scrape_Pipeline to 2024-10-14 00:00:00+00:00, run_after=2024-10-15 00:00:00+00:00
[2024-10-16T10:17:34.439+0000] {processor.py:183} INFO - Processing /opt/airflow/dags/vehicle_data_scraping_pipeline.py took 2.131 seconds
[2024-10-16T10:18:05.426+0000] {processor.py:161} INFO - Started process (PID=3581) to work on /opt/airflow/dags/vehicle_data_scraping_pipeline.py
[2024-10-16T10:18:05.447+0000] {processor.py:830} INFO - Processing file /opt/airflow/dags/vehicle_data_scraping_pipeline.py for tasks to queue
[2024-10-16T10:18:05.451+0000] {logging_mixin.py:188} INFO - [2024-10-16T10:18:05.450+0000] {dagbag.py:540} INFO - Filling up the DagBag from /opt/airflow/dags/vehicle_data_scraping_pipeline.py
[2024-10-16T10:18:07.229+0000] {processor.py:840} INFO - DAG(s) 'Vehicle_Data_scrape_Pipeline' retrieved from /opt/airflow/dags/vehicle_data_scraping_pipeline.py
[2024-10-16T10:18:07.370+0000] {logging_mixin.py:188} INFO - [2024-10-16T10:18:07.369+0000] {dag.py:3047} INFO - Sync 1 DAGs
[2024-10-16T10:18:07.431+0000] {logging_mixin.py:188} INFO - [2024-10-16T10:18:07.430+0000] {dag.py:3834} INFO - Setting next_dagrun for Vehicle_Data_scrape_Pipeline to 2024-10-14 00:00:00+00:00, run_after=2024-10-15 00:00:00+00:00
[2024-10-16T10:18:07.510+0000] {processor.py:183} INFO - Processing /opt/airflow/dags/vehicle_data_scraping_pipeline.py took 2.087 seconds
[2024-10-16T10:18:37.628+0000] {processor.py:161} INFO - Started process (PID=3655) to work on /opt/airflow/dags/vehicle_data_scraping_pipeline.py
[2024-10-16T10:18:37.629+0000] {processor.py:830} INFO - Processing file /opt/airflow/dags/vehicle_data_scraping_pipeline.py for tasks to queue
[2024-10-16T10:18:37.630+0000] {logging_mixin.py:188} INFO - [2024-10-16T10:18:37.629+0000] {dagbag.py:540} INFO - Filling up the DagBag from /opt/airflow/dags/vehicle_data_scraping_pipeline.py
[2024-10-16T10:18:39.430+0000] {processor.py:840} INFO - DAG(s) 'Vehicle_Data_scrape_Pipeline' retrieved from /opt/airflow/dags/vehicle_data_scraping_pipeline.py
[2024-10-16T10:18:39.513+0000] {logging_mixin.py:188} INFO - [2024-10-16T10:18:39.512+0000] {dag.py:3047} INFO - Sync 1 DAGs
[2024-10-16T10:18:39.542+0000] {logging_mixin.py:188} INFO - [2024-10-16T10:18:39.541+0000] {dag.py:3834} INFO - Setting next_dagrun for Vehicle_Data_scrape_Pipeline to 2024-10-14 00:00:00+00:00, run_after=2024-10-15 00:00:00+00:00
[2024-10-16T10:18:39.605+0000] {processor.py:183} INFO - Processing /opt/airflow/dags/vehicle_data_scraping_pipeline.py took 1.979 seconds
[2024-10-16T10:19:09.961+0000] {processor.py:161} INFO - Started process (PID=3737) to work on /opt/airflow/dags/vehicle_data_scraping_pipeline.py
[2024-10-16T10:19:09.962+0000] {processor.py:830} INFO - Processing file /opt/airflow/dags/vehicle_data_scraping_pipeline.py for tasks to queue
[2024-10-16T10:19:09.963+0000] {logging_mixin.py:188} INFO - [2024-10-16T10:19:09.962+0000] {dagbag.py:540} INFO - Filling up the DagBag from /opt/airflow/dags/vehicle_data_scraping_pipeline.py
[2024-10-16T10:19:11.504+0000] {processor.py:840} INFO - DAG(s) 'Vehicle_Data_scrape_Pipeline' retrieved from /opt/airflow/dags/vehicle_data_scraping_pipeline.py
[2024-10-16T10:19:11.692+0000] {logging_mixin.py:188} INFO - [2024-10-16T10:19:11.692+0000] {dag.py:3047} INFO - Sync 1 DAGs
[2024-10-16T10:19:11.804+0000] {logging_mixin.py:188} INFO - [2024-10-16T10:19:11.804+0000] {dag.py:3834} INFO - Setting next_dagrun for Vehicle_Data_scrape_Pipeline to 2024-10-14 00:00:00+00:00, run_after=2024-10-15 00:00:00+00:00
[2024-10-16T10:19:11.880+0000] {processor.py:183} INFO - Processing /opt/airflow/dags/vehicle_data_scraping_pipeline.py took 1.923 seconds
[2024-10-16T10:19:42.810+0000] {processor.py:161} INFO - Started process (PID=3796) to work on /opt/airflow/dags/vehicle_data_scraping_pipeline.py
[2024-10-16T10:19:42.831+0000] {processor.py:830} INFO - Processing file /opt/airflow/dags/vehicle_data_scraping_pipeline.py for tasks to queue
[2024-10-16T10:19:42.833+0000] {logging_mixin.py:188} INFO - [2024-10-16T10:19:42.832+0000] {dagbag.py:540} INFO - Filling up the DagBag from /opt/airflow/dags/vehicle_data_scraping_pipeline.py
[2024-10-16T10:19:44.778+0000] {processor.py:840} INFO - DAG(s) 'Vehicle_Data_scrape_Pipeline' retrieved from /opt/airflow/dags/vehicle_data_scraping_pipeline.py
[2024-10-16T10:19:44.907+0000] {logging_mixin.py:188} INFO - [2024-10-16T10:19:44.907+0000] {dag.py:3047} INFO - Sync 1 DAGs
[2024-10-16T10:19:44.954+0000] {logging_mixin.py:188} INFO - [2024-10-16T10:19:44.953+0000] {dag.py:3834} INFO - Setting next_dagrun for Vehicle_Data_scrape_Pipeline to 2024-10-14 00:00:00+00:00, run_after=2024-10-15 00:00:00+00:00
[2024-10-16T10:19:44.992+0000] {processor.py:183} INFO - Processing /opt/airflow/dags/vehicle_data_scraping_pipeline.py took 2.186 seconds
[2024-10-16T10:20:15.428+0000] {processor.py:161} INFO - Started process (PID=3870) to work on /opt/airflow/dags/vehicle_data_scraping_pipeline.py
[2024-10-16T10:20:15.431+0000] {processor.py:830} INFO - Processing file /opt/airflow/dags/vehicle_data_scraping_pipeline.py for tasks to queue
[2024-10-16T10:20:15.437+0000] {logging_mixin.py:188} INFO - [2024-10-16T10:20:15.437+0000] {dagbag.py:540} INFO - Filling up the DagBag from /opt/airflow/dags/vehicle_data_scraping_pipeline.py
[2024-10-16T10:20:17.402+0000] {processor.py:840} INFO - DAG(s) 'Vehicle_Data_scrape_Pipeline' retrieved from /opt/airflow/dags/vehicle_data_scraping_pipeline.py
[2024-10-16T10:20:17.480+0000] {logging_mixin.py:188} INFO - [2024-10-16T10:20:17.480+0000] {dag.py:3047} INFO - Sync 1 DAGs
[2024-10-16T10:20:17.542+0000] {logging_mixin.py:188} INFO - [2024-10-16T10:20:17.542+0000] {dag.py:3834} INFO - Setting next_dagrun for Vehicle_Data_scrape_Pipeline to 2024-10-14 00:00:00+00:00, run_after=2024-10-15 00:00:00+00:00
[2024-10-16T10:20:17.697+0000] {processor.py:183} INFO - Processing /opt/airflow/dags/vehicle_data_scraping_pipeline.py took 2.274 seconds
[2024-10-16T10:20:47.894+0000] {processor.py:161} INFO - Started process (PID=3949) to work on /opt/airflow/dags/vehicle_data_scraping_pipeline.py
[2024-10-16T10:20:47.895+0000] {processor.py:830} INFO - Processing file /opt/airflow/dags/vehicle_data_scraping_pipeline.py for tasks to queue
[2024-10-16T10:20:47.896+0000] {logging_mixin.py:188} INFO - [2024-10-16T10:20:47.896+0000] {dagbag.py:540} INFO - Filling up the DagBag from /opt/airflow/dags/vehicle_data_scraping_pipeline.py
[2024-10-16T10:20:49.649+0000] {processor.py:840} INFO - DAG(s) 'Vehicle_Data_scrape_Pipeline' retrieved from /opt/airflow/dags/vehicle_data_scraping_pipeline.py
[2024-10-16T10:20:49.787+0000] {logging_mixin.py:188} INFO - [2024-10-16T10:20:49.786+0000] {dag.py:3047} INFO - Sync 1 DAGs
[2024-10-16T10:20:49.831+0000] {logging_mixin.py:188} INFO - [2024-10-16T10:20:49.830+0000] {dag.py:3834} INFO - Setting next_dagrun for Vehicle_Data_scrape_Pipeline to 2024-10-14 00:00:00+00:00, run_after=2024-10-15 00:00:00+00:00
[2024-10-16T10:20:49.937+0000] {processor.py:183} INFO - Processing /opt/airflow/dags/vehicle_data_scraping_pipeline.py took 2.046 seconds
[2024-10-16T10:21:20.658+0000] {processor.py:161} INFO - Started process (PID=4028) to work on /opt/airflow/dags/vehicle_data_scraping_pipeline.py
[2024-10-16T10:21:20.661+0000] {processor.py:830} INFO - Processing file /opt/airflow/dags/vehicle_data_scraping_pipeline.py for tasks to queue
[2024-10-16T10:21:20.662+0000] {logging_mixin.py:188} INFO - [2024-10-16T10:21:20.661+0000] {dagbag.py:540} INFO - Filling up the DagBag from /opt/airflow/dags/vehicle_data_scraping_pipeline.py
[2024-10-16T10:21:22.549+0000] {processor.py:840} INFO - DAG(s) 'Vehicle_Data_scrape_Pipeline' retrieved from /opt/airflow/dags/vehicle_data_scraping_pipeline.py
[2024-10-16T10:21:22.675+0000] {logging_mixin.py:188} INFO - [2024-10-16T10:21:22.675+0000] {dag.py:3047} INFO - Sync 1 DAGs
[2024-10-16T10:21:22.722+0000] {logging_mixin.py:188} INFO - [2024-10-16T10:21:22.722+0000] {dag.py:3834} INFO - Setting next_dagrun for Vehicle_Data_scrape_Pipeline to 2024-10-14 00:00:00+00:00, run_after=2024-10-15 00:00:00+00:00
[2024-10-16T10:21:22.786+0000] {processor.py:183} INFO - Processing /opt/airflow/dags/vehicle_data_scraping_pipeline.py took 2.132 seconds
[2024-10-16T10:21:53.213+0000] {processor.py:161} INFO - Started process (PID=4107) to work on /opt/airflow/dags/vehicle_data_scraping_pipeline.py
[2024-10-16T10:21:53.217+0000] {processor.py:830} INFO - Processing file /opt/airflow/dags/vehicle_data_scraping_pipeline.py for tasks to queue
[2024-10-16T10:21:53.224+0000] {logging_mixin.py:188} INFO - [2024-10-16T10:21:53.223+0000] {dagbag.py:540} INFO - Filling up the DagBag from /opt/airflow/dags/vehicle_data_scraping_pipeline.py
[2024-10-16T10:21:54.876+0000] {processor.py:840} INFO - DAG(s) 'Vehicle_Data_scrape_Pipeline' retrieved from /opt/airflow/dags/vehicle_data_scraping_pipeline.py
[2024-10-16T10:21:55.010+0000] {logging_mixin.py:188} INFO - [2024-10-16T10:21:55.010+0000] {dag.py:3047} INFO - Sync 1 DAGs
[2024-10-16T10:21:55.048+0000] {logging_mixin.py:188} INFO - [2024-10-16T10:21:55.047+0000] {dag.py:3834} INFO - Setting next_dagrun for Vehicle_Data_scrape_Pipeline to 2024-10-14 00:00:00+00:00, run_after=2024-10-15 00:00:00+00:00
[2024-10-16T10:21:55.584+0000] {processor.py:183} INFO - Processing /opt/airflow/dags/vehicle_data_scraping_pipeline.py took 2.375 seconds
[2024-10-16T10:22:26.252+0000] {processor.py:161} INFO - Started process (PID=4186) to work on /opt/airflow/dags/vehicle_data_scraping_pipeline.py
[2024-10-16T10:22:26.254+0000] {processor.py:830} INFO - Processing file /opt/airflow/dags/vehicle_data_scraping_pipeline.py for tasks to queue
[2024-10-16T10:22:26.256+0000] {logging_mixin.py:188} INFO - [2024-10-16T10:22:26.256+0000] {dagbag.py:540} INFO - Filling up the DagBag from /opt/airflow/dags/vehicle_data_scraping_pipeline.py
[2024-10-16T10:22:28.459+0000] {processor.py:840} INFO - DAG(s) 'Vehicle_Data_scrape_Pipeline' retrieved from /opt/airflow/dags/vehicle_data_scraping_pipeline.py
[2024-10-16T10:22:28.707+0000] {logging_mixin.py:188} INFO - [2024-10-16T10:22:28.707+0000] {dag.py:3047} INFO - Sync 1 DAGs
[2024-10-16T10:22:28.824+0000] {logging_mixin.py:188} INFO - [2024-10-16T10:22:28.824+0000] {dag.py:3834} INFO - Setting next_dagrun for Vehicle_Data_scrape_Pipeline to 2024-10-14 00:00:00+00:00, run_after=2024-10-15 00:00:00+00:00
[2024-10-16T10:22:28.902+0000] {processor.py:183} INFO - Processing /opt/airflow/dags/vehicle_data_scraping_pipeline.py took 2.653 seconds
[2024-10-16T10:22:59.131+0000] {processor.py:161} INFO - Started process (PID=4270) to work on /opt/airflow/dags/vehicle_data_scraping_pipeline.py
[2024-10-16T10:22:59.148+0000] {processor.py:830} INFO - Processing file /opt/airflow/dags/vehicle_data_scraping_pipeline.py for tasks to queue
[2024-10-16T10:22:59.149+0000] {logging_mixin.py:188} INFO - [2024-10-16T10:22:59.149+0000] {dagbag.py:540} INFO - Filling up the DagBag from /opt/airflow/dags/vehicle_data_scraping_pipeline.py
[2024-10-16T10:23:00.602+0000] {processor.py:840} INFO - DAG(s) 'Vehicle_Data_scrape_Pipeline' retrieved from /opt/airflow/dags/vehicle_data_scraping_pipeline.py
[2024-10-16T10:23:00.753+0000] {logging_mixin.py:188} INFO - [2024-10-16T10:23:00.753+0000] {dag.py:3047} INFO - Sync 1 DAGs
[2024-10-16T10:23:00.804+0000] {logging_mixin.py:188} INFO - [2024-10-16T10:23:00.803+0000] {dag.py:3834} INFO - Setting next_dagrun for Vehicle_Data_scrape_Pipeline to 2024-10-14 00:00:00+00:00, run_after=2024-10-15 00:00:00+00:00
[2024-10-16T10:23:00.867+0000] {processor.py:183} INFO - Processing /opt/airflow/dags/vehicle_data_scraping_pipeline.py took 1.738 seconds
[2024-10-16T10:23:31.227+0000] {processor.py:161} INFO - Started process (PID=4348) to work on /opt/airflow/dags/vehicle_data_scraping_pipeline.py
[2024-10-16T10:23:31.230+0000] {processor.py:830} INFO - Processing file /opt/airflow/dags/vehicle_data_scraping_pipeline.py for tasks to queue
[2024-10-16T10:23:31.247+0000] {logging_mixin.py:188} INFO - [2024-10-16T10:23:31.246+0000] {dagbag.py:540} INFO - Filling up the DagBag from /opt/airflow/dags/vehicle_data_scraping_pipeline.py
[2024-10-16T10:23:33.067+0000] {processor.py:840} INFO - DAG(s) 'Vehicle_Data_scrape_Pipeline' retrieved from /opt/airflow/dags/vehicle_data_scraping_pipeline.py
[2024-10-16T10:23:33.253+0000] {logging_mixin.py:188} INFO - [2024-10-16T10:23:33.252+0000] {dag.py:3047} INFO - Sync 1 DAGs
[2024-10-16T10:23:33.343+0000] {logging_mixin.py:188} INFO - [2024-10-16T10:23:33.343+0000] {dag.py:3834} INFO - Setting next_dagrun for Vehicle_Data_scrape_Pipeline to 2024-10-14 00:00:00+00:00, run_after=2024-10-15 00:00:00+00:00
[2024-10-16T10:23:33.393+0000] {processor.py:183} INFO - Processing /opt/airflow/dags/vehicle_data_scraping_pipeline.py took 2.168 seconds
[2024-10-16T10:24:03.851+0000] {processor.py:161} INFO - Started process (PID=4428) to work on /opt/airflow/dags/vehicle_data_scraping_pipeline.py
[2024-10-16T10:24:03.852+0000] {processor.py:830} INFO - Processing file /opt/airflow/dags/vehicle_data_scraping_pipeline.py for tasks to queue
[2024-10-16T10:24:03.854+0000] {logging_mixin.py:188} INFO - [2024-10-16T10:24:03.854+0000] {dagbag.py:540} INFO - Filling up the DagBag from /opt/airflow/dags/vehicle_data_scraping_pipeline.py
[2024-10-16T10:24:05.299+0000] {processor.py:840} INFO - DAG(s) 'Vehicle_Data_scrape_Pipeline' retrieved from /opt/airflow/dags/vehicle_data_scraping_pipeline.py
[2024-10-16T10:24:05.356+0000] {logging_mixin.py:188} INFO - [2024-10-16T10:24:05.356+0000] {dag.py:3047} INFO - Sync 1 DAGs
[2024-10-16T10:24:05.379+0000] {logging_mixin.py:188} INFO - [2024-10-16T10:24:05.379+0000] {dag.py:3834} INFO - Setting next_dagrun for Vehicle_Data_scrape_Pipeline to 2024-10-14 00:00:00+00:00, run_after=2024-10-15 00:00:00+00:00
[2024-10-16T10:24:05.509+0000] {processor.py:183} INFO - Processing /opt/airflow/dags/vehicle_data_scraping_pipeline.py took 1.661 seconds
[2024-10-16T10:24:35.816+0000] {processor.py:161} INFO - Started process (PID=4486) to work on /opt/airflow/dags/vehicle_data_scraping_pipeline.py
[2024-10-16T10:24:35.817+0000] {processor.py:830} INFO - Processing file /opt/airflow/dags/vehicle_data_scraping_pipeline.py for tasks to queue
[2024-10-16T10:24:35.818+0000] {logging_mixin.py:188} INFO - [2024-10-16T10:24:35.818+0000] {dagbag.py:540} INFO - Filling up the DagBag from /opt/airflow/dags/vehicle_data_scraping_pipeline.py
[2024-10-16T10:24:37.178+0000] {processor.py:840} INFO - DAG(s) 'Vehicle_Data_scrape_Pipeline' retrieved from /opt/airflow/dags/vehicle_data_scraping_pipeline.py
[2024-10-16T10:24:37.414+0000] {logging_mixin.py:188} INFO - [2024-10-16T10:24:37.413+0000] {dag.py:3047} INFO - Sync 1 DAGs
[2024-10-16T10:24:37.533+0000] {logging_mixin.py:188} INFO - [2024-10-16T10:24:37.533+0000] {dag.py:3834} INFO - Setting next_dagrun for Vehicle_Data_scrape_Pipeline to 2024-10-14 00:00:00+00:00, run_after=2024-10-15 00:00:00+00:00
[2024-10-16T10:24:37.586+0000] {processor.py:183} INFO - Processing /opt/airflow/dags/vehicle_data_scraping_pipeline.py took 1.772 seconds
[2024-10-16T10:25:07.892+0000] {processor.py:161} INFO - Started process (PID=4561) to work on /opt/airflow/dags/vehicle_data_scraping_pipeline.py
[2024-10-16T10:25:07.902+0000] {processor.py:830} INFO - Processing file /opt/airflow/dags/vehicle_data_scraping_pipeline.py for tasks to queue
[2024-10-16T10:25:07.906+0000] {logging_mixin.py:188} INFO - [2024-10-16T10:25:07.906+0000] {dagbag.py:540} INFO - Filling up the DagBag from /opt/airflow/dags/vehicle_data_scraping_pipeline.py
[2024-10-16T10:25:09.756+0000] {processor.py:840} INFO - DAG(s) 'Vehicle_Data_scrape_Pipeline' retrieved from /opt/airflow/dags/vehicle_data_scraping_pipeline.py
[2024-10-16T10:25:09.878+0000] {logging_mixin.py:188} INFO - [2024-10-16T10:25:09.878+0000] {dag.py:3047} INFO - Sync 1 DAGs
[2024-10-16T10:25:09.921+0000] {logging_mixin.py:188} INFO - [2024-10-16T10:25:09.921+0000] {dag.py:3834} INFO - Setting next_dagrun for Vehicle_Data_scrape_Pipeline to 2024-10-14 00:00:00+00:00, run_after=2024-10-15 00:00:00+00:00
[2024-10-16T10:25:10.029+0000] {processor.py:183} INFO - Processing /opt/airflow/dags/vehicle_data_scraping_pipeline.py took 2.140 seconds
[2024-10-16T10:25:40.488+0000] {processor.py:161} INFO - Started process (PID=4640) to work on /opt/airflow/dags/vehicle_data_scraping_pipeline.py
[2024-10-16T10:25:40.489+0000] {processor.py:830} INFO - Processing file /opt/airflow/dags/vehicle_data_scraping_pipeline.py for tasks to queue
[2024-10-16T10:25:40.490+0000] {logging_mixin.py:188} INFO - [2024-10-16T10:25:40.490+0000] {dagbag.py:540} INFO - Filling up the DagBag from /opt/airflow/dags/vehicle_data_scraping_pipeline.py
[2024-10-16T10:25:42.303+0000] {processor.py:840} INFO - DAG(s) 'Vehicle_Data_scrape_Pipeline' retrieved from /opt/airflow/dags/vehicle_data_scraping_pipeline.py
[2024-10-16T10:25:42.534+0000] {logging_mixin.py:188} INFO - [2024-10-16T10:25:42.534+0000] {dag.py:3047} INFO - Sync 1 DAGs
[2024-10-16T10:25:42.619+0000] {logging_mixin.py:188} INFO - [2024-10-16T10:25:42.619+0000] {dag.py:3834} INFO - Setting next_dagrun for Vehicle_Data_scrape_Pipeline to 2024-10-14 00:00:00+00:00, run_after=2024-10-15 00:00:00+00:00
[2024-10-16T10:25:42.664+0000] {processor.py:183} INFO - Processing /opt/airflow/dags/vehicle_data_scraping_pipeline.py took 2.178 seconds
[2024-10-16T10:26:13.402+0000] {processor.py:161} INFO - Started process (PID=4719) to work on /opt/airflow/dags/vehicle_data_scraping_pipeline.py
[2024-10-16T10:26:13.403+0000] {processor.py:830} INFO - Processing file /opt/airflow/dags/vehicle_data_scraping_pipeline.py for tasks to queue
[2024-10-16T10:26:13.404+0000] {logging_mixin.py:188} INFO - [2024-10-16T10:26:13.403+0000] {dagbag.py:540} INFO - Filling up the DagBag from /opt/airflow/dags/vehicle_data_scraping_pipeline.py
[2024-10-16T10:26:14.788+0000] {processor.py:840} INFO - DAG(s) 'Vehicle_Data_scrape_Pipeline' retrieved from /opt/airflow/dags/vehicle_data_scraping_pipeline.py
[2024-10-16T10:26:14.954+0000] {logging_mixin.py:188} INFO - [2024-10-16T10:26:14.954+0000] {dag.py:3047} INFO - Sync 1 DAGs
[2024-10-16T10:26:15.039+0000] {logging_mixin.py:188} INFO - [2024-10-16T10:26:15.038+0000] {dag.py:3834} INFO - Setting next_dagrun for Vehicle_Data_scrape_Pipeline to 2024-10-14 00:00:00+00:00, run_after=2024-10-15 00:00:00+00:00
[2024-10-16T10:26:15.457+0000] {processor.py:183} INFO - Processing /opt/airflow/dags/vehicle_data_scraping_pipeline.py took 2.058 seconds
[2024-10-16T10:26:45.660+0000] {processor.py:161} INFO - Started process (PID=4799) to work on /opt/airflow/dags/vehicle_data_scraping_pipeline.py
[2024-10-16T10:26:45.661+0000] {processor.py:830} INFO - Processing file /opt/airflow/dags/vehicle_data_scraping_pipeline.py for tasks to queue
[2024-10-16T10:26:45.662+0000] {logging_mixin.py:188} INFO - [2024-10-16T10:26:45.662+0000] {dagbag.py:540} INFO - Filling up the DagBag from /opt/airflow/dags/vehicle_data_scraping_pipeline.py
[2024-10-16T10:26:47.590+0000] {processor.py:840} INFO - DAG(s) 'Vehicle_Data_scrape_Pipeline' retrieved from /opt/airflow/dags/vehicle_data_scraping_pipeline.py
[2024-10-16T10:26:47.683+0000] {logging_mixin.py:188} INFO - [2024-10-16T10:26:47.683+0000] {dag.py:3047} INFO - Sync 1 DAGs
[2024-10-16T10:26:47.702+0000] {logging_mixin.py:188} INFO - [2024-10-16T10:26:47.702+0000] {dag.py:3834} INFO - Setting next_dagrun for Vehicle_Data_scrape_Pipeline to 2024-10-14 00:00:00+00:00, run_after=2024-10-15 00:00:00+00:00
[2024-10-16T10:26:47.791+0000] {processor.py:183} INFO - Processing /opt/airflow/dags/vehicle_data_scraping_pipeline.py took 2.134 seconds
[2024-10-16T10:27:18.234+0000] {processor.py:161} INFO - Started process (PID=4878) to work on /opt/airflow/dags/vehicle_data_scraping_pipeline.py
[2024-10-16T10:27:18.242+0000] {processor.py:830} INFO - Processing file /opt/airflow/dags/vehicle_data_scraping_pipeline.py for tasks to queue
[2024-10-16T10:27:18.243+0000] {logging_mixin.py:188} INFO - [2024-10-16T10:27:18.242+0000] {dagbag.py:540} INFO - Filling up the DagBag from /opt/airflow/dags/vehicle_data_scraping_pipeline.py
[2024-10-16T10:27:19.929+0000] {processor.py:840} INFO - DAG(s) 'Vehicle_Data_scrape_Pipeline' retrieved from /opt/airflow/dags/vehicle_data_scraping_pipeline.py
[2024-10-16T10:27:20.027+0000] {logging_mixin.py:188} INFO - [2024-10-16T10:27:20.026+0000] {dag.py:3047} INFO - Sync 1 DAGs
[2024-10-16T10:27:20.079+0000] {logging_mixin.py:188} INFO - [2024-10-16T10:27:20.079+0000] {dag.py:3834} INFO - Setting next_dagrun for Vehicle_Data_scrape_Pipeline to 2024-10-14 00:00:00+00:00, run_after=2024-10-15 00:00:00+00:00
[2024-10-16T10:27:20.157+0000] {processor.py:183} INFO - Processing /opt/airflow/dags/vehicle_data_scraping_pipeline.py took 1.925 seconds
[2024-10-16T10:27:50.643+0000] {processor.py:161} INFO - Started process (PID=4957) to work on /opt/airflow/dags/vehicle_data_scraping_pipeline.py
[2024-10-16T10:27:50.647+0000] {processor.py:830} INFO - Processing file /opt/airflow/dags/vehicle_data_scraping_pipeline.py for tasks to queue
[2024-10-16T10:27:50.655+0000] {logging_mixin.py:188} INFO - [2024-10-16T10:27:50.655+0000] {dagbag.py:540} INFO - Filling up the DagBag from /opt/airflow/dags/vehicle_data_scraping_pipeline.py
[2024-10-16T10:27:52.296+0000] {processor.py:840} INFO - DAG(s) 'Vehicle_Data_scrape_Pipeline' retrieved from /opt/airflow/dags/vehicle_data_scraping_pipeline.py
[2024-10-16T10:27:52.977+0000] {logging_mixin.py:188} INFO - [2024-10-16T10:27:52.976+0000] {dag.py:3047} INFO - Sync 1 DAGs
[2024-10-16T10:27:53.061+0000] {logging_mixin.py:188} INFO - [2024-10-16T10:27:53.061+0000] {dag.py:3834} INFO - Setting next_dagrun for Vehicle_Data_scrape_Pipeline to 2024-10-14 00:00:00+00:00, run_after=2024-10-15 00:00:00+00:00
[2024-10-16T10:27:53.179+0000] {processor.py:183} INFO - Processing /opt/airflow/dags/vehicle_data_scraping_pipeline.py took 2.539 seconds
[2024-10-16T10:28:24.245+0000] {processor.py:161} INFO - Started process (PID=5036) to work on /opt/airflow/dags/vehicle_data_scraping_pipeline.py
[2024-10-16T10:28:24.246+0000] {processor.py:830} INFO - Processing file /opt/airflow/dags/vehicle_data_scraping_pipeline.py for tasks to queue
[2024-10-16T10:28:24.247+0000] {logging_mixin.py:188} INFO - [2024-10-16T10:28:24.246+0000] {dagbag.py:540} INFO - Filling up the DagBag from /opt/airflow/dags/vehicle_data_scraping_pipeline.py
[2024-10-16T10:28:25.709+0000] {processor.py:840} INFO - DAG(s) 'Vehicle_Data_scrape_Pipeline' retrieved from /opt/airflow/dags/vehicle_data_scraping_pipeline.py
[2024-10-16T10:28:25.853+0000] {logging_mixin.py:188} INFO - [2024-10-16T10:28:25.853+0000] {dag.py:3047} INFO - Sync 1 DAGs
[2024-10-16T10:28:26.010+0000] {logging_mixin.py:188} INFO - [2024-10-16T10:28:26.010+0000] {dag.py:3834} INFO - Setting next_dagrun for Vehicle_Data_scrape_Pipeline to 2024-10-14 00:00:00+00:00, run_after=2024-10-15 00:00:00+00:00
[2024-10-16T10:28:26.075+0000] {processor.py:183} INFO - Processing /opt/airflow/dags/vehicle_data_scraping_pipeline.py took 1.833 seconds
[2024-10-16T10:28:56.599+0000] {processor.py:161} INFO - Started process (PID=5120) to work on /opt/airflow/dags/vehicle_data_scraping_pipeline.py
[2024-10-16T10:28:56.606+0000] {processor.py:830} INFO - Processing file /opt/airflow/dags/vehicle_data_scraping_pipeline.py for tasks to queue
[2024-10-16T10:28:56.609+0000] {logging_mixin.py:188} INFO - [2024-10-16T10:28:56.609+0000] {dagbag.py:540} INFO - Filling up the DagBag from /opt/airflow/dags/vehicle_data_scraping_pipeline.py
[2024-10-16T10:28:58.041+0000] {processor.py:840} INFO - DAG(s) 'Vehicle_Data_scrape_Pipeline' retrieved from /opt/airflow/dags/vehicle_data_scraping_pipeline.py
[2024-10-16T10:28:58.240+0000] {logging_mixin.py:188} INFO - [2024-10-16T10:28:58.240+0000] {dag.py:3047} INFO - Sync 1 DAGs
[2024-10-16T10:28:58.322+0000] {logging_mixin.py:188} INFO - [2024-10-16T10:28:58.322+0000] {dag.py:3834} INFO - Setting next_dagrun for Vehicle_Data_scrape_Pipeline to 2024-10-14 00:00:00+00:00, run_after=2024-10-15 00:00:00+00:00
[2024-10-16T10:28:58.444+0000] {processor.py:183} INFO - Processing /opt/airflow/dags/vehicle_data_scraping_pipeline.py took 1.848 seconds
[2024-10-16T10:29:29.470+0000] {processor.py:161} INFO - Started process (PID=5199) to work on /opt/airflow/dags/vehicle_data_scraping_pipeline.py
[2024-10-16T10:29:29.471+0000] {processor.py:830} INFO - Processing file /opt/airflow/dags/vehicle_data_scraping_pipeline.py for tasks to queue
[2024-10-16T10:29:29.472+0000] {logging_mixin.py:188} INFO - [2024-10-16T10:29:29.472+0000] {dagbag.py:540} INFO - Filling up the DagBag from /opt/airflow/dags/vehicle_data_scraping_pipeline.py
[2024-10-16T10:29:31.700+0000] {processor.py:840} INFO - DAG(s) 'Vehicle_Data_scrape_Pipeline' retrieved from /opt/airflow/dags/vehicle_data_scraping_pipeline.py
[2024-10-16T10:29:31.799+0000] {logging_mixin.py:188} INFO - [2024-10-16T10:29:31.798+0000] {dag.py:3047} INFO - Sync 1 DAGs
[2024-10-16T10:29:31.915+0000] {logging_mixin.py:188} INFO - [2024-10-16T10:29:31.915+0000] {dag.py:3834} INFO - Setting next_dagrun for Vehicle_Data_scrape_Pipeline to 2024-10-14 00:00:00+00:00, run_after=2024-10-15 00:00:00+00:00
[2024-10-16T10:29:31.988+0000] {processor.py:183} INFO - Processing /opt/airflow/dags/vehicle_data_scraping_pipeline.py took 2.520 seconds
[2024-10-16T10:30:02.488+0000] {processor.py:161} INFO - Started process (PID=5284) to work on /opt/airflow/dags/vehicle_data_scraping_pipeline.py
[2024-10-16T10:30:02.489+0000] {processor.py:830} INFO - Processing file /opt/airflow/dags/vehicle_data_scraping_pipeline.py for tasks to queue
[2024-10-16T10:30:02.490+0000] {logging_mixin.py:188} INFO - [2024-10-16T10:30:02.489+0000] {dagbag.py:540} INFO - Filling up the DagBag from /opt/airflow/dags/vehicle_data_scraping_pipeline.py
[2024-10-16T10:30:04.383+0000] {processor.py:840} INFO - DAG(s) 'Vehicle_Data_scrape_Pipeline' retrieved from /opt/airflow/dags/vehicle_data_scraping_pipeline.py
[2024-10-16T10:30:04.605+0000] {logging_mixin.py:188} INFO - [2024-10-16T10:30:04.605+0000] {dag.py:3047} INFO - Sync 1 DAGs
[2024-10-16T10:30:04.694+0000] {logging_mixin.py:188} INFO - [2024-10-16T10:30:04.694+0000] {dag.py:3834} INFO - Setting next_dagrun for Vehicle_Data_scrape_Pipeline to 2024-10-14 00:00:00+00:00, run_after=2024-10-15 00:00:00+00:00
[2024-10-16T10:30:04.807+0000] {processor.py:183} INFO - Processing /opt/airflow/dags/vehicle_data_scraping_pipeline.py took 2.321 seconds
[2024-10-16T10:30:35.680+0000] {processor.py:161} INFO - Started process (PID=5363) to work on /opt/airflow/dags/vehicle_data_scraping_pipeline.py
[2024-10-16T10:30:35.680+0000] {processor.py:830} INFO - Processing file /opt/airflow/dags/vehicle_data_scraping_pipeline.py for tasks to queue
[2024-10-16T10:30:35.681+0000] {logging_mixin.py:188} INFO - [2024-10-16T10:30:35.681+0000] {dagbag.py:540} INFO - Filling up the DagBag from /opt/airflow/dags/vehicle_data_scraping_pipeline.py
[2024-10-16T10:30:37.568+0000] {processor.py:840} INFO - DAG(s) 'Vehicle_Data_scrape_Pipeline' retrieved from /opt/airflow/dags/vehicle_data_scraping_pipeline.py
[2024-10-16T10:30:37.663+0000] {logging_mixin.py:188} INFO - [2024-10-16T10:30:37.663+0000] {dag.py:3047} INFO - Sync 1 DAGs
[2024-10-16T10:30:37.702+0000] {logging_mixin.py:188} INFO - [2024-10-16T10:30:37.701+0000] {dag.py:3834} INFO - Setting next_dagrun for Vehicle_Data_scrape_Pipeline to 2024-10-14 00:00:00+00:00, run_after=2024-10-15 00:00:00+00:00
[2024-10-16T10:30:37.806+0000] {processor.py:183} INFO - Processing /opt/airflow/dags/vehicle_data_scraping_pipeline.py took 2.129 seconds
[2024-10-16T10:31:07.960+0000] {processor.py:161} INFO - Started process (PID=5442) to work on /opt/airflow/dags/vehicle_data_scraping_pipeline.py
[2024-10-16T10:31:07.966+0000] {processor.py:830} INFO - Processing file /opt/airflow/dags/vehicle_data_scraping_pipeline.py for tasks to queue
[2024-10-16T10:31:07.968+0000] {logging_mixin.py:188} INFO - [2024-10-16T10:31:07.968+0000] {dagbag.py:540} INFO - Filling up the DagBag from /opt/airflow/dags/vehicle_data_scraping_pipeline.py
[2024-10-16T10:31:09.607+0000] {processor.py:840} INFO - DAG(s) 'Vehicle_Data_scrape_Pipeline' retrieved from /opt/airflow/dags/vehicle_data_scraping_pipeline.py
[2024-10-16T10:31:09.756+0000] {logging_mixin.py:188} INFO - [2024-10-16T10:31:09.755+0000] {dag.py:3047} INFO - Sync 1 DAGs
[2024-10-16T10:31:09.796+0000] {logging_mixin.py:188} INFO - [2024-10-16T10:31:09.795+0000] {dag.py:3834} INFO - Setting next_dagrun for Vehicle_Data_scrape_Pipeline to 2024-10-14 00:00:00+00:00, run_after=2024-10-15 00:00:00+00:00
[2024-10-16T10:31:10.402+0000] {processor.py:183} INFO - Processing /opt/airflow/dags/vehicle_data_scraping_pipeline.py took 2.446 seconds
[2024-10-16T10:31:40.760+0000] {processor.py:161} INFO - Started process (PID=5519) to work on /opt/airflow/dags/vehicle_data_scraping_pipeline.py
[2024-10-16T10:31:40.761+0000] {processor.py:830} INFO - Processing file /opt/airflow/dags/vehicle_data_scraping_pipeline.py for tasks to queue
[2024-10-16T10:31:40.762+0000] {logging_mixin.py:188} INFO - [2024-10-16T10:31:40.762+0000] {dagbag.py:540} INFO - Filling up the DagBag from /opt/airflow/dags/vehicle_data_scraping_pipeline.py
[2024-10-16T10:31:42.344+0000] {processor.py:840} INFO - DAG(s) 'Vehicle_Data_scrape_Pipeline' retrieved from /opt/airflow/dags/vehicle_data_scraping_pipeline.py
[2024-10-16T10:31:42.621+0000] {logging_mixin.py:188} INFO - [2024-10-16T10:31:42.620+0000] {dag.py:3047} INFO - Sync 1 DAGs
[2024-10-16T10:31:42.684+0000] {logging_mixin.py:188} INFO - [2024-10-16T10:31:42.683+0000] {dag.py:3834} INFO - Setting next_dagrun for Vehicle_Data_scrape_Pipeline to 2024-10-14 00:00:00+00:00, run_after=2024-10-15 00:00:00+00:00
[2024-10-16T10:31:42.764+0000] {processor.py:183} INFO - Processing /opt/airflow/dags/vehicle_data_scraping_pipeline.py took 2.006 seconds
[2024-10-16T10:32:14.268+0000] {processor.py:161} INFO - Started process (PID=5579) to work on /opt/airflow/dags/vehicle_data_scraping_pipeline.py
[2024-10-16T10:32:14.269+0000] {processor.py:830} INFO - Processing file /opt/airflow/dags/vehicle_data_scraping_pipeline.py for tasks to queue
[2024-10-16T10:32:14.269+0000] {logging_mixin.py:188} INFO - [2024-10-16T10:32:14.269+0000] {dagbag.py:540} INFO - Filling up the DagBag from /opt/airflow/dags/vehicle_data_scraping_pipeline.py
[2024-10-16T10:32:16.047+0000] {processor.py:840} INFO - DAG(s) 'Vehicle_Data_scrape_Pipeline' retrieved from /opt/airflow/dags/vehicle_data_scraping_pipeline.py
[2024-10-16T10:32:16.219+0000] {logging_mixin.py:188} INFO - [2024-10-16T10:32:16.219+0000] {dag.py:3047} INFO - Sync 1 DAGs
[2024-10-16T10:32:16.276+0000] {logging_mixin.py:188} INFO - [2024-10-16T10:32:16.275+0000] {dag.py:3834} INFO - Setting next_dagrun for Vehicle_Data_scrape_Pipeline to 2024-10-14 00:00:00+00:00, run_after=2024-10-15 00:00:00+00:00
[2024-10-16T10:32:16.308+0000] {processor.py:183} INFO - Processing /opt/airflow/dags/vehicle_data_scraping_pipeline.py took 2.043 seconds
[2024-10-16T10:32:48.051+0000] {processor.py:161} INFO - Started process (PID=5657) to work on /opt/airflow/dags/vehicle_data_scraping_pipeline.py
[2024-10-16T10:32:48.052+0000] {processor.py:830} INFO - Processing file /opt/airflow/dags/vehicle_data_scraping_pipeline.py for tasks to queue
[2024-10-16T10:32:48.056+0000] {logging_mixin.py:188} INFO - [2024-10-16T10:32:48.056+0000] {dagbag.py:540} INFO - Filling up the DagBag from /opt/airflow/dags/vehicle_data_scraping_pipeline.py
[2024-10-16T10:32:49.855+0000] {processor.py:840} INFO - DAG(s) 'Vehicle_Data_scrape_Pipeline' retrieved from /opt/airflow/dags/vehicle_data_scraping_pipeline.py
[2024-10-16T10:32:50.029+0000] {logging_mixin.py:188} INFO - [2024-10-16T10:32:50.028+0000] {dag.py:3047} INFO - Sync 1 DAGs
[2024-10-16T10:32:50.151+0000] {logging_mixin.py:188} INFO - [2024-10-16T10:32:50.151+0000] {dag.py:3834} INFO - Setting next_dagrun for Vehicle_Data_scrape_Pipeline to 2024-10-14 00:00:00+00:00, run_after=2024-10-15 00:00:00+00:00
[2024-10-16T10:32:50.232+0000] {processor.py:183} INFO - Processing /opt/airflow/dags/vehicle_data_scraping_pipeline.py took 2.183 seconds
[2024-10-16T10:33:20.614+0000] {processor.py:161} INFO - Started process (PID=5729) to work on /opt/airflow/dags/vehicle_data_scraping_pipeline.py
[2024-10-16T10:33:20.615+0000] {processor.py:830} INFO - Processing file /opt/airflow/dags/vehicle_data_scraping_pipeline.py for tasks to queue
[2024-10-16T10:33:20.616+0000] {logging_mixin.py:188} INFO - [2024-10-16T10:33:20.616+0000] {dagbag.py:540} INFO - Filling up the DagBag from /opt/airflow/dags/vehicle_data_scraping_pipeline.py
[2024-10-16T10:33:22.905+0000] {processor.py:840} INFO - DAG(s) 'Vehicle_Data_scrape_Pipeline' retrieved from /opt/airflow/dags/vehicle_data_scraping_pipeline.py
[2024-10-16T10:33:23.089+0000] {logging_mixin.py:188} INFO - [2024-10-16T10:33:23.088+0000] {dag.py:3047} INFO - Sync 1 DAGs
[2024-10-16T10:33:23.157+0000] {logging_mixin.py:188} INFO - [2024-10-16T10:33:23.157+0000] {dag.py:3834} INFO - Setting next_dagrun for Vehicle_Data_scrape_Pipeline to 2024-10-14 00:00:00+00:00, run_after=2024-10-15 00:00:00+00:00
[2024-10-16T10:33:23.238+0000] {processor.py:183} INFO - Processing /opt/airflow/dags/vehicle_data_scraping_pipeline.py took 2.627 seconds
[2024-10-16T10:33:53.621+0000] {processor.py:161} INFO - Started process (PID=5788) to work on /opt/airflow/dags/vehicle_data_scraping_pipeline.py
[2024-10-16T10:33:53.622+0000] {processor.py:830} INFO - Processing file /opt/airflow/dags/vehicle_data_scraping_pipeline.py for tasks to queue
[2024-10-16T10:33:53.623+0000] {logging_mixin.py:188} INFO - [2024-10-16T10:33:53.622+0000] {dagbag.py:540} INFO - Filling up the DagBag from /opt/airflow/dags/vehicle_data_scraping_pipeline.py
[2024-10-16T10:33:55.516+0000] {processor.py:840} INFO - DAG(s) 'Vehicle_Data_scrape_Pipeline' retrieved from /opt/airflow/dags/vehicle_data_scraping_pipeline.py
[2024-10-16T10:33:55.665+0000] {logging_mixin.py:188} INFO - [2024-10-16T10:33:55.664+0000] {dag.py:3047} INFO - Sync 1 DAGs
[2024-10-16T10:33:55.754+0000] {logging_mixin.py:188} INFO - [2024-10-16T10:33:55.753+0000] {dag.py:3834} INFO - Setting next_dagrun for Vehicle_Data_scrape_Pipeline to 2024-10-14 00:00:00+00:00, run_after=2024-10-15 00:00:00+00:00
[2024-10-16T10:33:55.810+0000] {processor.py:183} INFO - Processing /opt/airflow/dags/vehicle_data_scraping_pipeline.py took 2.191 seconds
[2024-10-16T10:34:26.289+0000] {processor.py:161} INFO - Started process (PID=5864) to work on /opt/airflow/dags/vehicle_data_scraping_pipeline.py
[2024-10-16T10:34:26.292+0000] {processor.py:830} INFO - Processing file /opt/airflow/dags/vehicle_data_scraping_pipeline.py for tasks to queue
[2024-10-16T10:34:26.295+0000] {logging_mixin.py:188} INFO - [2024-10-16T10:34:26.295+0000] {dagbag.py:540} INFO - Filling up the DagBag from /opt/airflow/dags/vehicle_data_scraping_pipeline.py
[2024-10-16T10:34:28.310+0000] {processor.py:840} INFO - DAG(s) 'Vehicle_Data_scrape_Pipeline' retrieved from /opt/airflow/dags/vehicle_data_scraping_pipeline.py
[2024-10-16T10:34:28.468+0000] {logging_mixin.py:188} INFO - [2024-10-16T10:34:28.467+0000] {dag.py:3047} INFO - Sync 1 DAGs
[2024-10-16T10:34:28.509+0000] {logging_mixin.py:188} INFO - [2024-10-16T10:34:28.508+0000] {dag.py:3834} INFO - Setting next_dagrun for Vehicle_Data_scrape_Pipeline to 2024-10-14 00:00:00+00:00, run_after=2024-10-15 00:00:00+00:00
[2024-10-16T10:34:28.623+0000] {processor.py:183} INFO - Processing /opt/airflow/dags/vehicle_data_scraping_pipeline.py took 2.337 seconds
[2024-10-16T10:34:59.169+0000] {processor.py:161} INFO - Started process (PID=5943) to work on /opt/airflow/dags/vehicle_data_scraping_pipeline.py
[2024-10-16T10:34:59.198+0000] {processor.py:830} INFO - Processing file /opt/airflow/dags/vehicle_data_scraping_pipeline.py for tasks to queue
[2024-10-16T10:34:59.210+0000] {logging_mixin.py:188} INFO - [2024-10-16T10:34:59.210+0000] {dagbag.py:540} INFO - Filling up the DagBag from /opt/airflow/dags/vehicle_data_scraping_pipeline.py
[2024-10-16T10:35:01.089+0000] {processor.py:840} INFO - DAG(s) 'Vehicle_Data_scrape_Pipeline' retrieved from /opt/airflow/dags/vehicle_data_scraping_pipeline.py
[2024-10-16T10:35:01.262+0000] {logging_mixin.py:188} INFO - [2024-10-16T10:35:01.261+0000] {dag.py:3047} INFO - Sync 1 DAGs
[2024-10-16T10:35:01.326+0000] {logging_mixin.py:188} INFO - [2024-10-16T10:35:01.326+0000] {dag.py:3834} INFO - Setting next_dagrun for Vehicle_Data_scrape_Pipeline to 2024-10-14 00:00:00+00:00, run_after=2024-10-15 00:00:00+00:00
[2024-10-16T10:35:01.373+0000] {processor.py:183} INFO - Processing /opt/airflow/dags/vehicle_data_scraping_pipeline.py took 2.207 seconds
[2024-10-16T10:35:32.120+0000] {processor.py:161} INFO - Started process (PID=6027) to work on /opt/airflow/dags/vehicle_data_scraping_pipeline.py
[2024-10-16T10:35:32.125+0000] {processor.py:830} INFO - Processing file /opt/airflow/dags/vehicle_data_scraping_pipeline.py for tasks to queue
[2024-10-16T10:35:32.128+0000] {logging_mixin.py:188} INFO - [2024-10-16T10:35:32.127+0000] {dagbag.py:540} INFO - Filling up the DagBag from /opt/airflow/dags/vehicle_data_scraping_pipeline.py
[2024-10-16T10:35:33.836+0000] {processor.py:840} INFO - DAG(s) 'Vehicle_Data_scrape_Pipeline' retrieved from /opt/airflow/dags/vehicle_data_scraping_pipeline.py
[2024-10-16T10:35:33.965+0000] {logging_mixin.py:188} INFO - [2024-10-16T10:35:33.964+0000] {dag.py:3047} INFO - Sync 1 DAGs
[2024-10-16T10:35:34.016+0000] {logging_mixin.py:188} INFO - [2024-10-16T10:35:34.015+0000] {dag.py:3834} INFO - Setting next_dagrun for Vehicle_Data_scrape_Pipeline to 2024-10-14 00:00:00+00:00, run_after=2024-10-15 00:00:00+00:00
[2024-10-16T10:35:34.095+0000] {processor.py:183} INFO - Processing /opt/airflow/dags/vehicle_data_scraping_pipeline.py took 1.978 seconds
[2024-10-16T10:36:04.543+0000] {processor.py:161} INFO - Started process (PID=6105) to work on /opt/airflow/dags/vehicle_data_scraping_pipeline.py
[2024-10-16T10:36:04.544+0000] {processor.py:830} INFO - Processing file /opt/airflow/dags/vehicle_data_scraping_pipeline.py for tasks to queue
[2024-10-16T10:36:04.544+0000] {logging_mixin.py:188} INFO - [2024-10-16T10:36:04.544+0000] {dagbag.py:540} INFO - Filling up the DagBag from /opt/airflow/dags/vehicle_data_scraping_pipeline.py
[2024-10-16T10:36:06.046+0000] {processor.py:840} INFO - DAG(s) 'Vehicle_Data_scrape_Pipeline' retrieved from /opt/airflow/dags/vehicle_data_scraping_pipeline.py
[2024-10-16T10:36:06.209+0000] {logging_mixin.py:188} INFO - [2024-10-16T10:36:06.209+0000] {dag.py:3047} INFO - Sync 1 DAGs
[2024-10-16T10:36:06.231+0000] {logging_mixin.py:188} INFO - [2024-10-16T10:36:06.230+0000] {dag.py:3834} INFO - Setting next_dagrun for Vehicle_Data_scrape_Pipeline to 2024-10-14 00:00:00+00:00, run_after=2024-10-15 00:00:00+00:00
[2024-10-16T10:36:06.757+0000] {processor.py:183} INFO - Processing /opt/airflow/dags/vehicle_data_scraping_pipeline.py took 2.216 seconds
[2024-10-16T10:36:37.378+0000] {processor.py:161} INFO - Started process (PID=6183) to work on /opt/airflow/dags/vehicle_data_scraping_pipeline.py
[2024-10-16T10:36:37.379+0000] {processor.py:830} INFO - Processing file /opt/airflow/dags/vehicle_data_scraping_pipeline.py for tasks to queue
[2024-10-16T10:36:37.379+0000] {logging_mixin.py:188} INFO - [2024-10-16T10:36:37.379+0000] {dagbag.py:540} INFO - Filling up the DagBag from /opt/airflow/dags/vehicle_data_scraping_pipeline.py
[2024-10-16T10:36:38.938+0000] {processor.py:840} INFO - DAG(s) 'Vehicle_Data_scrape_Pipeline' retrieved from /opt/airflow/dags/vehicle_data_scraping_pipeline.py
[2024-10-16T10:36:39.022+0000] {logging_mixin.py:188} INFO - [2024-10-16T10:36:39.022+0000] {dag.py:3047} INFO - Sync 1 DAGs
[2024-10-16T10:36:39.109+0000] {logging_mixin.py:188} INFO - [2024-10-16T10:36:39.109+0000] {dag.py:3834} INFO - Setting next_dagrun for Vehicle_Data_scrape_Pipeline to 2024-10-14 00:00:00+00:00, run_after=2024-10-15 00:00:00+00:00
[2024-10-16T10:36:39.211+0000] {processor.py:183} INFO - Processing /opt/airflow/dags/vehicle_data_scraping_pipeline.py took 1.836 seconds
[2024-10-16T10:37:09.900+0000] {processor.py:161} INFO - Started process (PID=6261) to work on /opt/airflow/dags/vehicle_data_scraping_pipeline.py
[2024-10-16T10:37:09.901+0000] {processor.py:830} INFO - Processing file /opt/airflow/dags/vehicle_data_scraping_pipeline.py for tasks to queue
[2024-10-16T10:37:09.903+0000] {logging_mixin.py:188} INFO - [2024-10-16T10:37:09.902+0000] {dagbag.py:540} INFO - Filling up the DagBag from /opt/airflow/dags/vehicle_data_scraping_pipeline.py
[2024-10-16T10:37:11.360+0000] {processor.py:840} INFO - DAG(s) 'Vehicle_Data_scrape_Pipeline' retrieved from /opt/airflow/dags/vehicle_data_scraping_pipeline.py
[2024-10-16T10:37:11.603+0000] {logging_mixin.py:188} INFO - [2024-10-16T10:37:11.602+0000] {dag.py:3047} INFO - Sync 1 DAGs
[2024-10-16T10:37:11.668+0000] {logging_mixin.py:188} INFO - [2024-10-16T10:37:11.668+0000] {dag.py:3834} INFO - Setting next_dagrun for Vehicle_Data_scrape_Pipeline to 2024-10-14 00:00:00+00:00, run_after=2024-10-15 00:00:00+00:00
[2024-10-16T10:37:11.744+0000] {processor.py:183} INFO - Processing /opt/airflow/dags/vehicle_data_scraping_pipeline.py took 1.846 seconds
[2024-10-16T10:37:42.271+0000] {processor.py:161} INFO - Started process (PID=6340) to work on /opt/airflow/dags/vehicle_data_scraping_pipeline.py
[2024-10-16T10:37:42.297+0000] {processor.py:830} INFO - Processing file /opt/airflow/dags/vehicle_data_scraping_pipeline.py for tasks to queue
[2024-10-16T10:37:42.301+0000] {logging_mixin.py:188} INFO - [2024-10-16T10:37:42.301+0000] {dagbag.py:540} INFO - Filling up the DagBag from /opt/airflow/dags/vehicle_data_scraping_pipeline.py
[2024-10-16T10:37:44.228+0000] {processor.py:840} INFO - DAG(s) 'Vehicle_Data_scrape_Pipeline' retrieved from /opt/airflow/dags/vehicle_data_scraping_pipeline.py
[2024-10-16T10:37:44.353+0000] {logging_mixin.py:188} INFO - [2024-10-16T10:37:44.353+0000] {dag.py:3047} INFO - Sync 1 DAGs
[2024-10-16T10:37:44.388+0000] {logging_mixin.py:188} INFO - [2024-10-16T10:37:44.388+0000] {dag.py:3834} INFO - Setting next_dagrun for Vehicle_Data_scrape_Pipeline to 2024-10-14 00:00:00+00:00, run_after=2024-10-15 00:00:00+00:00
[2024-10-16T10:37:44.507+0000] {processor.py:183} INFO - Processing /opt/airflow/dags/vehicle_data_scraping_pipeline.py took 2.240 seconds
[2024-10-16T10:38:15.107+0000] {processor.py:161} INFO - Started process (PID=6424) to work on /opt/airflow/dags/vehicle_data_scraping_pipeline.py
[2024-10-16T10:38:15.108+0000] {processor.py:830} INFO - Processing file /opt/airflow/dags/vehicle_data_scraping_pipeline.py for tasks to queue
[2024-10-16T10:38:15.109+0000] {logging_mixin.py:188} INFO - [2024-10-16T10:38:15.109+0000] {dagbag.py:540} INFO - Filling up the DagBag from /opt/airflow/dags/vehicle_data_scraping_pipeline.py
[2024-10-16T10:38:16.781+0000] {processor.py:840} INFO - DAG(s) 'Vehicle_Data_scrape_Pipeline' retrieved from /opt/airflow/dags/vehicle_data_scraping_pipeline.py
[2024-10-16T10:38:16.884+0000] {logging_mixin.py:188} INFO - [2024-10-16T10:38:16.883+0000] {dag.py:3047} INFO - Sync 1 DAGs
[2024-10-16T10:38:16.943+0000] {logging_mixin.py:188} INFO - [2024-10-16T10:38:16.943+0000] {dag.py:3834} INFO - Setting next_dagrun for Vehicle_Data_scrape_Pipeline to 2024-10-14 00:00:00+00:00, run_after=2024-10-15 00:00:00+00:00
[2024-10-16T10:38:17.008+0000] {processor.py:183} INFO - Processing /opt/airflow/dags/vehicle_data_scraping_pipeline.py took 1.903 seconds
[2024-10-16T10:38:47.581+0000] {processor.py:161} INFO - Started process (PID=6502) to work on /opt/airflow/dags/vehicle_data_scraping_pipeline.py
[2024-10-16T10:38:47.582+0000] {processor.py:830} INFO - Processing file /opt/airflow/dags/vehicle_data_scraping_pipeline.py for tasks to queue
[2024-10-16T10:38:47.583+0000] {logging_mixin.py:188} INFO - [2024-10-16T10:38:47.583+0000] {dagbag.py:540} INFO - Filling up the DagBag from /opt/airflow/dags/vehicle_data_scraping_pipeline.py
[2024-10-16T10:38:49.247+0000] {processor.py:840} INFO - DAG(s) 'Vehicle_Data_scrape_Pipeline' retrieved from /opt/airflow/dags/vehicle_data_scraping_pipeline.py
[2024-10-16T10:38:49.313+0000] {logging_mixin.py:188} INFO - [2024-10-16T10:38:49.313+0000] {dag.py:3047} INFO - Sync 1 DAGs
[2024-10-16T10:38:49.351+0000] {logging_mixin.py:188} INFO - [2024-10-16T10:38:49.351+0000] {dag.py:3834} INFO - Setting next_dagrun for Vehicle_Data_scrape_Pipeline to 2024-10-14 00:00:00+00:00, run_after=2024-10-15 00:00:00+00:00
[2024-10-16T10:38:49.568+0000] {processor.py:183} INFO - Processing /opt/airflow/dags/vehicle_data_scraping_pipeline.py took 1.990 seconds
[2024-10-16T10:39:20.103+0000] {processor.py:161} INFO - Started process (PID=6560) to work on /opt/airflow/dags/vehicle_data_scraping_pipeline.py
[2024-10-16T10:39:20.104+0000] {processor.py:830} INFO - Processing file /opt/airflow/dags/vehicle_data_scraping_pipeline.py for tasks to queue
[2024-10-16T10:39:20.105+0000] {logging_mixin.py:188} INFO - [2024-10-16T10:39:20.104+0000] {dagbag.py:540} INFO - Filling up the DagBag from /opt/airflow/dags/vehicle_data_scraping_pipeline.py
[2024-10-16T10:39:21.942+0000] {processor.py:840} INFO - DAG(s) 'Vehicle_Data_scrape_Pipeline' retrieved from /opt/airflow/dags/vehicle_data_scraping_pipeline.py
[2024-10-16T10:39:22.040+0000] {logging_mixin.py:188} INFO - [2024-10-16T10:39:22.039+0000] {dag.py:3047} INFO - Sync 1 DAGs
[2024-10-16T10:39:22.066+0000] {logging_mixin.py:188} INFO - [2024-10-16T10:39:22.066+0000] {dag.py:3834} INFO - Setting next_dagrun for Vehicle_Data_scrape_Pipeline to 2024-10-14 00:00:00+00:00, run_after=2024-10-15 00:00:00+00:00
[2024-10-16T10:39:22.129+0000] {processor.py:183} INFO - Processing /opt/airflow/dags/vehicle_data_scraping_pipeline.py took 2.029 seconds
