[2024-10-10T11:00:23.260+0000] {taskinstance.py:1979} INFO - Dependencies all met for dep_context=non-requeueable deps ti=<TaskInstance: Gold_training_Pipeline1.send_mails manual__2024-10-10T11:00:08.746707+00:00 [queued]>
[2024-10-10T11:00:23.266+0000] {taskinstance.py:1979} INFO - Dependencies all met for dep_context=requeueable deps ti=<TaskInstance: Gold_training_Pipeline1.send_mails manual__2024-10-10T11:00:08.746707+00:00 [queued]>
[2024-10-10T11:00:23.266+0000] {taskinstance.py:2193} INFO - Starting attempt 1 of 4
[2024-10-10T11:00:23.277+0000] {taskinstance.py:2217} INFO - Executing <Task(PythonOperator): send_mails> on 2024-10-10 11:00:08.746707+00:00
[2024-10-10T11:00:23.282+0000] {standard_task_runner.py:60} INFO - Started process 28419 to run task
[2024-10-10T11:00:23.285+0000] {standard_task_runner.py:87} INFO - Running: ['***', 'tasks', 'run', 'Gold_training_Pipeline1', 'send_mails', 'manual__2024-10-10T11:00:08.746707+00:00', '--job-id', '454', '--raw', '--subdir', 'DAGS_FOLDER/gold_training_pipeline.py', '--cfg-path', '/tmp/tmp093mbx3s']
[2024-10-10T11:00:23.285+0000] {standard_task_runner.py:88} INFO - Job 454: Subtask send_mails
[2024-10-10T11:00:23.312+0000] {task_command.py:423} INFO - Running <TaskInstance: Gold_training_Pipeline1.send_mails manual__2024-10-10T11:00:08.746707+00:00 [running]> on host 3c39c54b31c0
[2024-10-10T11:00:23.357+0000] {taskinstance.py:2513} INFO - Exporting env vars: AIRFLOW_CTX_DAG_OWNER='sdeshan' AIRFLOW_CTX_DAG_ID='Gold_training_Pipeline1' AIRFLOW_CTX_TASK_ID='send_mails' AIRFLOW_CTX_EXECUTION_DATE='2024-10-10T11:00:08.746707+00:00' AIRFLOW_CTX_TRY_NUMBER='1' AIRFLOW_CTX_DAG_RUN_ID='manual__2024-10-10T11:00:08.746707+00:00'
[2024-10-10T11:00:23.378+0000] {logging_mixin.py:188} WARNING - /home/***/.local/lib/python3.8/site-packages/***/utils/email.py:154 RemovedInAirflow3Warning: Fetching SMTP credentials from configuration variables will be deprecated in a future release. Please set credentials using a connection instead.
[2024-10-10T11:00:23.378+0000] {email.py:270} INFO - Email alerting: attempt 1
[2024-10-10T11:00:25.116+0000] {email.py:281} INFO - Sent an alert email to ['shalika.ariyarathna@cdbnet.lk']
[2024-10-10T11:00:28.322+0000] {logging_mixin.py:188} INFO - Email sent successfully!
[2024-10-10T11:00:28.323+0000] {python.py:202} INFO - Done. Returned value was: None
[2024-10-10T11:00:28.329+0000] {taskinstance.py:1149} INFO - Marking task as SUCCESS. dag_id=Gold_training_Pipeline1, task_id=send_mails, execution_date=20241010T110008, start_date=20241010T110023, end_date=20241010T110028
[2024-10-10T11:00:28.331+0000] {logging_mixin.py:188} WARNING - /home/***/.local/lib/python3.8/site-packages/***/utils/context.py:207 AirflowContextDeprecationWarning: Accessing 'execution_date' from the template is deprecated and will be removed in a future version. Please use 'data_interval_start' or 'logical_date' instead.
[2024-10-10T11:00:28.334+0000] {email.py:270} INFO - Email alerting: attempt 1
[2024-10-10T11:00:30.181+0000] {email.py:281} INFO - Sent an alert email to ['deshanariyarathna@gmail.com']
[2024-10-10T11:00:32.127+0000] {local_task_job_runner.py:234} INFO - Task exited with return code 0
[2024-10-10T11:00:32.136+0000] {taskinstance.py:3312} INFO - 0 downstream tasks scheduled from follow-on schedule check
