[2024-10-21T04:29:39.566+0000] {taskinstance.py:1979} INFO - Dependencies all met for dep_context=non-requeueable deps ti=<TaskInstance: Gold_training_Pipeline.model_training scheduled__2024-10-17T00:00:00+00:00 [queued]>
[2024-10-21T04:29:39.587+0000] {taskinstance.py:1979} INFO - Dependencies all met for dep_context=requeueable deps ti=<TaskInstance: Gold_training_Pipeline.model_training scheduled__2024-10-17T00:00:00+00:00 [queued]>
[2024-10-21T04:29:39.589+0000] {taskinstance.py:2193} INFO - Starting attempt 1 of 4
[2024-10-21T04:29:40.142+0000] {taskinstance.py:2217} INFO - Executing <Task(PythonOperator): model_training> on 2024-10-17 00:00:00+00:00
[2024-10-21T04:29:40.169+0000] {standard_task_runner.py:60} INFO - Started process 830 to run task
[2024-10-21T04:29:40.175+0000] {standard_task_runner.py:87} INFO - Running: ['***', 'tasks', 'run', 'Gold_training_Pipeline', 'model_training', 'scheduled__2024-10-17T00:00:00+00:00', '--job-id', '98', '--raw', '--subdir', 'DAGS_FOLDER/gold_training_pipeline.py', '--cfg-path', '/tmp/tmpbncen_t9']
[2024-10-21T04:29:40.182+0000] {standard_task_runner.py:88} INFO - Job 98: Subtask model_training
[2024-10-21T04:29:40.303+0000] {task_command.py:423} INFO - Running <TaskInstance: Gold_training_Pipeline.model_training scheduled__2024-10-17T00:00:00+00:00 [running]> on host e58a92ba783e
[2024-10-21T04:29:40.544+0000] {taskinstance.py:2513} INFO - Exporting env vars: AIRFLOW_CTX_DAG_OWNER='sdeshan' AIRFLOW_CTX_DAG_ID='Gold_training_Pipeline' AIRFLOW_CTX_TASK_ID='model_training' AIRFLOW_CTX_EXECUTION_DATE='2024-10-17T00:00:00+00:00' AIRFLOW_CTX_TRY_NUMBER='1' AIRFLOW_CTX_DAG_RUN_ID='scheduled__2024-10-17T00:00:00+00:00'
[2024-10-21T04:29:41.098+0000] {filesystem.py:118} DEBUG - input tempfile: /tmp/tmpx7zcf720/6dkqd80t.json
[2024-10-21T04:29:41.496+0000] {filesystem.py:118} DEBUG - input tempfile: /tmp/tmpx7zcf720/f5s0nk53.json
[2024-10-21T04:29:41.501+0000] {model.py:2042} DEBUG - idx 0
[2024-10-21T04:29:41.503+0000] {model.py:2043} DEBUG - running CmdStan, num_threads: None
[2024-10-21T04:29:41.506+0000] {model.py:2055} DEBUG - CmdStan args: ['/home/***/.local/lib/python3.8/site-packages/prophet/stan_model/prophet_model.bin', 'random', 'seed=73674', 'data', 'file=/tmp/tmpx7zcf720/6dkqd80t.json', 'init=/tmp/tmpx7zcf720/f5s0nk53.json', 'output', 'file=/tmp/tmpx7zcf720/prophet_model476u57q8/prophet_model-20241021042941.csv', 'method=optimize', 'algorithm=lbfgs', 'iter=10000']
[2024-10-21T04:29:41.509+0000] {logging_mixin.py:188} WARNING - 04:29:41 - cmdstanpy - INFO - Chain [1] start processing
[2024-10-21T04:29:41.508+0000] {model.py:2058} INFO - Chain [1] start processing
[2024-10-21T04:29:50.842+0000] {logging_mixin.py:188} WARNING - 04:29:50 - cmdstanpy - INFO - Chain [1] done processing
[2024-10-21T04:29:50.842+0000] {model.py:2115} INFO - Chain [1] done processing
[2024-10-21T04:29:53.350+0000] {logging_mixin.py:188} INFO - Fitting 3 folds for each of 1 candidates, totalling 3 fits
[2024-10-21T04:34:13.257+0000] {local_task_job_runner.py:302} WARNING - State of this instance has been externally set to failed. Terminating instance.
[2024-10-21T04:34:13.363+0000] {process_utils.py:131} INFO - Sending 15 to group 830. PIDs of all processes in the group: [830]
[2024-10-21T04:34:13.366+0000] {process_utils.py:86} INFO - Sending the signal 15 to group 830
[2024-10-21T04:34:18.574+0000] {taskinstance.py:2483} ERROR - Received SIGTERM. Terminating subprocesses.
[2024-10-21T04:34:18.701+0000] {logging_mixin.py:188} INFO - [CV] END learning_rate=0.001, max_depth=10, min_child_weight=1, n_estimators=500; total time= 4.4min
[2024-10-21T04:35:13.382+0000] {process_utils.py:149} WARNING - process psutil.Process(pid=830, name='airflow task ru', status='sleeping', started='04:29:39') did not respond to SIGTERM. Trying SIGKILL
[2024-10-21T04:35:13.391+0000] {process_utils.py:86} INFO - Sending the signal 9 to group 830
[2024-10-21T04:35:13.613+0000] {process_utils.py:79} INFO - Process psutil.Process(pid=830, name='airflow task ru', status='terminated', exitcode=<Negsignal.SIGKILL: -9>, started='04:29:39') (830) terminated with exit code -9
[2024-10-21T04:35:13.614+0000] {standard_task_runner.py:175} ERROR - Job 98 was killed before it finished (likely due to running out of memory)
