[2024-10-16T10:01:58.344+0000] {taskinstance.py:1979} INFO - Dependencies all met for dep_context=non-requeueable deps ti=<TaskInstance: Gold_training_Pipeline.model_training manual__2024-10-16T10:01:07.194307+00:00 [queued]>
[2024-10-16T10:01:58.414+0000] {taskinstance.py:1979} INFO - Dependencies all met for dep_context=requeueable deps ti=<TaskInstance: Gold_training_Pipeline.model_training manual__2024-10-16T10:01:07.194307+00:00 [queued]>
[2024-10-16T10:01:58.421+0000] {taskinstance.py:2193} INFO - Starting attempt 1 of 4
[2024-10-16T10:01:58.648+0000] {taskinstance.py:2217} INFO - Executing <Task(PythonOperator): model_training> on 2024-10-16 10:01:07.194307+00:00
[2024-10-16T10:01:58.671+0000] {standard_task_runner.py:60} INFO - Started process 1296 to run task
[2024-10-16T10:01:58.732+0000] {standard_task_runner.py:87} INFO - Running: ['***', 'tasks', 'run', 'Gold_training_Pipeline', 'model_training', 'manual__2024-10-16T10:01:07.194307+00:00', '--job-id', '74', '--raw', '--subdir', 'DAGS_FOLDER/gold_training_pipeline.py', '--cfg-path', '/tmp/tmpl97ylfbc']
[2024-10-16T10:01:58.786+0000] {standard_task_runner.py:88} INFO - Job 74: Subtask model_training
[2024-10-16T10:01:58.984+0000] {task_command.py:423} INFO - Running <TaskInstance: Gold_training_Pipeline.model_training manual__2024-10-16T10:01:07.194307+00:00 [running]> on host 3ef26dc59d0b
[2024-10-16T10:01:59.148+0000] {taskinstance.py:2513} INFO - Exporting env vars: AIRFLOW_CTX_DAG_OWNER='sdeshan' AIRFLOW_CTX_DAG_ID='Gold_training_Pipeline' AIRFLOW_CTX_TASK_ID='model_training' AIRFLOW_CTX_EXECUTION_DATE='2024-10-16T10:01:07.194307+00:00' AIRFLOW_CTX_TRY_NUMBER='1' AIRFLOW_CTX_DAG_RUN_ID='manual__2024-10-16T10:01:07.194307+00:00'
[2024-10-16T10:01:59.772+0000] {filesystem.py:118} DEBUG - input tempfile: /tmp/tmpsp5k_k68/nll9b7hm.json
[2024-10-16T10:02:01.174+0000] {filesystem.py:118} DEBUG - input tempfile: /tmp/tmpsp5k_k68/5thg3ldl.json
[2024-10-16T10:02:01.176+0000] {model.py:2042} DEBUG - idx 0
[2024-10-16T10:02:01.178+0000] {model.py:2043} DEBUG - running CmdStan, num_threads: None
[2024-10-16T10:02:01.178+0000] {model.py:2055} DEBUG - CmdStan args: ['/home/***/.local/lib/python3.8/site-packages/prophet/stan_model/prophet_model.bin', 'random', 'seed=41744', 'data', 'file=/tmp/tmpsp5k_k68/nll9b7hm.json', 'init=/tmp/tmpsp5k_k68/5thg3ldl.json', 'output', 'file=/tmp/tmpsp5k_k68/prophet_modelv9gne6wm/prophet_model-20241016100201.csv', 'method=optimize', 'algorithm=lbfgs', 'iter=10000']
[2024-10-16T10:02:01.179+0000] {logging_mixin.py:188} WARNING - 10:02:01 - cmdstanpy - INFO - Chain [1] start processing
[2024-10-16T10:02:01.179+0000] {model.py:2058} INFO - Chain [1] start processing
[2024-10-16T10:02:19.818+0000] {logging_mixin.py:188} WARNING - 10:02:19 - cmdstanpy - INFO - Chain [1] done processing
[2024-10-16T10:02:19.817+0000] {model.py:2115} INFO - Chain [1] done processing
[2024-10-16T10:02:26.998+0000] {logging_mixin.py:188} INFO - Fitting 3 folds for each of 1 candidates, totalling 3 fits
[2024-10-16T10:39:42.909+0000] {local_task_job_runner.py:121} ERROR - Received SIGTERM. Terminating subprocesses
[2024-10-16T10:39:43.042+0000] {process_utils.py:131} INFO - Sending 15 to group 1296. PIDs of all processes in the group: [1296]
[2024-10-16T10:39:43.146+0000] {process_utils.py:86} INFO - Sending the signal 15 to group 1296
