[2024-08-28T07:07:18.818+0000] {taskinstance.py:1979} INFO - Dependencies all met for dep_context=non-requeueable deps ti=<TaskInstance: Vehicle_Model_Training_Pipeline.model_training_suzuki manual__2024-08-28T06:59:54.492894+00:00 [queued]>
[2024-08-28T07:07:18.825+0000] {taskinstance.py:1979} INFO - Dependencies all met for dep_context=requeueable deps ti=<TaskInstance: Vehicle_Model_Training_Pipeline.model_training_suzuki manual__2024-08-28T06:59:54.492894+00:00 [queued]>
[2024-08-28T07:07:18.826+0000] {taskinstance.py:2193} INFO - Starting attempt 1 of 4
[2024-08-28T07:07:18.836+0000] {taskinstance.py:2217} INFO - Executing <Task(PythonOperator): model_training_suzuki> on 2024-08-28 06:59:54.492894+00:00
[2024-08-28T07:07:18.844+0000] {standard_task_runner.py:60} INFO - Started process 7674 to run task
[2024-08-28T07:07:18.847+0000] {standard_task_runner.py:87} INFO - Running: ['***', 'tasks', 'run', 'Vehicle_Model_Training_Pipeline', 'model_training_suzuki', 'manual__2024-08-28T06:59:54.492894+00:00', '--job-id', '297', '--raw', '--subdir', 'DAGS_FOLDER/vehicle_model_training_pipeline.py', '--cfg-path', '/tmp/tmpflrsras2']
[2024-08-28T07:07:18.849+0000] {standard_task_runner.py:88} INFO - Job 297: Subtask model_training_suzuki
[2024-08-28T07:07:18.886+0000] {task_command.py:423} INFO - Running <TaskInstance: Vehicle_Model_Training_Pipeline.model_training_suzuki manual__2024-08-28T06:59:54.492894+00:00 [running]> on host 6d604cf72944
[2024-08-28T07:07:19.018+0000] {taskinstance.py:2513} INFO - Exporting env vars: AIRFLOW_CTX_DAG_OWNER='sdeshan' AIRFLOW_CTX_DAG_ID='Vehicle_Model_Training_Pipeline' AIRFLOW_CTX_TASK_ID='model_training_suzuki' AIRFLOW_CTX_EXECUTION_DATE='2024-08-28T06:59:54.492894+00:00' AIRFLOW_CTX_TRY_NUMBER='1' AIRFLOW_CTX_DAG_RUN_ID='manual__2024-08-28T06:59:54.492894+00:00'
[2024-08-28T07:07:19.090+0000] {logging_mixin.py:188} INFO - RandomForestRegressor()
[2024-08-28T07:07:24.971+0000] {logging_mixin.py:188} INFO - DecisionTreeRegressor()
[2024-08-28T07:07:26.796+0000] {logging_mixin.py:188} INFO - GradientBoostingRegressor()
[2024-08-28T07:08:33.581+0000] {logging_mixin.py:188} INFO - LinearRegression()
[2024-08-28T07:08:33.656+0000] {logging_mixin.py:188} INFO - XGBRegressor(base_score=None, booster=None, callbacks=None,
             colsample_bylevel=None, colsample_bynode=None,
             colsample_bytree=None, device=None, early_stopping_rounds=None,
             enable_categorical=False, eval_metric=None, feature_types=None,
             gamma=None, grow_policy=None, importance_type=None,
             interaction_constraints=None, learning_rate=None, max_bin=None,
             max_cat_threshold=None, max_cat_to_onehot=None,
             max_delta_step=None, max_depth=None, max_leaves=None,
             min_child_weight=None, missing=nan, monotone_constraints=None,
             multi_strategy=None, n_estimators=None, n_jobs=None,
             num_parallel_tree=None, random_state=None, ...)
[2024-08-28T07:08:42.982+0000] {logging_mixin.py:188} INFO - <catboost.core.CatBoostRegressor object at 0x7ff89fb4ca30>
[2024-08-28T07:08:58.955+0000] {logging_mixin.py:188} INFO - AdaBoostRegressor()
[2024-08-28T07:09:22.481+0000] {logging_mixin.py:188} INFO - model report is {'Random Forest': 0.9920494658286648, 'Decision Tree': 0.9920500648217588, 'Gradient Boosting': 0.988615475499819, 'Linear Regression': 0.9369442081661691, 'XGBRegressor': 0.9920207689910759, 'CatBoosting Regressor': 0.9908554661272383, 'AdaBoost Regressor': 0.9155879489076263}
[2024-08-28T07:09:22.483+0000] {logging_mixin.py:188} INFO - best model is :DecisionTreeRegressor()
[2024-08-28T07:09:22.484+0000] {logging_mixin.py:188} INFO - criterion ['squared_error', 'friedman_mse', 'absolute_error', 'poisson']
[2024-08-28T07:09:22.485+0000] {logging_mixin.py:188} INFO - Best found model on both training and testing dataset
[2024-08-28T07:09:22.487+0000] {logging_mixin.py:188} INFO - r2_square is 0.9920500648217588
[2024-08-28T07:09:22.493+0000] {python.py:202} INFO - Done. Returned value was: None
[2024-08-28T07:09:22.501+0000] {taskinstance.py:1149} INFO - Marking task as SUCCESS. dag_id=Vehicle_Model_Training_Pipeline, task_id=model_training_suzuki, execution_date=20240828T065954, start_date=20240828T070718, end_date=20240828T070922
[2024-08-28T07:09:22.506+0000] {logging_mixin.py:188} WARNING - /home/***/.local/lib/python3.8/site-packages/***/utils/context.py:207 AirflowContextDeprecationWarning: Accessing 'execution_date' from the template is deprecated and will be removed in a future version. Please use 'data_interval_start' or 'logical_date' instead.
[2024-08-28T07:09:22.516+0000] {logging_mixin.py:188} WARNING - /home/***/.local/lib/python3.8/site-packages/***/utils/email.py:154 RemovedInAirflow3Warning: Fetching SMTP credentials from configuration variables will be deprecated in a future release. Please set credentials using a connection instead.
[2024-08-28T07:09:22.517+0000] {email.py:270} INFO - Email alerting: attempt 1
[2024-08-28T07:09:24.769+0000] {email.py:281} INFO - Sent an alert email to ['deshanariyarathna@gmail.com']
[2024-08-28T07:09:26.771+0000] {local_task_job_runner.py:234} INFO - Task exited with return code 0
[2024-08-28T07:09:26.790+0000] {taskinstance.py:3312} INFO - 1 downstream tasks scheduled from follow-on schedule check
