[2024-08-23T04:25:00.145+0000] {taskinstance.py:1979} INFO - Dependencies all met for dep_context=non-requeueable deps ti=<TaskInstance: Vehicle_Data_scrape_Pipeline_3.scrape_post_links scheduled__2024-08-22T00:00:00+00:00 [queued]>
[2024-08-23T04:25:00.155+0000] {taskinstance.py:1979} INFO - Dependencies all met for dep_context=requeueable deps ti=<TaskInstance: Vehicle_Data_scrape_Pipeline_3.scrape_post_links scheduled__2024-08-22T00:00:00+00:00 [queued]>
[2024-08-23T04:25:00.158+0000] {taskinstance.py:2193} INFO - Starting attempt 1 of 4
[2024-08-23T04:25:00.174+0000] {taskinstance.py:2217} INFO - Executing <Task(PythonOperator): scrape_post_links> on 2024-08-22 00:00:00+00:00
[2024-08-23T04:25:00.178+0000] {standard_task_runner.py:60} INFO - Started process 264 to run task
[2024-08-23T04:25:00.181+0000] {standard_task_runner.py:87} INFO - Running: ['***', 'tasks', 'run', 'Vehicle_Data_scrape_Pipeline_3', 'scrape_post_links', 'scheduled__2024-08-22T00:00:00+00:00', '--job-id', '129', '--raw', '--subdir', 'DAGS_FOLDER/vehicle_data_scraping_pipeline.py', '--cfg-path', '/tmp/tmpurn8zfpa']
[2024-08-23T04:25:00.184+0000] {standard_task_runner.py:88} INFO - Job 129: Subtask scrape_post_links
[2024-08-23T04:25:00.229+0000] {task_command.py:423} INFO - Running <TaskInstance: Vehicle_Data_scrape_Pipeline_3.scrape_post_links scheduled__2024-08-22T00:00:00+00:00 [running]> on host bebe3cff9645
[2024-08-23T04:25:00.429+0000] {taskinstance.py:2513} INFO - Exporting env vars: AIRFLOW_CTX_DAG_OWNER='sdeshan' AIRFLOW_CTX_DAG_ID='Vehicle_Data_scrape_Pipeline_3' AIRFLOW_CTX_TASK_ID='scrape_post_links' AIRFLOW_CTX_EXECUTION_DATE='2024-08-22T00:00:00+00:00' AIRFLOW_CTX_TRY_NUMBER='1' AIRFLOW_CTX_DAG_RUN_ID='scheduled__2024-08-22T00:00:00+00:00'
[2024-08-23T04:25:02.355+0000] {logging_mixin.py:188} WARNING -   0%|          | 0/3 [00:00<?, ?it/s]
[2024-08-23T04:25:02.356+0000] {logging_mixin.py:188} INFO - -------------------------------------------
[2024-08-23T04:25:02.358+0000] {logging_mixin.py:188} INFO - https://ikman.lk/en/ad/micro-panda-automatic-2018-for-sale-gampaha-6
[2024-08-23T04:25:02.359+0000] {logging_mixin.py:188} INFO - -------------------------------------------
[2024-08-23T04:25:02.360+0000] {logging_mixin.py:188} INFO - -------------------------------------------
[2024-08-23T04:25:02.362+0000] {logging_mixin.py:188} INFO - https://ikman.lk/en/ad/micro-voleex-2013-for-sale-colombo-10
[2024-08-23T04:25:02.363+0000] {logging_mixin.py:188} INFO - -------------------------------------------
[2024-08-23T04:25:02.364+0000] {logging_mixin.py:188} INFO - -------------------------------------------
[2024-08-23T04:25:02.365+0000] {logging_mixin.py:188} INFO - https://ikman.lk/en/ad/baic-x-25-2017-for-sale-colombo
[2024-08-23T04:25:02.366+0000] {logging_mixin.py:188} INFO - -------------------------------------------
[2024-08-23T04:25:02.367+0000] {logging_mixin.py:188} WARNING - 100%|##########| 3/3 [00:00<00:00, 273.91it/s]
[2024-08-23T04:25:04.657+0000] {logging_mixin.py:188} INFO - page is no content-----------------
[2024-08-23T04:25:06.798+0000] {logging_mixin.py:188} WARNING -   0%|          | 0/10 [00:00<?, ?it/s]
[2024-08-23T04:25:06.804+0000] {logging_mixin.py:188} INFO - -------------------------------------------
[2024-08-23T04:25:06.809+0000] {logging_mixin.py:188} INFO - https://ikman.lk/en/ad/micro-kyron-jeep-2008-for-sale-gampaha
[2024-08-23T04:25:06.810+0000] {logging_mixin.py:188} INFO - -------------------------------------------
[2024-08-23T04:25:06.817+0000] {logging_mixin.py:188} INFO - -------------------------------------------
[2024-08-23T04:25:06.818+0000] {logging_mixin.py:188} INFO - https://ikman.lk/en/ad/micro-kyron-200-xdi-full-option-2012-for-sale-colombo
[2024-08-23T04:25:06.819+0000] {logging_mixin.py:188} INFO - -------------------------------------------
[2024-08-23T04:25:06.820+0000] {logging_mixin.py:188} INFO - -------------------------------------------
[2024-08-23T04:25:06.821+0000] {logging_mixin.py:188} INFO - https://ikman.lk/en/ad/micro-kyron-2009-for-sale-colombo-324
[2024-08-23T04:25:06.831+0000] {logging_mixin.py:188} INFO - -------------------------------------------
[2024-08-23T04:25:06.833+0000] {logging_mixin.py:188} INFO - -------------------------------------------
[2024-08-23T04:25:06.836+0000] {logging_mixin.py:188} INFO - https://ikman.lk/en/ad/micro-rexton-2009-for-sale-colombo-99
[2024-08-23T04:25:06.837+0000] {logging_mixin.py:188} INFO - -------------------------------------------
[2024-08-23T04:25:06.839+0000] {logging_mixin.py:188} INFO - -------------------------------------------
[2024-08-23T04:25:06.840+0000] {logging_mixin.py:188} INFO - https://ikman.lk/en/ad/micro-rexton-2016-for-sale-colombo-5
[2024-08-23T04:25:06.841+0000] {logging_mixin.py:188} INFO - -------------------------------------------
[2024-08-23T04:25:06.842+0000] {logging_mixin.py:188} INFO - -------------------------------------------
[2024-08-23T04:25:06.845+0000] {logging_mixin.py:188} INFO - https://ikman.lk/en/ad/micro-rexton-2l-2014-for-sale-colombo
[2024-08-23T04:25:06.846+0000] {logging_mixin.py:188} INFO - -------------------------------------------
[2024-08-23T04:25:06.847+0000] {logging_mixin.py:188} INFO - -------------------------------------------
[2024-08-23T04:25:06.848+0000] {logging_mixin.py:188} INFO - https://ikman.lk/en/ad/micro-kyron-2009-for-sale-colombo-322
[2024-08-23T04:25:06.849+0000] {logging_mixin.py:188} INFO - -------------------------------------------
[2024-08-23T04:25:06.853+0000] {logging_mixin.py:188} INFO - -------------------------------------------
[2024-08-23T04:25:06.854+0000] {logging_mixin.py:188} INFO - https://ikman.lk/en/ad/micro-rexton-fully-loaded-2016-for-sale-colombo
[2024-08-23T04:25:06.855+0000] {logging_mixin.py:188} INFO - -------------------------------------------
[2024-08-23T04:25:06.856+0000] {logging_mixin.py:188} INFO - -------------------------------------------
[2024-08-23T04:25:06.856+0000] {logging_mixin.py:188} INFO - https://ikman.lk/en/ad/micro-rexton-w-fully-loded-2015-for-sale-gampaha
[2024-08-23T04:25:06.857+0000] {logging_mixin.py:188} INFO - -------------------------------------------
[2024-08-23T04:25:06.858+0000] {logging_mixin.py:188} INFO - -------------------------------------------
[2024-08-23T04:25:06.859+0000] {logging_mixin.py:188} INFO - https://ikman.lk/en/ad/micro-actyon-2008-for-sale-gampaha-3
[2024-08-23T04:25:06.859+0000] {logging_mixin.py:188} INFO - -------------------------------------------
[2024-08-23T04:25:06.860+0000] {logging_mixin.py:188} WARNING - 100%|##########| 10/10 [00:00<00:00, 179.38it/s]
[2024-08-23T04:25:08.900+0000] {logging_mixin.py:188} INFO - page is no content-----------------
[2024-08-23T04:25:19.471+0000] {logging_mixin.py:188} INFO - page is no content-----------------
[2024-08-23T04:25:25.386+0000] {logging_mixin.py:188} INFO - page is no content-----------------
[2024-08-23T04:25:39.878+0000] {logging_mixin.py:188} WARNING -   0%|          | 0/24 [00:00<?, ?it/s]
[2024-08-23T04:25:39.879+0000] {logging_mixin.py:188} INFO - -------------------------------------------
[2024-08-23T04:25:39.884+0000] {logging_mixin.py:188} INFO - https://ikman.lk/en/ad/micro-trend-2009-for-sale-gampaha-79
[2024-08-23T04:25:39.886+0000] {logging_mixin.py:188} INFO - -------------------------------------------
[2024-08-23T04:25:39.887+0000] {logging_mixin.py:188} INFO - -------------------------------------------
[2024-08-23T04:25:39.889+0000] {logging_mixin.py:188} INFO - https://ikman.lk/en/ad/micro-mx-7-2012-for-sale-colombo-34
[2024-08-23T04:25:39.890+0000] {logging_mixin.py:188} INFO - -------------------------------------------
[2024-08-23T04:25:39.891+0000] {logging_mixin.py:188} INFO - -------------------------------------------
[2024-08-23T04:25:39.893+0000] {logging_mixin.py:188} INFO - https://ikman.lk/en/ad/micro-panda-2017-for-sale-colombo-300
[2024-08-23T04:25:39.894+0000] {logging_mixin.py:188} INFO - -------------------------------------------
[2024-08-23T04:25:39.895+0000] {logging_mixin.py:188} INFO - -------------------------------------------
[2024-08-23T04:25:39.896+0000] {logging_mixin.py:188} INFO - https://ikman.lk/en/ad/micro-mx-mark-11-2013-for-sale-colombo
[2024-08-23T04:25:39.898+0000] {logging_mixin.py:188} INFO - -------------------------------------------
[2024-08-23T04:25:39.901+0000] {logging_mixin.py:188} INFO - -------------------------------------------
[2024-08-23T04:25:39.902+0000] {logging_mixin.py:188} INFO - https://ikman.lk/en/ad/micro-trend-2012-for-sale-galle-27
[2024-08-23T04:25:39.903+0000] {logging_mixin.py:188} INFO - -------------------------------------------
[2024-08-23T04:25:39.905+0000] {logging_mixin.py:188} INFO - -------------------------------------------
[2024-08-23T04:25:39.913+0000] {logging_mixin.py:188} INFO - https://ikman.lk/en/ad/micro-panda-lc-10-2018-for-sale-anuradhapura
[2024-08-23T04:25:39.916+0000] {logging_mixin.py:188} INFO - -------------------------------------------
[2024-08-23T04:25:39.918+0000] {logging_mixin.py:188} INFO - -------------------------------------------
[2024-08-23T04:25:39.918+0000] {logging_mixin.py:188} INFO - https://ikman.lk/en/ad/micro-lifan-lefan-2009-for-sale-colombo
[2024-08-23T04:25:39.922+0000] {logging_mixin.py:188} INFO - -------------------------------------------
[2024-08-23T04:25:39.923+0000] {logging_mixin.py:188} INFO - -------------------------------------------
[2024-08-23T04:25:39.924+0000] {logging_mixin.py:188} INFO - https://ikman.lk/en/ad/micro-panda-10-2013-for-sale-kalutara-1
[2024-08-23T04:25:39.925+0000] {logging_mixin.py:188} INFO - -------------------------------------------
[2024-08-23T04:25:39.925+0000] {logging_mixin.py:188} INFO - -------------------------------------------
[2024-08-23T04:25:39.926+0000] {logging_mixin.py:188} INFO - https://ikman.lk/en/ad/micro-panda-lc-10-f-option-cac-2014-for-sale-colombo
[2024-08-23T04:25:39.927+0000] {logging_mixin.py:188} INFO - -------------------------------------------
[2024-08-23T04:25:39.928+0000] {logging_mixin.py:188} INFO - -------------------------------------------
[2024-08-23T04:25:39.929+0000] {logging_mixin.py:188} INFO - https://ikman.lk/en/ad/micro-panda-998-2014-for-sale-gampaha-2
[2024-08-23T04:25:39.930+0000] {logging_mixin.py:188} INFO - -------------------------------------------
[2024-08-23T04:25:39.930+0000] {logging_mixin.py:188} INFO - -------------------------------------------
[2024-08-23T04:25:39.931+0000] {logging_mixin.py:188} INFO - https://ikman.lk/en/ad/micro-panda-car-2024-for-sale-hambantota
[2024-08-23T04:25:39.934+0000] {logging_mixin.py:188} INFO - -------------------------------------------
[2024-08-23T04:25:39.935+0000] {logging_mixin.py:188} INFO - -------------------------------------------
[2024-08-23T04:25:39.935+0000] {logging_mixin.py:188} INFO - https://ikman.lk/en/ad/micro-panda-cross-2015-for-sale-colombo-164
[2024-08-23T04:25:39.936+0000] {logging_mixin.py:188} INFO - -------------------------------------------
[2024-08-23T04:25:39.937+0000] {logging_mixin.py:188} INFO - -------------------------------------------
[2024-08-23T04:25:39.938+0000] {logging_mixin.py:188} INFO - https://ikman.lk/en/ad/micro-panda-2015-for-sale-gampaha-766
[2024-08-23T04:25:39.943+0000] {logging_mixin.py:188} INFO - -------------------------------------------
[2024-08-23T04:25:39.944+0000] {logging_mixin.py:188} INFO - -------------------------------------------
[2024-08-23T04:25:39.947+0000] {logging_mixin.py:188} INFO - https://ikman.lk/en/ad/micro-panda-lc-10-2018-for-sale-colombo
[2024-08-23T04:25:39.950+0000] {logging_mixin.py:188} INFO - -------------------------------------------
[2024-08-23T04:25:39.951+0000] {logging_mixin.py:188} INFO - -------------------------------------------
[2024-08-23T04:25:39.952+0000] {logging_mixin.py:188} INFO - https://ikman.lk/en/ad/micro-panda-2014-for-sale-gampaha-364
[2024-08-23T04:25:39.952+0000] {logging_mixin.py:188} INFO - -------------------------------------------
[2024-08-23T04:25:39.953+0000] {logging_mixin.py:188} INFO - -------------------------------------------
[2024-08-23T04:25:39.956+0000] {logging_mixin.py:188} INFO - https://ikman.lk/en/ad/micro-mx-7-mark-2-2012-for-sale-matara-2
[2024-08-23T04:25:39.958+0000] {logging_mixin.py:188} INFO - -------------------------------------------
[2024-08-23T04:25:39.960+0000] {logging_mixin.py:188} INFO - -------------------------------------------
[2024-08-23T04:25:39.961+0000] {logging_mixin.py:188} INFO - https://ikman.lk/en/ad/micro-panda-lc10-f-option-cae-2015-for-sale-colombo
[2024-08-23T04:25:39.961+0000] {logging_mixin.py:188} INFO - -------------------------------------------
[2024-08-23T04:25:39.962+0000] {logging_mixin.py:188} INFO - -------------------------------------------
[2024-08-23T04:25:39.963+0000] {logging_mixin.py:188} INFO - https://ikman.lk/en/ad/micro-trend-2012-for-sale-kurunegala
[2024-08-23T04:25:39.964+0000] {logging_mixin.py:188} INFO - -------------------------------------------
[2024-08-23T04:25:39.966+0000] {logging_mixin.py:188} INFO - -------------------------------------------
[2024-08-23T04:25:39.967+0000] {logging_mixin.py:188} INFO - https://ikman.lk/en/ad/micro-panda-800-2014-for-sale-gampaha
[2024-08-23T04:25:39.974+0000] {logging_mixin.py:188} INFO - -------------------------------------------
[2024-08-23T04:25:39.975+0000] {logging_mixin.py:188} INFO - -------------------------------------------
[2024-08-23T04:25:39.989+0000] {logging_mixin.py:188} INFO - https://ikman.lk/en/ad/micro-panda-cross-2014-for-sale-colombo-191
[2024-08-23T04:25:39.991+0000] {logging_mixin.py:188} INFO - -------------------------------------------
[2024-08-23T04:25:39.992+0000] {logging_mixin.py:188} WARNING -  83%|########3 | 20/24 [00:00<00:00, 177.06it/s]
[2024-08-23T04:25:39.993+0000] {logging_mixin.py:188} INFO - -------------------------------------------
[2024-08-23T04:25:39.994+0000] {logging_mixin.py:188} INFO - https://ikman.lk/en/ad/micro-panda-f-option-ks-2012-for-sale-colombo
[2024-08-23T04:25:39.996+0000] {logging_mixin.py:188} INFO - -------------------------------------------
[2024-08-23T04:25:39.996+0000] {logging_mixin.py:188} INFO - -------------------------------------------
[2024-08-23T04:25:40.001+0000] {logging_mixin.py:188} INFO - https://ikman.lk/en/ad/micro-panda-geely-2016-for-sale-colombo
[2024-08-23T04:25:40.003+0000] {logging_mixin.py:188} INFO - -------------------------------------------
[2024-08-23T04:25:40.004+0000] {logging_mixin.py:188} INFO - -------------------------------------------
[2024-08-23T04:25:40.008+0000] {logging_mixin.py:188} INFO - https://ikman.lk/en/ad/micro-trend-2009-for-sale-colombo-287
[2024-08-23T04:25:40.019+0000] {logging_mixin.py:188} INFO - -------------------------------------------
[2024-08-23T04:25:40.022+0000] {logging_mixin.py:188} INFO - -------------------------------------------
[2024-08-23T04:25:40.027+0000] {logging_mixin.py:188} INFO - https://ikman.lk/en/ad/micro-trend-1st-owner-26000km-kv-2013-for-sale-colombo
[2024-08-23T04:25:40.032+0000] {logging_mixin.py:188} INFO - -------------------------------------------
[2024-08-23T04:25:40.035+0000] {logging_mixin.py:188} WARNING - 100%|##########| 24/24 [00:00<00:00, 154.43it/s]
[2024-08-23T04:25:45.654+0000] {logging_mixin.py:188} WARNING -   0%|          | 0/24 [00:00<?, ?it/s]
[2024-08-23T04:25:45.662+0000] {logging_mixin.py:188} INFO - -------------------------------------------
[2024-08-23T04:25:45.669+0000] {logging_mixin.py:188} INFO - https://ikman.lk/en/ad/micro-panda-2012-for-sale-gampaha-670
[2024-08-23T04:25:45.672+0000] {logging_mixin.py:188} INFO - -------------------------------------------
[2024-08-23T04:25:45.673+0000] {logging_mixin.py:188} INFO - -------------------------------------------
[2024-08-23T04:25:45.674+0000] {logging_mixin.py:188} INFO - https://ikman.lk/en/ad/micro-panda-10-2015-for-sale-gampaha-13
[2024-08-23T04:25:45.679+0000] {logging_mixin.py:188} INFO - -------------------------------------------
[2024-08-23T04:25:45.686+0000] {logging_mixin.py:188} INFO - -------------------------------------------
[2024-08-23T04:25:45.688+0000] {logging_mixin.py:188} INFO - https://ikman.lk/en/ad/micro-panda-2015-for-sale-matara-33
[2024-08-23T04:25:45.692+0000] {logging_mixin.py:188} INFO - -------------------------------------------
[2024-08-23T04:25:45.695+0000] {logging_mixin.py:188} INFO - -------------------------------------------
[2024-08-23T04:25:45.696+0000] {logging_mixin.py:188} INFO - https://ikman.lk/en/ad/micro-panda-998-2014-for-sale-gampaha
[2024-08-23T04:25:45.697+0000] {logging_mixin.py:188} INFO - -------------------------------------------
[2024-08-23T04:25:45.698+0000] {logging_mixin.py:188} INFO - -------------------------------------------
[2024-08-23T04:25:45.699+0000] {logging_mixin.py:188} INFO - https://ikman.lk/en/ad/micro-panda-2013-for-sale-kalutara-4
[2024-08-23T04:25:45.700+0000] {logging_mixin.py:188} INFO - -------------------------------------------
[2024-08-23T04:25:45.701+0000] {logging_mixin.py:188} INFO - -------------------------------------------
[2024-08-23T04:25:45.709+0000] {logging_mixin.py:188} INFO - https://ikman.lk/en/ad/micro-panda-cross-2016-for-sale-colombo-172
[2024-08-23T04:25:45.713+0000] {logging_mixin.py:188} INFO - -------------------------------------------
[2024-08-23T04:25:45.730+0000] {logging_mixin.py:188} INFO - -------------------------------------------
[2024-08-23T04:25:45.732+0000] {logging_mixin.py:188} INFO - https://ikman.lk/en/ad/micro-panda-2012-for-sale-gampaha-669
[2024-08-23T04:25:45.741+0000] {logging_mixin.py:188} INFO - -------------------------------------------
[2024-08-23T04:25:45.745+0000] {logging_mixin.py:188} INFO - -------------------------------------------
[2024-08-23T04:25:45.746+0000] {logging_mixin.py:188} INFO - https://ikman.lk/en/ad/micro-panda-997-2014-for-sale-gampaha
[2024-08-23T04:25:45.747+0000] {logging_mixin.py:188} INFO - -------------------------------------------
[2024-08-23T04:25:45.749+0000] {logging_mixin.py:188} INFO - -------------------------------------------
[2024-08-23T04:25:45.755+0000] {logging_mixin.py:188} INFO - https://ikman.lk/en/ad/micro-panda-2016-for-sale-gampaha-258
[2024-08-23T04:25:45.757+0000] {logging_mixin.py:188} INFO - -------------------------------------------
[2024-08-23T04:25:45.759+0000] {logging_mixin.py:188} INFO - -------------------------------------------
[2024-08-23T04:25:45.761+0000] {logging_mixin.py:188} INFO - https://ikman.lk/en/ad/micro-panda-2014-for-sale-colombo-579
[2024-08-23T04:25:45.761+0000] {logging_mixin.py:188} INFO - -------------------------------------------
[2024-08-23T04:25:45.765+0000] {logging_mixin.py:188} WARNING -  42%|####1     | 10/24 [00:00<00:00, 97.13it/s]
[2024-08-23T04:25:45.772+0000] {logging_mixin.py:188} INFO - -------------------------------------------
[2024-08-23T04:25:45.775+0000] {logging_mixin.py:188} INFO - https://ikman.lk/en/ad/micro-panda-800-2017-for-sale-gampaha
[2024-08-23T04:25:45.777+0000] {logging_mixin.py:188} INFO - -------------------------------------------
[2024-08-23T04:25:45.778+0000] {logging_mixin.py:188} INFO - -------------------------------------------
[2024-08-23T04:25:45.782+0000] {logging_mixin.py:188} INFO - https://ikman.lk/en/ad/micro-trend-2009-for-sale-kegalle
[2024-08-23T04:25:45.788+0000] {logging_mixin.py:188} INFO - -------------------------------------------
[2024-08-23T04:25:45.791+0000] {logging_mixin.py:188} INFO - -------------------------------------------
[2024-08-23T04:25:45.793+0000] {logging_mixin.py:188} INFO - https://ikman.lk/en/ad/micro-panda-998-2017-for-sale-gampaha-1
[2024-08-23T04:25:45.794+0000] {logging_mixin.py:188} INFO - -------------------------------------------
[2024-08-23T04:25:45.796+0000] {logging_mixin.py:188} INFO - -------------------------------------------
[2024-08-23T04:25:45.798+0000] {logging_mixin.py:188} INFO - https://ikman.lk/en/ad/micro-trend-2006-for-sale-galle-2
[2024-08-23T04:25:45.800+0000] {logging_mixin.py:188} INFO - -------------------------------------------
[2024-08-23T04:25:45.802+0000] {logging_mixin.py:188} INFO - -------------------------------------------
[2024-08-23T04:25:45.803+0000] {logging_mixin.py:188} INFO - https://ikman.lk/en/ad/micro-panda-2015-for-sale-gampaha-763
[2024-08-23T04:25:45.804+0000] {logging_mixin.py:188} INFO - -------------------------------------------
[2024-08-23T04:25:45.805+0000] {logging_mixin.py:188} INFO - -------------------------------------------
[2024-08-23T04:25:45.805+0000] {logging_mixin.py:188} INFO - https://ikman.lk/en/ad/micro-panda-2017-for-sale-gampaha-17
[2024-08-23T04:25:45.806+0000] {logging_mixin.py:188} INFO - -------------------------------------------
[2024-08-23T04:25:45.807+0000] {logging_mixin.py:188} INFO - -------------------------------------------
[2024-08-23T04:25:45.808+0000] {logging_mixin.py:188} INFO - https://ikman.lk/en/ad/micro-panda-cross-kw-2013-for-sale-colombo
[2024-08-23T04:25:45.808+0000] {logging_mixin.py:188} INFO - -------------------------------------------
[2024-08-23T04:25:45.809+0000] {logging_mixin.py:188} INFO - -------------------------------------------
[2024-08-23T04:25:45.810+0000] {logging_mixin.py:188} INFO - https://ikman.lk/en/ad/micro-panda-full-option-2014-for-sale-gampaha-32
[2024-08-23T04:25:45.810+0000] {logging_mixin.py:188} INFO - -------------------------------------------
[2024-08-23T04:25:45.811+0000] {logging_mixin.py:188} INFO - -------------------------------------------
[2024-08-23T04:25:45.812+0000] {logging_mixin.py:188} INFO - https://ikman.lk/en/ad/micro-panda-cross-2013-for-sale-gampaha-201
[2024-08-23T04:25:45.813+0000] {logging_mixin.py:188} INFO - -------------------------------------------
[2024-08-23T04:25:45.814+0000] {logging_mixin.py:188} INFO - -------------------------------------------
[2024-08-23T04:25:45.814+0000] {logging_mixin.py:188} INFO - https://ikman.lk/en/ad/micro-trend-limited-edition-2009-for-sale-colombo
[2024-08-23T04:25:45.815+0000] {logging_mixin.py:188} INFO - -------------------------------------------
[2024-08-23T04:25:45.815+0000] {logging_mixin.py:188} INFO - -------------------------------------------
[2024-08-23T04:25:45.816+0000] {logging_mixin.py:188} INFO - https://ikman.lk/en/ad/micro-emgrand-2014-for-sale-colombo
[2024-08-23T04:25:45.817+0000] {logging_mixin.py:188} INFO - -------------------------------------------
[2024-08-23T04:25:45.817+0000] {logging_mixin.py:188} INFO - -------------------------------------------
[2024-08-23T04:25:45.818+0000] {logging_mixin.py:188} INFO - https://ikman.lk/en/ad/micro-panda-2015-for-sale-kalutara-245
[2024-08-23T04:25:45.818+0000] {logging_mixin.py:188} INFO - -------------------------------------------
[2024-08-23T04:25:45.819+0000] {logging_mixin.py:188} INFO - -------------------------------------------
[2024-08-23T04:25:45.820+0000] {logging_mixin.py:188} INFO - https://ikman.lk/en/ad/micro-panda-lc10-f-option-kw-2013-for-sale-colombo
[2024-08-23T04:25:45.820+0000] {logging_mixin.py:188} INFO - -------------------------------------------
[2024-08-23T04:25:45.821+0000] {logging_mixin.py:188} INFO - -------------------------------------------
[2024-08-23T04:25:45.822+0000] {logging_mixin.py:188} INFO - https://ikman.lk/en/ad/micro-panda-2015-for-sale-kurunegala-277
[2024-08-23T04:25:45.823+0000] {logging_mixin.py:188} INFO - -------------------------------------------
[2024-08-23T04:25:45.823+0000] {logging_mixin.py:188} WARNING - 100%|##########| 24/24 [00:00<00:00, 149.03it/s]
[2024-08-23T04:25:49.470+0000] {logging_mixin.py:188} INFO - page is no content-----------------
[2024-08-23T04:25:52.520+0000] {logging_mixin.py:188} WARNING -   0%|          | 0/1 [00:00<?, ?it/s]
[2024-08-23T04:25:52.529+0000] {logging_mixin.py:188} INFO - -------------------------------------------
[2024-08-23T04:25:52.534+0000] {logging_mixin.py:188} INFO - https://ikman.lk/en/ad/micro-actyon-excellent-condition-2009-for-sale-gampaha
[2024-08-23T04:25:52.536+0000] {logging_mixin.py:188} INFO - -------------------------------------------
[2024-08-23T04:25:52.538+0000] {logging_mixin.py:188} WARNING - 100%|##########| 1/1 [00:00<00:00, 106.70it/s]
[2024-08-23T04:25:53.839+0000] {logging_mixin.py:188} INFO - page is no content-----------------
[2024-08-23T04:25:55.090+0000] {logging_mixin.py:188} INFO - page is no content-----------------
[2024-08-23T04:25:56.347+0000] {logging_mixin.py:188} INFO - page is no content-----------------
[2024-08-23T04:25:58.998+0000] {logging_mixin.py:188} INFO - page is no content-----------------
[2024-08-23T04:26:00.261+0000] {logging_mixin.py:188} WARNING -   0%|          | 0/1 [00:00<?, ?it/s]
[2024-08-23T04:26:00.270+0000] {logging_mixin.py:188} INFO - -------------------------------------------
[2024-08-23T04:26:00.277+0000] {logging_mixin.py:188} INFO - https://ikman.lk/en/ad/micro-rexton-2008-for-sale-kalutara-2
[2024-08-23T04:26:00.294+0000] {logging_mixin.py:188} INFO - -------------------------------------------
[2024-08-23T04:26:00.300+0000] {logging_mixin.py:188} WARNING - 100%|##########| 1/1 [00:00<00:00, 33.42it/s]
[2024-08-23T04:26:02.656+0000] {logging_mixin.py:188} INFO - page is no content-----------------
[2024-08-23T04:26:04.154+0000] {logging_mixin.py:188} INFO - page is no content-----------------
[2024-08-23T04:26:05.263+0000] {logging_mixin.py:188} INFO - page is no content-----------------
[2024-08-23T04:26:05.351+0000] {python.py:202} INFO - Done. Returned value was: None
[2024-08-23T04:26:05.364+0000] {taskinstance.py:1149} INFO - Marking task as SUCCESS. dag_id=Vehicle_Data_scrape_Pipeline_3, task_id=scrape_post_links, execution_date=20240822T000000, start_date=20240823T042500, end_date=20240823T042605
[2024-08-23T04:26:05.370+0000] {logging_mixin.py:188} WARNING - /home/***/.local/lib/python3.8/site-packages/***/utils/context.py:207 AirflowContextDeprecationWarning: Accessing 'execution_date' from the template is deprecated and will be removed in a future version. Please use 'data_interval_start' or 'logical_date' instead.
[2024-08-23T04:26:05.378+0000] {logging_mixin.py:188} WARNING - /home/***/.local/lib/python3.8/site-packages/***/utils/email.py:154 RemovedInAirflow3Warning: Fetching SMTP credentials from configuration variables will be deprecated in a future release. Please set credentials using a connection instead.
[2024-08-23T04:26:05.380+0000] {email.py:270} INFO - Email alerting: attempt 1
[2024-08-23T04:26:07.535+0000] {email.py:281} INFO - Sent an alert email to ['deshanariyarathna@gmail.com']
[2024-08-23T04:26:10.262+0000] {local_task_job_runner.py:234} INFO - Task exited with return code 0
[2024-08-23T04:26:10.281+0000] {taskinstance.py:3312} INFO - 1 downstream tasks scheduled from follow-on schedule check
