[2024-08-28T07:00:11.186+0000] {taskinstance.py:1979} INFO - Dependencies all met for dep_context=non-requeueable deps ti=<TaskInstance: Vehicle_Model_Training_Pipeline.model_training_honda manual__2024-08-28T06:59:54.492894+00:00 [queued]>
[2024-08-28T07:00:11.193+0000] {taskinstance.py:1979} INFO - Dependencies all met for dep_context=requeueable deps ti=<TaskInstance: Vehicle_Model_Training_Pipeline.model_training_honda manual__2024-08-28T06:59:54.492894+00:00 [queued]>
[2024-08-28T07:00:11.194+0000] {taskinstance.py:2193} INFO - Starting attempt 1 of 4
[2024-08-28T07:00:11.207+0000] {taskinstance.py:2217} INFO - Executing <Task(PythonOperator): model_training_honda> on 2024-08-28 06:59:54.492894+00:00
[2024-08-28T07:00:11.214+0000] {standard_task_runner.py:60} INFO - Started process 1627 to run task
[2024-08-28T07:00:11.216+0000] {standard_task_runner.py:87} INFO - Running: ['***', 'tasks', 'run', 'Vehicle_Model_Training_Pipeline', 'model_training_honda', 'manual__2024-08-28T06:59:54.492894+00:00', '--job-id', '294', '--raw', '--subdir', 'DAGS_FOLDER/vehicle_model_training_pipeline.py', '--cfg-path', '/tmp/tmpgpmnfzn6']
[2024-08-28T07:00:11.219+0000] {standard_task_runner.py:88} INFO - Job 294: Subtask model_training_honda
[2024-08-28T07:00:11.266+0000] {task_command.py:423} INFO - Running <TaskInstance: Vehicle_Model_Training_Pipeline.model_training_honda manual__2024-08-28T06:59:54.492894+00:00 [running]> on host 6d604cf72944
[2024-08-28T07:00:11.334+0000] {taskinstance.py:2513} INFO - Exporting env vars: AIRFLOW_CTX_DAG_OWNER='sdeshan' AIRFLOW_CTX_DAG_ID='Vehicle_Model_Training_Pipeline' AIRFLOW_CTX_TASK_ID='model_training_honda' AIRFLOW_CTX_EXECUTION_DATE='2024-08-28T06:59:54.492894+00:00' AIRFLOW_CTX_TRY_NUMBER='1' AIRFLOW_CTX_DAG_RUN_ID='manual__2024-08-28T06:59:54.492894+00:00'
[2024-08-28T07:00:11.395+0000] {logging_mixin.py:188} INFO - RandomForestRegressor()
[2024-08-28T07:00:14.561+0000] {logging_mixin.py:188} INFO - DecisionTreeRegressor()
[2024-08-28T07:00:14.895+0000] {logging_mixin.py:188} INFO - GradientBoostingRegressor()
[2024-08-28T07:00:47.500+0000] {logging_mixin.py:188} INFO - LinearRegression()
[2024-08-28T07:00:47.552+0000] {logging_mixin.py:188} INFO - XGBRegressor(base_score=None, booster=None, callbacks=None,
             colsample_bylevel=None, colsample_bynode=None,
             colsample_bytree=None, device=None, early_stopping_rounds=None,
             enable_categorical=False, eval_metric=None, feature_types=None,
             gamma=None, grow_policy=None, importance_type=None,
             interaction_constraints=None, learning_rate=None, max_bin=None,
             max_cat_threshold=None, max_cat_to_onehot=None,
             max_delta_step=None, max_depth=None, max_leaves=None,
             min_child_weight=None, missing=nan, monotone_constraints=None,
             multi_strategy=None, n_estimators=None, n_jobs=None,
             num_parallel_tree=None, random_state=None, ...)
[2024-08-28T07:00:54.682+0000] {logging_mixin.py:188} INFO - <catboost.core.CatBoostRegressor object at 0x7ff89fb4dc40>
[2024-08-28T07:01:04.534+0000] {logging_mixin.py:188} INFO - AdaBoostRegressor()
[2024-08-28T07:01:12.391+0000] {logging_mixin.py:188} INFO - model report is {'Random Forest': 0.9882758054277218, 'Decision Tree': 0.9882764053598483, 'Gradient Boosting': 0.9858454398166524, 'Linear Regression': 0.8292939946143599, 'XGBRegressor': 0.9882733820926524, 'CatBoosting Regressor': 0.987867766135198, 'AdaBoost Regressor': 0.892808086794546}
[2024-08-28T07:01:12.392+0000] {logging_mixin.py:188} INFO - best model is :DecisionTreeRegressor()
[2024-08-28T07:01:12.393+0000] {logging_mixin.py:188} INFO - criterion ['squared_error', 'friedman_mse', 'absolute_error', 'poisson']
[2024-08-28T07:01:12.394+0000] {logging_mixin.py:188} INFO - Best found model on both training and testing dataset
[2024-08-28T07:01:12.396+0000] {logging_mixin.py:188} INFO - r2_square is 0.9882764053598483
[2024-08-28T07:01:12.399+0000] {python.py:202} INFO - Done. Returned value was: None
[2024-08-28T07:01:12.407+0000] {taskinstance.py:1149} INFO - Marking task as SUCCESS. dag_id=Vehicle_Model_Training_Pipeline, task_id=model_training_honda, execution_date=20240828T065954, start_date=20240828T070011, end_date=20240828T070112
[2024-08-28T07:01:12.412+0000] {logging_mixin.py:188} WARNING - /home/***/.local/lib/python3.8/site-packages/***/utils/context.py:207 AirflowContextDeprecationWarning: Accessing 'execution_date' from the template is deprecated and will be removed in a future version. Please use 'data_interval_start' or 'logical_date' instead.
[2024-08-28T07:01:12.421+0000] {logging_mixin.py:188} WARNING - /home/***/.local/lib/python3.8/site-packages/***/utils/email.py:154 RemovedInAirflow3Warning: Fetching SMTP credentials from configuration variables will be deprecated in a future release. Please set credentials using a connection instead.
[2024-08-28T07:01:12.422+0000] {email.py:270} INFO - Email alerting: attempt 1
[2024-08-28T07:01:20.202+0000] {email.py:281} INFO - Sent an alert email to ['deshanariyarathna@gmail.com']
[2024-08-28T07:01:22.766+0000] {local_task_job_runner.py:234} INFO - Task exited with return code 0
[2024-08-28T07:01:22.786+0000] {taskinstance.py:3312} INFO - 1 downstream tasks scheduled from follow-on schedule check
