[2024-10-16T10:01:58.741+0000] {taskinstance.py:1979} INFO - Dependencies all met for dep_context=non-requeueable deps ti=<TaskInstance: Gold_training_Pipeline.model_training scheduled__2024-10-15T00:00:00+00:00 [queued]>
[2024-10-16T10:01:58.767+0000] {taskinstance.py:1979} INFO - Dependencies all met for dep_context=requeueable deps ti=<TaskInstance: Gold_training_Pipeline.model_training scheduled__2024-10-15T00:00:00+00:00 [queued]>
[2024-10-16T10:01:58.769+0000] {taskinstance.py:2193} INFO - Starting attempt 1 of 4
[2024-10-16T10:01:59.098+0000] {taskinstance.py:2217} INFO - Executing <Task(PythonOperator): model_training> on 2024-10-15 00:00:00+00:00
[2024-10-16T10:01:59.122+0000] {standard_task_runner.py:60} INFO - Started process 1301 to run task
[2024-10-16T10:01:59.168+0000] {standard_task_runner.py:87} INFO - Running: ['***', 'tasks', 'run', 'Gold_training_Pipeline', 'model_training', 'scheduled__2024-10-15T00:00:00+00:00', '--job-id', '75', '--raw', '--subdir', 'DAGS_FOLDER/gold_training_pipeline.py', '--cfg-path', '/tmp/tmp_fh5q0l7']
[2024-10-16T10:01:59.178+0000] {standard_task_runner.py:88} INFO - Job 75: Subtask model_training
[2024-10-16T10:01:59.417+0000] {task_command.py:423} INFO - Running <TaskInstance: Gold_training_Pipeline.model_training scheduled__2024-10-15T00:00:00+00:00 [running]> on host 3ef26dc59d0b
[2024-10-16T10:01:59.613+0000] {taskinstance.py:2513} INFO - Exporting env vars: AIRFLOW_CTX_DAG_OWNER='sdeshan' AIRFLOW_CTX_DAG_ID='Gold_training_Pipeline' AIRFLOW_CTX_TASK_ID='model_training' AIRFLOW_CTX_EXECUTION_DATE='2024-10-15T00:00:00+00:00' AIRFLOW_CTX_TRY_NUMBER='1' AIRFLOW_CTX_DAG_RUN_ID='scheduled__2024-10-15T00:00:00+00:00'
[2024-10-16T10:01:59.883+0000] {filesystem.py:118} DEBUG - input tempfile: /tmp/tmpddjlypyt/aoffbvdi.json
[2024-10-16T10:02:01.338+0000] {filesystem.py:118} DEBUG - input tempfile: /tmp/tmpddjlypyt/6dvsxs43.json
[2024-10-16T10:02:01.344+0000] {model.py:2042} DEBUG - idx 0
[2024-10-16T10:02:01.359+0000] {model.py:2043} DEBUG - running CmdStan, num_threads: None
[2024-10-16T10:02:01.361+0000] {model.py:2055} DEBUG - CmdStan args: ['/home/***/.local/lib/python3.8/site-packages/prophet/stan_model/prophet_model.bin', 'random', 'seed=54832', 'data', 'file=/tmp/tmpddjlypyt/aoffbvdi.json', 'init=/tmp/tmpddjlypyt/6dvsxs43.json', 'output', 'file=/tmp/tmpddjlypyt/prophet_modeljw_cnkrk/prophet_model-20241016100201.csv', 'method=optimize', 'algorithm=lbfgs', 'iter=10000']
[2024-10-16T10:02:01.363+0000] {logging_mixin.py:188} WARNING - 10:02:01 - cmdstanpy - INFO - Chain [1] start processing
[2024-10-16T10:02:01.363+0000] {model.py:2058} INFO - Chain [1] start processing
[2024-10-16T10:02:19.251+0000] {logging_mixin.py:188} WARNING - 10:02:19 - cmdstanpy - INFO - Chain [1] done processing
[2024-10-16T10:02:19.251+0000] {model.py:2115} INFO - Chain [1] done processing
[2024-10-16T10:02:26.859+0000] {logging_mixin.py:188} INFO - Fitting 3 folds for each of 1 candidates, totalling 3 fits
[2024-10-16T10:39:42.704+0000] {local_task_job_runner.py:121} ERROR - Received SIGTERM. Terminating subprocesses
[2024-10-16T10:39:43.162+0000] {process_utils.py:131} INFO - Sending 15 to group 1301. PIDs of all processes in the group: [1301]
[2024-10-16T10:39:43.308+0000] {process_utils.py:86} INFO - Sending the signal 15 to group 1301
[2024-10-16T10:39:44.674+0000] {taskinstance.py:2483} ERROR - Received SIGTERM. Terminating subprocesses.
[2024-10-16T10:39:44.783+0000] {logging_mixin.py:188} INFO - [CV] END learning_rate=0.001, max_depth=10, min_child_weight=1, n_estimators=500; total time=37.3min
[2024-10-16T10:39:46.469+0000] {local_task_job_runner.py:121} ERROR - Received SIGTERM. Terminating subprocesses
[2024-10-16T10:39:46.470+0000] {process_utils.py:131} INFO - Sending 15 to group 1301. PIDs of all processes in the group: [1301]
