[2024-10-21T08:34:54.851+0000] {taskinstance.py:1979} INFO - Dependencies all met for dep_context=non-requeueable deps ti=<TaskInstance: Gold_News_pipeline.scrape_gold_news_content_from_urls manual__2024-10-21T08:34:44.425538+00:00 [queued]>
[2024-10-21T08:34:54.860+0000] {taskinstance.py:1979} INFO - Dependencies all met for dep_context=requeueable deps ti=<TaskInstance: Gold_News_pipeline.scrape_gold_news_content_from_urls manual__2024-10-21T08:34:44.425538+00:00 [queued]>
[2024-10-21T08:34:54.870+0000] {taskinstance.py:2193} INFO - Starting attempt 1 of 4
[2024-10-21T08:34:54.881+0000] {taskinstance.py:2217} INFO - Executing <Task(PythonOperator): scrape_gold_news_content_from_urls> on 2024-10-21 08:34:44.425538+00:00
[2024-10-21T08:34:54.885+0000] {standard_task_runner.py:60} INFO - Started process 14772 to run task
[2024-10-21T08:34:54.887+0000] {standard_task_runner.py:87} INFO - Running: ['***', 'tasks', 'run', 'Gold_News_pipeline', 'scrape_gold_news_content_from_urls', 'manual__2024-10-21T08:34:44.425538+00:00', '--job-id', '117', '--raw', '--subdir', 'DAGS_FOLDER/gold_news_pipeline.py', '--cfg-path', '/tmp/tmpioit40mu']
[2024-10-21T08:34:54.889+0000] {standard_task_runner.py:88} INFO - Job 117: Subtask scrape_gold_news_content_from_urls
[2024-10-21T08:34:55.030+0000] {task_command.py:423} INFO - Running <TaskInstance: Gold_News_pipeline.scrape_gold_news_content_from_urls manual__2024-10-21T08:34:44.425538+00:00 [running]> on host 988c1a0779ad
[2024-10-21T08:34:55.085+0000] {taskinstance.py:2513} INFO - Exporting env vars: AIRFLOW_CTX_DAG_OWNER='sdeshan' AIRFLOW_CTX_DAG_ID='Gold_News_pipeline' AIRFLOW_CTX_TASK_ID='scrape_gold_news_content_from_urls' AIRFLOW_CTX_EXECUTION_DATE='2024-10-21T08:34:44.425538+00:00' AIRFLOW_CTX_TRY_NUMBER='1' AIRFLOW_CTX_DAG_RUN_ID='manual__2024-10-21T08:34:44.425538+00:00'
[2024-10-21T08:34:55.095+0000] {logging_mixin.py:188} INFO - ##########################################
[2024-10-21T08:34:55.096+0000] {logging_mixin.py:188} INFO - link --- https://www.kitco.com/news/article/2024-10-18/wall-street-all-further-gains-gold-main-street-grows-more-bullish-next
[2024-10-21T08:34:56.353+0000] {logging_mixin.py:188} INFO - title --- Wall Street all in on further gains for gold, Main Street grows more bullish for next week’s price action
[2024-10-21T08:34:56.354+0000] {logging_mixin.py:188} INFO - date --- Oct 18, 2024 - 8:57 PM
[2024-10-21T08:34:56.354+0000] {logging_mixin.py:188} INFO - post_image --- https://images.kitco.com/img/height_756,width_1340/icms/a5f6cdf9-6e36-4514-8a79-21eca5756e43.jpeg
[2024-10-21T08:34:56.356+0000] {logging_mixin.py:188} INFO - sample_text --- 
[2024-10-21T08:34:56.356+0000] {logging_mixin.py:188} INFO - ##########################################
[2024-10-21T08:34:56.357+0000] {logging_mixin.py:188} INFO - link --- https://www.kitco.com/news/article/2024-10-18/gold-drives-session-highs-silver-ends-week-5-gain
[2024-10-21T08:34:57.568+0000] {logging_mixin.py:188} INFO - title --- Gold drives to session highs as silver ends the week with a 5% gain 
[2024-10-21T08:34:57.568+0000] {logging_mixin.py:188} INFO - date --- Oct 18, 2024 - 7:06 PM
[2024-10-21T08:34:57.569+0000] {logging_mixin.py:188} INFO - post_image --- https://images.kitco.com/img/height_756,width_1340/icms/30aad9a1-db90-4b39-a76e-10522c0b786c.webp
[2024-10-21T08:34:57.570+0000] {logging_mixin.py:188} INFO - sample_text --- 
[2024-10-21T08:34:57.571+0000] {logging_mixin.py:188} INFO - ##########################################
[2024-10-21T08:34:57.571+0000] {logging_mixin.py:188} INFO - link --- https://www.kitco.com/news/article/2024-10-18/gold-has-room-run-sentiment-optimistic-not-euphoric
[2024-10-21T08:34:58.755+0000] {logging_mixin.py:188} INFO - title --- Gold has room to run as sentiment is optimistic but not euphoric
[2024-10-21T08:34:58.757+0000] {logging_mixin.py:188} INFO - date --- Oct 18, 2024 - 8:21 PM
[2024-10-21T08:34:58.758+0000] {logging_mixin.py:188} INFO - post_image --- https://images.kitco.com/img/height_756,width_1340/icms/b545bcaf-bc82-4473-aff3-05c320cf124c.webp
[2024-10-21T08:34:58.759+0000] {logging_mixin.py:188} INFO - sample_text --- 
[2024-10-21T08:34:58.760+0000] {logging_mixin.py:188} INFO - ##########################################
[2024-10-21T08:34:58.761+0000] {logging_mixin.py:188} INFO - link --- https://www.kitco.com/news/article/2024-10-18/bitcoin-nears-70k-gold-surges-past-2700-markets-end-week-strong
[2024-10-21T08:34:59.960+0000] {logging_mixin.py:188} INFO - title --- Bitcoin nears $70k, gold surges past $2,700 as markets end week strong
[2024-10-21T08:34:59.961+0000] {logging_mixin.py:188} INFO - date --- Oct 18, 2024 - 8:31 PM
[2024-10-21T08:34:59.961+0000] {logging_mixin.py:188} INFO - post_image --- https://images.kitco.com/img/height_756,width_1340/icms/c268a754-324c-4da0-9e29-e4af037f4afc.jpeg
[2024-10-21T08:34:59.963+0000] {logging_mixin.py:188} INFO - sample_text --- 
[2024-10-21T08:34:59.963+0000] {logging_mixin.py:188} INFO - ##########################################
[2024-10-21T08:34:59.963+0000] {logging_mixin.py:188} INFO - link --- https://www.kitco.com/news/article/2024-10-18/fight-privacy-using-decentralized-ai-overcome-orwellian-surveillance
[2024-10-21T08:35:01.193+0000] {logging_mixin.py:188} INFO - title --- The fight for privacy: Using decentralized AI to overcome Orwellian surveillance
[2024-10-21T08:35:01.194+0000] {logging_mixin.py:188} INFO - date --- Oct 18, 2024 - 8:20 PM
[2024-10-21T08:35:01.195+0000] {logging_mixin.py:188} INFO - post_image --- https://images.kitco.com/img/height_756,width_1340/icms/5bd70700-dffb-465b-b233-727d575a8081.png
[2024-10-21T08:35:01.197+0000] {logging_mixin.py:188} INFO - sample_text --- 
[2024-10-21T08:35:01.197+0000] {logging_mixin.py:188} INFO - ##########################################
[2024-10-21T08:35:01.198+0000] {logging_mixin.py:188} INFO - link --- https://www.kitco.com/news/article/2024-10-18/catastrophic-selloff-ahead-next-decade-could-be-gruesome-markets-overvalued
[2024-10-21T08:35:02.447+0000] {logging_mixin.py:188} INFO - title --- Catastrophic selloff ahead: Next decade could be 'gruesome' as markets overvalued by 150% – Dave Collum
[2024-10-21T08:35:02.448+0000] {logging_mixin.py:188} INFO - date --- Oct 18, 2024 - 4:41 PM
[2024-10-21T08:35:02.449+0000] {logging_mixin.py:188} INFO - post_image --- https://images.kitco.com/img/height_756,width_1340/icms/5cc75fbb-4dfe-4bcb-991f-a23cefb58750.jpeg
[2024-10-21T08:35:02.451+0000] {logging_mixin.py:188} INFO - sample_text --- 
[2024-10-21T08:35:02.451+0000] {logging_mixin.py:188} INFO - ##########################################
[2024-10-21T08:35:02.451+0000] {logging_mixin.py:188} INFO - link --- https://www.kitco.com/news/article/2024-10-18/gold-shines-ultimate-safe-haven-asset-set-hit-3000oz-2025-bank-america
[2024-10-21T08:35:03.655+0000] {logging_mixin.py:188} INFO - title --- Gold shines as ultimate safe-haven asset, set to hit $3,000/oz by 2025 – Bank of America
[2024-10-21T08:35:03.656+0000] {logging_mixin.py:188} INFO - date --- Oct 18, 2024 - 5:23 PM
[2024-10-21T08:35:03.657+0000] {logging_mixin.py:188} INFO - post_image --- https://images.kitco.com/img/height_756,width_1340/icms/4f8d6135-bc9a-4545-b787-efa69e2b9c2d.png
[2024-10-21T08:35:03.658+0000] {logging_mixin.py:188} INFO - sample_text --- 
[2024-10-21T08:35:03.659+0000] {logging_mixin.py:188} INFO - ##########################################
[2024-10-21T08:35:03.659+0000] {logging_mixin.py:188} INFO - link --- https://www.kitco.com/news/article/2024-10-18/middle-east-escalation-and-us-election-risks-pushing-gold-fresh-all-time-0
[2024-10-21T08:35:04.862+0000] {logging_mixin.py:188} INFO - title --- Middle East escalation and US election risks pushing gold to fresh all-time highs – ING
[2024-10-21T08:35:04.862+0000] {logging_mixin.py:188} INFO - date --- Oct 18, 2024 - 2:38 PM
[2024-10-21T08:35:04.863+0000] {logging_mixin.py:188} INFO - post_image --- https://images.kitco.com/img/height_756,width_1340/icms/82e1f8b6-f570-416f-a771-e6d705e0cf7c.jpeg
[2024-10-21T08:35:04.864+0000] {logging_mixin.py:188} INFO - sample_text --- 
[2024-10-21T08:35:04.865+0000] {logging_mixin.py:188} INFO - ##########################################
[2024-10-21T08:35:04.865+0000] {logging_mixin.py:188} INFO - link --- https://www.kitco.com/news/article/2024-10-19/silver-miners-are-double-digits-and-lithium-gets-lift-big-financing-deal
[2024-10-21T08:35:06.070+0000] {logging_mixin.py:188} INFO - title --- Silver miners are up by double digits, and lithium gets a lift from a big financing deal
[2024-10-21T08:35:06.083+0000] {logging_mixin.py:188} INFO - date --- Oct 19, 2024 - 5:03 PM
[2024-10-21T08:35:06.084+0000] {logging_mixin.py:188} INFO - post_image --- /_next/image?url=https%3A%2F%2Fstorage.googleapis.com%2Fkitco-auth%2Fuser%2FnW8xbVdGksheYYlSptjPopxLdjI3%2F1706048276005.png&w=3840&q=75
[2024-10-21T08:35:06.085+0000] {logging_mixin.py:188} INFO - sample_text --- 
[2024-10-21T08:35:06.086+0000] {logging_mixin.py:188} INFO - ##########################################
[2024-10-21T08:35:06.087+0000] {logging_mixin.py:188} INFO - link --- https://www.kitco.com/news/article/2024-10-18/you-cant-hold-industry-down-has-such-pent-demand-nexgolds-morgan-lekstrom
[2024-10-21T08:35:07.284+0000] {logging_mixin.py:188} INFO - title --- 'You can't hold an industry down that has such pent-up demand' - NexGold's Morgan Lekstrom
[2024-10-21T08:35:07.285+0000] {logging_mixin.py:188} INFO - date --- Oct 18, 2024 - 7:29 PM
[2024-10-21T08:35:07.286+0000] {logging_mixin.py:188} INFO - post_image --- https://images.kitco.com/img/height_756,width_1340/icms/75adbda1-5e5a-44dc-ba6e-fe37a0a7b4fd.webp
[2024-10-21T08:35:07.287+0000] {logging_mixin.py:188} INFO - sample_text --- 
[2024-10-21T08:35:07.288+0000] {logging_mixin.py:188} INFO - ##########################################
[2024-10-21T08:35:07.290+0000] {logging_mixin.py:188} INFO - link --- https://www.kitco.com/news/article/2024-10-20/bc-green-party-has-plans-mining-sector-election-likely-gives-them-balance
[2024-10-21T08:35:08.509+0000] {logging_mixin.py:188} INFO - title --- The BC Green Party has plans for the mining sector, election likely gives them balance of power
[2024-10-21T08:35:08.510+0000] {logging_mixin.py:188} INFO - date --- Oct 20, 2024 - 5:54 PM
[2024-10-21T08:35:08.513+0000] {logging_mixin.py:188} INFO - post_image --- /_next/image?url=https%3A%2F%2Fstorage.googleapis.com%2Fkitco-auth%2Fuser%2FnW8xbVdGksheYYlSptjPopxLdjI3%2F1706048276005.png&w=3840&q=75
[2024-10-21T08:35:08.514+0000] {logging_mixin.py:188} INFO - sample_text --- 
[2024-10-21T08:35:08.515+0000] {logging_mixin.py:188} INFO - ##########################################
[2024-10-21T08:35:08.515+0000] {logging_mixin.py:188} INFO - link --- https://www.kitco.com/news/article/2024-10-18/bitcoin-climbs-above-68k-gold-hits-ath-above-2700-bulls-dominate-markets
[2024-10-21T08:35:09.781+0000] {logging_mixin.py:188} INFO - title --- Bitcoin climbs above $68k, gold hits ATH above $2,700 as bulls dominate markets
[2024-10-21T08:35:09.782+0000] {logging_mixin.py:188} INFO - date --- Oct 18, 2024 - 3:13 PM
[2024-10-21T08:35:09.783+0000] {logging_mixin.py:188} INFO - post_image --- https://images.kitco.com/img/height_756,width_1340/icms/559008b4-24a7-48c3-89b4-9788ce6c41be.png
[2024-10-21T08:35:09.785+0000] {logging_mixin.py:188} INFO - sample_text --- 
[2024-10-21T08:35:09.785+0000] {logging_mixin.py:188} INFO - ##########################################
[2024-10-21T08:35:09.786+0000] {logging_mixin.py:188} INFO - link --- https://www.kitco.com/news/article/2024-10-18/gold-prices-remain-juggernaut-prices-remain-near-all-time-highs-us-housing
[2024-10-21T08:35:10.978+0000] {logging_mixin.py:188} INFO - title --- Gold prices remain a juggernaut as prices remain near all-time highs as U.S. housing construction stabilizes in Sept. 
[2024-10-21T08:35:10.978+0000] {logging_mixin.py:188} INFO - date --- Oct 18, 2024 - 12:32 PM
[2024-10-21T08:35:10.979+0000] {logging_mixin.py:188} INFO - post_image --- https://images.kitco.com/img/height_756,width_1340/icms/37f7f0e8-f7e8-4fa1-a8fc-15b970e93266.jpeg
[2024-10-21T08:35:10.980+0000] {logging_mixin.py:188} INFO - sample_text --- 
[2024-10-21T08:35:10.981+0000] {logging_mixin.py:188} INFO - ##########################################
[2024-10-21T08:35:10.981+0000] {logging_mixin.py:188} INFO - link --- https://www.kitco.com/news/article/2024-10-17/new-wgc-model-predicts-gold-will-provide-annual-return-5-2025-2040
[2024-10-21T08:35:12.185+0000] {logging_mixin.py:188} INFO - title --- New WGC model predicts gold will provide an annual return of 5% from 2025-2040
[2024-10-21T08:35:12.186+0000] {logging_mixin.py:188} INFO - date --- Oct 17, 2024 - 8:25 PM
[2024-10-21T08:35:12.187+0000] {logging_mixin.py:188} INFO - post_image --- https://images.kitco.com/img/height_756,width_1340/icms/cc8fbe3c-e91c-47fe-b524-9ce678974826.jpeg
[2024-10-21T08:35:12.188+0000] {logging_mixin.py:188} INFO - sample_text --- 
[2024-10-21T08:35:12.188+0000] {logging_mixin.py:188} INFO - ##########################################
[2024-10-21T08:35:12.189+0000] {logging_mixin.py:188} INFO - link --- https://www.kitco.com/opinion/2024-10-18/rate-cuts-and-war-fears-power-gold-futures-above-2700
[2024-10-21T08:35:13.420+0000] {logging_mixin.py:188} INFO - title --- Rate cuts and war fears power gold futures above $2700
[2024-10-21T08:35:13.421+0000] {logging_mixin.py:188} INFO - date --- Oct 18, 2024 - 1:27 PM
[2024-10-21T08:35:13.422+0000] {logging_mixin.py:188} INFO - post_image --- https://images.kitco.com/img/height_756,width_1340/icms/115862cf-c85c-4525-9270-774bbe08a1ee.webp
[2024-10-21T08:35:13.423+0000] {logging_mixin.py:188} INFO - sample_text --- Despite signs that the U.S. economy is still strong and the U.S Dollar Index rising 3.6% from a 2-year low struck in late September, Gold Futures closed above $2700 on Thursday and is now up over 30% on the year.
[2024-10-21T08:35:13.424+0000] {logging_mixin.py:188} INFO - lenfth of date ---15
[2024-10-21T08:35:13.425+0000] {logging_mixin.py:188} INFO - length of links ---15
[2024-10-21T08:35:13.425+0000] {logging_mixin.py:188} INFO - length of posted_title ---15
[2024-10-21T08:35:13.426+0000] {logging_mixin.py:188} INFO - length of images ---15
[2024-10-21T08:35:13.427+0000] {logging_mixin.py:188} INFO - length of text --15
[2024-10-21T08:35:13.452+0000] {python.py:202} INFO - Done. Returned value was: None
[2024-10-21T08:35:13.457+0000] {taskinstance.py:1149} INFO - Marking task as SUCCESS. dag_id=Gold_News_pipeline, task_id=scrape_gold_news_content_from_urls, execution_date=20241021T083444, start_date=20241021T083454, end_date=20241021T083513
[2024-10-21T08:35:13.461+0000] {logging_mixin.py:188} WARNING - /home/***/.local/lib/python3.8/site-packages/***/utils/context.py:207 AirflowContextDeprecationWarning: Accessing 'execution_date' from the template is deprecated and will be removed in a future version. Please use 'data_interval_start' or 'logical_date' instead.
[2024-10-21T08:35:13.466+0000] {logging_mixin.py:188} WARNING - /home/***/.local/lib/python3.8/site-packages/***/utils/email.py:154 RemovedInAirflow3Warning: Fetching SMTP credentials from configuration variables will be deprecated in a future release. Please set credentials using a connection instead.
[2024-10-21T08:35:13.467+0000] {email.py:270} INFO - Email alerting: attempt 1
[2024-10-21T08:35:15.145+0000] {email.py:281} INFO - Sent an alert email to ['deshanariyarathna@gmail.com']
[2024-10-21T08:35:16.942+0000] {local_task_job_runner.py:234} INFO - Task exited with return code 0
[2024-10-21T08:35:16.953+0000] {taskinstance.py:3312} INFO - 0 downstream tasks scheduled from follow-on schedule check
