[2024-08-20T10:08:50.925+0000] {taskinstance.py:1979} INFO - Dependencies all met for dep_context=non-requeueable deps ti=<TaskInstance: Vehicle_Data_scrape_Pipeline_2.scrape_post_links manual__2024-08-20T10:08:49.939433+00:00 [queued]>
[2024-08-20T10:08:50.931+0000] {taskinstance.py:1979} INFO - Dependencies all met for dep_context=requeueable deps ti=<TaskInstance: Vehicle_Data_scrape_Pipeline_2.scrape_post_links manual__2024-08-20T10:08:49.939433+00:00 [queued]>
[2024-08-20T10:08:50.932+0000] {taskinstance.py:2193} INFO - Starting attempt 1 of 4
[2024-08-20T10:08:50.941+0000] {taskinstance.py:2217} INFO - Executing <Task(PythonOperator): scrape_post_links> on 2024-08-20 10:08:49.939433+00:00
[2024-08-20T10:08:50.945+0000] {standard_task_runner.py:60} INFO - Started process 910 to run task
[2024-08-20T10:08:50.949+0000] {standard_task_runner.py:87} INFO - Running: ['***', 'tasks', 'run', 'Vehicle_Data_scrape_Pipeline_2', 'scrape_post_links', 'manual__2024-08-20T10:08:49.939433+00:00', '--job-id', '4', '--raw', '--subdir', 'DAGS_FOLDER/vehicle_data_scraping_pipeline.py', '--cfg-path', '/tmp/tmpy86iftaa']
[2024-08-20T10:08:50.951+0000] {standard_task_runner.py:88} INFO - Job 4: Subtask scrape_post_links
[2024-08-20T10:08:50.990+0000] {task_command.py:423} INFO - Running <TaskInstance: Vehicle_Data_scrape_Pipeline_2.scrape_post_links manual__2024-08-20T10:08:49.939433+00:00 [running]> on host 8369baedd275
[2024-08-20T10:08:51.200+0000] {taskinstance.py:2513} INFO - Exporting env vars: AIRFLOW_CTX_DAG_OWNER='sdeshan' AIRFLOW_CTX_DAG_ID='Vehicle_Data_scrape_Pipeline_2' AIRFLOW_CTX_TASK_ID='scrape_post_links' AIRFLOW_CTX_EXECUTION_DATE='2024-08-20T10:08:49.939433+00:00' AIRFLOW_CTX_TRY_NUMBER='1' AIRFLOW_CTX_DAG_RUN_ID='manual__2024-08-20T10:08:49.939433+00:00'
[2024-08-20T10:08:54.003+0000] {logging_mixin.py:188} WARNING -   0%|          | 0/4 [00:00<?, ?it/s]
[2024-08-20T10:08:54.004+0000] {logging_mixin.py:188} WARNING - 100%|##########| 4/4 [00:00<00:00, 33689.19it/s]
[2024-08-20T10:09:02.113+0000] {logging_mixin.py:188} WARNING -   0%|          | 0/11 [00:00<?, ?it/s]
[2024-08-20T10:09:02.115+0000] {logging_mixin.py:188} WARNING - 100%|##########| 11/11 [00:00<00:00, 56819.39it/s]
[2024-08-20T10:09:06.776+0000] {logging_mixin.py:188} WARNING -   0%|          | 0/24 [00:00<?, ?it/s]
[2024-08-20T10:09:06.777+0000] {logging_mixin.py:188} WARNING - 100%|##########| 24/24 [00:00<00:00, 92691.80it/s]
[2024-08-20T10:09:12.367+0000] {logging_mixin.py:188} WARNING -   0%|          | 0/24 [00:00<?, ?it/s]
[2024-08-20T10:09:12.369+0000] {logging_mixin.py:188} WARNING - 100%|##########| 24/24 [00:00<00:00, 93640.28it/s]
[2024-08-20T10:09:13.813+0000] {logging_mixin.py:188} WARNING -   0%|          | 0/5 [00:00<?, ?it/s]
[2024-08-20T10:09:13.814+0000] {logging_mixin.py:188} WARNING - 100%|##########| 5/5 [00:00<00:00, 48884.66it/s]
[2024-08-20T10:09:16.366+0000] {logging_mixin.py:188} WARNING -   0%|          | 0/4 [00:00<?, ?it/s]
[2024-08-20T10:09:16.367+0000] {logging_mixin.py:188} WARNING - 100%|##########| 4/4 [00:00<00:00, 27191.60it/s]
[2024-08-20T10:09:44.610+0000] {logging_mixin.py:188} WARNING -   0%|          | 0/1 [00:00<?, ?it/s]
[2024-08-20T10:09:44.611+0000] {logging_mixin.py:188} WARNING - 100%|##########| 1/1 [00:00<00:00, 14820.86it/s]
[2024-08-20T10:09:48.489+0000] {taskinstance.py:2731} ERROR - Task failed with exception
Traceback (most recent call last):
  File "/home/airflow/.local/lib/python3.8/site-packages/airflow/models/taskinstance.py", line 444, in _execute_task
    result = _execute_callable(context=context, **execute_callable_kwargs)
  File "/home/airflow/.local/lib/python3.8/site-packages/airflow/models/taskinstance.py", line 414, in _execute_callable
    return execute_callable(context=context, **execute_callable_kwargs)
  File "/home/airflow/.local/lib/python3.8/site-packages/airflow/operators/python.py", line 200, in execute
    return_value = self.execute_callable()
  File "/home/airflow/.local/lib/python3.8/site-packages/airflow/operators/python.py", line 217, in execute_callable
    return self.python_callable(*self.op_args, **self.op_kwargs)
  File "/opt/airflow/dags/components/vehicle/data_scraping_components/post_links_extraction.py", line 68, in scrape_links
    upload_table('ikman_vehicle_post_links')
  File "/opt/airflow/dags/components/utils/database_table_creation.py", line 29, in upload_table
    cur.execute(f"""
psycopg2.errors.InsufficientPrivilege: could not open file "/var/lib/postgresql/csv/ikman_vehicle_post_links.csv" for writing: Permission denied
HINT:  COPY TO instructs the PostgreSQL server process to write a file. You may want a client-side facility such as psql's \copy.

[2024-08-20T10:09:48.526+0000] {taskinstance.py:1149} INFO - Marking task as UP_FOR_RETRY. dag_id=Vehicle_Data_scrape_Pipeline_2, task_id=scrape_post_links, execution_date=20240820T100849, start_date=20240820T100850, end_date=20240820T100948
[2024-08-20T10:09:48.534+0000] {standard_task_runner.py:107} ERROR - Failed to execute job 4 for task scrape_post_links (could not open file "/var/lib/postgresql/csv/ikman_vehicle_post_links.csv" for writing: Permission denied
HINT:  COPY TO instructs the PostgreSQL server process to write a file. You may want a client-side facility such as psql's \copy.
; 910)
[2024-08-20T10:09:48.567+0000] {local_task_job_runner.py:234} INFO - Task exited with return code 1
[2024-08-20T10:09:48.578+0000] {taskinstance.py:3312} INFO - 0 downstream tasks scheduled from follow-on schedule check
