[2024-08-23T10:41:37.176+0000] {taskinstance.py:1979} INFO - Dependencies all met for dep_context=non-requeueable deps ti=<TaskInstance: Vehicle_Model_Training_Pipeline.model_training_toyota manual__2024-08-23T10:40:48.800801+00:00 [queued]>
[2024-08-23T10:41:37.183+0000] {taskinstance.py:1979} INFO - Dependencies all met for dep_context=requeueable deps ti=<TaskInstance: Vehicle_Model_Training_Pipeline.model_training_toyota manual__2024-08-23T10:40:48.800801+00:00 [queued]>
[2024-08-23T10:41:37.184+0000] {taskinstance.py:2193} INFO - Starting attempt 1 of 4
[2024-08-23T10:41:37.206+0000] {taskinstance.py:2217} INFO - Executing <Task(PythonOperator): model_training_toyota> on 2024-08-23 10:40:48.800801+00:00
[2024-08-23T10:41:37.213+0000] {standard_task_runner.py:60} INFO - Started process 39418 to run task
[2024-08-23T10:41:37.216+0000] {standard_task_runner.py:87} INFO - Running: ['***', 'tasks', 'run', 'Vehicle_Model_Training_Pipeline', 'model_training_toyota', 'manual__2024-08-23T10:40:48.800801+00:00', '--job-id', '173', '--raw', '--subdir', 'DAGS_FOLDER/vehicle_model_training_pipeline.py', '--cfg-path', '/tmp/tmpwhnfku38']
[2024-08-23T10:41:37.218+0000] {standard_task_runner.py:88} INFO - Job 173: Subtask model_training_toyota
[2024-08-23T10:41:37.265+0000] {task_command.py:423} INFO - Running <TaskInstance: Vehicle_Model_Training_Pipeline.model_training_toyota manual__2024-08-23T10:40:48.800801+00:00 [running]> on host bebe3cff9645
[2024-08-23T10:41:37.351+0000] {taskinstance.py:2513} INFO - Exporting env vars: AIRFLOW_CTX_DAG_OWNER='sdeshan' AIRFLOW_CTX_DAG_ID='Vehicle_Model_Training_Pipeline' AIRFLOW_CTX_TASK_ID='model_training_toyota' AIRFLOW_CTX_EXECUTION_DATE='2024-08-23T10:40:48.800801+00:00' AIRFLOW_CTX_TRY_NUMBER='1' AIRFLOW_CTX_DAG_RUN_ID='manual__2024-08-23T10:40:48.800801+00:00'
[2024-08-23T10:41:37.386+0000] {logging_mixin.py:188} INFO - RandomForestRegressor()
[2024-08-23T10:41:40.168+0000] {logging_mixin.py:188} INFO - DecisionTreeRegressor()
[2024-08-23T10:41:40.257+0000] {logging_mixin.py:188} INFO - GradientBoostingRegressor()
[2024-08-23T10:41:57.920+0000] {logging_mixin.py:188} INFO - LinearRegression()
[2024-08-23T10:41:57.991+0000] {logging_mixin.py:188} INFO - XGBRegressor(base_score=None, booster=None, callbacks=None,
             colsample_bylevel=None, colsample_bynode=None,
             colsample_bytree=None, device=None, early_stopping_rounds=None,
             enable_categorical=False, eval_metric=None, feature_types=None,
             gamma=None, grow_policy=None, importance_type=None,
             interaction_constraints=None, learning_rate=None, max_bin=None,
             max_cat_threshold=None, max_cat_to_onehot=None,
             max_delta_step=None, max_depth=None, max_leaves=None,
             min_child_weight=None, missing=nan, monotone_constraints=None,
             multi_strategy=None, n_estimators=None, n_jobs=None,
             num_parallel_tree=None, random_state=None, ...)
[2024-08-23T10:42:08.107+0000] {logging_mixin.py:188} INFO - <catboost.core.CatBoostRegressor object at 0x7f66cf5fd610>
[2024-08-23T10:42:15.114+0000] {logging_mixin.py:188} INFO - AdaBoostRegressor()
[2024-08-23T10:42:20.979+0000] {logging_mixin.py:188} INFO - model report is {'Random Forest': 0.9868493807792877, 'Decision Tree': 0.9969194505386189, 'Gradient Boosting': 0.992613089715283, 'Linear Regression': 0.8053628719698535, 'XGBRegressor': 0.9772662341612506, 'CatBoosting Regressor': 0.9874858074989435, 'AdaBoost Regressor': 0.8126482437321781}
[2024-08-23T10:42:20.982+0000] {logging_mixin.py:188} INFO - best model is :DecisionTreeRegressor(criterion='friedman_mse')
[2024-08-23T10:42:21.001+0000] {logging_mixin.py:188} INFO - criterion ['squared_error', 'friedman_mse', 'absolute_error', 'poisson']
[2024-08-23T10:42:21.003+0000] {logging_mixin.py:188} INFO - Best found model on both training and testing dataset
[2024-08-23T10:42:21.027+0000] {logging_mixin.py:188} INFO - r2_square is 0.9969194505386189
[2024-08-23T10:42:21.033+0000] {python.py:202} INFO - Done. Returned value was: None
[2024-08-23T10:42:21.043+0000] {taskinstance.py:1149} INFO - Marking task as SUCCESS. dag_id=Vehicle_Model_Training_Pipeline, task_id=model_training_toyota, execution_date=20240823T104048, start_date=20240823T104137, end_date=20240823T104221
[2024-08-23T10:42:21.050+0000] {logging_mixin.py:188} WARNING - /home/***/.local/lib/python3.8/site-packages/***/utils/context.py:207 AirflowContextDeprecationWarning: Accessing 'execution_date' from the template is deprecated and will be removed in a future version. Please use 'data_interval_start' or 'logical_date' instead.
[2024-08-23T10:42:21.068+0000] {logging_mixin.py:188} WARNING - /home/***/.local/lib/python3.8/site-packages/***/utils/email.py:154 RemovedInAirflow3Warning: Fetching SMTP credentials from configuration variables will be deprecated in a future release. Please set credentials using a connection instead.
[2024-08-23T10:42:21.086+0000] {email.py:270} INFO - Email alerting: attempt 1
[2024-08-23T10:42:23.058+0000] {email.py:281} INFO - Sent an alert email to ['deshanariyarathna@gmail.com']
[2024-08-23T10:42:24.992+0000] {local_task_job_runner.py:234} INFO - Task exited with return code 0
[2024-08-23T10:42:25.016+0000] {taskinstance.py:3312} INFO - 1 downstream tasks scheduled from follow-on schedule check
