[2024-08-21T04:19:15.715+0000] {taskinstance.py:1979} INFO - Dependencies all met for dep_context=non-requeueable deps ti=<TaskInstance: Vehicle_Data_scrape_Pipeline_5.scrape_post_links manual__2024-08-21T04:19:14.560233+00:00 [queued]>
[2024-08-21T04:19:15.721+0000] {taskinstance.py:1979} INFO - Dependencies all met for dep_context=requeueable deps ti=<TaskInstance: Vehicle_Data_scrape_Pipeline_5.scrape_post_links manual__2024-08-21T04:19:14.560233+00:00 [queued]>
[2024-08-21T04:19:15.722+0000] {taskinstance.py:2193} INFO - Starting attempt 1 of 4
[2024-08-21T04:19:15.733+0000] {taskinstance.py:2217} INFO - Executing <Task(PythonOperator): scrape_post_links> on 2024-08-21 04:19:14.560233+00:00
[2024-08-21T04:19:15.736+0000] {standard_task_runner.py:60} INFO - Started process 1768 to run task
[2024-08-21T04:19:15.739+0000] {standard_task_runner.py:87} INFO - Running: ['***', 'tasks', 'run', 'Vehicle_Data_scrape_Pipeline_5', 'scrape_post_links', 'manual__2024-08-21T04:19:14.560233+00:00', '--job-id', '17', '--raw', '--subdir', 'DAGS_FOLDER/vehicle_data_scraping_pipeline.py', '--cfg-path', '/tmp/tmpoq5yywxj']
[2024-08-21T04:19:15.741+0000] {standard_task_runner.py:88} INFO - Job 17: Subtask scrape_post_links
[2024-08-21T04:19:15.775+0000] {task_command.py:423} INFO - Running <TaskInstance: Vehicle_Data_scrape_Pipeline_5.scrape_post_links manual__2024-08-21T04:19:14.560233+00:00 [running]> on host 6bc55404d738
[2024-08-21T04:19:15.922+0000] {taskinstance.py:2513} INFO - Exporting env vars: AIRFLOW_CTX_DAG_OWNER='sdeshan' AIRFLOW_CTX_DAG_ID='Vehicle_Data_scrape_Pipeline_5' AIRFLOW_CTX_TASK_ID='scrape_post_links' AIRFLOW_CTX_EXECUTION_DATE='2024-08-21T04:19:14.560233+00:00' AIRFLOW_CTX_TRY_NUMBER='1' AIRFLOW_CTX_DAG_RUN_ID='manual__2024-08-21T04:19:14.560233+00:00'
[2024-08-21T04:19:16.953+0000] {logging_mixin.py:188} WARNING -   0%|          | 0/4 [00:00<?, ?it/s]
[2024-08-21T04:19:16.954+0000] {logging_mixin.py:188} WARNING - 100%|##########| 4/4 [00:00<00:00, 50686.45it/s]
[2024-08-21T04:19:21.262+0000] {logging_mixin.py:188} WARNING -   0%|          | 0/11 [00:00<?, ?it/s]
[2024-08-21T04:19:21.263+0000] {logging_mixin.py:188} WARNING - 100%|##########| 11/11 [00:00<00:00, 71641.84it/s]
[2024-08-21T04:19:38.498+0000] {logging_mixin.py:188} WARNING -   0%|          | 0/24 [00:00<?, ?it/s]
[2024-08-21T04:19:38.499+0000] {logging_mixin.py:188} WARNING - 100%|##########| 24/24 [00:00<00:00, 104530.94it/s]
[2024-08-21T04:19:42.205+0000] {logging_mixin.py:188} WARNING -   0%|          | 0/24 [00:00<?, ?it/s]
[2024-08-21T04:19:42.207+0000] {logging_mixin.py:188} WARNING - 100%|##########| 24/24 [00:00<00:00, 99175.66it/s]
[2024-08-21T04:19:43.709+0000] {logging_mixin.py:188} WARNING -   0%|          | 0/4 [00:00<?, ?it/s]
[2024-08-21T04:19:43.710+0000] {logging_mixin.py:188} WARNING - 100%|##########| 4/4 [00:00<00:00, 41425.22it/s]
[2024-08-21T04:20:13.309+0000] {logging_mixin.py:188} WARNING -   0%|          | 0/4 [00:00<?, ?it/s]
[2024-08-21T04:20:13.310+0000] {logging_mixin.py:188} WARNING - 100%|##########| 4/4 [00:00<00:00, 44620.26it/s]
[2024-08-21T04:20:25.873+0000] {logging_mixin.py:188} WARNING -   0%|          | 0/1 [00:00<?, ?it/s]
[2024-08-21T04:20:25.874+0000] {logging_mixin.py:188} WARNING - 100%|##########| 1/1 [00:00<00:00, 7825.19it/s]
[2024-08-21T04:20:28.861+0000] {python.py:202} INFO - Done. Returned value was: None
[2024-08-21T04:20:28.868+0000] {taskinstance.py:1149} INFO - Marking task as SUCCESS. dag_id=Vehicle_Data_scrape_Pipeline_5, task_id=scrape_post_links, execution_date=20240821T041914, start_date=20240821T041915, end_date=20240821T042028
[2024-08-21T04:20:28.871+0000] {logging_mixin.py:188} WARNING - /home/***/.local/lib/python3.8/site-packages/***/utils/context.py:207 AirflowContextDeprecationWarning: Accessing 'execution_date' from the template is deprecated and will be removed in a future version. Please use 'data_interval_start' or 'logical_date' instead.
[2024-08-21T04:20:28.877+0000] {logging_mixin.py:188} WARNING - /home/***/.local/lib/python3.8/site-packages/***/utils/email.py:154 RemovedInAirflow3Warning: Fetching SMTP credentials from configuration variables will be deprecated in a future release. Please set credentials using a connection instead.
[2024-08-21T04:20:28.878+0000] {email.py:270} INFO - Email alerting: attempt 1
[2024-08-21T04:20:30.751+0000] {email.py:281} INFO - Sent an alert email to ['deshanariyarathna@gmail.com']
[2024-08-21T04:20:32.622+0000] {local_task_job_runner.py:234} INFO - Task exited with return code 0
[2024-08-21T04:20:32.641+0000] {taskinstance.py:3312} INFO - 1 downstream tasks scheduled from follow-on schedule check
