[2024-10-09T05:16:51.723+0000] {taskinstance.py:1979} INFO - Dependencies all met for dep_context=non-requeueable deps ti=<TaskInstance: Gold_training_Pipeline.model_training scheduled__2024-10-05T00:00:00+00:00 [queued]>
[2024-10-09T05:16:51.737+0000] {taskinstance.py:1979} INFO - Dependencies all met for dep_context=requeueable deps ti=<TaskInstance: Gold_training_Pipeline.model_training scheduled__2024-10-05T00:00:00+00:00 [queued]>
[2024-10-09T05:16:51.738+0000] {taskinstance.py:2193} INFO - Starting attempt 3 of 4
[2024-10-09T05:16:51.763+0000] {taskinstance.py:2217} INFO - Executing <Task(PythonOperator): model_training> on 2024-10-05 00:00:00+00:00
[2024-10-09T05:16:51.801+0000] {standard_task_runner.py:60} INFO - Started process 795 to run task
[2024-10-09T05:16:51.816+0000] {standard_task_runner.py:87} INFO - Running: ['***', 'tasks', 'run', 'Gold_training_Pipeline', 'model_training', 'scheduled__2024-10-05T00:00:00+00:00', '--job-id', '302', '--raw', '--subdir', 'DAGS_FOLDER/gold_training_pipeline.py', '--cfg-path', '/tmp/tmpaduv5zcl']
[2024-10-09T05:16:51.822+0000] {standard_task_runner.py:88} INFO - Job 302: Subtask model_training
[2024-10-09T05:16:52.286+0000] {task_command.py:423} INFO - Running <TaskInstance: Gold_training_Pipeline.model_training scheduled__2024-10-05T00:00:00+00:00 [running]> on host 68dba313a760
[2024-10-09T05:16:52.717+0000] {taskinstance.py:2513} INFO - Exporting env vars: AIRFLOW_CTX_DAG_OWNER='sdeshan' AIRFLOW_CTX_DAG_ID='Gold_training_Pipeline' AIRFLOW_CTX_TASK_ID='model_training' AIRFLOW_CTX_EXECUTION_DATE='2024-10-05T00:00:00+00:00' AIRFLOW_CTX_TRY_NUMBER='3' AIRFLOW_CTX_DAG_RUN_ID='scheduled__2024-10-05T00:00:00+00:00'
[2024-10-09T05:16:53.787+0000] {filesystem.py:118} DEBUG - input tempfile: /tmp/tmp_qf15hqu/g1tzxd6o.json
[2024-10-09T05:16:54.173+0000] {filesystem.py:118} DEBUG - input tempfile: /tmp/tmp_qf15hqu/iywey470.json
[2024-10-09T05:16:54.177+0000] {model.py:2042} DEBUG - idx 0
[2024-10-09T05:16:54.181+0000] {model.py:2043} DEBUG - running CmdStan, num_threads: None
[2024-10-09T05:16:54.183+0000] {model.py:2055} DEBUG - CmdStan args: ['/home/***/.local/lib/python3.8/site-packages/prophet/stan_model/prophet_model.bin', 'random', 'seed=98944', 'data', 'file=/tmp/tmp_qf15hqu/g1tzxd6o.json', 'init=/tmp/tmp_qf15hqu/iywey470.json', 'output', 'file=/tmp/tmp_qf15hqu/prophet_modelerq5vic8/prophet_model-20241009051654.csv', 'method=optimize', 'algorithm=lbfgs', 'iter=10000']
[2024-10-09T05:16:54.188+0000] {logging_mixin.py:188} WARNING - 05:16:54 - cmdstanpy - INFO - Chain [1] start processing
[2024-10-09T05:16:54.188+0000] {model.py:2058} INFO - Chain [1] start processing
[2024-10-09T05:16:58.611+0000] {logging_mixin.py:188} WARNING - 05:16:58 - cmdstanpy - INFO - Chain [1] done processing
[2024-10-09T05:16:58.610+0000] {model.py:2115} INFO - Chain [1] done processing
[2024-10-09T05:17:02.219+0000] {logging_mixin.py:188} INFO - Fitting 3 folds for each of 1 candidates, totalling 3 fits
[2024-10-09T05:27:00.988+0000] {local_task_job_runner.py:121} ERROR - Received SIGTERM. Terminating subprocesses
[2024-10-09T05:27:01.071+0000] {process_utils.py:131} INFO - Sending 15 to group 795. PIDs of all processes in the group: [795]
[2024-10-09T05:27:01.081+0000] {process_utils.py:86} INFO - Sending the signal 15 to group 795
[2024-10-09T05:27:03.235+0000] {local_task_job_runner.py:121} ERROR - Received SIGTERM. Terminating subprocesses
