[2024-10-08T09:58:40.141+0000] {taskinstance.py:1979} INFO - Dependencies all met for dep_context=non-requeueable deps ti=<TaskInstance: Gold_training_Pipeline.model_training scheduled__2024-10-05T00:00:00+00:00 [queued]>
[2024-10-08T09:58:40.148+0000] {taskinstance.py:1979} INFO - Dependencies all met for dep_context=requeueable deps ti=<TaskInstance: Gold_training_Pipeline.model_training scheduled__2024-10-05T00:00:00+00:00 [queued]>
[2024-10-08T09:58:40.148+0000] {taskinstance.py:2193} INFO - Starting attempt 2 of 4
[2024-10-08T09:58:40.162+0000] {taskinstance.py:2217} INFO - Executing <Task(PythonOperator): model_training> on 2024-10-05 00:00:00+00:00
[2024-10-08T09:58:40.184+0000] {standard_task_runner.py:60} INFO - Started process 423 to run task
[2024-10-08T09:58:40.188+0000] {standard_task_runner.py:87} INFO - Running: ['***', 'tasks', 'run', 'Gold_training_Pipeline', 'model_training', 'scheduled__2024-10-05T00:00:00+00:00', '--job-id', '283', '--raw', '--subdir', 'DAGS_FOLDER/gold_training_pipeline.py', '--cfg-path', '/tmp/tmp9w0dch8k']
[2024-10-08T09:58:40.189+0000] {standard_task_runner.py:88} INFO - Job 283: Subtask model_training
[2024-10-08T09:58:40.276+0000] {task_command.py:423} INFO - Running <TaskInstance: Gold_training_Pipeline.model_training scheduled__2024-10-05T00:00:00+00:00 [running]> on host f1314a20144d
[2024-10-08T09:58:40.353+0000] {taskinstance.py:2513} INFO - Exporting env vars: AIRFLOW_CTX_DAG_OWNER='sdeshan' AIRFLOW_CTX_DAG_ID='Gold_training_Pipeline' AIRFLOW_CTX_TASK_ID='model_training' AIRFLOW_CTX_EXECUTION_DATE='2024-10-05T00:00:00+00:00' AIRFLOW_CTX_TRY_NUMBER='2' AIRFLOW_CTX_DAG_RUN_ID='scheduled__2024-10-05T00:00:00+00:00'
[2024-10-08T09:58:40.540+0000] {filesystem.py:118} DEBUG - input tempfile: /tmp/tmp6x8nu_yj/sp5ewm3b.json
[2024-10-08T09:58:41.258+0000] {filesystem.py:118} DEBUG - input tempfile: /tmp/tmp6x8nu_yj/94qna77l.json
[2024-10-08T09:58:41.267+0000] {model.py:2042} DEBUG - idx 0
[2024-10-08T09:58:41.268+0000] {model.py:2043} DEBUG - running CmdStan, num_threads: None
[2024-10-08T09:58:41.269+0000] {model.py:2055} DEBUG - CmdStan args: ['/home/***/.local/lib/python3.8/site-packages/prophet/stan_model/prophet_model.bin', 'random', 'seed=35354', 'data', 'file=/tmp/tmp6x8nu_yj/sp5ewm3b.json', 'init=/tmp/tmp6x8nu_yj/94qna77l.json', 'output', 'file=/tmp/tmp6x8nu_yj/prophet_modeloc90ygyb/prophet_model-20241008095841.csv', 'method=optimize', 'algorithm=lbfgs', 'iter=10000']
[2024-10-08T09:58:41.270+0000] {logging_mixin.py:188} WARNING - 09:58:41 - cmdstanpy - INFO - Chain [1] start processing
[2024-10-08T09:58:41.270+0000] {model.py:2058} INFO - Chain [1] start processing
[2024-10-08T09:58:52.753+0000] {logging_mixin.py:188} WARNING - 09:58:52 - cmdstanpy - INFO - Chain [1] done processing
[2024-10-08T09:58:52.753+0000] {model.py:2115} INFO - Chain [1] done processing
[2024-10-08T09:58:59.521+0000] {logging_mixin.py:188} INFO - Fitting 3 folds for each of 1 candidates, totalling 3 fits
[2024-10-08T11:47:01.639+0000] {local_task_job_runner.py:121} ERROR - Received SIGTERM. Terminating subprocesses
[2024-10-08T11:47:01.830+0000] {process_utils.py:131} INFO - Sending 15 to group 423. PIDs of all processes in the group: [423]
[2024-10-08T11:47:01.851+0000] {process_utils.py:86} INFO - Sending the signal 15 to group 423
[2024-10-08T11:47:04.302+0000] {local_task_job_runner.py:121} ERROR - Received SIGTERM. Terminating subprocesses
