[2024-10-09T05:28:09.207+0000] {taskinstance.py:1979} INFO - Dependencies all met for dep_context=non-requeueable deps ti=<TaskInstance: Gold_training_Pipeline.model_training scheduled__2024-10-05T00:00:00+00:00 [queued]>
[2024-10-09T05:28:09.280+0000] {taskinstance.py:1979} INFO - Dependencies all met for dep_context=requeueable deps ti=<TaskInstance: Gold_training_Pipeline.model_training scheduled__2024-10-05T00:00:00+00:00 [queued]>
[2024-10-09T05:28:09.336+0000] {taskinstance.py:2193} INFO - Starting attempt 4 of 4
[2024-10-09T05:28:09.474+0000] {taskinstance.py:2217} INFO - Executing <Task(PythonOperator): model_training> on 2024-10-05 00:00:00+00:00
[2024-10-09T05:28:09.637+0000] {standard_task_runner.py:60} INFO - Started process 828 to run task
[2024-10-09T05:28:09.751+0000] {standard_task_runner.py:87} INFO - Running: ['***', 'tasks', 'run', 'Gold_training_Pipeline', 'model_training', 'scheduled__2024-10-05T00:00:00+00:00', '--job-id', '315', '--raw', '--subdir', 'DAGS_FOLDER/gold_training_pipeline.py', '--cfg-path', '/tmp/tmpoj_ihudp']
[2024-10-09T05:28:09.820+0000] {standard_task_runner.py:88} INFO - Job 315: Subtask model_training
[2024-10-09T05:28:10.326+0000] {task_command.py:423} INFO - Running <TaskInstance: Gold_training_Pipeline.model_training scheduled__2024-10-05T00:00:00+00:00 [running]> on host 9bca14b2d0d7
[2024-10-09T05:28:10.716+0000] {taskinstance.py:2513} INFO - Exporting env vars: AIRFLOW_CTX_DAG_OWNER='sdeshan' AIRFLOW_CTX_DAG_ID='Gold_training_Pipeline' AIRFLOW_CTX_TASK_ID='model_training' AIRFLOW_CTX_EXECUTION_DATE='2024-10-05T00:00:00+00:00' AIRFLOW_CTX_TRY_NUMBER='4' AIRFLOW_CTX_DAG_RUN_ID='scheduled__2024-10-05T00:00:00+00:00'
[2024-10-09T05:28:11.403+0000] {filesystem.py:118} DEBUG - input tempfile: /tmp/tmp7ii88xdb/3t3ojcyp.json
[2024-10-09T05:28:12.480+0000] {filesystem.py:118} DEBUG - input tempfile: /tmp/tmp7ii88xdb/m20_efbk.json
[2024-10-09T05:28:12.507+0000] {model.py:2042} DEBUG - idx 0
[2024-10-09T05:28:12.512+0000] {model.py:2043} DEBUG - running CmdStan, num_threads: None
[2024-10-09T05:28:12.515+0000] {model.py:2055} DEBUG - CmdStan args: ['/home/***/.local/lib/python3.8/site-packages/prophet/stan_model/prophet_model.bin', 'random', 'seed=32752', 'data', 'file=/tmp/tmp7ii88xdb/3t3ojcyp.json', 'init=/tmp/tmp7ii88xdb/m20_efbk.json', 'output', 'file=/tmp/tmp7ii88xdb/prophet_modelj1vj9i2f/prophet_model-20241009052812.csv', 'method=optimize', 'algorithm=lbfgs', 'iter=10000']
[2024-10-09T05:28:12.517+0000] {logging_mixin.py:188} WARNING - 05:28:12 - cmdstanpy - INFO - Chain [1] start processing
[2024-10-09T05:28:12.517+0000] {model.py:2058} INFO - Chain [1] start processing
[2024-10-09T05:28:16.911+0000] {logging_mixin.py:188} WARNING - 05:28:16 - cmdstanpy - INFO - Chain [1] done processing
[2024-10-09T05:28:16.910+0000] {model.py:2115} INFO - Chain [1] done processing
[2024-10-09T05:28:18.281+0000] {logging_mixin.py:188} INFO - Fitting 3 folds for each of 1 candidates, totalling 3 fits
[2024-10-09T05:32:04.836+0000] {local_task_job_runner.py:121} ERROR - Received SIGTERM. Terminating subprocesses
[2024-10-09T05:32:06.652+0000] {process_utils.py:131} INFO - Sending 15 to group 828. PIDs of all processes in the group: [828]
[2024-10-09T05:32:06.659+0000] {process_utils.py:86} INFO - Sending the signal 15 to group 828
