[2024-10-16T10:01:10.509+0000] {taskinstance.py:1979} INFO - Dependencies all met for dep_context=non-requeueable deps ti=<TaskInstance: Gold_training_Pipeline.model_training scheduled__2024-10-14T00:00:00+00:00 [queued]>
[2024-10-16T10:01:10.524+0000] {taskinstance.py:1979} INFO - Dependencies all met for dep_context=requeueable deps ti=<TaskInstance: Gold_training_Pipeline.model_training scheduled__2024-10-14T00:00:00+00:00 [queued]>
[2024-10-16T10:01:10.525+0000] {taskinstance.py:2193} INFO - Starting attempt 2 of 4
[2024-10-16T10:01:10.702+0000] {taskinstance.py:2217} INFO - Executing <Task(PythonOperator): model_training> on 2024-10-14 00:00:00+00:00
[2024-10-16T10:01:10.773+0000] {standard_task_runner.py:87} INFO - Running: ['***', 'tasks', 'run', 'Gold_training_Pipeline', 'model_training', 'scheduled__2024-10-14T00:00:00+00:00', '--job-id', '67', '--raw', '--subdir', 'DAGS_FOLDER/gold_training_pipeline.py', '--cfg-path', '/tmp/tmpha73n017']
[2024-10-16T10:01:10.712+0000] {standard_task_runner.py:60} INFO - Started process 975 to run task
[2024-10-16T10:01:10.798+0000] {standard_task_runner.py:88} INFO - Job 67: Subtask model_training
[2024-10-16T10:01:11.100+0000] {task_command.py:423} INFO - Running <TaskInstance: Gold_training_Pipeline.model_training scheduled__2024-10-14T00:00:00+00:00 [running]> on host 3ef26dc59d0b
[2024-10-16T10:01:11.392+0000] {taskinstance.py:2513} INFO - Exporting env vars: AIRFLOW_CTX_DAG_OWNER='sdeshan' AIRFLOW_CTX_DAG_ID='Gold_training_Pipeline' AIRFLOW_CTX_TASK_ID='model_training' AIRFLOW_CTX_EXECUTION_DATE='2024-10-14T00:00:00+00:00' AIRFLOW_CTX_TRY_NUMBER='2' AIRFLOW_CTX_DAG_RUN_ID='scheduled__2024-10-14T00:00:00+00:00'
[2024-10-16T10:01:12.023+0000] {filesystem.py:118} DEBUG - input tempfile: /tmp/tmp8j7hjsqu/r5vdasb4.json
[2024-10-16T10:01:12.342+0000] {filesystem.py:118} DEBUG - input tempfile: /tmp/tmp8j7hjsqu/tguw3s6y.json
[2024-10-16T10:01:12.348+0000] {model.py:2042} DEBUG - idx 0
[2024-10-16T10:01:12.349+0000] {model.py:2043} DEBUG - running CmdStan, num_threads: None
[2024-10-16T10:01:12.350+0000] {model.py:2055} DEBUG - CmdStan args: ['/home/***/.local/lib/python3.8/site-packages/prophet/stan_model/prophet_model.bin', 'random', 'seed=82365', 'data', 'file=/tmp/tmp8j7hjsqu/r5vdasb4.json', 'init=/tmp/tmp8j7hjsqu/tguw3s6y.json', 'output', 'file=/tmp/tmp8j7hjsqu/prophet_modela57mam6n/prophet_model-20241016100112.csv', 'method=optimize', 'algorithm=lbfgs', 'iter=10000']
[2024-10-16T10:01:12.350+0000] {logging_mixin.py:188} WARNING - 10:01:12 - cmdstanpy - INFO - Chain [1] start processing
[2024-10-16T10:01:12.350+0000] {model.py:2058} INFO - Chain [1] start processing
[2024-10-16T10:01:14.897+0000] {logging_mixin.py:188} WARNING - 10:01:14 - cmdstanpy - INFO - Chain [1] done processing
[2024-10-16T10:01:14.897+0000] {model.py:2115} INFO - Chain [1] done processing
[2024-10-16T10:01:16.609+0000] {logging_mixin.py:188} INFO - Fitting 3 folds for each of 1 candidates, totalling 3 fits
[2024-10-16T10:39:42.772+0000] {local_task_job_runner.py:121} ERROR - Received SIGTERM. Terminating subprocesses
[2024-10-16T10:39:43.019+0000] {process_utils.py:131} INFO - Sending 15 to group 975. PIDs of all processes in the group: [975]
[2024-10-16T10:39:43.062+0000] {process_utils.py:86} INFO - Sending the signal 15 to group 975
