[2024-10-21T04:29:17.641+0000] {taskinstance.py:1979} INFO - Dependencies all met for dep_context=non-requeueable deps ti=<TaskInstance: Gold_training_Pipeline.model_training scheduled__2024-10-14T00:00:00+00:00 [queued]>
[2024-10-21T04:29:17.651+0000] {taskinstance.py:1979} INFO - Dependencies all met for dep_context=requeueable deps ti=<TaskInstance: Gold_training_Pipeline.model_training scheduled__2024-10-14T00:00:00+00:00 [queued]>
[2024-10-21T04:29:17.652+0000] {taskinstance.py:2193} INFO - Starting attempt 3 of 4
[2024-10-21T04:29:18.141+0000] {taskinstance.py:2217} INFO - Executing <Task(PythonOperator): model_training> on 2024-10-14 00:00:00+00:00
[2024-10-21T04:29:18.156+0000] {standard_task_runner.py:60} INFO - Started process 529 to run task
[2024-10-21T04:29:18.163+0000] {standard_task_runner.py:87} INFO - Running: ['***', 'tasks', 'run', 'Gold_training_Pipeline', 'model_training', 'scheduled__2024-10-14T00:00:00+00:00', '--job-id', '80', '--raw', '--subdir', 'DAGS_FOLDER/gold_training_pipeline.py', '--cfg-path', '/tmp/tmp179swgfd']
[2024-10-21T04:29:18.169+0000] {standard_task_runner.py:88} INFO - Job 80: Subtask model_training
[2024-10-21T04:29:18.242+0000] {task_command.py:423} INFO - Running <TaskInstance: Gold_training_Pipeline.model_training scheduled__2024-10-14T00:00:00+00:00 [running]> on host e58a92ba783e
[2024-10-21T04:29:18.339+0000] {taskinstance.py:2513} INFO - Exporting env vars: AIRFLOW_CTX_DAG_OWNER='sdeshan' AIRFLOW_CTX_DAG_ID='Gold_training_Pipeline' AIRFLOW_CTX_TASK_ID='model_training' AIRFLOW_CTX_EXECUTION_DATE='2024-10-14T00:00:00+00:00' AIRFLOW_CTX_TRY_NUMBER='3' AIRFLOW_CTX_DAG_RUN_ID='scheduled__2024-10-14T00:00:00+00:00'
[2024-10-21T04:29:18.523+0000] {filesystem.py:118} DEBUG - input tempfile: /tmp/tmpu7j4ja6g/qt1czw9n.json
[2024-10-21T04:29:19.151+0000] {filesystem.py:118} DEBUG - input tempfile: /tmp/tmpu7j4ja6g/6svatt52.json
[2024-10-21T04:29:19.152+0000] {model.py:2042} DEBUG - idx 0
[2024-10-21T04:29:19.153+0000] {model.py:2043} DEBUG - running CmdStan, num_threads: None
[2024-10-21T04:29:19.154+0000] {model.py:2055} DEBUG - CmdStan args: ['/home/***/.local/lib/python3.8/site-packages/prophet/stan_model/prophet_model.bin', 'random', 'seed=36352', 'data', 'file=/tmp/tmpu7j4ja6g/qt1czw9n.json', 'init=/tmp/tmpu7j4ja6g/6svatt52.json', 'output', 'file=/tmp/tmpu7j4ja6g/prophet_model__kmei__/prophet_model-20241021042919.csv', 'method=optimize', 'algorithm=lbfgs', 'iter=10000']
[2024-10-21T04:29:19.154+0000] {logging_mixin.py:188} WARNING - 04:29:19 - cmdstanpy - INFO - Chain [1] start processing
[2024-10-21T04:29:19.154+0000] {model.py:2058} INFO - Chain [1] start processing
[2024-10-21T04:29:56.989+0000] {logging_mixin.py:188} WARNING - 04:29:56 - cmdstanpy - INFO - Chain [1] done processing
[2024-10-21T04:29:56.988+0000] {model.py:2115} INFO - Chain [1] done processing
[2024-10-21T04:30:10.841+0000] {logging_mixin.py:188} INFO - Fitting 3 folds for each of 1 candidates, totalling 3 fits
[2024-10-21T04:34:12.530+0000] {local_task_job_runner.py:302} WARNING - State of this instance has been externally set to failed. Terminating instance.
[2024-10-21T04:34:12.689+0000] {process_utils.py:131} INFO - Sending 15 to group 529. PIDs of all processes in the group: [529]
[2024-10-21T04:34:12.714+0000] {process_utils.py:86} INFO - Sending the signal 15 to group 529
[2024-10-21T04:34:12.800+0000] {taskinstance.py:2483} ERROR - Received SIGTERM. Terminating subprocesses.
[2024-10-21T04:34:12.874+0000] {logging_mixin.py:188} INFO - [CV] END learning_rate=0.001, max_depth=10, min_child_weight=1, n_estimators=500; total time= 4.0min
[2024-10-21T04:35:12.733+0000] {process_utils.py:149} WARNING - process psutil.Process(pid=529, name='airflow task ru', status='sleeping', started='04:29:17') did not respond to SIGTERM. Trying SIGKILL
[2024-10-21T04:35:12.764+0000] {process_utils.py:86} INFO - Sending the signal 9 to group 529
[2024-10-21T04:35:12.871+0000] {process_utils.py:79} INFO - Process psutil.Process(pid=529, name='airflow task ru', status='terminated', exitcode=<Negsignal.SIGKILL: -9>, started='04:29:17') (529) terminated with exit code -9
[2024-10-21T04:35:12.880+0000] {standard_task_runner.py:175} ERROR - Job 80 was killed before it finished (likely due to running out of memory)
