[2024-09-24T06:50:33.979+0000] {taskinstance.py:1979} INFO - Dependencies all met for dep_context=non-requeueable deps ti=<TaskInstance: Gold_News_pipeline.scrape_gold_news_content_from_urls scheduled__2024-09-20T00:00:00+00:00 [queued]>
[2024-09-24T06:50:33.988+0000] {taskinstance.py:1979} INFO - Dependencies all met for dep_context=requeueable deps ti=<TaskInstance: Gold_News_pipeline.scrape_gold_news_content_from_urls scheduled__2024-09-20T00:00:00+00:00 [queued]>
[2024-09-24T06:50:33.989+0000] {taskinstance.py:2193} INFO - Starting attempt 1 of 4
[2024-09-24T06:50:34.004+0000] {taskinstance.py:2217} INFO - Executing <Task(PythonOperator): scrape_gold_news_content_from_urls> on 2024-09-20 00:00:00+00:00
[2024-09-24T06:50:34.012+0000] {standard_task_runner.py:60} INFO - Started process 373 to run task
[2024-09-24T06:50:34.015+0000] {standard_task_runner.py:87} INFO - Running: ['***', 'tasks', 'run', 'Gold_News_pipeline', 'scrape_gold_news_content_from_urls', 'scheduled__2024-09-20T00:00:00+00:00', '--job-id', '172', '--raw', '--subdir', 'DAGS_FOLDER/gold_news_pipeline.py', '--cfg-path', '/tmp/tmpmtg8hqn2']
[2024-09-24T06:50:34.018+0000] {standard_task_runner.py:88} INFO - Job 172: Subtask scrape_gold_news_content_from_urls
[2024-09-24T06:50:34.191+0000] {task_command.py:423} INFO - Running <TaskInstance: Gold_News_pipeline.scrape_gold_news_content_from_urls scheduled__2024-09-20T00:00:00+00:00 [running]> on host f2466956ab47
[2024-09-24T06:50:34.252+0000] {taskinstance.py:2513} INFO - Exporting env vars: AIRFLOW_CTX_DAG_OWNER='sdeshan' AIRFLOW_CTX_DAG_ID='Gold_News_pipeline' AIRFLOW_CTX_TASK_ID='scrape_gold_news_content_from_urls' AIRFLOW_CTX_EXECUTION_DATE='2024-09-20T00:00:00+00:00' AIRFLOW_CTX_TRY_NUMBER='1' AIRFLOW_CTX_DAG_RUN_ID='scheduled__2024-09-20T00:00:00+00:00'
[2024-09-24T06:50:34.257+0000] {logging_mixin.py:188} INFO - ##########################################
[2024-09-24T06:50:34.258+0000] {logging_mixin.py:188} INFO - link --- https://www.kitco.com/news/article/2024-09-23/all-roads-lead-gold-and-prices-above-3000-sprott-incs-ryan-mcintyre
[2024-09-24T06:50:35.516+0000] {logging_mixin.py:188} INFO - title --- All roads lead to gold and prices above $3,000 - Sprott Inc’s Ryan McIntyre
[2024-09-24T06:50:35.517+0000] {logging_mixin.py:188} INFO - date --- Sep 23, 2024 - 5:29 PM
[2024-09-24T06:50:35.518+0000] {logging_mixin.py:188} INFO - post_image --- https://images.kitco.com/img/height_756,width_1340/icms/9827326d-7f02-4db2-bebd-aff9d63fca4a.webp
[2024-09-24T06:50:35.520+0000] {logging_mixin.py:188} INFO - sample_text --- 
[2024-09-24T06:50:35.521+0000] {logging_mixin.py:188} INFO - ##########################################
[2024-09-24T06:50:35.521+0000] {logging_mixin.py:188} INFO - link --- https://www.kitco.com/news/article/2024-09-23/bitcoin-hits-one-month-high-markets-digest-feds-interest-rate-cut
[2024-09-24T06:50:36.815+0000] {logging_mixin.py:188} INFO - title --- Bitcoin hits one-month high as markets digest Fed’s interest rate cut
[2024-09-24T06:50:36.817+0000] {logging_mixin.py:188} INFO - date --- Sep 23, 2024 - 7:55 PM
[2024-09-24T06:50:36.818+0000] {logging_mixin.py:188} INFO - post_image --- https://images.kitco.com/img/height_756,width_1340/icms/8e32b1d0-2c9c-4352-92f1-08bd2f896176.jpeg
[2024-09-24T06:50:36.820+0000] {logging_mixin.py:188} INFO - sample_text --- 
[2024-09-24T06:50:36.821+0000] {logging_mixin.py:188} INFO - ##########################################
[2024-09-24T06:50:36.821+0000] {logging_mixin.py:188} INFO - link --- https://www.kitco.com/news/article/2024-09-23/hsbc-unveils-quantum-leap-gold-token-security
[2024-09-24T06:50:38.175+0000] {logging_mixin.py:188} INFO - title --- HSBC unveils quantum leap in gold token security
[2024-09-24T06:50:38.176+0000] {logging_mixin.py:188} INFO - date --- Sep 23, 2024 - 5:59 PM
[2024-09-24T06:50:38.177+0000] {logging_mixin.py:188} INFO - post_image --- https://images.kitco.com/img/height_756,width_1340/icms/819a0b9f-6dec-4d14-9627-8f89d5ab8f6d.jpeg
[2024-09-24T06:50:38.179+0000] {logging_mixin.py:188} INFO - sample_text --- 
[2024-09-24T06:50:38.179+0000] {logging_mixin.py:188} INFO - ##########################################
[2024-09-24T06:50:38.180+0000] {logging_mixin.py:188} INFO - link --- https://www.kitco.com/news/article/2024-09-23/gold-price-could-hit-2700-mid-2025-silver-will-outperform-gold-ubs
[2024-09-24T06:50:40.179+0000] {logging_mixin.py:188} INFO - title --- Gold price could hit $2,700 by mid-2025, silver will outperform gold – UBS
[2024-09-24T06:50:40.310+0000] {logging_mixin.py:188} INFO - date --- Sep 23, 2024 - 4:11 PM
[2024-09-24T06:50:40.325+0000] {logging_mixin.py:188} INFO - post_image --- https://images.kitco.com/img/height_756,width_1340/icms/97376f12-09de-4c21-9162-97193b7286d9.jpeg
[2024-09-24T06:50:40.329+0000] {logging_mixin.py:188} INFO - sample_text --- 
[2024-09-24T06:50:40.346+0000] {logging_mixin.py:188} INFO - ##########################################
[2024-09-24T06:50:40.347+0000] {logging_mixin.py:188} INFO - link --- https://www.kitco.com/opinion/2024-09-23/gold-trades-another-record-closing-price-based-continued-cuts-fed
[2024-09-24T06:50:41.669+0000] {logging_mixin.py:188} INFO - title --- Gold trades to another record closing price based on continued cuts by the Fed
[2024-09-24T06:50:41.670+0000] {logging_mixin.py:188} INFO - date --- Sep 23, 2024 - 10:38 PM
[2024-09-24T06:50:41.671+0000] {logging_mixin.py:188} INFO - post_image --- https://images.kitco.com/img/height_756,width_1340/icms/38be0e68-10b4-4ad4-8a8b-97cbd263a6d8.png
[2024-09-24T06:50:41.673+0000] {logging_mixin.py:188} INFO - sample_text --- Gold futures reached another record high, closing just $0.20 below $2,660, as investors continue to react to the Federal Reserve's recent decision to begin interest rate normalization. The December contract settled at $2,653.40, marking a $6.30 (0.24%) gain despite moderate dollar strength.
[2024-09-24T06:50:41.674+0000] {logging_mixin.py:188} INFO - ##########################################
[2024-09-24T06:50:41.674+0000] {logging_mixin.py:188} INFO - link --- https://www.kitco.com/news/article/2024-09-23/hedge-funds-place-bullish-bets-gold-and-silver-prepping-feds-easing-cycle
[2024-09-24T06:50:42.933+0000] {logging_mixin.py:188} INFO - title --- Hedge funds place bullish bets on gold and silver, prepping for Fed’s easing cycle
[2024-09-24T06:50:42.934+0000] {logging_mixin.py:188} INFO - date --- Sep 23, 2024 - 7:51 PM
[2024-09-24T06:50:42.936+0000] {logging_mixin.py:188} INFO - post_image --- https://images.kitco.com/img/height_756,width_1340/icms/937ec140-7150-421c-8fec-513adf2128d4.webp
[2024-09-24T06:50:42.937+0000] {logging_mixin.py:188} INFO - sample_text --- 
[2024-09-24T06:50:42.938+0000] {logging_mixin.py:188} INFO - ##########################################
[2024-09-24T06:50:42.939+0000] {logging_mixin.py:188} INFO - link --- https://www.kitco.com/news/article/2024-09-23/gold-sector-highly-fragmented-gold-fields-mike-fraser-consolidation-mining
[2024-09-24T06:50:44.329+0000] {logging_mixin.py:188} INFO - title --- 'The gold sector is highly fragmented'- Gold Fields Mike Fraser on consolidation in the mining space
[2024-09-24T06:50:44.331+0000] {logging_mixin.py:188} INFO - date --- Sep 23, 2024 - 10:49 PM
[2024-09-24T06:50:44.332+0000] {logging_mixin.py:188} INFO - post_image --- https://images.kitco.com/img/height_756,width_1340/icms/7dfbee20-024d-44f9-bb96-618ecf1187db.webp
[2024-09-24T06:50:44.334+0000] {logging_mixin.py:188} INFO - sample_text --- 
[2024-09-24T06:50:44.335+0000] {logging_mixin.py:188} INFO - ##########################################
[2024-09-24T06:50:44.335+0000] {logging_mixin.py:188} INFO - link --- https://www.kitco.com/news/article/2024-09-23/were-not-overheated-market-mcewen-minings-rob-mcewen-says-miners-have-room
[2024-09-24T06:50:46.123+0000] {logging_mixin.py:188} INFO - title --- 'We're not in an overheated market' - McEwen Mining's Rob McEwen says miners have room to run
[2024-09-24T06:50:46.290+0000] {logging_mixin.py:188} INFO - date --- Sep 23, 2024 - 6:27 PM
[2024-09-24T06:50:46.295+0000] {logging_mixin.py:188} INFO - post_image --- https://images.kitco.com/img/height_756,width_1340/icms/3d9f30e3-d2e8-4a4c-826e-7d2d8d1c4822.webp
[2024-09-24T06:50:46.298+0000] {logging_mixin.py:188} INFO - sample_text --- 
[2024-09-24T06:50:46.408+0000] {logging_mixin.py:188} INFO - ##########################################
[2024-09-24T06:50:46.409+0000] {logging_mixin.py:188} INFO - link --- https://www.kitco.com/news/article/2024-09-23/gold-pokes-another-record-high-safe-haven-bids-bullish-charts
[2024-09-24T06:51:02.285+0000] {logging_mixin.py:188} INFO - title --- Gold pokes to another record high on safe-haven bids, bullish charts
[2024-09-24T06:51:02.285+0000] {logging_mixin.py:188} INFO - date --- Sep 23, 2024 - 4:00 PM
[2024-09-24T06:51:02.286+0000] {logging_mixin.py:188} INFO - post_image --- https://images.kitco.com/img/height_756,width_1340/icms/39aab2f5-40a4-42ed-a35d-a79c298cb888.webp
[2024-09-24T06:51:02.288+0000] {logging_mixin.py:188} INFO - sample_text --- 
[2024-09-24T06:51:02.288+0000] {logging_mixin.py:188} INFO - ##########################################
[2024-09-24T06:51:02.289+0000] {logging_mixin.py:188} INFO - link --- https://www.kitco.com/news/article/2024-09-23/dont-bet-against-gold-td-securities-loses-44-tactical-short-trade
[2024-09-24T06:51:03.794+0000] {logging_mixin.py:188} INFO - title --- Don’t bet against gold; TD Securities loses 4.4% in tactical short trade
[2024-09-24T06:51:03.796+0000] {logging_mixin.py:188} INFO - date --- Sep 23, 2024 - 3:09 PM
[2024-09-24T06:51:03.798+0000] {logging_mixin.py:188} INFO - post_image --- https://images.kitco.com/img/height_756,width_1340/icms/7a46479d-d998-49d6-bd40-67c7992bfc7c.webp
[2024-09-24T06:51:03.799+0000] {logging_mixin.py:188} INFO - sample_text --- 
[2024-09-24T06:51:03.800+0000] {logging_mixin.py:188} INFO - ##########################################
[2024-09-24T06:51:03.801+0000] {logging_mixin.py:188} INFO - link --- https://www.kitco.com/news/article/2024-09-23/uranium-energy-trades-after-announcing-175-million-purchase-rio-tintos
[2024-09-24T06:51:05.098+0000] {logging_mixin.py:188} INFO - title --- Uranium Energy trades up after announcing $175 million purchase of Rio Tinto's uranium assets
[2024-09-24T06:51:05.099+0000] {logging_mixin.py:188} INFO - date --- Sep 23, 2024 - 8:03 PM
[2024-09-24T06:51:05.100+0000] {logging_mixin.py:188} INFO - post_image --- https://images.kitco.com/img/height_756,width_1340/icms/dd26dfff-8836-4210-a8ce-82aa8ea158a4.png
[2024-09-24T06:51:05.102+0000] {logging_mixin.py:188} INFO - sample_text --- 
[2024-09-24T06:51:05.103+0000] {logging_mixin.py:188} INFO - ##########################################
[2024-09-24T06:51:05.104+0000] {logging_mixin.py:188} INFO - link --- https://www.kitco.com/news/article/2024-09-23/gold-prices-trading-session-highs-flash-pmi-showed-mixed-economic-activity
[2024-09-24T06:51:11.449+0000] {logging_mixin.py:188} INFO - title --- Gold prices trading at session highs as flash PMI showed mixed economic activity
[2024-09-24T06:51:11.451+0000] {logging_mixin.py:188} INFO - date --- Sep 23, 2024 - 1:55 PM
[2024-09-24T06:51:11.452+0000] {logging_mixin.py:188} INFO - post_image --- https://images.kitco.com/img/height_756,width_1340/icms/7b12bed9-2a93-4787-9f4f-33b2ef6c6b6b.jpeg
[2024-09-24T06:51:11.454+0000] {logging_mixin.py:188} INFO - sample_text --- 
[2024-09-24T06:51:11.455+0000] {logging_mixin.py:188} INFO - ##########################################
[2024-09-24T06:51:11.456+0000] {logging_mixin.py:188} INFO - link --- https://www.kitco.com/news/article/2024-09-23/bitcoin-bulls-eye-resistance-65k-harris-makes-first-public-crypto-remarks
[2024-09-24T06:51:12.729+0000] {logging_mixin.py:188} INFO - title --- Bitcoin bulls eye resistance at $65k as Harris makes first public crypto remarks
[2024-09-24T06:51:12.731+0000] {logging_mixin.py:188} INFO - date --- Sep 23, 2024 - 3:11 PM
[2024-09-24T06:51:12.732+0000] {logging_mixin.py:188} INFO - post_image --- https://images.kitco.com/img/height_756,width_1340/icms/8e32ed56-603a-49a0-a01b-8e85f148bc46.jpeg
[2024-09-24T06:51:12.734+0000] {logging_mixin.py:188} INFO - sample_text --- 
[2024-09-24T06:51:12.734+0000] {logging_mixin.py:188} INFO - ##########################################
[2024-09-24T06:51:12.735+0000] {logging_mixin.py:188} INFO - link --- https://www.kitco.com/opinion/2024-09-23/gold-swot-there-could-be-more-ma-junior-mining-space-says-scotia
[2024-09-24T06:51:14.055+0000] {logging_mixin.py:188} INFO - title --- Gold SWOT: There could be more M&A in the junior mining space, says Scotia
[2024-09-24T06:51:14.057+0000] {logging_mixin.py:188} INFO - date --- Sep 23, 2024 - 2:23 PM
[2024-09-24T06:51:14.058+0000] {logging_mixin.py:188} INFO - post_image --- https://images.kitco.com/img/height_756,width_1340/icms/c3d296ed-1513-44e4-83f6-01f24171133a.png
[2024-09-24T06:51:14.060+0000] {logging_mixin.py:188} INFO - sample_text --- Strengths
[2024-09-24T06:51:14.060+0000] {logging_mixin.py:188} INFO - ##########################################
[2024-09-24T06:51:14.061+0000] {logging_mixin.py:188} INFO - link --- https://www.kitco.com/news/off-the-wire/2024-09-23/wall-st-ends-slightly-higher-after-fed-policymakers-back-rate-cuts
[2024-09-24T06:51:15.655+0000] {logging_mixin.py:188} INFO - title --- Wall St ends slightly higher after Fed policymakers back rate cuts
[2024-09-24T06:51:15.656+0000] {logging_mixin.py:188} INFO - date --- Sep 23, 2024 - 9:37 PM
[2024-09-24T06:51:15.657+0000] {logging_mixin.py:188} INFO - post_image --- https://images.kitco.com/img/height_756,width_1340/icms/b54ae178-fffa-46e4-8935-acaecc90ac46.jpeg
[2024-09-24T06:51:15.659+0000] {logging_mixin.py:188} INFO - sample_text --- 
[2024-09-24T06:51:15.660+0000] {logging_mixin.py:188} INFO - lenfth of date ---15
[2024-09-24T06:51:15.660+0000] {logging_mixin.py:188} INFO - length of links ---15
[2024-09-24T06:51:15.661+0000] {logging_mixin.py:188} INFO - length of posted_title ---15
[2024-09-24T06:51:15.661+0000] {logging_mixin.py:188} INFO - length of images ---15
[2024-09-24T06:51:15.662+0000] {logging_mixin.py:188} INFO - length of text --15
[2024-09-24T06:51:15.714+0000] {python.py:202} INFO - Done. Returned value was: None
[2024-09-24T06:51:15.733+0000] {taskinstance.py:1149} INFO - Marking task as SUCCESS. dag_id=Gold_News_pipeline, task_id=scrape_gold_news_content_from_urls, execution_date=20240920T000000, start_date=20240924T065033, end_date=20240924T065115
[2024-09-24T06:51:15.740+0000] {logging_mixin.py:188} WARNING - /home/***/.local/lib/python3.8/site-packages/***/utils/context.py:207 AirflowContextDeprecationWarning: Accessing 'execution_date' from the template is deprecated and will be removed in a future version. Please use 'data_interval_start' or 'logical_date' instead.
[2024-09-24T06:51:15.752+0000] {logging_mixin.py:188} WARNING - /home/***/.local/lib/python3.8/site-packages/***/utils/email.py:154 RemovedInAirflow3Warning: Fetching SMTP credentials from configuration variables will be deprecated in a future release. Please set credentials using a connection instead.
[2024-09-24T06:51:15.753+0000] {email.py:270} INFO - Email alerting: attempt 1
[2024-09-24T06:51:17.624+0000] {email.py:281} INFO - Sent an alert email to ['deshanariyarathna@gmail.com']
[2024-09-24T06:51:19.653+0000] {local_task_job_runner.py:234} INFO - Task exited with return code 0
[2024-09-24T06:51:19.667+0000] {taskinstance.py:3312} INFO - 0 downstream tasks scheduled from follow-on schedule check
