[2024-10-14T04:15:13.140+0000] {taskinstance.py:1979} INFO - Dependencies all met for dep_context=non-requeueable deps ti=<TaskInstance: Gold_training_Pipeline.model_training manual__2024-10-11T08:30:17.672861+00:00 [queued]>
[2024-10-14T04:15:13.155+0000] {taskinstance.py:1979} INFO - Dependencies all met for dep_context=requeueable deps ti=<TaskInstance: Gold_training_Pipeline.model_training manual__2024-10-11T08:30:17.672861+00:00 [queued]>
[2024-10-14T04:15:13.155+0000] {taskinstance.py:2193} INFO - Starting attempt 2 of 4
[2024-10-14T04:15:13.266+0000] {taskinstance.py:2217} INFO - Executing <Task(PythonOperator): model_training> on 2024-10-11 08:30:17.672861+00:00
[2024-10-14T04:15:13.282+0000] {standard_task_runner.py:60} INFO - Started process 356 to run task
[2024-10-14T04:15:13.286+0000] {standard_task_runner.py:87} INFO - Running: ['***', 'tasks', 'run', 'Gold_training_Pipeline', 'model_training', 'manual__2024-10-11T08:30:17.672861+00:00', '--job-id', '42', '--raw', '--subdir', 'DAGS_FOLDER/gold_training_pipeline.py', '--cfg-path', '/tmp/tmpsf3nlw1x']
[2024-10-14T04:15:13.291+0000] {standard_task_runner.py:88} INFO - Job 42: Subtask model_training
[2024-10-14T04:15:13.404+0000] {task_command.py:423} INFO - Running <TaskInstance: Gold_training_Pipeline.model_training manual__2024-10-11T08:30:17.672861+00:00 [running]> on host d2fc084bce17
[2024-10-14T04:15:14.191+0000] {taskinstance.py:2513} INFO - Exporting env vars: AIRFLOW_CTX_DAG_OWNER='sdeshan' AIRFLOW_CTX_DAG_ID='Gold_training_Pipeline' AIRFLOW_CTX_TASK_ID='model_training' AIRFLOW_CTX_EXECUTION_DATE='2024-10-11T08:30:17.672861+00:00' AIRFLOW_CTX_TRY_NUMBER='2' AIRFLOW_CTX_DAG_RUN_ID='manual__2024-10-11T08:30:17.672861+00:00'
[2024-10-14T04:15:14.510+0000] {filesystem.py:118} DEBUG - input tempfile: /tmp/tmpnwdh1d0k/hr78r5bh.json
[2024-10-14T04:15:14.737+0000] {filesystem.py:118} DEBUG - input tempfile: /tmp/tmpnwdh1d0k/cqh9hqy9.json
[2024-10-14T04:15:14.739+0000] {model.py:2042} DEBUG - idx 0
[2024-10-14T04:15:14.739+0000] {model.py:2043} DEBUG - running CmdStan, num_threads: None
[2024-10-14T04:15:14.740+0000] {model.py:2055} DEBUG - CmdStan args: ['/home/***/.local/lib/python3.8/site-packages/prophet/stan_model/prophet_model.bin', 'random', 'seed=22058', 'data', 'file=/tmp/tmpnwdh1d0k/hr78r5bh.json', 'init=/tmp/tmpnwdh1d0k/cqh9hqy9.json', 'output', 'file=/tmp/tmpnwdh1d0k/prophet_modelol1hnn11/prophet_model-20241014041514.csv', 'method=optimize', 'algorithm=lbfgs', 'iter=10000']
[2024-10-14T04:15:14.740+0000] {logging_mixin.py:188} WARNING - 04:15:14 - cmdstanpy - INFO - Chain [1] start processing
[2024-10-14T04:15:14.740+0000] {model.py:2058} INFO - Chain [1] start processing
[2024-10-14T04:15:16.743+0000] {logging_mixin.py:188} WARNING - 04:15:16 - cmdstanpy - INFO - Chain [1] done processing
[2024-10-14T04:15:16.742+0000] {model.py:2115} INFO - Chain [1] done processing
[2024-10-14T04:15:17.536+0000] {logging_mixin.py:188} INFO - Fitting 3 folds for each of 1 candidates, totalling 3 fits
[2024-10-14T04:39:10.075+0000] {logging_mixin.py:188} INFO - [CV] END learning_rate=0.001, max_depth=10, min_child_weight=1, n_estimators=500; total time=23.9min
[2024-10-14T04:45:50.808+0000] {local_task_job_runner.py:121} ERROR - Received SIGTERM. Terminating subprocesses
[2024-10-14T04:45:50.901+0000] {process_utils.py:131} INFO - Sending 15 to group 356. PIDs of all processes in the group: [356]
[2024-10-14T04:45:50.918+0000] {process_utils.py:86} INFO - Sending the signal 15 to group 356
[2024-10-14T04:45:53.777+0000] {taskinstance.py:2483} ERROR - Received SIGTERM. Terminating subprocesses.
[2024-10-14T04:45:53.815+0000] {logging_mixin.py:188} INFO - [CV] END learning_rate=0.001, max_depth=10, min_child_weight=1, n_estimators=500; total time= 6.7min
