[2024-10-21T04:29:18.290+0000] {taskinstance.py:1979} INFO - Dependencies all met for dep_context=non-requeueable deps ti=<TaskInstance: Gold_training_Pipeline.model_training manual__2024-10-11T08:30:17.672861+00:00 [queued]>
[2024-10-21T04:29:18.304+0000] {taskinstance.py:1979} INFO - Dependencies all met for dep_context=requeueable deps ti=<TaskInstance: Gold_training_Pipeline.model_training manual__2024-10-11T08:30:17.672861+00:00 [queued]>
[2024-10-21T04:29:18.305+0000] {taskinstance.py:2193} INFO - Starting attempt 5 of 4
[2024-10-21T04:29:18.479+0000] {taskinstance.py:2217} INFO - Executing <Task(PythonOperator): model_training> on 2024-10-11 08:30:17.672861+00:00
[2024-10-21T04:29:18.490+0000] {standard_task_runner.py:60} INFO - Started process 532 to run task
[2024-10-21T04:29:18.496+0000] {standard_task_runner.py:87} INFO - Running: ['***', 'tasks', 'run', 'Gold_training_Pipeline', 'model_training', 'manual__2024-10-11T08:30:17.672861+00:00', '--job-id', '87', '--raw', '--subdir', 'DAGS_FOLDER/gold_training_pipeline.py', '--cfg-path', '/tmp/tmps3fe1x_5']
[2024-10-21T04:29:18.500+0000] {standard_task_runner.py:88} INFO - Job 87: Subtask model_training
[2024-10-21T04:29:18.561+0000] {task_command.py:423} INFO - Running <TaskInstance: Gold_training_Pipeline.model_training manual__2024-10-11T08:30:17.672861+00:00 [running]> on host e58a92ba783e
[2024-10-21T04:29:18.639+0000] {taskinstance.py:2513} INFO - Exporting env vars: AIRFLOW_CTX_DAG_OWNER='sdeshan' AIRFLOW_CTX_DAG_ID='Gold_training_Pipeline' AIRFLOW_CTX_TASK_ID='model_training' AIRFLOW_CTX_EXECUTION_DATE='2024-10-11T08:30:17.672861+00:00' AIRFLOW_CTX_TRY_NUMBER='5' AIRFLOW_CTX_DAG_RUN_ID='manual__2024-10-11T08:30:17.672861+00:00'
[2024-10-21T04:29:19.064+0000] {filesystem.py:118} DEBUG - input tempfile: /tmp/tmpm5oe_rw6/kit8wn4g.json
[2024-10-21T04:29:19.759+0000] {filesystem.py:118} DEBUG - input tempfile: /tmp/tmpm5oe_rw6/q4aapzf2.json
[2024-10-21T04:29:19.763+0000] {model.py:2042} DEBUG - idx 0
[2024-10-21T04:29:19.765+0000] {model.py:2043} DEBUG - running CmdStan, num_threads: None
[2024-10-21T04:29:19.766+0000] {model.py:2055} DEBUG - CmdStan args: ['/home/***/.local/lib/python3.8/site-packages/prophet/stan_model/prophet_model.bin', 'random', 'seed=10382', 'data', 'file=/tmp/tmpm5oe_rw6/kit8wn4g.json', 'init=/tmp/tmpm5oe_rw6/q4aapzf2.json', 'output', 'file=/tmp/tmpm5oe_rw6/prophet_modelmz_a_ezo/prophet_model-20241021042919.csv', 'method=optimize', 'algorithm=lbfgs', 'iter=10000']
[2024-10-21T04:29:19.768+0000] {logging_mixin.py:188} WARNING - 04:29:19 - cmdstanpy - INFO - Chain [1] start processing
[2024-10-21T04:29:19.768+0000] {model.py:2058} INFO - Chain [1] start processing
[2024-10-21T04:29:58.815+0000] {logging_mixin.py:188} WARNING - 04:29:58 - cmdstanpy - INFO - Chain [1] done processing
[2024-10-21T04:29:58.815+0000] {model.py:2115} INFO - Chain [1] done processing
[2024-10-21T04:30:11.415+0000] {logging_mixin.py:188} INFO - Fitting 3 folds for each of 1 candidates, totalling 3 fits
[2024-10-21T04:34:17.128+0000] {local_task_job_runner.py:302} WARNING - State of this instance has been externally set to failed. Terminating instance.
[2024-10-21T04:34:17.200+0000] {process_utils.py:131} INFO - Sending 15 to group 532. PIDs of all processes in the group: [532]
[2024-10-21T04:34:17.215+0000] {process_utils.py:86} INFO - Sending the signal 15 to group 532
[2024-10-21T04:34:21.541+0000] {taskinstance.py:2483} ERROR - Received SIGTERM. Terminating subprocesses.
[2024-10-21T04:34:21.644+0000] {logging_mixin.py:188} INFO - [CV] END learning_rate=0.001, max_depth=10, min_child_weight=1, n_estimators=500; total time= 4.2min
[2024-10-21T04:35:17.335+0000] {process_utils.py:149} WARNING - process psutil.Process(pid=532, name='airflow task ru', status='running', started='04:29:18') did not respond to SIGTERM. Trying SIGKILL
[2024-10-21T04:35:17.355+0000] {process_utils.py:86} INFO - Sending the signal 9 to group 532
[2024-10-21T04:35:17.391+0000] {process_utils.py:79} INFO - Process psutil.Process(pid=532, name='airflow task ru', status='terminated', exitcode=<Negsignal.SIGKILL: -9>, started='04:29:18') (532) terminated with exit code -9
[2024-10-21T04:35:17.403+0000] {standard_task_runner.py:175} ERROR - Job 87 was killed before it finished (likely due to running out of memory)
