[2024-10-16T10:01:10.492+0000] {taskinstance.py:1979} INFO - Dependencies all met for dep_context=non-requeueable deps ti=<TaskInstance: Gold_training_Pipeline.model_training manual__2024-10-11T08:30:17.672861+00:00 [queued]>
[2024-10-16T10:01:10.502+0000] {taskinstance.py:1979} INFO - Dependencies all met for dep_context=requeueable deps ti=<TaskInstance: Gold_training_Pipeline.model_training manual__2024-10-11T08:30:17.672861+00:00 [queued]>
[2024-10-16T10:01:10.503+0000] {taskinstance.py:2193} INFO - Starting attempt 4 of 4
[2024-10-16T10:01:10.667+0000] {taskinstance.py:2217} INFO - Executing <Task(PythonOperator): model_training> on 2024-10-11 08:30:17.672861+00:00
[2024-10-16T10:01:10.679+0000] {standard_task_runner.py:60} INFO - Started process 972 to run task
[2024-10-16T10:01:10.805+0000] {standard_task_runner.py:87} INFO - Running: ['***', 'tasks', 'run', 'Gold_training_Pipeline', 'model_training', 'manual__2024-10-11T08:30:17.672861+00:00', '--job-id', '68', '--raw', '--subdir', 'DAGS_FOLDER/gold_training_pipeline.py', '--cfg-path', '/tmp/tmp_vsvqk1c']
[2024-10-16T10:01:10.836+0000] {standard_task_runner.py:88} INFO - Job 68: Subtask model_training
[2024-10-16T10:01:11.135+0000] {task_command.py:423} INFO - Running <TaskInstance: Gold_training_Pipeline.model_training manual__2024-10-11T08:30:17.672861+00:00 [running]> on host 3ef26dc59d0b
[2024-10-16T10:01:11.372+0000] {taskinstance.py:2513} INFO - Exporting env vars: AIRFLOW_CTX_DAG_OWNER='sdeshan' AIRFLOW_CTX_DAG_ID='Gold_training_Pipeline' AIRFLOW_CTX_TASK_ID='model_training' AIRFLOW_CTX_EXECUTION_DATE='2024-10-11T08:30:17.672861+00:00' AIRFLOW_CTX_TRY_NUMBER='4' AIRFLOW_CTX_DAG_RUN_ID='manual__2024-10-11T08:30:17.672861+00:00'
[2024-10-16T10:01:12.028+0000] {filesystem.py:118} DEBUG - input tempfile: /tmp/tmpraf1zawu/5phon3w8.json
[2024-10-16T10:01:12.366+0000] {filesystem.py:118} DEBUG - input tempfile: /tmp/tmpraf1zawu/0x2npdgx.json
[2024-10-16T10:01:12.368+0000] {model.py:2042} DEBUG - idx 0
[2024-10-16T10:01:12.368+0000] {model.py:2043} DEBUG - running CmdStan, num_threads: None
[2024-10-16T10:01:12.369+0000] {model.py:2055} DEBUG - CmdStan args: ['/home/***/.local/lib/python3.8/site-packages/prophet/stan_model/prophet_model.bin', 'random', 'seed=69234', 'data', 'file=/tmp/tmpraf1zawu/5phon3w8.json', 'init=/tmp/tmpraf1zawu/0x2npdgx.json', 'output', 'file=/tmp/tmpraf1zawu/prophet_modele_9ftchu/prophet_model-20241016100112.csv', 'method=optimize', 'algorithm=lbfgs', 'iter=10000']
[2024-10-16T10:01:12.370+0000] {logging_mixin.py:188} WARNING - 10:01:12 - cmdstanpy - INFO - Chain [1] start processing
[2024-10-16T10:01:12.370+0000] {model.py:2058} INFO - Chain [1] start processing
[2024-10-16T10:01:14.892+0000] {logging_mixin.py:188} WARNING - 10:01:14 - cmdstanpy - INFO - Chain [1] done processing
[2024-10-16T10:01:14.892+0000] {model.py:2115} INFO - Chain [1] done processing
[2024-10-16T10:01:16.650+0000] {logging_mixin.py:188} INFO - Fitting 3 folds for each of 1 candidates, totalling 3 fits
[2024-10-16T10:39:42.736+0000] {local_task_job_runner.py:121} ERROR - Received SIGTERM. Terminating subprocesses
[2024-10-16T10:39:43.204+0000] {process_utils.py:131} INFO - Sending 15 to group 972. PIDs of all processes in the group: [972]
[2024-10-16T10:39:43.208+0000] {process_utils.py:86} INFO - Sending the signal 15 to group 972
