[2024-10-21T04:29:39.236+0000] {taskinstance.py:1979} INFO - Dependencies all met for dep_context=non-requeueable deps ti=<TaskInstance: Gold_training_Pipeline.model_training scheduled__2024-10-20T00:00:00+00:00 [queued]>
[2024-10-21T04:29:39.261+0000] {taskinstance.py:1979} INFO - Dependencies all met for dep_context=requeueable deps ti=<TaskInstance: Gold_training_Pipeline.model_training scheduled__2024-10-20T00:00:00+00:00 [queued]>
[2024-10-21T04:29:39.263+0000] {taskinstance.py:2193} INFO - Starting attempt 1 of 4
[2024-10-21T04:29:39.769+0000] {taskinstance.py:2217} INFO - Executing <Task(PythonOperator): model_training> on 2024-10-20 00:00:00+00:00
[2024-10-21T04:29:39.786+0000] {standard_task_runner.py:60} INFO - Started process 829 to run task
[2024-10-21T04:29:39.793+0000] {standard_task_runner.py:87} INFO - Running: ['***', 'tasks', 'run', 'Gold_training_Pipeline', 'model_training', 'scheduled__2024-10-20T00:00:00+00:00', '--job-id', '97', '--raw', '--subdir', 'DAGS_FOLDER/gold_training_pipeline.py', '--cfg-path', '/tmp/tmp041p4te3']
[2024-10-21T04:29:39.798+0000] {standard_task_runner.py:88} INFO - Job 97: Subtask model_training
[2024-10-21T04:29:39.919+0000] {task_command.py:423} INFO - Running <TaskInstance: Gold_training_Pipeline.model_training scheduled__2024-10-20T00:00:00+00:00 [running]> on host e58a92ba783e
[2024-10-21T04:29:40.097+0000] {taskinstance.py:2513} INFO - Exporting env vars: AIRFLOW_CTX_DAG_OWNER='sdeshan' AIRFLOW_CTX_DAG_ID='Gold_training_Pipeline' AIRFLOW_CTX_TASK_ID='model_training' AIRFLOW_CTX_EXECUTION_DATE='2024-10-20T00:00:00+00:00' AIRFLOW_CTX_TRY_NUMBER='1' AIRFLOW_CTX_DAG_RUN_ID='scheduled__2024-10-20T00:00:00+00:00'
[2024-10-21T04:29:40.325+0000] {filesystem.py:118} DEBUG - input tempfile: /tmp/tmp6ae5xk2t/thqy89pc.json
[2024-10-21T04:29:40.684+0000] {filesystem.py:118} DEBUG - input tempfile: /tmp/tmp6ae5xk2t/8urwekdt.json
[2024-10-21T04:29:40.690+0000] {model.py:2042} DEBUG - idx 0
[2024-10-21T04:29:40.692+0000] {model.py:2043} DEBUG - running CmdStan, num_threads: None
[2024-10-21T04:29:40.694+0000] {model.py:2055} DEBUG - CmdStan args: ['/home/***/.local/lib/python3.8/site-packages/prophet/stan_model/prophet_model.bin', 'random', 'seed=36440', 'data', 'file=/tmp/tmp6ae5xk2t/thqy89pc.json', 'init=/tmp/tmp6ae5xk2t/8urwekdt.json', 'output', 'file=/tmp/tmp6ae5xk2t/prophet_modelb98xj9d2/prophet_model-20241021042940.csv', 'method=optimize', 'algorithm=lbfgs', 'iter=10000']
[2024-10-21T04:29:40.697+0000] {logging_mixin.py:188} WARNING - 04:29:40 - cmdstanpy - INFO - Chain [1] start processing
[2024-10-21T04:29:40.696+0000] {model.py:2058} INFO - Chain [1] start processing
[2024-10-21T04:29:49.795+0000] {logging_mixin.py:188} WARNING - 04:29:49 - cmdstanpy - INFO - Chain [1] done processing
[2024-10-21T04:29:49.794+0000] {model.py:2115} INFO - Chain [1] done processing
[2024-10-21T04:29:53.312+0000] {logging_mixin.py:188} INFO - Fitting 3 folds for each of 1 candidates, totalling 3 fits
[2024-10-21T04:31:00.948+0000] {local_task_job_runner.py:302} WARNING - State of this instance has been externally set to failed. Terminating instance.
[2024-10-21T04:31:01.001+0000] {process_utils.py:131} INFO - Sending 15 to group 829. PIDs of all processes in the group: [829]
[2024-10-21T04:31:01.017+0000] {process_utils.py:86} INFO - Sending the signal 15 to group 829
[2024-10-21T04:31:02.637+0000] {taskinstance.py:2483} ERROR - Received SIGTERM. Terminating subprocesses.
[2024-10-21T04:31:02.695+0000] {logging_mixin.py:188} INFO - [CV] END learning_rate=0.001, max_depth=10, min_child_weight=1, n_estimators=500; total time= 1.2min
[2024-10-21T04:32:01.092+0000] {process_utils.py:149} WARNING - process psutil.Process(pid=829, name='airflow task ru', status='sleeping', started='04:29:39') did not respond to SIGTERM. Trying SIGKILL
[2024-10-21T04:32:01.096+0000] {process_utils.py:86} INFO - Sending the signal 9 to group 829
[2024-10-21T04:32:01.277+0000] {process_utils.py:79} INFO - Process psutil.Process(pid=829, name='airflow task ru', status='terminated', exitcode=<Negsignal.SIGKILL: -9>, started='04:29:39') (829) terminated with exit code -9
[2024-10-21T04:32:01.279+0000] {standard_task_runner.py:175} ERROR - Job 97 was killed before it finished (likely due to running out of memory)
