[2024-10-07T11:32:13.512+0000] {processor.py:161} INFO - Started process (PID=273) to work on /opt/airflow/dags/gold_news_pipeline.py
[2024-10-07T11:32:13.513+0000] {processor.py:830} INFO - Processing file /opt/airflow/dags/gold_news_pipeline.py for tasks to queue
[2024-10-07T11:32:13.514+0000] {logging_mixin.py:188} INFO - [2024-10-07T11:32:13.514+0000] {dagbag.py:540} INFO - Filling up the DagBag from /opt/airflow/dags/gold_news_pipeline.py
[2024-10-07T11:32:14.121+0000] {processor.py:840} INFO - DAG(s) 'Gold_News_pipeline' retrieved from /opt/airflow/dags/gold_news_pipeline.py
[2024-10-07T11:32:14.415+0000] {logging_mixin.py:188} INFO - [2024-10-07T11:32:14.415+0000] {dag.py:3047} INFO - Sync 1 DAGs
[2024-10-07T11:32:14.439+0000] {logging_mixin.py:188} INFO - [2024-10-07T11:32:14.438+0000] {dag.py:3834} INFO - Setting next_dagrun for Gold_News_pipeline to 2024-10-04 00:00:00+00:00, run_after=2024-10-05 00:00:00+00:00
[2024-10-07T11:32:14.463+0000] {processor.py:183} INFO - Processing /opt/airflow/dags/gold_news_pipeline.py took 0.955 seconds
[2024-10-07T11:32:46.378+0000] {processor.py:161} INFO - Started process (PID=599) to work on /opt/airflow/dags/gold_news_pipeline.py
[2024-10-07T11:32:46.380+0000] {processor.py:830} INFO - Processing file /opt/airflow/dags/gold_news_pipeline.py for tasks to queue
[2024-10-07T11:32:46.381+0000] {logging_mixin.py:188} INFO - [2024-10-07T11:32:46.381+0000] {dagbag.py:540} INFO - Filling up the DagBag from /opt/airflow/dags/gold_news_pipeline.py
[2024-10-07T11:32:47.071+0000] {processor.py:840} INFO - DAG(s) 'Gold_News_pipeline' retrieved from /opt/airflow/dags/gold_news_pipeline.py
[2024-10-07T11:32:47.206+0000] {logging_mixin.py:188} INFO - [2024-10-07T11:32:47.200+0000] {dag.py:3047} INFO - Sync 1 DAGs
[2024-10-07T11:32:47.317+0000] {logging_mixin.py:188} INFO - [2024-10-07T11:32:47.317+0000] {dag.py:3834} INFO - Setting next_dagrun for Gold_News_pipeline to 2024-10-04 00:00:00+00:00, run_after=2024-10-05 00:00:00+00:00
[2024-10-07T11:32:47.609+0000] {processor.py:183} INFO - Processing /opt/airflow/dags/gold_news_pipeline.py took 1.233 seconds
[2024-10-07T11:33:20.026+0000] {processor.py:161} INFO - Started process (PID=724) to work on /opt/airflow/dags/gold_news_pipeline.py
[2024-10-07T11:33:20.027+0000] {processor.py:830} INFO - Processing file /opt/airflow/dags/gold_news_pipeline.py for tasks to queue
[2024-10-07T11:33:20.031+0000] {logging_mixin.py:188} INFO - [2024-10-07T11:33:20.030+0000] {dagbag.py:540} INFO - Filling up the DagBag from /opt/airflow/dags/gold_news_pipeline.py
[2024-10-07T11:33:21.116+0000] {processor.py:840} INFO - DAG(s) 'Gold_News_pipeline' retrieved from /opt/airflow/dags/gold_news_pipeline.py
[2024-10-07T11:33:21.191+0000] {logging_mixin.py:188} INFO - [2024-10-07T11:33:21.191+0000] {dag.py:3047} INFO - Sync 1 DAGs
[2024-10-07T11:33:21.223+0000] {logging_mixin.py:188} INFO - [2024-10-07T11:33:21.223+0000] {dag.py:3834} INFO - Setting next_dagrun for Gold_News_pipeline to 2024-10-04 00:00:00+00:00, run_after=2024-10-05 00:00:00+00:00
[2024-10-07T11:33:21.269+0000] {processor.py:183} INFO - Processing /opt/airflow/dags/gold_news_pipeline.py took 1.247 seconds
[2024-10-07T11:33:54.440+0000] {processor.py:161} INFO - Started process (PID=791) to work on /opt/airflow/dags/gold_news_pipeline.py
[2024-10-07T11:33:54.441+0000] {processor.py:830} INFO - Processing file /opt/airflow/dags/gold_news_pipeline.py for tasks to queue
[2024-10-07T11:33:54.442+0000] {logging_mixin.py:188} INFO - [2024-10-07T11:33:54.442+0000] {dagbag.py:540} INFO - Filling up the DagBag from /opt/airflow/dags/gold_news_pipeline.py
[2024-10-07T11:33:55.856+0000] {processor.py:840} INFO - DAG(s) 'Gold_News_pipeline' retrieved from /opt/airflow/dags/gold_news_pipeline.py
[2024-10-07T11:33:55.961+0000] {logging_mixin.py:188} INFO - [2024-10-07T11:33:55.960+0000] {dag.py:3047} INFO - Sync 1 DAGs
[2024-10-07T11:33:56.005+0000] {logging_mixin.py:188} INFO - [2024-10-07T11:33:56.004+0000] {dag.py:3834} INFO - Setting next_dagrun for Gold_News_pipeline to 2024-10-04 00:00:00+00:00, run_after=2024-10-05 00:00:00+00:00
[2024-10-07T11:33:56.084+0000] {processor.py:183} INFO - Processing /opt/airflow/dags/gold_news_pipeline.py took 1.648 seconds
[2024-10-07T11:34:26.295+0000] {processor.py:161} INFO - Started process (PID=840) to work on /opt/airflow/dags/gold_news_pipeline.py
[2024-10-07T11:34:26.302+0000] {processor.py:830} INFO - Processing file /opt/airflow/dags/gold_news_pipeline.py for tasks to queue
[2024-10-07T11:34:26.303+0000] {logging_mixin.py:188} INFO - [2024-10-07T11:34:26.303+0000] {dagbag.py:540} INFO - Filling up the DagBag from /opt/airflow/dags/gold_news_pipeline.py
[2024-10-07T11:34:27.549+0000] {processor.py:840} INFO - DAG(s) 'Gold_News_pipeline' retrieved from /opt/airflow/dags/gold_news_pipeline.py
[2024-10-07T11:34:27.794+0000] {logging_mixin.py:188} INFO - [2024-10-07T11:34:27.793+0000] {dag.py:3047} INFO - Sync 1 DAGs
[2024-10-07T11:34:27.847+0000] {logging_mixin.py:188} INFO - [2024-10-07T11:34:27.847+0000] {dag.py:3834} INFO - Setting next_dagrun for Gold_News_pipeline to 2024-10-04 00:00:00+00:00, run_after=2024-10-05 00:00:00+00:00
[2024-10-07T11:34:27.942+0000] {processor.py:183} INFO - Processing /opt/airflow/dags/gold_news_pipeline.py took 1.650 seconds
[2024-10-07T11:34:58.238+0000] {processor.py:161} INFO - Started process (PID=903) to work on /opt/airflow/dags/gold_news_pipeline.py
[2024-10-07T11:34:58.250+0000] {processor.py:830} INFO - Processing file /opt/airflow/dags/gold_news_pipeline.py for tasks to queue
[2024-10-07T11:34:58.256+0000] {logging_mixin.py:188} INFO - [2024-10-07T11:34:58.256+0000] {dagbag.py:540} INFO - Filling up the DagBag from /opt/airflow/dags/gold_news_pipeline.py
[2024-10-07T11:34:59.379+0000] {processor.py:840} INFO - DAG(s) 'Gold_News_pipeline' retrieved from /opt/airflow/dags/gold_news_pipeline.py
[2024-10-07T11:34:59.598+0000] {logging_mixin.py:188} INFO - [2024-10-07T11:34:59.598+0000] {dag.py:3047} INFO - Sync 1 DAGs
[2024-10-07T11:34:59.648+0000] {logging_mixin.py:188} INFO - [2024-10-07T11:34:59.648+0000] {dag.py:3834} INFO - Setting next_dagrun for Gold_News_pipeline to 2024-10-04 00:00:00+00:00, run_after=2024-10-05 00:00:00+00:00
[2024-10-07T11:34:59.713+0000] {processor.py:183} INFO - Processing /opt/airflow/dags/gold_news_pipeline.py took 1.478 seconds
[2024-10-07T11:35:30.898+0000] {processor.py:161} INFO - Started process (PID=971) to work on /opt/airflow/dags/gold_news_pipeline.py
[2024-10-07T11:35:30.900+0000] {processor.py:830} INFO - Processing file /opt/airflow/dags/gold_news_pipeline.py for tasks to queue
[2024-10-07T11:35:30.901+0000] {logging_mixin.py:188} INFO - [2024-10-07T11:35:30.901+0000] {dagbag.py:540} INFO - Filling up the DagBag from /opt/airflow/dags/gold_news_pipeline.py
[2024-10-07T11:35:32.103+0000] {processor.py:840} INFO - DAG(s) 'Gold_News_pipeline' retrieved from /opt/airflow/dags/gold_news_pipeline.py
[2024-10-07T11:35:32.235+0000] {logging_mixin.py:188} INFO - [2024-10-07T11:35:32.234+0000] {dag.py:3047} INFO - Sync 1 DAGs
[2024-10-07T11:35:32.327+0000] {logging_mixin.py:188} INFO - [2024-10-07T11:35:32.327+0000] {dag.py:3834} INFO - Setting next_dagrun for Gold_News_pipeline to 2024-10-04 00:00:00+00:00, run_after=2024-10-05 00:00:00+00:00
[2024-10-07T11:35:32.655+0000] {processor.py:183} INFO - Processing /opt/airflow/dags/gold_news_pipeline.py took 1.760 seconds
[2024-10-07T11:36:03.231+0000] {processor.py:161} INFO - Started process (PID=1046) to work on /opt/airflow/dags/gold_news_pipeline.py
[2024-10-07T11:36:03.237+0000] {processor.py:830} INFO - Processing file /opt/airflow/dags/gold_news_pipeline.py for tasks to queue
[2024-10-07T11:36:03.238+0000] {logging_mixin.py:188} INFO - [2024-10-07T11:36:03.238+0000] {dagbag.py:540} INFO - Filling up the DagBag from /opt/airflow/dags/gold_news_pipeline.py
[2024-10-07T11:36:05.001+0000] {processor.py:840} INFO - DAG(s) 'Gold_News_pipeline' retrieved from /opt/airflow/dags/gold_news_pipeline.py
[2024-10-07T11:36:05.114+0000] {logging_mixin.py:188} INFO - [2024-10-07T11:36:05.113+0000] {dag.py:3047} INFO - Sync 1 DAGs
[2024-10-07T11:36:05.151+0000] {logging_mixin.py:188} INFO - [2024-10-07T11:36:05.151+0000] {dag.py:3834} INFO - Setting next_dagrun for Gold_News_pipeline to 2024-10-04 00:00:00+00:00, run_after=2024-10-05 00:00:00+00:00
[2024-10-07T11:36:05.187+0000] {processor.py:183} INFO - Processing /opt/airflow/dags/gold_news_pipeline.py took 1.959 seconds
[2024-10-07T11:36:35.467+0000] {processor.py:161} INFO - Started process (PID=1095) to work on /opt/airflow/dags/gold_news_pipeline.py
[2024-10-07T11:36:35.469+0000] {processor.py:830} INFO - Processing file /opt/airflow/dags/gold_news_pipeline.py for tasks to queue
[2024-10-07T11:36:35.469+0000] {logging_mixin.py:188} INFO - [2024-10-07T11:36:35.469+0000] {dagbag.py:540} INFO - Filling up the DagBag from /opt/airflow/dags/gold_news_pipeline.py
[2024-10-07T11:36:36.796+0000] {processor.py:840} INFO - DAG(s) 'Gold_News_pipeline' retrieved from /opt/airflow/dags/gold_news_pipeline.py
[2024-10-07T11:36:36.855+0000] {logging_mixin.py:188} INFO - [2024-10-07T11:36:36.855+0000] {dag.py:3047} INFO - Sync 1 DAGs
[2024-10-07T11:36:36.896+0000] {logging_mixin.py:188} INFO - [2024-10-07T11:36:36.895+0000] {dag.py:3834} INFO - Setting next_dagrun for Gold_News_pipeline to 2024-10-04 00:00:00+00:00, run_after=2024-10-05 00:00:00+00:00
[2024-10-07T11:36:36.926+0000] {processor.py:183} INFO - Processing /opt/airflow/dags/gold_news_pipeline.py took 1.461 seconds
[2024-10-07T11:37:07.407+0000] {processor.py:161} INFO - Started process (PID=1159) to work on /opt/airflow/dags/gold_news_pipeline.py
[2024-10-07T11:37:07.416+0000] {processor.py:830} INFO - Processing file /opt/airflow/dags/gold_news_pipeline.py for tasks to queue
[2024-10-07T11:37:07.417+0000] {logging_mixin.py:188} INFO - [2024-10-07T11:37:07.417+0000] {dagbag.py:540} INFO - Filling up the DagBag from /opt/airflow/dags/gold_news_pipeline.py
[2024-10-07T11:37:08.999+0000] {processor.py:840} INFO - DAG(s) 'Gold_News_pipeline' retrieved from /opt/airflow/dags/gold_news_pipeline.py
[2024-10-07T11:37:09.138+0000] {logging_mixin.py:188} INFO - [2024-10-07T11:37:09.137+0000] {dag.py:3047} INFO - Sync 1 DAGs
[2024-10-07T11:37:09.260+0000] {logging_mixin.py:188} INFO - [2024-10-07T11:37:09.258+0000] {dag.py:3834} INFO - Setting next_dagrun for Gold_News_pipeline to 2024-10-04 00:00:00+00:00, run_after=2024-10-05 00:00:00+00:00
[2024-10-07T11:37:09.332+0000] {processor.py:183} INFO - Processing /opt/airflow/dags/gold_news_pipeline.py took 1.930 seconds
[2024-10-07T11:37:42.101+0000] {processor.py:161} INFO - Started process (PID=1226) to work on /opt/airflow/dags/gold_news_pipeline.py
[2024-10-07T11:37:42.102+0000] {processor.py:830} INFO - Processing file /opt/airflow/dags/gold_news_pipeline.py for tasks to queue
[2024-10-07T11:37:42.109+0000] {logging_mixin.py:188} INFO - [2024-10-07T11:37:42.108+0000] {dagbag.py:540} INFO - Filling up the DagBag from /opt/airflow/dags/gold_news_pipeline.py
[2024-10-07T11:37:43.209+0000] {processor.py:840} INFO - DAG(s) 'Gold_News_pipeline' retrieved from /opt/airflow/dags/gold_news_pipeline.py
[2024-10-07T11:37:43.278+0000] {logging_mixin.py:188} INFO - [2024-10-07T11:37:43.278+0000] {dag.py:3047} INFO - Sync 1 DAGs
[2024-10-07T11:37:43.329+0000] {logging_mixin.py:188} INFO - [2024-10-07T11:37:43.329+0000] {dag.py:3834} INFO - Setting next_dagrun for Gold_News_pipeline to 2024-10-04 00:00:00+00:00, run_after=2024-10-05 00:00:00+00:00
[2024-10-07T11:37:43.350+0000] {processor.py:183} INFO - Processing /opt/airflow/dags/gold_news_pipeline.py took 1.252 seconds
[2024-10-07T11:38:13.519+0000] {processor.py:161} INFO - Started process (PID=1294) to work on /opt/airflow/dags/gold_news_pipeline.py
[2024-10-07T11:38:13.523+0000] {processor.py:830} INFO - Processing file /opt/airflow/dags/gold_news_pipeline.py for tasks to queue
[2024-10-07T11:38:13.528+0000] {logging_mixin.py:188} INFO - [2024-10-07T11:38:13.527+0000] {dagbag.py:540} INFO - Filling up the DagBag from /opt/airflow/dags/gold_news_pipeline.py
[2024-10-07T11:38:14.988+0000] {processor.py:840} INFO - DAG(s) 'Gold_News_pipeline' retrieved from /opt/airflow/dags/gold_news_pipeline.py
[2024-10-07T11:38:15.163+0000] {logging_mixin.py:188} INFO - [2024-10-07T11:38:15.163+0000] {dag.py:3047} INFO - Sync 1 DAGs
[2024-10-07T11:38:15.199+0000] {logging_mixin.py:188} INFO - [2024-10-07T11:38:15.199+0000] {dag.py:3834} INFO - Setting next_dagrun for Gold_News_pipeline to 2024-10-04 00:00:00+00:00, run_after=2024-10-05 00:00:00+00:00
[2024-10-07T11:38:15.511+0000] {processor.py:183} INFO - Processing /opt/airflow/dags/gold_news_pipeline.py took 1.995 seconds
[2024-10-07T11:38:45.992+0000] {processor.py:161} INFO - Started process (PID=1362) to work on /opt/airflow/dags/gold_news_pipeline.py
[2024-10-07T11:38:45.994+0000] {processor.py:830} INFO - Processing file /opt/airflow/dags/gold_news_pipeline.py for tasks to queue
[2024-10-07T11:38:45.995+0000] {logging_mixin.py:188} INFO - [2024-10-07T11:38:45.994+0000] {dagbag.py:540} INFO - Filling up the DagBag from /opt/airflow/dags/gold_news_pipeline.py
[2024-10-07T11:38:47.284+0000] {processor.py:840} INFO - DAG(s) 'Gold_News_pipeline' retrieved from /opt/airflow/dags/gold_news_pipeline.py
[2024-10-07T11:38:47.371+0000] {logging_mixin.py:188} INFO - [2024-10-07T11:38:47.370+0000] {dag.py:3047} INFO - Sync 1 DAGs
[2024-10-07T11:38:47.411+0000] {logging_mixin.py:188} INFO - [2024-10-07T11:38:47.411+0000] {dag.py:3834} INFO - Setting next_dagrun for Gold_News_pipeline to 2024-10-04 00:00:00+00:00, run_after=2024-10-05 00:00:00+00:00
[2024-10-07T11:38:47.455+0000] {processor.py:183} INFO - Processing /opt/airflow/dags/gold_news_pipeline.py took 1.466 seconds
[2024-10-07T11:39:17.639+0000] {processor.py:161} INFO - Started process (PID=1430) to work on /opt/airflow/dags/gold_news_pipeline.py
[2024-10-07T11:39:17.640+0000] {processor.py:830} INFO - Processing file /opt/airflow/dags/gold_news_pipeline.py for tasks to queue
[2024-10-07T11:39:17.641+0000] {logging_mixin.py:188} INFO - [2024-10-07T11:39:17.641+0000] {dagbag.py:540} INFO - Filling up the DagBag from /opt/airflow/dags/gold_news_pipeline.py
[2024-10-07T11:39:19.200+0000] {processor.py:840} INFO - DAG(s) 'Gold_News_pipeline' retrieved from /opt/airflow/dags/gold_news_pipeline.py
[2024-10-07T11:39:19.322+0000] {logging_mixin.py:188} INFO - [2024-10-07T11:39:19.321+0000] {dag.py:3047} INFO - Sync 1 DAGs
[2024-10-07T11:39:19.376+0000] {logging_mixin.py:188} INFO - [2024-10-07T11:39:19.376+0000] {dag.py:3834} INFO - Setting next_dagrun for Gold_News_pipeline to 2024-10-04 00:00:00+00:00, run_after=2024-10-05 00:00:00+00:00
[2024-10-07T11:39:19.495+0000] {processor.py:183} INFO - Processing /opt/airflow/dags/gold_news_pipeline.py took 1.859 seconds
[2024-10-07T11:39:49.609+0000] {processor.py:161} INFO - Started process (PID=1499) to work on /opt/airflow/dags/gold_news_pipeline.py
[2024-10-07T11:39:49.633+0000] {processor.py:830} INFO - Processing file /opt/airflow/dags/gold_news_pipeline.py for tasks to queue
[2024-10-07T11:39:49.634+0000] {logging_mixin.py:188} INFO - [2024-10-07T11:39:49.634+0000] {dagbag.py:540} INFO - Filling up the DagBag from /opt/airflow/dags/gold_news_pipeline.py
[2024-10-07T11:39:50.605+0000] {processor.py:840} INFO - DAG(s) 'Gold_News_pipeline' retrieved from /opt/airflow/dags/gold_news_pipeline.py
[2024-10-07T11:39:50.722+0000] {logging_mixin.py:188} INFO - [2024-10-07T11:39:50.721+0000] {dag.py:3047} INFO - Sync 1 DAGs
[2024-10-07T11:39:50.786+0000] {logging_mixin.py:188} INFO - [2024-10-07T11:39:50.786+0000] {dag.py:3834} INFO - Setting next_dagrun for Gold_News_pipeline to 2024-10-04 00:00:00+00:00, run_after=2024-10-05 00:00:00+00:00
[2024-10-07T11:39:50.816+0000] {processor.py:183} INFO - Processing /opt/airflow/dags/gold_news_pipeline.py took 1.213 seconds
[2024-10-07T11:40:21.327+0000] {processor.py:161} INFO - Started process (PID=1567) to work on /opt/airflow/dags/gold_news_pipeline.py
[2024-10-07T11:40:21.332+0000] {processor.py:830} INFO - Processing file /opt/airflow/dags/gold_news_pipeline.py for tasks to queue
[2024-10-07T11:40:21.333+0000] {logging_mixin.py:188} INFO - [2024-10-07T11:40:21.332+0000] {dagbag.py:540} INFO - Filling up the DagBag from /opt/airflow/dags/gold_news_pipeline.py
[2024-10-07T11:40:22.248+0000] {processor.py:840} INFO - DAG(s) 'Gold_News_pipeline' retrieved from /opt/airflow/dags/gold_news_pipeline.py
[2024-10-07T11:40:22.417+0000] {logging_mixin.py:188} INFO - [2024-10-07T11:40:22.416+0000] {dag.py:3047} INFO - Sync 1 DAGs
[2024-10-07T11:40:22.527+0000] {logging_mixin.py:188} INFO - [2024-10-07T11:40:22.526+0000] {dag.py:3834} INFO - Setting next_dagrun for Gold_News_pipeline to 2024-10-04 00:00:00+00:00, run_after=2024-10-05 00:00:00+00:00
[2024-10-07T11:40:22.819+0000] {processor.py:183} INFO - Processing /opt/airflow/dags/gold_news_pipeline.py took 1.494 seconds
[2024-10-07T11:40:53.631+0000] {processor.py:161} INFO - Started process (PID=1633) to work on /opt/airflow/dags/gold_news_pipeline.py
[2024-10-07T11:40:53.638+0000] {processor.py:830} INFO - Processing file /opt/airflow/dags/gold_news_pipeline.py for tasks to queue
[2024-10-07T11:40:53.639+0000] {logging_mixin.py:188} INFO - [2024-10-07T11:40:53.639+0000] {dagbag.py:540} INFO - Filling up the DagBag from /opt/airflow/dags/gold_news_pipeline.py
[2024-10-07T11:40:55.405+0000] {processor.py:840} INFO - DAG(s) 'Gold_News_pipeline' retrieved from /opt/airflow/dags/gold_news_pipeline.py
[2024-10-07T11:40:55.538+0000] {logging_mixin.py:188} INFO - [2024-10-07T11:40:55.537+0000] {dag.py:3047} INFO - Sync 1 DAGs
[2024-10-07T11:40:55.584+0000] {logging_mixin.py:188} INFO - [2024-10-07T11:40:55.583+0000] {dag.py:3834} INFO - Setting next_dagrun for Gold_News_pipeline to 2024-10-04 00:00:00+00:00, run_after=2024-10-05 00:00:00+00:00
[2024-10-07T11:40:55.651+0000] {processor.py:183} INFO - Processing /opt/airflow/dags/gold_news_pipeline.py took 2.023 seconds
[2024-10-07T11:41:25.987+0000] {processor.py:161} INFO - Started process (PID=1703) to work on /opt/airflow/dags/gold_news_pipeline.py
[2024-10-07T11:41:25.989+0000] {processor.py:830} INFO - Processing file /opt/airflow/dags/gold_news_pipeline.py for tasks to queue
[2024-10-07T11:41:25.991+0000] {logging_mixin.py:188} INFO - [2024-10-07T11:41:25.991+0000] {dagbag.py:540} INFO - Filling up the DagBag from /opt/airflow/dags/gold_news_pipeline.py
[2024-10-07T11:41:27.230+0000] {processor.py:840} INFO - DAG(s) 'Gold_News_pipeline' retrieved from /opt/airflow/dags/gold_news_pipeline.py
[2024-10-07T11:41:27.282+0000] {logging_mixin.py:188} INFO - [2024-10-07T11:41:27.281+0000] {dag.py:3047} INFO - Sync 1 DAGs
[2024-10-07T11:41:27.312+0000] {logging_mixin.py:188} INFO - [2024-10-07T11:41:27.312+0000] {dag.py:3834} INFO - Setting next_dagrun for Gold_News_pipeline to 2024-10-04 00:00:00+00:00, run_after=2024-10-05 00:00:00+00:00
[2024-10-07T11:41:27.343+0000] {processor.py:183} INFO - Processing /opt/airflow/dags/gold_news_pipeline.py took 1.360 seconds
[2024-10-07T11:41:57.559+0000] {processor.py:161} INFO - Started process (PID=1769) to work on /opt/airflow/dags/gold_news_pipeline.py
[2024-10-07T11:41:57.571+0000] {processor.py:830} INFO - Processing file /opt/airflow/dags/gold_news_pipeline.py for tasks to queue
[2024-10-07T11:41:57.572+0000] {logging_mixin.py:188} INFO - [2024-10-07T11:41:57.571+0000] {dagbag.py:540} INFO - Filling up the DagBag from /opt/airflow/dags/gold_news_pipeline.py
[2024-10-07T11:41:59.033+0000] {processor.py:840} INFO - DAG(s) 'Gold_News_pipeline' retrieved from /opt/airflow/dags/gold_news_pipeline.py
[2024-10-07T11:41:59.191+0000] {logging_mixin.py:188} INFO - [2024-10-07T11:41:59.191+0000] {dag.py:3047} INFO - Sync 1 DAGs
[2024-10-07T11:41:59.225+0000] {logging_mixin.py:188} INFO - [2024-10-07T11:41:59.225+0000] {dag.py:3834} INFO - Setting next_dagrun for Gold_News_pipeline to 2024-10-04 00:00:00+00:00, run_after=2024-10-05 00:00:00+00:00
[2024-10-07T11:41:59.315+0000] {processor.py:183} INFO - Processing /opt/airflow/dags/gold_news_pipeline.py took 1.759 seconds
[2024-10-07T11:42:29.887+0000] {processor.py:161} INFO - Started process (PID=1836) to work on /opt/airflow/dags/gold_news_pipeline.py
[2024-10-07T11:42:29.888+0000] {processor.py:830} INFO - Processing file /opt/airflow/dags/gold_news_pipeline.py for tasks to queue
[2024-10-07T11:42:29.891+0000] {logging_mixin.py:188} INFO - [2024-10-07T11:42:29.890+0000] {dagbag.py:540} INFO - Filling up the DagBag from /opt/airflow/dags/gold_news_pipeline.py
[2024-10-07T11:42:31.075+0000] {processor.py:840} INFO - DAG(s) 'Gold_News_pipeline' retrieved from /opt/airflow/dags/gold_news_pipeline.py
[2024-10-07T11:42:31.143+0000] {logging_mixin.py:188} INFO - [2024-10-07T11:42:31.143+0000] {dag.py:3047} INFO - Sync 1 DAGs
[2024-10-07T11:42:31.184+0000] {logging_mixin.py:188} INFO - [2024-10-07T11:42:31.184+0000] {dag.py:3834} INFO - Setting next_dagrun for Gold_News_pipeline to 2024-10-04 00:00:00+00:00, run_after=2024-10-05 00:00:00+00:00
[2024-10-07T11:42:31.395+0000] {processor.py:183} INFO - Processing /opt/airflow/dags/gold_news_pipeline.py took 1.514 seconds
[2024-10-07T11:43:01.679+0000] {processor.py:161} INFO - Started process (PID=1904) to work on /opt/airflow/dags/gold_news_pipeline.py
[2024-10-07T11:43:01.679+0000] {processor.py:830} INFO - Processing file /opt/airflow/dags/gold_news_pipeline.py for tasks to queue
[2024-10-07T11:43:01.680+0000] {logging_mixin.py:188} INFO - [2024-10-07T11:43:01.680+0000] {dagbag.py:540} INFO - Filling up the DagBag from /opt/airflow/dags/gold_news_pipeline.py
[2024-10-07T11:43:02.623+0000] {processor.py:840} INFO - DAG(s) 'Gold_News_pipeline' retrieved from /opt/airflow/dags/gold_news_pipeline.py
[2024-10-07T11:43:02.694+0000] {logging_mixin.py:188} INFO - [2024-10-07T11:43:02.693+0000] {dag.py:3047} INFO - Sync 1 DAGs
[2024-10-07T11:43:02.809+0000] {logging_mixin.py:188} INFO - [2024-10-07T11:43:02.809+0000] {dag.py:3834} INFO - Setting next_dagrun for Gold_News_pipeline to 2024-10-04 00:00:00+00:00, run_after=2024-10-05 00:00:00+00:00
[2024-10-07T11:43:02.856+0000] {processor.py:183} INFO - Processing /opt/airflow/dags/gold_news_pipeline.py took 1.180 seconds
[2024-10-07T11:43:34.233+0000] {processor.py:161} INFO - Started process (PID=1977) to work on /opt/airflow/dags/gold_news_pipeline.py
[2024-10-07T11:43:34.234+0000] {processor.py:830} INFO - Processing file /opt/airflow/dags/gold_news_pipeline.py for tasks to queue
[2024-10-07T11:43:34.237+0000] {logging_mixin.py:188} INFO - [2024-10-07T11:43:34.237+0000] {dagbag.py:540} INFO - Filling up the DagBag from /opt/airflow/dags/gold_news_pipeline.py
[2024-10-07T11:43:35.902+0000] {processor.py:840} INFO - DAG(s) 'Gold_News_pipeline' retrieved from /opt/airflow/dags/gold_news_pipeline.py
[2024-10-07T11:43:35.977+0000] {logging_mixin.py:188} INFO - [2024-10-07T11:43:35.976+0000] {dag.py:3047} INFO - Sync 1 DAGs
[2024-10-07T11:43:36.014+0000] {logging_mixin.py:188} INFO - [2024-10-07T11:43:36.013+0000] {dag.py:3834} INFO - Setting next_dagrun for Gold_News_pipeline to 2024-10-04 00:00:00+00:00, run_after=2024-10-05 00:00:00+00:00
[2024-10-07T11:43:36.095+0000] {processor.py:183} INFO - Processing /opt/airflow/dags/gold_news_pipeline.py took 1.866 seconds
[2024-10-07T11:44:06.394+0000] {processor.py:161} INFO - Started process (PID=2024) to work on /opt/airflow/dags/gold_news_pipeline.py
[2024-10-07T11:44:06.406+0000] {processor.py:830} INFO - Processing file /opt/airflow/dags/gold_news_pipeline.py for tasks to queue
[2024-10-07T11:44:06.407+0000] {logging_mixin.py:188} INFO - [2024-10-07T11:44:06.407+0000] {dagbag.py:540} INFO - Filling up the DagBag from /opt/airflow/dags/gold_news_pipeline.py
[2024-10-07T11:44:07.665+0000] {processor.py:840} INFO - DAG(s) 'Gold_News_pipeline' retrieved from /opt/airflow/dags/gold_news_pipeline.py
[2024-10-07T11:44:07.948+0000] {logging_mixin.py:188} INFO - [2024-10-07T11:44:07.948+0000] {dag.py:3047} INFO - Sync 1 DAGs
[2024-10-07T11:44:08.042+0000] {logging_mixin.py:188} INFO - [2024-10-07T11:44:08.042+0000] {dag.py:3834} INFO - Setting next_dagrun for Gold_News_pipeline to 2024-10-04 00:00:00+00:00, run_after=2024-10-05 00:00:00+00:00
[2024-10-07T11:44:08.092+0000] {processor.py:183} INFO - Processing /opt/airflow/dags/gold_news_pipeline.py took 1.701 seconds
[2024-10-07T11:44:38.670+0000] {processor.py:161} INFO - Started process (PID=2089) to work on /opt/airflow/dags/gold_news_pipeline.py
[2024-10-07T11:44:38.682+0000] {processor.py:830} INFO - Processing file /opt/airflow/dags/gold_news_pipeline.py for tasks to queue
[2024-10-07T11:44:38.697+0000] {logging_mixin.py:188} INFO - [2024-10-07T11:44:38.696+0000] {dagbag.py:540} INFO - Filling up the DagBag from /opt/airflow/dags/gold_news_pipeline.py
[2024-10-07T11:44:39.858+0000] {processor.py:840} INFO - DAG(s) 'Gold_News_pipeline' retrieved from /opt/airflow/dags/gold_news_pipeline.py
[2024-10-07T11:44:39.964+0000] {logging_mixin.py:188} INFO - [2024-10-07T11:44:39.963+0000] {dag.py:3047} INFO - Sync 1 DAGs
[2024-10-07T11:44:39.996+0000] {logging_mixin.py:188} INFO - [2024-10-07T11:44:39.996+0000] {dag.py:3834} INFO - Setting next_dagrun for Gold_News_pipeline to 2024-10-04 00:00:00+00:00, run_after=2024-10-05 00:00:00+00:00
[2024-10-07T11:44:40.076+0000] {processor.py:183} INFO - Processing /opt/airflow/dags/gold_news_pipeline.py took 1.410 seconds
[2024-10-07T11:45:10.442+0000] {processor.py:161} INFO - Started process (PID=2157) to work on /opt/airflow/dags/gold_news_pipeline.py
[2024-10-07T11:45:10.444+0000] {processor.py:830} INFO - Processing file /opt/airflow/dags/gold_news_pipeline.py for tasks to queue
[2024-10-07T11:45:10.445+0000] {logging_mixin.py:188} INFO - [2024-10-07T11:45:10.444+0000] {dagbag.py:540} INFO - Filling up the DagBag from /opt/airflow/dags/gold_news_pipeline.py
[2024-10-07T11:45:11.553+0000] {processor.py:840} INFO - DAG(s) 'Gold_News_pipeline' retrieved from /opt/airflow/dags/gold_news_pipeline.py
[2024-10-07T11:45:11.612+0000] {logging_mixin.py:188} INFO - [2024-10-07T11:45:11.611+0000] {dag.py:3047} INFO - Sync 1 DAGs
[2024-10-07T11:45:11.636+0000] {logging_mixin.py:188} INFO - [2024-10-07T11:45:11.636+0000] {dag.py:3834} INFO - Setting next_dagrun for Gold_News_pipeline to 2024-10-04 00:00:00+00:00, run_after=2024-10-05 00:00:00+00:00
[2024-10-07T11:45:11.756+0000] {processor.py:183} INFO - Processing /opt/airflow/dags/gold_news_pipeline.py took 1.317 seconds
[2024-10-07T11:45:42.112+0000] {processor.py:161} INFO - Started process (PID=2222) to work on /opt/airflow/dags/gold_news_pipeline.py
[2024-10-07T11:45:42.117+0000] {processor.py:830} INFO - Processing file /opt/airflow/dags/gold_news_pipeline.py for tasks to queue
[2024-10-07T11:45:42.120+0000] {logging_mixin.py:188} INFO - [2024-10-07T11:45:42.119+0000] {dagbag.py:540} INFO - Filling up the DagBag from /opt/airflow/dags/gold_news_pipeline.py
[2024-10-07T11:45:43.549+0000] {processor.py:840} INFO - DAG(s) 'Gold_News_pipeline' retrieved from /opt/airflow/dags/gold_news_pipeline.py
[2024-10-07T11:45:43.621+0000] {logging_mixin.py:188} INFO - [2024-10-07T11:45:43.615+0000] {dag.py:3047} INFO - Sync 1 DAGs
[2024-10-07T11:45:43.666+0000] {logging_mixin.py:188} INFO - [2024-10-07T11:45:43.666+0000] {dag.py:3834} INFO - Setting next_dagrun for Gold_News_pipeline to 2024-10-04 00:00:00+00:00, run_after=2024-10-05 00:00:00+00:00
[2024-10-07T11:45:43.733+0000] {processor.py:183} INFO - Processing /opt/airflow/dags/gold_news_pipeline.py took 1.625 seconds
[2024-10-07T11:46:14.758+0000] {processor.py:161} INFO - Started process (PID=2289) to work on /opt/airflow/dags/gold_news_pipeline.py
[2024-10-07T11:46:14.772+0000] {processor.py:830} INFO - Processing file /opt/airflow/dags/gold_news_pipeline.py for tasks to queue
[2024-10-07T11:46:14.778+0000] {logging_mixin.py:188} INFO - [2024-10-07T11:46:14.778+0000] {dagbag.py:540} INFO - Filling up the DagBag from /opt/airflow/dags/gold_news_pipeline.py
[2024-10-07T11:46:16.384+0000] {processor.py:840} INFO - DAG(s) 'Gold_News_pipeline' retrieved from /opt/airflow/dags/gold_news_pipeline.py
[2024-10-07T11:46:16.501+0000] {logging_mixin.py:188} INFO - [2024-10-07T11:46:16.501+0000] {dag.py:3047} INFO - Sync 1 DAGs
[2024-10-07T11:46:16.541+0000] {logging_mixin.py:188} INFO - [2024-10-07T11:46:16.541+0000] {dag.py:3834} INFO - Setting next_dagrun for Gold_News_pipeline to 2024-10-04 00:00:00+00:00, run_after=2024-10-05 00:00:00+00:00
[2024-10-07T11:46:16.630+0000] {processor.py:183} INFO - Processing /opt/airflow/dags/gold_news_pipeline.py took 1.874 seconds
