[2024-10-07T11:32:10.544+0000] {processor.py:161} INFO - Started process (PID=218) to work on /opt/airflow/dags/gold_training_pipeline.py
[2024-10-07T11:32:10.546+0000] {processor.py:830} INFO - Processing file /opt/airflow/dags/gold_training_pipeline.py for tasks to queue
[2024-10-07T11:32:10.547+0000] {logging_mixin.py:188} INFO - [2024-10-07T11:32:10.547+0000] {dagbag.py:540} INFO - Filling up the DagBag from /opt/airflow/dags/gold_training_pipeline.py
[2024-10-07T11:32:12.326+0000] {logging_mixin.py:188} INFO - [2024-10-07T11:32:12.325+0000] {font_manager.py:1547} INFO - generated new fontManager
[2024-10-07T11:32:13.235+0000] {processor.py:840} INFO - DAG(s) 'Gold_training_Pipeline' retrieved from /opt/airflow/dags/gold_training_pipeline.py
[2024-10-07T11:32:13.411+0000] {logging_mixin.py:188} INFO - [2024-10-07T11:32:13.410+0000] {dag.py:3047} INFO - Sync 1 DAGs
[2024-10-07T11:32:13.424+0000] {logging_mixin.py:188} INFO - [2024-10-07T11:32:13.424+0000] {dag.py:3834} INFO - Setting next_dagrun for Gold_training_Pipeline to 2024-10-04 00:00:00+00:00, run_after=2024-10-05 00:00:00+00:00
[2024-10-07T11:32:13.449+0000] {processor.py:183} INFO - Processing /opt/airflow/dags/gold_training_pipeline.py took 2.908 seconds
[2024-10-07T11:32:44.081+0000] {processor.py:161} INFO - Started process (PID=546) to work on /opt/airflow/dags/gold_training_pipeline.py
[2024-10-07T11:32:44.100+0000] {processor.py:830} INFO - Processing file /opt/airflow/dags/gold_training_pipeline.py for tasks to queue
[2024-10-07T11:32:44.111+0000] {logging_mixin.py:188} INFO - [2024-10-07T11:32:44.111+0000] {dagbag.py:540} INFO - Filling up the DagBag from /opt/airflow/dags/gold_training_pipeline.py
[2024-10-07T11:32:46.048+0000] {processor.py:840} INFO - DAG(s) 'Gold_training_Pipeline' retrieved from /opt/airflow/dags/gold_training_pipeline.py
[2024-10-07T11:32:46.135+0000] {logging_mixin.py:188} INFO - [2024-10-07T11:32:46.135+0000] {dag.py:3047} INFO - Sync 1 DAGs
[2024-10-07T11:32:46.297+0000] {logging_mixin.py:188} INFO - [2024-10-07T11:32:46.297+0000] {dag.py:3834} INFO - Setting next_dagrun for Gold_training_Pipeline to 2024-10-07 00:00:00+00:00, run_after=2024-10-08 00:00:00+00:00
[2024-10-07T11:32:46.322+0000] {processor.py:183} INFO - Processing /opt/airflow/dags/gold_training_pipeline.py took 2.291 seconds
[2024-10-07T11:33:16.606+0000] {processor.py:161} INFO - Started process (PID=670) to work on /opt/airflow/dags/gold_training_pipeline.py
[2024-10-07T11:33:16.618+0000] {processor.py:830} INFO - Processing file /opt/airflow/dags/gold_training_pipeline.py for tasks to queue
[2024-10-07T11:33:16.620+0000] {logging_mixin.py:188} INFO - [2024-10-07T11:33:16.620+0000] {dagbag.py:540} INFO - Filling up the DagBag from /opt/airflow/dags/gold_training_pipeline.py
[2024-10-07T11:33:19.680+0000] {processor.py:840} INFO - DAG(s) 'Gold_training_Pipeline' retrieved from /opt/airflow/dags/gold_training_pipeline.py
[2024-10-07T11:33:19.841+0000] {logging_mixin.py:188} INFO - [2024-10-07T11:33:19.840+0000] {dag.py:3047} INFO - Sync 1 DAGs
[2024-10-07T11:33:19.901+0000] {logging_mixin.py:188} INFO - [2024-10-07T11:33:19.900+0000] {dag.py:3834} INFO - Setting next_dagrun for Gold_training_Pipeline to 2024-10-07 00:00:00+00:00, run_after=2024-10-08 00:00:00+00:00
[2024-10-07T11:33:19.950+0000] {processor.py:183} INFO - Processing /opt/airflow/dags/gold_training_pipeline.py took 3.347 seconds
[2024-10-07T11:33:50.923+0000] {processor.py:161} INFO - Started process (PID=760) to work on /opt/airflow/dags/gold_training_pipeline.py
[2024-10-07T11:33:50.930+0000] {processor.py:830} INFO - Processing file /opt/airflow/dags/gold_training_pipeline.py for tasks to queue
[2024-10-07T11:33:50.934+0000] {logging_mixin.py:188} INFO - [2024-10-07T11:33:50.934+0000] {dagbag.py:540} INFO - Filling up the DagBag from /opt/airflow/dags/gold_training_pipeline.py
[2024-10-07T11:33:54.410+0000] {processor.py:840} INFO - DAG(s) 'Gold_training_Pipeline' retrieved from /opt/airflow/dags/gold_training_pipeline.py
[2024-10-07T11:33:54.533+0000] {logging_mixin.py:188} INFO - [2024-10-07T11:33:54.532+0000] {dag.py:3047} INFO - Sync 1 DAGs
[2024-10-07T11:33:54.619+0000] {logging_mixin.py:188} INFO - [2024-10-07T11:33:54.619+0000] {dag.py:3834} INFO - Setting next_dagrun for Gold_training_Pipeline to 2024-10-07 00:00:00+00:00, run_after=2024-10-08 00:00:00+00:00
[2024-10-07T11:33:54.699+0000] {processor.py:183} INFO - Processing /opt/airflow/dags/gold_training_pipeline.py took 3.779 seconds
[2024-10-07T11:34:25.496+0000] {processor.py:161} INFO - Started process (PID=834) to work on /opt/airflow/dags/gold_training_pipeline.py
[2024-10-07T11:34:25.497+0000] {processor.py:830} INFO - Processing file /opt/airflow/dags/gold_training_pipeline.py for tasks to queue
[2024-10-07T11:34:25.498+0000] {logging_mixin.py:188} INFO - [2024-10-07T11:34:25.497+0000] {dagbag.py:540} INFO - Filling up the DagBag from /opt/airflow/dags/gold_training_pipeline.py
[2024-10-07T11:34:28.060+0000] {processor.py:840} INFO - DAG(s) 'Gold_training_Pipeline' retrieved from /opt/airflow/dags/gold_training_pipeline.py
[2024-10-07T11:34:28.275+0000] {logging_mixin.py:188} INFO - [2024-10-07T11:34:28.274+0000] {dag.py:3047} INFO - Sync 1 DAGs
[2024-10-07T11:34:28.296+0000] {logging_mixin.py:188} INFO - [2024-10-07T11:34:28.296+0000] {dag.py:3834} INFO - Setting next_dagrun for Gold_training_Pipeline to 2024-10-07 00:00:00+00:00, run_after=2024-10-08 00:00:00+00:00
[2024-10-07T11:34:28.352+0000] {processor.py:183} INFO - Processing /opt/airflow/dags/gold_training_pipeline.py took 2.859 seconds
[2024-10-07T11:34:59.317+0000] {processor.py:161} INFO - Started process (PID=909) to work on /opt/airflow/dags/gold_training_pipeline.py
[2024-10-07T11:34:59.319+0000] {processor.py:830} INFO - Processing file /opt/airflow/dags/gold_training_pipeline.py for tasks to queue
[2024-10-07T11:34:59.319+0000] {logging_mixin.py:188} INFO - [2024-10-07T11:34:59.319+0000] {dagbag.py:540} INFO - Filling up the DagBag from /opt/airflow/dags/gold_training_pipeline.py
[2024-10-07T11:35:03.659+0000] {processor.py:840} INFO - DAG(s) 'Gold_training_Pipeline' retrieved from /opt/airflow/dags/gold_training_pipeline.py
[2024-10-07T11:35:03.748+0000] {logging_mixin.py:188} INFO - [2024-10-07T11:35:03.747+0000] {dag.py:3047} INFO - Sync 1 DAGs
[2024-10-07T11:35:04.150+0000] {logging_mixin.py:188} INFO - [2024-10-07T11:35:04.150+0000] {dag.py:3834} INFO - Setting next_dagrun for Gold_training_Pipeline to 2024-10-07 00:00:00+00:00, run_after=2024-10-08 00:00:00+00:00
[2024-10-07T11:35:04.220+0000] {processor.py:183} INFO - Processing /opt/airflow/dags/gold_training_pipeline.py took 4.905 seconds
[2024-10-07T11:35:34.786+0000] {processor.py:161} INFO - Started process (PID=986) to work on /opt/airflow/dags/gold_training_pipeline.py
[2024-10-07T11:35:34.787+0000] {processor.py:830} INFO - Processing file /opt/airflow/dags/gold_training_pipeline.py for tasks to queue
[2024-10-07T11:35:34.789+0000] {logging_mixin.py:188} INFO - [2024-10-07T11:35:34.788+0000] {dagbag.py:540} INFO - Filling up the DagBag from /opt/airflow/dags/gold_training_pipeline.py
[2024-10-07T11:35:38.009+0000] {processor.py:840} INFO - DAG(s) 'Gold_training_Pipeline' retrieved from /opt/airflow/dags/gold_training_pipeline.py
[2024-10-07T11:35:38.222+0000] {logging_mixin.py:188} INFO - [2024-10-07T11:35:38.221+0000] {dag.py:3047} INFO - Sync 1 DAGs
[2024-10-07T11:35:38.280+0000] {logging_mixin.py:188} INFO - [2024-10-07T11:35:38.280+0000] {dag.py:3834} INFO - Setting next_dagrun for Gold_training_Pipeline to 2024-10-07 00:00:00+00:00, run_after=2024-10-08 00:00:00+00:00
[2024-10-07T11:35:38.344+0000] {processor.py:183} INFO - Processing /opt/airflow/dags/gold_training_pipeline.py took 3.563 seconds
[2024-10-07T11:36:09.388+0000] {processor.py:161} INFO - Started process (PID=1054) to work on /opt/airflow/dags/gold_training_pipeline.py
[2024-10-07T11:36:09.392+0000] {processor.py:830} INFO - Processing file /opt/airflow/dags/gold_training_pipeline.py for tasks to queue
[2024-10-07T11:36:09.393+0000] {logging_mixin.py:188} INFO - [2024-10-07T11:36:09.393+0000] {dagbag.py:540} INFO - Filling up the DagBag from /opt/airflow/dags/gold_training_pipeline.py
[2024-10-07T11:36:12.479+0000] {processor.py:840} INFO - DAG(s) 'Gold_training_Pipeline' retrieved from /opt/airflow/dags/gold_training_pipeline.py
[2024-10-07T11:36:12.685+0000] {logging_mixin.py:188} INFO - [2024-10-07T11:36:12.684+0000] {dag.py:3047} INFO - Sync 1 DAGs
[2024-10-07T11:36:12.736+0000] {logging_mixin.py:188} INFO - [2024-10-07T11:36:12.736+0000] {dag.py:3834} INFO - Setting next_dagrun for Gold_training_Pipeline to 2024-10-07 00:00:00+00:00, run_after=2024-10-08 00:00:00+00:00
[2024-10-07T11:36:12.792+0000] {processor.py:183} INFO - Processing /opt/airflow/dags/gold_training_pipeline.py took 3.407 seconds
[2024-10-07T11:36:42.977+0000] {processor.py:161} INFO - Started process (PID=1123) to work on /opt/airflow/dags/gold_training_pipeline.py
[2024-10-07T11:36:42.979+0000] {processor.py:830} INFO - Processing file /opt/airflow/dags/gold_training_pipeline.py for tasks to queue
[2024-10-07T11:36:42.980+0000] {logging_mixin.py:188} INFO - [2024-10-07T11:36:42.979+0000] {dagbag.py:540} INFO - Filling up the DagBag from /opt/airflow/dags/gold_training_pipeline.py
[2024-10-07T11:36:46.174+0000] {processor.py:840} INFO - DAG(s) 'Gold_training_Pipeline' retrieved from /opt/airflow/dags/gold_training_pipeline.py
[2024-10-07T11:36:46.331+0000] {logging_mixin.py:188} INFO - [2024-10-07T11:36:46.331+0000] {dag.py:3047} INFO - Sync 1 DAGs
[2024-10-07T11:36:46.390+0000] {logging_mixin.py:188} INFO - [2024-10-07T11:36:46.390+0000] {dag.py:3834} INFO - Setting next_dagrun for Gold_training_Pipeline to 2024-10-07 00:00:00+00:00, run_after=2024-10-08 00:00:00+00:00
[2024-10-07T11:36:46.493+0000] {processor.py:183} INFO - Processing /opt/airflow/dags/gold_training_pipeline.py took 3.519 seconds
[2024-10-07T11:37:17.328+0000] {processor.py:161} INFO - Started process (PID=1190) to work on /opt/airflow/dags/gold_training_pipeline.py
[2024-10-07T11:37:17.335+0000] {processor.py:830} INFO - Processing file /opt/airflow/dags/gold_training_pipeline.py for tasks to queue
[2024-10-07T11:37:17.337+0000] {logging_mixin.py:188} INFO - [2024-10-07T11:37:17.337+0000] {dagbag.py:540} INFO - Filling up the DagBag from /opt/airflow/dags/gold_training_pipeline.py
[2024-10-07T11:37:20.453+0000] {processor.py:840} INFO - DAG(s) 'Gold_training_Pipeline' retrieved from /opt/airflow/dags/gold_training_pipeline.py
[2024-10-07T11:37:20.544+0000] {logging_mixin.py:188} INFO - [2024-10-07T11:37:20.543+0000] {dag.py:3047} INFO - Sync 1 DAGs
[2024-10-07T11:37:20.585+0000] {logging_mixin.py:188} INFO - [2024-10-07T11:37:20.585+0000] {dag.py:3834} INFO - Setting next_dagrun for Gold_training_Pipeline to 2024-10-07 00:00:00+00:00, run_after=2024-10-08 00:00:00+00:00
[2024-10-07T11:37:20.653+0000] {processor.py:183} INFO - Processing /opt/airflow/dags/gold_training_pipeline.py took 3.329 seconds
[2024-10-07T11:37:51.566+0000] {processor.py:161} INFO - Started process (PID=1257) to work on /opt/airflow/dags/gold_training_pipeline.py
[2024-10-07T11:37:51.572+0000] {processor.py:830} INFO - Processing file /opt/airflow/dags/gold_training_pipeline.py for tasks to queue
[2024-10-07T11:37:51.573+0000] {logging_mixin.py:188} INFO - [2024-10-07T11:37:51.573+0000] {dagbag.py:540} INFO - Filling up the DagBag from /opt/airflow/dags/gold_training_pipeline.py
[2024-10-07T11:37:54.764+0000] {processor.py:840} INFO - DAG(s) 'Gold_training_Pipeline' retrieved from /opt/airflow/dags/gold_training_pipeline.py
[2024-10-07T11:37:54.894+0000] {logging_mixin.py:188} INFO - [2024-10-07T11:37:54.893+0000] {dag.py:3047} INFO - Sync 1 DAGs
[2024-10-07T11:37:55.098+0000] {logging_mixin.py:188} INFO - [2024-10-07T11:37:55.097+0000] {dag.py:3834} INFO - Setting next_dagrun for Gold_training_Pipeline to 2024-10-07 00:00:00+00:00, run_after=2024-10-08 00:00:00+00:00
[2024-10-07T11:37:55.130+0000] {processor.py:183} INFO - Processing /opt/airflow/dags/gold_training_pipeline.py took 3.568 seconds
[2024-10-07T11:38:25.651+0000] {processor.py:161} INFO - Started process (PID=1325) to work on /opt/airflow/dags/gold_training_pipeline.py
[2024-10-07T11:38:25.668+0000] {processor.py:830} INFO - Processing file /opt/airflow/dags/gold_training_pipeline.py for tasks to queue
[2024-10-07T11:38:25.686+0000] {logging_mixin.py:188} INFO - [2024-10-07T11:38:25.685+0000] {dagbag.py:540} INFO - Filling up the DagBag from /opt/airflow/dags/gold_training_pipeline.py
[2024-10-07T11:38:29.174+0000] {processor.py:840} INFO - DAG(s) 'Gold_training_Pipeline' retrieved from /opt/airflow/dags/gold_training_pipeline.py
[2024-10-07T11:38:29.289+0000] {logging_mixin.py:188} INFO - [2024-10-07T11:38:29.288+0000] {dag.py:3047} INFO - Sync 1 DAGs
[2024-10-07T11:38:29.331+0000] {logging_mixin.py:188} INFO - [2024-10-07T11:38:29.330+0000] {dag.py:3834} INFO - Setting next_dagrun for Gold_training_Pipeline to 2024-10-07 00:00:00+00:00, run_after=2024-10-08 00:00:00+00:00
[2024-10-07T11:38:29.408+0000] {processor.py:183} INFO - Processing /opt/airflow/dags/gold_training_pipeline.py took 3.760 seconds
[2024-10-07T11:39:00.261+0000] {processor.py:161} INFO - Started process (PID=1393) to work on /opt/airflow/dags/gold_training_pipeline.py
[2024-10-07T11:39:00.263+0000] {processor.py:830} INFO - Processing file /opt/airflow/dags/gold_training_pipeline.py for tasks to queue
[2024-10-07T11:39:00.264+0000] {logging_mixin.py:188} INFO - [2024-10-07T11:39:00.263+0000] {dagbag.py:540} INFO - Filling up the DagBag from /opt/airflow/dags/gold_training_pipeline.py
[2024-10-07T11:39:03.448+0000] {processor.py:840} INFO - DAG(s) 'Gold_training_Pipeline' retrieved from /opt/airflow/dags/gold_training_pipeline.py
[2024-10-07T11:39:03.599+0000] {logging_mixin.py:188} INFO - [2024-10-07T11:39:03.598+0000] {dag.py:3047} INFO - Sync 1 DAGs
[2024-10-07T11:39:03.690+0000] {logging_mixin.py:188} INFO - [2024-10-07T11:39:03.689+0000] {dag.py:3834} INFO - Setting next_dagrun for Gold_training_Pipeline to 2024-10-07 00:00:00+00:00, run_after=2024-10-08 00:00:00+00:00
[2024-10-07T11:39:03.723+0000] {processor.py:183} INFO - Processing /opt/airflow/dags/gold_training_pipeline.py took 3.476 seconds
[2024-10-07T11:39:34.218+0000] {processor.py:161} INFO - Started process (PID=1468) to work on /opt/airflow/dags/gold_training_pipeline.py
[2024-10-07T11:39:34.219+0000] {processor.py:830} INFO - Processing file /opt/airflow/dags/gold_training_pipeline.py for tasks to queue
[2024-10-07T11:39:34.220+0000] {logging_mixin.py:188} INFO - [2024-10-07T11:39:34.220+0000] {dagbag.py:540} INFO - Filling up the DagBag from /opt/airflow/dags/gold_training_pipeline.py
[2024-10-07T11:39:36.722+0000] {processor.py:840} INFO - DAG(s) 'Gold_training_Pipeline' retrieved from /opt/airflow/dags/gold_training_pipeline.py
[2024-10-07T11:39:36.870+0000] {logging_mixin.py:188} INFO - [2024-10-07T11:39:36.869+0000] {dag.py:3047} INFO - Sync 1 DAGs
[2024-10-07T11:39:36.910+0000] {logging_mixin.py:188} INFO - [2024-10-07T11:39:36.909+0000] {dag.py:3834} INFO - Setting next_dagrun for Gold_training_Pipeline to 2024-10-07 00:00:00+00:00, run_after=2024-10-08 00:00:00+00:00
[2024-10-07T11:39:36.949+0000] {processor.py:183} INFO - Processing /opt/airflow/dags/gold_training_pipeline.py took 2.735 seconds
[2024-10-07T11:40:07.286+0000] {processor.py:161} INFO - Started process (PID=1536) to work on /opt/airflow/dags/gold_training_pipeline.py
[2024-10-07T11:40:07.287+0000] {processor.py:830} INFO - Processing file /opt/airflow/dags/gold_training_pipeline.py for tasks to queue
[2024-10-07T11:40:07.288+0000] {logging_mixin.py:188} INFO - [2024-10-07T11:40:07.288+0000] {dagbag.py:540} INFO - Filling up the DagBag from /opt/airflow/dags/gold_training_pipeline.py
[2024-10-07T11:40:10.438+0000] {processor.py:840} INFO - DAG(s) 'Gold_training_Pipeline' retrieved from /opt/airflow/dags/gold_training_pipeline.py
[2024-10-07T11:40:10.597+0000] {logging_mixin.py:188} INFO - [2024-10-07T11:40:10.586+0000] {dag.py:3047} INFO - Sync 1 DAGs
[2024-10-07T11:40:10.892+0000] {logging_mixin.py:188} INFO - [2024-10-07T11:40:10.892+0000] {dag.py:3834} INFO - Setting next_dagrun for Gold_training_Pipeline to 2024-10-07 00:00:00+00:00, run_after=2024-10-08 00:00:00+00:00
[2024-10-07T11:40:10.935+0000] {processor.py:183} INFO - Processing /opt/airflow/dags/gold_training_pipeline.py took 3.653 seconds
[2024-10-07T11:40:41.247+0000] {processor.py:161} INFO - Started process (PID=1604) to work on /opt/airflow/dags/gold_training_pipeline.py
[2024-10-07T11:40:41.250+0000] {processor.py:830} INFO - Processing file /opt/airflow/dags/gold_training_pipeline.py for tasks to queue
[2024-10-07T11:40:41.260+0000] {logging_mixin.py:188} INFO - [2024-10-07T11:40:41.259+0000] {dagbag.py:540} INFO - Filling up the DagBag from /opt/airflow/dags/gold_training_pipeline.py
[2024-10-07T11:40:44.183+0000] {processor.py:840} INFO - DAG(s) 'Gold_training_Pipeline' retrieved from /opt/airflow/dags/gold_training_pipeline.py
[2024-10-07T11:40:44.328+0000] {logging_mixin.py:188} INFO - [2024-10-07T11:40:44.328+0000] {dag.py:3047} INFO - Sync 1 DAGs
[2024-10-07T11:40:44.376+0000] {logging_mixin.py:188} INFO - [2024-10-07T11:40:44.376+0000] {dag.py:3834} INFO - Setting next_dagrun for Gold_training_Pipeline to 2024-10-07 00:00:00+00:00, run_after=2024-10-08 00:00:00+00:00
[2024-10-07T11:40:44.443+0000] {processor.py:183} INFO - Processing /opt/airflow/dags/gold_training_pipeline.py took 3.200 seconds
[2024-10-07T11:41:15.125+0000] {processor.py:161} INFO - Started process (PID=1672) to work on /opt/airflow/dags/gold_training_pipeline.py
[2024-10-07T11:41:15.126+0000] {processor.py:830} INFO - Processing file /opt/airflow/dags/gold_training_pipeline.py for tasks to queue
[2024-10-07T11:41:15.126+0000] {logging_mixin.py:188} INFO - [2024-10-07T11:41:15.126+0000] {dagbag.py:540} INFO - Filling up the DagBag from /opt/airflow/dags/gold_training_pipeline.py
[2024-10-07T11:41:19.047+0000] {processor.py:840} INFO - DAG(s) 'Gold_training_Pipeline' retrieved from /opt/airflow/dags/gold_training_pipeline.py
[2024-10-07T11:41:19.228+0000] {logging_mixin.py:188} INFO - [2024-10-07T11:41:19.228+0000] {dag.py:3047} INFO - Sync 1 DAGs
[2024-10-07T11:41:19.278+0000] {logging_mixin.py:188} INFO - [2024-10-07T11:41:19.278+0000] {dag.py:3834} INFO - Setting next_dagrun for Gold_training_Pipeline to 2024-10-07 00:00:00+00:00, run_after=2024-10-08 00:00:00+00:00
[2024-10-07T11:41:19.307+0000] {processor.py:183} INFO - Processing /opt/airflow/dags/gold_training_pipeline.py took 4.184 seconds
[2024-10-07T11:41:50.160+0000] {processor.py:161} INFO - Started process (PID=1740) to work on /opt/airflow/dags/gold_training_pipeline.py
[2024-10-07T11:41:50.167+0000] {processor.py:830} INFO - Processing file /opt/airflow/dags/gold_training_pipeline.py for tasks to queue
[2024-10-07T11:41:50.175+0000] {logging_mixin.py:188} INFO - [2024-10-07T11:41:50.174+0000] {dagbag.py:540} INFO - Filling up the DagBag from /opt/airflow/dags/gold_training_pipeline.py
[2024-10-07T11:41:53.201+0000] {processor.py:840} INFO - DAG(s) 'Gold_training_Pipeline' retrieved from /opt/airflow/dags/gold_training_pipeline.py
[2024-10-07T11:41:53.288+0000] {logging_mixin.py:188} INFO - [2024-10-07T11:41:53.288+0000] {dag.py:3047} INFO - Sync 1 DAGs
[2024-10-07T11:41:53.334+0000] {logging_mixin.py:188} INFO - [2024-10-07T11:41:53.334+0000] {dag.py:3834} INFO - Setting next_dagrun for Gold_training_Pipeline to 2024-10-07 00:00:00+00:00, run_after=2024-10-08 00:00:00+00:00
[2024-10-07T11:41:53.420+0000] {processor.py:183} INFO - Processing /opt/airflow/dags/gold_training_pipeline.py took 3.264 seconds
[2024-10-07T11:42:23.813+0000] {processor.py:161} INFO - Started process (PID=1807) to work on /opt/airflow/dags/gold_training_pipeline.py
[2024-10-07T11:42:23.814+0000] {processor.py:830} INFO - Processing file /opt/airflow/dags/gold_training_pipeline.py for tasks to queue
[2024-10-07T11:42:23.815+0000] {logging_mixin.py:188} INFO - [2024-10-07T11:42:23.815+0000] {dagbag.py:540} INFO - Filling up the DagBag from /opt/airflow/dags/gold_training_pipeline.py
[2024-10-07T11:42:26.452+0000] {processor.py:840} INFO - DAG(s) 'Gold_training_Pipeline' retrieved from /opt/airflow/dags/gold_training_pipeline.py
[2024-10-07T11:42:26.569+0000] {logging_mixin.py:188} INFO - [2024-10-07T11:42:26.569+0000] {dag.py:3047} INFO - Sync 1 DAGs
[2024-10-07T11:42:26.680+0000] {logging_mixin.py:188} INFO - [2024-10-07T11:42:26.680+0000] {dag.py:3834} INFO - Setting next_dagrun for Gold_training_Pipeline to 2024-10-07 00:00:00+00:00, run_after=2024-10-08 00:00:00+00:00
[2024-10-07T11:42:26.728+0000] {processor.py:183} INFO - Processing /opt/airflow/dags/gold_training_pipeline.py took 2.919 seconds
[2024-10-07T11:42:57.203+0000] {processor.py:161} INFO - Started process (PID=1875) to work on /opt/airflow/dags/gold_training_pipeline.py
[2024-10-07T11:42:57.204+0000] {processor.py:830} INFO - Processing file /opt/airflow/dags/gold_training_pipeline.py for tasks to queue
[2024-10-07T11:42:57.205+0000] {logging_mixin.py:188} INFO - [2024-10-07T11:42:57.204+0000] {dagbag.py:540} INFO - Filling up the DagBag from /opt/airflow/dags/gold_training_pipeline.py
[2024-10-07T11:43:00.454+0000] {processor.py:840} INFO - DAG(s) 'Gold_training_Pipeline' retrieved from /opt/airflow/dags/gold_training_pipeline.py
[2024-10-07T11:43:00.624+0000] {logging_mixin.py:188} INFO - [2024-10-07T11:43:00.621+0000] {dag.py:3047} INFO - Sync 1 DAGs
[2024-10-07T11:43:00.680+0000] {logging_mixin.py:188} INFO - [2024-10-07T11:43:00.679+0000] {dag.py:3834} INFO - Setting next_dagrun for Gold_training_Pipeline to 2024-10-07 00:00:00+00:00, run_after=2024-10-08 00:00:00+00:00
[2024-10-07T11:43:00.741+0000] {processor.py:183} INFO - Processing /opt/airflow/dags/gold_training_pipeline.py took 3.540 seconds
[2024-10-07T11:43:31.523+0000] {processor.py:161} INFO - Started process (PID=1943) to work on /opt/airflow/dags/gold_training_pipeline.py
[2024-10-07T11:43:31.537+0000] {processor.py:830} INFO - Processing file /opt/airflow/dags/gold_training_pipeline.py for tasks to queue
[2024-10-07T11:43:31.549+0000] {logging_mixin.py:188} INFO - [2024-10-07T11:43:31.549+0000] {dagbag.py:540} INFO - Filling up the DagBag from /opt/airflow/dags/gold_training_pipeline.py
[2024-10-07T11:43:35.256+0000] {processor.py:840} INFO - DAG(s) 'Gold_training_Pipeline' retrieved from /opt/airflow/dags/gold_training_pipeline.py
[2024-10-07T11:43:35.478+0000] {logging_mixin.py:188} INFO - [2024-10-07T11:43:35.458+0000] {dag.py:3047} INFO - Sync 1 DAGs
[2024-10-07T11:43:35.512+0000] {logging_mixin.py:188} INFO - [2024-10-07T11:43:35.512+0000] {dag.py:3834} INFO - Setting next_dagrun for Gold_training_Pipeline to 2024-10-07 00:00:00+00:00, run_after=2024-10-08 00:00:00+00:00
[2024-10-07T11:43:35.563+0000] {processor.py:183} INFO - Processing /opt/airflow/dags/gold_training_pipeline.py took 4.045 seconds
[2024-10-07T11:44:06.121+0000] {processor.py:161} INFO - Started process (PID=2019) to work on /opt/airflow/dags/gold_training_pipeline.py
[2024-10-07T11:44:06.122+0000] {processor.py:830} INFO - Processing file /opt/airflow/dags/gold_training_pipeline.py for tasks to queue
[2024-10-07T11:44:06.123+0000] {logging_mixin.py:188} INFO - [2024-10-07T11:44:06.123+0000] {dagbag.py:540} INFO - Filling up the DagBag from /opt/airflow/dags/gold_training_pipeline.py
[2024-10-07T11:44:09.776+0000] {processor.py:840} INFO - DAG(s) 'Gold_training_Pipeline' retrieved from /opt/airflow/dags/gold_training_pipeline.py
[2024-10-07T11:44:09.953+0000] {logging_mixin.py:188} INFO - [2024-10-07T11:44:09.952+0000] {dag.py:3047} INFO - Sync 1 DAGs
[2024-10-07T11:44:09.999+0000] {logging_mixin.py:188} INFO - [2024-10-07T11:44:09.999+0000] {dag.py:3834} INFO - Setting next_dagrun for Gold_training_Pipeline to 2024-10-07 00:00:00+00:00, run_after=2024-10-08 00:00:00+00:00
[2024-10-07T11:44:10.093+0000] {processor.py:183} INFO - Processing /opt/airflow/dags/gold_training_pipeline.py took 3.977 seconds
[2024-10-07T11:44:40.827+0000] {processor.py:161} INFO - Started process (PID=2095) to work on /opt/airflow/dags/gold_training_pipeline.py
[2024-10-07T11:44:40.829+0000] {processor.py:830} INFO - Processing file /opt/airflow/dags/gold_training_pipeline.py for tasks to queue
[2024-10-07T11:44:40.835+0000] {logging_mixin.py:188} INFO - [2024-10-07T11:44:40.834+0000] {dagbag.py:540} INFO - Filling up the DagBag from /opt/airflow/dags/gold_training_pipeline.py
[2024-10-07T11:44:43.668+0000] {processor.py:840} INFO - DAG(s) 'Gold_training_Pipeline' retrieved from /opt/airflow/dags/gold_training_pipeline.py
[2024-10-07T11:44:43.822+0000] {logging_mixin.py:188} INFO - [2024-10-07T11:44:43.815+0000] {dag.py:3047} INFO - Sync 1 DAGs
[2024-10-07T11:44:43.873+0000] {logging_mixin.py:188} INFO - [2024-10-07T11:44:43.873+0000] {dag.py:3834} INFO - Setting next_dagrun for Gold_training_Pipeline to 2024-10-07 00:00:00+00:00, run_after=2024-10-08 00:00:00+00:00
[2024-10-07T11:44:43.902+0000] {processor.py:183} INFO - Processing /opt/airflow/dags/gold_training_pipeline.py took 3.077 seconds
[2024-10-07T11:45:14.591+0000] {processor.py:161} INFO - Started process (PID=2163) to work on /opt/airflow/dags/gold_training_pipeline.py
[2024-10-07T11:45:14.605+0000] {processor.py:830} INFO - Processing file /opt/airflow/dags/gold_training_pipeline.py for tasks to queue
[2024-10-07T11:45:14.617+0000] {logging_mixin.py:188} INFO - [2024-10-07T11:45:14.616+0000] {dagbag.py:540} INFO - Filling up the DagBag from /opt/airflow/dags/gold_training_pipeline.py
[2024-10-07T11:45:17.778+0000] {processor.py:840} INFO - DAG(s) 'Gold_training_Pipeline' retrieved from /opt/airflow/dags/gold_training_pipeline.py
[2024-10-07T11:45:17.880+0000] {logging_mixin.py:188} INFO - [2024-10-07T11:45:17.879+0000] {dag.py:3047} INFO - Sync 1 DAGs
[2024-10-07T11:45:17.916+0000] {logging_mixin.py:188} INFO - [2024-10-07T11:45:17.916+0000] {dag.py:3834} INFO - Setting next_dagrun for Gold_training_Pipeline to 2024-10-07 00:00:00+00:00, run_after=2024-10-08 00:00:00+00:00
[2024-10-07T11:45:17.967+0000] {processor.py:183} INFO - Processing /opt/airflow/dags/gold_training_pipeline.py took 3.379 seconds
[2024-10-07T11:45:48.437+0000] {processor.py:161} INFO - Started process (PID=2230) to work on /opt/airflow/dags/gold_training_pipeline.py
[2024-10-07T11:45:48.438+0000] {processor.py:830} INFO - Processing file /opt/airflow/dags/gold_training_pipeline.py for tasks to queue
[2024-10-07T11:45:48.439+0000] {logging_mixin.py:188} INFO - [2024-10-07T11:45:48.439+0000] {dagbag.py:540} INFO - Filling up the DagBag from /opt/airflow/dags/gold_training_pipeline.py
[2024-10-07T11:45:52.108+0000] {processor.py:840} INFO - DAG(s) 'Gold_training_Pipeline' retrieved from /opt/airflow/dags/gold_training_pipeline.py
[2024-10-07T11:45:52.277+0000] {logging_mixin.py:188} INFO - [2024-10-07T11:45:52.277+0000] {dag.py:3047} INFO - Sync 1 DAGs
[2024-10-07T11:45:52.300+0000] {logging_mixin.py:188} INFO - [2024-10-07T11:45:52.300+0000] {dag.py:3834} INFO - Setting next_dagrun for Gold_training_Pipeline to 2024-10-07 00:00:00+00:00, run_after=2024-10-08 00:00:00+00:00
[2024-10-07T11:45:52.340+0000] {processor.py:183} INFO - Processing /opt/airflow/dags/gold_training_pipeline.py took 3.906 seconds
[2024-10-07T11:46:22.790+0000] {processor.py:161} INFO - Started process (PID=2297) to work on /opt/airflow/dags/gold_training_pipeline.py
[2024-10-07T11:46:22.791+0000] {processor.py:830} INFO - Processing file /opt/airflow/dags/gold_training_pipeline.py for tasks to queue
[2024-10-07T11:46:22.792+0000] {logging_mixin.py:188} INFO - [2024-10-07T11:46:22.792+0000] {dagbag.py:540} INFO - Filling up the DagBag from /opt/airflow/dags/gold_training_pipeline.py
[2024-10-07T11:46:26.091+0000] {processor.py:840} INFO - DAG(s) 'Gold_training_Pipeline' retrieved from /opt/airflow/dags/gold_training_pipeline.py
[2024-10-07T11:46:26.274+0000] {logging_mixin.py:188} INFO - [2024-10-07T11:46:26.261+0000] {dag.py:3047} INFO - Sync 1 DAGs
[2024-10-07T11:46:26.334+0000] {logging_mixin.py:188} INFO - [2024-10-07T11:46:26.334+0000] {dag.py:3834} INFO - Setting next_dagrun for Gold_training_Pipeline to 2024-10-07 00:00:00+00:00, run_after=2024-10-08 00:00:00+00:00
[2024-10-07T11:46:26.398+0000] {processor.py:183} INFO - Processing /opt/airflow/dags/gold_training_pipeline.py took 3.609 seconds
