[2024-10-07T11:32:13.428+0000] {processor.py:161} INFO - Started process (PID=268) to work on /opt/airflow/dags/vehicle_data_scraping_pipeline.py
[2024-10-07T11:32:13.429+0000] {processor.py:830} INFO - Processing file /opt/airflow/dags/vehicle_data_scraping_pipeline.py for tasks to queue
[2024-10-07T11:32:13.431+0000] {logging_mixin.py:188} INFO - [2024-10-07T11:32:13.430+0000] {dagbag.py:540} INFO - Filling up the DagBag from /opt/airflow/dags/vehicle_data_scraping_pipeline.py
[2024-10-07T11:32:14.119+0000] {processor.py:840} INFO - DAG(s) 'Vehicle_Data_scrape_Pipeline' retrieved from /opt/airflow/dags/vehicle_data_scraping_pipeline.py
[2024-10-07T11:32:14.416+0000] {logging_mixin.py:188} INFO - [2024-10-07T11:32:14.415+0000] {dag.py:3047} INFO - Sync 1 DAGs
[2024-10-07T11:32:14.438+0000] {logging_mixin.py:188} INFO - [2024-10-07T11:32:14.438+0000] {dag.py:3834} INFO - Setting next_dagrun for Vehicle_Data_scrape_Pipeline to 2024-10-04 00:00:00+00:00, run_after=2024-10-05 00:00:00+00:00
[2024-10-07T11:32:14.466+0000] {processor.py:183} INFO - Processing /opt/airflow/dags/vehicle_data_scraping_pipeline.py took 1.041 seconds
[2024-10-07T11:32:46.339+0000] {processor.py:161} INFO - Started process (PID=594) to work on /opt/airflow/dags/vehicle_data_scraping_pipeline.py
[2024-10-07T11:32:46.341+0000] {processor.py:830} INFO - Processing file /opt/airflow/dags/vehicle_data_scraping_pipeline.py for tasks to queue
[2024-10-07T11:32:46.342+0000] {logging_mixin.py:188} INFO - [2024-10-07T11:32:46.342+0000] {dagbag.py:540} INFO - Filling up the DagBag from /opt/airflow/dags/vehicle_data_scraping_pipeline.py
[2024-10-07T11:32:47.166+0000] {processor.py:840} INFO - DAG(s) 'Vehicle_Data_scrape_Pipeline' retrieved from /opt/airflow/dags/vehicle_data_scraping_pipeline.py
[2024-10-07T11:32:47.439+0000] {logging_mixin.py:188} INFO - [2024-10-07T11:32:47.438+0000] {dag.py:3047} INFO - Sync 1 DAGs
[2024-10-07T11:32:47.511+0000] {logging_mixin.py:188} INFO - [2024-10-07T11:32:47.511+0000] {dag.py:3834} INFO - Setting next_dagrun for Vehicle_Data_scrape_Pipeline to 2024-10-04 00:00:00+00:00, run_after=2024-10-05 00:00:00+00:00
[2024-10-07T11:32:47.805+0000] {processor.py:183} INFO - Processing /opt/airflow/dags/vehicle_data_scraping_pipeline.py took 1.470 seconds
[2024-10-07T11:33:19.432+0000] {processor.py:161} INFO - Started process (PID=718) to work on /opt/airflow/dags/vehicle_data_scraping_pipeline.py
[2024-10-07T11:33:19.438+0000] {processor.py:830} INFO - Processing file /opt/airflow/dags/vehicle_data_scraping_pipeline.py for tasks to queue
[2024-10-07T11:33:19.447+0000] {logging_mixin.py:188} INFO - [2024-10-07T11:33:19.447+0000] {dagbag.py:540} INFO - Filling up the DagBag from /opt/airflow/dags/vehicle_data_scraping_pipeline.py
[2024-10-07T11:33:21.000+0000] {processor.py:840} INFO - DAG(s) 'Vehicle_Data_scrape_Pipeline' retrieved from /opt/airflow/dags/vehicle_data_scraping_pipeline.py
[2024-10-07T11:33:21.145+0000] {logging_mixin.py:188} INFO - [2024-10-07T11:33:21.145+0000] {dag.py:3047} INFO - Sync 1 DAGs
[2024-10-07T11:33:21.181+0000] {logging_mixin.py:188} INFO - [2024-10-07T11:33:21.180+0000] {dag.py:3834} INFO - Setting next_dagrun for Vehicle_Data_scrape_Pipeline to 2024-10-04 00:00:00+00:00, run_after=2024-10-05 00:00:00+00:00
[2024-10-07T11:33:21.225+0000] {processor.py:183} INFO - Processing /opt/airflow/dags/vehicle_data_scraping_pipeline.py took 1.796 seconds
[2024-10-07T11:33:52.481+0000] {processor.py:161} INFO - Started process (PID=766) to work on /opt/airflow/dags/vehicle_data_scraping_pipeline.py
[2024-10-07T11:33:52.497+0000] {processor.py:830} INFO - Processing file /opt/airflow/dags/vehicle_data_scraping_pipeline.py for tasks to queue
[2024-10-07T11:33:52.504+0000] {logging_mixin.py:188} INFO - [2024-10-07T11:33:52.503+0000] {dagbag.py:540} INFO - Filling up the DagBag from /opt/airflow/dags/vehicle_data_scraping_pipeline.py
[2024-10-07T11:33:53.966+0000] {processor.py:840} INFO - DAG(s) 'Vehicle_Data_scrape_Pipeline' retrieved from /opt/airflow/dags/vehicle_data_scraping_pipeline.py
[2024-10-07T11:33:54.062+0000] {logging_mixin.py:188} INFO - [2024-10-07T11:33:54.062+0000] {dag.py:3047} INFO - Sync 1 DAGs
[2024-10-07T11:33:54.149+0000] {logging_mixin.py:188} INFO - [2024-10-07T11:33:54.148+0000] {dag.py:3834} INFO - Setting next_dagrun for Vehicle_Data_scrape_Pipeline to 2024-10-04 00:00:00+00:00, run_after=2024-10-05 00:00:00+00:00
[2024-10-07T11:33:54.199+0000] {processor.py:183} INFO - Processing /opt/airflow/dags/vehicle_data_scraping_pipeline.py took 1.749 seconds
[2024-10-07T11:34:24.633+0000] {processor.py:161} INFO - Started process (PID=828) to work on /opt/airflow/dags/vehicle_data_scraping_pipeline.py
[2024-10-07T11:34:24.642+0000] {processor.py:830} INFO - Processing file /opt/airflow/dags/vehicle_data_scraping_pipeline.py for tasks to queue
[2024-10-07T11:34:24.644+0000] {logging_mixin.py:188} INFO - [2024-10-07T11:34:24.644+0000] {dagbag.py:540} INFO - Filling up the DagBag from /opt/airflow/dags/vehicle_data_scraping_pipeline.py
[2024-10-07T11:34:25.765+0000] {processor.py:840} INFO - DAG(s) 'Vehicle_Data_scrape_Pipeline' retrieved from /opt/airflow/dags/vehicle_data_scraping_pipeline.py
[2024-10-07T11:34:26.056+0000] {logging_mixin.py:188} INFO - [2024-10-07T11:34:26.055+0000] {dag.py:3047} INFO - Sync 1 DAGs
[2024-10-07T11:34:26.078+0000] {logging_mixin.py:188} INFO - [2024-10-07T11:34:26.078+0000] {dag.py:3834} INFO - Setting next_dagrun for Vehicle_Data_scrape_Pipeline to 2024-10-04 00:00:00+00:00, run_after=2024-10-05 00:00:00+00:00
[2024-10-07T11:34:26.097+0000] {processor.py:183} INFO - Processing /opt/airflow/dags/vehicle_data_scraping_pipeline.py took 1.468 seconds
[2024-10-07T11:34:56.808+0000] {processor.py:161} INFO - Started process (PID=897) to work on /opt/airflow/dags/vehicle_data_scraping_pipeline.py
[2024-10-07T11:34:56.814+0000] {processor.py:830} INFO - Processing file /opt/airflow/dags/vehicle_data_scraping_pipeline.py for tasks to queue
[2024-10-07T11:34:56.817+0000] {logging_mixin.py:188} INFO - [2024-10-07T11:34:56.816+0000] {dagbag.py:540} INFO - Filling up the DagBag from /opt/airflow/dags/vehicle_data_scraping_pipeline.py
[2024-10-07T11:34:58.011+0000] {processor.py:840} INFO - DAG(s) 'Vehicle_Data_scrape_Pipeline' retrieved from /opt/airflow/dags/vehicle_data_scraping_pipeline.py
[2024-10-07T11:34:58.138+0000] {logging_mixin.py:188} INFO - [2024-10-07T11:34:58.138+0000] {dag.py:3047} INFO - Sync 1 DAGs
[2024-10-07T11:34:58.189+0000] {logging_mixin.py:188} INFO - [2024-10-07T11:34:58.189+0000] {dag.py:3834} INFO - Setting next_dagrun for Vehicle_Data_scrape_Pipeline to 2024-10-04 00:00:00+00:00, run_after=2024-10-05 00:00:00+00:00
[2024-10-07T11:34:58.263+0000] {processor.py:183} INFO - Processing /opt/airflow/dags/vehicle_data_scraping_pipeline.py took 1.459 seconds
[2024-10-07T11:35:28.893+0000] {processor.py:161} INFO - Started process (PID=946) to work on /opt/airflow/dags/vehicle_data_scraping_pipeline.py
[2024-10-07T11:35:28.894+0000] {processor.py:830} INFO - Processing file /opt/airflow/dags/vehicle_data_scraping_pipeline.py for tasks to queue
[2024-10-07T11:35:28.895+0000] {logging_mixin.py:188} INFO - [2024-10-07T11:35:28.894+0000] {dagbag.py:540} INFO - Filling up the DagBag from /opt/airflow/dags/vehicle_data_scraping_pipeline.py
[2024-10-07T11:35:30.022+0000] {processor.py:840} INFO - DAG(s) 'Vehicle_Data_scrape_Pipeline' retrieved from /opt/airflow/dags/vehicle_data_scraping_pipeline.py
[2024-10-07T11:35:30.196+0000] {logging_mixin.py:188} INFO - [2024-10-07T11:35:30.196+0000] {dag.py:3047} INFO - Sync 1 DAGs
[2024-10-07T11:35:30.229+0000] {logging_mixin.py:188} INFO - [2024-10-07T11:35:30.229+0000] {dag.py:3834} INFO - Setting next_dagrun for Vehicle_Data_scrape_Pipeline to 2024-10-04 00:00:00+00:00, run_after=2024-10-05 00:00:00+00:00
[2024-10-07T11:35:30.742+0000] {processor.py:183} INFO - Processing /opt/airflow/dags/vehicle_data_scraping_pipeline.py took 1.853 seconds
[2024-10-07T11:36:00.961+0000] {processor.py:161} INFO - Started process (PID=1011) to work on /opt/airflow/dags/vehicle_data_scraping_pipeline.py
[2024-10-07T11:36:00.976+0000] {processor.py:830} INFO - Processing file /opt/airflow/dags/vehicle_data_scraping_pipeline.py for tasks to queue
[2024-10-07T11:36:00.999+0000] {logging_mixin.py:188} INFO - [2024-10-07T11:36:00.999+0000] {dagbag.py:540} INFO - Filling up the DagBag from /opt/airflow/dags/vehicle_data_scraping_pipeline.py
[2024-10-07T11:36:02.893+0000] {processor.py:840} INFO - DAG(s) 'Vehicle_Data_scrape_Pipeline' retrieved from /opt/airflow/dags/vehicle_data_scraping_pipeline.py
[2024-10-07T11:36:03.016+0000] {logging_mixin.py:188} INFO - [2024-10-07T11:36:03.015+0000] {dag.py:3047} INFO - Sync 1 DAGs
[2024-10-07T11:36:03.078+0000] {logging_mixin.py:188} INFO - [2024-10-07T11:36:03.078+0000] {dag.py:3834} INFO - Setting next_dagrun for Vehicle_Data_scrape_Pipeline to 2024-10-04 00:00:00+00:00, run_after=2024-10-05 00:00:00+00:00
[2024-10-07T11:36:03.164+0000] {processor.py:183} INFO - Processing /opt/airflow/dags/vehicle_data_scraping_pipeline.py took 2.206 seconds
[2024-10-07T11:36:33.451+0000] {processor.py:161} INFO - Started process (PID=1086) to work on /opt/airflow/dags/vehicle_data_scraping_pipeline.py
[2024-10-07T11:36:33.462+0000] {processor.py:830} INFO - Processing file /opt/airflow/dags/vehicle_data_scraping_pipeline.py for tasks to queue
[2024-10-07T11:36:33.465+0000] {logging_mixin.py:188} INFO - [2024-10-07T11:36:33.464+0000] {dagbag.py:540} INFO - Filling up the DagBag from /opt/airflow/dags/vehicle_data_scraping_pipeline.py
[2024-10-07T11:36:35.025+0000] {processor.py:840} INFO - DAG(s) 'Vehicle_Data_scrape_Pipeline' retrieved from /opt/airflow/dags/vehicle_data_scraping_pipeline.py
[2024-10-07T11:36:35.237+0000] {logging_mixin.py:188} INFO - [2024-10-07T11:36:35.237+0000] {dag.py:3047} INFO - Sync 1 DAGs
[2024-10-07T11:36:35.294+0000] {logging_mixin.py:188} INFO - [2024-10-07T11:36:35.294+0000] {dag.py:3834} INFO - Setting next_dagrun for Vehicle_Data_scrape_Pipeline to 2024-10-04 00:00:00+00:00, run_after=2024-10-05 00:00:00+00:00
[2024-10-07T11:36:35.347+0000] {processor.py:183} INFO - Processing /opt/airflow/dags/vehicle_data_scraping_pipeline.py took 1.899 seconds
[2024-10-07T11:37:05.834+0000] {processor.py:161} INFO - Started process (PID=1153) to work on /opt/airflow/dags/vehicle_data_scraping_pipeline.py
[2024-10-07T11:37:05.835+0000] {processor.py:830} INFO - Processing file /opt/airflow/dags/vehicle_data_scraping_pipeline.py for tasks to queue
[2024-10-07T11:37:05.844+0000] {logging_mixin.py:188} INFO - [2024-10-07T11:37:05.843+0000] {dagbag.py:540} INFO - Filling up the DagBag from /opt/airflow/dags/vehicle_data_scraping_pipeline.py
[2024-10-07T11:37:06.975+0000] {processor.py:840} INFO - DAG(s) 'Vehicle_Data_scrape_Pipeline' retrieved from /opt/airflow/dags/vehicle_data_scraping_pipeline.py
[2024-10-07T11:37:07.084+0000] {logging_mixin.py:188} INFO - [2024-10-07T11:37:07.083+0000] {dag.py:3047} INFO - Sync 1 DAGs
[2024-10-07T11:37:07.174+0000] {logging_mixin.py:188} INFO - [2024-10-07T11:37:07.174+0000] {dag.py:3834} INFO - Setting next_dagrun for Vehicle_Data_scrape_Pipeline to 2024-10-04 00:00:00+00:00, run_after=2024-10-05 00:00:00+00:00
[2024-10-07T11:37:07.230+0000] {processor.py:183} INFO - Processing /opt/airflow/dags/vehicle_data_scraping_pipeline.py took 1.400 seconds
[2024-10-07T11:37:37.799+0000] {processor.py:161} INFO - Started process (PID=1220) to work on /opt/airflow/dags/vehicle_data_scraping_pipeline.py
[2024-10-07T11:37:37.800+0000] {processor.py:830} INFO - Processing file /opt/airflow/dags/vehicle_data_scraping_pipeline.py for tasks to queue
[2024-10-07T11:37:37.800+0000] {logging_mixin.py:188} INFO - [2024-10-07T11:37:37.800+0000] {dagbag.py:540} INFO - Filling up the DagBag from /opt/airflow/dags/vehicle_data_scraping_pipeline.py
[2024-10-07T11:37:38.982+0000] {processor.py:840} INFO - DAG(s) 'Vehicle_Data_scrape_Pipeline' retrieved from /opt/airflow/dags/vehicle_data_scraping_pipeline.py
[2024-10-07T11:37:39.128+0000] {logging_mixin.py:188} INFO - [2024-10-07T11:37:39.128+0000] {dag.py:3047} INFO - Sync 1 DAGs
[2024-10-07T11:37:39.200+0000] {logging_mixin.py:188} INFO - [2024-10-07T11:37:39.200+0000] {dag.py:3834} INFO - Setting next_dagrun for Vehicle_Data_scrape_Pipeline to 2024-10-04 00:00:00+00:00, run_after=2024-10-05 00:00:00+00:00
[2024-10-07T11:37:39.293+0000] {processor.py:183} INFO - Processing /opt/airflow/dags/vehicle_data_scraping_pipeline.py took 1.497 seconds
[2024-10-07T11:38:09.472+0000] {processor.py:161} INFO - Started process (PID=1288) to work on /opt/airflow/dags/vehicle_data_scraping_pipeline.py
[2024-10-07T11:38:09.473+0000] {processor.py:830} INFO - Processing file /opt/airflow/dags/vehicle_data_scraping_pipeline.py for tasks to queue
[2024-10-07T11:38:09.473+0000] {logging_mixin.py:188} INFO - [2024-10-07T11:38:09.473+0000] {dagbag.py:540} INFO - Filling up the DagBag from /opt/airflow/dags/vehicle_data_scraping_pipeline.py
[2024-10-07T11:38:10.653+0000] {processor.py:840} INFO - DAG(s) 'Vehicle_Data_scrape_Pipeline' retrieved from /opt/airflow/dags/vehicle_data_scraping_pipeline.py
[2024-10-07T11:38:10.874+0000] {logging_mixin.py:188} INFO - [2024-10-07T11:38:10.874+0000] {dag.py:3047} INFO - Sync 1 DAGs
[2024-10-07T11:38:10.934+0000] {logging_mixin.py:188} INFO - [2024-10-07T11:38:10.934+0000] {dag.py:3834} INFO - Setting next_dagrun for Vehicle_Data_scrape_Pipeline to 2024-10-04 00:00:00+00:00, run_after=2024-10-05 00:00:00+00:00
[2024-10-07T11:38:11.288+0000] {processor.py:183} INFO - Processing /opt/airflow/dags/vehicle_data_scraping_pipeline.py took 1.819 seconds
[2024-10-07T11:38:41.812+0000] {processor.py:161} INFO - Started process (PID=1356) to work on /opt/airflow/dags/vehicle_data_scraping_pipeline.py
[2024-10-07T11:38:41.820+0000] {processor.py:830} INFO - Processing file /opt/airflow/dags/vehicle_data_scraping_pipeline.py for tasks to queue
[2024-10-07T11:38:41.821+0000] {logging_mixin.py:188} INFO - [2024-10-07T11:38:41.821+0000] {dagbag.py:540} INFO - Filling up the DagBag from /opt/airflow/dags/vehicle_data_scraping_pipeline.py
[2024-10-07T11:38:43.604+0000] {processor.py:840} INFO - DAG(s) 'Vehicle_Data_scrape_Pipeline' retrieved from /opt/airflow/dags/vehicle_data_scraping_pipeline.py
[2024-10-07T11:38:43.739+0000] {logging_mixin.py:188} INFO - [2024-10-07T11:38:43.738+0000] {dag.py:3047} INFO - Sync 1 DAGs
[2024-10-07T11:38:43.837+0000] {logging_mixin.py:188} INFO - [2024-10-07T11:38:43.837+0000] {dag.py:3834} INFO - Setting next_dagrun for Vehicle_Data_scrape_Pipeline to 2024-10-04 00:00:00+00:00, run_after=2024-10-05 00:00:00+00:00
[2024-10-07T11:38:43.938+0000] {processor.py:183} INFO - Processing /opt/airflow/dags/vehicle_data_scraping_pipeline.py took 2.130 seconds
[2024-10-07T11:39:14.597+0000] {processor.py:161} INFO - Started process (PID=1424) to work on /opt/airflow/dags/vehicle_data_scraping_pipeline.py
[2024-10-07T11:39:14.609+0000] {processor.py:830} INFO - Processing file /opt/airflow/dags/vehicle_data_scraping_pipeline.py for tasks to queue
[2024-10-07T11:39:14.618+0000] {logging_mixin.py:188} INFO - [2024-10-07T11:39:14.617+0000] {dagbag.py:540} INFO - Filling up the DagBag from /opt/airflow/dags/vehicle_data_scraping_pipeline.py
[2024-10-07T11:39:16.603+0000] {processor.py:840} INFO - DAG(s) 'Vehicle_Data_scrape_Pipeline' retrieved from /opt/airflow/dags/vehicle_data_scraping_pipeline.py
[2024-10-07T11:39:16.751+0000] {logging_mixin.py:188} INFO - [2024-10-07T11:39:16.751+0000] {dag.py:3047} INFO - Sync 1 DAGs
[2024-10-07T11:39:16.796+0000] {logging_mixin.py:188} INFO - [2024-10-07T11:39:16.796+0000] {dag.py:3834} INFO - Setting next_dagrun for Vehicle_Data_scrape_Pipeline to 2024-10-04 00:00:00+00:00, run_after=2024-10-05 00:00:00+00:00
[2024-10-07T11:39:16.863+0000] {processor.py:183} INFO - Processing /opt/airflow/dags/vehicle_data_scraping_pipeline.py took 2.270 seconds
[2024-10-07T11:39:47.121+0000] {processor.py:161} INFO - Started process (PID=1493) to work on /opt/airflow/dags/vehicle_data_scraping_pipeline.py
[2024-10-07T11:39:47.122+0000] {processor.py:830} INFO - Processing file /opt/airflow/dags/vehicle_data_scraping_pipeline.py for tasks to queue
[2024-10-07T11:39:47.125+0000] {logging_mixin.py:188} INFO - [2024-10-07T11:39:47.124+0000] {dagbag.py:540} INFO - Filling up the DagBag from /opt/airflow/dags/vehicle_data_scraping_pipeline.py
[2024-10-07T11:39:48.282+0000] {processor.py:840} INFO - DAG(s) 'Vehicle_Data_scrape_Pipeline' retrieved from /opt/airflow/dags/vehicle_data_scraping_pipeline.py
[2024-10-07T11:39:48.395+0000] {logging_mixin.py:188} INFO - [2024-10-07T11:39:48.395+0000] {dag.py:3047} INFO - Sync 1 DAGs
[2024-10-07T11:39:48.427+0000] {logging_mixin.py:188} INFO - [2024-10-07T11:39:48.427+0000] {dag.py:3834} INFO - Setting next_dagrun for Vehicle_Data_scrape_Pipeline to 2024-10-04 00:00:00+00:00, run_after=2024-10-05 00:00:00+00:00
[2024-10-07T11:39:48.508+0000] {processor.py:183} INFO - Processing /opt/airflow/dags/vehicle_data_scraping_pipeline.py took 1.391 seconds
[2024-10-07T11:40:19.329+0000] {processor.py:161} INFO - Started process (PID=1561) to work on /opt/airflow/dags/vehicle_data_scraping_pipeline.py
[2024-10-07T11:40:19.330+0000] {processor.py:830} INFO - Processing file /opt/airflow/dags/vehicle_data_scraping_pipeline.py for tasks to queue
[2024-10-07T11:40:19.332+0000] {logging_mixin.py:188} INFO - [2024-10-07T11:40:19.331+0000] {dagbag.py:540} INFO - Filling up the DagBag from /opt/airflow/dags/vehicle_data_scraping_pipeline.py
[2024-10-07T11:40:20.551+0000] {processor.py:840} INFO - DAG(s) 'Vehicle_Data_scrape_Pipeline' retrieved from /opt/airflow/dags/vehicle_data_scraping_pipeline.py
[2024-10-07T11:40:20.621+0000] {logging_mixin.py:188} INFO - [2024-10-07T11:40:20.621+0000] {dag.py:3047} INFO - Sync 1 DAGs
[2024-10-07T11:40:20.696+0000] {logging_mixin.py:188} INFO - [2024-10-07T11:40:20.695+0000] {dag.py:3834} INFO - Setting next_dagrun for Vehicle_Data_scrape_Pipeline to 2024-10-04 00:00:00+00:00, run_after=2024-10-05 00:00:00+00:00
[2024-10-07T11:40:21.136+0000] {processor.py:183} INFO - Processing /opt/airflow/dags/vehicle_data_scraping_pipeline.py took 1.811 seconds
[2024-10-07T11:40:51.606+0000] {processor.py:161} INFO - Started process (PID=1629) to work on /opt/airflow/dags/vehicle_data_scraping_pipeline.py
[2024-10-07T11:40:51.610+0000] {processor.py:830} INFO - Processing file /opt/airflow/dags/vehicle_data_scraping_pipeline.py for tasks to queue
[2024-10-07T11:40:51.619+0000] {logging_mixin.py:188} INFO - [2024-10-07T11:40:51.619+0000] {dagbag.py:540} INFO - Filling up the DagBag from /opt/airflow/dags/vehicle_data_scraping_pipeline.py
[2024-10-07T11:40:53.416+0000] {processor.py:840} INFO - DAG(s) 'Vehicle_Data_scrape_Pipeline' retrieved from /opt/airflow/dags/vehicle_data_scraping_pipeline.py
[2024-10-07T11:40:53.626+0000] {logging_mixin.py:188} INFO - [2024-10-07T11:40:53.626+0000] {dag.py:3047} INFO - Sync 1 DAGs
[2024-10-07T11:40:53.654+0000] {logging_mixin.py:188} INFO - [2024-10-07T11:40:53.654+0000] {dag.py:3834} INFO - Setting next_dagrun for Vehicle_Data_scrape_Pipeline to 2024-10-04 00:00:00+00:00, run_after=2024-10-05 00:00:00+00:00
[2024-10-07T11:40:53.955+0000] {processor.py:183} INFO - Processing /opt/airflow/dags/vehicle_data_scraping_pipeline.py took 2.353 seconds
[2024-10-07T11:41:24.284+0000] {processor.py:161} INFO - Started process (PID=1697) to work on /opt/airflow/dags/vehicle_data_scraping_pipeline.py
[2024-10-07T11:41:24.285+0000] {processor.py:830} INFO - Processing file /opt/airflow/dags/vehicle_data_scraping_pipeline.py for tasks to queue
[2024-10-07T11:41:24.286+0000] {logging_mixin.py:188} INFO - [2024-10-07T11:41:24.285+0000] {dagbag.py:540} INFO - Filling up the DagBag from /opt/airflow/dags/vehicle_data_scraping_pipeline.py
[2024-10-07T11:41:25.634+0000] {processor.py:840} INFO - DAG(s) 'Vehicle_Data_scrape_Pipeline' retrieved from /opt/airflow/dags/vehicle_data_scraping_pipeline.py
[2024-10-07T11:41:25.777+0000] {logging_mixin.py:188} INFO - [2024-10-07T11:41:25.777+0000] {dag.py:3047} INFO - Sync 1 DAGs
[2024-10-07T11:41:25.809+0000] {logging_mixin.py:188} INFO - [2024-10-07T11:41:25.809+0000] {dag.py:3834} INFO - Setting next_dagrun for Vehicle_Data_scrape_Pipeline to 2024-10-04 00:00:00+00:00, run_after=2024-10-05 00:00:00+00:00
[2024-10-07T11:41:25.861+0000] {processor.py:183} INFO - Processing /opt/airflow/dags/vehicle_data_scraping_pipeline.py took 1.580 seconds
[2024-10-07T11:41:56.346+0000] {processor.py:161} INFO - Started process (PID=1765) to work on /opt/airflow/dags/vehicle_data_scraping_pipeline.py
[2024-10-07T11:41:56.349+0000] {processor.py:830} INFO - Processing file /opt/airflow/dags/vehicle_data_scraping_pipeline.py for tasks to queue
[2024-10-07T11:41:56.356+0000] {logging_mixin.py:188} INFO - [2024-10-07T11:41:56.356+0000] {dagbag.py:540} INFO - Filling up the DagBag from /opt/airflow/dags/vehicle_data_scraping_pipeline.py
[2024-10-07T11:41:57.866+0000] {processor.py:840} INFO - DAG(s) 'Vehicle_Data_scrape_Pipeline' retrieved from /opt/airflow/dags/vehicle_data_scraping_pipeline.py
[2024-10-07T11:41:58.002+0000] {logging_mixin.py:188} INFO - [2024-10-07T11:41:58.001+0000] {dag.py:3047} INFO - Sync 1 DAGs
[2024-10-07T11:41:58.038+0000] {logging_mixin.py:188} INFO - [2024-10-07T11:41:58.037+0000] {dag.py:3834} INFO - Setting next_dagrun for Vehicle_Data_scrape_Pipeline to 2024-10-04 00:00:00+00:00, run_after=2024-10-05 00:00:00+00:00
[2024-10-07T11:41:58.104+0000] {processor.py:183} INFO - Processing /opt/airflow/dags/vehicle_data_scraping_pipeline.py took 1.762 seconds
[2024-10-07T11:42:28.882+0000] {processor.py:161} INFO - Started process (PID=1832) to work on /opt/airflow/dags/vehicle_data_scraping_pipeline.py
[2024-10-07T11:42:28.882+0000] {processor.py:830} INFO - Processing file /opt/airflow/dags/vehicle_data_scraping_pipeline.py for tasks to queue
[2024-10-07T11:42:28.883+0000] {logging_mixin.py:188} INFO - [2024-10-07T11:42:28.883+0000] {dagbag.py:540} INFO - Filling up the DagBag from /opt/airflow/dags/vehicle_data_scraping_pipeline.py
[2024-10-07T11:42:29.926+0000] {processor.py:840} INFO - DAG(s) 'Vehicle_Data_scrape_Pipeline' retrieved from /opt/airflow/dags/vehicle_data_scraping_pipeline.py
[2024-10-07T11:42:30.080+0000] {logging_mixin.py:188} INFO - [2024-10-07T11:42:30.079+0000] {dag.py:3047} INFO - Sync 1 DAGs
[2024-10-07T11:42:30.186+0000] {logging_mixin.py:188} INFO - [2024-10-07T11:42:30.186+0000] {dag.py:3834} INFO - Setting next_dagrun for Vehicle_Data_scrape_Pipeline to 2024-10-04 00:00:00+00:00, run_after=2024-10-05 00:00:00+00:00
[2024-10-07T11:42:30.424+0000] {processor.py:183} INFO - Processing /opt/airflow/dags/vehicle_data_scraping_pipeline.py took 1.544 seconds
[2024-10-07T11:43:00.614+0000] {processor.py:161} INFO - Started process (PID=1898) to work on /opt/airflow/dags/vehicle_data_scraping_pipeline.py
[2024-10-07T11:43:00.618+0000] {processor.py:830} INFO - Processing file /opt/airflow/dags/vehicle_data_scraping_pipeline.py for tasks to queue
[2024-10-07T11:43:00.619+0000] {logging_mixin.py:188} INFO - [2024-10-07T11:43:00.618+0000] {dagbag.py:540} INFO - Filling up the DagBag from /opt/airflow/dags/vehicle_data_scraping_pipeline.py
[2024-10-07T11:43:01.751+0000] {processor.py:840} INFO - DAG(s) 'Vehicle_Data_scrape_Pipeline' retrieved from /opt/airflow/dags/vehicle_data_scraping_pipeline.py
[2024-10-07T11:43:01.875+0000] {logging_mixin.py:188} INFO - [2024-10-07T11:43:01.875+0000] {dag.py:3047} INFO - Sync 1 DAGs
[2024-10-07T11:43:02.214+0000] {logging_mixin.py:188} INFO - [2024-10-07T11:43:02.214+0000] {dag.py:3834} INFO - Setting next_dagrun for Vehicle_Data_scrape_Pipeline to 2024-10-04 00:00:00+00:00, run_after=2024-10-05 00:00:00+00:00
[2024-10-07T11:43:02.265+0000] {processor.py:183} INFO - Processing /opt/airflow/dags/vehicle_data_scraping_pipeline.py took 1.654 seconds
[2024-10-07T11:43:32.450+0000] {processor.py:161} INFO - Started process (PID=1947) to work on /opt/airflow/dags/vehicle_data_scraping_pipeline.py
[2024-10-07T11:43:32.463+0000] {processor.py:830} INFO - Processing file /opt/airflow/dags/vehicle_data_scraping_pipeline.py for tasks to queue
[2024-10-07T11:43:32.465+0000] {logging_mixin.py:188} INFO - [2024-10-07T11:43:32.464+0000] {dagbag.py:540} INFO - Filling up the DagBag from /opt/airflow/dags/vehicle_data_scraping_pipeline.py
[2024-10-07T11:43:33.946+0000] {processor.py:840} INFO - DAG(s) 'Vehicle_Data_scrape_Pipeline' retrieved from /opt/airflow/dags/vehicle_data_scraping_pipeline.py
[2024-10-07T11:43:34.038+0000] {logging_mixin.py:188} INFO - [2024-10-07T11:43:34.037+0000] {dag.py:3047} INFO - Sync 1 DAGs
[2024-10-07T11:43:34.099+0000] {logging_mixin.py:188} INFO - [2024-10-07T11:43:34.099+0000] {dag.py:3834} INFO - Setting next_dagrun for Vehicle_Data_scrape_Pipeline to 2024-10-04 00:00:00+00:00, run_after=2024-10-05 00:00:00+00:00
[2024-10-07T11:43:34.113+0000] {processor.py:183} INFO - Processing /opt/airflow/dags/vehicle_data_scraping_pipeline.py took 1.668 seconds
[2024-10-07T11:44:04.448+0000] {processor.py:161} INFO - Started process (PID=2015) to work on /opt/airflow/dags/vehicle_data_scraping_pipeline.py
[2024-10-07T11:44:04.450+0000] {processor.py:830} INFO - Processing file /opt/airflow/dags/vehicle_data_scraping_pipeline.py for tasks to queue
[2024-10-07T11:44:04.451+0000] {logging_mixin.py:188} INFO - [2024-10-07T11:44:04.451+0000] {dagbag.py:540} INFO - Filling up the DagBag from /opt/airflow/dags/vehicle_data_scraping_pipeline.py
[2024-10-07T11:44:06.052+0000] {processor.py:840} INFO - DAG(s) 'Vehicle_Data_scrape_Pipeline' retrieved from /opt/airflow/dags/vehicle_data_scraping_pipeline.py
[2024-10-07T11:44:06.153+0000] {logging_mixin.py:188} INFO - [2024-10-07T11:44:06.153+0000] {dag.py:3047} INFO - Sync 1 DAGs
[2024-10-07T11:44:06.223+0000] {logging_mixin.py:188} INFO - [2024-10-07T11:44:06.223+0000] {dag.py:3834} INFO - Setting next_dagrun for Vehicle_Data_scrape_Pipeline to 2024-10-04 00:00:00+00:00, run_after=2024-10-05 00:00:00+00:00
[2024-10-07T11:44:06.263+0000] {processor.py:183} INFO - Processing /opt/airflow/dags/vehicle_data_scraping_pipeline.py took 1.830 seconds
[2024-10-07T11:44:36.453+0000] {processor.py:161} INFO - Started process (PID=2083) to work on /opt/airflow/dags/vehicle_data_scraping_pipeline.py
[2024-10-07T11:44:36.454+0000] {processor.py:830} INFO - Processing file /opt/airflow/dags/vehicle_data_scraping_pipeline.py for tasks to queue
[2024-10-07T11:44:36.455+0000] {logging_mixin.py:188} INFO - [2024-10-07T11:44:36.455+0000] {dagbag.py:540} INFO - Filling up the DagBag from /opt/airflow/dags/vehicle_data_scraping_pipeline.py
[2024-10-07T11:44:37.416+0000] {processor.py:840} INFO - DAG(s) 'Vehicle_Data_scrape_Pipeline' retrieved from /opt/airflow/dags/vehicle_data_scraping_pipeline.py
[2024-10-07T11:44:37.565+0000] {logging_mixin.py:188} INFO - [2024-10-07T11:44:37.565+0000] {dag.py:3047} INFO - Sync 1 DAGs
[2024-10-07T11:44:37.596+0000] {logging_mixin.py:188} INFO - [2024-10-07T11:44:37.596+0000] {dag.py:3834} INFO - Setting next_dagrun for Vehicle_Data_scrape_Pipeline to 2024-10-04 00:00:00+00:00, run_after=2024-10-05 00:00:00+00:00
[2024-10-07T11:44:37.680+0000] {processor.py:183} INFO - Processing /opt/airflow/dags/vehicle_data_scraping_pipeline.py took 1.230 seconds
[2024-10-07T11:45:08.442+0000] {processor.py:161} INFO - Started process (PID=2151) to work on /opt/airflow/dags/vehicle_data_scraping_pipeline.py
[2024-10-07T11:45:08.443+0000] {processor.py:830} INFO - Processing file /opt/airflow/dags/vehicle_data_scraping_pipeline.py for tasks to queue
[2024-10-07T11:45:08.444+0000] {logging_mixin.py:188} INFO - [2024-10-07T11:45:08.444+0000] {dagbag.py:540} INFO - Filling up the DagBag from /opt/airflow/dags/vehicle_data_scraping_pipeline.py
[2024-10-07T11:45:09.783+0000] {processor.py:840} INFO - DAG(s) 'Vehicle_Data_scrape_Pipeline' retrieved from /opt/airflow/dags/vehicle_data_scraping_pipeline.py
[2024-10-07T11:45:09.918+0000] {logging_mixin.py:188} INFO - [2024-10-07T11:45:09.918+0000] {dag.py:3047} INFO - Sync 1 DAGs
[2024-10-07T11:45:09.959+0000] {logging_mixin.py:188} INFO - [2024-10-07T11:45:09.959+0000] {dag.py:3834} INFO - Setting next_dagrun for Vehicle_Data_scrape_Pipeline to 2024-10-04 00:00:00+00:00, run_after=2024-10-05 00:00:00+00:00
[2024-10-07T11:45:10.322+0000] {processor.py:183} INFO - Processing /opt/airflow/dags/vehicle_data_scraping_pipeline.py took 1.882 seconds
[2024-10-07T11:45:41.155+0000] {processor.py:161} INFO - Started process (PID=2218) to work on /opt/airflow/dags/vehicle_data_scraping_pipeline.py
[2024-10-07T11:45:41.161+0000] {processor.py:830} INFO - Processing file /opt/airflow/dags/vehicle_data_scraping_pipeline.py for tasks to queue
[2024-10-07T11:45:41.162+0000] {logging_mixin.py:188} INFO - [2024-10-07T11:45:41.162+0000] {dagbag.py:540} INFO - Filling up the DagBag from /opt/airflow/dags/vehicle_data_scraping_pipeline.py
[2024-10-07T11:45:42.621+0000] {processor.py:840} INFO - DAG(s) 'Vehicle_Data_scrape_Pipeline' retrieved from /opt/airflow/dags/vehicle_data_scraping_pipeline.py
[2024-10-07T11:45:42.754+0000] {logging_mixin.py:188} INFO - [2024-10-07T11:45:42.754+0000] {dag.py:3047} INFO - Sync 1 DAGs
[2024-10-07T11:45:42.797+0000] {logging_mixin.py:188} INFO - [2024-10-07T11:45:42.797+0000] {dag.py:3834} INFO - Setting next_dagrun for Vehicle_Data_scrape_Pipeline to 2024-10-04 00:00:00+00:00, run_after=2024-10-05 00:00:00+00:00
[2024-10-07T11:45:42.846+0000] {processor.py:183} INFO - Processing /opt/airflow/dags/vehicle_data_scraping_pipeline.py took 1.695 seconds
[2024-10-07T11:46:13.732+0000] {processor.py:161} INFO - Started process (PID=2285) to work on /opt/airflow/dags/vehicle_data_scraping_pipeline.py
[2024-10-07T11:46:13.733+0000] {processor.py:830} INFO - Processing file /opt/airflow/dags/vehicle_data_scraping_pipeline.py for tasks to queue
[2024-10-07T11:46:13.740+0000] {logging_mixin.py:188} INFO - [2024-10-07T11:46:13.739+0000] {dagbag.py:540} INFO - Filling up the DagBag from /opt/airflow/dags/vehicle_data_scraping_pipeline.py
[2024-10-07T11:46:15.309+0000] {processor.py:840} INFO - DAG(s) 'Vehicle_Data_scrape_Pipeline' retrieved from /opt/airflow/dags/vehicle_data_scraping_pipeline.py
[2024-10-07T11:46:15.435+0000] {logging_mixin.py:188} INFO - [2024-10-07T11:46:15.434+0000] {dag.py:3047} INFO - Sync 1 DAGs
[2024-10-07T11:46:15.468+0000] {logging_mixin.py:188} INFO - [2024-10-07T11:46:15.467+0000] {dag.py:3834} INFO - Setting next_dagrun for Vehicle_Data_scrape_Pipeline to 2024-10-04 00:00:00+00:00, run_after=2024-10-05 00:00:00+00:00
[2024-10-07T11:46:15.561+0000] {processor.py:183} INFO - Processing /opt/airflow/dags/vehicle_data_scraping_pipeline.py took 1.832 seconds
