[2024-10-22T04:34:41.042+0000] {taskinstance.py:1979} INFO - Dependencies all met for dep_context=non-requeueable deps ti=<TaskInstance: Vehicle_Model_Training_Pipeline.model_training_mistubishi manual__2024-10-22T04:30:48.303183+00:00 [queued]>
[2024-10-22T04:34:41.047+0000] {taskinstance.py:1979} INFO - Dependencies all met for dep_context=requeueable deps ti=<TaskInstance: Vehicle_Model_Training_Pipeline.model_training_mistubishi manual__2024-10-22T04:30:48.303183+00:00 [queued]>
[2024-10-22T04:34:41.048+0000] {taskinstance.py:2193} INFO - Starting attempt 1 of 4
[2024-10-22T04:34:41.058+0000] {taskinstance.py:2217} INFO - Executing <Task(PythonOperator): model_training_mistubishi> on 2024-10-22 04:30:48.303183+00:00
[2024-10-22T04:34:41.064+0000] {standard_task_runner.py:60} INFO - Started process 94754 to run task
[2024-10-22T04:34:41.066+0000] {standard_task_runner.py:87} INFO - Running: ['***', 'tasks', 'run', 'Vehicle_Model_Training_Pipeline', 'model_training_mistubishi', 'manual__2024-10-22T04:30:48.303183+00:00', '--job-id', '168', '--raw', '--subdir', 'DAGS_FOLDER/vehicle_model_training_pipeline.py', '--cfg-path', '/tmp/tmpcqco68dg']
[2024-10-22T04:34:41.068+0000] {standard_task_runner.py:88} INFO - Job 168: Subtask model_training_mistubishi
[2024-10-22T04:34:41.099+0000] {task_command.py:423} INFO - Running <TaskInstance: Vehicle_Model_Training_Pipeline.model_training_mistubishi manual__2024-10-22T04:30:48.303183+00:00 [running]> on host 988c1a0779ad
[2024-10-22T04:34:41.153+0000] {taskinstance.py:2513} INFO - Exporting env vars: AIRFLOW_CTX_DAG_OWNER='sdeshan' AIRFLOW_CTX_DAG_ID='Vehicle_Model_Training_Pipeline' AIRFLOW_CTX_TASK_ID='model_training_mistubishi' AIRFLOW_CTX_EXECUTION_DATE='2024-10-22T04:30:48.303183+00:00' AIRFLOW_CTX_TRY_NUMBER='1' AIRFLOW_CTX_DAG_RUN_ID='manual__2024-10-22T04:30:48.303183+00:00'
[2024-10-22T04:34:41.179+0000] {logging_mixin.py:188} INFO - RandomForestRegressor()
[2024-10-22T04:34:42.187+0000] {logging_mixin.py:188} INFO - DecisionTreeRegressor()
[2024-10-22T04:34:42.207+0000] {logging_mixin.py:188} INFO - GradientBoostingRegressor()
[2024-10-22T04:34:52.398+0000] {logging_mixin.py:188} INFO - LinearRegression()
[2024-10-22T04:34:52.405+0000] {logging_mixin.py:188} INFO - XGBRegressor(base_score=None, booster=None, callbacks=None,
             colsample_bylevel=None, colsample_bynode=None,
             colsample_bytree=None, device=None, early_stopping_rounds=None,
             enable_categorical=False, eval_metric=None, feature_types=None,
             gamma=None, grow_policy=None, importance_type=None,
             interaction_constraints=None, learning_rate=None, max_bin=None,
             max_cat_threshold=None, max_cat_to_onehot=None,
             max_delta_step=None, max_depth=None, max_leaves=None,
             min_child_weight=None, missing=nan, monotone_constraints=None,
             multi_strategy=None, n_estimators=None, n_jobs=None,
             num_parallel_tree=None, random_state=None, ...)
[2024-10-22T04:34:58.704+0000] {logging_mixin.py:188} INFO - <catboost.core.CatBoostRegressor object at 0x7f61f9e42bb0>
[2024-10-22T04:35:04.192+0000] {logging_mixin.py:188} INFO - AdaBoostRegressor()
[2024-10-22T04:35:08.267+0000] {logging_mixin.py:188} INFO - model report is {'Random Forest': 0.9825934181274526, 'Decision Tree': 0.9937054832555768, 'Gradient Boosting': 0.8762474535619797, 'Linear Regression': 0.7797352989418467, 'XGBRegressor': 0.9153237591583532, 'CatBoosting Regressor': 0.949936116267606, 'AdaBoost Regressor': 0.9062223236976182}
[2024-10-22T04:35:08.268+0000] {logging_mixin.py:188} INFO - best model is :DecisionTreeRegressor(criterion='friedman_mse')
[2024-10-22T04:35:08.268+0000] {logging_mixin.py:188} INFO - criterion ['squared_error', 'friedman_mse', 'absolute_error', 'poisson']
[2024-10-22T04:35:08.269+0000] {logging_mixin.py:188} INFO - Best found model on both training and testing dataset
[2024-10-22T04:35:08.270+0000] {logging_mixin.py:188} INFO - r2_square is 0.9937054832555768
[2024-10-22T04:35:08.271+0000] {python.py:202} INFO - Done. Returned value was: None
[2024-10-22T04:35:08.277+0000] {taskinstance.py:1149} INFO - Marking task as SUCCESS. dag_id=Vehicle_Model_Training_Pipeline, task_id=model_training_mistubishi, execution_date=20241022T043048, start_date=20241022T043441, end_date=20241022T043508
[2024-10-22T04:35:08.282+0000] {logging_mixin.py:188} WARNING - /home/***/.local/lib/python3.8/site-packages/***/utils/context.py:207 AirflowContextDeprecationWarning: Accessing 'execution_date' from the template is deprecated and will be removed in a future version. Please use 'data_interval_start' or 'logical_date' instead.
[2024-10-22T04:35:08.287+0000] {logging_mixin.py:188} WARNING - /home/***/.local/lib/python3.8/site-packages/***/utils/email.py:154 RemovedInAirflow3Warning: Fetching SMTP credentials from configuration variables will be deprecated in a future release. Please set credentials using a connection instead.
[2024-10-22T04:35:08.288+0000] {email.py:270} INFO - Email alerting: attempt 1
[2024-10-22T04:35:16.244+0000] {email.py:281} INFO - Sent an alert email to ['deshanariyarathna@gmail.com']
[2024-10-22T04:35:18.716+0000] {local_task_job_runner.py:234} INFO - Task exited with return code 0
[2024-10-22T04:35:18.726+0000] {taskinstance.py:3312} INFO - 0 downstream tasks scheduled from follow-on schedule check
