[2024-10-11T08:19:45.639+0000] {taskinstance.py:1979} INFO - Dependencies all met for dep_context=non-requeueable deps ti=<TaskInstance: Gold_training_Pipeline.model_training manual__2024-10-11T08:19:33.240603+00:00 [queued]>
[2024-10-11T08:19:45.645+0000] {taskinstance.py:1979} INFO - Dependencies all met for dep_context=requeueable deps ti=<TaskInstance: Gold_training_Pipeline.model_training manual__2024-10-11T08:19:33.240603+00:00 [queued]>
[2024-10-11T08:19:45.645+0000] {taskinstance.py:2193} INFO - Starting attempt 1 of 4
[2024-10-11T08:19:45.741+0000] {taskinstance.py:2217} INFO - Executing <Task(PythonOperator): model_training> on 2024-10-11 08:19:33.240603+00:00
[2024-10-11T08:19:45.746+0000] {standard_task_runner.py:60} INFO - Started process 2122 to run task
[2024-10-11T08:19:45.748+0000] {standard_task_runner.py:87} INFO - Running: ['***', 'tasks', 'run', 'Gold_training_Pipeline', 'model_training', 'manual__2024-10-11T08:19:33.240603+00:00', '--job-id', '26', '--raw', '--subdir', 'DAGS_FOLDER/gold_training_pipeline.py', '--cfg-path', '/tmp/tmppjomikj1']
[2024-10-11T08:19:45.756+0000] {standard_task_runner.py:88} INFO - Job 26: Subtask model_training
[2024-10-11T08:19:45.799+0000] {task_command.py:423} INFO - Running <TaskInstance: Gold_training_Pipeline.model_training manual__2024-10-11T08:19:33.240603+00:00 [running]> on host be922010cee5
[2024-10-11T08:19:45.845+0000] {taskinstance.py:2513} INFO - Exporting env vars: AIRFLOW_CTX_DAG_OWNER='sdeshan' AIRFLOW_CTX_DAG_ID='Gold_training_Pipeline' AIRFLOW_CTX_TASK_ID='model_training' AIRFLOW_CTX_EXECUTION_DATE='2024-10-11T08:19:33.240603+00:00' AIRFLOW_CTX_TRY_NUMBER='1' AIRFLOW_CTX_DAG_RUN_ID='manual__2024-10-11T08:19:33.240603+00:00'
[2024-10-11T08:19:45.963+0000] {filesystem.py:118} DEBUG - input tempfile: /tmp/tmpcwf4bkmt/9o9p_oqw.json
[2024-10-11T08:19:46.137+0000] {filesystem.py:118} DEBUG - input tempfile: /tmp/tmpcwf4bkmt/s4mbgkrq.json
[2024-10-11T08:19:46.142+0000] {model.py:2042} DEBUG - idx 0
[2024-10-11T08:19:46.143+0000] {model.py:2043} DEBUG - running CmdStan, num_threads: None
[2024-10-11T08:19:46.143+0000] {model.py:2055} DEBUG - CmdStan args: ['/home/***/.local/lib/python3.8/site-packages/prophet/stan_model/prophet_model.bin', 'random', 'seed=46000', 'data', 'file=/tmp/tmpcwf4bkmt/9o9p_oqw.json', 'init=/tmp/tmpcwf4bkmt/s4mbgkrq.json', 'output', 'file=/tmp/tmpcwf4bkmt/prophet_model8irx1qvu/prophet_model-20241011081946.csv', 'method=optimize', 'algorithm=lbfgs', 'iter=10000']
[2024-10-11T08:19:46.144+0000] {logging_mixin.py:188} WARNING - 08:19:46 - cmdstanpy - INFO - Chain [1] start processing
[2024-10-11T08:19:46.143+0000] {model.py:2058} INFO - Chain [1] start processing
[2024-10-11T08:19:47.959+0000] {logging_mixin.py:188} WARNING - 08:19:47 - cmdstanpy - INFO - Chain [1] done processing
[2024-10-11T08:19:47.959+0000] {model.py:2115} INFO - Chain [1] done processing
[2024-10-11T08:19:48.416+0000] {logging_mixin.py:188} INFO - Fitting 3 folds for each of 1 candidates, totalling 3 fits
[2024-10-11T08:20:14.588+0000] {logging_mixin.py:188} INFO - [CV] END learning_rate=0.001, max_depth=10, min_child_weight=1, n_estimators=500; total time=  26.2s
[2024-10-11T08:20:34.540+0000] {logging_mixin.py:188} INFO - [CV] END learning_rate=0.001, max_depth=10, min_child_weight=1, n_estimators=500; total time=  20.0s
[2024-10-11T08:21:06.342+0000] {logging_mixin.py:188} INFO - [CV] END learning_rate=0.001, max_depth=10, min_child_weight=1, n_estimators=500; total time=  31.8s
[2024-10-11T08:21:20.430+0000] {logging_mixin.py:188} INFO - Best parameters from GridSearchCV: {'learning_rate': 0.001, 'max_depth': 10, 'min_child_weight': 1, 'n_estimators': 500}
[2024-10-11T08:21:42.382+0000] {logging_mixin.py:188} INFO - Root Mean Squared Error (RMSE) of the hybrid model: 9115.200838846245
[2024-10-11T08:21:42.387+0000] {taskinstance.py:2731} ERROR - Task failed with exception
Traceback (most recent call last):
  File "/home/airflow/.local/lib/python3.8/site-packages/airflow/models/taskinstance.py", line 444, in _execute_task
    result = _execute_callable(context=context, **execute_callable_kwargs)
  File "/home/airflow/.local/lib/python3.8/site-packages/airflow/models/taskinstance.py", line 414, in _execute_callable
    return execute_callable(context=context, **execute_callable_kwargs)
  File "/home/airflow/.local/lib/python3.8/site-packages/airflow/operators/python.py", line 200, in execute
    return_value = self.execute_callable()
  File "/home/airflow/.local/lib/python3.8/site-packages/airflow/operators/python.py", line 217, in execute_callable
    return self.python_callable(*self.op_args, **self.op_kwargs)
  File "/opt/airflow/dags/components/gold/model_training/model_training.py", line 145, in forecast_model_training
    joblib.dump(prophet_model, os.path.join(artifacts_path, "prophet_model.pkl"))
  File "/home/airflow/.local/lib/python3.8/site-packages/joblib/numpy_pickle.py", line 552, in dump
    with open(filename, 'wb') as f:
PermissionError: [Errno 13] Permission denied: 'artifacts/gold/models/prophet_model.pkl'
[2024-10-11T08:21:42.409+0000] {taskinstance.py:1149} INFO - Marking task as UP_FOR_RETRY. dag_id=Gold_training_Pipeline, task_id=model_training, execution_date=20241011T081933, start_date=20241011T081945, end_date=20241011T082142
[2024-10-11T08:21:42.421+0000] {standard_task_runner.py:107} ERROR - Failed to execute job 26 for task model_training ([Errno 13] Permission denied: 'artifacts/gold/models/prophet_model.pkl'; 2122)
[2024-10-11T08:21:42.437+0000] {local_task_job_runner.py:234} INFO - Task exited with return code 1
[2024-10-11T08:21:42.448+0000] {taskinstance.py:3312} INFO - 0 downstream tasks scheduled from follow-on schedule check
