[2024-10-11T08:21:48.652+0000] {taskinstance.py:1979} INFO - Dependencies all met for dep_context=non-requeueable deps ti=<TaskInstance: Gold_training_Pipeline.model_training manual__2024-10-11T08:19:33.240603+00:00 [queued]>
[2024-10-11T08:21:48.658+0000] {taskinstance.py:1979} INFO - Dependencies all met for dep_context=requeueable deps ti=<TaskInstance: Gold_training_Pipeline.model_training manual__2024-10-11T08:19:33.240603+00:00 [queued]>
[2024-10-11T08:21:48.659+0000] {taskinstance.py:2193} INFO - Starting attempt 2 of 4
[2024-10-11T08:21:48.756+0000] {taskinstance.py:2217} INFO - Executing <Task(PythonOperator): model_training> on 2024-10-11 08:19:33.240603+00:00
[2024-10-11T08:21:48.761+0000] {standard_task_runner.py:60} INFO - Started process 2503 to run task
[2024-10-11T08:21:48.763+0000] {standard_task_runner.py:87} INFO - Running: ['***', 'tasks', 'run', 'Gold_training_Pipeline', 'model_training', 'manual__2024-10-11T08:19:33.240603+00:00', '--job-id', '27', '--raw', '--subdir', 'DAGS_FOLDER/gold_training_pipeline.py', '--cfg-path', '/tmp/tmphx2cnyv9']
[2024-10-11T08:21:48.765+0000] {standard_task_runner.py:88} INFO - Job 27: Subtask model_training
[2024-10-11T08:21:48.800+0000] {task_command.py:423} INFO - Running <TaskInstance: Gold_training_Pipeline.model_training manual__2024-10-11T08:19:33.240603+00:00 [running]> on host be922010cee5
[2024-10-11T08:21:48.853+0000] {taskinstance.py:2513} INFO - Exporting env vars: AIRFLOW_CTX_DAG_OWNER='sdeshan' AIRFLOW_CTX_DAG_ID='Gold_training_Pipeline' AIRFLOW_CTX_TASK_ID='model_training' AIRFLOW_CTX_EXECUTION_DATE='2024-10-11T08:19:33.240603+00:00' AIRFLOW_CTX_TRY_NUMBER='2' AIRFLOW_CTX_DAG_RUN_ID='manual__2024-10-11T08:19:33.240603+00:00'
[2024-10-11T08:21:48.920+0000] {filesystem.py:118} DEBUG - input tempfile: /tmp/tmpn2kxicyg/o_2lyude.json
[2024-10-11T08:21:49.093+0000] {filesystem.py:118} DEBUG - input tempfile: /tmp/tmpn2kxicyg/r2gkpc72.json
[2024-10-11T08:21:49.095+0000] {model.py:2042} DEBUG - idx 0
[2024-10-11T08:21:49.096+0000] {model.py:2043} DEBUG - running CmdStan, num_threads: None
[2024-10-11T08:21:49.096+0000] {model.py:2055} DEBUG - CmdStan args: ['/home/***/.local/lib/python3.8/site-packages/prophet/stan_model/prophet_model.bin', 'random', 'seed=389', 'data', 'file=/tmp/tmpn2kxicyg/o_2lyude.json', 'init=/tmp/tmpn2kxicyg/r2gkpc72.json', 'output', 'file=/tmp/tmpn2kxicyg/prophet_modelxaf8l7e_/prophet_model-20241011082149.csv', 'method=optimize', 'algorithm=lbfgs', 'iter=10000']
[2024-10-11T08:21:49.097+0000] {logging_mixin.py:188} WARNING - 08:21:49 - cmdstanpy - INFO - Chain [1] start processing
[2024-10-11T08:21:49.097+0000] {model.py:2058} INFO - Chain [1] start processing
[2024-10-11T08:21:50.864+0000] {logging_mixin.py:188} WARNING - 08:21:50 - cmdstanpy - INFO - Chain [1] done processing
[2024-10-11T08:21:50.863+0000] {model.py:2115} INFO - Chain [1] done processing
[2024-10-11T08:21:51.377+0000] {logging_mixin.py:188} INFO - Fitting 3 folds for each of 1 candidates, totalling 3 fits
[2024-10-11T08:22:04.914+0000] {logging_mixin.py:188} INFO - [CV] END learning_rate=0.001, max_depth=10, min_child_weight=1, n_estimators=500; total time=  13.5s
[2024-10-11T08:22:18.377+0000] {logging_mixin.py:188} INFO - [CV] END learning_rate=0.001, max_depth=10, min_child_weight=1, n_estimators=500; total time=  13.5s
[2024-10-11T08:22:34.827+0000] {logging_mixin.py:188} INFO - [CV] END learning_rate=0.001, max_depth=10, min_child_weight=1, n_estimators=500; total time=  16.4s
[2024-10-11T08:22:47.589+0000] {logging_mixin.py:188} INFO - Best parameters from GridSearchCV: {'learning_rate': 0.001, 'max_depth': 10, 'min_child_weight': 1, 'n_estimators': 500}
[2024-10-11T08:22:58.213+0000] {logging_mixin.py:188} INFO - Root Mean Squared Error (RMSE) of the hybrid model: 9115.200838846245
[2024-10-11T08:22:58.217+0000] {taskinstance.py:2731} ERROR - Task failed with exception
Traceback (most recent call last):
  File "/home/airflow/.local/lib/python3.8/site-packages/airflow/models/taskinstance.py", line 444, in _execute_task
    result = _execute_callable(context=context, **execute_callable_kwargs)
  File "/home/airflow/.local/lib/python3.8/site-packages/airflow/models/taskinstance.py", line 414, in _execute_callable
    return execute_callable(context=context, **execute_callable_kwargs)
  File "/home/airflow/.local/lib/python3.8/site-packages/airflow/operators/python.py", line 200, in execute
    return_value = self.execute_callable()
  File "/home/airflow/.local/lib/python3.8/site-packages/airflow/operators/python.py", line 217, in execute_callable
    return self.python_callable(*self.op_args, **self.op_kwargs)
  File "/opt/airflow/dags/components/gold/model_training/model_training.py", line 145, in forecast_model_training
    joblib.dump(prophet_model, os.path.join(artifacts_path, "prophet_model.pkl"))
  File "/home/airflow/.local/lib/python3.8/site-packages/joblib/numpy_pickle.py", line 552, in dump
    with open(filename, 'wb') as f:
PermissionError: [Errno 13] Permission denied: 'artifacts/gold/models/prophet_model.pkl'
[2024-10-11T08:22:58.238+0000] {taskinstance.py:1149} INFO - Marking task as UP_FOR_RETRY. dag_id=Gold_training_Pipeline, task_id=model_training, execution_date=20241011T081933, start_date=20241011T082148, end_date=20241011T082258
[2024-10-11T08:22:58.252+0000] {standard_task_runner.py:107} ERROR - Failed to execute job 27 for task model_training ([Errno 13] Permission denied: 'artifacts/gold/models/prophet_model.pkl'; 2503)
[2024-10-11T08:22:58.270+0000] {local_task_job_runner.py:234} INFO - Task exited with return code 1
[2024-10-11T08:22:58.279+0000] {taskinstance.py:3312} INFO - 0 downstream tasks scheduled from follow-on schedule check
