[2024-10-11T08:23:05.390+0000] {taskinstance.py:1979} INFO - Dependencies all met for dep_context=non-requeueable deps ti=<TaskInstance: Gold_training_Pipeline.model_training manual__2024-10-11T08:19:33.240603+00:00 [queued]>
[2024-10-11T08:23:05.400+0000] {taskinstance.py:1979} INFO - Dependencies all met for dep_context=requeueable deps ti=<TaskInstance: Gold_training_Pipeline.model_training manual__2024-10-11T08:19:33.240603+00:00 [queued]>
[2024-10-11T08:23:05.402+0000] {taskinstance.py:2193} INFO - Starting attempt 3 of 4
[2024-10-11T08:23:05.504+0000] {taskinstance.py:2217} INFO - Executing <Task(PythonOperator): model_training> on 2024-10-11 08:19:33.240603+00:00
[2024-10-11T08:23:05.510+0000] {standard_task_runner.py:60} INFO - Started process 2740 to run task
[2024-10-11T08:23:05.512+0000] {standard_task_runner.py:87} INFO - Running: ['***', 'tasks', 'run', 'Gold_training_Pipeline', 'model_training', 'manual__2024-10-11T08:19:33.240603+00:00', '--job-id', '28', '--raw', '--subdir', 'DAGS_FOLDER/gold_training_pipeline.py', '--cfg-path', '/tmp/tmpxmuvs_kr']
[2024-10-11T08:23:05.516+0000] {standard_task_runner.py:88} INFO - Job 28: Subtask model_training
[2024-10-11T08:23:05.553+0000] {task_command.py:423} INFO - Running <TaskInstance: Gold_training_Pipeline.model_training manual__2024-10-11T08:19:33.240603+00:00 [running]> on host be922010cee5
[2024-10-11T08:23:05.609+0000] {taskinstance.py:2513} INFO - Exporting env vars: AIRFLOW_CTX_DAG_OWNER='sdeshan' AIRFLOW_CTX_DAG_ID='Gold_training_Pipeline' AIRFLOW_CTX_TASK_ID='model_training' AIRFLOW_CTX_EXECUTION_DATE='2024-10-11T08:19:33.240603+00:00' AIRFLOW_CTX_TRY_NUMBER='3' AIRFLOW_CTX_DAG_RUN_ID='manual__2024-10-11T08:19:33.240603+00:00'
[2024-10-11T08:23:05.688+0000] {filesystem.py:118} DEBUG - input tempfile: /tmp/tmpzhrf9b33/ifg11yh5.json
[2024-10-11T08:23:05.882+0000] {filesystem.py:118} DEBUG - input tempfile: /tmp/tmpzhrf9b33/ldt4p5hs.json
[2024-10-11T08:23:05.883+0000] {model.py:2042} DEBUG - idx 0
[2024-10-11T08:23:05.884+0000] {model.py:2043} DEBUG - running CmdStan, num_threads: None
[2024-10-11T08:23:05.884+0000] {model.py:2055} DEBUG - CmdStan args: ['/home/***/.local/lib/python3.8/site-packages/prophet/stan_model/prophet_model.bin', 'random', 'seed=20426', 'data', 'file=/tmp/tmpzhrf9b33/ifg11yh5.json', 'init=/tmp/tmpzhrf9b33/ldt4p5hs.json', 'output', 'file=/tmp/tmpzhrf9b33/prophet_modeloqrjaz9u/prophet_model-20241011082305.csv', 'method=optimize', 'algorithm=lbfgs', 'iter=10000']
[2024-10-11T08:23:05.885+0000] {logging_mixin.py:188} WARNING - 08:23:05 - cmdstanpy - INFO - Chain [1] start processing
[2024-10-11T08:23:05.885+0000] {model.py:2058} INFO - Chain [1] start processing
[2024-10-11T08:23:07.778+0000] {logging_mixin.py:188} WARNING - 08:23:07 - cmdstanpy - INFO - Chain [1] done processing
[2024-10-11T08:23:07.778+0000] {model.py:2115} INFO - Chain [1] done processing
[2024-10-11T08:23:08.276+0000] {logging_mixin.py:188} INFO - Fitting 3 folds for each of 1 candidates, totalling 3 fits
[2024-10-11T08:23:28.861+0000] {logging_mixin.py:188} INFO - [CV] END learning_rate=0.001, max_depth=10, min_child_weight=1, n_estimators=500; total time=  20.6s
[2024-10-11T08:23:50.741+0000] {logging_mixin.py:188} INFO - [CV] END learning_rate=0.001, max_depth=10, min_child_weight=1, n_estimators=500; total time=  21.9s
[2024-10-11T08:24:22.686+0000] {logging_mixin.py:188} INFO - [CV] END learning_rate=0.001, max_depth=10, min_child_weight=1, n_estimators=500; total time=  31.9s
[2024-10-11T08:24:43.987+0000] {logging_mixin.py:188} INFO - Best parameters from GridSearchCV: {'learning_rate': 0.001, 'max_depth': 10, 'min_child_weight': 1, 'n_estimators': 500}
[2024-10-11T08:25:03.807+0000] {logging_mixin.py:188} INFO - Root Mean Squared Error (RMSE) of the hybrid model: 9115.200838846245
[2024-10-11T08:25:03.809+0000] {taskinstance.py:2731} ERROR - Task failed with exception
Traceback (most recent call last):
  File "/home/airflow/.local/lib/python3.8/site-packages/airflow/models/taskinstance.py", line 444, in _execute_task
    result = _execute_callable(context=context, **execute_callable_kwargs)
  File "/home/airflow/.local/lib/python3.8/site-packages/airflow/models/taskinstance.py", line 414, in _execute_callable
    return execute_callable(context=context, **execute_callable_kwargs)
  File "/home/airflow/.local/lib/python3.8/site-packages/airflow/operators/python.py", line 200, in execute
    return_value = self.execute_callable()
  File "/home/airflow/.local/lib/python3.8/site-packages/airflow/operators/python.py", line 217, in execute_callable
    return self.python_callable(*self.op_args, **self.op_kwargs)
  File "/opt/airflow/dags/components/gold/model_training/model_training.py", line 145, in forecast_model_training
    joblib.dump(prophet_model, os.path.join(artifacts_path, "prophet_model.pkl"))
  File "/home/airflow/.local/lib/python3.8/site-packages/joblib/numpy_pickle.py", line 552, in dump
    with open(filename, 'wb') as f:
PermissionError: [Errno 13] Permission denied: 'artifacts/gold/models/prophet_model.pkl'
[2024-10-11T08:25:03.836+0000] {taskinstance.py:1149} INFO - Marking task as UP_FOR_RETRY. dag_id=Gold_training_Pipeline, task_id=model_training, execution_date=20241011T081933, start_date=20241011T082305, end_date=20241011T082503
[2024-10-11T08:25:03.846+0000] {standard_task_runner.py:107} ERROR - Failed to execute job 28 for task model_training ([Errno 13] Permission denied: 'artifacts/gold/models/prophet_model.pkl'; 2740)
[2024-10-11T08:25:03.867+0000] {local_task_job_runner.py:234} INFO - Task exited with return code 1
[2024-10-11T08:25:03.877+0000] {taskinstance.py:3312} INFO - 0 downstream tasks scheduled from follow-on schedule check
