[2024-10-10T00:00:07.121+0000] {taskinstance.py:1979} INFO - Dependencies all met for dep_context=non-requeueable deps ti=<TaskInstance: Gold_training_Pipeline.model_training scheduled__2024-10-09T00:00:00+00:00 [queued]>
[2024-10-10T00:00:07.127+0000] {taskinstance.py:1979} INFO - Dependencies all met for dep_context=requeueable deps ti=<TaskInstance: Gold_training_Pipeline.model_training scheduled__2024-10-09T00:00:00+00:00 [queued]>
[2024-10-10T00:00:07.127+0000] {taskinstance.py:2193} INFO - Starting attempt 1 of 4
[2024-10-10T00:00:07.139+0000] {taskinstance.py:2217} INFO - Executing <Task(PythonOperator): model_training> on 2024-10-09 00:00:00+00:00
[2024-10-10T00:00:07.145+0000] {standard_task_runner.py:60} INFO - Started process 10448 to run task
[2024-10-10T00:00:07.147+0000] {standard_task_runner.py:87} INFO - Running: ['***', 'tasks', 'run', 'Gold_training_Pipeline', 'model_training', 'scheduled__2024-10-09T00:00:00+00:00', '--job-id', '375', '--raw', '--subdir', 'DAGS_FOLDER/gold_training_pipeline.py', '--cfg-path', '/tmp/tmpo_zpcpcy']
[2024-10-10T00:00:07.148+0000] {standard_task_runner.py:88} INFO - Job 375: Subtask model_training
[2024-10-10T00:00:07.180+0000] {task_command.py:423} INFO - Running <TaskInstance: Gold_training_Pipeline.model_training scheduled__2024-10-09T00:00:00+00:00 [running]> on host c11a805db606
[2024-10-10T00:00:07.227+0000] {taskinstance.py:2513} INFO - Exporting env vars: AIRFLOW_CTX_DAG_OWNER='sdeshan' AIRFLOW_CTX_DAG_ID='Gold_training_Pipeline' AIRFLOW_CTX_TASK_ID='model_training' AIRFLOW_CTX_EXECUTION_DATE='2024-10-09T00:00:00+00:00' AIRFLOW_CTX_TRY_NUMBER='1' AIRFLOW_CTX_DAG_RUN_ID='scheduled__2024-10-09T00:00:00+00:00'
[2024-10-10T00:00:07.300+0000] {filesystem.py:118} DEBUG - input tempfile: /tmp/tmpwtb0h_kl/1n3vosc_.json
[2024-10-10T00:00:07.477+0000] {filesystem.py:118} DEBUG - input tempfile: /tmp/tmpwtb0h_kl/yzw16alw.json
[2024-10-10T00:00:07.483+0000] {model.py:2042} DEBUG - idx 0
[2024-10-10T00:00:07.484+0000] {model.py:2043} DEBUG - running CmdStan, num_threads: None
[2024-10-10T00:00:07.484+0000] {model.py:2055} DEBUG - CmdStan args: ['/home/***/.local/lib/python3.8/site-packages/prophet/stan_model/prophet_model.bin', 'random', 'seed=43565', 'data', 'file=/tmp/tmpwtb0h_kl/1n3vosc_.json', 'init=/tmp/tmpwtb0h_kl/yzw16alw.json', 'output', 'file=/tmp/tmpwtb0h_kl/prophet_modelmram705s/prophet_model-20241010000007.csv', 'method=optimize', 'algorithm=lbfgs', 'iter=10000']
[2024-10-10T00:00:07.485+0000] {logging_mixin.py:188} WARNING - 00:00:07 - cmdstanpy - INFO - Chain [1] start processing
[2024-10-10T00:00:07.485+0000] {model.py:2058} INFO - Chain [1] start processing
[2024-10-10T00:00:09.317+0000] {logging_mixin.py:188} WARNING - 00:00:09 - cmdstanpy - INFO - Chain [1] done processing
[2024-10-10T00:00:09.317+0000] {model.py:2115} INFO - Chain [1] done processing
[2024-10-10T00:00:09.854+0000] {logging_mixin.py:188} INFO - Fitting 3 folds for each of 1 candidates, totalling 3 fits
[2024-10-10T03:44:32.182+0000] {local_task_job_runner.py:302} WARNING - State of this instance has been externally set to failed. Terminating instance.
[2024-10-10T03:44:32.194+0000] {process_utils.py:131} INFO - Sending 15 to group 10448. PIDs of all processes in the group: [10448]
[2024-10-10T03:44:32.195+0000] {process_utils.py:86} INFO - Sending the signal 15 to group 10448
[2024-10-10T03:45:08.056+0000] {local_task_job_runner.py:121} ERROR - Received SIGTERM. Terminating subprocesses
[2024-10-10T03:45:08.061+0000] {process_utils.py:131} INFO - Sending 15 to group 10448. PIDs of all processes in the group: [10448]
[2024-10-10T03:45:08.062+0000] {process_utils.py:86} INFO - Sending the signal 15 to group 10448
[2024-10-10T03:45:10.042+0000] {local_task_job_runner.py:121} ERROR - Received SIGTERM. Terminating subprocesses
