[2024-08-20T09:14:44.434+0000] {taskinstance.py:1979} INFO - Dependencies all met for dep_context=non-requeueable deps ti=<TaskInstance: Vehicle_Data_scrape_Pipeline.data_proprocessing manual__2024-08-20T06:39:27.151549+00:00 [queued]>
[2024-08-20T09:14:44.443+0000] {taskinstance.py:1979} INFO - Dependencies all met for dep_context=requeueable deps ti=<TaskInstance: Vehicle_Data_scrape_Pipeline.data_proprocessing manual__2024-08-20T06:39:27.151549+00:00 [queued]>
[2024-08-20T09:14:44.444+0000] {taskinstance.py:2193} INFO - Starting attempt 1 of 4
[2024-08-20T09:14:44.459+0000] {taskinstance.py:2217} INFO - Executing <Task(PythonOperator): data_proprocessing> on 2024-08-20 06:39:27.151549+00:00
[2024-08-20T09:14:44.466+0000] {standard_task_runner.py:60} INFO - Started process 23001 to run task
[2024-08-20T09:14:44.475+0000] {standard_task_runner.py:87} INFO - Running: ['***', 'tasks', 'run', 'Vehicle_Data_scrape_Pipeline', 'data_proprocessing', 'manual__2024-08-20T06:39:27.151549+00:00', '--job-id', '15', '--raw', '--subdir', 'DAGS_FOLDER/vehicle_data_scraping_pipeline.py', '--cfg-path', '/tmp/tmp6c5jqwa1']
[2024-08-20T09:14:44.481+0000] {standard_task_runner.py:88} INFO - Job 15: Subtask data_proprocessing
[2024-08-20T09:14:44.556+0000] {task_command.py:423} INFO - Running <TaskInstance: Vehicle_Data_scrape_Pipeline.data_proprocessing manual__2024-08-20T06:39:27.151549+00:00 [running]> on host 98fc14519f6a
[2024-08-20T09:14:44.778+0000] {taskinstance.py:2513} INFO - Exporting env vars: AIRFLOW_CTX_DAG_OWNER='sdeshan' AIRFLOW_CTX_DAG_ID='Vehicle_Data_scrape_Pipeline' AIRFLOW_CTX_TASK_ID='data_proprocessing' AIRFLOW_CTX_EXECUTION_DATE='2024-08-20T06:39:27.151549+00:00' AIRFLOW_CTX_TRY_NUMBER='1' AIRFLOW_CTX_DAG_RUN_ID='manual__2024-08-20T06:39:27.151549+00:00'
[2024-08-20T09:14:44.842+0000] {taskinstance.py:2731} ERROR - Task failed with exception
Traceback (most recent call last):
  File "/home/airflow/.local/lib/python3.8/site-packages/airflow/models/taskinstance.py", line 444, in _execute_task
    result = _execute_callable(context=context, **execute_callable_kwargs)
  File "/home/airflow/.local/lib/python3.8/site-packages/airflow/models/taskinstance.py", line 414, in _execute_callable
    return execute_callable(context=context, **execute_callable_kwargs)
  File "/home/airflow/.local/lib/python3.8/site-packages/airflow/operators/python.py", line 200, in execute
    return_value = self.execute_callable()
  File "/home/airflow/.local/lib/python3.8/site-packages/airflow/operators/python.py", line 217, in execute_callable
    return self.python_callable(*self.op_args, **self.op_kwargs)
  File "/opt/airflow/dags/components/vehicle/data_scraping_components/data_preprocces.py", line 47, in data_preprocces
    create_table(data_table, [
  File "/opt/airflow/dags/components/utils/database_table_creation.py", line 20, in create_table
    cur.execute(f"""
psycopg2.errors.SyntaxError: syntax error at or near "Model"
LINE 3: ...       Brand VARCHAR(255),Posted_Date VARCHAR(255)Model VARC...
                                                             ^

[2024-08-20T09:14:44.963+0000] {taskinstance.py:1149} INFO - Marking task as UP_FOR_RETRY. dag_id=Vehicle_Data_scrape_Pipeline, task_id=data_proprocessing, execution_date=20240820T063927, start_date=20240820T091444, end_date=20240820T091444
[2024-08-20T09:14:44.977+0000] {standard_task_runner.py:107} ERROR - Failed to execute job 15 for task data_proprocessing (syntax error at or near "Model"
LINE 3: ...       Brand VARCHAR(255),Posted_Date VARCHAR(255)Model VARC...
                                                             ^
; 23001)
[2024-08-20T09:14:45.009+0000] {local_task_job_runner.py:234} INFO - Task exited with return code 1
[2024-08-20T09:14:45.030+0000] {taskinstance.py:3312} INFO - 0 downstream tasks scheduled from follow-on schedule check
