[2024-09-24T06:50:43.566+0000] {taskinstance.py:1979} INFO - Dependencies all met for dep_context=non-requeueable deps ti=<TaskInstance: Gold_training_Pipeline.model_training scheduled__2024-09-21T00:00:00+00:00 [queued]>
[2024-09-24T06:50:43.576+0000] {taskinstance.py:1979} INFO - Dependencies all met for dep_context=requeueable deps ti=<TaskInstance: Gold_training_Pipeline.model_training scheduled__2024-09-21T00:00:00+00:00 [queued]>
[2024-09-24T06:50:43.577+0000] {taskinstance.py:2193} INFO - Starting attempt 1 of 4
[2024-09-24T06:50:43.645+0000] {taskinstance.py:2217} INFO - Executing <Task(PythonOperator): model_training> on 2024-09-21 00:00:00+00:00
[2024-09-24T06:50:43.651+0000] {standard_task_runner.py:60} INFO - Started process 431 to run task
[2024-09-24T06:50:43.654+0000] {standard_task_runner.py:87} INFO - Running: ['***', 'tasks', 'run', 'Gold_training_Pipeline', 'model_training', 'scheduled__2024-09-21T00:00:00+00:00', '--job-id', '188', '--raw', '--subdir', 'DAGS_FOLDER/gold_training_pipeline.py', '--cfg-path', '/tmp/tmps_q2v3au']
[2024-09-24T06:50:43.658+0000] {standard_task_runner.py:88} INFO - Job 188: Subtask model_training
[2024-09-24T06:50:43.916+0000] {task_command.py:423} INFO - Running <TaskInstance: Gold_training_Pipeline.model_training scheduled__2024-09-21T00:00:00+00:00 [running]> on host f2466956ab47
[2024-09-24T06:50:43.997+0000] {taskinstance.py:2513} INFO - Exporting env vars: AIRFLOW_CTX_DAG_OWNER='sdeshan' AIRFLOW_CTX_DAG_ID='Gold_training_Pipeline' AIRFLOW_CTX_TASK_ID='model_training' AIRFLOW_CTX_EXECUTION_DATE='2024-09-21T00:00:00+00:00' AIRFLOW_CTX_TRY_NUMBER='1' AIRFLOW_CTX_DAG_RUN_ID='scheduled__2024-09-21T00:00:00+00:00'
[2024-09-24T06:50:43.999+0000] {python.py:202} INFO - Done. Returned value was: None
[2024-09-24T06:50:44.008+0000] {taskinstance.py:1149} INFO - Marking task as SUCCESS. dag_id=Gold_training_Pipeline, task_id=model_training, execution_date=20240921T000000, start_date=20240924T065043, end_date=20240924T065044
[2024-09-24T06:50:44.013+0000] {logging_mixin.py:188} WARNING - /home/***/.local/lib/python3.8/site-packages/***/utils/context.py:207 AirflowContextDeprecationWarning: Accessing 'execution_date' from the template is deprecated and will be removed in a future version. Please use 'data_interval_start' or 'logical_date' instead.
[2024-09-24T06:50:44.021+0000] {logging_mixin.py:188} WARNING - /home/***/.local/lib/python3.8/site-packages/***/utils/email.py:154 RemovedInAirflow3Warning: Fetching SMTP credentials from configuration variables will be deprecated in a future release. Please set credentials using a connection instead.
[2024-09-24T06:50:44.022+0000] {email.py:270} INFO - Email alerting: attempt 1
[2024-09-24T06:51:00.452+0000] {taskinstance.py:1127} ERROR - Error when executing success_email callback
Traceback (most recent call last):
  File "/home/airflow/.local/lib/python3.8/site-packages/airflow/models/taskinstance.py", line 1124, in _run_finished_callback
    callback(context)
  File "/opt/airflow/dags/components/utils/send_email.py", line 12, in success_email
    send_email(to = to_email, subject = subject, html_content = body)
  File "/home/airflow/.local/lib/python3.8/site-packages/airflow/utils/email.py", line 80, in send_email
    return backend(
  File "/home/airflow/.local/lib/python3.8/site-packages/airflow/utils/email.py", line 154, in send_email_smtp
    send_mime_email(e_from=mail_from, e_to=recipients, mime_msg=msg, conn_id=conn_id, dryrun=dryrun)
  File "/home/airflow/.local/lib/python3.8/site-packages/airflow/utils/email.py", line 280, in send_mime_email
    smtp_conn.login(smtp_user, smtp_password)
  File "/usr/local/lib/python3.8/smtplib.py", line 712, in login
    self.ehlo_or_helo_if_needed()
  File "/usr/local/lib/python3.8/smtplib.py", line 609, in ehlo_or_helo_if_needed
    if not (200 <= self.ehlo()[0] <= 299):
  File "/usr/local/lib/python3.8/smtplib.py", line 450, in ehlo
    (code, msg) = self.getreply()
  File "/usr/local/lib/python3.8/smtplib.py", line 403, in getreply
    raise SMTPServerDisconnected("Connection unexpectedly closed")
smtplib.SMTPServerDisconnected: Connection unexpectedly closed
[2024-09-24T06:51:00.844+0000] {local_task_job_runner.py:234} INFO - Task exited with return code 0
[2024-09-24T06:51:00.856+0000] {taskinstance.py:3312} INFO - 0 downstream tasks scheduled from follow-on schedule check
