[2024-08-16T07:44:14.074+0000] {processor.py:161} INFO - Started process (PID=218) to work on /opt/airflow/dags/data_scraping_pipeline.py
[2024-08-16T07:44:14.091+0000] {processor.py:830} INFO - Processing file /opt/airflow/dags/data_scraping_pipeline.py for tasks to queue
[2024-08-16T07:44:14.093+0000] {logging_mixin.py:188} INFO - [2024-08-16T07:44:14.092+0000] {dagbag.py:540} INFO - Filling up the DagBag from /opt/airflow/dags/data_scraping_pipeline.py
[2024-08-16T07:44:15.889+0000] {processor.py:840} INFO - DAG(s) 'data_scrape_pipeline' retrieved from /opt/airflow/dags/data_scraping_pipeline.py
[2024-08-16T07:44:16.934+0000] {logging_mixin.py:188} INFO - [2024-08-16T07:44:16.934+0000] {override.py:1769} INFO - Created Permission View: can delete on DAG:data_scrape_pipeline
[2024-08-16T07:44:16.953+0000] {logging_mixin.py:188} INFO - [2024-08-16T07:44:16.953+0000] {override.py:1769} INFO - Created Permission View: can edit on DAG:data_scrape_pipeline
[2024-08-16T07:44:16.963+0000] {logging_mixin.py:188} INFO - [2024-08-16T07:44:16.963+0000] {override.py:1769} INFO - Created Permission View: can read on DAG:data_scrape_pipeline
[2024-08-16T07:44:16.964+0000] {logging_mixin.py:188} INFO - [2024-08-16T07:44:16.964+0000] {dag.py:3047} INFO - Sync 1 DAGs
[2024-08-16T07:44:16.972+0000] {logging_mixin.py:188} INFO - [2024-08-16T07:44:16.972+0000] {dag.py:3069} INFO - Creating ORM DAG for data_scrape_pipeline
[2024-08-16T07:44:16.984+0000] {logging_mixin.py:188} INFO - [2024-08-16T07:44:16.984+0000] {dag.py:3834} INFO - Setting next_dagrun for data_scrape_pipeline to 2024-08-05 00:00:00+00:00, run_after=2024-08-06 00:00:00+00:00
[2024-08-16T07:44:17.024+0000] {processor.py:183} INFO - Processing /opt/airflow/dags/data_scraping_pipeline.py took 2.961 seconds
[2024-08-16T07:44:47.486+0000] {processor.py:161} INFO - Started process (PID=255) to work on /opt/airflow/dags/data_scraping_pipeline.py
[2024-08-16T07:44:47.489+0000] {processor.py:830} INFO - Processing file /opt/airflow/dags/data_scraping_pipeline.py for tasks to queue
[2024-08-16T07:44:47.493+0000] {logging_mixin.py:188} INFO - [2024-08-16T07:44:47.492+0000] {dagbag.py:540} INFO - Filling up the DagBag from /opt/airflow/dags/data_scraping_pipeline.py
[2024-08-16T07:44:48.600+0000] {processor.py:840} INFO - DAG(s) 'data_scrape_pipeline' retrieved from /opt/airflow/dags/data_scraping_pipeline.py
[2024-08-16T07:44:48.756+0000] {logging_mixin.py:188} INFO - [2024-08-16T07:44:48.755+0000] {dag.py:3047} INFO - Sync 1 DAGs
[2024-08-16T07:44:48.865+0000] {logging_mixin.py:188} INFO - [2024-08-16T07:44:48.865+0000] {dag.py:3834} INFO - Setting next_dagrun for data_scrape_pipeline to 2024-08-05 00:00:00+00:00, run_after=2024-08-06 00:00:00+00:00
[2024-08-16T07:44:48.895+0000] {processor.py:183} INFO - Processing /opt/airflow/dags/data_scraping_pipeline.py took 1.433 seconds
[2024-08-16T07:45:19.244+0000] {processor.py:161} INFO - Started process (PID=292) to work on /opt/airflow/dags/data_scraping_pipeline.py
[2024-08-16T07:45:19.246+0000] {processor.py:830} INFO - Processing file /opt/airflow/dags/data_scraping_pipeline.py for tasks to queue
[2024-08-16T07:45:19.248+0000] {logging_mixin.py:188} INFO - [2024-08-16T07:45:19.247+0000] {dagbag.py:540} INFO - Filling up the DagBag from /opt/airflow/dags/data_scraping_pipeline.py
[2024-08-16T07:45:19.939+0000] {processor.py:840} INFO - DAG(s) 'data_scrape_pipeline' retrieved from /opt/airflow/dags/data_scraping_pipeline.py
[2024-08-16T07:45:20.052+0000] {logging_mixin.py:188} INFO - [2024-08-16T07:45:20.051+0000] {dag.py:3047} INFO - Sync 1 DAGs
[2024-08-16T07:45:20.101+0000] {logging_mixin.py:188} INFO - [2024-08-16T07:45:20.101+0000] {dag.py:3834} INFO - Setting next_dagrun for data_scrape_pipeline to 2024-08-05 00:00:00+00:00, run_after=2024-08-06 00:00:00+00:00
[2024-08-16T07:45:20.126+0000] {processor.py:183} INFO - Processing /opt/airflow/dags/data_scraping_pipeline.py took 0.886 seconds
[2024-08-16T07:45:50.293+0000] {processor.py:161} INFO - Started process (PID=329) to work on /opt/airflow/dags/data_scraping_pipeline.py
[2024-08-16T07:45:50.294+0000] {processor.py:830} INFO - Processing file /opt/airflow/dags/data_scraping_pipeline.py for tasks to queue
[2024-08-16T07:45:50.296+0000] {logging_mixin.py:188} INFO - [2024-08-16T07:45:50.295+0000] {dagbag.py:540} INFO - Filling up the DagBag from /opt/airflow/dags/data_scraping_pipeline.py
[2024-08-16T07:45:50.883+0000] {processor.py:840} INFO - DAG(s) 'data_scrape_pipeline' retrieved from /opt/airflow/dags/data_scraping_pipeline.py
[2024-08-16T07:45:50.965+0000] {logging_mixin.py:188} INFO - [2024-08-16T07:45:50.965+0000] {dag.py:3047} INFO - Sync 1 DAGs
[2024-08-16T07:45:50.980+0000] {logging_mixin.py:188} INFO - [2024-08-16T07:45:50.980+0000] {dag.py:3834} INFO - Setting next_dagrun for data_scrape_pipeline to 2024-08-05 00:00:00+00:00, run_after=2024-08-06 00:00:00+00:00
[2024-08-16T07:45:51.005+0000] {processor.py:183} INFO - Processing /opt/airflow/dags/data_scraping_pipeline.py took 0.715 seconds
[2024-08-16T07:46:21.693+0000] {processor.py:161} INFO - Started process (PID=366) to work on /opt/airflow/dags/data_scraping_pipeline.py
[2024-08-16T07:46:21.694+0000] {processor.py:830} INFO - Processing file /opt/airflow/dags/data_scraping_pipeline.py for tasks to queue
[2024-08-16T07:46:21.695+0000] {logging_mixin.py:188} INFO - [2024-08-16T07:46:21.695+0000] {dagbag.py:540} INFO - Filling up the DagBag from /opt/airflow/dags/data_scraping_pipeline.py
[2024-08-16T07:46:22.218+0000] {processor.py:840} INFO - DAG(s) 'data_scrape_pipeline' retrieved from /opt/airflow/dags/data_scraping_pipeline.py
[2024-08-16T07:46:22.371+0000] {logging_mixin.py:188} INFO - [2024-08-16T07:46:22.370+0000] {dag.py:3047} INFO - Sync 1 DAGs
[2024-08-16T07:46:22.384+0000] {logging_mixin.py:188} INFO - [2024-08-16T07:46:22.384+0000] {dag.py:3834} INFO - Setting next_dagrun for data_scrape_pipeline to 2024-08-05 00:00:00+00:00, run_after=2024-08-06 00:00:00+00:00
[2024-08-16T07:46:22.396+0000] {processor.py:183} INFO - Processing /opt/airflow/dags/data_scraping_pipeline.py took 0.706 seconds
[2024-08-16T07:46:57.492+0000] {processor.py:161} INFO - Started process (PID=403) to work on /opt/airflow/dags/data_scraping_pipeline.py
[2024-08-16T07:46:57.494+0000] {processor.py:830} INFO - Processing file /opt/airflow/dags/data_scraping_pipeline.py for tasks to queue
[2024-08-16T07:46:57.496+0000] {logging_mixin.py:188} INFO - [2024-08-16T07:46:57.495+0000] {dagbag.py:540} INFO - Filling up the DagBag from /opt/airflow/dags/data_scraping_pipeline.py
[2024-08-16T07:46:58.290+0000] {processor.py:840} INFO - DAG(s) 'data_scrape_pipeline' retrieved from /opt/airflow/dags/data_scraping_pipeline.py
[2024-08-16T07:46:58.423+0000] {logging_mixin.py:188} INFO - [2024-08-16T07:46:58.423+0000] {dag.py:3047} INFO - Sync 1 DAGs
[2024-08-16T07:46:59.024+0000] {logging_mixin.py:188} INFO - [2024-08-16T07:46:59.024+0000] {dag.py:3834} INFO - Setting next_dagrun for data_scrape_pipeline to 2024-08-05 00:00:00+00:00, run_after=2024-08-06 00:00:00+00:00
[2024-08-16T07:46:59.042+0000] {processor.py:183} INFO - Processing /opt/airflow/dags/data_scraping_pipeline.py took 1.553 seconds
[2024-08-16T07:47:36.731+0000] {processor.py:161} INFO - Started process (PID=447) to work on /opt/airflow/dags/data_scraping_pipeline.py
[2024-08-16T07:47:36.732+0000] {processor.py:830} INFO - Processing file /opt/airflow/dags/data_scraping_pipeline.py for tasks to queue
[2024-08-16T07:47:36.734+0000] {logging_mixin.py:188} INFO - [2024-08-16T07:47:36.733+0000] {dagbag.py:540} INFO - Filling up the DagBag from /opt/airflow/dags/data_scraping_pipeline.py
[2024-08-16T07:47:37.319+0000] {processor.py:840} INFO - DAG(s) 'data_scrape_pipeline' retrieved from /opt/airflow/dags/data_scraping_pipeline.py
[2024-08-16T07:47:37.434+0000] {logging_mixin.py:188} INFO - [2024-08-16T07:47:37.434+0000] {dag.py:3047} INFO - Sync 1 DAGs
[2024-08-16T07:47:37.471+0000] {logging_mixin.py:188} INFO - [2024-08-16T07:47:37.471+0000] {dag.py:3834} INFO - Setting next_dagrun for data_scrape_pipeline to 2024-08-05 00:00:00+00:00, run_after=2024-08-06 00:00:00+00:00
[2024-08-16T07:47:37.500+0000] {processor.py:183} INFO - Processing /opt/airflow/dags/data_scraping_pipeline.py took 0.772 seconds
[2024-08-16T07:48:11.915+0000] {processor.py:161} INFO - Started process (PID=484) to work on /opt/airflow/dags/data_scraping_pipeline.py
[2024-08-16T07:48:11.917+0000] {processor.py:830} INFO - Processing file /opt/airflow/dags/data_scraping_pipeline.py for tasks to queue
[2024-08-16T07:48:11.924+0000] {logging_mixin.py:188} INFO - [2024-08-16T07:48:11.918+0000] {dagbag.py:540} INFO - Filling up the DagBag from /opt/airflow/dags/data_scraping_pipeline.py
[2024-08-16T07:48:19.987+0000] {processor.py:840} INFO - DAG(s) 'data_scrape_pipeline' retrieved from /opt/airflow/dags/data_scraping_pipeline.py
[2024-08-16T07:48:20.084+0000] {logging_mixin.py:188} INFO - [2024-08-16T07:48:20.084+0000] {dag.py:3047} INFO - Sync 1 DAGs
[2024-08-16T07:48:20.101+0000] {logging_mixin.py:188} INFO - [2024-08-16T07:48:20.101+0000] {dag.py:3834} INFO - Setting next_dagrun for data_scrape_pipeline to 2024-08-05 00:00:00+00:00, run_after=2024-08-06 00:00:00+00:00
[2024-08-16T07:48:20.119+0000] {processor.py:183} INFO - Processing /opt/airflow/dags/data_scraping_pipeline.py took 8.209 seconds
[2024-08-16T07:48:50.766+0000] {processor.py:161} INFO - Started process (PID=521) to work on /opt/airflow/dags/data_scraping_pipeline.py
[2024-08-16T07:48:50.774+0000] {processor.py:830} INFO - Processing file /opt/airflow/dags/data_scraping_pipeline.py for tasks to queue
[2024-08-16T07:48:50.779+0000] {logging_mixin.py:188} INFO - [2024-08-16T07:48:50.775+0000] {dagbag.py:540} INFO - Filling up the DagBag from /opt/airflow/dags/data_scraping_pipeline.py
[2024-08-16T07:48:55.120+0000] {processor.py:840} INFO - DAG(s) 'data_scrape_pipeline' retrieved from /opt/airflow/dags/data_scraping_pipeline.py
[2024-08-16T07:48:55.241+0000] {logging_mixin.py:188} INFO - [2024-08-16T07:48:55.241+0000] {dag.py:3047} INFO - Sync 1 DAGs
[2024-08-16T07:48:55.271+0000] {logging_mixin.py:188} INFO - [2024-08-16T07:48:55.271+0000] {dag.py:3834} INFO - Setting next_dagrun for data_scrape_pipeline to 2024-08-05 00:00:00+00:00, run_after=2024-08-06 00:00:00+00:00
[2024-08-16T07:48:55.312+0000] {processor.py:183} INFO - Processing /opt/airflow/dags/data_scraping_pipeline.py took 4.553 seconds
[2024-08-16T07:49:26.802+0000] {processor.py:161} INFO - Started process (PID=558) to work on /opt/airflow/dags/data_scraping_pipeline.py
[2024-08-16T07:49:26.803+0000] {processor.py:830} INFO - Processing file /opt/airflow/dags/data_scraping_pipeline.py for tasks to queue
[2024-08-16T07:49:26.804+0000] {logging_mixin.py:188} INFO - [2024-08-16T07:49:26.804+0000] {dagbag.py:540} INFO - Filling up the DagBag from /opt/airflow/dags/data_scraping_pipeline.py
[2024-08-16T07:49:28.860+0000] {processor.py:840} INFO - DAG(s) 'data_scrape_pipeline' retrieved from /opt/airflow/dags/data_scraping_pipeline.py
[2024-08-16T07:49:28.984+0000] {logging_mixin.py:188} INFO - [2024-08-16T07:49:28.983+0000] {dag.py:3047} INFO - Sync 1 DAGs
[2024-08-16T07:49:29.010+0000] {logging_mixin.py:188} INFO - [2024-08-16T07:49:29.010+0000] {dag.py:3834} INFO - Setting next_dagrun for data_scrape_pipeline to 2024-08-05 00:00:00+00:00, run_after=2024-08-06 00:00:00+00:00
[2024-08-16T07:49:29.047+0000] {processor.py:183} INFO - Processing /opt/airflow/dags/data_scraping_pipeline.py took 2.257 seconds
[2024-08-16T07:50:00.919+0000] {processor.py:161} INFO - Started process (PID=595) to work on /opt/airflow/dags/data_scraping_pipeline.py
[2024-08-16T07:50:00.924+0000] {processor.py:830} INFO - Processing file /opt/airflow/dags/data_scraping_pipeline.py for tasks to queue
[2024-08-16T07:50:00.967+0000] {logging_mixin.py:188} INFO - [2024-08-16T07:50:00.928+0000] {dagbag.py:540} INFO - Filling up the DagBag from /opt/airflow/dags/data_scraping_pipeline.py
[2024-08-16T07:50:02.536+0000] {processor.py:840} INFO - DAG(s) 'data_scrape_pipeline' retrieved from /opt/airflow/dags/data_scraping_pipeline.py
[2024-08-16T07:50:02.634+0000] {logging_mixin.py:188} INFO - [2024-08-16T07:50:02.633+0000] {dag.py:3047} INFO - Sync 1 DAGs
[2024-08-16T07:50:09.310+0000] {logging_mixin.py:188} INFO - [2024-08-16T07:50:09.310+0000] {dag.py:3834} INFO - Setting next_dagrun for data_scrape_pipeline to 2024-08-05 00:00:00+00:00, run_after=2024-08-06 00:00:00+00:00
[2024-08-16T07:50:09.724+0000] {processor.py:183} INFO - Processing /opt/airflow/dags/data_scraping_pipeline.py took 8.886 seconds
[2024-08-16T07:50:40.274+0000] {processor.py:161} INFO - Started process (PID=632) to work on /opt/airflow/dags/data_scraping_pipeline.py
[2024-08-16T07:50:40.276+0000] {processor.py:830} INFO - Processing file /opt/airflow/dags/data_scraping_pipeline.py for tasks to queue
[2024-08-16T07:50:40.278+0000] {logging_mixin.py:188} INFO - [2024-08-16T07:50:40.277+0000] {dagbag.py:540} INFO - Filling up the DagBag from /opt/airflow/dags/data_scraping_pipeline.py
[2024-08-16T07:50:41.030+0000] {processor.py:840} INFO - DAG(s) 'data_scrape_pipeline' retrieved from /opt/airflow/dags/data_scraping_pipeline.py
[2024-08-16T07:50:41.144+0000] {logging_mixin.py:188} INFO - [2024-08-16T07:50:41.144+0000] {dag.py:3047} INFO - Sync 1 DAGs
[2024-08-16T07:50:41.165+0000] {logging_mixin.py:188} INFO - [2024-08-16T07:50:41.165+0000] {dag.py:3834} INFO - Setting next_dagrun for data_scrape_pipeline to 2024-08-05 00:00:00+00:00, run_after=2024-08-06 00:00:00+00:00
[2024-08-16T07:50:41.184+0000] {processor.py:183} INFO - Processing /opt/airflow/dags/data_scraping_pipeline.py took 0.924 seconds
[2024-08-16T07:51:11.653+0000] {processor.py:161} INFO - Started process (PID=669) to work on /opt/airflow/dags/data_scraping_pipeline.py
[2024-08-16T07:51:11.654+0000] {processor.py:830} INFO - Processing file /opt/airflow/dags/data_scraping_pipeline.py for tasks to queue
[2024-08-16T07:51:11.656+0000] {logging_mixin.py:188} INFO - [2024-08-16T07:51:11.655+0000] {dagbag.py:540} INFO - Filling up the DagBag from /opt/airflow/dags/data_scraping_pipeline.py
[2024-08-16T07:51:12.348+0000] {processor.py:840} INFO - DAG(s) 'data_scrape_pipeline' retrieved from /opt/airflow/dags/data_scraping_pipeline.py
[2024-08-16T07:51:12.441+0000] {logging_mixin.py:188} INFO - [2024-08-16T07:51:12.440+0000] {dag.py:3047} INFO - Sync 1 DAGs
[2024-08-16T07:51:12.466+0000] {logging_mixin.py:188} INFO - [2024-08-16T07:51:12.466+0000] {dag.py:3834} INFO - Setting next_dagrun for data_scrape_pipeline to 2024-08-05 00:00:00+00:00, run_after=2024-08-06 00:00:00+00:00
[2024-08-16T07:51:12.498+0000] {processor.py:183} INFO - Processing /opt/airflow/dags/data_scraping_pipeline.py took 0.862 seconds
[2024-08-16T07:51:42.901+0000] {processor.py:161} INFO - Started process (PID=706) to work on /opt/airflow/dags/data_scraping_pipeline.py
[2024-08-16T07:51:42.903+0000] {processor.py:830} INFO - Processing file /opt/airflow/dags/data_scraping_pipeline.py for tasks to queue
[2024-08-16T07:51:42.905+0000] {logging_mixin.py:188} INFO - [2024-08-16T07:51:42.904+0000] {dagbag.py:540} INFO - Filling up the DagBag from /opt/airflow/dags/data_scraping_pipeline.py
[2024-08-16T07:51:43.711+0000] {processor.py:840} INFO - DAG(s) 'data_scrape_pipeline' retrieved from /opt/airflow/dags/data_scraping_pipeline.py
[2024-08-16T07:51:43.804+0000] {logging_mixin.py:188} INFO - [2024-08-16T07:51:43.803+0000] {dag.py:3047} INFO - Sync 1 DAGs
[2024-08-16T07:51:43.825+0000] {logging_mixin.py:188} INFO - [2024-08-16T07:51:43.824+0000] {dag.py:3834} INFO - Setting next_dagrun for data_scrape_pipeline to 2024-08-05 00:00:00+00:00, run_after=2024-08-06 00:00:00+00:00
[2024-08-16T07:51:43.846+0000] {processor.py:183} INFO - Processing /opt/airflow/dags/data_scraping_pipeline.py took 0.949 seconds
[2024-08-16T07:52:14.216+0000] {processor.py:161} INFO - Started process (PID=741) to work on /opt/airflow/dags/data_scraping_pipeline.py
[2024-08-16T07:52:14.292+0000] {processor.py:830} INFO - Processing file /opt/airflow/dags/data_scraping_pipeline.py for tasks to queue
[2024-08-16T07:52:14.293+0000] {logging_mixin.py:188} INFO - [2024-08-16T07:52:14.293+0000] {dagbag.py:540} INFO - Filling up the DagBag from /opt/airflow/dags/data_scraping_pipeline.py
[2024-08-16T07:52:15.547+0000] {processor.py:840} INFO - DAG(s) 'data_scrape_pipeline' retrieved from /opt/airflow/dags/data_scraping_pipeline.py
[2024-08-16T07:52:15.807+0000] {logging_mixin.py:188} INFO - [2024-08-16T07:52:15.806+0000] {dag.py:3047} INFO - Sync 1 DAGs
[2024-08-16T07:52:15.821+0000] {logging_mixin.py:188} INFO - [2024-08-16T07:52:15.821+0000] {dag.py:3834} INFO - Setting next_dagrun for data_scrape_pipeline to 2024-08-05 00:00:00+00:00, run_after=2024-08-06 00:00:00+00:00
[2024-08-16T07:52:15.866+0000] {processor.py:183} INFO - Processing /opt/airflow/dags/data_scraping_pipeline.py took 1.653 seconds
[2024-08-16T07:52:46.442+0000] {processor.py:161} INFO - Started process (PID=755) to work on /opt/airflow/dags/data_scraping_pipeline.py
[2024-08-16T07:52:46.544+0000] {processor.py:830} INFO - Processing file /opt/airflow/dags/data_scraping_pipeline.py for tasks to queue
[2024-08-16T07:52:46.547+0000] {logging_mixin.py:188} INFO - [2024-08-16T07:52:46.546+0000] {dagbag.py:540} INFO - Filling up the DagBag from /opt/airflow/dags/data_scraping_pipeline.py
[2024-08-16T07:52:47.641+0000] {processor.py:840} INFO - DAG(s) 'data_scrape_pipeline' retrieved from /opt/airflow/dags/data_scraping_pipeline.py
[2024-08-16T07:52:47.723+0000] {logging_mixin.py:188} INFO - [2024-08-16T07:52:47.723+0000] {dag.py:3047} INFO - Sync 1 DAGs
[2024-08-16T07:52:47.737+0000] {logging_mixin.py:188} INFO - [2024-08-16T07:52:47.737+0000] {dag.py:3834} INFO - Setting next_dagrun for data_scrape_pipeline to 2024-08-05 00:00:00+00:00, run_after=2024-08-06 00:00:00+00:00
[2024-08-16T07:52:47.841+0000] {processor.py:183} INFO - Processing /opt/airflow/dags/data_scraping_pipeline.py took 1.402 seconds
[2024-08-16T07:53:18.444+0000] {processor.py:161} INFO - Started process (PID=792) to work on /opt/airflow/dags/data_scraping_pipeline.py
[2024-08-16T07:53:18.503+0000] {processor.py:830} INFO - Processing file /opt/airflow/dags/data_scraping_pipeline.py for tasks to queue
[2024-08-16T07:53:18.506+0000] {logging_mixin.py:188} INFO - [2024-08-16T07:53:18.505+0000] {dagbag.py:540} INFO - Filling up the DagBag from /opt/airflow/dags/data_scraping_pipeline.py
[2024-08-16T07:53:19.545+0000] {processor.py:840} INFO - DAG(s) 'data_scrape_pipeline' retrieved from /opt/airflow/dags/data_scraping_pipeline.py
[2024-08-16T07:53:19.902+0000] {logging_mixin.py:188} INFO - [2024-08-16T07:53:19.901+0000] {dag.py:3047} INFO - Sync 1 DAGs
[2024-08-16T07:53:19.975+0000] {logging_mixin.py:188} INFO - [2024-08-16T07:53:19.974+0000] {dag.py:3834} INFO - Setting next_dagrun for data_scrape_pipeline to 2024-08-05 00:00:00+00:00, run_after=2024-08-06 00:00:00+00:00
[2024-08-16T07:53:20.082+0000] {processor.py:183} INFO - Processing /opt/airflow/dags/data_scraping_pipeline.py took 1.641 seconds
[2024-08-16T07:53:50.747+0000] {processor.py:161} INFO - Started process (PID=829) to work on /opt/airflow/dags/data_scraping_pipeline.py
[2024-08-16T07:53:50.748+0000] {processor.py:830} INFO - Processing file /opt/airflow/dags/data_scraping_pipeline.py for tasks to queue
[2024-08-16T07:53:50.749+0000] {logging_mixin.py:188} INFO - [2024-08-16T07:53:50.748+0000] {dagbag.py:540} INFO - Filling up the DagBag from /opt/airflow/dags/data_scraping_pipeline.py
[2024-08-16T07:53:51.147+0000] {processor.py:840} INFO - DAG(s) 'data_scrape_pipeline' retrieved from /opt/airflow/dags/data_scraping_pipeline.py
[2024-08-16T07:53:51.200+0000] {logging_mixin.py:188} INFO - [2024-08-16T07:53:51.200+0000] {dag.py:3047} INFO - Sync 1 DAGs
[2024-08-16T07:53:51.216+0000] {logging_mixin.py:188} INFO - [2024-08-16T07:53:51.216+0000] {dag.py:3834} INFO - Setting next_dagrun for data_scrape_pipeline to 2024-08-05 00:00:00+00:00, run_after=2024-08-06 00:00:00+00:00
[2024-08-16T07:53:51.244+0000] {processor.py:183} INFO - Processing /opt/airflow/dags/data_scraping_pipeline.py took 0.500 seconds
[2024-08-16T07:54:21.431+0000] {processor.py:161} INFO - Started process (PID=872) to work on /opt/airflow/dags/data_scraping_pipeline.py
[2024-08-16T07:54:21.432+0000] {processor.py:830} INFO - Processing file /opt/airflow/dags/data_scraping_pipeline.py for tasks to queue
[2024-08-16T07:54:21.433+0000] {logging_mixin.py:188} INFO - [2024-08-16T07:54:21.433+0000] {dagbag.py:540} INFO - Filling up the DagBag from /opt/airflow/dags/data_scraping_pipeline.py
[2024-08-16T07:54:22.340+0000] {processor.py:840} INFO - DAG(s) 'data_scrape_pipeline' retrieved from /opt/airflow/dags/data_scraping_pipeline.py
[2024-08-16T07:54:22.411+0000] {logging_mixin.py:188} INFO - [2024-08-16T07:54:22.411+0000] {dag.py:3047} INFO - Sync 1 DAGs
[2024-08-16T07:54:22.426+0000] {logging_mixin.py:188} INFO - [2024-08-16T07:54:22.425+0000] {dag.py:3834} INFO - Setting next_dagrun for data_scrape_pipeline to 2024-08-05 00:00:00+00:00, run_after=2024-08-06 00:00:00+00:00
[2024-08-16T07:54:22.449+0000] {processor.py:183} INFO - Processing /opt/airflow/dags/data_scraping_pipeline.py took 1.020 seconds
[2024-08-16T07:54:53.066+0000] {processor.py:161} INFO - Started process (PID=909) to work on /opt/airflow/dags/data_scraping_pipeline.py
[2024-08-16T07:54:53.074+0000] {processor.py:830} INFO - Processing file /opt/airflow/dags/data_scraping_pipeline.py for tasks to queue
[2024-08-16T07:54:53.076+0000] {logging_mixin.py:188} INFO - [2024-08-16T07:54:53.075+0000] {dagbag.py:540} INFO - Filling up the DagBag from /opt/airflow/dags/data_scraping_pipeline.py
[2024-08-16T07:54:53.711+0000] {processor.py:840} INFO - DAG(s) 'data_scrape_pipeline' retrieved from /opt/airflow/dags/data_scraping_pipeline.py
[2024-08-16T07:54:54.045+0000] {logging_mixin.py:188} INFO - [2024-08-16T07:54:54.045+0000] {dag.py:3047} INFO - Sync 1 DAGs
[2024-08-16T07:54:54.060+0000] {logging_mixin.py:188} INFO - [2024-08-16T07:54:54.059+0000] {dag.py:3834} INFO - Setting next_dagrun for data_scrape_pipeline to 2024-08-05 00:00:00+00:00, run_after=2024-08-06 00:00:00+00:00
[2024-08-16T07:54:54.084+0000] {processor.py:183} INFO - Processing /opt/airflow/dags/data_scraping_pipeline.py took 1.020 seconds
[2024-08-16T07:55:24.510+0000] {processor.py:161} INFO - Started process (PID=947) to work on /opt/airflow/dags/data_scraping_pipeline.py
[2024-08-16T07:55:24.511+0000] {processor.py:830} INFO - Processing file /opt/airflow/dags/data_scraping_pipeline.py for tasks to queue
[2024-08-16T07:55:24.512+0000] {logging_mixin.py:188} INFO - [2024-08-16T07:55:24.512+0000] {dagbag.py:540} INFO - Filling up the DagBag from /opt/airflow/dags/data_scraping_pipeline.py
[2024-08-16T07:55:25.309+0000] {processor.py:840} INFO - DAG(s) 'data_scrape_pipeline' retrieved from /opt/airflow/dags/data_scraping_pipeline.py
[2024-08-16T07:55:25.404+0000] {logging_mixin.py:188} INFO - [2024-08-16T07:55:25.404+0000] {dag.py:3047} INFO - Sync 1 DAGs
[2024-08-16T07:55:25.421+0000] {logging_mixin.py:188} INFO - [2024-08-16T07:55:25.421+0000] {dag.py:3834} INFO - Setting next_dagrun for data_scrape_pipeline to 2024-08-05 00:00:00+00:00, run_after=2024-08-06 00:00:00+00:00
[2024-08-16T07:55:25.459+0000] {processor.py:183} INFO - Processing /opt/airflow/dags/data_scraping_pipeline.py took 0.953 seconds
[2024-08-16T07:55:55.766+0000] {processor.py:161} INFO - Started process (PID=984) to work on /opt/airflow/dags/data_scraping_pipeline.py
[2024-08-16T07:55:55.767+0000] {processor.py:830} INFO - Processing file /opt/airflow/dags/data_scraping_pipeline.py for tasks to queue
[2024-08-16T07:55:55.767+0000] {logging_mixin.py:188} INFO - [2024-08-16T07:55:55.767+0000] {dagbag.py:540} INFO - Filling up the DagBag from /opt/airflow/dags/data_scraping_pipeline.py
[2024-08-16T07:55:56.682+0000] {processor.py:840} INFO - DAG(s) 'data_scrape_pipeline' retrieved from /opt/airflow/dags/data_scraping_pipeline.py
[2024-08-16T07:55:56.764+0000] {logging_mixin.py:188} INFO - [2024-08-16T07:55:56.763+0000] {dag.py:3047} INFO - Sync 1 DAGs
[2024-08-16T07:55:56.867+0000] {logging_mixin.py:188} INFO - [2024-08-16T07:55:56.867+0000] {dag.py:3834} INFO - Setting next_dagrun for data_scrape_pipeline to 2024-08-05 00:00:00+00:00, run_after=2024-08-06 00:00:00+00:00
[2024-08-16T07:55:56.889+0000] {processor.py:183} INFO - Processing /opt/airflow/dags/data_scraping_pipeline.py took 1.126 seconds
[2024-08-16T07:56:27.613+0000] {processor.py:161} INFO - Started process (PID=1021) to work on /opt/airflow/dags/data_scraping_pipeline.py
[2024-08-16T07:56:27.614+0000] {processor.py:830} INFO - Processing file /opt/airflow/dags/data_scraping_pipeline.py for tasks to queue
[2024-08-16T07:56:27.615+0000] {logging_mixin.py:188} INFO - [2024-08-16T07:56:27.614+0000] {dagbag.py:540} INFO - Filling up the DagBag from /opt/airflow/dags/data_scraping_pipeline.py
[2024-08-16T07:56:28.009+0000] {processor.py:840} INFO - DAG(s) 'data_scrape_pipeline' retrieved from /opt/airflow/dags/data_scraping_pipeline.py
[2024-08-16T07:56:28.061+0000] {logging_mixin.py:188} INFO - [2024-08-16T07:56:28.061+0000] {dag.py:3047} INFO - Sync 1 DAGs
[2024-08-16T07:56:28.076+0000] {logging_mixin.py:188} INFO - [2024-08-16T07:56:28.076+0000] {dag.py:3834} INFO - Setting next_dagrun for data_scrape_pipeline to 2024-08-05 00:00:00+00:00, run_after=2024-08-06 00:00:00+00:00
[2024-08-16T07:56:28.130+0000] {processor.py:183} INFO - Processing /opt/airflow/dags/data_scraping_pipeline.py took 0.519 seconds
[2024-08-16T07:56:58.370+0000] {processor.py:161} INFO - Started process (PID=1058) to work on /opt/airflow/dags/data_scraping_pipeline.py
[2024-08-16T07:56:58.372+0000] {processor.py:830} INFO - Processing file /opt/airflow/dags/data_scraping_pipeline.py for tasks to queue
[2024-08-16T07:56:58.374+0000] {logging_mixin.py:188} INFO - [2024-08-16T07:56:58.373+0000] {dagbag.py:540} INFO - Filling up the DagBag from /opt/airflow/dags/data_scraping_pipeline.py
[2024-08-16T07:56:59.220+0000] {processor.py:840} INFO - DAG(s) 'data_scrape_pipeline' retrieved from /opt/airflow/dags/data_scraping_pipeline.py
[2024-08-16T07:56:59.321+0000] {logging_mixin.py:188} INFO - [2024-08-16T07:56:59.321+0000] {dag.py:3047} INFO - Sync 1 DAGs
[2024-08-16T07:56:59.336+0000] {logging_mixin.py:188} INFO - [2024-08-16T07:56:59.336+0000] {dag.py:3834} INFO - Setting next_dagrun for data_scrape_pipeline to 2024-08-05 00:00:00+00:00, run_after=2024-08-06 00:00:00+00:00
[2024-08-16T07:56:59.353+0000] {processor.py:183} INFO - Processing /opt/airflow/dags/data_scraping_pipeline.py took 0.987 seconds
[2024-08-16T07:57:30.077+0000] {processor.py:161} INFO - Started process (PID=1094) to work on /opt/airflow/dags/data_scraping_pipeline.py
[2024-08-16T07:57:30.078+0000] {processor.py:830} INFO - Processing file /opt/airflow/dags/data_scraping_pipeline.py for tasks to queue
[2024-08-16T07:57:30.079+0000] {logging_mixin.py:188} INFO - [2024-08-16T07:57:30.079+0000] {dagbag.py:540} INFO - Filling up the DagBag from /opt/airflow/dags/data_scraping_pipeline.py
[2024-08-16T07:57:30.944+0000] {processor.py:840} INFO - DAG(s) 'data_scrape_pipeline' retrieved from /opt/airflow/dags/data_scraping_pipeline.py
[2024-08-16T07:57:30.995+0000] {logging_mixin.py:188} INFO - [2024-08-16T07:57:30.994+0000] {dag.py:3047} INFO - Sync 1 DAGs
[2024-08-16T07:57:31.008+0000] {logging_mixin.py:188} INFO - [2024-08-16T07:57:31.008+0000] {dag.py:3834} INFO - Setting next_dagrun for data_scrape_pipeline to 2024-08-05 00:00:00+00:00, run_after=2024-08-06 00:00:00+00:00
[2024-08-16T07:57:31.028+0000] {processor.py:183} INFO - Processing /opt/airflow/dags/data_scraping_pipeline.py took 0.954 seconds
[2024-08-16T07:58:01.743+0000] {processor.py:161} INFO - Started process (PID=1131) to work on /opt/airflow/dags/data_scraping_pipeline.py
[2024-08-16T07:58:01.744+0000] {processor.py:830} INFO - Processing file /opt/airflow/dags/data_scraping_pipeline.py for tasks to queue
[2024-08-16T07:58:01.745+0000] {logging_mixin.py:188} INFO - [2024-08-16T07:58:01.744+0000] {dagbag.py:540} INFO - Filling up the DagBag from /opt/airflow/dags/data_scraping_pipeline.py
[2024-08-16T07:58:02.712+0000] {processor.py:840} INFO - DAG(s) 'data_scrape_pipeline' retrieved from /opt/airflow/dags/data_scraping_pipeline.py
[2024-08-16T07:58:02.938+0000] {logging_mixin.py:188} INFO - [2024-08-16T07:58:02.938+0000] {dag.py:3047} INFO - Sync 1 DAGs
[2024-08-16T07:58:02.952+0000] {logging_mixin.py:188} INFO - [2024-08-16T07:58:02.952+0000] {dag.py:3834} INFO - Setting next_dagrun for data_scrape_pipeline to 2024-08-05 00:00:00+00:00, run_after=2024-08-06 00:00:00+00:00
[2024-08-16T07:58:03.016+0000] {processor.py:183} INFO - Processing /opt/airflow/dags/data_scraping_pipeline.py took 1.275 seconds
[2024-08-16T07:58:33.531+0000] {processor.py:161} INFO - Started process (PID=1168) to work on /opt/airflow/dags/data_scraping_pipeline.py
[2024-08-16T07:58:33.532+0000] {processor.py:830} INFO - Processing file /opt/airflow/dags/data_scraping_pipeline.py for tasks to queue
[2024-08-16T07:58:33.532+0000] {logging_mixin.py:188} INFO - [2024-08-16T07:58:33.532+0000] {dagbag.py:540} INFO - Filling up the DagBag from /opt/airflow/dags/data_scraping_pipeline.py
[2024-08-16T07:58:34.411+0000] {processor.py:840} INFO - DAG(s) 'data_scrape_pipeline' retrieved from /opt/airflow/dags/data_scraping_pipeline.py
[2024-08-16T07:58:34.529+0000] {logging_mixin.py:188} INFO - [2024-08-16T07:58:34.529+0000] {dag.py:3047} INFO - Sync 1 DAGs
[2024-08-16T07:58:34.629+0000] {logging_mixin.py:188} INFO - [2024-08-16T07:58:34.629+0000] {dag.py:3834} INFO - Setting next_dagrun for data_scrape_pipeline to 2024-08-05 00:00:00+00:00, run_after=2024-08-06 00:00:00+00:00
[2024-08-16T07:58:34.668+0000] {processor.py:183} INFO - Processing /opt/airflow/dags/data_scraping_pipeline.py took 1.140 seconds
[2024-08-16T07:59:04.925+0000] {processor.py:161} INFO - Started process (PID=1205) to work on /opt/airflow/dags/data_scraping_pipeline.py
[2024-08-16T07:59:04.926+0000] {processor.py:830} INFO - Processing file /opt/airflow/dags/data_scraping_pipeline.py for tasks to queue
[2024-08-16T07:59:04.927+0000] {logging_mixin.py:188} INFO - [2024-08-16T07:59:04.927+0000] {dagbag.py:540} INFO - Filling up the DagBag from /opt/airflow/dags/data_scraping_pipeline.py
[2024-08-16T07:59:06.014+0000] {processor.py:840} INFO - DAG(s) 'data_scrape_pipeline' retrieved from /opt/airflow/dags/data_scraping_pipeline.py
[2024-08-16T07:59:06.088+0000] {logging_mixin.py:188} INFO - [2024-08-16T07:59:06.088+0000] {dag.py:3047} INFO - Sync 1 DAGs
[2024-08-16T07:59:06.104+0000] {logging_mixin.py:188} INFO - [2024-08-16T07:59:06.104+0000] {dag.py:3834} INFO - Setting next_dagrun for data_scrape_pipeline to 2024-08-05 00:00:00+00:00, run_after=2024-08-06 00:00:00+00:00
[2024-08-16T07:59:06.123+0000] {processor.py:183} INFO - Processing /opt/airflow/dags/data_scraping_pipeline.py took 1.201 seconds
[2024-08-16T07:59:36.383+0000] {processor.py:161} INFO - Started process (PID=1267) to work on /opt/airflow/dags/data_scraping_pipeline.py
[2024-08-16T07:59:36.385+0000] {processor.py:830} INFO - Processing file /opt/airflow/dags/data_scraping_pipeline.py for tasks to queue
[2024-08-16T07:59:36.386+0000] {logging_mixin.py:188} INFO - [2024-08-16T07:59:36.386+0000] {dagbag.py:540} INFO - Filling up the DagBag from /opt/airflow/dags/data_scraping_pipeline.py
[2024-08-16T07:59:36.838+0000] {processor.py:840} INFO - DAG(s) 'data_scrape_pipeline' retrieved from /opt/airflow/dags/data_scraping_pipeline.py
[2024-08-16T07:59:37.046+0000] {logging_mixin.py:188} INFO - [2024-08-16T07:59:37.046+0000] {dag.py:3047} INFO - Sync 1 DAGs
[2024-08-16T07:59:37.059+0000] {logging_mixin.py:188} INFO - [2024-08-16T07:59:37.059+0000] {dag.py:3834} INFO - Setting next_dagrun for data_scrape_pipeline to 2024-08-05 00:00:00+00:00, run_after=2024-08-06 00:00:00+00:00
[2024-08-16T07:59:37.130+0000] {processor.py:183} INFO - Processing /opt/airflow/dags/data_scraping_pipeline.py took 0.752 seconds
[2024-08-16T08:00:07.410+0000] {processor.py:161} INFO - Started process (PID=1352) to work on /opt/airflow/dags/data_scraping_pipeline.py
[2024-08-16T08:00:07.412+0000] {processor.py:830} INFO - Processing file /opt/airflow/dags/data_scraping_pipeline.py for tasks to queue
[2024-08-16T08:00:07.414+0000] {logging_mixin.py:188} INFO - [2024-08-16T08:00:07.413+0000] {dagbag.py:540} INFO - Filling up the DagBag from /opt/airflow/dags/data_scraping_pipeline.py
[2024-08-16T08:00:07.908+0000] {processor.py:840} INFO - DAG(s) 'data_scrape_pipeline' retrieved from /opt/airflow/dags/data_scraping_pipeline.py
[2024-08-16T08:00:07.982+0000] {logging_mixin.py:188} INFO - [2024-08-16T08:00:07.982+0000] {dag.py:3047} INFO - Sync 1 DAGs
[2024-08-16T08:00:07.994+0000] {logging_mixin.py:188} INFO - [2024-08-16T08:00:07.994+0000] {dag.py:3834} INFO - Setting next_dagrun for data_scrape_pipeline to 2024-08-05 00:00:00+00:00, run_after=2024-08-06 00:00:00+00:00
[2024-08-16T08:00:08.010+0000] {processor.py:183} INFO - Processing /opt/airflow/dags/data_scraping_pipeline.py took 0.605 seconds
[2024-08-16T08:00:38.624+0000] {processor.py:161} INFO - Started process (PID=1541) to work on /opt/airflow/dags/data_scraping_pipeline.py
[2024-08-16T08:00:38.625+0000] {processor.py:830} INFO - Processing file /opt/airflow/dags/data_scraping_pipeline.py for tasks to queue
[2024-08-16T08:00:38.627+0000] {logging_mixin.py:188} INFO - [2024-08-16T08:00:38.626+0000] {dagbag.py:540} INFO - Filling up the DagBag from /opt/airflow/dags/data_scraping_pipeline.py
[2024-08-16T08:00:39.670+0000] {processor.py:840} INFO - DAG(s) 'data_scrape_pipeline' retrieved from /opt/airflow/dags/data_scraping_pipeline.py
[2024-08-16T08:00:39.789+0000] {logging_mixin.py:188} INFO - [2024-08-16T08:00:39.789+0000] {dag.py:3047} INFO - Sync 1 DAGs
[2024-08-16T08:00:39.810+0000] {logging_mixin.py:188} INFO - [2024-08-16T08:00:39.810+0000] {dag.py:3834} INFO - Setting next_dagrun for data_scrape_pipeline to 2024-08-05 00:00:00+00:00, run_after=2024-08-06 00:00:00+00:00
[2024-08-16T08:00:39.831+0000] {processor.py:183} INFO - Processing /opt/airflow/dags/data_scraping_pipeline.py took 1.210 seconds
[2024-08-16T08:01:10.705+0000] {processor.py:161} INFO - Started process (PID=1653) to work on /opt/airflow/dags/data_scraping_pipeline.py
[2024-08-16T08:01:10.706+0000] {processor.py:830} INFO - Processing file /opt/airflow/dags/data_scraping_pipeline.py for tasks to queue
[2024-08-16T08:01:10.707+0000] {logging_mixin.py:188} INFO - [2024-08-16T08:01:10.707+0000] {dagbag.py:540} INFO - Filling up the DagBag from /opt/airflow/dags/data_scraping_pipeline.py
[2024-08-16T08:01:11.282+0000] {processor.py:840} INFO - DAG(s) 'data_scrape_pipeline' retrieved from /opt/airflow/dags/data_scraping_pipeline.py
[2024-08-16T08:01:11.522+0000] {logging_mixin.py:188} INFO - [2024-08-16T08:01:11.521+0000] {dag.py:3047} INFO - Sync 1 DAGs
[2024-08-16T08:01:11.535+0000] {logging_mixin.py:188} INFO - [2024-08-16T08:01:11.535+0000] {dag.py:3834} INFO - Setting next_dagrun for data_scrape_pipeline to 2024-08-05 00:00:00+00:00, run_after=2024-08-06 00:00:00+00:00
[2024-08-16T08:01:11.553+0000] {processor.py:183} INFO - Processing /opt/airflow/dags/data_scraping_pipeline.py took 0.850 seconds
[2024-08-16T08:01:42.045+0000] {processor.py:161} INFO - Started process (PID=1715) to work on /opt/airflow/dags/data_scraping_pipeline.py
[2024-08-16T08:01:42.047+0000] {processor.py:830} INFO - Processing file /opt/airflow/dags/data_scraping_pipeline.py for tasks to queue
[2024-08-16T08:01:42.048+0000] {logging_mixin.py:188} INFO - [2024-08-16T08:01:42.047+0000] {dagbag.py:540} INFO - Filling up the DagBag from /opt/airflow/dags/data_scraping_pipeline.py
[2024-08-16T08:01:42.421+0000] {processor.py:840} INFO - DAG(s) 'data_scrape_pipeline' retrieved from /opt/airflow/dags/data_scraping_pipeline.py
[2024-08-16T08:01:42.475+0000] {logging_mixin.py:188} INFO - [2024-08-16T08:01:42.475+0000] {dag.py:3047} INFO - Sync 1 DAGs
[2024-08-16T08:01:42.489+0000] {logging_mixin.py:188} INFO - [2024-08-16T08:01:42.489+0000] {dag.py:3834} INFO - Setting next_dagrun for data_scrape_pipeline to 2024-08-05 00:00:00+00:00, run_after=2024-08-06 00:00:00+00:00
[2024-08-16T08:01:42.505+0000] {processor.py:183} INFO - Processing /opt/airflow/dags/data_scraping_pipeline.py took 0.462 seconds
[2024-08-16T08:02:13.417+0000] {processor.py:161} INFO - Started process (PID=1777) to work on /opt/airflow/dags/data_scraping_pipeline.py
[2024-08-16T08:02:13.418+0000] {processor.py:830} INFO - Processing file /opt/airflow/dags/data_scraping_pipeline.py for tasks to queue
[2024-08-16T08:02:13.419+0000] {logging_mixin.py:188} INFO - [2024-08-16T08:02:13.419+0000] {dagbag.py:540} INFO - Filling up the DagBag from /opt/airflow/dags/data_scraping_pipeline.py
[2024-08-16T08:02:14.441+0000] {processor.py:840} INFO - DAG(s) 'data_scrape_pipeline' retrieved from /opt/airflow/dags/data_scraping_pipeline.py
[2024-08-16T08:02:14.542+0000] {logging_mixin.py:188} INFO - [2024-08-16T08:02:14.542+0000] {dag.py:3047} INFO - Sync 1 DAGs
[2024-08-16T08:02:14.554+0000] {logging_mixin.py:188} INFO - [2024-08-16T08:02:14.554+0000] {dag.py:3834} INFO - Setting next_dagrun for data_scrape_pipeline to 2024-08-05 00:00:00+00:00, run_after=2024-08-06 00:00:00+00:00
[2024-08-16T08:02:14.578+0000] {processor.py:183} INFO - Processing /opt/airflow/dags/data_scraping_pipeline.py took 1.163 seconds
[2024-08-16T08:02:45.370+0000] {processor.py:161} INFO - Started process (PID=1839) to work on /opt/airflow/dags/data_scraping_pipeline.py
[2024-08-16T08:02:45.372+0000] {processor.py:830} INFO - Processing file /opt/airflow/dags/data_scraping_pipeline.py for tasks to queue
[2024-08-16T08:02:45.374+0000] {logging_mixin.py:188} INFO - [2024-08-16T08:02:45.374+0000] {dagbag.py:540} INFO - Filling up the DagBag from /opt/airflow/dags/data_scraping_pipeline.py
[2024-08-16T08:02:46.614+0000] {processor.py:840} INFO - DAG(s) 'data_scrape_pipeline' retrieved from /opt/airflow/dags/data_scraping_pipeline.py
[2024-08-16T08:02:46.815+0000] {logging_mixin.py:188} INFO - [2024-08-16T08:02:46.815+0000] {dag.py:3047} INFO - Sync 1 DAGs
[2024-08-16T08:02:46.828+0000] {logging_mixin.py:188} INFO - [2024-08-16T08:02:46.828+0000] {dag.py:3834} INFO - Setting next_dagrun for data_scrape_pipeline to 2024-08-05 00:00:00+00:00, run_after=2024-08-06 00:00:00+00:00
[2024-08-16T08:02:46.847+0000] {processor.py:183} INFO - Processing /opt/airflow/dags/data_scraping_pipeline.py took 1.480 seconds
[2024-08-16T08:03:17.551+0000] {processor.py:161} INFO - Started process (PID=1876) to work on /opt/airflow/dags/data_scraping_pipeline.py
[2024-08-16T08:03:17.552+0000] {processor.py:830} INFO - Processing file /opt/airflow/dags/data_scraping_pipeline.py for tasks to queue
[2024-08-16T08:03:17.554+0000] {logging_mixin.py:188} INFO - [2024-08-16T08:03:17.553+0000] {dagbag.py:540} INFO - Filling up the DagBag from /opt/airflow/dags/data_scraping_pipeline.py
[2024-08-16T08:03:18.130+0000] {processor.py:840} INFO - DAG(s) 'data_scrape_pipeline' retrieved from /opt/airflow/dags/data_scraping_pipeline.py
[2024-08-16T08:03:18.176+0000] {logging_mixin.py:188} INFO - [2024-08-16T08:03:18.176+0000] {dag.py:3047} INFO - Sync 1 DAGs
[2024-08-16T08:03:18.282+0000] {logging_mixin.py:188} INFO - [2024-08-16T08:03:18.281+0000] {dag.py:3834} INFO - Setting next_dagrun for data_scrape_pipeline to 2024-08-05 00:00:00+00:00, run_after=2024-08-06 00:00:00+00:00
[2024-08-16T08:03:18.297+0000] {processor.py:183} INFO - Processing /opt/airflow/dags/data_scraping_pipeline.py took 0.750 seconds
[2024-08-16T08:03:49.049+0000] {processor.py:161} INFO - Started process (PID=1913) to work on /opt/airflow/dags/data_scraping_pipeline.py
[2024-08-16T08:03:49.051+0000] {processor.py:830} INFO - Processing file /opt/airflow/dags/data_scraping_pipeline.py for tasks to queue
[2024-08-16T08:03:49.052+0000] {logging_mixin.py:188} INFO - [2024-08-16T08:03:49.052+0000] {dagbag.py:540} INFO - Filling up the DagBag from /opt/airflow/dags/data_scraping_pipeline.py
[2024-08-16T08:03:49.431+0000] {processor.py:840} INFO - DAG(s) 'data_scrape_pipeline' retrieved from /opt/airflow/dags/data_scraping_pipeline.py
[2024-08-16T08:03:49.567+0000] {logging_mixin.py:188} INFO - [2024-08-16T08:03:49.567+0000] {dag.py:3047} INFO - Sync 1 DAGs
[2024-08-16T08:03:49.591+0000] {logging_mixin.py:188} INFO - [2024-08-16T08:03:49.591+0000] {dag.py:3834} INFO - Setting next_dagrun for data_scrape_pipeline to 2024-08-05 00:00:00+00:00, run_after=2024-08-06 00:00:00+00:00
[2024-08-16T08:03:49.615+0000] {processor.py:183} INFO - Processing /opt/airflow/dags/data_scraping_pipeline.py took 0.568 seconds
[2024-08-16T08:04:20.482+0000] {processor.py:161} INFO - Started process (PID=1960) to work on /opt/airflow/dags/data_scraping_pipeline.py
[2024-08-16T08:04:20.483+0000] {processor.py:830} INFO - Processing file /opt/airflow/dags/data_scraping_pipeline.py for tasks to queue
[2024-08-16T08:04:20.484+0000] {logging_mixin.py:188} INFO - [2024-08-16T08:04:20.484+0000] {dagbag.py:540} INFO - Filling up the DagBag from /opt/airflow/dags/data_scraping_pipeline.py
[2024-08-16T08:04:20.897+0000] {processor.py:840} INFO - DAG(s) 'data_scrape_pipeline' retrieved from /opt/airflow/dags/data_scraping_pipeline.py
[2024-08-16T08:04:21.067+0000] {logging_mixin.py:188} INFO - [2024-08-16T08:04:21.067+0000] {dag.py:3047} INFO - Sync 1 DAGs
[2024-08-16T08:04:21.080+0000] {logging_mixin.py:188} INFO - [2024-08-16T08:04:21.080+0000] {dag.py:3834} INFO - Setting next_dagrun for data_scrape_pipeline to 2024-08-05 00:00:00+00:00, run_after=2024-08-06 00:00:00+00:00
[2024-08-16T08:04:21.102+0000] {processor.py:183} INFO - Processing /opt/airflow/dags/data_scraping_pipeline.py took 0.622 seconds
[2024-08-16T08:04:52.020+0000] {processor.py:161} INFO - Started process (PID=2007) to work on /opt/airflow/dags/data_scraping_pipeline.py
[2024-08-16T08:04:52.022+0000] {processor.py:830} INFO - Processing file /opt/airflow/dags/data_scraping_pipeline.py for tasks to queue
[2024-08-16T08:04:52.023+0000] {logging_mixin.py:188} INFO - [2024-08-16T08:04:52.023+0000] {dagbag.py:540} INFO - Filling up the DagBag from /opt/airflow/dags/data_scraping_pipeline.py
[2024-08-16T08:04:53.151+0000] {processor.py:840} INFO - DAG(s) 'data_scrape_pipeline' retrieved from /opt/airflow/dags/data_scraping_pipeline.py
[2024-08-16T08:04:53.240+0000] {logging_mixin.py:188} INFO - [2024-08-16T08:04:53.240+0000] {dag.py:3047} INFO - Sync 1 DAGs
[2024-08-16T08:04:53.253+0000] {logging_mixin.py:188} INFO - [2024-08-16T08:04:53.253+0000] {dag.py:3834} INFO - Setting next_dagrun for data_scrape_pipeline to 2024-08-05 00:00:00+00:00, run_after=2024-08-06 00:00:00+00:00
[2024-08-16T08:04:53.277+0000] {processor.py:183} INFO - Processing /opt/airflow/dags/data_scraping_pipeline.py took 1.259 seconds
[2024-08-16T08:05:23.695+0000] {processor.py:161} INFO - Started process (PID=2060) to work on /opt/airflow/dags/data_scraping_pipeline.py
[2024-08-16T08:05:23.696+0000] {processor.py:830} INFO - Processing file /opt/airflow/dags/data_scraping_pipeline.py for tasks to queue
[2024-08-16T08:05:23.697+0000] {logging_mixin.py:188} INFO - [2024-08-16T08:05:23.697+0000] {dagbag.py:540} INFO - Filling up the DagBag from /opt/airflow/dags/data_scraping_pipeline.py
[2024-08-16T08:05:24.161+0000] {processor.py:840} INFO - DAG(s) 'data_scrape_pipeline' retrieved from /opt/airflow/dags/data_scraping_pipeline.py
[2024-08-16T08:05:24.210+0000] {logging_mixin.py:188} INFO - [2024-08-16T08:05:24.210+0000] {dag.py:3047} INFO - Sync 1 DAGs
[2024-08-16T08:05:24.224+0000] {logging_mixin.py:188} INFO - [2024-08-16T08:05:24.224+0000] {dag.py:3834} INFO - Setting next_dagrun for data_scrape_pipeline to 2024-08-05 00:00:00+00:00, run_after=2024-08-06 00:00:00+00:00
[2024-08-16T08:05:24.249+0000] {processor.py:183} INFO - Processing /opt/airflow/dags/data_scraping_pipeline.py took 0.556 seconds
[2024-08-16T08:05:54.358+0000] {processor.py:161} INFO - Started process (PID=2107) to work on /opt/airflow/dags/data_scraping_pipeline.py
[2024-08-16T08:05:54.359+0000] {processor.py:830} INFO - Processing file /opt/airflow/dags/data_scraping_pipeline.py for tasks to queue
[2024-08-16T08:05:54.360+0000] {logging_mixin.py:188} INFO - [2024-08-16T08:05:54.360+0000] {dagbag.py:540} INFO - Filling up the DagBag from /opt/airflow/dags/data_scraping_pipeline.py
[2024-08-16T08:05:54.800+0000] {processor.py:840} INFO - DAG(s) 'data_scrape_pipeline' retrieved from /opt/airflow/dags/data_scraping_pipeline.py
[2024-08-16T08:05:54.845+0000] {logging_mixin.py:188} INFO - [2024-08-16T08:05:54.845+0000] {dag.py:3047} INFO - Sync 1 DAGs
[2024-08-16T08:05:54.857+0000] {logging_mixin.py:188} INFO - [2024-08-16T08:05:54.857+0000] {dag.py:3834} INFO - Setting next_dagrun for data_scrape_pipeline to 2024-08-05 00:00:00+00:00, run_after=2024-08-06 00:00:00+00:00
[2024-08-16T08:05:54.869+0000] {processor.py:183} INFO - Processing /opt/airflow/dags/data_scraping_pipeline.py took 0.512 seconds
[2024-08-16T08:06:25.135+0000] {processor.py:161} INFO - Started process (PID=2154) to work on /opt/airflow/dags/data_scraping_pipeline.py
[2024-08-16T08:06:25.137+0000] {processor.py:830} INFO - Processing file /opt/airflow/dags/data_scraping_pipeline.py for tasks to queue
[2024-08-16T08:06:25.138+0000] {logging_mixin.py:188} INFO - [2024-08-16T08:06:25.138+0000] {dagbag.py:540} INFO - Filling up the DagBag from /opt/airflow/dags/data_scraping_pipeline.py
[2024-08-16T08:06:25.556+0000] {processor.py:840} INFO - DAG(s) 'data_scrape_pipeline' retrieved from /opt/airflow/dags/data_scraping_pipeline.py
[2024-08-16T08:06:25.689+0000] {logging_mixin.py:188} INFO - [2024-08-16T08:06:25.688+0000] {dag.py:3047} INFO - Sync 1 DAGs
[2024-08-16T08:06:25.707+0000] {logging_mixin.py:188} INFO - [2024-08-16T08:06:25.707+0000] {dag.py:3834} INFO - Setting next_dagrun for data_scrape_pipeline to 2024-08-05 00:00:00+00:00, run_after=2024-08-06 00:00:00+00:00
[2024-08-16T08:06:25.759+0000] {processor.py:183} INFO - Processing /opt/airflow/dags/data_scraping_pipeline.py took 0.627 seconds
[2024-08-16T08:06:56.430+0000] {processor.py:161} INFO - Started process (PID=2201) to work on /opt/airflow/dags/data_scraping_pipeline.py
[2024-08-16T08:06:56.431+0000] {processor.py:830} INFO - Processing file /opt/airflow/dags/data_scraping_pipeline.py for tasks to queue
[2024-08-16T08:06:56.432+0000] {logging_mixin.py:188} INFO - [2024-08-16T08:06:56.432+0000] {dagbag.py:540} INFO - Filling up the DagBag from /opt/airflow/dags/data_scraping_pipeline.py
[2024-08-16T08:06:57.244+0000] {processor.py:840} INFO - DAG(s) 'data_scrape_pipeline' retrieved from /opt/airflow/dags/data_scraping_pipeline.py
[2024-08-16T08:06:57.332+0000] {logging_mixin.py:188} INFO - [2024-08-16T08:06:57.332+0000] {dag.py:3047} INFO - Sync 1 DAGs
[2024-08-16T08:06:57.345+0000] {logging_mixin.py:188} INFO - [2024-08-16T08:06:57.345+0000] {dag.py:3834} INFO - Setting next_dagrun for data_scrape_pipeline to 2024-08-05 00:00:00+00:00, run_after=2024-08-06 00:00:00+00:00
[2024-08-16T08:06:57.359+0000] {processor.py:183} INFO - Processing /opt/airflow/dags/data_scraping_pipeline.py took 0.931 seconds
