[2024-08-16T08:04:16.203+0000] {processor.py:161} INFO - Started process (PID=1950) to work on /opt/airflow/dags/gold_news_pipeline.py
[2024-08-16T08:04:16.204+0000] {processor.py:830} INFO - Processing file /opt/airflow/dags/gold_news_pipeline.py for tasks to queue
[2024-08-16T08:04:16.205+0000] {logging_mixin.py:188} INFO - [2024-08-16T08:04:16.205+0000] {dagbag.py:540} INFO - Filling up the DagBag from /opt/airflow/dags/gold_news_pipeline.py
[2024-08-16T08:04:16.290+0000] {logging_mixin.py:188} INFO - [2024-08-16T08:04:16.284+0000] {dagbag.py:350} ERROR - Failed to import: /opt/airflow/dags/gold_news_pipeline.py
Traceback (most recent call last):
  File "/home/airflow/.local/lib/python3.8/site-packages/airflow/models/dagbag.py", line 346, in parse
    loader.exec_module(new_module)
  File "<frozen importlib._bootstrap_external>", line 843, in exec_module
  File "<frozen importlib._bootstrap>", line 219, in _call_with_frames_removed
  File "/opt/airflow/dags/gold_news_pipeline.py", line 4, in <module>
    from components.news_scraping.post_links_extraction import scrape_gold_news_urls
ModuleNotFoundError: No module named 'components.news_scraping'
[2024-08-16T08:04:16.293+0000] {processor.py:842} WARNING - No viable dags retrieved from /opt/airflow/dags/gold_news_pipeline.py
[2024-08-16T08:04:16.307+0000] {processor.py:183} INFO - Processing /opt/airflow/dags/gold_news_pipeline.py took 0.106 seconds
[2024-08-16T08:04:46.786+0000] {processor.py:161} INFO - Started process (PID=1997) to work on /opt/airflow/dags/gold_news_pipeline.py
[2024-08-16T08:04:46.787+0000] {processor.py:830} INFO - Processing file /opt/airflow/dags/gold_news_pipeline.py for tasks to queue
[2024-08-16T08:04:46.789+0000] {logging_mixin.py:188} INFO - [2024-08-16T08:04:46.789+0000] {dagbag.py:540} INFO - Filling up the DagBag from /opt/airflow/dags/gold_news_pipeline.py
[2024-08-16T08:04:46.843+0000] {logging_mixin.py:188} INFO - [2024-08-16T08:04:46.836+0000] {dagbag.py:350} ERROR - Failed to import: /opt/airflow/dags/gold_news_pipeline.py
Traceback (most recent call last):
  File "/home/airflow/.local/lib/python3.8/site-packages/airflow/models/dagbag.py", line 346, in parse
    loader.exec_module(new_module)
  File "<frozen importlib._bootstrap_external>", line 843, in exec_module
  File "<frozen importlib._bootstrap>", line 219, in _call_with_frames_removed
  File "/opt/airflow/dags/gold_news_pipeline.py", line 4, in <module>
    from components.news_scraping.post_links_extraction import scrape_gold_news_urls
ModuleNotFoundError: No module named 'components.news_scraping'
[2024-08-16T08:04:46.848+0000] {processor.py:842} WARNING - No viable dags retrieved from /opt/airflow/dags/gold_news_pipeline.py
[2024-08-16T08:04:46.863+0000] {processor.py:183} INFO - Processing /opt/airflow/dags/gold_news_pipeline.py took 0.081 seconds
[2024-08-16T08:05:17.255+0000] {processor.py:161} INFO - Started process (PID=2044) to work on /opt/airflow/dags/gold_news_pipeline.py
[2024-08-16T08:05:17.256+0000] {processor.py:830} INFO - Processing file /opt/airflow/dags/gold_news_pipeline.py for tasks to queue
[2024-08-16T08:05:17.257+0000] {logging_mixin.py:188} INFO - [2024-08-16T08:05:17.257+0000] {dagbag.py:540} INFO - Filling up the DagBag from /opt/airflow/dags/gold_news_pipeline.py
[2024-08-16T08:05:17.307+0000] {logging_mixin.py:188} INFO - [2024-08-16T08:05:17.301+0000] {dagbag.py:350} ERROR - Failed to import: /opt/airflow/dags/gold_news_pipeline.py
Traceback (most recent call last):
  File "/home/airflow/.local/lib/python3.8/site-packages/airflow/models/dagbag.py", line 346, in parse
    loader.exec_module(new_module)
  File "<frozen importlib._bootstrap_external>", line 843, in exec_module
  File "<frozen importlib._bootstrap>", line 219, in _call_with_frames_removed
  File "/opt/airflow/dags/gold_news_pipeline.py", line 4, in <module>
    from components.news_scraping.post_links_extraction import scrape_gold_news_urls
ModuleNotFoundError: No module named 'components.news_scraping'
[2024-08-16T08:05:17.310+0000] {processor.py:842} WARNING - No viable dags retrieved from /opt/airflow/dags/gold_news_pipeline.py
[2024-08-16T08:05:17.324+0000] {processor.py:183} INFO - Processing /opt/airflow/dags/gold_news_pipeline.py took 0.072 seconds
[2024-08-16T08:05:47.944+0000] {processor.py:161} INFO - Started process (PID=2091) to work on /opt/airflow/dags/gold_news_pipeline.py
[2024-08-16T08:05:47.946+0000] {processor.py:830} INFO - Processing file /opt/airflow/dags/gold_news_pipeline.py for tasks to queue
[2024-08-16T08:05:47.947+0000] {logging_mixin.py:188} INFO - [2024-08-16T08:05:47.947+0000] {dagbag.py:540} INFO - Filling up the DagBag from /opt/airflow/dags/gold_news_pipeline.py
[2024-08-16T08:05:48.022+0000] {logging_mixin.py:188} INFO - [2024-08-16T08:05:48.014+0000] {dagbag.py:350} ERROR - Failed to import: /opt/airflow/dags/gold_news_pipeline.py
Traceback (most recent call last):
  File "/home/airflow/.local/lib/python3.8/site-packages/airflow/models/dagbag.py", line 346, in parse
    loader.exec_module(new_module)
  File "<frozen importlib._bootstrap_external>", line 843, in exec_module
  File "<frozen importlib._bootstrap>", line 219, in _call_with_frames_removed
  File "/opt/airflow/dags/gold_news_pipeline.py", line 4, in <module>
    from components.news_scraping.post_links_extraction import scrape_gold_news_urls
ModuleNotFoundError: No module named 'components.news_scraping'
[2024-08-16T08:05:48.025+0000] {processor.py:842} WARNING - No viable dags retrieved from /opt/airflow/dags/gold_news_pipeline.py
[2024-08-16T08:05:48.039+0000] {processor.py:183} INFO - Processing /opt/airflow/dags/gold_news_pipeline.py took 0.098 seconds
[2024-08-16T08:06:18.481+0000] {processor.py:161} INFO - Started process (PID=2138) to work on /opt/airflow/dags/gold_news_pipeline.py
[2024-08-16T08:06:18.482+0000] {processor.py:830} INFO - Processing file /opt/airflow/dags/gold_news_pipeline.py for tasks to queue
[2024-08-16T08:06:18.484+0000] {logging_mixin.py:188} INFO - [2024-08-16T08:06:18.483+0000] {dagbag.py:540} INFO - Filling up the DagBag from /opt/airflow/dags/gold_news_pipeline.py
[2024-08-16T08:06:18.583+0000] {logging_mixin.py:188} INFO - [2024-08-16T08:06:18.566+0000] {dagbag.py:350} ERROR - Failed to import: /opt/airflow/dags/gold_news_pipeline.py
Traceback (most recent call last):
  File "/home/airflow/.local/lib/python3.8/site-packages/airflow/models/dagbag.py", line 346, in parse
    loader.exec_module(new_module)
  File "<frozen importlib._bootstrap_external>", line 843, in exec_module
  File "<frozen importlib._bootstrap>", line 219, in _call_with_frames_removed
  File "/opt/airflow/dags/gold_news_pipeline.py", line 4, in <module>
    from components.news_scraping.post_links_extraction import scrape_gold_news_urls
ModuleNotFoundError: No module named 'components.news_scraping'
[2024-08-16T08:06:18.593+0000] {processor.py:842} WARNING - No viable dags retrieved from /opt/airflow/dags/gold_news_pipeline.py
[2024-08-16T08:06:18.610+0000] {processor.py:183} INFO - Processing /opt/airflow/dags/gold_news_pipeline.py took 0.133 seconds
[2024-08-16T08:06:48.704+0000] {processor.py:161} INFO - Started process (PID=2185) to work on /opt/airflow/dags/gold_news_pipeline.py
[2024-08-16T08:06:48.706+0000] {processor.py:830} INFO - Processing file /opt/airflow/dags/gold_news_pipeline.py for tasks to queue
[2024-08-16T08:06:48.707+0000] {logging_mixin.py:188} INFO - [2024-08-16T08:06:48.706+0000] {dagbag.py:540} INFO - Filling up the DagBag from /opt/airflow/dags/gold_news_pipeline.py
[2024-08-16T08:06:48.881+0000] {logging_mixin.py:188} INFO - [2024-08-16T08:06:48.836+0000] {dagbag.py:350} ERROR - Failed to import: /opt/airflow/dags/gold_news_pipeline.py
Traceback (most recent call last):
  File "/home/airflow/.local/lib/python3.8/site-packages/airflow/models/dagbag.py", line 346, in parse
    loader.exec_module(new_module)
  File "<frozen importlib._bootstrap_external>", line 843, in exec_module
  File "<frozen importlib._bootstrap>", line 219, in _call_with_frames_removed
  File "/opt/airflow/dags/gold_news_pipeline.py", line 4, in <module>
    from components.news_scraping.post_links_extraction import scrape_gold_news_urls
ModuleNotFoundError: No module named 'components.news_scraping'
[2024-08-16T08:06:48.897+0000] {processor.py:842} WARNING - No viable dags retrieved from /opt/airflow/dags/gold_news_pipeline.py
[2024-08-16T08:06:48.915+0000] {processor.py:183} INFO - Processing /opt/airflow/dags/gold_news_pipeline.py took 0.215 seconds
[2024-08-16T09:21:47.504+0000] {processor.py:161} INFO - Started process (PID=235) to work on /opt/airflow/dags/gold_news_pipeline.py
[2024-08-16T09:21:47.505+0000] {processor.py:830} INFO - Processing file /opt/airflow/dags/gold_news_pipeline.py for tasks to queue
[2024-08-16T09:21:47.507+0000] {logging_mixin.py:188} INFO - [2024-08-16T09:21:47.506+0000] {dagbag.py:540} INFO - Filling up the DagBag from /opt/airflow/dags/gold_news_pipeline.py
[2024-08-16T09:21:48.044+0000] {logging_mixin.py:188} INFO - [2024-08-16T09:21:48.009+0000] {dagbag.py:350} ERROR - Failed to import: /opt/airflow/dags/gold_news_pipeline.py
Traceback (most recent call last):
  File "/home/airflow/.local/lib/python3.8/site-packages/airflow/models/dagbag.py", line 346, in parse
    loader.exec_module(new_module)
  File "<frozen importlib._bootstrap_external>", line 843, in exec_module
  File "<frozen importlib._bootstrap>", line 219, in _call_with_frames_removed
  File "/opt/airflow/dags/gold_news_pipeline.py", line 6, in <module>
    from components.gold.news_scraping.post_data_extraction import scrape_gold_news_content_from_urls
  File "/opt/airflow/dags/components/gold/news_scraping/post_data_extraction.py", line 12, in <module>
    import nltk
ModuleNotFoundError: No module named 'nltk'
[2024-08-16T09:21:48.050+0000] {processor.py:842} WARNING - No viable dags retrieved from /opt/airflow/dags/gold_news_pipeline.py
[2024-08-16T09:21:48.068+0000] {processor.py:183} INFO - Processing /opt/airflow/dags/gold_news_pipeline.py took 0.566 seconds
[2024-08-16T09:22:18.190+0000] {processor.py:161} INFO - Started process (PID=264) to work on /opt/airflow/dags/gold_news_pipeline.py
[2024-08-16T09:22:18.191+0000] {processor.py:830} INFO - Processing file /opt/airflow/dags/gold_news_pipeline.py for tasks to queue
[2024-08-16T09:22:18.192+0000] {logging_mixin.py:188} INFO - [2024-08-16T09:22:18.192+0000] {dagbag.py:540} INFO - Filling up the DagBag from /opt/airflow/dags/gold_news_pipeline.py
[2024-08-16T09:22:18.706+0000] {logging_mixin.py:188} INFO - [2024-08-16T09:22:18.685+0000] {dagbag.py:350} ERROR - Failed to import: /opt/airflow/dags/gold_news_pipeline.py
Traceback (most recent call last):
  File "/home/airflow/.local/lib/python3.8/site-packages/airflow/models/dagbag.py", line 346, in parse
    loader.exec_module(new_module)
  File "<frozen importlib._bootstrap_external>", line 843, in exec_module
  File "<frozen importlib._bootstrap>", line 219, in _call_with_frames_removed
  File "/opt/airflow/dags/gold_news_pipeline.py", line 6, in <module>
    from components.gold.news_scraping.post_data_extraction import scrape_gold_news_content_from_urls
  File "/opt/airflow/dags/components/gold/news_scraping/post_data_extraction.py", line 12, in <module>
    import nltk
ModuleNotFoundError: No module named 'nltk'
[2024-08-16T09:22:18.717+0000] {processor.py:842} WARNING - No viable dags retrieved from /opt/airflow/dags/gold_news_pipeline.py
[2024-08-16T09:22:18.730+0000] {processor.py:183} INFO - Processing /opt/airflow/dags/gold_news_pipeline.py took 0.542 seconds
[2024-08-16T09:22:49.056+0000] {processor.py:161} INFO - Started process (PID=293) to work on /opt/airflow/dags/gold_news_pipeline.py
[2024-08-16T09:22:49.058+0000] {processor.py:830} INFO - Processing file /opt/airflow/dags/gold_news_pipeline.py for tasks to queue
[2024-08-16T09:22:49.059+0000] {logging_mixin.py:188} INFO - [2024-08-16T09:22:49.059+0000] {dagbag.py:540} INFO - Filling up the DagBag from /opt/airflow/dags/gold_news_pipeline.py
[2024-08-16T09:22:49.567+0000] {logging_mixin.py:188} INFO - [2024-08-16T09:22:49.558+0000] {dagbag.py:350} ERROR - Failed to import: /opt/airflow/dags/gold_news_pipeline.py
Traceback (most recent call last):
  File "/home/airflow/.local/lib/python3.8/site-packages/airflow/models/dagbag.py", line 346, in parse
    loader.exec_module(new_module)
  File "<frozen importlib._bootstrap_external>", line 843, in exec_module
  File "<frozen importlib._bootstrap>", line 219, in _call_with_frames_removed
  File "/opt/airflow/dags/gold_news_pipeline.py", line 6, in <module>
    from components.gold.news_scraping.post_data_extraction import scrape_gold_news_content_from_urls
  File "/opt/airflow/dags/components/gold/news_scraping/post_data_extraction.py", line 12, in <module>
    import nltk
ModuleNotFoundError: No module named 'nltk'
[2024-08-16T09:22:49.570+0000] {processor.py:842} WARNING - No viable dags retrieved from /opt/airflow/dags/gold_news_pipeline.py
[2024-08-16T09:22:49.582+0000] {processor.py:183} INFO - Processing /opt/airflow/dags/gold_news_pipeline.py took 0.528 seconds
[2024-08-16T09:23:20.035+0000] {processor.py:161} INFO - Started process (PID=322) to work on /opt/airflow/dags/gold_news_pipeline.py
[2024-08-16T09:23:20.036+0000] {processor.py:830} INFO - Processing file /opt/airflow/dags/gold_news_pipeline.py for tasks to queue
[2024-08-16T09:23:20.037+0000] {logging_mixin.py:188} INFO - [2024-08-16T09:23:20.037+0000] {dagbag.py:540} INFO - Filling up the DagBag from /opt/airflow/dags/gold_news_pipeline.py
[2024-08-16T09:23:20.502+0000] {logging_mixin.py:188} INFO - [2024-08-16T09:23:20.492+0000] {dagbag.py:350} ERROR - Failed to import: /opt/airflow/dags/gold_news_pipeline.py
Traceback (most recent call last):
  File "/home/airflow/.local/lib/python3.8/site-packages/airflow/models/dagbag.py", line 346, in parse
    loader.exec_module(new_module)
  File "<frozen importlib._bootstrap_external>", line 843, in exec_module
  File "<frozen importlib._bootstrap>", line 219, in _call_with_frames_removed
  File "/opt/airflow/dags/gold_news_pipeline.py", line 6, in <module>
    from components.gold.news_scraping.post_data_extraction import scrape_gold_news_content_from_urls
  File "/opt/airflow/dags/components/gold/news_scraping/post_data_extraction.py", line 12, in <module>
    import nltk
ModuleNotFoundError: No module named 'nltk'
[2024-08-16T09:23:20.506+0000] {processor.py:842} WARNING - No viable dags retrieved from /opt/airflow/dags/gold_news_pipeline.py
[2024-08-16T09:23:20.520+0000] {processor.py:183} INFO - Processing /opt/airflow/dags/gold_news_pipeline.py took 0.487 seconds
[2024-08-16T09:23:50.802+0000] {processor.py:161} INFO - Started process (PID=351) to work on /opt/airflow/dags/gold_news_pipeline.py
[2024-08-16T09:23:50.803+0000] {processor.py:830} INFO - Processing file /opt/airflow/dags/gold_news_pipeline.py for tasks to queue
[2024-08-16T09:23:50.804+0000] {logging_mixin.py:188} INFO - [2024-08-16T09:23:50.804+0000] {dagbag.py:540} INFO - Filling up the DagBag from /opt/airflow/dags/gold_news_pipeline.py
[2024-08-16T09:23:51.806+0000] {logging_mixin.py:188} INFO - [2024-08-16T09:23:51.643+0000] {dagbag.py:350} ERROR - Failed to import: /opt/airflow/dags/gold_news_pipeline.py
Traceback (most recent call last):
  File "/home/airflow/.local/lib/python3.8/site-packages/airflow/models/dagbag.py", line 346, in parse
    loader.exec_module(new_module)
  File "<frozen importlib._bootstrap_external>", line 843, in exec_module
  File "<frozen importlib._bootstrap>", line 219, in _call_with_frames_removed
  File "/opt/airflow/dags/gold_news_pipeline.py", line 6, in <module>
    from components.gold.news_scraping.post_data_extraction import scrape_gold_news_content_from_urls
  File "/opt/airflow/dags/components/gold/news_scraping/post_data_extraction.py", line 12, in <module>
    import nltk
ModuleNotFoundError: No module named 'nltk'
[2024-08-16T09:23:51.820+0000] {processor.py:842} WARNING - No viable dags retrieved from /opt/airflow/dags/gold_news_pipeline.py
[2024-08-16T09:23:51.831+0000] {processor.py:183} INFO - Processing /opt/airflow/dags/gold_news_pipeline.py took 1.031 seconds
[2024-08-16T09:24:22.076+0000] {processor.py:161} INFO - Started process (PID=400) to work on /opt/airflow/dags/gold_news_pipeline.py
[2024-08-16T09:24:22.077+0000] {processor.py:830} INFO - Processing file /opt/airflow/dags/gold_news_pipeline.py for tasks to queue
[2024-08-16T09:24:22.078+0000] {logging_mixin.py:188} INFO - [2024-08-16T09:24:22.078+0000] {dagbag.py:540} INFO - Filling up the DagBag from /opt/airflow/dags/gold_news_pipeline.py
[2024-08-16T09:24:22.402+0000] {logging_mixin.py:188} INFO - [2024-08-16T09:24:22.393+0000] {dagbag.py:350} ERROR - Failed to import: /opt/airflow/dags/gold_news_pipeline.py
Traceback (most recent call last):
  File "/home/airflow/.local/lib/python3.8/site-packages/airflow/models/dagbag.py", line 346, in parse
    loader.exec_module(new_module)
  File "<frozen importlib._bootstrap_external>", line 843, in exec_module
  File "<frozen importlib._bootstrap>", line 219, in _call_with_frames_removed
  File "/opt/airflow/dags/gold_news_pipeline.py", line 6, in <module>
    from components.gold.news_scraping.post_data_extraction import scrape_gold_news_content_from_urls
  File "/opt/airflow/dags/components/gold/news_scraping/post_data_extraction.py", line 12, in <module>
    import nltk
ModuleNotFoundError: No module named 'nltk'
[2024-08-16T09:24:22.406+0000] {processor.py:842} WARNING - No viable dags retrieved from /opt/airflow/dags/gold_news_pipeline.py
[2024-08-16T09:24:22.421+0000] {processor.py:183} INFO - Processing /opt/airflow/dags/gold_news_pipeline.py took 0.348 seconds
[2024-08-16T09:24:52.929+0000] {processor.py:161} INFO - Started process (PID=427) to work on /opt/airflow/dags/gold_news_pipeline.py
[2024-08-16T09:24:52.930+0000] {processor.py:830} INFO - Processing file /opt/airflow/dags/gold_news_pipeline.py for tasks to queue
[2024-08-16T09:24:52.931+0000] {logging_mixin.py:188} INFO - [2024-08-16T09:24:52.931+0000] {dagbag.py:540} INFO - Filling up the DagBag from /opt/airflow/dags/gold_news_pipeline.py
[2024-08-16T09:24:53.323+0000] {logging_mixin.py:188} INFO - [2024-08-16T09:24:53.311+0000] {dagbag.py:350} ERROR - Failed to import: /opt/airflow/dags/gold_news_pipeline.py
Traceback (most recent call last):
  File "/home/airflow/.local/lib/python3.8/site-packages/airflow/models/dagbag.py", line 346, in parse
    loader.exec_module(new_module)
  File "<frozen importlib._bootstrap_external>", line 843, in exec_module
  File "<frozen importlib._bootstrap>", line 219, in _call_with_frames_removed
  File "/opt/airflow/dags/gold_news_pipeline.py", line 6, in <module>
    from components.gold.news_scraping.post_data_extraction import scrape_gold_news_content_from_urls
  File "/opt/airflow/dags/components/gold/news_scraping/post_data_extraction.py", line 12, in <module>
    import nltk
ModuleNotFoundError: No module named 'nltk'
[2024-08-16T09:24:53.329+0000] {processor.py:842} WARNING - No viable dags retrieved from /opt/airflow/dags/gold_news_pipeline.py
[2024-08-16T09:24:53.345+0000] {processor.py:183} INFO - Processing /opt/airflow/dags/gold_news_pipeline.py took 0.419 seconds
[2024-08-16T09:25:23.502+0000] {processor.py:161} INFO - Started process (PID=458) to work on /opt/airflow/dags/gold_news_pipeline.py
[2024-08-16T09:25:23.503+0000] {processor.py:830} INFO - Processing file /opt/airflow/dags/gold_news_pipeline.py for tasks to queue
[2024-08-16T09:25:23.505+0000] {logging_mixin.py:188} INFO - [2024-08-16T09:25:23.504+0000] {dagbag.py:540} INFO - Filling up the DagBag from /opt/airflow/dags/gold_news_pipeline.py
[2024-08-16T09:25:23.835+0000] {logging_mixin.py:188} INFO - [2024-08-16T09:25:23.827+0000] {dagbag.py:350} ERROR - Failed to import: /opt/airflow/dags/gold_news_pipeline.py
Traceback (most recent call last):
  File "/home/airflow/.local/lib/python3.8/site-packages/airflow/models/dagbag.py", line 346, in parse
    loader.exec_module(new_module)
  File "<frozen importlib._bootstrap_external>", line 843, in exec_module
  File "<frozen importlib._bootstrap>", line 219, in _call_with_frames_removed
  File "/opt/airflow/dags/gold_news_pipeline.py", line 6, in <module>
    from components.gold.news_scraping.post_data_extraction import scrape_gold_news_content_from_urls
  File "/opt/airflow/dags/components/gold/news_scraping/post_data_extraction.py", line 12, in <module>
    import nltk
ModuleNotFoundError: No module named 'nltk'
[2024-08-16T09:25:23.839+0000] {processor.py:842} WARNING - No viable dags retrieved from /opt/airflow/dags/gold_news_pipeline.py
[2024-08-16T09:25:23.853+0000] {processor.py:183} INFO - Processing /opt/airflow/dags/gold_news_pipeline.py took 0.353 seconds
[2024-08-16T09:25:54.301+0000] {processor.py:161} INFO - Started process (PID=485) to work on /opt/airflow/dags/gold_news_pipeline.py
[2024-08-16T09:25:54.303+0000] {processor.py:830} INFO - Processing file /opt/airflow/dags/gold_news_pipeline.py for tasks to queue
[2024-08-16T09:25:54.304+0000] {logging_mixin.py:188} INFO - [2024-08-16T09:25:54.304+0000] {dagbag.py:540} INFO - Filling up the DagBag from /opt/airflow/dags/gold_news_pipeline.py
[2024-08-16T09:25:55.233+0000] {logging_mixin.py:188} INFO - [2024-08-16T09:25:55.220+0000] {dagbag.py:350} ERROR - Failed to import: /opt/airflow/dags/gold_news_pipeline.py
Traceback (most recent call last):
  File "/home/airflow/.local/lib/python3.8/site-packages/airflow/models/dagbag.py", line 346, in parse
    loader.exec_module(new_module)
  File "<frozen importlib._bootstrap_external>", line 843, in exec_module
  File "<frozen importlib._bootstrap>", line 219, in _call_with_frames_removed
  File "/opt/airflow/dags/gold_news_pipeline.py", line 6, in <module>
    from components.gold.news_scraping.post_data_extraction import scrape_gold_news_content_from_urls
  File "/opt/airflow/dags/components/gold/news_scraping/post_data_extraction.py", line 12, in <module>
    import nltk
ModuleNotFoundError: No module named 'nltk'
[2024-08-16T09:25:55.236+0000] {processor.py:842} WARNING - No viable dags retrieved from /opt/airflow/dags/gold_news_pipeline.py
[2024-08-16T09:25:55.248+0000] {processor.py:183} INFO - Processing /opt/airflow/dags/gold_news_pipeline.py took 0.949 seconds
[2024-08-16T09:26:25.531+0000] {processor.py:161} INFO - Started process (PID=515) to work on /opt/airflow/dags/gold_news_pipeline.py
[2024-08-16T09:26:25.532+0000] {processor.py:830} INFO - Processing file /opt/airflow/dags/gold_news_pipeline.py for tasks to queue
[2024-08-16T09:26:25.533+0000] {logging_mixin.py:188} INFO - [2024-08-16T09:26:25.533+0000] {dagbag.py:540} INFO - Filling up the DagBag from /opt/airflow/dags/gold_news_pipeline.py
[2024-08-16T09:26:26.192+0000] {logging_mixin.py:188} INFO - [2024-08-16T09:26:26.176+0000] {dagbag.py:350} ERROR - Failed to import: /opt/airflow/dags/gold_news_pipeline.py
Traceback (most recent call last):
  File "/home/airflow/.local/lib/python3.8/site-packages/airflow/models/dagbag.py", line 346, in parse
    loader.exec_module(new_module)
  File "<frozen importlib._bootstrap_external>", line 843, in exec_module
  File "<frozen importlib._bootstrap>", line 219, in _call_with_frames_removed
  File "/opt/airflow/dags/gold_news_pipeline.py", line 6, in <module>
    from components.gold.news_scraping.post_data_extraction import scrape_gold_news_content_from_urls
  File "/opt/airflow/dags/components/gold/news_scraping/post_data_extraction.py", line 12, in <module>
    import nltk
ModuleNotFoundError: No module named 'nltk'
[2024-08-16T09:26:26.199+0000] {processor.py:842} WARNING - No viable dags retrieved from /opt/airflow/dags/gold_news_pipeline.py
[2024-08-16T09:26:26.211+0000] {processor.py:183} INFO - Processing /opt/airflow/dags/gold_news_pipeline.py took 0.682 seconds
[2024-08-16T09:26:56.568+0000] {processor.py:161} INFO - Started process (PID=546) to work on /opt/airflow/dags/gold_news_pipeline.py
[2024-08-16T09:26:56.570+0000] {processor.py:830} INFO - Processing file /opt/airflow/dags/gold_news_pipeline.py for tasks to queue
[2024-08-16T09:26:56.571+0000] {logging_mixin.py:188} INFO - [2024-08-16T09:26:56.571+0000] {dagbag.py:540} INFO - Filling up the DagBag from /opt/airflow/dags/gold_news_pipeline.py
[2024-08-16T09:26:56.903+0000] {logging_mixin.py:188} INFO - [2024-08-16T09:26:56.895+0000] {dagbag.py:350} ERROR - Failed to import: /opt/airflow/dags/gold_news_pipeline.py
Traceback (most recent call last):
  File "/home/airflow/.local/lib/python3.8/site-packages/airflow/models/dagbag.py", line 346, in parse
    loader.exec_module(new_module)
  File "<frozen importlib._bootstrap_external>", line 843, in exec_module
  File "<frozen importlib._bootstrap>", line 219, in _call_with_frames_removed
  File "/opt/airflow/dags/gold_news_pipeline.py", line 6, in <module>
    from components.gold.news_scraping.post_data_extraction import scrape_gold_news_content_from_urls
  File "/opt/airflow/dags/components/gold/news_scraping/post_data_extraction.py", line 12, in <module>
    import nltk
ModuleNotFoundError: No module named 'nltk'
[2024-08-16T09:26:56.906+0000] {processor.py:842} WARNING - No viable dags retrieved from /opt/airflow/dags/gold_news_pipeline.py
[2024-08-16T09:26:56.922+0000] {processor.py:183} INFO - Processing /opt/airflow/dags/gold_news_pipeline.py took 0.356 seconds
[2024-08-16T09:27:27.434+0000] {processor.py:161} INFO - Started process (PID=593) to work on /opt/airflow/dags/gold_news_pipeline.py
[2024-08-16T09:27:27.435+0000] {processor.py:830} INFO - Processing file /opt/airflow/dags/gold_news_pipeline.py for tasks to queue
[2024-08-16T09:27:27.436+0000] {logging_mixin.py:188} INFO - [2024-08-16T09:27:27.436+0000] {dagbag.py:540} INFO - Filling up the DagBag from /opt/airflow/dags/gold_news_pipeline.py
[2024-08-16T09:27:27.782+0000] {logging_mixin.py:188} INFO - [2024-08-16T09:27:27.773+0000] {dagbag.py:350} ERROR - Failed to import: /opt/airflow/dags/gold_news_pipeline.py
Traceback (most recent call last):
  File "/home/airflow/.local/lib/python3.8/site-packages/airflow/models/dagbag.py", line 346, in parse
    loader.exec_module(new_module)
  File "<frozen importlib._bootstrap_external>", line 843, in exec_module
  File "<frozen importlib._bootstrap>", line 219, in _call_with_frames_removed
  File "/opt/airflow/dags/gold_news_pipeline.py", line 6, in <module>
    from components.gold.news_scraping.post_data_extraction import scrape_gold_news_content_from_urls
  File "/opt/airflow/dags/components/gold/news_scraping/post_data_extraction.py", line 12, in <module>
    import nltk
ModuleNotFoundError: No module named 'nltk'
[2024-08-16T09:27:27.786+0000] {processor.py:842} WARNING - No viable dags retrieved from /opt/airflow/dags/gold_news_pipeline.py
[2024-08-16T09:27:27.802+0000] {processor.py:183} INFO - Processing /opt/airflow/dags/gold_news_pipeline.py took 0.371 seconds
[2024-08-16T09:27:59.066+0000] {processor.py:161} INFO - Started process (PID=642) to work on /opt/airflow/dags/gold_news_pipeline.py
[2024-08-16T09:27:59.067+0000] {processor.py:830} INFO - Processing file /opt/airflow/dags/gold_news_pipeline.py for tasks to queue
[2024-08-16T09:27:59.068+0000] {logging_mixin.py:188} INFO - [2024-08-16T09:27:59.068+0000] {dagbag.py:540} INFO - Filling up the DagBag from /opt/airflow/dags/gold_news_pipeline.py
[2024-08-16T09:27:59.607+0000] {logging_mixin.py:188} INFO - [2024-08-16T09:27:59.596+0000] {dagbag.py:350} ERROR - Failed to import: /opt/airflow/dags/gold_news_pipeline.py
Traceback (most recent call last):
  File "/home/airflow/.local/lib/python3.8/site-packages/airflow/models/dagbag.py", line 346, in parse
    loader.exec_module(new_module)
  File "<frozen importlib._bootstrap_external>", line 843, in exec_module
  File "<frozen importlib._bootstrap>", line 219, in _call_with_frames_removed
  File "/opt/airflow/dags/gold_news_pipeline.py", line 6, in <module>
    from components.gold.news_scraping.post_data_extraction import scrape_gold_news_content_from_urls
  File "/opt/airflow/dags/components/gold/news_scraping/post_data_extraction.py", line 12, in <module>
    import nltk
ModuleNotFoundError: No module named 'nltk'
[2024-08-16T09:27:59.615+0000] {processor.py:842} WARNING - No viable dags retrieved from /opt/airflow/dags/gold_news_pipeline.py
[2024-08-16T09:27:59.630+0000] {processor.py:183} INFO - Processing /opt/airflow/dags/gold_news_pipeline.py took 0.568 seconds
[2024-08-16T10:52:58.072+0000] {processor.py:161} INFO - Started process (PID=266) to work on /opt/airflow/dags/gold_news_pipeline.py
[2024-08-16T10:52:58.075+0000] {processor.py:830} INFO - Processing file /opt/airflow/dags/gold_news_pipeline.py for tasks to queue
[2024-08-16T10:52:58.087+0000] {logging_mixin.py:188} INFO - [2024-08-16T10:52:58.086+0000] {dagbag.py:540} INFO - Filling up the DagBag from /opt/airflow/dags/gold_news_pipeline.py
[2024-08-16T10:53:17.347+0000] {logging_mixin.py:188} WARNING - [nltk_data] Downloading package punkt to /home/airflow/nltk_data...
[2024-08-16T10:53:28.096+0000] {logging_mixin.py:188} INFO - [2024-08-16T10:53:28.095+0000] {timeout.py:68} ERROR - Process timed out, PID: 266
[2024-08-16T10:53:58.555+0000] {processor.py:161} INFO - Started process (PID=348) to work on /opt/airflow/dags/gold_news_pipeline.py
[2024-08-16T10:53:58.557+0000] {processor.py:830} INFO - Processing file /opt/airflow/dags/gold_news_pipeline.py for tasks to queue
[2024-08-16T10:53:58.558+0000] {logging_mixin.py:188} INFO - [2024-08-16T10:53:58.558+0000] {dagbag.py:540} INFO - Filling up the DagBag from /opt/airflow/dags/gold_news_pipeline.py
[2024-08-16T10:54:02.473+0000] {logging_mixin.py:188} WARNING - [nltk_data] Downloading package punkt to /home/airflow/nltk_data...
[2024-08-16T10:54:28.566+0000] {logging_mixin.py:188} INFO - [2024-08-16T10:54:28.565+0000] {timeout.py:68} ERROR - Process timed out, PID: 348
[2024-08-16T10:54:59.002+0000] {processor.py:161} INFO - Started process (PID=459) to work on /opt/airflow/dags/gold_news_pipeline.py
[2024-08-16T10:54:59.004+0000] {processor.py:830} INFO - Processing file /opt/airflow/dags/gold_news_pipeline.py for tasks to queue
[2024-08-16T10:54:59.005+0000] {logging_mixin.py:188} INFO - [2024-08-16T10:54:59.005+0000] {dagbag.py:540} INFO - Filling up the DagBag from /opt/airflow/dags/gold_news_pipeline.py
[2024-08-16T10:55:01.519+0000] {logging_mixin.py:188} WARNING - [nltk_data] Downloading package punkt to /home/airflow/nltk_data...
[2024-08-16T10:55:29.028+0000] {logging_mixin.py:188} INFO - [2024-08-16T10:55:29.027+0000] {timeout.py:68} ERROR - Process timed out, PID: 459
[2024-08-16T10:55:59.680+0000] {processor.py:161} INFO - Started process (PID=570) to work on /opt/airflow/dags/gold_news_pipeline.py
[2024-08-16T10:55:59.781+0000] {processor.py:830} INFO - Processing file /opt/airflow/dags/gold_news_pipeline.py for tasks to queue
[2024-08-16T10:55:59.782+0000] {logging_mixin.py:188} INFO - [2024-08-16T10:55:59.782+0000] {dagbag.py:540} INFO - Filling up the DagBag from /opt/airflow/dags/gold_news_pipeline.py
[2024-08-16T10:56:02.014+0000] {logging_mixin.py:188} WARNING - [nltk_data] Downloading package punkt to /home/airflow/nltk_data...
[2024-08-16T10:56:29.806+0000] {logging_mixin.py:188} INFO - [2024-08-16T10:56:29.805+0000] {timeout.py:68} ERROR - Process timed out, PID: 570
[2024-08-16T10:57:00.742+0000] {processor.py:161} INFO - Started process (PID=675) to work on /opt/airflow/dags/gold_news_pipeline.py
[2024-08-16T10:57:00.834+0000] {processor.py:830} INFO - Processing file /opt/airflow/dags/gold_news_pipeline.py for tasks to queue
[2024-08-16T10:57:00.835+0000] {logging_mixin.py:188} INFO - [2024-08-16T10:57:00.835+0000] {dagbag.py:540} INFO - Filling up the DagBag from /opt/airflow/dags/gold_news_pipeline.py
[2024-08-16T10:57:02.920+0000] {processor.py:840} INFO - DAG(s) 'News_pipeline' retrieved from /opt/airflow/dags/gold_news_pipeline.py
[2024-08-16T10:57:03.288+0000] {logging_mixin.py:188} INFO - [2024-08-16T10:57:03.287+0000] {override.py:1769} INFO - Created Permission View: can edit on DAG:News_pipeline
[2024-08-16T10:57:03.296+0000] {logging_mixin.py:188} INFO - [2024-08-16T10:57:03.295+0000] {override.py:1769} INFO - Created Permission View: can delete on DAG:News_pipeline
[2024-08-16T10:57:03.302+0000] {logging_mixin.py:188} INFO - [2024-08-16T10:57:03.301+0000] {override.py:1769} INFO - Created Permission View: can read on DAG:News_pipeline
[2024-08-16T10:57:03.303+0000] {logging_mixin.py:188} INFO - [2024-08-16T10:57:03.302+0000] {dag.py:3047} INFO - Sync 1 DAGs
[2024-08-16T10:57:03.311+0000] {logging_mixin.py:188} INFO - [2024-08-16T10:57:03.310+0000] {dag.py:3069} INFO - Creating ORM DAG for News_pipeline
[2024-08-16T10:57:03.991+0000] {logging_mixin.py:188} INFO - [2024-08-16T10:57:03.991+0000] {dag.py:3834} INFO - Setting next_dagrun for News_pipeline to 2024-08-16 00:00:00+00:00, run_after=2024-08-17 00:00:00+00:00
[2024-08-16T10:57:04.186+0000] {processor.py:183} INFO - Processing /opt/airflow/dags/gold_news_pipeline.py took 3.447 seconds
[2024-08-16T10:57:35.298+0000] {processor.py:161} INFO - Started process (PID=724) to work on /opt/airflow/dags/gold_news_pipeline.py
[2024-08-16T10:57:35.300+0000] {processor.py:830} INFO - Processing file /opt/airflow/dags/gold_news_pipeline.py for tasks to queue
[2024-08-16T10:57:35.410+0000] {logging_mixin.py:188} INFO - [2024-08-16T10:57:35.410+0000] {dagbag.py:540} INFO - Filling up the DagBag from /opt/airflow/dags/gold_news_pipeline.py
[2024-08-16T10:57:36.384+0000] {processor.py:840} INFO - DAG(s) 'News_pipeline' retrieved from /opt/airflow/dags/gold_news_pipeline.py
[2024-08-16T10:57:36.537+0000] {logging_mixin.py:188} INFO - [2024-08-16T10:57:36.537+0000] {dag.py:3047} INFO - Sync 1 DAGs
[2024-08-16T10:57:36.552+0000] {logging_mixin.py:188} INFO - [2024-08-16T10:57:36.551+0000] {dag.py:3834} INFO - Setting next_dagrun for News_pipeline to 2024-08-16 00:00:00+00:00, run_after=2024-08-17 00:00:00+00:00
[2024-08-16T10:57:36.568+0000] {processor.py:183} INFO - Processing /opt/airflow/dags/gold_news_pipeline.py took 1.343 seconds
