[2024-08-16T07:59:15.660+0000] {processor.py:161} INFO - Started process (PID=1236) to work on /opt/airflow/dags/gold_web_scarpe_news.py
[2024-08-16T07:59:15.661+0000] {processor.py:830} INFO - Processing file /opt/airflow/dags/gold_web_scarpe_news.py for tasks to queue
[2024-08-16T07:59:15.663+0000] {logging_mixin.py:188} INFO - [2024-08-16T07:59:15.662+0000] {dagbag.py:540} INFO - Filling up the DagBag from /opt/airflow/dags/gold_web_scarpe_news.py
[2024-08-16T07:59:16.604+0000] {processor.py:840} INFO - DAG(s) 'gold_news_scrape' retrieved from /opt/airflow/dags/gold_web_scarpe_news.py
[2024-08-16T07:59:17.007+0000] {logging_mixin.py:188} INFO - [2024-08-16T07:59:17.006+0000] {override.py:1769} INFO - Created Permission View: can delete on DAG:gold_news_scrape
[2024-08-16T07:59:17.019+0000] {logging_mixin.py:188} INFO - [2024-08-16T07:59:17.018+0000] {override.py:1769} INFO - Created Permission View: can edit on DAG:gold_news_scrape
[2024-08-16T07:59:17.024+0000] {logging_mixin.py:188} INFO - [2024-08-16T07:59:17.024+0000] {override.py:1769} INFO - Created Permission View: can read on DAG:gold_news_scrape
[2024-08-16T07:59:17.025+0000] {logging_mixin.py:188} INFO - [2024-08-16T07:59:17.025+0000] {dag.py:3047} INFO - Sync 1 DAGs
[2024-08-16T07:59:17.031+0000] {logging_mixin.py:188} INFO - [2024-08-16T07:59:17.031+0000] {dag.py:3069} INFO - Creating ORM DAG for gold_news_scrape
[2024-08-16T07:59:17.038+0000] {logging_mixin.py:188} INFO - [2024-08-16T07:59:17.037+0000] {dag.py:3834} INFO - Setting next_dagrun for gold_news_scrape to 2024-08-16 00:00:00+00:00, run_after=2024-08-17 00:00:00+00:00
[2024-08-16T07:59:17.082+0000] {processor.py:183} INFO - Processing /opt/airflow/dags/gold_web_scarpe_news.py took 1.424 seconds
[2024-08-16T07:59:47.536+0000] {processor.py:161} INFO - Started process (PID=1298) to work on /opt/airflow/dags/gold_web_scarpe_news.py
[2024-08-16T07:59:47.538+0000] {processor.py:830} INFO - Processing file /opt/airflow/dags/gold_web_scarpe_news.py for tasks to queue
[2024-08-16T07:59:47.539+0000] {logging_mixin.py:188} INFO - [2024-08-16T07:59:47.538+0000] {dagbag.py:540} INFO - Filling up the DagBag from /opt/airflow/dags/gold_web_scarpe_news.py
[2024-08-16T07:59:48.312+0000] {processor.py:840} INFO - DAG(s) 'gold_news_scrape' retrieved from /opt/airflow/dags/gold_web_scarpe_news.py
[2024-08-16T07:59:48.369+0000] {logging_mixin.py:188} INFO - [2024-08-16T07:59:48.369+0000] {dag.py:3047} INFO - Sync 1 DAGs
[2024-08-16T07:59:48.383+0000] {logging_mixin.py:188} INFO - [2024-08-16T07:59:48.383+0000] {dag.py:3834} INFO - Setting next_dagrun for gold_news_scrape to 2024-08-16 00:00:00+00:00, run_after=2024-08-17 00:00:00+00:00
[2024-08-16T07:59:48.399+0000] {processor.py:183} INFO - Processing /opt/airflow/dags/gold_web_scarpe_news.py took 0.865 seconds
[2024-08-16T08:00:06.353+0000] {processor.py:161} INFO - Started process (PID=1329) to work on /opt/airflow/dags/gold_web_scarpe_news.py
[2024-08-16T08:00:06.354+0000] {processor.py:830} INFO - Processing file /opt/airflow/dags/gold_web_scarpe_news.py for tasks to queue
[2024-08-16T08:00:06.355+0000] {logging_mixin.py:188} INFO - [2024-08-16T08:00:06.355+0000] {dagbag.py:540} INFO - Filling up the DagBag from /opt/airflow/dags/gold_web_scarpe_news.py
[2024-08-16T08:00:07.483+0000] {logging_mixin.py:188} INFO - [2024-08-16T08:00:07.471+0000] {dagbag.py:350} ERROR - Failed to import: /opt/airflow/dags/gold_web_scarpe_news.py
Traceback (most recent call last):
  File "/home/airflow/.local/lib/python3.8/site-packages/airflow/models/dagbag.py", line 346, in parse
    loader.exec_module(new_module)
  File "<frozen importlib._bootstrap_external>", line 843, in exec_module
  File "<frozen importlib._bootstrap>", line 219, in _call_with_frames_removed
  File "/opt/airflow/dags/gold_web_scarpe_news.py", line 88, in <module>
    transformation_data.set_upstream(data_ingestion)
NameError: name 'data_ingestion' is not defined
[2024-08-16T08:00:07.485+0000] {processor.py:842} WARNING - No viable dags retrieved from /opt/airflow/dags/gold_web_scarpe_news.py
[2024-08-16T08:00:07.501+0000] {processor.py:183} INFO - Processing /opt/airflow/dags/gold_web_scarpe_news.py took 1.151 seconds
[2024-08-16T08:00:09.629+0000] {processor.py:161} INFO - Started process (PID=1360) to work on /opt/airflow/dags/gold_web_scarpe_news.py
[2024-08-16T08:00:09.630+0000] {processor.py:830} INFO - Processing file /opt/airflow/dags/gold_web_scarpe_news.py for tasks to queue
[2024-08-16T08:00:09.632+0000] {logging_mixin.py:188} INFO - [2024-08-16T08:00:09.631+0000] {dagbag.py:540} INFO - Filling up the DagBag from /opt/airflow/dags/gold_web_scarpe_news.py
[2024-08-16T08:00:10.920+0000] {logging_mixin.py:188} INFO - [2024-08-16T08:00:10.914+0000] {dagbag.py:350} ERROR - Failed to import: /opt/airflow/dags/gold_web_scarpe_news.py
Traceback (most recent call last):
  File "/home/airflow/.local/lib/python3.8/site-packages/airflow/models/dagbag.py", line 346, in parse
    loader.exec_module(new_module)
  File "<frozen importlib._bootstrap_external>", line 843, in exec_module
  File "<frozen importlib._bootstrap>", line 219, in _call_with_frames_removed
  File "/opt/airflow/dags/gold_web_scarpe_news.py", line 88, in <module>
    transformation_data.set_upstream(data_ingestion)
NameError: name 'data_ingestion' is not defined
[2024-08-16T08:00:10.923+0000] {processor.py:842} WARNING - No viable dags retrieved from /opt/airflow/dags/gold_web_scarpe_news.py
[2024-08-16T08:00:10.936+0000] {processor.py:183} INFO - Processing /opt/airflow/dags/gold_web_scarpe_news.py took 1.310 seconds
[2024-08-16T08:00:13.581+0000] {processor.py:161} INFO - Started process (PID=1410) to work on /opt/airflow/dags/gold_web_scarpe_news.py
[2024-08-16T08:00:13.589+0000] {processor.py:830} INFO - Processing file /opt/airflow/dags/gold_web_scarpe_news.py for tasks to queue
[2024-08-16T08:00:13.590+0000] {logging_mixin.py:188} INFO - [2024-08-16T08:00:13.590+0000] {dagbag.py:540} INFO - Filling up the DagBag from /opt/airflow/dags/gold_web_scarpe_news.py
[2024-08-16T08:00:14.788+0000] {logging_mixin.py:188} INFO - [2024-08-16T08:00:14.782+0000] {dagbag.py:350} ERROR - Failed to import: /opt/airflow/dags/gold_web_scarpe_news.py
Traceback (most recent call last):
  File "/home/airflow/.local/lib/python3.8/site-packages/airflow/models/dagbag.py", line 346, in parse
    loader.exec_module(new_module)
  File "<frozen importlib._bootstrap_external>", line 843, in exec_module
  File "<frozen importlib._bootstrap>", line 219, in _call_with_frames_removed
  File "/opt/airflow/dags/gold_web_scarpe_news.py", line 88, in <module>
    transformation_data.set_upstream(data_ingestion)
NameError: name 'data_ingestion' is not defined
[2024-08-16T08:00:14.790+0000] {processor.py:842} WARNING - No viable dags retrieved from /opt/airflow/dags/gold_web_scarpe_news.py
[2024-08-16T08:00:14.804+0000] {processor.py:183} INFO - Processing /opt/airflow/dags/gold_web_scarpe_news.py took 1.226 seconds
[2024-08-16T08:00:16.758+0000] {processor.py:161} INFO - Started process (PID=1435) to work on /opt/airflow/dags/gold_web_scarpe_news.py
[2024-08-16T08:00:16.759+0000] {processor.py:830} INFO - Processing file /opt/airflow/dags/gold_web_scarpe_news.py for tasks to queue
[2024-08-16T08:00:16.760+0000] {logging_mixin.py:188} INFO - [2024-08-16T08:00:16.760+0000] {dagbag.py:540} INFO - Filling up the DagBag from /opt/airflow/dags/gold_web_scarpe_news.py
[2024-08-16T08:00:18.008+0000] {logging_mixin.py:188} INFO - [2024-08-16T08:00:17.993+0000] {dagbag.py:350} ERROR - Failed to import: /opt/airflow/dags/gold_web_scarpe_news.py
Traceback (most recent call last):
  File "/home/airflow/.local/lib/python3.8/site-packages/airflow/models/dagbag.py", line 346, in parse
    loader.exec_module(new_module)
  File "<frozen importlib._bootstrap_external>", line 843, in exec_module
  File "<frozen importlib._bootstrap>", line 219, in _call_with_frames_removed
  File "/opt/airflow/dags/gold_web_scarpe_news.py", line 88, in <module>
    transformation_data.set_upstream(data_ingestion)
NameError: name 'data_ingestion' is not defined
[2024-08-16T08:00:18.012+0000] {processor.py:842} WARNING - No viable dags retrieved from /opt/airflow/dags/gold_web_scarpe_news.py
[2024-08-16T08:00:18.023+0000] {processor.py:183} INFO - Processing /opt/airflow/dags/gold_web_scarpe_news.py took 1.267 seconds
[2024-08-16T08:00:25.177+0000] {processor.py:161} INFO - Started process (PID=1466) to work on /opt/airflow/dags/gold_web_scarpe_news.py
[2024-08-16T08:00:25.178+0000] {processor.py:830} INFO - Processing file /opt/airflow/dags/gold_web_scarpe_news.py for tasks to queue
[2024-08-16T08:00:25.179+0000] {logging_mixin.py:188} INFO - [2024-08-16T08:00:25.178+0000] {dagbag.py:540} INFO - Filling up the DagBag from /opt/airflow/dags/gold_web_scarpe_news.py
[2024-08-16T08:00:26.067+0000] {logging_mixin.py:188} INFO - [2024-08-16T08:00:26.060+0000] {dagbag.py:350} ERROR - Failed to import: /opt/airflow/dags/gold_web_scarpe_news.py
Traceback (most recent call last):
  File "/home/airflow/.local/lib/python3.8/site-packages/airflow/models/dagbag.py", line 346, in parse
    loader.exec_module(new_module)
  File "<frozen importlib._bootstrap_external>", line 843, in exec_module
  File "<frozen importlib._bootstrap>", line 219, in _call_with_frames_removed
  File "/opt/airflow/dags/gold_web_scarpe_news.py", line 88, in <module>
    transformation_data.set_upstream(data_ingestion)
NameError: name 'data_ingestion' is not defined
[2024-08-16T08:00:26.070+0000] {processor.py:842} WARNING - No viable dags retrieved from /opt/airflow/dags/gold_web_scarpe_news.py
[2024-08-16T08:00:26.084+0000] {processor.py:183} INFO - Processing /opt/airflow/dags/gold_web_scarpe_news.py took 0.909 seconds
[2024-08-16T08:00:33.419+0000] {processor.py:161} INFO - Started process (PID=1491) to work on /opt/airflow/dags/gold_web_scarpe_news.py
[2024-08-16T08:00:33.420+0000] {processor.py:830} INFO - Processing file /opt/airflow/dags/gold_web_scarpe_news.py for tasks to queue
[2024-08-16T08:00:33.421+0000] {logging_mixin.py:188} INFO - [2024-08-16T08:00:33.421+0000] {dagbag.py:540} INFO - Filling up the DagBag from /opt/airflow/dags/gold_web_scarpe_news.py
[2024-08-16T08:00:34.591+0000] {logging_mixin.py:188} INFO - [2024-08-16T08:00:34.577+0000] {dagbag.py:350} ERROR - Failed to import: /opt/airflow/dags/gold_web_scarpe_news.py
Traceback (most recent call last):
  File "/home/airflow/.local/lib/python3.8/site-packages/airflow/models/dagbag.py", line 346, in parse
    loader.exec_module(new_module)
  File "<frozen importlib._bootstrap_external>", line 843, in exec_module
  File "<frozen importlib._bootstrap>", line 219, in _call_with_frames_removed
  File "/opt/airflow/dags/gold_web_scarpe_news.py", line 30, in <module>
    python_callable=nes,
NameError: name 'nes' is not defined
[2024-08-16T08:00:34.598+0000] {processor.py:842} WARNING - No viable dags retrieved from /opt/airflow/dags/gold_web_scarpe_news.py
[2024-08-16T08:00:34.618+0000] {processor.py:183} INFO - Processing /opt/airflow/dags/gold_web_scarpe_news.py took 1.202 seconds
[2024-08-16T08:00:37.624+0000] {processor.py:161} INFO - Started process (PID=1516) to work on /opt/airflow/dags/gold_web_scarpe_news.py
[2024-08-16T08:00:37.626+0000] {processor.py:830} INFO - Processing file /opt/airflow/dags/gold_web_scarpe_news.py for tasks to queue
[2024-08-16T08:00:37.627+0000] {logging_mixin.py:188} INFO - [2024-08-16T08:00:37.626+0000] {dagbag.py:540} INFO - Filling up the DagBag from /opt/airflow/dags/gold_web_scarpe_news.py
[2024-08-16T08:00:38.531+0000] {logging_mixin.py:188} INFO - [2024-08-16T08:00:38.495+0000] {dagbag.py:350} ERROR - Failed to import: /opt/airflow/dags/gold_web_scarpe_news.py
Traceback (most recent call last):
  File "/home/airflow/.local/lib/python3.8/site-packages/airflow/models/dagbag.py", line 346, in parse
    loader.exec_module(new_module)
  File "<frozen importlib._bootstrap_external>", line 843, in exec_module
  File "<frozen importlib._bootstrap>", line 219, in _call_with_frames_removed
  File "/opt/airflow/dags/gold_web_scarpe_news.py", line 30, in <module>
    python_callable=news_link,
NameError: name 'news_link' is not defined
[2024-08-16T08:00:38.534+0000] {processor.py:842} WARNING - No viable dags retrieved from /opt/airflow/dags/gold_web_scarpe_news.py
[2024-08-16T08:00:38.552+0000] {processor.py:183} INFO - Processing /opt/airflow/dags/gold_web_scarpe_news.py took 0.931 seconds
[2024-08-16T08:00:40.881+0000] {processor.py:161} INFO - Started process (PID=1547) to work on /opt/airflow/dags/gold_web_scarpe_news.py
[2024-08-16T08:00:40.882+0000] {processor.py:830} INFO - Processing file /opt/airflow/dags/gold_web_scarpe_news.py for tasks to queue
[2024-08-16T08:00:40.883+0000] {logging_mixin.py:188} INFO - [2024-08-16T08:00:40.883+0000] {dagbag.py:540} INFO - Filling up the DagBag from /opt/airflow/dags/gold_web_scarpe_news.py
[2024-08-16T08:00:41.755+0000] {logging_mixin.py:188} INFO - [2024-08-16T08:00:41.736+0000] {dagbag.py:350} ERROR - Failed to import: /opt/airflow/dags/gold_web_scarpe_news.py
Traceback (most recent call last):
  File "/home/airflow/.local/lib/python3.8/site-packages/airflow/models/dagbag.py", line 346, in parse
    loader.exec_module(new_module)
  File "<frozen importlib._bootstrap_external>", line 843, in exec_module
  File "<frozen importlib._bootstrap>", line 219, in _call_with_frames_removed
  File "/opt/airflow/dags/gold_web_scarpe_news.py", line 30, in <module>
    python_callable=news_link_scra,
NameError: name 'news_link_scra' is not defined
[2024-08-16T08:00:41.758+0000] {processor.py:842} WARNING - No viable dags retrieved from /opt/airflow/dags/gold_web_scarpe_news.py
[2024-08-16T08:00:41.775+0000] {processor.py:183} INFO - Processing /opt/airflow/dags/gold_web_scarpe_news.py took 0.895 seconds
[2024-08-16T08:00:42.866+0000] {processor.py:161} INFO - Started process (PID=1572) to work on /opt/airflow/dags/gold_web_scarpe_news.py
[2024-08-16T08:00:42.867+0000] {processor.py:830} INFO - Processing file /opt/airflow/dags/gold_web_scarpe_news.py for tasks to queue
[2024-08-16T08:00:42.869+0000] {logging_mixin.py:188} INFO - [2024-08-16T08:00:42.869+0000] {dagbag.py:540} INFO - Filling up the DagBag from /opt/airflow/dags/gold_web_scarpe_news.py
[2024-08-16T08:00:44.098+0000] {logging_mixin.py:188} INFO - [2024-08-16T08:00:44.073+0000] {dagbag.py:350} ERROR - Failed to import: /opt/airflow/dags/gold_web_scarpe_news.py
Traceback (most recent call last):
  File "/home/airflow/.local/lib/python3.8/site-packages/airflow/models/dagbag.py", line 346, in parse
    loader.exec_module(new_module)
  File "<frozen importlib._bootstrap_external>", line 843, in exec_module
  File "<frozen importlib._bootstrap>", line 219, in _call_with_frames_removed
  File "/opt/airflow/dags/gold_web_scarpe_news.py", line 30, in <module>
    python_callable=news_link_scraping,
NameError: name 'news_link_scraping' is not defined
[2024-08-16T08:00:44.118+0000] {processor.py:842} WARNING - No viable dags retrieved from /opt/airflow/dags/gold_web_scarpe_news.py
[2024-08-16T08:00:44.133+0000] {processor.py:183} INFO - Processing /opt/airflow/dags/gold_web_scarpe_news.py took 1.270 seconds
[2024-08-16T08:01:00.403+0000] {processor.py:161} INFO - Started process (PID=1628) to work on /opt/airflow/dags/gold_web_scarpe_news.py
[2024-08-16T08:01:00.404+0000] {processor.py:830} INFO - Processing file /opt/airflow/dags/gold_web_scarpe_news.py for tasks to queue
[2024-08-16T08:01:00.406+0000] {logging_mixin.py:188} INFO - [2024-08-16T08:01:00.405+0000] {dagbag.py:540} INFO - Filling up the DagBag from /opt/airflow/dags/gold_web_scarpe_news.py
[2024-08-16T08:01:01.396+0000] {logging_mixin.py:188} INFO - [2024-08-16T08:01:01.392+0000] {dagbag.py:350} ERROR - Failed to import: /opt/airflow/dags/gold_web_scarpe_news.py
Traceback (most recent call last):
  File "/home/airflow/.local/lib/python3.8/site-packages/airflow/models/dagbag.py", line 346, in parse
    loader.exec_module(new_module)
  File "<frozen importlib._bootstrap_external>", line 843, in exec_module
  File "<frozen importlib._bootstrap>", line 219, in _call_with_frames_removed
  File "/opt/airflow/dags/gold_web_scarpe_news.py", line 30, in <module>
    python_callable=news_link_scraping,
NameError: name 'news_link_scraping' is not defined
[2024-08-16T08:01:01.398+0000] {processor.py:842} WARNING - No viable dags retrieved from /opt/airflow/dags/gold_web_scarpe_news.py
[2024-08-16T08:01:01.409+0000] {processor.py:183} INFO - Processing /opt/airflow/dags/gold_web_scarpe_news.py took 1.009 seconds
[2024-08-16T08:01:32.145+0000] {processor.py:161} INFO - Started process (PID=1690) to work on /opt/airflow/dags/gold_web_scarpe_news.py
[2024-08-16T08:01:32.146+0000] {processor.py:830} INFO - Processing file /opt/airflow/dags/gold_web_scarpe_news.py for tasks to queue
[2024-08-16T08:01:32.147+0000] {logging_mixin.py:188} INFO - [2024-08-16T08:01:32.147+0000] {dagbag.py:540} INFO - Filling up the DagBag from /opt/airflow/dags/gold_web_scarpe_news.py
[2024-08-16T08:01:33.685+0000] {logging_mixin.py:188} INFO - [2024-08-16T08:01:33.681+0000] {dagbag.py:350} ERROR - Failed to import: /opt/airflow/dags/gold_web_scarpe_news.py
Traceback (most recent call last):
  File "/home/airflow/.local/lib/python3.8/site-packages/airflow/models/dagbag.py", line 346, in parse
    loader.exec_module(new_module)
  File "<frozen importlib._bootstrap_external>", line 843, in exec_module
  File "<frozen importlib._bootstrap>", line 219, in _call_with_frames_removed
  File "/opt/airflow/dags/gold_web_scarpe_news.py", line 30, in <module>
    python_callable=news_link_scraping,
NameError: name 'news_link_scraping' is not defined
[2024-08-16T08:01:33.686+0000] {processor.py:842} WARNING - No viable dags retrieved from /opt/airflow/dags/gold_web_scarpe_news.py
[2024-08-16T08:01:33.698+0000] {processor.py:183} INFO - Processing /opt/airflow/dags/gold_web_scarpe_news.py took 1.556 seconds
[2024-08-16T08:02:04.265+0000] {processor.py:161} INFO - Started process (PID=1752) to work on /opt/airflow/dags/gold_web_scarpe_news.py
[2024-08-16T08:02:04.266+0000] {processor.py:830} INFO - Processing file /opt/airflow/dags/gold_web_scarpe_news.py for tasks to queue
[2024-08-16T08:02:04.268+0000] {logging_mixin.py:188} INFO - [2024-08-16T08:02:04.267+0000] {dagbag.py:540} INFO - Filling up the DagBag from /opt/airflow/dags/gold_web_scarpe_news.py
[2024-08-16T08:02:05.322+0000] {logging_mixin.py:188} INFO - [2024-08-16T08:02:05.262+0000] {dagbag.py:350} ERROR - Failed to import: /opt/airflow/dags/gold_web_scarpe_news.py
Traceback (most recent call last):
  File "/home/airflow/.local/lib/python3.8/site-packages/airflow/models/dagbag.py", line 346, in parse
    loader.exec_module(new_module)
  File "<frozen importlib._bootstrap_external>", line 843, in exec_module
  File "<frozen importlib._bootstrap>", line 219, in _call_with_frames_removed
  File "/opt/airflow/dags/gold_web_scarpe_news.py", line 30, in <module>
    python_callable=news_link_scraping,
NameError: name 'news_link_scraping' is not defined
[2024-08-16T08:02:05.337+0000] {processor.py:842} WARNING - No viable dags retrieved from /opt/airflow/dags/gold_web_scarpe_news.py
[2024-08-16T08:02:05.350+0000] {processor.py:183} INFO - Processing /opt/airflow/dags/gold_web_scarpe_news.py took 1.088 seconds
[2024-08-16T08:02:36.079+0000] {processor.py:161} INFO - Started process (PID=1814) to work on /opt/airflow/dags/gold_web_scarpe_news.py
[2024-08-16T08:02:36.080+0000] {processor.py:830} INFO - Processing file /opt/airflow/dags/gold_web_scarpe_news.py for tasks to queue
[2024-08-16T08:02:36.081+0000] {logging_mixin.py:188} INFO - [2024-08-16T08:02:36.081+0000] {dagbag.py:540} INFO - Filling up the DagBag from /opt/airflow/dags/gold_web_scarpe_news.py
[2024-08-16T08:02:37.102+0000] {logging_mixin.py:188} INFO - [2024-08-16T08:02:37.097+0000] {dagbag.py:350} ERROR - Failed to import: /opt/airflow/dags/gold_web_scarpe_news.py
Traceback (most recent call last):
  File "/home/airflow/.local/lib/python3.8/site-packages/airflow/models/dagbag.py", line 346, in parse
    loader.exec_module(new_module)
  File "<frozen importlib._bootstrap_external>", line 843, in exec_module
  File "<frozen importlib._bootstrap>", line 219, in _call_with_frames_removed
  File "/opt/airflow/dags/gold_web_scarpe_news.py", line 30, in <module>
    python_callable=news_link_scraping,
NameError: name 'news_link_scraping' is not defined
[2024-08-16T08:02:37.105+0000] {processor.py:842} WARNING - No viable dags retrieved from /opt/airflow/dags/gold_web_scarpe_news.py
[2024-08-16T08:02:37.116+0000] {processor.py:183} INFO - Processing /opt/airflow/dags/gold_web_scarpe_news.py took 1.039 seconds
