[2024-08-16T08:04:16.205+0000] {processor.py:161} INFO - Started process (PID=1953) to work on /opt/airflow/dags/gold_training_pipeline.py
[2024-08-16T08:04:16.206+0000] {processor.py:830} INFO - Processing file /opt/airflow/dags/gold_training_pipeline.py for tasks to queue
[2024-08-16T08:04:16.206+0000] {logging_mixin.py:188} INFO - [2024-08-16T08:04:16.206+0000] {dagbag.py:540} INFO - Filling up the DagBag from /opt/airflow/dags/gold_training_pipeline.py
[2024-08-16T08:04:16.332+0000] {logging_mixin.py:188} INFO - [2024-08-16T08:04:16.326+0000] {dagbag.py:350} ERROR - Failed to import: /opt/airflow/dags/gold_training_pipeline.py
Traceback (most recent call last):
  File "/home/airflow/.local/lib/python3.8/site-packages/airflow/models/dagbag.py", line 346, in parse
    loader.exec_module(new_module)
  File "<frozen importlib._bootstrap_external>", line 843, in exec_module
  File "<frozen importlib._bootstrap>", line 219, in _call_with_frames_removed
  File "/opt/airflow/dags/gold_training_pipeline.py", line 6, in <module>
    from components.model_training.data_scraping import scrape_data
ModuleNotFoundError: No module named 'components.model_training'
[2024-08-16T08:04:16.338+0000] {processor.py:842} WARNING - No viable dags retrieved from /opt/airflow/dags/gold_training_pipeline.py
[2024-08-16T08:04:16.352+0000] {processor.py:183} INFO - Processing /opt/airflow/dags/gold_training_pipeline.py took 0.149 seconds
[2024-08-16T08:04:46.792+0000] {processor.py:161} INFO - Started process (PID=2000) to work on /opt/airflow/dags/gold_training_pipeline.py
[2024-08-16T08:04:46.794+0000] {processor.py:830} INFO - Processing file /opt/airflow/dags/gold_training_pipeline.py for tasks to queue
[2024-08-16T08:04:46.795+0000] {logging_mixin.py:188} INFO - [2024-08-16T08:04:46.794+0000] {dagbag.py:540} INFO - Filling up the DagBag from /opt/airflow/dags/gold_training_pipeline.py
[2024-08-16T08:04:46.921+0000] {logging_mixin.py:188} INFO - [2024-08-16T08:04:46.902+0000] {dagbag.py:350} ERROR - Failed to import: /opt/airflow/dags/gold_training_pipeline.py
Traceback (most recent call last):
  File "/home/airflow/.local/lib/python3.8/site-packages/airflow/models/dagbag.py", line 346, in parse
    loader.exec_module(new_module)
  File "<frozen importlib._bootstrap_external>", line 843, in exec_module
  File "<frozen importlib._bootstrap>", line 219, in _call_with_frames_removed
  File "/opt/airflow/dags/gold_training_pipeline.py", line 6, in <module>
    from components.model_training.data_scraping import scrape_data
ModuleNotFoundError: No module named 'components.model_training'
[2024-08-16T08:04:46.926+0000] {processor.py:842} WARNING - No viable dags retrieved from /opt/airflow/dags/gold_training_pipeline.py
[2024-08-16T08:04:46.943+0000] {processor.py:183} INFO - Processing /opt/airflow/dags/gold_training_pipeline.py took 0.153 seconds
[2024-08-16T08:05:17.261+0000] {processor.py:161} INFO - Started process (PID=2047) to work on /opt/airflow/dags/gold_training_pipeline.py
[2024-08-16T08:05:17.263+0000] {processor.py:830} INFO - Processing file /opt/airflow/dags/gold_training_pipeline.py for tasks to queue
[2024-08-16T08:05:17.264+0000] {logging_mixin.py:188} INFO - [2024-08-16T08:05:17.263+0000] {dagbag.py:540} INFO - Filling up the DagBag from /opt/airflow/dags/gold_training_pipeline.py
[2024-08-16T08:05:17.350+0000] {logging_mixin.py:188} INFO - [2024-08-16T08:05:17.345+0000] {dagbag.py:350} ERROR - Failed to import: /opt/airflow/dags/gold_training_pipeline.py
Traceback (most recent call last):
  File "/home/airflow/.local/lib/python3.8/site-packages/airflow/models/dagbag.py", line 346, in parse
    loader.exec_module(new_module)
  File "<frozen importlib._bootstrap_external>", line 843, in exec_module
  File "<frozen importlib._bootstrap>", line 219, in _call_with_frames_removed
  File "/opt/airflow/dags/gold_training_pipeline.py", line 6, in <module>
    from components.model_training.data_scraping import scrape_data
ModuleNotFoundError: No module named 'components.model_training'
[2024-08-16T08:05:17.352+0000] {processor.py:842} WARNING - No viable dags retrieved from /opt/airflow/dags/gold_training_pipeline.py
[2024-08-16T08:05:17.364+0000] {processor.py:183} INFO - Processing /opt/airflow/dags/gold_training_pipeline.py took 0.106 seconds
[2024-08-16T08:05:47.954+0000] {processor.py:161} INFO - Started process (PID=2094) to work on /opt/airflow/dags/gold_training_pipeline.py
[2024-08-16T08:05:47.956+0000] {processor.py:830} INFO - Processing file /opt/airflow/dags/gold_training_pipeline.py for tasks to queue
[2024-08-16T08:05:47.957+0000] {logging_mixin.py:188} INFO - [2024-08-16T08:05:47.957+0000] {dagbag.py:540} INFO - Filling up the DagBag from /opt/airflow/dags/gold_training_pipeline.py
[2024-08-16T08:05:48.104+0000] {logging_mixin.py:188} INFO - [2024-08-16T08:05:48.088+0000] {dagbag.py:350} ERROR - Failed to import: /opt/airflow/dags/gold_training_pipeline.py
Traceback (most recent call last):
  File "/home/airflow/.local/lib/python3.8/site-packages/airflow/models/dagbag.py", line 346, in parse
    loader.exec_module(new_module)
  File "<frozen importlib._bootstrap_external>", line 843, in exec_module
  File "<frozen importlib._bootstrap>", line 219, in _call_with_frames_removed
  File "/opt/airflow/dags/gold_training_pipeline.py", line 6, in <module>
    from components.model_training.data_scraping import scrape_data
ModuleNotFoundError: No module named 'components.model_training'
[2024-08-16T08:05:48.110+0000] {processor.py:842} WARNING - No viable dags retrieved from /opt/airflow/dags/gold_training_pipeline.py
[2024-08-16T08:05:48.127+0000] {processor.py:183} INFO - Processing /opt/airflow/dags/gold_training_pipeline.py took 0.176 seconds
[2024-08-16T08:06:18.492+0000] {processor.py:161} INFO - Started process (PID=2141) to work on /opt/airflow/dags/gold_training_pipeline.py
[2024-08-16T08:06:18.493+0000] {processor.py:830} INFO - Processing file /opt/airflow/dags/gold_training_pipeline.py for tasks to queue
[2024-08-16T08:06:18.495+0000] {logging_mixin.py:188} INFO - [2024-08-16T08:06:18.494+0000] {dagbag.py:540} INFO - Filling up the DagBag from /opt/airflow/dags/gold_training_pipeline.py
[2024-08-16T08:06:18.652+0000] {logging_mixin.py:188} INFO - [2024-08-16T08:06:18.645+0000] {dagbag.py:350} ERROR - Failed to import: /opt/airflow/dags/gold_training_pipeline.py
Traceback (most recent call last):
  File "/home/airflow/.local/lib/python3.8/site-packages/airflow/models/dagbag.py", line 346, in parse
    loader.exec_module(new_module)
  File "<frozen importlib._bootstrap_external>", line 843, in exec_module
  File "<frozen importlib._bootstrap>", line 219, in _call_with_frames_removed
  File "/opt/airflow/dags/gold_training_pipeline.py", line 6, in <module>
    from components.model_training.data_scraping import scrape_data
ModuleNotFoundError: No module named 'components.model_training'
[2024-08-16T08:06:18.654+0000] {processor.py:842} WARNING - No viable dags retrieved from /opt/airflow/dags/gold_training_pipeline.py
[2024-08-16T08:06:18.666+0000] {processor.py:183} INFO - Processing /opt/airflow/dags/gold_training_pipeline.py took 0.177 seconds
[2024-08-16T08:06:49.022+0000] {processor.py:161} INFO - Started process (PID=2190) to work on /opt/airflow/dags/gold_training_pipeline.py
[2024-08-16T08:06:49.023+0000] {processor.py:830} INFO - Processing file /opt/airflow/dags/gold_training_pipeline.py for tasks to queue
[2024-08-16T08:06:49.024+0000] {logging_mixin.py:188} INFO - [2024-08-16T08:06:49.024+0000] {dagbag.py:540} INFO - Filling up the DagBag from /opt/airflow/dags/gold_training_pipeline.py
[2024-08-16T08:06:49.461+0000] {logging_mixin.py:188} INFO - [2024-08-16T08:06:49.362+0000] {dagbag.py:350} ERROR - Failed to import: /opt/airflow/dags/gold_training_pipeline.py
Traceback (most recent call last):
  File "/home/airflow/.local/lib/python3.8/site-packages/airflow/models/dagbag.py", line 346, in parse
    loader.exec_module(new_module)
  File "<frozen importlib._bootstrap_external>", line 843, in exec_module
  File "<frozen importlib._bootstrap>", line 219, in _call_with_frames_removed
  File "/opt/airflow/dags/gold_training_pipeline.py", line 6, in <module>
    from components.model_training.data_scraping import scrape_data
ModuleNotFoundError: No module named 'components.model_training'
[2024-08-16T08:06:49.490+0000] {processor.py:842} WARNING - No viable dags retrieved from /opt/airflow/dags/gold_training_pipeline.py
[2024-08-16T08:06:49.505+0000] {processor.py:183} INFO - Processing /opt/airflow/dags/gold_training_pipeline.py took 0.486 seconds
[2024-08-16T09:21:46.092+0000] {processor.py:161} INFO - Started process (PID=226) to work on /opt/airflow/dags/gold_training_pipeline.py
[2024-08-16T09:21:46.093+0000] {processor.py:830} INFO - Processing file /opt/airflow/dags/gold_training_pipeline.py for tasks to queue
[2024-08-16T09:21:46.094+0000] {logging_mixin.py:188} INFO - [2024-08-16T09:21:46.094+0000] {dagbag.py:540} INFO - Filling up the DagBag from /opt/airflow/dags/gold_training_pipeline.py
[2024-08-16T09:21:47.120+0000] {processor.py:840} INFO - DAG(s) 'gold_training_pipeline' retrieved from /opt/airflow/dags/gold_training_pipeline.py
[2024-08-16T09:21:47.416+0000] {logging_mixin.py:188} INFO - [2024-08-16T09:21:47.415+0000] {override.py:1769} INFO - Created Permission View: can read on DAG:gold_training_pipeline
[2024-08-16T09:21:47.423+0000] {logging_mixin.py:188} INFO - [2024-08-16T09:21:47.423+0000] {override.py:1769} INFO - Created Permission View: can edit on DAG:gold_training_pipeline
[2024-08-16T09:21:47.429+0000] {logging_mixin.py:188} INFO - [2024-08-16T09:21:47.429+0000] {override.py:1769} INFO - Created Permission View: can delete on DAG:gold_training_pipeline
[2024-08-16T09:21:47.430+0000] {logging_mixin.py:188} INFO - [2024-08-16T09:21:47.429+0000] {dag.py:3047} INFO - Sync 1 DAGs
[2024-08-16T09:21:47.436+0000] {logging_mixin.py:188} INFO - [2024-08-16T09:21:47.436+0000] {dag.py:3069} INFO - Creating ORM DAG for gold_training_pipeline
[2024-08-16T09:21:47.443+0000] {logging_mixin.py:188} INFO - [2024-08-16T09:21:47.443+0000] {dag.py:3834} INFO - Setting next_dagrun for gold_training_pipeline to 2024-08-16 00:00:00+00:00, run_after=2024-08-17 00:00:00+00:00
[2024-08-16T09:21:47.461+0000] {processor.py:183} INFO - Processing /opt/airflow/dags/gold_training_pipeline.py took 1.372 seconds
[2024-08-16T09:22:17.572+0000] {processor.py:161} INFO - Started process (PID=255) to work on /opt/airflow/dags/gold_training_pipeline.py
[2024-08-16T09:22:17.574+0000] {processor.py:830} INFO - Processing file /opt/airflow/dags/gold_training_pipeline.py for tasks to queue
[2024-08-16T09:22:17.575+0000] {logging_mixin.py:188} INFO - [2024-08-16T09:22:17.574+0000] {dagbag.py:540} INFO - Filling up the DagBag from /opt/airflow/dags/gold_training_pipeline.py
[2024-08-16T09:22:18.041+0000] {processor.py:840} INFO - DAG(s) 'gold_training_pipeline' retrieved from /opt/airflow/dags/gold_training_pipeline.py
[2024-08-16T09:22:18.099+0000] {logging_mixin.py:188} INFO - [2024-08-16T09:22:18.099+0000] {dag.py:3047} INFO - Sync 1 DAGs
[2024-08-16T09:22:18.115+0000] {logging_mixin.py:188} INFO - [2024-08-16T09:22:18.115+0000] {dag.py:3834} INFO - Setting next_dagrun for gold_training_pipeline to 2024-08-16 00:00:00+00:00, run_after=2024-08-17 00:00:00+00:00
[2024-08-16T09:22:18.133+0000] {processor.py:183} INFO - Processing /opt/airflow/dags/gold_training_pipeline.py took 0.562 seconds
[2024-08-16T09:22:48.360+0000] {processor.py:161} INFO - Started process (PID=284) to work on /opt/airflow/dags/gold_training_pipeline.py
[2024-08-16T09:22:48.361+0000] {processor.py:830} INFO - Processing file /opt/airflow/dags/gold_training_pipeline.py for tasks to queue
[2024-08-16T09:22:48.362+0000] {logging_mixin.py:188} INFO - [2024-08-16T09:22:48.362+0000] {dagbag.py:540} INFO - Filling up the DagBag from /opt/airflow/dags/gold_training_pipeline.py
[2024-08-16T09:22:48.763+0000] {processor.py:840} INFO - DAG(s) 'gold_training_pipeline' retrieved from /opt/airflow/dags/gold_training_pipeline.py
[2024-08-16T09:22:48.799+0000] {logging_mixin.py:188} INFO - [2024-08-16T09:22:48.799+0000] {dag.py:3047} INFO - Sync 1 DAGs
[2024-08-16T09:22:48.815+0000] {logging_mixin.py:188} INFO - [2024-08-16T09:22:48.815+0000] {dag.py:3834} INFO - Setting next_dagrun for gold_training_pipeline to 2024-08-16 00:00:00+00:00, run_after=2024-08-17 00:00:00+00:00
[2024-08-16T09:22:48.992+0000] {processor.py:183} INFO - Processing /opt/airflow/dags/gold_training_pipeline.py took 0.634 seconds
[2024-08-16T09:23:19.257+0000] {processor.py:161} INFO - Started process (PID=313) to work on /opt/airflow/dags/gold_training_pipeline.py
[2024-08-16T09:23:19.258+0000] {processor.py:830} INFO - Processing file /opt/airflow/dags/gold_training_pipeline.py for tasks to queue
[2024-08-16T09:23:19.259+0000] {logging_mixin.py:188} INFO - [2024-08-16T09:23:19.258+0000] {dagbag.py:540} INFO - Filling up the DagBag from /opt/airflow/dags/gold_training_pipeline.py
[2024-08-16T09:23:19.890+0000] {processor.py:840} INFO - DAG(s) 'gold_training_pipeline' retrieved from /opt/airflow/dags/gold_training_pipeline.py
[2024-08-16T09:23:19.946+0000] {logging_mixin.py:188} INFO - [2024-08-16T09:23:19.945+0000] {dag.py:3047} INFO - Sync 1 DAGs
[2024-08-16T09:23:19.965+0000] {logging_mixin.py:188} INFO - [2024-08-16T09:23:19.965+0000] {dag.py:3834} INFO - Setting next_dagrun for gold_training_pipeline to 2024-08-16 00:00:00+00:00, run_after=2024-08-17 00:00:00+00:00
[2024-08-16T09:23:19.984+0000] {processor.py:183} INFO - Processing /opt/airflow/dags/gold_training_pipeline.py took 0.729 seconds
[2024-08-16T09:23:50.263+0000] {processor.py:161} INFO - Started process (PID=342) to work on /opt/airflow/dags/gold_training_pipeline.py
[2024-08-16T09:23:50.264+0000] {processor.py:830} INFO - Processing file /opt/airflow/dags/gold_training_pipeline.py for tasks to queue
[2024-08-16T09:23:50.265+0000] {logging_mixin.py:188} INFO - [2024-08-16T09:23:50.265+0000] {dagbag.py:540} INFO - Filling up the DagBag from /opt/airflow/dags/gold_training_pipeline.py
[2024-08-16T09:23:50.700+0000] {processor.py:840} INFO - DAG(s) 'gold_training_pipeline' retrieved from /opt/airflow/dags/gold_training_pipeline.py
[2024-08-16T09:23:50.729+0000] {logging_mixin.py:188} INFO - [2024-08-16T09:23:50.728+0000] {dag.py:3047} INFO - Sync 1 DAGs
[2024-08-16T09:23:50.743+0000] {logging_mixin.py:188} INFO - [2024-08-16T09:23:50.742+0000] {dag.py:3834} INFO - Setting next_dagrun for gold_training_pipeline to 2024-08-16 00:00:00+00:00, run_after=2024-08-17 00:00:00+00:00
[2024-08-16T09:23:50.758+0000] {processor.py:183} INFO - Processing /opt/airflow/dags/gold_training_pipeline.py took 0.497 seconds
[2024-08-16T09:24:20.993+0000] {processor.py:161} INFO - Started process (PID=391) to work on /opt/airflow/dags/gold_training_pipeline.py
[2024-08-16T09:24:20.994+0000] {processor.py:830} INFO - Processing file /opt/airflow/dags/gold_training_pipeline.py for tasks to queue
[2024-08-16T09:24:20.995+0000] {logging_mixin.py:188} INFO - [2024-08-16T09:24:20.995+0000] {dagbag.py:540} INFO - Filling up the DagBag from /opt/airflow/dags/gold_training_pipeline.py
[2024-08-16T09:24:21.377+0000] {processor.py:840} INFO - DAG(s) 'gold_training_pipeline' retrieved from /opt/airflow/dags/gold_training_pipeline.py
[2024-08-16T09:24:21.417+0000] {logging_mixin.py:188} INFO - [2024-08-16T09:24:21.417+0000] {dag.py:3047} INFO - Sync 1 DAGs
[2024-08-16T09:24:21.523+0000] {logging_mixin.py:188} INFO - [2024-08-16T09:24:21.523+0000] {dag.py:3834} INFO - Setting next_dagrun for gold_training_pipeline to 2024-08-16 00:00:00+00:00, run_after=2024-08-17 00:00:00+00:00
[2024-08-16T09:24:21.540+0000] {processor.py:183} INFO - Processing /opt/airflow/dags/gold_training_pipeline.py took 0.549 seconds
[2024-08-16T09:24:52.172+0000] {processor.py:161} INFO - Started process (PID=420) to work on /opt/airflow/dags/gold_training_pipeline.py
[2024-08-16T09:24:52.173+0000] {processor.py:830} INFO - Processing file /opt/airflow/dags/gold_training_pipeline.py for tasks to queue
[2024-08-16T09:24:52.174+0000] {logging_mixin.py:188} INFO - [2024-08-16T09:24:52.174+0000] {dagbag.py:540} INFO - Filling up the DagBag from /opt/airflow/dags/gold_training_pipeline.py
[2024-08-16T09:24:52.733+0000] {processor.py:840} INFO - DAG(s) 'gold_training_pipeline' retrieved from /opt/airflow/dags/gold_training_pipeline.py
[2024-08-16T09:24:52.849+0000] {logging_mixin.py:188} INFO - [2024-08-16T09:24:52.848+0000] {dag.py:3047} INFO - Sync 1 DAGs
[2024-08-16T09:24:52.863+0000] {logging_mixin.py:188} INFO - [2024-08-16T09:24:52.863+0000] {dag.py:3834} INFO - Setting next_dagrun for gold_training_pipeline to 2024-08-16 00:00:00+00:00, run_after=2024-08-17 00:00:00+00:00
[2024-08-16T09:24:52.880+0000] {processor.py:183} INFO - Processing /opt/airflow/dags/gold_training_pipeline.py took 0.710 seconds
[2024-08-16T09:25:23.051+0000] {processor.py:161} INFO - Started process (PID=449) to work on /opt/airflow/dags/gold_training_pipeline.py
[2024-08-16T09:25:23.052+0000] {processor.py:830} INFO - Processing file /opt/airflow/dags/gold_training_pipeline.py for tasks to queue
[2024-08-16T09:25:23.053+0000] {logging_mixin.py:188} INFO - [2024-08-16T09:25:23.052+0000] {dagbag.py:540} INFO - Filling up the DagBag from /opt/airflow/dags/gold_training_pipeline.py
[2024-08-16T09:25:23.376+0000] {processor.py:840} INFO - DAG(s) 'gold_training_pipeline' retrieved from /opt/airflow/dags/gold_training_pipeline.py
[2024-08-16T09:25:23.423+0000] {logging_mixin.py:188} INFO - [2024-08-16T09:25:23.423+0000] {dag.py:3047} INFO - Sync 1 DAGs
[2024-08-16T09:25:23.442+0000] {logging_mixin.py:188} INFO - [2024-08-16T09:25:23.442+0000] {dag.py:3834} INFO - Setting next_dagrun for gold_training_pipeline to 2024-08-16 00:00:00+00:00, run_after=2024-08-17 00:00:00+00:00
[2024-08-16T09:25:23.459+0000] {processor.py:183} INFO - Processing /opt/airflow/dags/gold_training_pipeline.py took 0.410 seconds
[2024-08-16T09:25:53.699+0000] {processor.py:161} INFO - Started process (PID=478) to work on /opt/airflow/dags/gold_training_pipeline.py
[2024-08-16T09:25:53.700+0000] {processor.py:830} INFO - Processing file /opt/airflow/dags/gold_training_pipeline.py for tasks to queue
[2024-08-16T09:25:53.701+0000] {logging_mixin.py:188} INFO - [2024-08-16T09:25:53.700+0000] {dagbag.py:540} INFO - Filling up the DagBag from /opt/airflow/dags/gold_training_pipeline.py
[2024-08-16T09:25:54.155+0000] {processor.py:840} INFO - DAG(s) 'gold_training_pipeline' retrieved from /opt/airflow/dags/gold_training_pipeline.py
[2024-08-16T09:25:54.208+0000] {logging_mixin.py:188} INFO - [2024-08-16T09:25:54.207+0000] {dag.py:3047} INFO - Sync 1 DAGs
[2024-08-16T09:25:54.223+0000] {logging_mixin.py:188} INFO - [2024-08-16T09:25:54.223+0000] {dag.py:3834} INFO - Setting next_dagrun for gold_training_pipeline to 2024-08-16 00:00:00+00:00, run_after=2024-08-17 00:00:00+00:00
[2024-08-16T09:25:54.245+0000] {processor.py:183} INFO - Processing /opt/airflow/dags/gold_training_pipeline.py took 0.548 seconds
[2024-08-16T09:26:24.843+0000] {processor.py:161} INFO - Started process (PID=508) to work on /opt/airflow/dags/gold_training_pipeline.py
[2024-08-16T09:26:24.844+0000] {processor.py:830} INFO - Processing file /opt/airflow/dags/gold_training_pipeline.py for tasks to queue
[2024-08-16T09:26:24.845+0000] {logging_mixin.py:188} INFO - [2024-08-16T09:26:24.845+0000] {dagbag.py:540} INFO - Filling up the DagBag from /opt/airflow/dags/gold_training_pipeline.py
[2024-08-16T09:26:25.374+0000] {processor.py:840} INFO - DAG(s) 'gold_training_pipeline' retrieved from /opt/airflow/dags/gold_training_pipeline.py
[2024-08-16T09:26:25.447+0000] {logging_mixin.py:188} INFO - [2024-08-16T09:26:25.446+0000] {dag.py:3047} INFO - Sync 1 DAGs
[2024-08-16T09:26:25.462+0000] {logging_mixin.py:188} INFO - [2024-08-16T09:26:25.461+0000] {dag.py:3834} INFO - Setting next_dagrun for gold_training_pipeline to 2024-08-16 00:00:00+00:00, run_after=2024-08-17 00:00:00+00:00
[2024-08-16T09:26:25.479+0000] {processor.py:183} INFO - Processing /opt/airflow/dags/gold_training_pipeline.py took 0.638 seconds
[2024-08-16T09:26:55.854+0000] {processor.py:161} INFO - Started process (PID=537) to work on /opt/airflow/dags/gold_training_pipeline.py
[2024-08-16T09:26:55.855+0000] {processor.py:830} INFO - Processing file /opt/airflow/dags/gold_training_pipeline.py for tasks to queue
[2024-08-16T09:26:55.856+0000] {logging_mixin.py:188} INFO - [2024-08-16T09:26:55.856+0000] {dagbag.py:540} INFO - Filling up the DagBag from /opt/airflow/dags/gold_training_pipeline.py
[2024-08-16T09:26:56.307+0000] {processor.py:840} INFO - DAG(s) 'gold_training_pipeline' retrieved from /opt/airflow/dags/gold_training_pipeline.py
[2024-08-16T09:26:56.376+0000] {logging_mixin.py:188} INFO - [2024-08-16T09:26:56.375+0000] {dag.py:3047} INFO - Sync 1 DAGs
[2024-08-16T09:26:56.480+0000] {logging_mixin.py:188} INFO - [2024-08-16T09:26:56.480+0000] {dag.py:3834} INFO - Setting next_dagrun for gold_training_pipeline to 2024-08-16 00:00:00+00:00, run_after=2024-08-17 00:00:00+00:00
[2024-08-16T09:26:56.501+0000] {processor.py:183} INFO - Processing /opt/airflow/dags/gold_training_pipeline.py took 0.650 seconds
[2024-08-16T09:27:26.831+0000] {processor.py:161} INFO - Started process (PID=586) to work on /opt/airflow/dags/gold_training_pipeline.py
[2024-08-16T09:27:26.832+0000] {processor.py:830} INFO - Processing file /opt/airflow/dags/gold_training_pipeline.py for tasks to queue
[2024-08-16T09:27:26.833+0000] {logging_mixin.py:188} INFO - [2024-08-16T09:27:26.833+0000] {dagbag.py:540} INFO - Filling up the DagBag from /opt/airflow/dags/gold_training_pipeline.py
[2024-08-16T09:27:27.312+0000] {processor.py:840} INFO - DAG(s) 'gold_training_pipeline' retrieved from /opt/airflow/dags/gold_training_pipeline.py
[2024-08-16T09:27:27.355+0000] {logging_mixin.py:188} INFO - [2024-08-16T09:27:27.355+0000] {dag.py:3047} INFO - Sync 1 DAGs
[2024-08-16T09:27:27.371+0000] {logging_mixin.py:188} INFO - [2024-08-16T09:27:27.371+0000] {dag.py:3834} INFO - Setting next_dagrun for gold_training_pipeline to 2024-08-16 00:00:00+00:00, run_after=2024-08-17 00:00:00+00:00
[2024-08-16T09:27:27.389+0000] {processor.py:183} INFO - Processing /opt/airflow/dags/gold_training_pipeline.py took 0.561 seconds
[2024-08-16T09:27:58.462+0000] {processor.py:161} INFO - Started process (PID=635) to work on /opt/airflow/dags/gold_training_pipeline.py
[2024-08-16T09:27:58.463+0000] {processor.py:830} INFO - Processing file /opt/airflow/dags/gold_training_pipeline.py for tasks to queue
[2024-08-16T09:27:58.464+0000] {logging_mixin.py:188} INFO - [2024-08-16T09:27:58.464+0000] {dagbag.py:540} INFO - Filling up the DagBag from /opt/airflow/dags/gold_training_pipeline.py
[2024-08-16T09:27:58.930+0000] {processor.py:840} INFO - DAG(s) 'gold_training_pipeline' retrieved from /opt/airflow/dags/gold_training_pipeline.py
[2024-08-16T09:27:58.983+0000] {logging_mixin.py:188} INFO - [2024-08-16T09:27:58.983+0000] {dag.py:3047} INFO - Sync 1 DAGs
[2024-08-16T09:27:58.999+0000] {logging_mixin.py:188} INFO - [2024-08-16T09:27:58.999+0000] {dag.py:3834} INFO - Setting next_dagrun for gold_training_pipeline to 2024-08-16 00:00:00+00:00, run_after=2024-08-17 00:00:00+00:00
[2024-08-16T09:27:59.020+0000] {processor.py:183} INFO - Processing /opt/airflow/dags/gold_training_pipeline.py took 0.559 seconds
[2024-08-16T10:52:47.560+0000] {processor.py:161} INFO - Started process (PID=260) to work on /opt/airflow/dags/gold_training_pipeline.py
[2024-08-16T10:52:47.562+0000] {processor.py:830} INFO - Processing file /opt/airflow/dags/gold_training_pipeline.py for tasks to queue
[2024-08-16T10:52:47.563+0000] {logging_mixin.py:188} INFO - [2024-08-16T10:52:47.563+0000] {dagbag.py:540} INFO - Filling up the DagBag from /opt/airflow/dags/gold_training_pipeline.py
[2024-08-16T10:52:48.710+0000] {processor.py:840} INFO - DAG(s) 'gold_training_pipeline' retrieved from /opt/airflow/dags/gold_training_pipeline.py
[2024-08-16T10:52:57.775+0000] {logging_mixin.py:188} INFO - [2024-08-16T10:52:57.774+0000] {dag.py:3047} INFO - Sync 1 DAGs
[2024-08-16T10:52:57.915+0000] {logging_mixin.py:188} INFO - [2024-08-16T10:52:57.915+0000] {dag.py:3834} INFO - Setting next_dagrun for gold_training_pipeline to 2024-08-16 00:00:00+00:00, run_after=2024-08-17 00:00:00+00:00
[2024-08-16T10:52:57.973+0000] {processor.py:183} INFO - Processing /opt/airflow/dags/gold_training_pipeline.py took 10.418 seconds
[2024-08-16T10:53:28.198+0000] {processor.py:161} INFO - Started process (PID=305) to work on /opt/airflow/dags/gold_training_pipeline.py
[2024-08-16T10:53:28.199+0000] {processor.py:830} INFO - Processing file /opt/airflow/dags/gold_training_pipeline.py for tasks to queue
[2024-08-16T10:53:28.200+0000] {logging_mixin.py:188} INFO - [2024-08-16T10:53:28.200+0000] {dagbag.py:540} INFO - Filling up the DagBag from /opt/airflow/dags/gold_training_pipeline.py
[2024-08-16T10:53:28.722+0000] {processor.py:840} INFO - DAG(s) 'gold_training_pipeline' retrieved from /opt/airflow/dags/gold_training_pipeline.py
[2024-08-16T10:53:28.791+0000] {logging_mixin.py:188} INFO - [2024-08-16T10:53:28.791+0000] {dag.py:3047} INFO - Sync 1 DAGs
[2024-08-16T10:53:28.813+0000] {logging_mixin.py:188} INFO - [2024-08-16T10:53:28.813+0000] {dag.py:3834} INFO - Setting next_dagrun for gold_training_pipeline to 2024-08-16 00:00:00+00:00, run_after=2024-08-17 00:00:00+00:00
[2024-08-16T10:53:28.830+0000] {processor.py:183} INFO - Processing /opt/airflow/dags/gold_training_pipeline.py took 0.635 seconds
[2024-08-16T10:53:59.550+0000] {processor.py:161} INFO - Started process (PID=352) to work on /opt/airflow/dags/gold_training_pipeline.py
[2024-08-16T10:53:59.553+0000] {processor.py:830} INFO - Processing file /opt/airflow/dags/gold_training_pipeline.py for tasks to queue
[2024-08-16T10:53:59.556+0000] {logging_mixin.py:188} INFO - [2024-08-16T10:53:59.555+0000] {dagbag.py:540} INFO - Filling up the DagBag from /opt/airflow/dags/gold_training_pipeline.py
[2024-08-16T10:54:01.020+0000] {processor.py:840} INFO - DAG(s) 'gold_training_pipeline' retrieved from /opt/airflow/dags/gold_training_pipeline.py
[2024-08-16T10:54:01.107+0000] {logging_mixin.py:188} INFO - [2024-08-16T10:54:01.106+0000] {dag.py:3047} INFO - Sync 1 DAGs
[2024-08-16T10:54:01.134+0000] {logging_mixin.py:188} INFO - [2024-08-16T10:54:01.134+0000] {dag.py:3834} INFO - Setting next_dagrun for gold_training_pipeline to 2024-08-16 00:00:00+00:00, run_after=2024-08-17 00:00:00+00:00
[2024-08-16T10:54:01.219+0000] {processor.py:183} INFO - Processing /opt/airflow/dags/gold_training_pipeline.py took 1.677 seconds
[2024-08-16T10:54:31.713+0000] {processor.py:161} INFO - Started process (PID=416) to work on /opt/airflow/dags/gold_training_pipeline.py
[2024-08-16T10:54:31.714+0000] {processor.py:830} INFO - Processing file /opt/airflow/dags/gold_training_pipeline.py for tasks to queue
[2024-08-16T10:54:31.717+0000] {logging_mixin.py:188} INFO - [2024-08-16T10:54:31.715+0000] {dagbag.py:540} INFO - Filling up the DagBag from /opt/airflow/dags/gold_training_pipeline.py
[2024-08-16T10:54:32.533+0000] {processor.py:840} INFO - DAG(s) 'gold_training_pipeline' retrieved from /opt/airflow/dags/gold_training_pipeline.py
[2024-08-16T10:54:32.615+0000] {logging_mixin.py:188} INFO - [2024-08-16T10:54:32.615+0000] {dag.py:3047} INFO - Sync 1 DAGs
[2024-08-16T10:54:32.628+0000] {logging_mixin.py:188} INFO - [2024-08-16T10:54:32.628+0000] {dag.py:3834} INFO - Setting next_dagrun for gold_training_pipeline to 2024-08-16 00:00:00+00:00, run_after=2024-08-17 00:00:00+00:00
[2024-08-16T10:54:32.651+0000] {processor.py:183} INFO - Processing /opt/airflow/dags/gold_training_pipeline.py took 0.942 seconds
[2024-08-16T10:55:03.076+0000] {processor.py:161} INFO - Started process (PID=482) to work on /opt/airflow/dags/gold_training_pipeline.py
[2024-08-16T10:55:03.078+0000] {processor.py:830} INFO - Processing file /opt/airflow/dags/gold_training_pipeline.py for tasks to queue
[2024-08-16T10:55:03.079+0000] {logging_mixin.py:188} INFO - [2024-08-16T10:55:03.079+0000] {dagbag.py:540} INFO - Filling up the DagBag from /opt/airflow/dags/gold_training_pipeline.py
[2024-08-16T10:55:03.741+0000] {processor.py:840} INFO - DAG(s) 'gold_training_pipeline' retrieved from /opt/airflow/dags/gold_training_pipeline.py
[2024-08-16T10:55:03.844+0000] {logging_mixin.py:188} INFO - [2024-08-16T10:55:03.843+0000] {dag.py:3047} INFO - Sync 1 DAGs
[2024-08-16T10:55:03.859+0000] {logging_mixin.py:188} INFO - [2024-08-16T10:55:03.859+0000] {dag.py:3834} INFO - Setting next_dagrun for gold_training_pipeline to 2024-08-16 00:00:00+00:00, run_after=2024-08-17 00:00:00+00:00
[2024-08-16T10:55:03.873+0000] {processor.py:183} INFO - Processing /opt/airflow/dags/gold_training_pipeline.py took 0.799 seconds
[2024-08-16T10:55:34.201+0000] {processor.py:161} INFO - Started process (PID=527) to work on /opt/airflow/dags/gold_training_pipeline.py
[2024-08-16T10:55:34.204+0000] {processor.py:830} INFO - Processing file /opt/airflow/dags/gold_training_pipeline.py for tasks to queue
[2024-08-16T10:55:34.205+0000] {logging_mixin.py:188} INFO - [2024-08-16T10:55:34.205+0000] {dagbag.py:540} INFO - Filling up the DagBag from /opt/airflow/dags/gold_training_pipeline.py
[2024-08-16T10:55:34.872+0000] {processor.py:840} INFO - DAG(s) 'gold_training_pipeline' retrieved from /opt/airflow/dags/gold_training_pipeline.py
[2024-08-16T10:55:34.942+0000] {logging_mixin.py:188} INFO - [2024-08-16T10:55:34.942+0000] {dag.py:3047} INFO - Sync 1 DAGs
[2024-08-16T10:55:35.071+0000] {logging_mixin.py:188} INFO - [2024-08-16T10:55:35.071+0000] {dag.py:3834} INFO - Setting next_dagrun for gold_training_pipeline to 2024-08-16 00:00:00+00:00, run_after=2024-08-17 00:00:00+00:00
[2024-08-16T10:55:35.135+0000] {processor.py:183} INFO - Processing /opt/airflow/dags/gold_training_pipeline.py took 0.937 seconds
[2024-08-16T10:56:05.328+0000] {processor.py:161} INFO - Started process (PID=593) to work on /opt/airflow/dags/gold_training_pipeline.py
[2024-08-16T10:56:05.392+0000] {processor.py:830} INFO - Processing file /opt/airflow/dags/gold_training_pipeline.py for tasks to queue
[2024-08-16T10:56:05.393+0000] {logging_mixin.py:188} INFO - [2024-08-16T10:56:05.392+0000] {dagbag.py:540} INFO - Filling up the DagBag from /opt/airflow/dags/gold_training_pipeline.py
[2024-08-16T10:56:05.997+0000] {processor.py:840} INFO - DAG(s) 'gold_training_pipeline' retrieved from /opt/airflow/dags/gold_training_pipeline.py
[2024-08-16T10:56:06.160+0000] {logging_mixin.py:188} INFO - [2024-08-16T10:56:06.160+0000] {dag.py:3047} INFO - Sync 1 DAGs
[2024-08-16T10:56:06.175+0000] {logging_mixin.py:188} INFO - [2024-08-16T10:56:06.175+0000] {dag.py:3834} INFO - Setting next_dagrun for gold_training_pipeline to 2024-08-16 00:00:00+00:00, run_after=2024-08-17 00:00:00+00:00
[2024-08-16T10:56:06.312+0000] {processor.py:183} INFO - Processing /opt/airflow/dags/gold_training_pipeline.py took 0.986 seconds
[2024-08-16T10:56:36.999+0000] {processor.py:161} INFO - Started process (PID=638) to work on /opt/airflow/dags/gold_training_pipeline.py
[2024-08-16T10:56:37.000+0000] {processor.py:830} INFO - Processing file /opt/airflow/dags/gold_training_pipeline.py for tasks to queue
[2024-08-16T10:56:37.001+0000] {logging_mixin.py:188} INFO - [2024-08-16T10:56:37.001+0000] {dagbag.py:540} INFO - Filling up the DagBag from /opt/airflow/dags/gold_training_pipeline.py
[2024-08-16T10:56:38.028+0000] {processor.py:840} INFO - DAG(s) 'gold_training_pipeline' retrieved from /opt/airflow/dags/gold_training_pipeline.py
[2024-08-16T10:56:38.243+0000] {logging_mixin.py:188} INFO - [2024-08-16T10:56:38.243+0000] {dag.py:3047} INFO - Sync 1 DAGs
[2024-08-16T10:56:38.259+0000] {logging_mixin.py:188} INFO - [2024-08-16T10:56:38.259+0000] {dag.py:3834} INFO - Setting next_dagrun for gold_training_pipeline to 2024-08-16 00:00:00+00:00, run_after=2024-08-17 00:00:00+00:00
[2024-08-16T10:56:38.278+0000] {processor.py:183} INFO - Processing /opt/airflow/dags/gold_training_pipeline.py took 1.282 seconds
[2024-08-16T10:57:12.290+0000] {processor.py:161} INFO - Started process (PID=687) to work on /opt/airflow/dags/gold_training_pipeline.py
[2024-08-16T10:57:12.581+0000] {processor.py:830} INFO - Processing file /opt/airflow/dags/gold_training_pipeline.py for tasks to queue
[2024-08-16T10:57:12.583+0000] {logging_mixin.py:188} INFO - [2024-08-16T10:57:12.582+0000] {dagbag.py:540} INFO - Filling up the DagBag from /opt/airflow/dags/gold_training_pipeline.py
[2024-08-16T10:57:15.312+0000] {processor.py:840} INFO - DAG(s) 'gold_training_pipeline' retrieved from /opt/airflow/dags/gold_training_pipeline.py
[2024-08-16T10:57:15.382+0000] {logging_mixin.py:188} INFO - [2024-08-16T10:57:15.382+0000] {dag.py:3047} INFO - Sync 1 DAGs
[2024-08-16T10:57:15.403+0000] {logging_mixin.py:188} INFO - [2024-08-16T10:57:15.403+0000] {dag.py:3834} INFO - Setting next_dagrun for gold_training_pipeline to 2024-08-16 00:00:00+00:00, run_after=2024-08-17 00:00:00+00:00
[2024-08-16T10:57:15.424+0000] {processor.py:183} INFO - Processing /opt/airflow/dags/gold_training_pipeline.py took 4.099 seconds
[2024-08-16T10:57:49.107+0000] {processor.py:161} INFO - Started process (PID=742) to work on /opt/airflow/dags/gold_training_pipeline.py
[2024-08-16T10:57:49.194+0000] {processor.py:830} INFO - Processing file /opt/airflow/dags/gold_training_pipeline.py for tasks to queue
[2024-08-16T10:57:49.195+0000] {logging_mixin.py:188} INFO - [2024-08-16T10:57:49.195+0000] {dagbag.py:540} INFO - Filling up the DagBag from /opt/airflow/dags/gold_training_pipeline.py
[2024-08-16T10:57:52.094+0000] {processor.py:840} INFO - DAG(s) 'gold_training_pipeline' retrieved from /opt/airflow/dags/gold_training_pipeline.py
[2024-08-16T10:57:52.161+0000] {logging_mixin.py:188} INFO - [2024-08-16T10:57:52.160+0000] {dag.py:3047} INFO - Sync 1 DAGs
[2024-08-16T10:57:52.178+0000] {logging_mixin.py:188} INFO - [2024-08-16T10:57:52.178+0000] {dag.py:3834} INFO - Setting next_dagrun for gold_training_pipeline to 2024-08-16 00:00:00+00:00, run_after=2024-08-17 00:00:00+00:00
[2024-08-16T10:57:52.194+0000] {processor.py:183} INFO - Processing /opt/airflow/dags/gold_training_pipeline.py took 3.090 seconds
