[2024-08-16T09:21:45.924+0000] {processor.py:161} INFO - Started process (PID=221) to work on /opt/airflow/dags/vehicle_data_scraping_pipeline.py
[2024-08-16T09:21:45.925+0000] {processor.py:830} INFO - Processing file /opt/airflow/dags/vehicle_data_scraping_pipeline.py for tasks to queue
[2024-08-16T09:21:45.926+0000] {logging_mixin.py:188} INFO - [2024-08-16T09:21:45.926+0000] {dagbag.py:540} INFO - Filling up the DagBag from /opt/airflow/dags/vehicle_data_scraping_pipeline.py
[2024-08-16T09:21:47.269+0000] {processor.py:840} INFO - DAG(s) 'data_scrape_pipeline' retrieved from /opt/airflow/dags/vehicle_data_scraping_pipeline.py
[2024-08-16T09:21:47.426+0000] {logging_mixin.py:188} INFO - [2024-08-16T09:21:47.425+0000] {dag.py:3047} INFO - Sync 1 DAGs
[2024-08-16T09:21:47.440+0000] {logging_mixin.py:188} INFO - [2024-08-16T09:21:47.440+0000] {dag.py:3834} INFO - Setting next_dagrun for data_scrape_pipeline to 2024-08-16 00:00:00+00:00, run_after=2024-08-17 00:00:00+00:00
[2024-08-16T09:21:47.459+0000] {processor.py:183} INFO - Processing /opt/airflow/dags/vehicle_data_scraping_pipeline.py took 1.537 seconds
[2024-08-16T09:22:17.563+0000] {processor.py:161} INFO - Started process (PID=252) to work on /opt/airflow/dags/vehicle_data_scraping_pipeline.py
[2024-08-16T09:22:17.564+0000] {processor.py:830} INFO - Processing file /opt/airflow/dags/vehicle_data_scraping_pipeline.py for tasks to queue
[2024-08-16T09:22:17.565+0000] {logging_mixin.py:188} INFO - [2024-08-16T09:22:17.565+0000] {dagbag.py:540} INFO - Filling up the DagBag from /opt/airflow/dags/vehicle_data_scraping_pipeline.py
[2024-08-16T09:22:18.062+0000] {processor.py:840} INFO - DAG(s) 'data_scrape_pipeline' retrieved from /opt/airflow/dags/vehicle_data_scraping_pipeline.py
[2024-08-16T09:22:18.134+0000] {logging_mixin.py:188} INFO - [2024-08-16T09:22:18.134+0000] {dag.py:3047} INFO - Sync 1 DAGs
[2024-08-16T09:22:18.151+0000] {logging_mixin.py:188} INFO - [2024-08-16T09:22:18.151+0000] {dag.py:3834} INFO - Setting next_dagrun for data_scrape_pipeline to 2024-08-16 00:00:00+00:00, run_after=2024-08-17 00:00:00+00:00
[2024-08-16T09:22:18.168+0000] {processor.py:183} INFO - Processing /opt/airflow/dags/vehicle_data_scraping_pipeline.py took 0.607 seconds
[2024-08-16T09:22:48.353+0000] {processor.py:161} INFO - Started process (PID=281) to work on /opt/airflow/dags/vehicle_data_scraping_pipeline.py
[2024-08-16T09:22:48.354+0000] {processor.py:830} INFO - Processing file /opt/airflow/dags/vehicle_data_scraping_pipeline.py for tasks to queue
[2024-08-16T09:22:48.355+0000] {logging_mixin.py:188} INFO - [2024-08-16T09:22:48.355+0000] {dagbag.py:540} INFO - Filling up the DagBag from /opt/airflow/dags/vehicle_data_scraping_pipeline.py
[2024-08-16T09:22:48.768+0000] {processor.py:840} INFO - DAG(s) 'data_scrape_pipeline' retrieved from /opt/airflow/dags/vehicle_data_scraping_pipeline.py
[2024-08-16T09:22:48.812+0000] {logging_mixin.py:188} INFO - [2024-08-16T09:22:48.812+0000] {dag.py:3047} INFO - Sync 1 DAGs
[2024-08-16T09:22:48.825+0000] {logging_mixin.py:188} INFO - [2024-08-16T09:22:48.825+0000] {dag.py:3834} INFO - Setting next_dagrun for data_scrape_pipeline to 2024-08-16 00:00:00+00:00, run_after=2024-08-17 00:00:00+00:00
[2024-08-16T09:22:48.992+0000] {processor.py:183} INFO - Processing /opt/airflow/dags/vehicle_data_scraping_pipeline.py took 0.641 seconds
[2024-08-16T09:23:19.251+0000] {processor.py:161} INFO - Started process (PID=310) to work on /opt/airflow/dags/vehicle_data_scraping_pipeline.py
[2024-08-16T09:23:19.252+0000] {processor.py:830} INFO - Processing file /opt/airflow/dags/vehicle_data_scraping_pipeline.py for tasks to queue
[2024-08-16T09:23:19.253+0000] {logging_mixin.py:188} INFO - [2024-08-16T09:23:19.253+0000] {dagbag.py:540} INFO - Filling up the DagBag from /opt/airflow/dags/vehicle_data_scraping_pipeline.py
[2024-08-16T09:23:19.913+0000] {processor.py:840} INFO - DAG(s) 'data_scrape_pipeline' retrieved from /opt/airflow/dags/vehicle_data_scraping_pipeline.py
[2024-08-16T09:23:19.984+0000] {logging_mixin.py:188} INFO - [2024-08-16T09:23:19.984+0000] {dag.py:3047} INFO - Sync 1 DAGs
[2024-08-16T09:23:19.999+0000] {logging_mixin.py:188} INFO - [2024-08-16T09:23:19.999+0000] {dag.py:3834} INFO - Setting next_dagrun for data_scrape_pipeline to 2024-08-16 00:00:00+00:00, run_after=2024-08-17 00:00:00+00:00
[2024-08-16T09:23:20.017+0000] {processor.py:183} INFO - Processing /opt/airflow/dags/vehicle_data_scraping_pipeline.py took 0.768 seconds
[2024-08-16T09:23:50.255+0000] {processor.py:161} INFO - Started process (PID=339) to work on /opt/airflow/dags/vehicle_data_scraping_pipeline.py
[2024-08-16T09:23:50.256+0000] {processor.py:830} INFO - Processing file /opt/airflow/dags/vehicle_data_scraping_pipeline.py for tasks to queue
[2024-08-16T09:23:50.257+0000] {logging_mixin.py:188} INFO - [2024-08-16T09:23:50.256+0000] {dagbag.py:540} INFO - Filling up the DagBag from /opt/airflow/dags/vehicle_data_scraping_pipeline.py
[2024-08-16T09:23:50.703+0000] {processor.py:840} INFO - DAG(s) 'data_scrape_pipeline' retrieved from /opt/airflow/dags/vehicle_data_scraping_pipeline.py
[2024-08-16T09:23:50.737+0000] {logging_mixin.py:188} INFO - [2024-08-16T09:23:50.737+0000] {dag.py:3047} INFO - Sync 1 DAGs
[2024-08-16T09:23:50.750+0000] {logging_mixin.py:188} INFO - [2024-08-16T09:23:50.750+0000] {dag.py:3834} INFO - Setting next_dagrun for data_scrape_pipeline to 2024-08-16 00:00:00+00:00, run_after=2024-08-17 00:00:00+00:00
[2024-08-16T09:23:50.763+0000] {processor.py:183} INFO - Processing /opt/airflow/dags/vehicle_data_scraping_pipeline.py took 0.510 seconds
[2024-08-16T09:24:20.986+0000] {processor.py:161} INFO - Started process (PID=388) to work on /opt/airflow/dags/vehicle_data_scraping_pipeline.py
[2024-08-16T09:24:20.987+0000] {processor.py:830} INFO - Processing file /opt/airflow/dags/vehicle_data_scraping_pipeline.py for tasks to queue
[2024-08-16T09:24:20.988+0000] {logging_mixin.py:188} INFO - [2024-08-16T09:24:20.988+0000] {dagbag.py:540} INFO - Filling up the DagBag from /opt/airflow/dags/vehicle_data_scraping_pipeline.py
[2024-08-16T09:24:21.379+0000] {processor.py:840} INFO - DAG(s) 'data_scrape_pipeline' retrieved from /opt/airflow/dags/vehicle_data_scraping_pipeline.py
[2024-08-16T09:24:21.422+0000] {logging_mixin.py:188} INFO - [2024-08-16T09:24:21.422+0000] {dag.py:3047} INFO - Sync 1 DAGs
[2024-08-16T09:24:21.523+0000] {logging_mixin.py:188} INFO - [2024-08-16T09:24:21.523+0000] {dag.py:3834} INFO - Setting next_dagrun for data_scrape_pipeline to 2024-08-16 00:00:00+00:00, run_after=2024-08-17 00:00:00+00:00
[2024-08-16T09:24:21.539+0000] {processor.py:183} INFO - Processing /opt/airflow/dags/vehicle_data_scraping_pipeline.py took 0.556 seconds
[2024-08-16T09:24:52.159+0000] {processor.py:161} INFO - Started process (PID=417) to work on /opt/airflow/dags/vehicle_data_scraping_pipeline.py
[2024-08-16T09:24:52.160+0000] {processor.py:830} INFO - Processing file /opt/airflow/dags/vehicle_data_scraping_pipeline.py for tasks to queue
[2024-08-16T09:24:52.162+0000] {logging_mixin.py:188} INFO - [2024-08-16T09:24:52.162+0000] {dagbag.py:540} INFO - Filling up the DagBag from /opt/airflow/dags/vehicle_data_scraping_pipeline.py
[2024-08-16T09:24:52.830+0000] {processor.py:840} INFO - DAG(s) 'data_scrape_pipeline' retrieved from /opt/airflow/dags/vehicle_data_scraping_pipeline.py
[2024-08-16T09:24:52.907+0000] {logging_mixin.py:188} INFO - [2024-08-16T09:24:52.907+0000] {dag.py:3047} INFO - Sync 1 DAGs
[2024-08-16T09:24:52.922+0000] {logging_mixin.py:188} INFO - [2024-08-16T09:24:52.922+0000] {dag.py:3834} INFO - Setting next_dagrun for data_scrape_pipeline to 2024-08-16 00:00:00+00:00, run_after=2024-08-17 00:00:00+00:00
[2024-08-16T09:24:52.938+0000] {processor.py:183} INFO - Processing /opt/airflow/dags/vehicle_data_scraping_pipeline.py took 0.781 seconds
[2024-08-16T09:25:23.043+0000] {processor.py:161} INFO - Started process (PID=446) to work on /opt/airflow/dags/vehicle_data_scraping_pipeline.py
[2024-08-16T09:25:23.044+0000] {processor.py:830} INFO - Processing file /opt/airflow/dags/vehicle_data_scraping_pipeline.py for tasks to queue
[2024-08-16T09:25:23.045+0000] {logging_mixin.py:188} INFO - [2024-08-16T09:25:23.044+0000] {dagbag.py:540} INFO - Filling up the DagBag from /opt/airflow/dags/vehicle_data_scraping_pipeline.py
[2024-08-16T09:25:23.403+0000] {processor.py:840} INFO - DAG(s) 'data_scrape_pipeline' retrieved from /opt/airflow/dags/vehicle_data_scraping_pipeline.py
[2024-08-16T09:25:23.454+0000] {logging_mixin.py:188} INFO - [2024-08-16T09:25:23.453+0000] {dag.py:3047} INFO - Sync 1 DAGs
[2024-08-16T09:25:23.468+0000] {logging_mixin.py:188} INFO - [2024-08-16T09:25:23.468+0000] {dag.py:3834} INFO - Setting next_dagrun for data_scrape_pipeline to 2024-08-16 00:00:00+00:00, run_after=2024-08-17 00:00:00+00:00
[2024-08-16T09:25:23.484+0000] {processor.py:183} INFO - Processing /opt/airflow/dags/vehicle_data_scraping_pipeline.py took 0.444 seconds
[2024-08-16T09:25:53.689+0000] {processor.py:161} INFO - Started process (PID=475) to work on /opt/airflow/dags/vehicle_data_scraping_pipeline.py
[2024-08-16T09:25:53.691+0000] {processor.py:830} INFO - Processing file /opt/airflow/dags/vehicle_data_scraping_pipeline.py for tasks to queue
[2024-08-16T09:25:53.691+0000] {logging_mixin.py:188} INFO - [2024-08-16T09:25:53.691+0000] {dagbag.py:540} INFO - Filling up the DagBag from /opt/airflow/dags/vehicle_data_scraping_pipeline.py
[2024-08-16T09:25:54.183+0000] {processor.py:840} INFO - DAG(s) 'data_scrape_pipeline' retrieved from /opt/airflow/dags/vehicle_data_scraping_pipeline.py
[2024-08-16T09:25:54.271+0000] {logging_mixin.py:188} INFO - [2024-08-16T09:25:54.270+0000] {dag.py:3047} INFO - Sync 1 DAGs
[2024-08-16T09:25:54.290+0000] {logging_mixin.py:188} INFO - [2024-08-16T09:25:54.290+0000] {dag.py:3834} INFO - Setting next_dagrun for data_scrape_pipeline to 2024-08-16 00:00:00+00:00, run_after=2024-08-17 00:00:00+00:00
[2024-08-16T09:25:54.310+0000] {processor.py:183} INFO - Processing /opt/airflow/dags/vehicle_data_scraping_pipeline.py took 0.623 seconds
[2024-08-16T09:26:24.833+0000] {processor.py:161} INFO - Started process (PID=505) to work on /opt/airflow/dags/vehicle_data_scraping_pipeline.py
[2024-08-16T09:26:24.834+0000] {processor.py:830} INFO - Processing file /opt/airflow/dags/vehicle_data_scraping_pipeline.py for tasks to queue
[2024-08-16T09:26:24.835+0000] {logging_mixin.py:188} INFO - [2024-08-16T09:26:24.835+0000] {dagbag.py:540} INFO - Filling up the DagBag from /opt/airflow/dags/vehicle_data_scraping_pipeline.py
[2024-08-16T09:26:25.401+0000] {processor.py:840} INFO - DAG(s) 'data_scrape_pipeline' retrieved from /opt/airflow/dags/vehicle_data_scraping_pipeline.py
[2024-08-16T09:26:25.496+0000] {logging_mixin.py:188} INFO - [2024-08-16T09:26:25.496+0000] {dag.py:3047} INFO - Sync 1 DAGs
[2024-08-16T09:26:25.513+0000] {logging_mixin.py:188} INFO - [2024-08-16T09:26:25.513+0000] {dag.py:3834} INFO - Setting next_dagrun for data_scrape_pipeline to 2024-08-16 00:00:00+00:00, run_after=2024-08-17 00:00:00+00:00
[2024-08-16T09:26:25.533+0000] {processor.py:183} INFO - Processing /opt/airflow/dags/vehicle_data_scraping_pipeline.py took 0.702 seconds
[2024-08-16T09:26:55.849+0000] {processor.py:161} INFO - Started process (PID=534) to work on /opt/airflow/dags/vehicle_data_scraping_pipeline.py
[2024-08-16T09:26:55.851+0000] {processor.py:830} INFO - Processing file /opt/airflow/dags/vehicle_data_scraping_pipeline.py for tasks to queue
[2024-08-16T09:26:55.852+0000] {logging_mixin.py:188} INFO - [2024-08-16T09:26:55.851+0000] {dagbag.py:540} INFO - Filling up the DagBag from /opt/airflow/dags/vehicle_data_scraping_pipeline.py
[2024-08-16T09:26:56.328+0000] {processor.py:840} INFO - DAG(s) 'data_scrape_pipeline' retrieved from /opt/airflow/dags/vehicle_data_scraping_pipeline.py
[2024-08-16T09:26:56.389+0000] {logging_mixin.py:188} INFO - [2024-08-16T09:26:56.389+0000] {dag.py:3047} INFO - Sync 1 DAGs
[2024-08-16T09:26:56.494+0000] {logging_mixin.py:188} INFO - [2024-08-16T09:26:56.494+0000] {dag.py:3834} INFO - Setting next_dagrun for data_scrape_pipeline to 2024-08-16 00:00:00+00:00, run_after=2024-08-17 00:00:00+00:00
[2024-08-16T09:26:56.513+0000] {processor.py:183} INFO - Processing /opt/airflow/dags/vehicle_data_scraping_pipeline.py took 0.666 seconds
[2024-08-16T09:27:26.822+0000] {processor.py:161} INFO - Started process (PID=583) to work on /opt/airflow/dags/vehicle_data_scraping_pipeline.py
[2024-08-16T09:27:26.823+0000] {processor.py:830} INFO - Processing file /opt/airflow/dags/vehicle_data_scraping_pipeline.py for tasks to queue
[2024-08-16T09:27:26.824+0000] {logging_mixin.py:188} INFO - [2024-08-16T09:27:26.824+0000] {dagbag.py:540} INFO - Filling up the DagBag from /opt/airflow/dags/vehicle_data_scraping_pipeline.py
[2024-08-16T09:27:27.330+0000] {processor.py:840} INFO - DAG(s) 'data_scrape_pipeline' retrieved from /opt/airflow/dags/vehicle_data_scraping_pipeline.py
[2024-08-16T09:27:27.478+0000] {logging_mixin.py:188} INFO - [2024-08-16T09:27:27.478+0000] {dag.py:3047} INFO - Sync 1 DAGs
[2024-08-16T09:27:27.493+0000] {logging_mixin.py:188} INFO - [2024-08-16T09:27:27.492+0000] {dag.py:3834} INFO - Setting next_dagrun for data_scrape_pipeline to 2024-08-16 00:00:00+00:00, run_after=2024-08-17 00:00:00+00:00
[2024-08-16T09:27:27.509+0000] {processor.py:183} INFO - Processing /opt/airflow/dags/vehicle_data_scraping_pipeline.py took 0.690 seconds
[2024-08-16T09:27:58.458+0000] {processor.py:161} INFO - Started process (PID=632) to work on /opt/airflow/dags/vehicle_data_scraping_pipeline.py
[2024-08-16T09:27:58.459+0000] {processor.py:830} INFO - Processing file /opt/airflow/dags/vehicle_data_scraping_pipeline.py for tasks to queue
[2024-08-16T09:27:58.460+0000] {logging_mixin.py:188} INFO - [2024-08-16T09:27:58.460+0000] {dagbag.py:540} INFO - Filling up the DagBag from /opt/airflow/dags/vehicle_data_scraping_pipeline.py
[2024-08-16T09:27:58.959+0000] {processor.py:840} INFO - DAG(s) 'data_scrape_pipeline' retrieved from /opt/airflow/dags/vehicle_data_scraping_pipeline.py
[2024-08-16T09:27:59.037+0000] {logging_mixin.py:188} INFO - [2024-08-16T09:27:59.036+0000] {dag.py:3047} INFO - Sync 1 DAGs
[2024-08-16T09:27:59.054+0000] {logging_mixin.py:188} INFO - [2024-08-16T09:27:59.054+0000] {dag.py:3834} INFO - Setting next_dagrun for data_scrape_pipeline to 2024-08-16 00:00:00+00:00, run_after=2024-08-17 00:00:00+00:00
[2024-08-16T09:27:59.073+0000] {processor.py:183} INFO - Processing /opt/airflow/dags/vehicle_data_scraping_pipeline.py took 0.618 seconds
[2024-08-16T10:52:43.540+0000] {processor.py:161} INFO - Started process (PID=234) to work on /opt/airflow/dags/vehicle_data_scraping_pipeline.py
[2024-08-16T10:52:43.623+0000] {processor.py:830} INFO - Processing file /opt/airflow/dags/vehicle_data_scraping_pipeline.py for tasks to queue
[2024-08-16T10:52:43.625+0000] {logging_mixin.py:188} INFO - [2024-08-16T10:52:43.624+0000] {dagbag.py:540} INFO - Filling up the DagBag from /opt/airflow/dags/vehicle_data_scraping_pipeline.py
[2024-08-16T10:52:46.990+0000] {processor.py:840} INFO - DAG(s) 'data_scrape_pipeline' retrieved from /opt/airflow/dags/vehicle_data_scraping_pipeline.py
[2024-08-16T10:52:47.415+0000] {logging_mixin.py:188} INFO - [2024-08-16T10:52:47.414+0000] {dag.py:3047} INFO - Sync 1 DAGs
[2024-08-16T10:52:47.447+0000] {logging_mixin.py:188} INFO - [2024-08-16T10:52:47.447+0000] {dag.py:3834} INFO - Setting next_dagrun for data_scrape_pipeline to 2024-08-16 00:00:00+00:00, run_after=2024-08-17 00:00:00+00:00
[2024-08-16T10:52:47.490+0000] {processor.py:183} INFO - Processing /opt/airflow/dags/vehicle_data_scraping_pipeline.py took 3.951 seconds
[2024-08-16T10:53:17.730+0000] {processor.py:161} INFO - Started process (PID=297) to work on /opt/airflow/dags/vehicle_data_scraping_pipeline.py
[2024-08-16T10:53:17.773+0000] {processor.py:830} INFO - Processing file /opt/airflow/dags/vehicle_data_scraping_pipeline.py for tasks to queue
[2024-08-16T10:53:17.788+0000] {logging_mixin.py:188} INFO - [2024-08-16T10:53:17.781+0000] {dagbag.py:540} INFO - Filling up the DagBag from /opt/airflow/dags/vehicle_data_scraping_pipeline.py
[2024-08-16T10:53:19.119+0000] {processor.py:840} INFO - DAG(s) 'data_scrape_pipeline' retrieved from /opt/airflow/dags/vehicle_data_scraping_pipeline.py
[2024-08-16T10:53:19.326+0000] {logging_mixin.py:188} INFO - [2024-08-16T10:53:19.326+0000] {dag.py:3047} INFO - Sync 1 DAGs
[2024-08-16T10:53:19.403+0000] {logging_mixin.py:188} INFO - [2024-08-16T10:53:19.402+0000] {dag.py:3834} INFO - Setting next_dagrun for data_scrape_pipeline to 2024-08-16 00:00:00+00:00, run_after=2024-08-17 00:00:00+00:00
[2024-08-16T10:53:19.461+0000] {processor.py:183} INFO - Processing /opt/airflow/dags/vehicle_data_scraping_pipeline.py took 1.769 seconds
[2024-08-16T10:53:49.989+0000] {processor.py:161} INFO - Started process (PID=342) to work on /opt/airflow/dags/vehicle_data_scraping_pipeline.py
[2024-08-16T10:53:49.992+0000] {processor.py:830} INFO - Processing file /opt/airflow/dags/vehicle_data_scraping_pipeline.py for tasks to queue
[2024-08-16T10:53:49.993+0000] {logging_mixin.py:188} INFO - [2024-08-16T10:53:49.993+0000] {dagbag.py:540} INFO - Filling up the DagBag from /opt/airflow/dags/vehicle_data_scraping_pipeline.py
[2024-08-16T10:53:51.099+0000] {processor.py:840} INFO - DAG(s) 'data_scrape_pipeline' retrieved from /opt/airflow/dags/vehicle_data_scraping_pipeline.py
[2024-08-16T10:53:51.214+0000] {logging_mixin.py:188} INFO - [2024-08-16T10:53:51.214+0000] {dag.py:3047} INFO - Sync 1 DAGs
[2024-08-16T10:53:51.257+0000] {logging_mixin.py:188} INFO - [2024-08-16T10:53:51.257+0000] {dag.py:3834} INFO - Setting next_dagrun for data_scrape_pipeline to 2024-08-16 00:00:00+00:00, run_after=2024-08-17 00:00:00+00:00
[2024-08-16T10:53:51.298+0000] {processor.py:183} INFO - Processing /opt/airflow/dags/vehicle_data_scraping_pipeline.py took 1.321 seconds
[2024-08-16T10:54:21.527+0000] {processor.py:161} INFO - Started process (PID=408) to work on /opt/airflow/dags/vehicle_data_scraping_pipeline.py
[2024-08-16T10:54:21.529+0000] {processor.py:830} INFO - Processing file /opt/airflow/dags/vehicle_data_scraping_pipeline.py for tasks to queue
[2024-08-16T10:54:21.530+0000] {logging_mixin.py:188} INFO - [2024-08-16T10:54:21.530+0000] {dagbag.py:540} INFO - Filling up the DagBag from /opt/airflow/dags/vehicle_data_scraping_pipeline.py
[2024-08-16T10:54:22.383+0000] {processor.py:840} INFO - DAG(s) 'data_scrape_pipeline' retrieved from /opt/airflow/dags/vehicle_data_scraping_pipeline.py
[2024-08-16T10:54:22.548+0000] {logging_mixin.py:188} INFO - [2024-08-16T10:54:22.547+0000] {dag.py:3047} INFO - Sync 1 DAGs
[2024-08-16T10:54:22.570+0000] {logging_mixin.py:188} INFO - [2024-08-16T10:54:22.570+0000] {dag.py:3834} INFO - Setting next_dagrun for data_scrape_pipeline to 2024-08-16 00:00:00+00:00, run_after=2024-08-17 00:00:00+00:00
[2024-08-16T10:54:22.592+0000] {processor.py:183} INFO - Processing /opt/airflow/dags/vehicle_data_scraping_pipeline.py took 1.068 seconds
[2024-08-16T10:54:52.834+0000] {processor.py:161} INFO - Started process (PID=453) to work on /opt/airflow/dags/vehicle_data_scraping_pipeline.py
[2024-08-16T10:54:52.908+0000] {processor.py:830} INFO - Processing file /opt/airflow/dags/vehicle_data_scraping_pipeline.py for tasks to queue
[2024-08-16T10:54:52.910+0000] {logging_mixin.py:188} INFO - [2024-08-16T10:54:52.910+0000] {dagbag.py:540} INFO - Filling up the DagBag from /opt/airflow/dags/vehicle_data_scraping_pipeline.py
[2024-08-16T10:54:54.510+0000] {processor.py:840} INFO - DAG(s) 'data_scrape_pipeline' retrieved from /opt/airflow/dags/vehicle_data_scraping_pipeline.py
[2024-08-16T10:54:54.738+0000] {logging_mixin.py:188} INFO - [2024-08-16T10:54:54.738+0000] {dag.py:3047} INFO - Sync 1 DAGs
[2024-08-16T10:54:54.755+0000] {logging_mixin.py:188} INFO - [2024-08-16T10:54:54.755+0000] {dag.py:3834} INFO - Setting next_dagrun for data_scrape_pipeline to 2024-08-16 00:00:00+00:00, run_after=2024-08-17 00:00:00+00:00
[2024-08-16T10:54:54.880+0000] {processor.py:183} INFO - Processing /opt/airflow/dags/vehicle_data_scraping_pipeline.py took 2.048 seconds
[2024-08-16T10:55:25.801+0000] {processor.py:161} INFO - Started process (PID=519) to work on /opt/airflow/dags/vehicle_data_scraping_pipeline.py
[2024-08-16T10:55:25.870+0000] {processor.py:830} INFO - Processing file /opt/airflow/dags/vehicle_data_scraping_pipeline.py for tasks to queue
[2024-08-16T10:55:25.872+0000] {logging_mixin.py:188} INFO - [2024-08-16T10:55:25.871+0000] {dagbag.py:540} INFO - Filling up the DagBag from /opt/airflow/dags/vehicle_data_scraping_pipeline.py
[2024-08-16T10:55:27.814+0000] {processor.py:840} INFO - DAG(s) 'data_scrape_pipeline' retrieved from /opt/airflow/dags/vehicle_data_scraping_pipeline.py
[2024-08-16T10:55:28.083+0000] {logging_mixin.py:188} INFO - [2024-08-16T10:55:28.083+0000] {dag.py:3047} INFO - Sync 1 DAGs
[2024-08-16T10:55:28.233+0000] {logging_mixin.py:188} INFO - [2024-08-16T10:55:28.233+0000] {dag.py:3834} INFO - Setting next_dagrun for data_scrape_pipeline to 2024-08-16 00:00:00+00:00, run_after=2024-08-17 00:00:00+00:00
[2024-08-16T10:55:28.486+0000] {processor.py:183} INFO - Processing /opt/airflow/dags/vehicle_data_scraping_pipeline.py took 2.688 seconds
[2024-08-16T10:55:58.831+0000] {processor.py:161} INFO - Started process (PID=564) to work on /opt/airflow/dags/vehicle_data_scraping_pipeline.py
[2024-08-16T10:55:58.833+0000] {processor.py:830} INFO - Processing file /opt/airflow/dags/vehicle_data_scraping_pipeline.py for tasks to queue
[2024-08-16T10:55:58.834+0000] {logging_mixin.py:188} INFO - [2024-08-16T10:55:58.834+0000] {dagbag.py:540} INFO - Filling up the DagBag from /opt/airflow/dags/vehicle_data_scraping_pipeline.py
[2024-08-16T10:55:59.384+0000] {processor.py:840} INFO - DAG(s) 'data_scrape_pipeline' retrieved from /opt/airflow/dags/vehicle_data_scraping_pipeline.py
[2024-08-16T10:55:59.588+0000] {logging_mixin.py:188} INFO - [2024-08-16T10:55:59.588+0000] {dag.py:3047} INFO - Sync 1 DAGs
[2024-08-16T10:55:59.604+0000] {logging_mixin.py:188} INFO - [2024-08-16T10:55:59.603+0000] {dag.py:3834} INFO - Setting next_dagrun for data_scrape_pipeline to 2024-08-16 00:00:00+00:00, run_after=2024-08-17 00:00:00+00:00
[2024-08-16T10:55:59.619+0000] {processor.py:183} INFO - Processing /opt/airflow/dags/vehicle_data_scraping_pipeline.py took 0.792 seconds
[2024-08-16T10:56:30.158+0000] {processor.py:161} INFO - Started process (PID=632) to work on /opt/airflow/dags/vehicle_data_scraping_pipeline.py
[2024-08-16T10:56:30.160+0000] {processor.py:830} INFO - Processing file /opt/airflow/dags/vehicle_data_scraping_pipeline.py for tasks to queue
[2024-08-16T10:56:30.161+0000] {logging_mixin.py:188} INFO - [2024-08-16T10:56:30.161+0000] {dagbag.py:540} INFO - Filling up the DagBag from /opt/airflow/dags/vehicle_data_scraping_pipeline.py
[2024-08-16T10:56:33.177+0000] {processor.py:840} INFO - DAG(s) 'data_scrape_pipeline' retrieved from /opt/airflow/dags/vehicle_data_scraping_pipeline.py
[2024-08-16T10:56:33.599+0000] {logging_mixin.py:188} INFO - [2024-08-16T10:56:33.599+0000] {dag.py:3047} INFO - Sync 1 DAGs
[2024-08-16T10:56:33.681+0000] {logging_mixin.py:188} INFO - [2024-08-16T10:56:33.681+0000] {dag.py:3834} INFO - Setting next_dagrun for data_scrape_pipeline to 2024-08-16 00:00:00+00:00, run_after=2024-08-17 00:00:00+00:00
[2024-08-16T10:56:33.902+0000] {processor.py:183} INFO - Processing /opt/airflow/dags/vehicle_data_scraping_pipeline.py took 3.746 seconds
[2024-08-16T10:57:04.252+0000] {processor.py:161} INFO - Started process (PID=681) to work on /opt/airflow/dags/vehicle_data_scraping_pipeline.py
[2024-08-16T10:57:04.254+0000] {processor.py:830} INFO - Processing file /opt/airflow/dags/vehicle_data_scraping_pipeline.py for tasks to queue
[2024-08-16T10:57:04.255+0000] {logging_mixin.py:188} INFO - [2024-08-16T10:57:04.255+0000] {dagbag.py:540} INFO - Filling up the DagBag from /opt/airflow/dags/vehicle_data_scraping_pipeline.py
[2024-08-16T10:57:05.165+0000] {processor.py:840} INFO - DAG(s) 'data_scrape_pipeline' retrieved from /opt/airflow/dags/vehicle_data_scraping_pipeline.py
[2024-08-16T10:57:05.255+0000] {logging_mixin.py:188} INFO - [2024-08-16T10:57:05.255+0000] {dag.py:3047} INFO - Sync 1 DAGs
[2024-08-16T10:57:05.276+0000] {logging_mixin.py:188} INFO - [2024-08-16T10:57:05.276+0000] {dag.py:3834} INFO - Setting next_dagrun for data_scrape_pipeline to 2024-08-16 00:00:00+00:00, run_after=2024-08-17 00:00:00+00:00
[2024-08-16T10:57:05.292+0000] {processor.py:183} INFO - Processing /opt/airflow/dags/vehicle_data_scraping_pipeline.py took 1.043 seconds
[2024-08-16T10:57:36.118+0000] {processor.py:161} INFO - Started process (PID=728) to work on /opt/airflow/dags/vehicle_data_scraping_pipeline.py
[2024-08-16T10:57:36.120+0000] {processor.py:830} INFO - Processing file /opt/airflow/dags/vehicle_data_scraping_pipeline.py for tasks to queue
[2024-08-16T10:57:36.121+0000] {logging_mixin.py:188} INFO - [2024-08-16T10:57:36.121+0000] {dagbag.py:540} INFO - Filling up the DagBag from /opt/airflow/dags/vehicle_data_scraping_pipeline.py
[2024-08-16T10:57:37.265+0000] {processor.py:840} INFO - DAG(s) 'data_scrape_pipeline' retrieved from /opt/airflow/dags/vehicle_data_scraping_pipeline.py
[2024-08-16T10:57:37.344+0000] {logging_mixin.py:188} INFO - [2024-08-16T10:57:37.344+0000] {dag.py:3047} INFO - Sync 1 DAGs
[2024-08-16T10:57:37.357+0000] {logging_mixin.py:188} INFO - [2024-08-16T10:57:37.357+0000] {dag.py:3834} INFO - Setting next_dagrun for data_scrape_pipeline to 2024-08-16 00:00:00+00:00, run_after=2024-08-17 00:00:00+00:00
[2024-08-16T10:57:37.374+0000] {processor.py:183} INFO - Processing /opt/airflow/dags/vehicle_data_scraping_pipeline.py took 1.257 seconds
