[2024-08-23T10:44:13.913+0000] {taskinstance.py:1979} INFO - Dependencies all met for dep_context=non-requeueable deps ti=<TaskInstance: Vehicle_Model_Training_Pipeline.model_training_mistubishi manual__2024-08-23T10:40:48.800801+00:00 [queued]>
[2024-08-23T10:44:13.919+0000] {taskinstance.py:1979} INFO - Dependencies all met for dep_context=requeueable deps ti=<TaskInstance: Vehicle_Model_Training_Pipeline.model_training_mistubishi manual__2024-08-23T10:40:48.800801+00:00 [queued]>
[2024-08-23T10:44:13.920+0000] {taskinstance.py:2193} INFO - Starting attempt 1 of 4
[2024-08-23T10:44:13.928+0000] {taskinstance.py:2217} INFO - Executing <Task(PythonOperator): model_training_mistubishi> on 2024-08-23 10:40:48.800801+00:00
[2024-08-23T10:44:13.933+0000] {standard_task_runner.py:60} INFO - Started process 46328 to run task
[2024-08-23T10:44:13.936+0000] {standard_task_runner.py:87} INFO - Running: ['***', 'tasks', 'run', 'Vehicle_Model_Training_Pipeline', 'model_training_mistubishi', 'manual__2024-08-23T10:40:48.800801+00:00', '--job-id', '177', '--raw', '--subdir', 'DAGS_FOLDER/vehicle_model_training_pipeline.py', '--cfg-path', '/tmp/tmp4zsxjhes']
[2024-08-23T10:44:13.937+0000] {standard_task_runner.py:88} INFO - Job 177: Subtask model_training_mistubishi
[2024-08-23T10:44:13.968+0000] {task_command.py:423} INFO - Running <TaskInstance: Vehicle_Model_Training_Pipeline.model_training_mistubishi manual__2024-08-23T10:40:48.800801+00:00 [running]> on host bebe3cff9645
[2024-08-23T10:44:14.022+0000] {taskinstance.py:2513} INFO - Exporting env vars: AIRFLOW_CTX_DAG_OWNER='sdeshan' AIRFLOW_CTX_DAG_ID='Vehicle_Model_Training_Pipeline' AIRFLOW_CTX_TASK_ID='model_training_mistubishi' AIRFLOW_CTX_EXECUTION_DATE='2024-08-23T10:40:48.800801+00:00' AIRFLOW_CTX_TRY_NUMBER='1' AIRFLOW_CTX_DAG_RUN_ID='manual__2024-08-23T10:40:48.800801+00:00'
[2024-08-23T10:44:14.048+0000] {logging_mixin.py:188} INFO - RandomForestRegressor()
[2024-08-23T10:44:15.497+0000] {logging_mixin.py:188} INFO - DecisionTreeRegressor()
[2024-08-23T10:44:15.521+0000] {logging_mixin.py:188} INFO - GradientBoostingRegressor()
[2024-08-23T10:44:25.577+0000] {logging_mixin.py:188} INFO - LinearRegression()
[2024-08-23T10:44:25.585+0000] {logging_mixin.py:188} INFO - XGBRegressor(base_score=None, booster=None, callbacks=None,
             colsample_bylevel=None, colsample_bynode=None,
             colsample_bytree=None, device=None, early_stopping_rounds=None,
             enable_categorical=False, eval_metric=None, feature_types=None,
             gamma=None, grow_policy=None, importance_type=None,
             interaction_constraints=None, learning_rate=None, max_bin=None,
             max_cat_threshold=None, max_cat_to_onehot=None,
             max_delta_step=None, max_depth=None, max_leaves=None,
             min_child_weight=None, missing=nan, monotone_constraints=None,
             multi_strategy=None, n_estimators=None, n_jobs=None,
             num_parallel_tree=None, random_state=None, ...)
[2024-08-23T10:44:31.745+0000] {logging_mixin.py:188} INFO - <catboost.core.CatBoostRegressor object at 0x7f66cf5fca00>
[2024-08-23T10:44:35.967+0000] {logging_mixin.py:188} INFO - AdaBoostRegressor()
[2024-08-23T10:44:40.198+0000] {logging_mixin.py:188} INFO - model report is {'Random Forest': 0.991376942675551, 'Decision Tree': 0.9971880957107364, 'Gradient Boosting': 0.989065583614542, 'Linear Regression': 0.8512938890769961, 'XGBRegressor': 0.9968188062812333, 'CatBoosting Regressor': 0.9881435125657322, 'AdaBoost Regressor': 0.9520488543116512}
[2024-08-23T10:44:40.199+0000] {logging_mixin.py:188} INFO - best model is :DecisionTreeRegressor(criterion='friedman_mse')
[2024-08-23T10:44:40.200+0000] {logging_mixin.py:188} INFO - criterion ['squared_error', 'friedman_mse', 'absolute_error', 'poisson']
[2024-08-23T10:44:40.200+0000] {logging_mixin.py:188} INFO - Best found model on both training and testing dataset
[2024-08-23T10:44:40.202+0000] {logging_mixin.py:188} INFO - r2_square is 0.9971880957107364
[2024-08-23T10:44:40.204+0000] {python.py:202} INFO - Done. Returned value was: None
[2024-08-23T10:44:40.210+0000] {taskinstance.py:1149} INFO - Marking task as SUCCESS. dag_id=Vehicle_Model_Training_Pipeline, task_id=model_training_mistubishi, execution_date=20240823T104048, start_date=20240823T104413, end_date=20240823T104440
[2024-08-23T10:44:40.214+0000] {logging_mixin.py:188} WARNING - /home/***/.local/lib/python3.8/site-packages/***/utils/context.py:207 AirflowContextDeprecationWarning: Accessing 'execution_date' from the template is deprecated and will be removed in a future version. Please use 'data_interval_start' or 'logical_date' instead.
[2024-08-23T10:44:40.222+0000] {logging_mixin.py:188} WARNING - /home/***/.local/lib/python3.8/site-packages/***/utils/email.py:154 RemovedInAirflow3Warning: Fetching SMTP credentials from configuration variables will be deprecated in a future release. Please set credentials using a connection instead.
[2024-08-23T10:44:40.223+0000] {email.py:270} INFO - Email alerting: attempt 1
[2024-08-23T10:44:42.289+0000] {email.py:281} INFO - Sent an alert email to ['deshanariyarathna@gmail.com']
[2024-08-23T10:44:44.168+0000] {local_task_job_runner.py:234} INFO - Task exited with return code 0
[2024-08-23T10:44:44.179+0000] {taskinstance.py:3312} INFO - 0 downstream tasks scheduled from follow-on schedule check
