[2024-10-09T07:59:23.265+0000] {taskinstance.py:1979} INFO - Dependencies all met for dep_context=non-requeueable deps ti=<TaskInstance: Gold_training_Pipeline.model_training manual__2024-10-09T07:59:08.457593+00:00 [queued]>
[2024-10-09T07:59:23.271+0000] {taskinstance.py:1979} INFO - Dependencies all met for dep_context=requeueable deps ti=<TaskInstance: Gold_training_Pipeline.model_training manual__2024-10-09T07:59:08.457593+00:00 [queued]>
[2024-10-09T07:59:23.272+0000] {taskinstance.py:2193} INFO - Starting attempt 1 of 4
[2024-10-09T07:59:23.299+0000] {taskinstance.py:2217} INFO - Executing <Task(PythonOperator): model_training> on 2024-10-09 07:59:08.457593+00:00
[2024-10-09T07:59:23.306+0000] {standard_task_runner.py:60} INFO - Started process 19086 to run task
[2024-10-09T07:59:23.309+0000] {standard_task_runner.py:87} INFO - Running: ['***', 'tasks', 'run', 'Gold_training_Pipeline', 'model_training', 'manual__2024-10-09T07:59:08.457593+00:00', '--job-id', '356', '--raw', '--subdir', 'DAGS_FOLDER/gold_training_pipeline.py', '--cfg-path', '/tmp/tmpmxfkarom']
[2024-10-09T07:59:23.310+0000] {standard_task_runner.py:88} INFO - Job 356: Subtask model_training
[2024-10-09T07:59:23.360+0000] {task_command.py:423} INFO - Running <TaskInstance: Gold_training_Pipeline.model_training manual__2024-10-09T07:59:08.457593+00:00 [running]> on host fc9c765b6318
[2024-10-09T07:59:23.423+0000] {taskinstance.py:2513} INFO - Exporting env vars: AIRFLOW_CTX_DAG_OWNER='sdeshan' AIRFLOW_CTX_DAG_ID='Gold_training_Pipeline' AIRFLOW_CTX_TASK_ID='model_training' AIRFLOW_CTX_EXECUTION_DATE='2024-10-09T07:59:08.457593+00:00' AIRFLOW_CTX_TRY_NUMBER='1' AIRFLOW_CTX_DAG_RUN_ID='manual__2024-10-09T07:59:08.457593+00:00'
[2024-10-09T07:59:23.524+0000] {filesystem.py:118} DEBUG - input tempfile: /tmp/tmpmjqedgxx/b2kldeyn.json
[2024-10-09T07:59:23.719+0000] {filesystem.py:118} DEBUG - input tempfile: /tmp/tmpmjqedgxx/ytz12fkk.json
[2024-10-09T07:59:24.224+0000] {model.py:2042} DEBUG - idx 0
[2024-10-09T07:59:24.224+0000] {model.py:2043} DEBUG - running CmdStan, num_threads: None
[2024-10-09T07:59:24.225+0000] {model.py:2055} DEBUG - CmdStan args: ['/home/***/.local/lib/python3.8/site-packages/prophet/stan_model/prophet_model.bin', 'random', 'seed=43285', 'data', 'file=/tmp/tmpmjqedgxx/b2kldeyn.json', 'init=/tmp/tmpmjqedgxx/ytz12fkk.json', 'output', 'file=/tmp/tmpmjqedgxx/prophet_model6r1uodgu/prophet_model-20241009075924.csv', 'method=optimize', 'algorithm=lbfgs', 'iter=10000']
[2024-10-09T07:59:24.226+0000] {logging_mixin.py:188} WARNING - 07:59:24 - cmdstanpy - INFO - Chain [1] start processing
[2024-10-09T07:59:24.226+0000] {model.py:2058} INFO - Chain [1] start processing
[2024-10-09T07:59:26.122+0000] {logging_mixin.py:188} WARNING - 07:59:26 - cmdstanpy - INFO - Chain [1] done processing
[2024-10-09T07:59:26.122+0000] {model.py:2115} INFO - Chain [1] done processing
[2024-10-09T07:59:26.766+0000] {logging_mixin.py:188} INFO - Fitting 3 folds for each of 1 candidates, totalling 3 fits
[2024-10-09T08:00:47.757+0000] {local_task_job_runner.py:121} ERROR - Received SIGTERM. Terminating subprocesses
[2024-10-09T08:00:47.782+0000] {process_utils.py:131} INFO - Sending 15 to group 19086. PIDs of all processes in the group: [19086]
[2024-10-09T08:00:47.783+0000] {process_utils.py:86} INFO - Sending the signal 15 to group 19086
[2024-10-09T08:00:49.849+0000] {local_task_job_runner.py:121} ERROR - Received SIGTERM. Terminating subprocesses
[2024-10-09T08:00:49.850+0000] {process_utils.py:131} INFO - Sending 15 to group 19086. PIDs of all processes in the group: [19086]
[2024-10-09T08:00:49.851+0000] {process_utils.py:86} INFO - Sending the signal 15 to group 19086
