[2024-10-09T10:07:52.986+0000] {taskinstance.py:1979} INFO - Dependencies all met for dep_context=non-requeueable deps ti=<TaskInstance: Gold_training_Pipeline.model_training manual__2024-10-09T07:59:08.457593+00:00 [queued]>
[2024-10-09T10:07:52.993+0000] {taskinstance.py:1979} INFO - Dependencies all met for dep_context=requeueable deps ti=<TaskInstance: Gold_training_Pipeline.model_training manual__2024-10-09T07:59:08.457593+00:00 [queued]>
[2024-10-09T10:07:52.994+0000] {taskinstance.py:2193} INFO - Starting attempt 2 of 4
[2024-10-09T10:07:53.004+0000] {taskinstance.py:2217} INFO - Executing <Task(PythonOperator): model_training> on 2024-10-09 07:59:08.457593+00:00
[2024-10-09T10:07:53.019+0000] {standard_task_runner.py:60} INFO - Started process 612 to run task
[2024-10-09T10:07:53.022+0000] {standard_task_runner.py:87} INFO - Running: ['***', 'tasks', 'run', 'Gold_training_Pipeline', 'model_training', 'manual__2024-10-09T07:59:08.457593+00:00', '--job-id', '361', '--raw', '--subdir', 'DAGS_FOLDER/gold_training_pipeline.py', '--cfg-path', '/tmp/tmp2jp19u2m']
[2024-10-09T10:07:53.023+0000] {standard_task_runner.py:88} INFO - Job 361: Subtask model_training
[2024-10-09T10:07:53.068+0000] {task_command.py:423} INFO - Running <TaskInstance: Gold_training_Pipeline.model_training manual__2024-10-09T07:59:08.457593+00:00 [running]> on host e0cec883d65b
[2024-10-09T10:07:53.130+0000] {taskinstance.py:2513} INFO - Exporting env vars: AIRFLOW_CTX_DAG_OWNER='sdeshan' AIRFLOW_CTX_DAG_ID='Gold_training_Pipeline' AIRFLOW_CTX_TASK_ID='model_training' AIRFLOW_CTX_EXECUTION_DATE='2024-10-09T07:59:08.457593+00:00' AIRFLOW_CTX_TRY_NUMBER='2' AIRFLOW_CTX_DAG_RUN_ID='manual__2024-10-09T07:59:08.457593+00:00'
[2024-10-09T10:07:53.221+0000] {filesystem.py:118} DEBUG - input tempfile: /tmp/tmp62_9v8c6/a8cvemhn.json
[2024-10-09T10:07:53.411+0000] {filesystem.py:118} DEBUG - input tempfile: /tmp/tmp62_9v8c6/i_vg9_1j.json
[2024-10-09T10:07:53.420+0000] {model.py:2042} DEBUG - idx 0
[2024-10-09T10:07:53.420+0000] {model.py:2043} DEBUG - running CmdStan, num_threads: None
[2024-10-09T10:07:53.421+0000] {model.py:2055} DEBUG - CmdStan args: ['/home/***/.local/lib/python3.8/site-packages/prophet/stan_model/prophet_model.bin', 'random', 'seed=92026', 'data', 'file=/tmp/tmp62_9v8c6/a8cvemhn.json', 'init=/tmp/tmp62_9v8c6/i_vg9_1j.json', 'output', 'file=/tmp/tmp62_9v8c6/prophet_modelpm845geu/prophet_model-20241009100753.csv', 'method=optimize', 'algorithm=lbfgs', 'iter=10000']
[2024-10-09T10:07:53.422+0000] {logging_mixin.py:188} WARNING - 10:07:53 - cmdstanpy - INFO - Chain [1] start processing
[2024-10-09T10:07:53.422+0000] {model.py:2058} INFO - Chain [1] start processing
[2024-10-09T10:07:55.375+0000] {logging_mixin.py:188} WARNING - 10:07:55 - cmdstanpy - INFO - Chain [1] done processing
[2024-10-09T10:07:55.375+0000] {model.py:2115} INFO - Chain [1] done processing
[2024-10-09T10:07:56.059+0000] {logging_mixin.py:188} INFO - Fitting 3 folds for each of 1 candidates, totalling 3 fits
[2024-10-09T10:16:47.687+0000] {local_task_job_runner.py:121} ERROR - Received SIGTERM. Terminating subprocesses
[2024-10-09T10:16:47.691+0000] {process_utils.py:131} INFO - Sending 15 to group 612. PIDs of all processes in the group: [612]
[2024-10-09T10:16:47.692+0000] {process_utils.py:86} INFO - Sending the signal 15 to group 612
