[2024-10-10T05:05:07.477+0000] {taskinstance.py:1979} INFO - Dependencies all met for dep_context=non-requeueable deps ti=<TaskInstance: Gold_training_Pipeline.model_training manual__2024-10-09T07:59:08.457593+00:00 [queued]>
[2024-10-10T05:05:07.486+0000] {taskinstance.py:1979} INFO - Dependencies all met for dep_context=requeueable deps ti=<TaskInstance: Gold_training_Pipeline.model_training manual__2024-10-09T07:59:08.457593+00:00 [queued]>
[2024-10-10T05:05:07.486+0000] {taskinstance.py:2193} INFO - Starting attempt 4 of 4
[2024-10-10T05:05:07.501+0000] {taskinstance.py:2217} INFO - Executing <Task(PythonOperator): model_training> on 2024-10-09 07:59:08.457593+00:00
[2024-10-10T05:05:07.517+0000] {standard_task_runner.py:60} INFO - Started process 726 to run task
[2024-10-10T05:05:07.524+0000] {standard_task_runner.py:87} INFO - Running: ['***', 'tasks', 'run', 'Gold_training_Pipeline', 'model_training', 'manual__2024-10-09T07:59:08.457593+00:00', '--job-id', '379', '--raw', '--subdir', 'DAGS_FOLDER/gold_training_pipeline.py', '--cfg-path', '/tmp/tmppbjdv4_2']
[2024-10-10T05:05:07.525+0000] {standard_task_runner.py:88} INFO - Job 379: Subtask model_training
[2024-10-10T05:05:07.588+0000] {task_command.py:423} INFO - Running <TaskInstance: Gold_training_Pipeline.model_training manual__2024-10-09T07:59:08.457593+00:00 [running]> on host 2ded013e804c
[2024-10-10T05:05:07.696+0000] {taskinstance.py:2513} INFO - Exporting env vars: AIRFLOW_CTX_DAG_OWNER='sdeshan' AIRFLOW_CTX_DAG_ID='Gold_training_Pipeline' AIRFLOW_CTX_TASK_ID='model_training' AIRFLOW_CTX_EXECUTION_DATE='2024-10-09T07:59:08.457593+00:00' AIRFLOW_CTX_TRY_NUMBER='4' AIRFLOW_CTX_DAG_RUN_ID='manual__2024-10-09T07:59:08.457593+00:00'
[2024-10-10T05:05:07.920+0000] {filesystem.py:118} DEBUG - input tempfile: /tmp/tmpcgz93wc3/v7358h20.json
[2024-10-10T05:05:08.253+0000] {filesystem.py:118} DEBUG - input tempfile: /tmp/tmpcgz93wc3/ef1h1tll.json
[2024-10-10T05:05:08.267+0000] {model.py:2042} DEBUG - idx 0
[2024-10-10T05:05:08.267+0000] {model.py:2043} DEBUG - running CmdStan, num_threads: None
[2024-10-10T05:05:08.268+0000] {model.py:2055} DEBUG - CmdStan args: ['/home/***/.local/lib/python3.8/site-packages/prophet/stan_model/prophet_model.bin', 'random', 'seed=51132', 'data', 'file=/tmp/tmpcgz93wc3/v7358h20.json', 'init=/tmp/tmpcgz93wc3/ef1h1tll.json', 'output', 'file=/tmp/tmpcgz93wc3/prophet_modeld9unmki8/prophet_model-20241010050508.csv', 'method=optimize', 'algorithm=lbfgs', 'iter=10000']
[2024-10-10T05:05:08.269+0000] {logging_mixin.py:188} WARNING - 05:05:08 - cmdstanpy - INFO - Chain [1] start processing
[2024-10-10T05:05:08.269+0000] {model.py:2058} INFO - Chain [1] start processing
[2024-10-10T05:05:20.922+0000] {logging_mixin.py:188} WARNING - 05:05:20 - cmdstanpy - INFO - Chain [1] done processing
[2024-10-10T05:05:20.922+0000] {model.py:2115} INFO - Chain [1] done processing
[2024-10-10T05:05:40.976+0000] {logging_mixin.py:188} INFO - Fitting 3 folds for each of 1 candidates, totalling 3 fits
[2024-10-10T06:07:43.420+0000] {local_task_job_runner.py:121} ERROR - Received SIGTERM. Terminating subprocesses
[2024-10-10T06:07:43.440+0000] {process_utils.py:131} INFO - Sending 15 to group 726. PIDs of all processes in the group: [726]
[2024-10-10T06:07:43.448+0000] {process_utils.py:86} INFO - Sending the signal 15 to group 726
[2024-10-10T06:07:45.656+0000] {local_task_job_runner.py:121} ERROR - Received SIGTERM. Terminating subprocesses
