[2024-10-21T11:21:22.611+0000] {taskinstance.py:1979} INFO - Dependencies all met for dep_context=non-requeueable deps ti=<TaskInstance: Vehicle_Data_scrape_Pipeline.data_proprocessing manual__2024-10-21T11:14:51.480201+00:00 [queued]>
[2024-10-21T11:21:22.616+0000] {taskinstance.py:1979} INFO - Dependencies all met for dep_context=requeueable deps ti=<TaskInstance: Vehicle_Data_scrape_Pipeline.data_proprocessing manual__2024-10-21T11:14:51.480201+00:00 [queued]>
[2024-10-21T11:21:22.617+0000] {taskinstance.py:2193} INFO - Starting attempt 1 of 4
[2024-10-21T11:21:22.626+0000] {taskinstance.py:2217} INFO - Executing <Task(PythonOperator): data_proprocessing> on 2024-10-21 11:14:51.480201+00:00
[2024-10-21T11:21:22.630+0000] {standard_task_runner.py:60} INFO - Started process 38794 to run task
[2024-10-21T11:21:22.631+0000] {standard_task_runner.py:87} INFO - Running: ['***', 'tasks', 'run', 'Vehicle_Data_scrape_Pipeline', 'data_proprocessing', 'manual__2024-10-21T11:14:51.480201+00:00', '--job-id', '140', '--raw', '--subdir', 'DAGS_FOLDER/vehicle_data_scraping_pipeline.py', '--cfg-path', '/tmp/tmpxxyies7l']
[2024-10-21T11:21:22.633+0000] {standard_task_runner.py:88} INFO - Job 140: Subtask data_proprocessing
[2024-10-21T11:21:22.744+0000] {task_command.py:423} INFO - Running <TaskInstance: Vehicle_Data_scrape_Pipeline.data_proprocessing manual__2024-10-21T11:14:51.480201+00:00 [running]> on host 988c1a0779ad
[2024-10-21T11:21:22.790+0000] {taskinstance.py:2513} INFO - Exporting env vars: AIRFLOW_CTX_DAG_OWNER='sdeshan' AIRFLOW_CTX_DAG_ID='Vehicle_Data_scrape_Pipeline' AIRFLOW_CTX_TASK_ID='data_proprocessing' AIRFLOW_CTX_EXECUTION_DATE='2024-10-21T11:14:51.480201+00:00' AIRFLOW_CTX_TRY_NUMBER='1' AIRFLOW_CTX_DAG_RUN_ID='manual__2024-10-21T11:14:51.480201+00:00'
[2024-10-21T11:21:22.804+0000] {logging_mixin.py:188} INFO -    brand posted_date        model  ... fuel_type engine_capacity vehicle_price
0  Micro      15 Oct       Voleex  ...    Petrol            1500       4250000
1  Micro      11 Oct        Panda  ...    Petrol            1000       3750000
2  Micro      06 Oct      Emgrand  ...    Petrol            1700       5500000
3  Micro      06 Oct         BAIC  ...    Petrol            1500       5990000
4  Micro      10 Sep  Panda Cross  ...    Petrol             998       3850000

[5 rows x 8 columns]
[2024-10-21T11:21:22.809+0000] {logging_mixin.py:188} INFO -    brand posted_date        model  ... fuel_type engine_capacity vehicle_price
0  MICRO      15 OCT       VOLEEX  ...    PETROL            1500       4250000
1  MICRO      11 OCT        PANDA  ...    PETROL            1000       3750000
2  MICRO      06 OCT      EMGRAND  ...    PETROL            1700       5500000
3  MICRO      06 OCT         BAIC  ...    PETROL            1500       5990000
4  MICRO      10 SEP  PANDA CROSS  ...    PETROL             998       3850000

[5 rows x 8 columns]
[2024-10-21T11:21:22.822+0000] {python.py:202} INFO - Done. Returned value was: None
[2024-10-21T11:21:22.828+0000] {taskinstance.py:1149} INFO - Marking task as SUCCESS. dag_id=Vehicle_Data_scrape_Pipeline, task_id=data_proprocessing, execution_date=20241021T111451, start_date=20241021T112122, end_date=20241021T112122
[2024-10-21T11:21:22.831+0000] {logging_mixin.py:188} WARNING - /home/***/.local/lib/python3.8/site-packages/***/utils/context.py:207 AirflowContextDeprecationWarning: Accessing 'execution_date' from the template is deprecated and will be removed in a future version. Please use 'data_interval_start' or 'logical_date' instead.
[2024-10-21T11:21:22.835+0000] {logging_mixin.py:188} WARNING - /home/***/.local/lib/python3.8/site-packages/***/utils/email.py:154 RemovedInAirflow3Warning: Fetching SMTP credentials from configuration variables will be deprecated in a future release. Please set credentials using a connection instead.
[2024-10-21T11:21:22.836+0000] {email.py:270} INFO - Email alerting: attempt 1
[2024-10-21T11:21:25.781+0000] {email.py:281} INFO - Sent an alert email to ['deshanariyarathna@gmail.com']
[2024-10-21T11:21:27.896+0000] {local_task_job_runner.py:234} INFO - Task exited with return code 0
[2024-10-21T11:21:27.908+0000] {taskinstance.py:3312} INFO - 1 downstream tasks scheduled from follow-on schedule check
