[2024-10-16T10:01:10.504+0000] {taskinstance.py:1979} INFO - Dependencies all met for dep_context=non-requeueable deps ti=<TaskInstance: Gold_training_Pipeline.model_training manual__2024-10-15T08:59:21.767298+00:00 [queued]>
[2024-10-16T10:01:10.515+0000] {taskinstance.py:1979} INFO - Dependencies all met for dep_context=requeueable deps ti=<TaskInstance: Gold_training_Pipeline.model_training manual__2024-10-15T08:59:21.767298+00:00 [queued]>
[2024-10-16T10:01:10.516+0000] {taskinstance.py:2193} INFO - Starting attempt 2 of 4
[2024-10-16T10:01:10.686+0000] {taskinstance.py:2217} INFO - Executing <Task(PythonOperator): model_training> on 2024-10-15 08:59:21.767298+00:00
[2024-10-16T10:01:10.698+0000] {standard_task_runner.py:60} INFO - Started process 974 to run task
[2024-10-16T10:01:10.806+0000] {standard_task_runner.py:87} INFO - Running: ['***', 'tasks', 'run', 'Gold_training_Pipeline', 'model_training', 'manual__2024-10-15T08:59:21.767298+00:00', '--job-id', '69', '--raw', '--subdir', 'DAGS_FOLDER/gold_training_pipeline.py', '--cfg-path', '/tmp/tmpg0al29hl']
[2024-10-16T10:01:10.836+0000] {standard_task_runner.py:88} INFO - Job 69: Subtask model_training
[2024-10-16T10:01:11.135+0000] {task_command.py:423} INFO - Running <TaskInstance: Gold_training_Pipeline.model_training manual__2024-10-15T08:59:21.767298+00:00 [running]> on host 3ef26dc59d0b
[2024-10-16T10:01:11.368+0000] {taskinstance.py:2513} INFO - Exporting env vars: AIRFLOW_CTX_DAG_OWNER='sdeshan' AIRFLOW_CTX_DAG_ID='Gold_training_Pipeline' AIRFLOW_CTX_TASK_ID='model_training' AIRFLOW_CTX_EXECUTION_DATE='2024-10-15T08:59:21.767298+00:00' AIRFLOW_CTX_TRY_NUMBER='2' AIRFLOW_CTX_DAG_RUN_ID='manual__2024-10-15T08:59:21.767298+00:00'
[2024-10-16T10:01:12.005+0000] {filesystem.py:118} DEBUG - input tempfile: /tmp/tmpasmu0l1o/ke9zf0ea.json
[2024-10-16T10:01:12.386+0000] {filesystem.py:118} DEBUG - input tempfile: /tmp/tmpasmu0l1o/v0sgl130.json
[2024-10-16T10:01:12.388+0000] {model.py:2042} DEBUG - idx 0
[2024-10-16T10:01:12.388+0000] {model.py:2043} DEBUG - running CmdStan, num_threads: None
[2024-10-16T10:01:12.389+0000] {model.py:2055} DEBUG - CmdStan args: ['/home/***/.local/lib/python3.8/site-packages/prophet/stan_model/prophet_model.bin', 'random', 'seed=79535', 'data', 'file=/tmp/tmpasmu0l1o/ke9zf0ea.json', 'init=/tmp/tmpasmu0l1o/v0sgl130.json', 'output', 'file=/tmp/tmpasmu0l1o/prophet_modelg99cuvio/prophet_model-20241016100112.csv', 'method=optimize', 'algorithm=lbfgs', 'iter=10000']
[2024-10-16T10:01:12.390+0000] {logging_mixin.py:188} WARNING - 10:01:12 - cmdstanpy - INFO - Chain [1] start processing
[2024-10-16T10:01:12.390+0000] {model.py:2058} INFO - Chain [1] start processing
[2024-10-16T10:01:14.927+0000] {logging_mixin.py:188} WARNING - 10:01:14 - cmdstanpy - INFO - Chain [1] done processing
[2024-10-16T10:01:14.927+0000] {model.py:2115} INFO - Chain [1] done processing
[2024-10-16T10:01:16.655+0000] {logging_mixin.py:188} INFO - Fitting 3 folds for each of 1 candidates, totalling 3 fits
[2024-10-16T10:39:42.781+0000] {local_task_job_runner.py:121} ERROR - Received SIGTERM. Terminating subprocesses
[2024-10-16T10:39:43.259+0000] {process_utils.py:131} INFO - Sending 15 to group 974. PIDs of all processes in the group: [974]
[2024-10-16T10:39:43.261+0000] {process_utils.py:86} INFO - Sending the signal 15 to group 974
[2024-10-16T10:39:45.539+0000] {taskinstance.py:2483} ERROR - Received SIGTERM. Terminating subprocesses.
[2024-10-16T10:39:46.247+0000] {logging_mixin.py:188} INFO - [CV] END learning_rate=0.001, max_depth=10, min_child_weight=1, n_estimators=500; total time=38.5min
