[2024-10-25T10:30:21.969+0000] {processor.py:161} INFO - Started process (PID=255) to work on /opt/airflow/dags/gold_news_pipeline.py
[2024-10-25T10:30:21.970+0000] {processor.py:830} INFO - Processing file /opt/airflow/dags/gold_news_pipeline.py for tasks to queue
[2024-10-25T10:30:21.971+0000] {logging_mixin.py:188} INFO - [2024-10-25T10:30:21.971+0000] {dagbag.py:540} INFO - Filling up the DagBag from /opt/airflow/dags/gold_news_pipeline.py
[2024-10-25T10:30:22.315+0000] {processor.py:840} INFO - DAG(s) 'Gold_News_pipeline' retrieved from /opt/airflow/dags/gold_news_pipeline.py
[2024-10-25T10:30:22.529+0000] {logging_mixin.py:188} INFO - [2024-10-25T10:30:22.529+0000] {dag.py:3047} INFO - Sync 1 DAGs
[2024-10-25T10:30:22.541+0000] {logging_mixin.py:188} INFO - [2024-10-25T10:30:22.541+0000] {dag.py:3834} INFO - Setting next_dagrun for Gold_News_pipeline to 2024-10-23 00:00:00+00:00, run_after=2024-10-24 00:00:00+00:00
[2024-10-25T10:30:22.557+0000] {processor.py:183} INFO - Processing /opt/airflow/dags/gold_news_pipeline.py took 0.590 seconds
[2024-10-25T10:30:53.389+0000] {processor.py:161} INFO - Started process (PID=417) to work on /opt/airflow/dags/gold_news_pipeline.py
[2024-10-25T10:30:53.390+0000] {processor.py:830} INFO - Processing file /opt/airflow/dags/gold_news_pipeline.py for tasks to queue
[2024-10-25T10:30:53.391+0000] {logging_mixin.py:188} INFO - [2024-10-25T10:30:53.391+0000] {dagbag.py:540} INFO - Filling up the DagBag from /opt/airflow/dags/gold_news_pipeline.py
[2024-10-25T10:30:53.835+0000] {processor.py:840} INFO - DAG(s) 'Gold_News_pipeline' retrieved from /opt/airflow/dags/gold_news_pipeline.py
[2024-10-25T10:30:53.910+0000] {logging_mixin.py:188} INFO - [2024-10-25T10:30:53.910+0000] {dag.py:3047} INFO - Sync 1 DAGs
[2024-10-25T10:30:53.929+0000] {logging_mixin.py:188} INFO - [2024-10-25T10:30:53.929+0000] {dag.py:3834} INFO - Setting next_dagrun for Gold_News_pipeline to 2024-10-23 00:00:00+00:00, run_after=2024-10-24 00:00:00+00:00
[2024-10-25T10:30:54.069+0000] {processor.py:183} INFO - Processing /opt/airflow/dags/gold_news_pipeline.py took 0.682 seconds
[2024-10-25T10:31:25.560+0000] {processor.py:161} INFO - Started process (PID=513) to work on /opt/airflow/dags/gold_news_pipeline.py
[2024-10-25T10:31:25.561+0000] {processor.py:830} INFO - Processing file /opt/airflow/dags/gold_news_pipeline.py for tasks to queue
[2024-10-25T10:31:25.562+0000] {logging_mixin.py:188} INFO - [2024-10-25T10:31:25.562+0000] {dagbag.py:540} INFO - Filling up the DagBag from /opt/airflow/dags/gold_news_pipeline.py
[2024-10-25T10:31:25.950+0000] {processor.py:840} INFO - DAG(s) 'Gold_News_pipeline' retrieved from /opt/airflow/dags/gold_news_pipeline.py
[2024-10-25T10:31:26.004+0000] {logging_mixin.py:188} INFO - [2024-10-25T10:31:26.003+0000] {dag.py:3047} INFO - Sync 1 DAGs
[2024-10-25T10:31:26.080+0000] {logging_mixin.py:188} INFO - [2024-10-25T10:31:26.079+0000] {dag.py:3834} INFO - Setting next_dagrun for Gold_News_pipeline to 2024-10-23 00:00:00+00:00, run_after=2024-10-24 00:00:00+00:00
[2024-10-25T10:31:26.116+0000] {processor.py:183} INFO - Processing /opt/airflow/dags/gold_news_pipeline.py took 0.558 seconds
[2024-10-25T10:31:57.954+0000] {processor.py:161} INFO - Started process (PID=665) to work on /opt/airflow/dags/gold_news_pipeline.py
[2024-10-25T10:31:57.960+0000] {processor.py:830} INFO - Processing file /opt/airflow/dags/gold_news_pipeline.py for tasks to queue
[2024-10-25T10:31:57.962+0000] {logging_mixin.py:188} INFO - [2024-10-25T10:31:57.962+0000] {dagbag.py:540} INFO - Filling up the DagBag from /opt/airflow/dags/gold_news_pipeline.py
[2024-10-25T10:31:58.920+0000] {processor.py:840} INFO - DAG(s) 'Gold_News_pipeline' retrieved from /opt/airflow/dags/gold_news_pipeline.py
[2024-10-25T10:31:59.038+0000] {logging_mixin.py:188} INFO - [2024-10-25T10:31:59.037+0000] {dag.py:3047} INFO - Sync 1 DAGs
[2024-10-25T10:31:59.074+0000] {logging_mixin.py:188} INFO - [2024-10-25T10:31:59.073+0000] {dag.py:3834} INFO - Setting next_dagrun for Gold_News_pipeline to 2024-10-23 00:00:00+00:00, run_after=2024-10-24 00:00:00+00:00
[2024-10-25T10:31:59.103+0000] {processor.py:183} INFO - Processing /opt/airflow/dags/gold_news_pipeline.py took 1.153 seconds
[2024-10-25T10:32:29.815+0000] {processor.py:161} INFO - Started process (PID=790) to work on /opt/airflow/dags/gold_news_pipeline.py
[2024-10-25T10:32:29.817+0000] {processor.py:830} INFO - Processing file /opt/airflow/dags/gold_news_pipeline.py for tasks to queue
[2024-10-25T10:32:29.825+0000] {logging_mixin.py:188} INFO - [2024-10-25T10:32:29.824+0000] {dagbag.py:540} INFO - Filling up the DagBag from /opt/airflow/dags/gold_news_pipeline.py
[2024-10-25T10:32:30.862+0000] {processor.py:840} INFO - DAG(s) 'Gold_News_pipeline' retrieved from /opt/airflow/dags/gold_news_pipeline.py
[2024-10-25T10:32:31.056+0000] {logging_mixin.py:188} INFO - [2024-10-25T10:32:31.055+0000] {dag.py:3047} INFO - Sync 1 DAGs
[2024-10-25T10:32:31.122+0000] {logging_mixin.py:188} INFO - [2024-10-25T10:32:31.122+0000] {dag.py:3834} INFO - Setting next_dagrun for Gold_News_pipeline to 2024-10-23 00:00:00+00:00, run_after=2024-10-24 00:00:00+00:00
[2024-10-25T10:32:31.150+0000] {processor.py:183} INFO - Processing /opt/airflow/dags/gold_news_pipeline.py took 1.339 seconds
[2024-10-25T10:33:01.962+0000] {processor.py:161} INFO - Started process (PID=865) to work on /opt/airflow/dags/gold_news_pipeline.py
[2024-10-25T10:33:01.975+0000] {processor.py:830} INFO - Processing file /opt/airflow/dags/gold_news_pipeline.py for tasks to queue
[2024-10-25T10:33:01.977+0000] {logging_mixin.py:188} INFO - [2024-10-25T10:33:01.976+0000] {dagbag.py:540} INFO - Filling up the DagBag from /opt/airflow/dags/gold_news_pipeline.py
[2024-10-25T10:33:02.936+0000] {processor.py:840} INFO - DAG(s) 'Gold_News_pipeline' retrieved from /opt/airflow/dags/gold_news_pipeline.py
[2024-10-25T10:33:03.032+0000] {logging_mixin.py:188} INFO - [2024-10-25T10:33:03.032+0000] {dag.py:3047} INFO - Sync 1 DAGs
[2024-10-25T10:33:03.069+0000] {logging_mixin.py:188} INFO - [2024-10-25T10:33:03.069+0000] {dag.py:3834} INFO - Setting next_dagrun for Gold_News_pipeline to 2024-10-23 00:00:00+00:00, run_after=2024-10-24 00:00:00+00:00
[2024-10-25T10:33:03.113+0000] {processor.py:183} INFO - Processing /opt/airflow/dags/gold_news_pipeline.py took 1.154 seconds
[2024-10-25T10:33:33.586+0000] {processor.py:161} INFO - Started process (PID=939) to work on /opt/airflow/dags/gold_news_pipeline.py
[2024-10-25T10:33:33.587+0000] {processor.py:830} INFO - Processing file /opt/airflow/dags/gold_news_pipeline.py for tasks to queue
[2024-10-25T10:33:33.588+0000] {logging_mixin.py:188} INFO - [2024-10-25T10:33:33.588+0000] {dagbag.py:540} INFO - Filling up the DagBag from /opt/airflow/dags/gold_news_pipeline.py
[2024-10-25T10:33:34.889+0000] {processor.py:840} INFO - DAG(s) 'Gold_News_pipeline' retrieved from /opt/airflow/dags/gold_news_pipeline.py
[2024-10-25T10:33:35.012+0000] {logging_mixin.py:188} INFO - [2024-10-25T10:33:35.011+0000] {dag.py:3047} INFO - Sync 1 DAGs
[2024-10-25T10:33:35.042+0000] {logging_mixin.py:188} INFO - [2024-10-25T10:33:35.042+0000] {dag.py:3834} INFO - Setting next_dagrun for Gold_News_pipeline to 2024-10-23 00:00:00+00:00, run_after=2024-10-24 00:00:00+00:00
[2024-10-25T10:33:35.298+0000] {processor.py:183} INFO - Processing /opt/airflow/dags/gold_news_pipeline.py took 1.715 seconds
[2024-10-25T10:34:05.682+0000] {processor.py:161} INFO - Started process (PID=991) to work on /opt/airflow/dags/gold_news_pipeline.py
[2024-10-25T10:34:05.683+0000] {processor.py:830} INFO - Processing file /opt/airflow/dags/gold_news_pipeline.py for tasks to queue
[2024-10-25T10:34:05.684+0000] {logging_mixin.py:188} INFO - [2024-10-25T10:34:05.684+0000] {dagbag.py:540} INFO - Filling up the DagBag from /opt/airflow/dags/gold_news_pipeline.py
[2024-10-25T10:34:06.635+0000] {processor.py:840} INFO - DAG(s) 'Gold_News_pipeline' retrieved from /opt/airflow/dags/gold_news_pipeline.py
[2024-10-25T10:34:06.698+0000] {logging_mixin.py:188} INFO - [2024-10-25T10:34:06.698+0000] {dag.py:3047} INFO - Sync 1 DAGs
[2024-10-25T10:34:06.736+0000] {logging_mixin.py:188} INFO - [2024-10-25T10:34:06.736+0000] {dag.py:3834} INFO - Setting next_dagrun for Gold_News_pipeline to 2024-10-23 00:00:00+00:00, run_after=2024-10-24 00:00:00+00:00
[2024-10-25T10:34:06.786+0000] {processor.py:183} INFO - Processing /opt/airflow/dags/gold_news_pipeline.py took 1.107 seconds
[2024-10-25T10:34:37.242+0000] {processor.py:161} INFO - Started process (PID=1064) to work on /opt/airflow/dags/gold_news_pipeline.py
[2024-10-25T10:34:37.243+0000] {processor.py:830} INFO - Processing file /opt/airflow/dags/gold_news_pipeline.py for tasks to queue
[2024-10-25T10:34:37.243+0000] {logging_mixin.py:188} INFO - [2024-10-25T10:34:37.243+0000] {dagbag.py:540} INFO - Filling up the DagBag from /opt/airflow/dags/gold_news_pipeline.py
[2024-10-25T10:34:38.014+0000] {processor.py:840} INFO - DAG(s) 'Gold_News_pipeline' retrieved from /opt/airflow/dags/gold_news_pipeline.py
[2024-10-25T10:34:38.059+0000] {logging_mixin.py:188} INFO - [2024-10-25T10:34:38.058+0000] {dag.py:3047} INFO - Sync 1 DAGs
[2024-10-25T10:34:38.143+0000] {logging_mixin.py:188} INFO - [2024-10-25T10:34:38.143+0000] {dag.py:3834} INFO - Setting next_dagrun for Gold_News_pipeline to 2024-10-23 00:00:00+00:00, run_after=2024-10-24 00:00:00+00:00
[2024-10-25T10:34:38.159+0000] {processor.py:183} INFO - Processing /opt/airflow/dags/gold_news_pipeline.py took 0.920 seconds
[2024-10-25T10:35:08.698+0000] {processor.py:161} INFO - Started process (PID=1138) to work on /opt/airflow/dags/gold_news_pipeline.py
[2024-10-25T10:35:08.702+0000] {processor.py:830} INFO - Processing file /opt/airflow/dags/gold_news_pipeline.py for tasks to queue
[2024-10-25T10:35:08.702+0000] {logging_mixin.py:188} INFO - [2024-10-25T10:35:08.702+0000] {dagbag.py:540} INFO - Filling up the DagBag from /opt/airflow/dags/gold_news_pipeline.py
[2024-10-25T10:35:09.524+0000] {processor.py:840} INFO - DAG(s) 'Gold_News_pipeline' retrieved from /opt/airflow/dags/gold_news_pipeline.py
[2024-10-25T10:35:09.708+0000] {logging_mixin.py:188} INFO - [2024-10-25T10:35:09.708+0000] {dag.py:3047} INFO - Sync 1 DAGs
[2024-10-25T10:35:09.756+0000] {logging_mixin.py:188} INFO - [2024-10-25T10:35:09.755+0000] {dag.py:3834} INFO - Setting next_dagrun for Gold_News_pipeline to 2024-10-23 00:00:00+00:00, run_after=2024-10-24 00:00:00+00:00
[2024-10-25T10:35:09.845+0000] {processor.py:183} INFO - Processing /opt/airflow/dags/gold_news_pipeline.py took 1.150 seconds
[2024-10-25T10:35:40.421+0000] {processor.py:161} INFO - Started process (PID=1212) to work on /opt/airflow/dags/gold_news_pipeline.py
[2024-10-25T10:35:40.422+0000] {processor.py:830} INFO - Processing file /opt/airflow/dags/gold_news_pipeline.py for tasks to queue
[2024-10-25T10:35:40.423+0000] {logging_mixin.py:188} INFO - [2024-10-25T10:35:40.423+0000] {dagbag.py:540} INFO - Filling up the DagBag from /opt/airflow/dags/gold_news_pipeline.py
[2024-10-25T10:35:41.266+0000] {processor.py:840} INFO - DAG(s) 'Gold_News_pipeline' retrieved from /opt/airflow/dags/gold_news_pipeline.py
[2024-10-25T10:35:41.480+0000] {logging_mixin.py:188} INFO - [2024-10-25T10:35:41.480+0000] {dag.py:3047} INFO - Sync 1 DAGs
[2024-10-25T10:35:41.520+0000] {logging_mixin.py:188} INFO - [2024-10-25T10:35:41.520+0000] {dag.py:3834} INFO - Setting next_dagrun for Gold_News_pipeline to 2024-10-23 00:00:00+00:00, run_after=2024-10-24 00:00:00+00:00
[2024-10-25T10:35:41.547+0000] {processor.py:183} INFO - Processing /opt/airflow/dags/gold_news_pipeline.py took 1.128 seconds
[2024-10-25T10:36:11.867+0000] {processor.py:161} INFO - Started process (PID=1286) to work on /opt/airflow/dags/gold_news_pipeline.py
[2024-10-25T10:36:11.868+0000] {processor.py:830} INFO - Processing file /opt/airflow/dags/gold_news_pipeline.py for tasks to queue
[2024-10-25T10:36:11.869+0000] {logging_mixin.py:188} INFO - [2024-10-25T10:36:11.868+0000] {dagbag.py:540} INFO - Filling up the DagBag from /opt/airflow/dags/gold_news_pipeline.py
[2024-10-25T10:36:12.594+0000] {processor.py:840} INFO - DAG(s) 'Gold_News_pipeline' retrieved from /opt/airflow/dags/gold_news_pipeline.py
[2024-10-25T10:36:12.663+0000] {logging_mixin.py:188} INFO - [2024-10-25T10:36:12.662+0000] {dag.py:3047} INFO - Sync 1 DAGs
[2024-10-25T10:36:12.695+0000] {logging_mixin.py:188} INFO - [2024-10-25T10:36:12.695+0000] {dag.py:3834} INFO - Setting next_dagrun for Gold_News_pipeline to 2024-10-23 00:00:00+00:00, run_after=2024-10-24 00:00:00+00:00
[2024-10-25T10:36:12.875+0000] {processor.py:183} INFO - Processing /opt/airflow/dags/gold_news_pipeline.py took 1.011 seconds
[2024-10-25T10:36:43.182+0000] {processor.py:161} INFO - Started process (PID=1360) to work on /opt/airflow/dags/gold_news_pipeline.py
[2024-10-25T10:36:43.183+0000] {processor.py:830} INFO - Processing file /opt/airflow/dags/gold_news_pipeline.py for tasks to queue
[2024-10-25T10:36:43.184+0000] {logging_mixin.py:188} INFO - [2024-10-25T10:36:43.184+0000] {dagbag.py:540} INFO - Filling up the DagBag from /opt/airflow/dags/gold_news_pipeline.py
[2024-10-25T10:36:44.193+0000] {processor.py:840} INFO - DAG(s) 'Gold_News_pipeline' retrieved from /opt/airflow/dags/gold_news_pipeline.py
[2024-10-25T10:36:44.325+0000] {logging_mixin.py:188} INFO - [2024-10-25T10:36:44.324+0000] {dag.py:3047} INFO - Sync 1 DAGs
[2024-10-25T10:36:44.397+0000] {logging_mixin.py:188} INFO - [2024-10-25T10:36:44.397+0000] {dag.py:3834} INFO - Setting next_dagrun for Gold_News_pipeline to 2024-10-23 00:00:00+00:00, run_after=2024-10-24 00:00:00+00:00
[2024-10-25T10:36:44.423+0000] {processor.py:183} INFO - Processing /opt/airflow/dags/gold_news_pipeline.py took 1.245 seconds
[2024-10-25T10:37:15.083+0000] {processor.py:161} INFO - Started process (PID=1440) to work on /opt/airflow/dags/gold_news_pipeline.py
[2024-10-25T10:37:15.084+0000] {processor.py:830} INFO - Processing file /opt/airflow/dags/gold_news_pipeline.py for tasks to queue
[2024-10-25T10:37:15.086+0000] {logging_mixin.py:188} INFO - [2024-10-25T10:37:15.085+0000] {dagbag.py:540} INFO - Filling up the DagBag from /opt/airflow/dags/gold_news_pipeline.py
[2024-10-25T10:37:16.111+0000] {processor.py:840} INFO - DAG(s) 'Gold_News_pipeline' retrieved from /opt/airflow/dags/gold_news_pipeline.py
[2024-10-25T10:37:16.239+0000] {logging_mixin.py:188} INFO - [2024-10-25T10:37:16.239+0000] {dag.py:3047} INFO - Sync 1 DAGs
[2024-10-25T10:37:16.298+0000] {logging_mixin.py:188} INFO - [2024-10-25T10:37:16.298+0000] {dag.py:3834} INFO - Setting next_dagrun for Gold_News_pipeline to 2024-10-23 00:00:00+00:00, run_after=2024-10-24 00:00:00+00:00
[2024-10-25T10:37:16.403+0000] {processor.py:183} INFO - Processing /opt/airflow/dags/gold_news_pipeline.py took 1.323 seconds
[2024-10-25T10:37:46.742+0000] {processor.py:161} INFO - Started process (PID=1514) to work on /opt/airflow/dags/gold_news_pipeline.py
[2024-10-25T10:37:46.744+0000] {processor.py:830} INFO - Processing file /opt/airflow/dags/gold_news_pipeline.py for tasks to queue
[2024-10-25T10:37:46.745+0000] {logging_mixin.py:188} INFO - [2024-10-25T10:37:46.744+0000] {dagbag.py:540} INFO - Filling up the DagBag from /opt/airflow/dags/gold_news_pipeline.py
[2024-10-25T10:37:47.662+0000] {processor.py:840} INFO - DAG(s) 'Gold_News_pipeline' retrieved from /opt/airflow/dags/gold_news_pipeline.py
[2024-10-25T10:37:47.906+0000] {logging_mixin.py:188} INFO - [2024-10-25T10:37:47.905+0000] {dag.py:3047} INFO - Sync 1 DAGs
[2024-10-25T10:37:47.940+0000] {logging_mixin.py:188} INFO - [2024-10-25T10:37:47.940+0000] {dag.py:3834} INFO - Setting next_dagrun for Gold_News_pipeline to 2024-10-23 00:00:00+00:00, run_after=2024-10-24 00:00:00+00:00
[2024-10-25T10:37:48.001+0000] {processor.py:183} INFO - Processing /opt/airflow/dags/gold_news_pipeline.py took 1.262 seconds
[2024-10-25T10:38:18.845+0000] {processor.py:161} INFO - Started process (PID=1589) to work on /opt/airflow/dags/gold_news_pipeline.py
[2024-10-25T10:38:18.849+0000] {processor.py:830} INFO - Processing file /opt/airflow/dags/gold_news_pipeline.py for tasks to queue
[2024-10-25T10:38:18.850+0000] {logging_mixin.py:188} INFO - [2024-10-25T10:38:18.849+0000] {dagbag.py:540} INFO - Filling up the DagBag from /opt/airflow/dags/gold_news_pipeline.py
[2024-10-25T10:38:19.606+0000] {processor.py:840} INFO - DAG(s) 'Gold_News_pipeline' retrieved from /opt/airflow/dags/gold_news_pipeline.py
[2024-10-25T10:38:19.700+0000] {logging_mixin.py:188} INFO - [2024-10-25T10:38:19.700+0000] {dag.py:3047} INFO - Sync 1 DAGs
[2024-10-25T10:38:19.756+0000] {logging_mixin.py:188} INFO - [2024-10-25T10:38:19.756+0000] {dag.py:3834} INFO - Setting next_dagrun for Gold_News_pipeline to 2024-10-23 00:00:00+00:00, run_after=2024-10-24 00:00:00+00:00
[2024-10-25T10:38:19.792+0000] {processor.py:183} INFO - Processing /opt/airflow/dags/gold_news_pipeline.py took 0.949 seconds
[2024-10-25T10:38:50.029+0000] {processor.py:161} INFO - Started process (PID=1663) to work on /opt/airflow/dags/gold_news_pipeline.py
[2024-10-25T10:38:50.044+0000] {processor.py:830} INFO - Processing file /opt/airflow/dags/gold_news_pipeline.py for tasks to queue
[2024-10-25T10:38:50.051+0000] {logging_mixin.py:188} INFO - [2024-10-25T10:38:50.050+0000] {dagbag.py:540} INFO - Filling up the DagBag from /opt/airflow/dags/gold_news_pipeline.py
[2024-10-25T10:38:50.885+0000] {processor.py:840} INFO - DAG(s) 'Gold_News_pipeline' retrieved from /opt/airflow/dags/gold_news_pipeline.py
[2024-10-25T10:38:50.959+0000] {logging_mixin.py:188} INFO - [2024-10-25T10:38:50.958+0000] {dag.py:3047} INFO - Sync 1 DAGs
[2024-10-25T10:38:50.979+0000] {logging_mixin.py:188} INFO - [2024-10-25T10:38:50.979+0000] {dag.py:3834} INFO - Setting next_dagrun for Gold_News_pipeline to 2024-10-23 00:00:00+00:00, run_after=2024-10-24 00:00:00+00:00
[2024-10-25T10:38:51.160+0000] {processor.py:183} INFO - Processing /opt/airflow/dags/gold_news_pipeline.py took 1.134 seconds
[2024-10-25T10:39:21.358+0000] {processor.py:161} INFO - Started process (PID=1737) to work on /opt/airflow/dags/gold_news_pipeline.py
[2024-10-25T10:39:21.359+0000] {processor.py:830} INFO - Processing file /opt/airflow/dags/gold_news_pipeline.py for tasks to queue
[2024-10-25T10:39:21.360+0000] {logging_mixin.py:188} INFO - [2024-10-25T10:39:21.360+0000] {dagbag.py:540} INFO - Filling up the DagBag from /opt/airflow/dags/gold_news_pipeline.py
[2024-10-25T10:39:22.308+0000] {processor.py:840} INFO - DAG(s) 'Gold_News_pipeline' retrieved from /opt/airflow/dags/gold_news_pipeline.py
[2024-10-25T10:39:22.359+0000] {logging_mixin.py:188} INFO - [2024-10-25T10:39:22.358+0000] {dag.py:3047} INFO - Sync 1 DAGs
[2024-10-25T10:39:22.385+0000] {logging_mixin.py:188} INFO - [2024-10-25T10:39:22.385+0000] {dag.py:3834} INFO - Setting next_dagrun for Gold_News_pipeline to 2024-10-23 00:00:00+00:00, run_after=2024-10-24 00:00:00+00:00
[2024-10-25T10:39:22.447+0000] {processor.py:183} INFO - Processing /opt/airflow/dags/gold_news_pipeline.py took 1.092 seconds
[2024-10-25T10:39:52.977+0000] {processor.py:161} INFO - Started process (PID=1811) to work on /opt/airflow/dags/gold_news_pipeline.py
[2024-10-25T10:39:52.998+0000] {processor.py:830} INFO - Processing file /opt/airflow/dags/gold_news_pipeline.py for tasks to queue
[2024-10-25T10:39:53.000+0000] {logging_mixin.py:188} INFO - [2024-10-25T10:39:53.000+0000] {dagbag.py:540} INFO - Filling up the DagBag from /opt/airflow/dags/gold_news_pipeline.py
[2024-10-25T10:39:54.365+0000] {processor.py:840} INFO - DAG(s) 'Gold_News_pipeline' retrieved from /opt/airflow/dags/gold_news_pipeline.py
[2024-10-25T10:39:54.549+0000] {logging_mixin.py:188} INFO - [2024-10-25T10:39:54.548+0000] {dag.py:3047} INFO - Sync 1 DAGs
[2024-10-25T10:39:54.593+0000] {logging_mixin.py:188} INFO - [2024-10-25T10:39:54.593+0000] {dag.py:3834} INFO - Setting next_dagrun for Gold_News_pipeline to 2024-10-23 00:00:00+00:00, run_after=2024-10-24 00:00:00+00:00
[2024-10-25T10:39:54.623+0000] {processor.py:183} INFO - Processing /opt/airflow/dags/gold_news_pipeline.py took 1.648 seconds
[2024-10-25T10:40:24.966+0000] {processor.py:161} INFO - Started process (PID=1888) to work on /opt/airflow/dags/gold_news_pipeline.py
[2024-10-25T10:40:24.983+0000] {processor.py:830} INFO - Processing file /opt/airflow/dags/gold_news_pipeline.py for tasks to queue
[2024-10-25T10:40:24.985+0000] {logging_mixin.py:188} INFO - [2024-10-25T10:40:24.985+0000] {dagbag.py:540} INFO - Filling up the DagBag from /opt/airflow/dags/gold_news_pipeline.py
[2024-10-25T10:40:26.202+0000] {processor.py:840} INFO - DAG(s) 'Gold_News_pipeline' retrieved from /opt/airflow/dags/gold_news_pipeline.py
[2024-10-25T10:40:26.440+0000] {logging_mixin.py:188} INFO - [2024-10-25T10:40:26.440+0000] {dag.py:3047} INFO - Sync 1 DAGs
[2024-10-25T10:40:26.457+0000] {logging_mixin.py:188} INFO - [2024-10-25T10:40:26.457+0000] {dag.py:3834} INFO - Setting next_dagrun for Gold_News_pipeline to 2024-10-23 00:00:00+00:00, run_after=2024-10-24 00:00:00+00:00
[2024-10-25T10:40:26.505+0000] {processor.py:183} INFO - Processing /opt/airflow/dags/gold_news_pipeline.py took 1.546 seconds
[2024-10-25T10:40:56.860+0000] {processor.py:161} INFO - Started process (PID=1963) to work on /opt/airflow/dags/gold_news_pipeline.py
[2024-10-25T10:40:56.861+0000] {processor.py:830} INFO - Processing file /opt/airflow/dags/gold_news_pipeline.py for tasks to queue
[2024-10-25T10:40:56.862+0000] {logging_mixin.py:188} INFO - [2024-10-25T10:40:56.862+0000] {dagbag.py:540} INFO - Filling up the DagBag from /opt/airflow/dags/gold_news_pipeline.py
[2024-10-25T10:40:57.758+0000] {processor.py:840} INFO - DAG(s) 'Gold_News_pipeline' retrieved from /opt/airflow/dags/gold_news_pipeline.py
[2024-10-25T10:40:57.904+0000] {logging_mixin.py:188} INFO - [2024-10-25T10:40:57.903+0000] {dag.py:3047} INFO - Sync 1 DAGs
[2024-10-25T10:40:57.943+0000] {logging_mixin.py:188} INFO - [2024-10-25T10:40:57.943+0000] {dag.py:3834} INFO - Setting next_dagrun for Gold_News_pipeline to 2024-10-23 00:00:00+00:00, run_after=2024-10-24 00:00:00+00:00
[2024-10-25T10:40:58.311+0000] {processor.py:183} INFO - Processing /opt/airflow/dags/gold_news_pipeline.py took 1.453 seconds
[2024-10-25T10:41:29.450+0000] {processor.py:161} INFO - Started process (PID=2039) to work on /opt/airflow/dags/gold_news_pipeline.py
[2024-10-25T10:41:29.451+0000] {processor.py:830} INFO - Processing file /opt/airflow/dags/gold_news_pipeline.py for tasks to queue
[2024-10-25T10:41:29.461+0000] {logging_mixin.py:188} INFO - [2024-10-25T10:41:29.460+0000] {dagbag.py:540} INFO - Filling up the DagBag from /opt/airflow/dags/gold_news_pipeline.py
[2024-10-25T10:41:30.305+0000] {processor.py:840} INFO - DAG(s) 'Gold_News_pipeline' retrieved from /opt/airflow/dags/gold_news_pipeline.py
[2024-10-25T10:41:30.350+0000] {logging_mixin.py:188} INFO - [2024-10-25T10:41:30.350+0000] {dag.py:3047} INFO - Sync 1 DAGs
[2024-10-25T10:41:30.498+0000] {logging_mixin.py:188} INFO - [2024-10-25T10:41:30.498+0000] {dag.py:3834} INFO - Setting next_dagrun for Gold_News_pipeline to 2024-10-23 00:00:00+00:00, run_after=2024-10-24 00:00:00+00:00
[2024-10-25T10:41:30.528+0000] {processor.py:183} INFO - Processing /opt/airflow/dags/gold_news_pipeline.py took 1.081 seconds
[2024-10-25T10:42:01.344+0000] {processor.py:161} INFO - Started process (PID=2113) to work on /opt/airflow/dags/gold_news_pipeline.py
[2024-10-25T10:42:01.348+0000] {processor.py:830} INFO - Processing file /opt/airflow/dags/gold_news_pipeline.py for tasks to queue
[2024-10-25T10:42:01.350+0000] {logging_mixin.py:188} INFO - [2024-10-25T10:42:01.350+0000] {dagbag.py:540} INFO - Filling up the DagBag from /opt/airflow/dags/gold_news_pipeline.py
[2024-10-25T10:42:02.444+0000] {processor.py:840} INFO - DAG(s) 'Gold_News_pipeline' retrieved from /opt/airflow/dags/gold_news_pipeline.py
[2024-10-25T10:42:02.510+0000] {logging_mixin.py:188} INFO - [2024-10-25T10:42:02.510+0000] {dag.py:3047} INFO - Sync 1 DAGs
[2024-10-25T10:42:02.537+0000] {logging_mixin.py:188} INFO - [2024-10-25T10:42:02.537+0000] {dag.py:3834} INFO - Setting next_dagrun for Gold_News_pipeline to 2024-10-23 00:00:00+00:00, run_after=2024-10-24 00:00:00+00:00
[2024-10-25T10:42:02.592+0000] {processor.py:183} INFO - Processing /opt/airflow/dags/gold_news_pipeline.py took 1.251 seconds
[2024-10-25T10:42:33.102+0000] {processor.py:161} INFO - Started process (PID=2186) to work on /opt/airflow/dags/gold_news_pipeline.py
[2024-10-25T10:42:33.107+0000] {processor.py:830} INFO - Processing file /opt/airflow/dags/gold_news_pipeline.py for tasks to queue
[2024-10-25T10:42:33.110+0000] {logging_mixin.py:188} INFO - [2024-10-25T10:42:33.109+0000] {dagbag.py:540} INFO - Filling up the DagBag from /opt/airflow/dags/gold_news_pipeline.py
[2024-10-25T10:42:33.826+0000] {processor.py:840} INFO - DAG(s) 'Gold_News_pipeline' retrieved from /opt/airflow/dags/gold_news_pipeline.py
[2024-10-25T10:42:34.013+0000] {logging_mixin.py:188} INFO - [2024-10-25T10:42:34.013+0000] {dag.py:3047} INFO - Sync 1 DAGs
[2024-10-25T10:42:34.049+0000] {logging_mixin.py:188} INFO - [2024-10-25T10:42:34.049+0000] {dag.py:3834} INFO - Setting next_dagrun for Gold_News_pipeline to 2024-10-23 00:00:00+00:00, run_after=2024-10-24 00:00:00+00:00
[2024-10-25T10:42:34.083+0000] {processor.py:183} INFO - Processing /opt/airflow/dags/gold_news_pipeline.py took 0.986 seconds
[2024-10-25T10:43:04.651+0000] {processor.py:161} INFO - Started process (PID=2260) to work on /opt/airflow/dags/gold_news_pipeline.py
[2024-10-25T10:43:04.652+0000] {processor.py:830} INFO - Processing file /opt/airflow/dags/gold_news_pipeline.py for tasks to queue
[2024-10-25T10:43:04.653+0000] {logging_mixin.py:188} INFO - [2024-10-25T10:43:04.653+0000] {dagbag.py:540} INFO - Filling up the DagBag from /opt/airflow/dags/gold_news_pipeline.py
[2024-10-25T10:43:05.688+0000] {processor.py:840} INFO - DAG(s) 'Gold_News_pipeline' retrieved from /opt/airflow/dags/gold_news_pipeline.py
[2024-10-25T10:43:05.827+0000] {logging_mixin.py:188} INFO - [2024-10-25T10:43:05.827+0000] {dag.py:3047} INFO - Sync 1 DAGs
[2024-10-25T10:43:05.863+0000] {logging_mixin.py:188} INFO - [2024-10-25T10:43:05.862+0000] {dag.py:3834} INFO - Setting next_dagrun for Gold_News_pipeline to 2024-10-23 00:00:00+00:00, run_after=2024-10-24 00:00:00+00:00
[2024-10-25T10:43:05.893+0000] {processor.py:183} INFO - Processing /opt/airflow/dags/gold_news_pipeline.py took 1.245 seconds
[2024-10-25T10:43:36.096+0000] {processor.py:161} INFO - Started process (PID=2334) to work on /opt/airflow/dags/gold_news_pipeline.py
[2024-10-25T10:43:36.097+0000] {processor.py:830} INFO - Processing file /opt/airflow/dags/gold_news_pipeline.py for tasks to queue
[2024-10-25T10:43:36.098+0000] {logging_mixin.py:188} INFO - [2024-10-25T10:43:36.097+0000] {dagbag.py:540} INFO - Filling up the DagBag from /opt/airflow/dags/gold_news_pipeline.py
[2024-10-25T10:43:37.032+0000] {processor.py:840} INFO - DAG(s) 'Gold_News_pipeline' retrieved from /opt/airflow/dags/gold_news_pipeline.py
[2024-10-25T10:43:37.087+0000] {logging_mixin.py:188} INFO - [2024-10-25T10:43:37.087+0000] {dag.py:3047} INFO - Sync 1 DAGs
[2024-10-25T10:43:37.120+0000] {logging_mixin.py:188} INFO - [2024-10-25T10:43:37.120+0000] {dag.py:3834} INFO - Setting next_dagrun for Gold_News_pipeline to 2024-10-23 00:00:00+00:00, run_after=2024-10-24 00:00:00+00:00
[2024-10-25T10:43:37.259+0000] {processor.py:183} INFO - Processing /opt/airflow/dags/gold_news_pipeline.py took 1.166 seconds
[2024-10-25T10:44:07.327+0000] {processor.py:161} INFO - Started process (PID=2407) to work on /opt/airflow/dags/gold_news_pipeline.py
[2024-10-25T10:44:07.329+0000] {processor.py:830} INFO - Processing file /opt/airflow/dags/gold_news_pipeline.py for tasks to queue
[2024-10-25T10:44:07.330+0000] {logging_mixin.py:188} INFO - [2024-10-25T10:44:07.329+0000] {dagbag.py:540} INFO - Filling up the DagBag from /opt/airflow/dags/gold_news_pipeline.py
[2024-10-25T10:44:08.230+0000] {processor.py:840} INFO - DAG(s) 'Gold_News_pipeline' retrieved from /opt/airflow/dags/gold_news_pipeline.py
[2024-10-25T10:44:08.367+0000] {logging_mixin.py:188} INFO - [2024-10-25T10:44:08.366+0000] {dag.py:3047} INFO - Sync 1 DAGs
[2024-10-25T10:44:08.414+0000] {logging_mixin.py:188} INFO - [2024-10-25T10:44:08.414+0000] {dag.py:3834} INFO - Setting next_dagrun for Gold_News_pipeline to 2024-10-23 00:00:00+00:00, run_after=2024-10-24 00:00:00+00:00
[2024-10-25T10:44:08.469+0000] {processor.py:183} INFO - Processing /opt/airflow/dags/gold_news_pipeline.py took 1.145 seconds
[2024-10-25T10:44:39.271+0000] {processor.py:161} INFO - Started process (PID=2481) to work on /opt/airflow/dags/gold_news_pipeline.py
[2024-10-25T10:44:39.272+0000] {processor.py:830} INFO - Processing file /opt/airflow/dags/gold_news_pipeline.py for tasks to queue
[2024-10-25T10:44:39.273+0000] {logging_mixin.py:188} INFO - [2024-10-25T10:44:39.273+0000] {dagbag.py:540} INFO - Filling up the DagBag from /opt/airflow/dags/gold_news_pipeline.py
[2024-10-25T10:44:40.120+0000] {processor.py:840} INFO - DAG(s) 'Gold_News_pipeline' retrieved from /opt/airflow/dags/gold_news_pipeline.py
[2024-10-25T10:44:40.171+0000] {logging_mixin.py:188} INFO - [2024-10-25T10:44:40.170+0000] {dag.py:3047} INFO - Sync 1 DAGs
[2024-10-25T10:44:40.209+0000] {logging_mixin.py:188} INFO - [2024-10-25T10:44:40.209+0000] {dag.py:3834} INFO - Setting next_dagrun for Gold_News_pipeline to 2024-10-23 00:00:00+00:00, run_after=2024-10-24 00:00:00+00:00
[2024-10-25T10:44:40.230+0000] {processor.py:183} INFO - Processing /opt/airflow/dags/gold_news_pipeline.py took 0.961 seconds
[2024-10-25T10:45:11.047+0000] {processor.py:161} INFO - Started process (PID=2555) to work on /opt/airflow/dags/gold_news_pipeline.py
[2024-10-25T10:45:11.048+0000] {processor.py:830} INFO - Processing file /opt/airflow/dags/gold_news_pipeline.py for tasks to queue
[2024-10-25T10:45:11.048+0000] {logging_mixin.py:188} INFO - [2024-10-25T10:45:11.048+0000] {dagbag.py:540} INFO - Filling up the DagBag from /opt/airflow/dags/gold_news_pipeline.py
[2024-10-25T10:45:12.126+0000] {processor.py:840} INFO - DAG(s) 'Gold_News_pipeline' retrieved from /opt/airflow/dags/gold_news_pipeline.py
[2024-10-25T10:45:12.196+0000] {logging_mixin.py:188} INFO - [2024-10-25T10:45:12.196+0000] {dag.py:3047} INFO - Sync 1 DAGs
[2024-10-25T10:45:12.234+0000] {logging_mixin.py:188} INFO - [2024-10-25T10:45:12.234+0000] {dag.py:3834} INFO - Setting next_dagrun for Gold_News_pipeline to 2024-10-23 00:00:00+00:00, run_after=2024-10-24 00:00:00+00:00
[2024-10-25T10:45:12.268+0000] {processor.py:183} INFO - Processing /opt/airflow/dags/gold_news_pipeline.py took 1.224 seconds
[2024-10-25T10:45:42.620+0000] {processor.py:161} INFO - Started process (PID=2629) to work on /opt/airflow/dags/gold_news_pipeline.py
[2024-10-25T10:45:42.622+0000] {processor.py:830} INFO - Processing file /opt/airflow/dags/gold_news_pipeline.py for tasks to queue
[2024-10-25T10:45:42.623+0000] {logging_mixin.py:188} INFO - [2024-10-25T10:45:42.623+0000] {dagbag.py:540} INFO - Filling up the DagBag from /opt/airflow/dags/gold_news_pipeline.py
[2024-10-25T10:45:43.478+0000] {processor.py:840} INFO - DAG(s) 'Gold_News_pipeline' retrieved from /opt/airflow/dags/gold_news_pipeline.py
[2024-10-25T10:45:43.554+0000] {logging_mixin.py:188} INFO - [2024-10-25T10:45:43.553+0000] {dag.py:3047} INFO - Sync 1 DAGs
[2024-10-25T10:45:43.598+0000] {logging_mixin.py:188} INFO - [2024-10-25T10:45:43.598+0000] {dag.py:3834} INFO - Setting next_dagrun for Gold_News_pipeline to 2024-10-23 00:00:00+00:00, run_after=2024-10-24 00:00:00+00:00
[2024-10-25T10:45:43.779+0000] {processor.py:183} INFO - Processing /opt/airflow/dags/gold_news_pipeline.py took 1.161 seconds
[2024-10-25T10:46:14.346+0000] {processor.py:161} INFO - Started process (PID=2703) to work on /opt/airflow/dags/gold_news_pipeline.py
[2024-10-25T10:46:14.350+0000] {processor.py:830} INFO - Processing file /opt/airflow/dags/gold_news_pipeline.py for tasks to queue
[2024-10-25T10:46:14.351+0000] {logging_mixin.py:188} INFO - [2024-10-25T10:46:14.350+0000] {dagbag.py:540} INFO - Filling up the DagBag from /opt/airflow/dags/gold_news_pipeline.py
[2024-10-25T10:46:15.266+0000] {processor.py:840} INFO - DAG(s) 'Gold_News_pipeline' retrieved from /opt/airflow/dags/gold_news_pipeline.py
[2024-10-25T10:46:15.322+0000] {logging_mixin.py:188} INFO - [2024-10-25T10:46:15.321+0000] {dag.py:3047} INFO - Sync 1 DAGs
[2024-10-25T10:46:15.351+0000] {logging_mixin.py:188} INFO - [2024-10-25T10:46:15.351+0000] {dag.py:3834} INFO - Setting next_dagrun for Gold_News_pipeline to 2024-10-23 00:00:00+00:00, run_after=2024-10-24 00:00:00+00:00
[2024-10-25T10:46:15.435+0000] {processor.py:183} INFO - Processing /opt/airflow/dags/gold_news_pipeline.py took 1.091 seconds
[2024-10-25T10:46:45.893+0000] {processor.py:161} INFO - Started process (PID=2780) to work on /opt/airflow/dags/gold_news_pipeline.py
[2024-10-25T10:46:45.894+0000] {processor.py:830} INFO - Processing file /opt/airflow/dags/gold_news_pipeline.py for tasks to queue
[2024-10-25T10:46:45.895+0000] {logging_mixin.py:188} INFO - [2024-10-25T10:46:45.895+0000] {dagbag.py:540} INFO - Filling up the DagBag from /opt/airflow/dags/gold_news_pipeline.py
[2024-10-25T10:46:46.815+0000] {processor.py:840} INFO - DAG(s) 'Gold_News_pipeline' retrieved from /opt/airflow/dags/gold_news_pipeline.py
[2024-10-25T10:46:46.864+0000] {logging_mixin.py:188} INFO - [2024-10-25T10:46:46.864+0000] {dag.py:3047} INFO - Sync 1 DAGs
[2024-10-25T10:46:46.899+0000] {logging_mixin.py:188} INFO - [2024-10-25T10:46:46.899+0000] {dag.py:3834} INFO - Setting next_dagrun for Gold_News_pipeline to 2024-10-23 00:00:00+00:00, run_after=2024-10-24 00:00:00+00:00
[2024-10-25T10:46:46.945+0000] {processor.py:183} INFO - Processing /opt/airflow/dags/gold_news_pipeline.py took 1.056 seconds
[2024-10-25T10:47:17.569+0000] {processor.py:161} INFO - Started process (PID=2835) to work on /opt/airflow/dags/gold_news_pipeline.py
[2024-10-25T10:47:17.570+0000] {processor.py:830} INFO - Processing file /opt/airflow/dags/gold_news_pipeline.py for tasks to queue
[2024-10-25T10:47:17.571+0000] {logging_mixin.py:188} INFO - [2024-10-25T10:47:17.571+0000] {dagbag.py:540} INFO - Filling up the DagBag from /opt/airflow/dags/gold_news_pipeline.py
[2024-10-25T10:47:18.872+0000] {processor.py:840} INFO - DAG(s) 'Gold_News_pipeline' retrieved from /opt/airflow/dags/gold_news_pipeline.py
[2024-10-25T10:47:18.924+0000] {logging_mixin.py:188} INFO - [2024-10-25T10:47:18.924+0000] {dag.py:3047} INFO - Sync 1 DAGs
[2024-10-25T10:47:18.964+0000] {logging_mixin.py:188} INFO - [2024-10-25T10:47:18.964+0000] {dag.py:3834} INFO - Setting next_dagrun for Gold_News_pipeline to 2024-10-23 00:00:00+00:00, run_after=2024-10-24 00:00:00+00:00
[2024-10-25T10:47:19.005+0000] {processor.py:183} INFO - Processing /opt/airflow/dags/gold_news_pipeline.py took 1.440 seconds
[2024-10-25T11:24:14.770+0000] {processor.py:161} INFO - Started process (PID=253) to work on /opt/airflow/dags/gold_news_pipeline.py
[2024-10-25T11:24:14.772+0000] {processor.py:830} INFO - Processing file /opt/airflow/dags/gold_news_pipeline.py for tasks to queue
[2024-10-25T11:24:14.790+0000] {logging_mixin.py:188} INFO - [2024-10-25T11:24:14.789+0000] {dagbag.py:540} INFO - Filling up the DagBag from /opt/airflow/dags/gold_news_pipeline.py
[2024-10-25T11:24:15.211+0000] {processor.py:840} INFO - DAG(s) 'Gold_News_pipeline' retrieved from /opt/airflow/dags/gold_news_pipeline.py
[2024-10-25T11:24:15.449+0000] {logging_mixin.py:188} INFO - [2024-10-25T11:24:15.448+0000] {dag.py:3047} INFO - Sync 1 DAGs
[2024-10-25T11:24:15.468+0000] {logging_mixin.py:188} INFO - [2024-10-25T11:24:15.468+0000] {dag.py:3834} INFO - Setting next_dagrun for Gold_News_pipeline to 2024-10-23 00:00:00+00:00, run_after=2024-10-24 00:00:00+00:00
[2024-10-25T11:24:15.486+0000] {processor.py:183} INFO - Processing /opt/airflow/dags/gold_news_pipeline.py took 0.719 seconds
[2024-10-25T11:24:46.155+0000] {processor.py:161} INFO - Started process (PID=482) to work on /opt/airflow/dags/gold_news_pipeline.py
[2024-10-25T11:24:46.161+0000] {processor.py:830} INFO - Processing file /opt/airflow/dags/gold_news_pipeline.py for tasks to queue
[2024-10-25T11:24:46.169+0000] {logging_mixin.py:188} INFO - [2024-10-25T11:24:46.169+0000] {dagbag.py:540} INFO - Filling up the DagBag from /opt/airflow/dags/gold_news_pipeline.py
[2024-10-25T11:24:47.323+0000] {processor.py:840} INFO - DAG(s) 'Gold_News_pipeline' retrieved from /opt/airflow/dags/gold_news_pipeline.py
[2024-10-25T11:24:47.462+0000] {logging_mixin.py:188} INFO - [2024-10-25T11:24:47.461+0000] {dag.py:3047} INFO - Sync 1 DAGs
[2024-10-25T11:24:47.558+0000] {logging_mixin.py:188} INFO - [2024-10-25T11:24:47.557+0000] {dag.py:3834} INFO - Setting next_dagrun for Gold_News_pipeline to 2024-10-23 00:00:00+00:00, run_after=2024-10-24 00:00:00+00:00
[2024-10-25T11:24:47.773+0000] {processor.py:183} INFO - Processing /opt/airflow/dags/gold_news_pipeline.py took 1.621 seconds
[2024-10-25T11:25:18.467+0000] {processor.py:161} INFO - Started process (PID=555) to work on /opt/airflow/dags/gold_news_pipeline.py
[2024-10-25T11:25:18.473+0000] {processor.py:830} INFO - Processing file /opt/airflow/dags/gold_news_pipeline.py for tasks to queue
[2024-10-25T11:25:18.480+0000] {logging_mixin.py:188} INFO - [2024-10-25T11:25:18.479+0000] {dagbag.py:540} INFO - Filling up the DagBag from /opt/airflow/dags/gold_news_pipeline.py
[2024-10-25T11:25:19.513+0000] {processor.py:840} INFO - DAG(s) 'Gold_News_pipeline' retrieved from /opt/airflow/dags/gold_news_pipeline.py
[2024-10-25T11:25:19.691+0000] {logging_mixin.py:188} INFO - [2024-10-25T11:25:19.689+0000] {dag.py:3047} INFO - Sync 1 DAGs
[2024-10-25T11:25:19.784+0000] {logging_mixin.py:188} INFO - [2024-10-25T11:25:19.783+0000] {dag.py:3834} INFO - Setting next_dagrun for Gold_News_pipeline to 2024-10-23 00:00:00+00:00, run_after=2024-10-24 00:00:00+00:00
[2024-10-25T11:25:19.835+0000] {processor.py:183} INFO - Processing /opt/airflow/dags/gold_news_pipeline.py took 1.371 seconds
[2024-10-25T11:25:50.177+0000] {processor.py:161} INFO - Started process (PID=607) to work on /opt/airflow/dags/gold_news_pipeline.py
[2024-10-25T11:25:50.182+0000] {processor.py:830} INFO - Processing file /opt/airflow/dags/gold_news_pipeline.py for tasks to queue
[2024-10-25T11:25:50.184+0000] {logging_mixin.py:188} INFO - [2024-10-25T11:25:50.184+0000] {dagbag.py:540} INFO - Filling up the DagBag from /opt/airflow/dags/gold_news_pipeline.py
[2024-10-25T11:25:51.459+0000] {processor.py:840} INFO - DAG(s) 'Gold_News_pipeline' retrieved from /opt/airflow/dags/gold_news_pipeline.py
[2024-10-25T11:25:51.560+0000] {logging_mixin.py:188} INFO - [2024-10-25T11:25:51.560+0000] {dag.py:3047} INFO - Sync 1 DAGs
[2024-10-25T11:25:51.608+0000] {logging_mixin.py:188} INFO - [2024-10-25T11:25:51.608+0000] {dag.py:3834} INFO - Setting next_dagrun for Gold_News_pipeline to 2024-10-23 00:00:00+00:00, run_after=2024-10-24 00:00:00+00:00
[2024-10-25T11:25:51.663+0000] {processor.py:183} INFO - Processing /opt/airflow/dags/gold_news_pipeline.py took 1.489 seconds
[2024-10-25T11:26:22.118+0000] {processor.py:161} INFO - Started process (PID=679) to work on /opt/airflow/dags/gold_news_pipeline.py
[2024-10-25T11:26:22.119+0000] {processor.py:830} INFO - Processing file /opt/airflow/dags/gold_news_pipeline.py for tasks to queue
[2024-10-25T11:26:22.122+0000] {logging_mixin.py:188} INFO - [2024-10-25T11:26:22.122+0000] {dagbag.py:540} INFO - Filling up the DagBag from /opt/airflow/dags/gold_news_pipeline.py
[2024-10-25T11:26:23.019+0000] {processor.py:840} INFO - DAG(s) 'Gold_News_pipeline' retrieved from /opt/airflow/dags/gold_news_pipeline.py
[2024-10-25T11:26:23.067+0000] {logging_mixin.py:188} INFO - [2024-10-25T11:26:23.066+0000] {dag.py:3047} INFO - Sync 1 DAGs
[2024-10-25T11:26:23.092+0000] {logging_mixin.py:188} INFO - [2024-10-25T11:26:23.091+0000] {dag.py:3834} INFO - Setting next_dagrun for Gold_News_pipeline to 2024-10-23 00:00:00+00:00, run_after=2024-10-24 00:00:00+00:00
[2024-10-25T11:26:23.222+0000] {processor.py:183} INFO - Processing /opt/airflow/dags/gold_news_pipeline.py took 1.107 seconds
[2024-10-25T11:26:53.594+0000] {processor.py:161} INFO - Started process (PID=752) to work on /opt/airflow/dags/gold_news_pipeline.py
[2024-10-25T11:26:53.595+0000] {processor.py:830} INFO - Processing file /opt/airflow/dags/gold_news_pipeline.py for tasks to queue
[2024-10-25T11:26:53.596+0000] {logging_mixin.py:188} INFO - [2024-10-25T11:26:53.596+0000] {dagbag.py:540} INFO - Filling up the DagBag from /opt/airflow/dags/gold_news_pipeline.py
[2024-10-25T11:26:54.737+0000] {processor.py:840} INFO - DAG(s) 'Gold_News_pipeline' retrieved from /opt/airflow/dags/gold_news_pipeline.py
[2024-10-25T11:26:54.997+0000] {logging_mixin.py:188} INFO - [2024-10-25T11:26:54.996+0000] {dag.py:3047} INFO - Sync 1 DAGs
[2024-10-25T11:26:55.033+0000] {logging_mixin.py:188} INFO - [2024-10-25T11:26:55.033+0000] {dag.py:3834} INFO - Setting next_dagrun for Gold_News_pipeline to 2024-10-23 00:00:00+00:00, run_after=2024-10-24 00:00:00+00:00
[2024-10-25T11:26:55.062+0000] {processor.py:183} INFO - Processing /opt/airflow/dags/gold_news_pipeline.py took 1.471 seconds
[2024-10-25T11:27:25.941+0000] {processor.py:161} INFO - Started process (PID=825) to work on /opt/airflow/dags/gold_news_pipeline.py
[2024-10-25T11:27:25.942+0000] {processor.py:830} INFO - Processing file /opt/airflow/dags/gold_news_pipeline.py for tasks to queue
[2024-10-25T11:27:25.944+0000] {logging_mixin.py:188} INFO - [2024-10-25T11:27:25.944+0000] {dagbag.py:540} INFO - Filling up the DagBag from /opt/airflow/dags/gold_news_pipeline.py
[2024-10-25T11:27:27.021+0000] {processor.py:840} INFO - DAG(s) 'Gold_News_pipeline' retrieved from /opt/airflow/dags/gold_news_pipeline.py
[2024-10-25T11:27:27.185+0000] {logging_mixin.py:188} INFO - [2024-10-25T11:27:27.185+0000] {dag.py:3047} INFO - Sync 1 DAGs
[2024-10-25T11:27:27.222+0000] {logging_mixin.py:188} INFO - [2024-10-25T11:27:27.222+0000] {dag.py:3834} INFO - Setting next_dagrun for Gold_News_pipeline to 2024-10-23 00:00:00+00:00, run_after=2024-10-24 00:00:00+00:00
[2024-10-25T11:27:27.395+0000] {processor.py:183} INFO - Processing /opt/airflow/dags/gold_news_pipeline.py took 1.457 seconds
[2024-10-25T11:27:58.057+0000] {processor.py:161} INFO - Started process (PID=905) to work on /opt/airflow/dags/gold_news_pipeline.py
[2024-10-25T11:27:58.058+0000] {processor.py:830} INFO - Processing file /opt/airflow/dags/gold_news_pipeline.py for tasks to queue
[2024-10-25T11:27:58.059+0000] {logging_mixin.py:188} INFO - [2024-10-25T11:27:58.059+0000] {dagbag.py:540} INFO - Filling up the DagBag from /opt/airflow/dags/gold_news_pipeline.py
[2024-10-25T11:27:59.143+0000] {processor.py:840} INFO - DAG(s) 'Gold_News_pipeline' retrieved from /opt/airflow/dags/gold_news_pipeline.py
[2024-10-25T11:27:59.193+0000] {logging_mixin.py:188} INFO - [2024-10-25T11:27:59.192+0000] {dag.py:3047} INFO - Sync 1 DAGs
[2024-10-25T11:27:59.219+0000] {logging_mixin.py:188} INFO - [2024-10-25T11:27:59.219+0000] {dag.py:3834} INFO - Setting next_dagrun for Gold_News_pipeline to 2024-10-23 00:00:00+00:00, run_after=2024-10-24 00:00:00+00:00
[2024-10-25T11:27:59.274+0000] {processor.py:183} INFO - Processing /opt/airflow/dags/gold_news_pipeline.py took 1.221 seconds
[2024-10-25T11:28:30.200+0000] {processor.py:161} INFO - Started process (PID=978) to work on /opt/airflow/dags/gold_news_pipeline.py
[2024-10-25T11:28:30.210+0000] {processor.py:830} INFO - Processing file /opt/airflow/dags/gold_news_pipeline.py for tasks to queue
[2024-10-25T11:28:30.215+0000] {logging_mixin.py:188} INFO - [2024-10-25T11:28:30.215+0000] {dagbag.py:540} INFO - Filling up the DagBag from /opt/airflow/dags/gold_news_pipeline.py
[2024-10-25T11:28:31.282+0000] {processor.py:840} INFO - DAG(s) 'Gold_News_pipeline' retrieved from /opt/airflow/dags/gold_news_pipeline.py
[2024-10-25T11:28:31.336+0000] {logging_mixin.py:188} INFO - [2024-10-25T11:28:31.335+0000] {dag.py:3047} INFO - Sync 1 DAGs
[2024-10-25T11:28:31.367+0000] {logging_mixin.py:188} INFO - [2024-10-25T11:28:31.367+0000] {dag.py:3834} INFO - Setting next_dagrun for Gold_News_pipeline to 2024-10-23 00:00:00+00:00, run_after=2024-10-24 00:00:00+00:00
[2024-10-25T11:28:31.383+0000] {processor.py:183} INFO - Processing /opt/airflow/dags/gold_news_pipeline.py took 1.186 seconds
[2024-10-25T11:29:01.527+0000] {processor.py:161} INFO - Started process (PID=1052) to work on /opt/airflow/dags/gold_news_pipeline.py
[2024-10-25T11:29:01.528+0000] {processor.py:830} INFO - Processing file /opt/airflow/dags/gold_news_pipeline.py for tasks to queue
[2024-10-25T11:29:01.532+0000] {logging_mixin.py:188} INFO - [2024-10-25T11:29:01.531+0000] {dagbag.py:540} INFO - Filling up the DagBag from /opt/airflow/dags/gold_news_pipeline.py
[2024-10-25T11:29:02.280+0000] {processor.py:840} INFO - DAG(s) 'Gold_News_pipeline' retrieved from /opt/airflow/dags/gold_news_pipeline.py
[2024-10-25T11:29:02.494+0000] {logging_mixin.py:188} INFO - [2024-10-25T11:29:02.494+0000] {dag.py:3047} INFO - Sync 1 DAGs
[2024-10-25T11:29:02.532+0000] {logging_mixin.py:188} INFO - [2024-10-25T11:29:02.531+0000] {dag.py:3834} INFO - Setting next_dagrun for Gold_News_pipeline to 2024-10-23 00:00:00+00:00, run_after=2024-10-24 00:00:00+00:00
[2024-10-25T11:29:02.587+0000] {processor.py:183} INFO - Processing /opt/airflow/dags/gold_news_pipeline.py took 1.063 seconds
[2024-10-25T11:29:33.256+0000] {processor.py:161} INFO - Started process (PID=1125) to work on /opt/airflow/dags/gold_news_pipeline.py
[2024-10-25T11:29:33.260+0000] {processor.py:830} INFO - Processing file /opt/airflow/dags/gold_news_pipeline.py for tasks to queue
[2024-10-25T11:29:33.261+0000] {logging_mixin.py:188} INFO - [2024-10-25T11:29:33.261+0000] {dagbag.py:540} INFO - Filling up the DagBag from /opt/airflow/dags/gold_news_pipeline.py
[2024-10-25T11:29:34.163+0000] {processor.py:840} INFO - DAG(s) 'Gold_News_pipeline' retrieved from /opt/airflow/dags/gold_news_pipeline.py
[2024-10-25T11:29:34.315+0000] {logging_mixin.py:188} INFO - [2024-10-25T11:29:34.315+0000] {dag.py:3047} INFO - Sync 1 DAGs
[2024-10-25T11:29:34.354+0000] {logging_mixin.py:188} INFO - [2024-10-25T11:29:34.354+0000] {dag.py:3834} INFO - Setting next_dagrun for Gold_News_pipeline to 2024-10-23 00:00:00+00:00, run_after=2024-10-24 00:00:00+00:00
[2024-10-25T11:29:34.413+0000] {processor.py:183} INFO - Processing /opt/airflow/dags/gold_news_pipeline.py took 1.160 seconds
[2024-10-25T11:36:00.841+0000] {processor.py:161} INFO - Started process (PID=255) to work on /opt/airflow/dags/gold_news_pipeline.py
[2024-10-25T11:36:00.842+0000] {processor.py:830} INFO - Processing file /opt/airflow/dags/gold_news_pipeline.py for tasks to queue
[2024-10-25T11:36:00.843+0000] {logging_mixin.py:188} INFO - [2024-10-25T11:36:00.843+0000] {dagbag.py:540} INFO - Filling up the DagBag from /opt/airflow/dags/gold_news_pipeline.py
[2024-10-25T11:36:01.349+0000] {processor.py:840} INFO - DAG(s) 'Gold_News_pipeline' retrieved from /opt/airflow/dags/gold_news_pipeline.py
[2024-10-25T11:36:01.548+0000] {logging_mixin.py:188} INFO - [2024-10-25T11:36:01.548+0000] {dag.py:3047} INFO - Sync 1 DAGs
[2024-10-25T11:36:01.567+0000] {logging_mixin.py:188} INFO - [2024-10-25T11:36:01.566+0000] {dag.py:3834} INFO - Setting next_dagrun for Gold_News_pipeline to 2024-10-23 00:00:00+00:00, run_after=2024-10-24 00:00:00+00:00
[2024-10-25T11:36:01.603+0000] {processor.py:183} INFO - Processing /opt/airflow/dags/gold_news_pipeline.py took 0.766 seconds
[2024-10-25T11:36:34.142+0000] {processor.py:161} INFO - Started process (PID=488) to work on /opt/airflow/dags/gold_news_pipeline.py
[2024-10-25T11:36:34.146+0000] {processor.py:830} INFO - Processing file /opt/airflow/dags/gold_news_pipeline.py for tasks to queue
[2024-10-25T11:36:34.149+0000] {logging_mixin.py:188} INFO - [2024-10-25T11:36:34.148+0000] {dagbag.py:540} INFO - Filling up the DagBag from /opt/airflow/dags/gold_news_pipeline.py
[2024-10-25T11:36:35.286+0000] {processor.py:840} INFO - DAG(s) 'Gold_News_pipeline' retrieved from /opt/airflow/dags/gold_news_pipeline.py
[2024-10-25T11:36:35.599+0000] {logging_mixin.py:188} INFO - [2024-10-25T11:36:35.598+0000] {dag.py:3047} INFO - Sync 1 DAGs
[2024-10-25T11:36:35.687+0000] {logging_mixin.py:188} INFO - [2024-10-25T11:36:35.686+0000] {dag.py:3834} INFO - Setting next_dagrun for Gold_News_pipeline to 2024-10-23 00:00:00+00:00, run_after=2024-10-24 00:00:00+00:00
[2024-10-25T11:36:36.530+0000] {processor.py:183} INFO - Processing /opt/airflow/dags/gold_news_pipeline.py took 2.394 seconds
[2024-10-25T11:37:07.237+0000] {processor.py:161} INFO - Started process (PID=567) to work on /opt/airflow/dags/gold_news_pipeline.py
[2024-10-25T11:37:07.238+0000] {processor.py:830} INFO - Processing file /opt/airflow/dags/gold_news_pipeline.py for tasks to queue
[2024-10-25T11:37:07.240+0000] {logging_mixin.py:188} INFO - [2024-10-25T11:37:07.240+0000] {dagbag.py:540} INFO - Filling up the DagBag from /opt/airflow/dags/gold_news_pipeline.py
[2024-10-25T11:37:08.760+0000] {processor.py:840} INFO - DAG(s) 'Gold_News_pipeline' retrieved from /opt/airflow/dags/gold_news_pipeline.py
[2024-10-25T11:37:08.816+0000] {logging_mixin.py:188} INFO - [2024-10-25T11:37:08.816+0000] {dag.py:3047} INFO - Sync 1 DAGs
[2024-10-25T11:37:08.853+0000] {logging_mixin.py:188} INFO - [2024-10-25T11:37:08.853+0000] {dag.py:3834} INFO - Setting next_dagrun for Gold_News_pipeline to 2024-10-23 00:00:00+00:00, run_after=2024-10-24 00:00:00+00:00
[2024-10-25T11:37:08.897+0000] {processor.py:183} INFO - Processing /opt/airflow/dags/gold_news_pipeline.py took 1.664 seconds
[2024-10-25T11:37:39.280+0000] {processor.py:161} INFO - Started process (PID=639) to work on /opt/airflow/dags/gold_news_pipeline.py
[2024-10-25T11:37:39.282+0000] {processor.py:830} INFO - Processing file /opt/airflow/dags/gold_news_pipeline.py for tasks to queue
[2024-10-25T11:37:39.283+0000] {logging_mixin.py:188} INFO - [2024-10-25T11:37:39.283+0000] {dagbag.py:540} INFO - Filling up the DagBag from /opt/airflow/dags/gold_news_pipeline.py
[2024-10-25T11:37:40.031+0000] {processor.py:840} INFO - DAG(s) 'Gold_News_pipeline' retrieved from /opt/airflow/dags/gold_news_pipeline.py
[2024-10-25T11:37:40.070+0000] {logging_mixin.py:188} INFO - [2024-10-25T11:37:40.069+0000] {dag.py:3047} INFO - Sync 1 DAGs
[2024-10-25T11:37:40.087+0000] {logging_mixin.py:188} INFO - [2024-10-25T11:37:40.087+0000] {dag.py:3834} INFO - Setting next_dagrun for Gold_News_pipeline to 2024-10-23 00:00:00+00:00, run_after=2024-10-24 00:00:00+00:00
[2024-10-25T11:37:40.121+0000] {processor.py:183} INFO - Processing /opt/airflow/dags/gold_news_pipeline.py took 0.844 seconds
[2024-10-25T11:38:10.998+0000] {processor.py:161} INFO - Started process (PID=712) to work on /opt/airflow/dags/gold_news_pipeline.py
[2024-10-25T11:38:11.007+0000] {processor.py:830} INFO - Processing file /opt/airflow/dags/gold_news_pipeline.py for tasks to queue
[2024-10-25T11:38:11.009+0000] {logging_mixin.py:188} INFO - [2024-10-25T11:38:11.008+0000] {dagbag.py:540} INFO - Filling up the DagBag from /opt/airflow/dags/gold_news_pipeline.py
[2024-10-25T11:38:12.558+0000] {processor.py:840} INFO - DAG(s) 'Gold_News_pipeline' retrieved from /opt/airflow/dags/gold_news_pipeline.py
[2024-10-25T11:38:12.758+0000] {logging_mixin.py:188} INFO - [2024-10-25T11:38:12.757+0000] {dag.py:3047} INFO - Sync 1 DAGs
[2024-10-25T11:38:12.778+0000] {logging_mixin.py:188} INFO - [2024-10-25T11:38:12.778+0000] {dag.py:3834} INFO - Setting next_dagrun for Gold_News_pipeline to 2024-10-23 00:00:00+00:00, run_after=2024-10-24 00:00:00+00:00
[2024-10-25T11:38:12.827+0000] {processor.py:183} INFO - Processing /opt/airflow/dags/gold_news_pipeline.py took 1.832 seconds
[2024-10-25T11:38:43.422+0000] {processor.py:161} INFO - Started process (PID=786) to work on /opt/airflow/dags/gold_news_pipeline.py
[2024-10-25T11:38:43.423+0000] {processor.py:830} INFO - Processing file /opt/airflow/dags/gold_news_pipeline.py for tasks to queue
[2024-10-25T11:38:43.424+0000] {logging_mixin.py:188} INFO - [2024-10-25T11:38:43.424+0000] {dagbag.py:540} INFO - Filling up the DagBag from /opt/airflow/dags/gold_news_pipeline.py
[2024-10-25T11:38:44.437+0000] {processor.py:840} INFO - DAG(s) 'Gold_News_pipeline' retrieved from /opt/airflow/dags/gold_news_pipeline.py
[2024-10-25T11:38:44.487+0000] {logging_mixin.py:188} INFO - [2024-10-25T11:38:44.487+0000] {dag.py:3047} INFO - Sync 1 DAGs
[2024-10-25T11:38:44.535+0000] {logging_mixin.py:188} INFO - [2024-10-25T11:38:44.534+0000] {dag.py:3834} INFO - Setting next_dagrun for Gold_News_pipeline to 2024-10-23 00:00:00+00:00, run_after=2024-10-24 00:00:00+00:00
[2024-10-25T11:38:44.594+0000] {processor.py:183} INFO - Processing /opt/airflow/dags/gold_news_pipeline.py took 1.175 seconds
[2024-10-25T11:39:14.827+0000] {processor.py:161} INFO - Started process (PID=858) to work on /opt/airflow/dags/gold_news_pipeline.py
[2024-10-25T11:39:14.828+0000] {processor.py:830} INFO - Processing file /opt/airflow/dags/gold_news_pipeline.py for tasks to queue
[2024-10-25T11:39:14.829+0000] {logging_mixin.py:188} INFO - [2024-10-25T11:39:14.829+0000] {dagbag.py:540} INFO - Filling up the DagBag from /opt/airflow/dags/gold_news_pipeline.py
[2024-10-25T11:39:15.735+0000] {processor.py:840} INFO - DAG(s) 'Gold_News_pipeline' retrieved from /opt/airflow/dags/gold_news_pipeline.py
[2024-10-25T11:39:15.808+0000] {logging_mixin.py:188} INFO - [2024-10-25T11:39:15.808+0000] {dag.py:3047} INFO - Sync 1 DAGs
[2024-10-25T11:39:15.838+0000] {logging_mixin.py:188} INFO - [2024-10-25T11:39:15.838+0000] {dag.py:3834} INFO - Setting next_dagrun for Gold_News_pipeline to 2024-10-23 00:00:00+00:00, run_after=2024-10-24 00:00:00+00:00
[2024-10-25T11:39:16.154+0000] {processor.py:183} INFO - Processing /opt/airflow/dags/gold_news_pipeline.py took 1.329 seconds
[2024-10-25T11:39:47.166+0000] {processor.py:161} INFO - Started process (PID=912) to work on /opt/airflow/dags/gold_news_pipeline.py
[2024-10-25T11:39:47.167+0000] {processor.py:830} INFO - Processing file /opt/airflow/dags/gold_news_pipeline.py for tasks to queue
[2024-10-25T11:39:47.168+0000] {logging_mixin.py:188} INFO - [2024-10-25T11:39:47.168+0000] {dagbag.py:540} INFO - Filling up the DagBag from /opt/airflow/dags/gold_news_pipeline.py
[2024-10-25T11:39:48.589+0000] {processor.py:840} INFO - DAG(s) 'Gold_News_pipeline' retrieved from /opt/airflow/dags/gold_news_pipeline.py
[2024-10-25T11:39:48.779+0000] {logging_mixin.py:188} INFO - [2024-10-25T11:39:48.778+0000] {dag.py:3047} INFO - Sync 1 DAGs
[2024-10-25T11:39:48.841+0000] {logging_mixin.py:188} INFO - [2024-10-25T11:39:48.841+0000] {dag.py:3834} INFO - Setting next_dagrun for Gold_News_pipeline to 2024-10-23 00:00:00+00:00, run_after=2024-10-24 00:00:00+00:00
[2024-10-25T11:39:48.926+0000] {processor.py:183} INFO - Processing /opt/airflow/dags/gold_news_pipeline.py took 1.764 seconds
[2024-10-25T11:40:19.185+0000] {processor.py:161} INFO - Started process (PID=985) to work on /opt/airflow/dags/gold_news_pipeline.py
[2024-10-25T11:40:19.190+0000] {processor.py:830} INFO - Processing file /opt/airflow/dags/gold_news_pipeline.py for tasks to queue
[2024-10-25T11:40:19.196+0000] {logging_mixin.py:188} INFO - [2024-10-25T11:40:19.196+0000] {dagbag.py:540} INFO - Filling up the DagBag from /opt/airflow/dags/gold_news_pipeline.py
[2024-10-25T11:40:20.307+0000] {processor.py:840} INFO - DAG(s) 'Gold_News_pipeline' retrieved from /opt/airflow/dags/gold_news_pipeline.py
[2024-10-25T11:40:20.458+0000] {logging_mixin.py:188} INFO - [2024-10-25T11:40:20.458+0000] {dag.py:3047} INFO - Sync 1 DAGs
[2024-10-25T11:40:20.493+0000] {logging_mixin.py:188} INFO - [2024-10-25T11:40:20.493+0000] {dag.py:3834} INFO - Setting next_dagrun for Gold_News_pipeline to 2024-10-23 00:00:00+00:00, run_after=2024-10-24 00:00:00+00:00
[2024-10-25T11:40:20.537+0000] {processor.py:183} INFO - Processing /opt/airflow/dags/gold_news_pipeline.py took 1.353 seconds
[2024-10-25T11:40:50.694+0000] {processor.py:161} INFO - Started process (PID=1056) to work on /opt/airflow/dags/gold_news_pipeline.py
[2024-10-25T11:40:50.696+0000] {processor.py:830} INFO - Processing file /opt/airflow/dags/gold_news_pipeline.py for tasks to queue
[2024-10-25T11:40:50.698+0000] {logging_mixin.py:188} INFO - [2024-10-25T11:40:50.698+0000] {dagbag.py:540} INFO - Filling up the DagBag from /opt/airflow/dags/gold_news_pipeline.py
[2024-10-25T11:40:51.397+0000] {processor.py:840} INFO - DAG(s) 'Gold_News_pipeline' retrieved from /opt/airflow/dags/gold_news_pipeline.py
[2024-10-25T11:40:51.552+0000] {logging_mixin.py:188} INFO - [2024-10-25T11:40:51.552+0000] {dag.py:3047} INFO - Sync 1 DAGs
[2024-10-25T11:40:51.582+0000] {logging_mixin.py:188} INFO - [2024-10-25T11:40:51.582+0000] {dag.py:3834} INFO - Setting next_dagrun for Gold_News_pipeline to 2024-10-23 00:00:00+00:00, run_after=2024-10-24 00:00:00+00:00
[2024-10-25T11:40:51.619+0000] {processor.py:183} INFO - Processing /opt/airflow/dags/gold_news_pipeline.py took 0.928 seconds
[2024-10-25T11:41:22.190+0000] {processor.py:161} INFO - Started process (PID=1130) to work on /opt/airflow/dags/gold_news_pipeline.py
[2024-10-25T11:41:22.192+0000] {processor.py:830} INFO - Processing file /opt/airflow/dags/gold_news_pipeline.py for tasks to queue
[2024-10-25T11:41:22.199+0000] {logging_mixin.py:188} INFO - [2024-10-25T11:41:22.199+0000] {dagbag.py:540} INFO - Filling up the DagBag from /opt/airflow/dags/gold_news_pipeline.py
[2024-10-25T11:41:22.932+0000] {processor.py:840} INFO - DAG(s) 'Gold_News_pipeline' retrieved from /opt/airflow/dags/gold_news_pipeline.py
[2024-10-25T11:41:22.996+0000] {logging_mixin.py:188} INFO - [2024-10-25T11:41:22.995+0000] {dag.py:3047} INFO - Sync 1 DAGs
[2024-10-25T11:41:23.038+0000] {logging_mixin.py:188} INFO - [2024-10-25T11:41:23.038+0000] {dag.py:3834} INFO - Setting next_dagrun for Gold_News_pipeline to 2024-10-23 00:00:00+00:00, run_after=2024-10-24 00:00:00+00:00
[2024-10-25T11:41:23.069+0000] {processor.py:183} INFO - Processing /opt/airflow/dags/gold_news_pipeline.py took 0.881 seconds
[2024-10-25T11:41:53.779+0000] {processor.py:161} INFO - Started process (PID=1204) to work on /opt/airflow/dags/gold_news_pipeline.py
[2024-10-25T11:41:53.780+0000] {processor.py:830} INFO - Processing file /opt/airflow/dags/gold_news_pipeline.py for tasks to queue
[2024-10-25T11:41:53.781+0000] {logging_mixin.py:188} INFO - [2024-10-25T11:41:53.780+0000] {dagbag.py:540} INFO - Filling up the DagBag from /opt/airflow/dags/gold_news_pipeline.py
[2024-10-25T11:41:54.505+0000] {processor.py:840} INFO - DAG(s) 'Gold_News_pipeline' retrieved from /opt/airflow/dags/gold_news_pipeline.py
[2024-10-25T11:41:54.596+0000] {logging_mixin.py:188} INFO - [2024-10-25T11:41:54.595+0000] {dag.py:3047} INFO - Sync 1 DAGs
[2024-10-25T11:41:54.624+0000] {logging_mixin.py:188} INFO - [2024-10-25T11:41:54.624+0000] {dag.py:3834} INFO - Setting next_dagrun for Gold_News_pipeline to 2024-10-23 00:00:00+00:00, run_after=2024-10-24 00:00:00+00:00
[2024-10-25T11:41:54.871+0000] {processor.py:183} INFO - Processing /opt/airflow/dags/gold_news_pipeline.py took 1.095 seconds
[2024-10-25T11:42:25.356+0000] {processor.py:161} INFO - Started process (PID=1281) to work on /opt/airflow/dags/gold_news_pipeline.py
[2024-10-25T11:42:25.358+0000] {processor.py:830} INFO - Processing file /opt/airflow/dags/gold_news_pipeline.py for tasks to queue
[2024-10-25T11:42:25.359+0000] {logging_mixin.py:188} INFO - [2024-10-25T11:42:25.359+0000] {dagbag.py:540} INFO - Filling up the DagBag from /opt/airflow/dags/gold_news_pipeline.py
[2024-10-25T11:42:26.263+0000] {processor.py:840} INFO - DAG(s) 'Gold_News_pipeline' retrieved from /opt/airflow/dags/gold_news_pipeline.py
[2024-10-25T11:42:26.309+0000] {logging_mixin.py:188} INFO - [2024-10-25T11:42:26.308+0000] {dag.py:3047} INFO - Sync 1 DAGs
[2024-10-25T11:42:26.358+0000] {logging_mixin.py:188} INFO - [2024-10-25T11:42:26.357+0000] {dag.py:3834} INFO - Setting next_dagrun for Gold_News_pipeline to 2024-10-23 00:00:00+00:00, run_after=2024-10-24 00:00:00+00:00
[2024-10-25T11:42:26.398+0000] {processor.py:183} INFO - Processing /opt/airflow/dags/gold_news_pipeline.py took 1.045 seconds
[2024-10-25T11:42:56.835+0000] {processor.py:161} INFO - Started process (PID=1351) to work on /opt/airflow/dags/gold_news_pipeline.py
[2024-10-25T11:42:56.842+0000] {processor.py:830} INFO - Processing file /opt/airflow/dags/gold_news_pipeline.py for tasks to queue
[2024-10-25T11:42:56.848+0000] {logging_mixin.py:188} INFO - [2024-10-25T11:42:56.847+0000] {dagbag.py:540} INFO - Filling up the DagBag from /opt/airflow/dags/gold_news_pipeline.py
[2024-10-25T11:42:57.847+0000] {processor.py:840} INFO - DAG(s) 'Gold_News_pipeline' retrieved from /opt/airflow/dags/gold_news_pipeline.py
[2024-10-25T11:42:57.936+0000] {logging_mixin.py:188} INFO - [2024-10-25T11:42:57.936+0000] {dag.py:3047} INFO - Sync 1 DAGs
[2024-10-25T11:42:57.974+0000] {logging_mixin.py:188} INFO - [2024-10-25T11:42:57.974+0000] {dag.py:3834} INFO - Setting next_dagrun for Gold_News_pipeline to 2024-10-23 00:00:00+00:00, run_after=2024-10-24 00:00:00+00:00
[2024-10-25T11:42:58.014+0000] {processor.py:183} INFO - Processing /opt/airflow/dags/gold_news_pipeline.py took 1.182 seconds
[2024-10-25T11:43:28.477+0000] {processor.py:161} INFO - Started process (PID=1428) to work on /opt/airflow/dags/gold_news_pipeline.py
[2024-10-25T11:43:28.478+0000] {processor.py:830} INFO - Processing file /opt/airflow/dags/gold_news_pipeline.py for tasks to queue
[2024-10-25T11:43:28.479+0000] {logging_mixin.py:188} INFO - [2024-10-25T11:43:28.479+0000] {dagbag.py:540} INFO - Filling up the DagBag from /opt/airflow/dags/gold_news_pipeline.py
[2024-10-25T11:43:29.484+0000] {processor.py:840} INFO - DAG(s) 'Gold_News_pipeline' retrieved from /opt/airflow/dags/gold_news_pipeline.py
[2024-10-25T11:43:29.729+0000] {logging_mixin.py:188} INFO - [2024-10-25T11:43:29.728+0000] {dag.py:3047} INFO - Sync 1 DAGs
[2024-10-25T11:43:29.755+0000] {logging_mixin.py:188} INFO - [2024-10-25T11:43:29.755+0000] {dag.py:3834} INFO - Setting next_dagrun for Gold_News_pipeline to 2024-10-23 00:00:00+00:00, run_after=2024-10-24 00:00:00+00:00
[2024-10-25T11:43:29.779+0000] {processor.py:183} INFO - Processing /opt/airflow/dags/gold_news_pipeline.py took 1.305 seconds
[2024-10-25T11:44:00.028+0000] {processor.py:161} INFO - Started process (PID=1499) to work on /opt/airflow/dags/gold_news_pipeline.py
[2024-10-25T11:44:00.042+0000] {processor.py:830} INFO - Processing file /opt/airflow/dags/gold_news_pipeline.py for tasks to queue
[2024-10-25T11:44:00.044+0000] {logging_mixin.py:188} INFO - [2024-10-25T11:44:00.043+0000] {dagbag.py:540} INFO - Filling up the DagBag from /opt/airflow/dags/gold_news_pipeline.py
[2024-10-25T11:44:00.807+0000] {processor.py:840} INFO - DAG(s) 'Gold_News_pipeline' retrieved from /opt/airflow/dags/gold_news_pipeline.py
[2024-10-25T11:44:00.929+0000] {logging_mixin.py:188} INFO - [2024-10-25T11:44:00.929+0000] {dag.py:3047} INFO - Sync 1 DAGs
[2024-10-25T11:44:00.975+0000] {logging_mixin.py:188} INFO - [2024-10-25T11:44:00.975+0000] {dag.py:3834} INFO - Setting next_dagrun for Gold_News_pipeline to 2024-10-23 00:00:00+00:00, run_after=2024-10-24 00:00:00+00:00
[2024-10-25T11:44:01.020+0000] {processor.py:183} INFO - Processing /opt/airflow/dags/gold_news_pipeline.py took 0.994 seconds
