[2024-10-25T10:30:19.542+0000] {processor.py:161} INFO - Started process (PID=218) to work on /opt/airflow/dags/vehicle_model_training_pipeline.py
[2024-10-25T10:30:19.544+0000] {processor.py:830} INFO - Processing file /opt/airflow/dags/vehicle_model_training_pipeline.py for tasks to queue
[2024-10-25T10:30:19.545+0000] {logging_mixin.py:188} INFO - [2024-10-25T10:30:19.544+0000] {dagbag.py:540} INFO - Filling up the DagBag from /opt/airflow/dags/vehicle_model_training_pipeline.py
[2024-10-25T10:30:21.745+0000] {processor.py:840} INFO - DAG(s) 'Vehicle_Model_Training_Pipeline' retrieved from /opt/airflow/dags/vehicle_model_training_pipeline.py
[2024-10-25T10:30:21.904+0000] {logging_mixin.py:188} INFO - [2024-10-25T10:30:21.903+0000] {dag.py:3047} INFO - Sync 1 DAGs
[2024-10-25T10:30:21.917+0000] {logging_mixin.py:188} INFO - [2024-10-25T10:30:21.916+0000] {dag.py:3834} INFO - Setting next_dagrun for Vehicle_Model_Training_Pipeline to 2024-10-23 00:00:00+00:00, run_after=2024-10-24 00:00:00+00:00
[2024-10-25T10:30:21.932+0000] {processor.py:183} INFO - Processing /opt/airflow/dags/vehicle_model_training_pipeline.py took 2.392 seconds
[2024-10-25T10:30:51.997+0000] {processor.py:161} INFO - Started process (PID=367) to work on /opt/airflow/dags/vehicle_model_training_pipeline.py
[2024-10-25T10:30:51.998+0000] {processor.py:830} INFO - Processing file /opt/airflow/dags/vehicle_model_training_pipeline.py for tasks to queue
[2024-10-25T10:30:51.999+0000] {logging_mixin.py:188} INFO - [2024-10-25T10:30:51.999+0000] {dagbag.py:540} INFO - Filling up the DagBag from /opt/airflow/dags/vehicle_model_training_pipeline.py
[2024-10-25T10:30:52.782+0000] {processor.py:840} INFO - DAG(s) 'Vehicle_Model_Training_Pipeline' retrieved from /opt/airflow/dags/vehicle_model_training_pipeline.py
[2024-10-25T10:30:52.958+0000] {logging_mixin.py:188} INFO - [2024-10-25T10:30:52.958+0000] {dag.py:3047} INFO - Sync 1 DAGs
[2024-10-25T10:30:52.975+0000] {logging_mixin.py:188} INFO - [2024-10-25T10:30:52.975+0000] {dag.py:3834} INFO - Setting next_dagrun for Vehicle_Model_Training_Pipeline to 2024-10-25 00:00:00+00:00, run_after=2024-10-26 00:00:00+00:00
[2024-10-25T10:30:52.991+0000] {processor.py:183} INFO - Processing /opt/airflow/dags/vehicle_model_training_pipeline.py took 0.996 seconds
[2024-10-25T10:31:24.580+0000] {processor.py:161} INFO - Started process (PID=478) to work on /opt/airflow/dags/vehicle_model_training_pipeline.py
[2024-10-25T10:31:24.581+0000] {processor.py:830} INFO - Processing file /opt/airflow/dags/vehicle_model_training_pipeline.py for tasks to queue
[2024-10-25T10:31:24.582+0000] {logging_mixin.py:188} INFO - [2024-10-25T10:31:24.582+0000] {dagbag.py:540} INFO - Filling up the DagBag from /opt/airflow/dags/vehicle_model_training_pipeline.py
[2024-10-25T10:31:25.378+0000] {processor.py:840} INFO - DAG(s) 'Vehicle_Model_Training_Pipeline' retrieved from /opt/airflow/dags/vehicle_model_training_pipeline.py
[2024-10-25T10:31:25.485+0000] {logging_mixin.py:188} INFO - [2024-10-25T10:31:25.485+0000] {dag.py:3047} INFO - Sync 1 DAGs
[2024-10-25T10:31:25.499+0000] {logging_mixin.py:188} INFO - [2024-10-25T10:31:25.499+0000] {dag.py:3834} INFO - Setting next_dagrun for Vehicle_Model_Training_Pipeline to 2024-10-25 00:00:00+00:00, run_after=2024-10-26 00:00:00+00:00
[2024-10-25T10:31:25.512+0000] {processor.py:183} INFO - Processing /opt/airflow/dags/vehicle_model_training_pipeline.py took 0.935 seconds
[2024-10-25T10:31:55.856+0000] {processor.py:161} INFO - Started process (PID=630) to work on /opt/airflow/dags/vehicle_model_training_pipeline.py
[2024-10-25T10:31:55.857+0000] {processor.py:830} INFO - Processing file /opt/airflow/dags/vehicle_model_training_pipeline.py for tasks to queue
[2024-10-25T10:31:55.858+0000] {logging_mixin.py:188} INFO - [2024-10-25T10:31:55.857+0000] {dagbag.py:540} INFO - Filling up the DagBag from /opt/airflow/dags/vehicle_model_training_pipeline.py
[2024-10-25T10:31:57.627+0000] {processor.py:840} INFO - DAG(s) 'Vehicle_Model_Training_Pipeline' retrieved from /opt/airflow/dags/vehicle_model_training_pipeline.py
[2024-10-25T10:31:57.761+0000] {logging_mixin.py:188} INFO - [2024-10-25T10:31:57.761+0000] {dag.py:3047} INFO - Sync 1 DAGs
[2024-10-25T10:31:57.786+0000] {logging_mixin.py:188} INFO - [2024-10-25T10:31:57.786+0000] {dag.py:3834} INFO - Setting next_dagrun for Vehicle_Model_Training_Pipeline to 2024-10-25 00:00:00+00:00, run_after=2024-10-26 00:00:00+00:00
[2024-10-25T10:31:57.814+0000] {processor.py:183} INFO - Processing /opt/airflow/dags/vehicle_model_training_pipeline.py took 1.960 seconds
[2024-10-25T10:32:28.411+0000] {processor.py:161} INFO - Started process (PID=765) to work on /opt/airflow/dags/vehicle_model_training_pipeline.py
[2024-10-25T10:32:28.413+0000] {processor.py:830} INFO - Processing file /opt/airflow/dags/vehicle_model_training_pipeline.py for tasks to queue
[2024-10-25T10:32:28.416+0000] {logging_mixin.py:188} INFO - [2024-10-25T10:32:28.415+0000] {dagbag.py:540} INFO - Filling up the DagBag from /opt/airflow/dags/vehicle_model_training_pipeline.py
[2024-10-25T10:32:29.876+0000] {processor.py:840} INFO - DAG(s) 'Vehicle_Model_Training_Pipeline' retrieved from /opt/airflow/dags/vehicle_model_training_pipeline.py
[2024-10-25T10:32:30.073+0000] {logging_mixin.py:188} INFO - [2024-10-25T10:32:30.072+0000] {dag.py:3047} INFO - Sync 1 DAGs
[2024-10-25T10:32:30.127+0000] {logging_mixin.py:188} INFO - [2024-10-25T10:32:30.126+0000] {dag.py:3834} INFO - Setting next_dagrun for Vehicle_Model_Training_Pipeline to 2024-10-25 00:00:00+00:00, run_after=2024-10-26 00:00:00+00:00
[2024-10-25T10:32:30.147+0000] {processor.py:183} INFO - Processing /opt/airflow/dags/vehicle_model_training_pipeline.py took 1.740 seconds
[2024-10-25T10:33:00.915+0000] {processor.py:161} INFO - Started process (PID=842) to work on /opt/airflow/dags/vehicle_model_training_pipeline.py
[2024-10-25T10:33:00.969+0000] {processor.py:830} INFO - Processing file /opt/airflow/dags/vehicle_model_training_pipeline.py for tasks to queue
[2024-10-25T10:33:01.006+0000] {logging_mixin.py:188} INFO - [2024-10-25T10:33:01.006+0000] {dagbag.py:540} INFO - Filling up the DagBag from /opt/airflow/dags/vehicle_model_training_pipeline.py
[2024-10-25T10:33:02.364+0000] {processor.py:840} INFO - DAG(s) 'Vehicle_Model_Training_Pipeline' retrieved from /opt/airflow/dags/vehicle_model_training_pipeline.py
[2024-10-25T10:33:02.496+0000] {logging_mixin.py:188} INFO - [2024-10-25T10:33:02.495+0000] {dag.py:3047} INFO - Sync 1 DAGs
[2024-10-25T10:33:02.531+0000] {logging_mixin.py:188} INFO - [2024-10-25T10:33:02.530+0000] {dag.py:3834} INFO - Setting next_dagrun for Vehicle_Model_Training_Pipeline to 2024-10-25 00:00:00+00:00, run_after=2024-10-26 00:00:00+00:00
[2024-10-25T10:33:02.558+0000] {processor.py:183} INFO - Processing /opt/airflow/dags/vehicle_model_training_pipeline.py took 1.648 seconds
[2024-10-25T10:33:32.819+0000] {processor.py:161} INFO - Started process (PID=916) to work on /opt/airflow/dags/vehicle_model_training_pipeline.py
[2024-10-25T10:33:32.824+0000] {processor.py:830} INFO - Processing file /opt/airflow/dags/vehicle_model_training_pipeline.py for tasks to queue
[2024-10-25T10:33:32.826+0000] {logging_mixin.py:188} INFO - [2024-10-25T10:33:32.826+0000] {dagbag.py:540} INFO - Filling up the DagBag from /opt/airflow/dags/vehicle_model_training_pipeline.py
[2024-10-25T10:33:34.580+0000] {processor.py:840} INFO - DAG(s) 'Vehicle_Model_Training_Pipeline' retrieved from /opt/airflow/dags/vehicle_model_training_pipeline.py
[2024-10-25T10:33:34.851+0000] {logging_mixin.py:188} INFO - [2024-10-25T10:33:34.850+0000] {dag.py:3047} INFO - Sync 1 DAGs
[2024-10-25T10:33:34.908+0000] {logging_mixin.py:188} INFO - [2024-10-25T10:33:34.908+0000] {dag.py:3834} INFO - Setting next_dagrun for Vehicle_Model_Training_Pipeline to 2024-10-25 00:00:00+00:00, run_after=2024-10-26 00:00:00+00:00
[2024-10-25T10:33:34.993+0000] {processor.py:183} INFO - Processing /opt/airflow/dags/vehicle_model_training_pipeline.py took 2.177 seconds
[2024-10-25T10:34:05.679+0000] {processor.py:161} INFO - Started process (PID=990) to work on /opt/airflow/dags/vehicle_model_training_pipeline.py
[2024-10-25T10:34:05.680+0000] {processor.py:830} INFO - Processing file /opt/airflow/dags/vehicle_model_training_pipeline.py for tasks to queue
[2024-10-25T10:34:05.681+0000] {logging_mixin.py:188} INFO - [2024-10-25T10:34:05.680+0000] {dagbag.py:540} INFO - Filling up the DagBag from /opt/airflow/dags/vehicle_model_training_pipeline.py
[2024-10-25T10:34:07.113+0000] {processor.py:840} INFO - DAG(s) 'Vehicle_Model_Training_Pipeline' retrieved from /opt/airflow/dags/vehicle_model_training_pipeline.py
[2024-10-25T10:34:07.268+0000] {logging_mixin.py:188} INFO - [2024-10-25T10:34:07.266+0000] {dag.py:3047} INFO - Sync 1 DAGs
[2024-10-25T10:34:07.304+0000] {logging_mixin.py:188} INFO - [2024-10-25T10:34:07.303+0000] {dag.py:3834} INFO - Setting next_dagrun for Vehicle_Model_Training_Pipeline to 2024-10-25 00:00:00+00:00, run_after=2024-10-26 00:00:00+00:00
[2024-10-25T10:34:07.363+0000] {processor.py:183} INFO - Processing /opt/airflow/dags/vehicle_model_training_pipeline.py took 1.687 seconds
[2024-10-25T10:34:38.003+0000] {processor.py:161} INFO - Started process (PID=1068) to work on /opt/airflow/dags/vehicle_model_training_pipeline.py
[2024-10-25T10:34:38.004+0000] {processor.py:830} INFO - Processing file /opt/airflow/dags/vehicle_model_training_pipeline.py for tasks to queue
[2024-10-25T10:34:38.005+0000] {logging_mixin.py:188} INFO - [2024-10-25T10:34:38.005+0000] {dagbag.py:540} INFO - Filling up the DagBag from /opt/airflow/dags/vehicle_model_training_pipeline.py
[2024-10-25T10:34:39.913+0000] {processor.py:840} INFO - DAG(s) 'Vehicle_Model_Training_Pipeline' retrieved from /opt/airflow/dags/vehicle_model_training_pipeline.py
[2024-10-25T10:34:40.028+0000] {logging_mixin.py:188} INFO - [2024-10-25T10:34:40.027+0000] {dag.py:3047} INFO - Sync 1 DAGs
[2024-10-25T10:34:40.161+0000] {logging_mixin.py:188} INFO - [2024-10-25T10:34:40.161+0000] {dag.py:3834} INFO - Setting next_dagrun for Vehicle_Model_Training_Pipeline to 2024-10-25 00:00:00+00:00, run_after=2024-10-26 00:00:00+00:00
[2024-10-25T10:34:40.252+0000] {processor.py:183} INFO - Processing /opt/airflow/dags/vehicle_model_training_pipeline.py took 2.253 seconds
[2024-10-25T10:35:10.562+0000] {processor.py:161} INFO - Started process (PID=1150) to work on /opt/airflow/dags/vehicle_model_training_pipeline.py
[2024-10-25T10:35:10.564+0000] {processor.py:830} INFO - Processing file /opt/airflow/dags/vehicle_model_training_pipeline.py for tasks to queue
[2024-10-25T10:35:10.565+0000] {logging_mixin.py:188} INFO - [2024-10-25T10:35:10.565+0000] {dagbag.py:540} INFO - Filling up the DagBag from /opt/airflow/dags/vehicle_model_training_pipeline.py
[2024-10-25T10:35:12.380+0000] {processor.py:840} INFO - DAG(s) 'Vehicle_Model_Training_Pipeline' retrieved from /opt/airflow/dags/vehicle_model_training_pipeline.py
[2024-10-25T10:35:12.470+0000] {logging_mixin.py:188} INFO - [2024-10-25T10:35:12.470+0000] {dag.py:3047} INFO - Sync 1 DAGs
[2024-10-25T10:35:12.517+0000] {logging_mixin.py:188} INFO - [2024-10-25T10:35:12.517+0000] {dag.py:3834} INFO - Setting next_dagrun for Vehicle_Model_Training_Pipeline to 2024-10-25 00:00:00+00:00, run_after=2024-10-26 00:00:00+00:00
[2024-10-25T10:35:12.559+0000] {processor.py:183} INFO - Processing /opt/airflow/dags/vehicle_model_training_pipeline.py took 2.000 seconds
[2024-10-25T10:35:43.357+0000] {processor.py:161} INFO - Started process (PID=1230) to work on /opt/airflow/dags/vehicle_model_training_pipeline.py
[2024-10-25T10:35:43.359+0000] {processor.py:830} INFO - Processing file /opt/airflow/dags/vehicle_model_training_pipeline.py for tasks to queue
[2024-10-25T10:35:43.360+0000] {logging_mixin.py:188} INFO - [2024-10-25T10:35:43.360+0000] {dagbag.py:540} INFO - Filling up the DagBag from /opt/airflow/dags/vehicle_model_training_pipeline.py
[2024-10-25T10:35:44.995+0000] {processor.py:840} INFO - DAG(s) 'Vehicle_Model_Training_Pipeline' retrieved from /opt/airflow/dags/vehicle_model_training_pipeline.py
[2024-10-25T10:35:45.099+0000] {logging_mixin.py:188} INFO - [2024-10-25T10:35:45.099+0000] {dag.py:3047} INFO - Sync 1 DAGs
[2024-10-25T10:35:45.148+0000] {logging_mixin.py:188} INFO - [2024-10-25T10:35:45.148+0000] {dag.py:3834} INFO - Setting next_dagrun for Vehicle_Model_Training_Pipeline to 2024-10-25 00:00:00+00:00, run_after=2024-10-26 00:00:00+00:00
[2024-10-25T10:35:45.168+0000] {processor.py:183} INFO - Processing /opt/airflow/dags/vehicle_model_training_pipeline.py took 1.814 seconds
[2024-10-25T10:36:15.963+0000] {processor.py:161} INFO - Started process (PID=1304) to work on /opt/airflow/dags/vehicle_model_training_pipeline.py
[2024-10-25T10:36:15.964+0000] {processor.py:830} INFO - Processing file /opt/airflow/dags/vehicle_model_training_pipeline.py for tasks to queue
[2024-10-25T10:36:15.965+0000] {logging_mixin.py:188} INFO - [2024-10-25T10:36:15.965+0000] {dagbag.py:540} INFO - Filling up the DagBag from /opt/airflow/dags/vehicle_model_training_pipeline.py
[2024-10-25T10:36:17.495+0000] {processor.py:840} INFO - DAG(s) 'Vehicle_Model_Training_Pipeline' retrieved from /opt/airflow/dags/vehicle_model_training_pipeline.py
[2024-10-25T10:36:17.618+0000] {logging_mixin.py:188} INFO - [2024-10-25T10:36:17.617+0000] {dag.py:3047} INFO - Sync 1 DAGs
[2024-10-25T10:36:17.658+0000] {logging_mixin.py:188} INFO - [2024-10-25T10:36:17.658+0000] {dag.py:3834} INFO - Setting next_dagrun for Vehicle_Model_Training_Pipeline to 2024-10-25 00:00:00+00:00, run_after=2024-10-26 00:00:00+00:00
[2024-10-25T10:36:17.708+0000] {processor.py:183} INFO - Processing /opt/airflow/dags/vehicle_model_training_pipeline.py took 1.748 seconds
[2024-10-25T10:36:48.199+0000] {processor.py:161} INFO - Started process (PID=1379) to work on /opt/airflow/dags/vehicle_model_training_pipeline.py
[2024-10-25T10:36:48.203+0000] {processor.py:830} INFO - Processing file /opt/airflow/dags/vehicle_model_training_pipeline.py for tasks to queue
[2024-10-25T10:36:48.208+0000] {logging_mixin.py:188} INFO - [2024-10-25T10:36:48.207+0000] {dagbag.py:540} INFO - Filling up the DagBag from /opt/airflow/dags/vehicle_model_training_pipeline.py
[2024-10-25T10:36:50.027+0000] {processor.py:840} INFO - DAG(s) 'Vehicle_Model_Training_Pipeline' retrieved from /opt/airflow/dags/vehicle_model_training_pipeline.py
[2024-10-25T10:36:50.211+0000] {logging_mixin.py:188} INFO - [2024-10-25T10:36:50.211+0000] {dag.py:3047} INFO - Sync 1 DAGs
[2024-10-25T10:36:50.257+0000] {logging_mixin.py:188} INFO - [2024-10-25T10:36:50.254+0000] {dag.py:3834} INFO - Setting next_dagrun for Vehicle_Model_Training_Pipeline to 2024-10-25 00:00:00+00:00, run_after=2024-10-26 00:00:00+00:00
[2024-10-25T10:36:50.345+0000] {processor.py:183} INFO - Processing /opt/airflow/dags/vehicle_model_training_pipeline.py took 2.149 seconds
[2024-10-25T10:37:20.662+0000] {processor.py:161} INFO - Started process (PID=1452) to work on /opt/airflow/dags/vehicle_model_training_pipeline.py
[2024-10-25T10:37:20.663+0000] {processor.py:830} INFO - Processing file /opt/airflow/dags/vehicle_model_training_pipeline.py for tasks to queue
[2024-10-25T10:37:20.664+0000] {logging_mixin.py:188} INFO - [2024-10-25T10:37:20.664+0000] {dagbag.py:540} INFO - Filling up the DagBag from /opt/airflow/dags/vehicle_model_training_pipeline.py
[2024-10-25T10:37:22.116+0000] {processor.py:840} INFO - DAG(s) 'Vehicle_Model_Training_Pipeline' retrieved from /opt/airflow/dags/vehicle_model_training_pipeline.py
[2024-10-25T10:37:22.262+0000] {logging_mixin.py:188} INFO - [2024-10-25T10:37:22.261+0000] {dag.py:3047} INFO - Sync 1 DAGs
[2024-10-25T10:37:22.296+0000] {logging_mixin.py:188} INFO - [2024-10-25T10:37:22.296+0000] {dag.py:3834} INFO - Setting next_dagrun for Vehicle_Model_Training_Pipeline to 2024-10-25 00:00:00+00:00, run_after=2024-10-26 00:00:00+00:00
[2024-10-25T10:37:22.323+0000] {processor.py:183} INFO - Processing /opt/airflow/dags/vehicle_model_training_pipeline.py took 1.662 seconds
[2024-10-25T10:37:53.270+0000] {processor.py:161} INFO - Started process (PID=1526) to work on /opt/airflow/dags/vehicle_model_training_pipeline.py
[2024-10-25T10:37:53.271+0000] {processor.py:830} INFO - Processing file /opt/airflow/dags/vehicle_model_training_pipeline.py for tasks to queue
[2024-10-25T10:37:53.272+0000] {logging_mixin.py:188} INFO - [2024-10-25T10:37:53.272+0000] {dagbag.py:540} INFO - Filling up the DagBag from /opt/airflow/dags/vehicle_model_training_pipeline.py
[2024-10-25T10:37:54.838+0000] {processor.py:840} INFO - DAG(s) 'Vehicle_Model_Training_Pipeline' retrieved from /opt/airflow/dags/vehicle_model_training_pipeline.py
[2024-10-25T10:37:54.984+0000] {logging_mixin.py:188} INFO - [2024-10-25T10:37:54.984+0000] {dag.py:3047} INFO - Sync 1 DAGs
[2024-10-25T10:37:55.045+0000] {logging_mixin.py:188} INFO - [2024-10-25T10:37:55.045+0000] {dag.py:3834} INFO - Setting next_dagrun for Vehicle_Model_Training_Pipeline to 2024-10-25 00:00:00+00:00, run_after=2024-10-26 00:00:00+00:00
[2024-10-25T10:37:55.083+0000] {processor.py:183} INFO - Processing /opt/airflow/dags/vehicle_model_training_pipeline.py took 1.814 seconds
[2024-10-25T10:38:25.308+0000] {processor.py:161} INFO - Started process (PID=1601) to work on /opt/airflow/dags/vehicle_model_training_pipeline.py
[2024-10-25T10:38:25.309+0000] {processor.py:830} INFO - Processing file /opt/airflow/dags/vehicle_model_training_pipeline.py for tasks to queue
[2024-10-25T10:38:25.310+0000] {logging_mixin.py:188} INFO - [2024-10-25T10:38:25.310+0000] {dagbag.py:540} INFO - Filling up the DagBag from /opt/airflow/dags/vehicle_model_training_pipeline.py
[2024-10-25T10:38:27.045+0000] {processor.py:840} INFO - DAG(s) 'Vehicle_Model_Training_Pipeline' retrieved from /opt/airflow/dags/vehicle_model_training_pipeline.py
[2024-10-25T10:38:27.134+0000] {logging_mixin.py:188} INFO - [2024-10-25T10:38:27.133+0000] {dag.py:3047} INFO - Sync 1 DAGs
[2024-10-25T10:38:27.176+0000] {logging_mixin.py:188} INFO - [2024-10-25T10:38:27.176+0000] {dag.py:3834} INFO - Setting next_dagrun for Vehicle_Model_Training_Pipeline to 2024-10-25 00:00:00+00:00, run_after=2024-10-26 00:00:00+00:00
[2024-10-25T10:38:27.216+0000] {processor.py:183} INFO - Processing /opt/airflow/dags/vehicle_model_training_pipeline.py took 1.910 seconds
[2024-10-25T10:38:57.420+0000] {processor.py:161} INFO - Started process (PID=1675) to work on /opt/airflow/dags/vehicle_model_training_pipeline.py
[2024-10-25T10:38:57.421+0000] {processor.py:830} INFO - Processing file /opt/airflow/dags/vehicle_model_training_pipeline.py for tasks to queue
[2024-10-25T10:38:57.422+0000] {logging_mixin.py:188} INFO - [2024-10-25T10:38:57.421+0000] {dagbag.py:540} INFO - Filling up the DagBag from /opt/airflow/dags/vehicle_model_training_pipeline.py
[2024-10-25T10:38:59.217+0000] {processor.py:840} INFO - DAG(s) 'Vehicle_Model_Training_Pipeline' retrieved from /opt/airflow/dags/vehicle_model_training_pipeline.py
[2024-10-25T10:38:59.357+0000] {logging_mixin.py:188} INFO - [2024-10-25T10:38:59.357+0000] {dag.py:3047} INFO - Sync 1 DAGs
[2024-10-25T10:38:59.389+0000] {logging_mixin.py:188} INFO - [2024-10-25T10:38:59.388+0000] {dag.py:3834} INFO - Setting next_dagrun for Vehicle_Model_Training_Pipeline to 2024-10-25 00:00:00+00:00, run_after=2024-10-26 00:00:00+00:00
[2024-10-25T10:38:59.521+0000] {processor.py:183} INFO - Processing /opt/airflow/dags/vehicle_model_training_pipeline.py took 2.105 seconds
[2024-10-25T10:39:29.614+0000] {processor.py:161} INFO - Started process (PID=1749) to work on /opt/airflow/dags/vehicle_model_training_pipeline.py
[2024-10-25T10:39:29.615+0000] {processor.py:830} INFO - Processing file /opt/airflow/dags/vehicle_model_training_pipeline.py for tasks to queue
[2024-10-25T10:39:29.616+0000] {logging_mixin.py:188} INFO - [2024-10-25T10:39:29.616+0000] {dagbag.py:540} INFO - Filling up the DagBag from /opt/airflow/dags/vehicle_model_training_pipeline.py
[2024-10-25T10:39:31.080+0000] {processor.py:840} INFO - DAG(s) 'Vehicle_Model_Training_Pipeline' retrieved from /opt/airflow/dags/vehicle_model_training_pipeline.py
[2024-10-25T10:39:31.232+0000] {logging_mixin.py:188} INFO - [2024-10-25T10:39:31.232+0000] {dag.py:3047} INFO - Sync 1 DAGs
[2024-10-25T10:39:31.280+0000] {logging_mixin.py:188} INFO - [2024-10-25T10:39:31.280+0000] {dag.py:3834} INFO - Setting next_dagrun for Vehicle_Model_Training_Pipeline to 2024-10-25 00:00:00+00:00, run_after=2024-10-26 00:00:00+00:00
[2024-10-25T10:39:31.323+0000] {processor.py:183} INFO - Processing /opt/airflow/dags/vehicle_model_training_pipeline.py took 1.713 seconds
[2024-10-25T10:40:01.590+0000] {processor.py:161} INFO - Started process (PID=1823) to work on /opt/airflow/dags/vehicle_model_training_pipeline.py
[2024-10-25T10:40:01.591+0000] {processor.py:830} INFO - Processing file /opt/airflow/dags/vehicle_model_training_pipeline.py for tasks to queue
[2024-10-25T10:40:01.591+0000] {logging_mixin.py:188} INFO - [2024-10-25T10:40:01.591+0000] {dagbag.py:540} INFO - Filling up the DagBag from /opt/airflow/dags/vehicle_model_training_pipeline.py
[2024-10-25T10:40:03.398+0000] {processor.py:840} INFO - DAG(s) 'Vehicle_Model_Training_Pipeline' retrieved from /opt/airflow/dags/vehicle_model_training_pipeline.py
[2024-10-25T10:40:03.597+0000] {logging_mixin.py:188} INFO - [2024-10-25T10:40:03.596+0000] {dag.py:3047} INFO - Sync 1 DAGs
[2024-10-25T10:40:03.639+0000] {logging_mixin.py:188} INFO - [2024-10-25T10:40:03.638+0000] {dag.py:3834} INFO - Setting next_dagrun for Vehicle_Model_Training_Pipeline to 2024-10-25 00:00:00+00:00, run_after=2024-10-26 00:00:00+00:00
[2024-10-25T10:40:03.672+0000] {processor.py:183} INFO - Processing /opt/airflow/dags/vehicle_model_training_pipeline.py took 2.085 seconds
[2024-10-25T10:40:33.939+0000] {processor.py:161} INFO - Started process (PID=1897) to work on /opt/airflow/dags/vehicle_model_training_pipeline.py
[2024-10-25T10:40:33.946+0000] {processor.py:830} INFO - Processing file /opt/airflow/dags/vehicle_model_training_pipeline.py for tasks to queue
[2024-10-25T10:40:33.947+0000] {logging_mixin.py:188} INFO - [2024-10-25T10:40:33.947+0000] {dagbag.py:540} INFO - Filling up the DagBag from /opt/airflow/dags/vehicle_model_training_pipeline.py
[2024-10-25T10:40:35.435+0000] {processor.py:840} INFO - DAG(s) 'Vehicle_Model_Training_Pipeline' retrieved from /opt/airflow/dags/vehicle_model_training_pipeline.py
[2024-10-25T10:40:35.536+0000] {logging_mixin.py:188} INFO - [2024-10-25T10:40:35.535+0000] {dag.py:3047} INFO - Sync 1 DAGs
[2024-10-25T10:40:35.619+0000] {logging_mixin.py:188} INFO - [2024-10-25T10:40:35.618+0000] {dag.py:3834} INFO - Setting next_dagrun for Vehicle_Model_Training_Pipeline to 2024-10-25 00:00:00+00:00, run_after=2024-10-26 00:00:00+00:00
[2024-10-25T10:40:35.648+0000] {processor.py:183} INFO - Processing /opt/airflow/dags/vehicle_model_training_pipeline.py took 1.713 seconds
[2024-10-25T10:41:06.492+0000] {processor.py:161} INFO - Started process (PID=1971) to work on /opt/airflow/dags/vehicle_model_training_pipeline.py
[2024-10-25T10:41:06.493+0000] {processor.py:830} INFO - Processing file /opt/airflow/dags/vehicle_model_training_pipeline.py for tasks to queue
[2024-10-25T10:41:06.494+0000] {logging_mixin.py:188} INFO - [2024-10-25T10:41:06.494+0000] {dagbag.py:540} INFO - Filling up the DagBag from /opt/airflow/dags/vehicle_model_training_pipeline.py
[2024-10-25T10:41:08.107+0000] {processor.py:840} INFO - DAG(s) 'Vehicle_Model_Training_Pipeline' retrieved from /opt/airflow/dags/vehicle_model_training_pipeline.py
[2024-10-25T10:41:08.254+0000] {logging_mixin.py:188} INFO - [2024-10-25T10:41:08.253+0000] {dag.py:3047} INFO - Sync 1 DAGs
[2024-10-25T10:41:08.302+0000] {logging_mixin.py:188} INFO - [2024-10-25T10:41:08.302+0000] {dag.py:3834} INFO - Setting next_dagrun for Vehicle_Model_Training_Pipeline to 2024-10-25 00:00:00+00:00, run_after=2024-10-26 00:00:00+00:00
[2024-10-25T10:41:08.415+0000] {processor.py:183} INFO - Processing /opt/airflow/dags/vehicle_model_training_pipeline.py took 1.927 seconds
[2024-10-25T10:41:38.623+0000] {processor.py:161} INFO - Started process (PID=2045) to work on /opt/airflow/dags/vehicle_model_training_pipeline.py
[2024-10-25T10:41:38.625+0000] {processor.py:830} INFO - Processing file /opt/airflow/dags/vehicle_model_training_pipeline.py for tasks to queue
[2024-10-25T10:41:38.626+0000] {logging_mixin.py:188} INFO - [2024-10-25T10:41:38.626+0000] {dagbag.py:540} INFO - Filling up the DagBag from /opt/airflow/dags/vehicle_model_training_pipeline.py
[2024-10-25T10:41:40.121+0000] {processor.py:840} INFO - DAG(s) 'Vehicle_Model_Training_Pipeline' retrieved from /opt/airflow/dags/vehicle_model_training_pipeline.py
[2024-10-25T10:41:40.235+0000] {logging_mixin.py:188} INFO - [2024-10-25T10:41:40.234+0000] {dag.py:3047} INFO - Sync 1 DAGs
[2024-10-25T10:41:40.259+0000] {logging_mixin.py:188} INFO - [2024-10-25T10:41:40.259+0000] {dag.py:3834} INFO - Setting next_dagrun for Vehicle_Model_Training_Pipeline to 2024-10-25 00:00:00+00:00, run_after=2024-10-26 00:00:00+00:00
[2024-10-25T10:41:40.274+0000] {processor.py:183} INFO - Processing /opt/airflow/dags/vehicle_model_training_pipeline.py took 1.655 seconds
[2024-10-25T10:42:10.682+0000] {processor.py:161} INFO - Started process (PID=2119) to work on /opt/airflow/dags/vehicle_model_training_pipeline.py
[2024-10-25T10:42:10.683+0000] {processor.py:830} INFO - Processing file /opt/airflow/dags/vehicle_model_training_pipeline.py for tasks to queue
[2024-10-25T10:42:10.684+0000] {logging_mixin.py:188} INFO - [2024-10-25T10:42:10.684+0000] {dagbag.py:540} INFO - Filling up the DagBag from /opt/airflow/dags/vehicle_model_training_pipeline.py
[2024-10-25T10:42:12.667+0000] {processor.py:840} INFO - DAG(s) 'Vehicle_Model_Training_Pipeline' retrieved from /opt/airflow/dags/vehicle_model_training_pipeline.py
[2024-10-25T10:42:12.807+0000] {logging_mixin.py:188} INFO - [2024-10-25T10:42:12.806+0000] {dag.py:3047} INFO - Sync 1 DAGs
[2024-10-25T10:42:12.840+0000] {logging_mixin.py:188} INFO - [2024-10-25T10:42:12.840+0000] {dag.py:3834} INFO - Setting next_dagrun for Vehicle_Model_Training_Pipeline to 2024-10-25 00:00:00+00:00, run_after=2024-10-26 00:00:00+00:00
[2024-10-25T10:42:12.871+0000] {processor.py:183} INFO - Processing /opt/airflow/dags/vehicle_model_training_pipeline.py took 2.192 seconds
[2024-10-25T10:42:43.303+0000] {processor.py:161} INFO - Started process (PID=2192) to work on /opt/airflow/dags/vehicle_model_training_pipeline.py
[2024-10-25T10:42:43.308+0000] {processor.py:830} INFO - Processing file /opt/airflow/dags/vehicle_model_training_pipeline.py for tasks to queue
[2024-10-25T10:42:43.309+0000] {logging_mixin.py:188} INFO - [2024-10-25T10:42:43.309+0000] {dagbag.py:540} INFO - Filling up the DagBag from /opt/airflow/dags/vehicle_model_training_pipeline.py
[2024-10-25T10:42:44.991+0000] {processor.py:840} INFO - DAG(s) 'Vehicle_Model_Training_Pipeline' retrieved from /opt/airflow/dags/vehicle_model_training_pipeline.py
[2024-10-25T10:42:45.314+0000] {logging_mixin.py:188} INFO - [2024-10-25T10:42:45.314+0000] {dag.py:3047} INFO - Sync 1 DAGs
[2024-10-25T10:42:45.353+0000] {logging_mixin.py:188} INFO - [2024-10-25T10:42:45.353+0000] {dag.py:3834} INFO - Setting next_dagrun for Vehicle_Model_Training_Pipeline to 2024-10-25 00:00:00+00:00, run_after=2024-10-26 00:00:00+00:00
[2024-10-25T10:42:45.401+0000] {processor.py:183} INFO - Processing /opt/airflow/dags/vehicle_model_training_pipeline.py took 2.101 seconds
[2024-10-25T10:43:16.150+0000] {processor.py:161} INFO - Started process (PID=2272) to work on /opt/airflow/dags/vehicle_model_training_pipeline.py
[2024-10-25T10:43:16.152+0000] {processor.py:830} INFO - Processing file /opt/airflow/dags/vehicle_model_training_pipeline.py for tasks to queue
[2024-10-25T10:43:16.153+0000] {logging_mixin.py:188} INFO - [2024-10-25T10:43:16.153+0000] {dagbag.py:540} INFO - Filling up the DagBag from /opt/airflow/dags/vehicle_model_training_pipeline.py
[2024-10-25T10:43:17.884+0000] {processor.py:840} INFO - DAG(s) 'Vehicle_Model_Training_Pipeline' retrieved from /opt/airflow/dags/vehicle_model_training_pipeline.py
[2024-10-25T10:43:17.969+0000] {logging_mixin.py:188} INFO - [2024-10-25T10:43:17.969+0000] {dag.py:3047} INFO - Sync 1 DAGs
[2024-10-25T10:43:17.989+0000] {logging_mixin.py:188} INFO - [2024-10-25T10:43:17.988+0000] {dag.py:3834} INFO - Setting next_dagrun for Vehicle_Model_Training_Pipeline to 2024-10-25 00:00:00+00:00, run_after=2024-10-26 00:00:00+00:00
[2024-10-25T10:43:18.033+0000] {processor.py:183} INFO - Processing /opt/airflow/dags/vehicle_model_training_pipeline.py took 1.886 seconds
[2024-10-25T10:43:48.347+0000] {processor.py:161} INFO - Started process (PID=2345) to work on /opt/airflow/dags/vehicle_model_training_pipeline.py
[2024-10-25T10:43:48.349+0000] {processor.py:830} INFO - Processing file /opt/airflow/dags/vehicle_model_training_pipeline.py for tasks to queue
[2024-10-25T10:43:48.350+0000] {logging_mixin.py:188} INFO - [2024-10-25T10:43:48.350+0000] {dagbag.py:540} INFO - Filling up the DagBag from /opt/airflow/dags/vehicle_model_training_pipeline.py
[2024-10-25T10:43:49.847+0000] {processor.py:840} INFO - DAG(s) 'Vehicle_Model_Training_Pipeline' retrieved from /opt/airflow/dags/vehicle_model_training_pipeline.py
[2024-10-25T10:43:49.998+0000] {logging_mixin.py:188} INFO - [2024-10-25T10:43:49.997+0000] {dag.py:3047} INFO - Sync 1 DAGs
[2024-10-25T10:43:50.028+0000] {logging_mixin.py:188} INFO - [2024-10-25T10:43:50.028+0000] {dag.py:3834} INFO - Setting next_dagrun for Vehicle_Model_Training_Pipeline to 2024-10-25 00:00:00+00:00, run_after=2024-10-26 00:00:00+00:00
[2024-10-25T10:43:50.052+0000] {processor.py:183} INFO - Processing /opt/airflow/dags/vehicle_model_training_pipeline.py took 1.708 seconds
[2024-10-25T10:44:20.626+0000] {processor.py:161} INFO - Started process (PID=2419) to work on /opt/airflow/dags/vehicle_model_training_pipeline.py
[2024-10-25T10:44:20.627+0000] {processor.py:830} INFO - Processing file /opt/airflow/dags/vehicle_model_training_pipeline.py for tasks to queue
[2024-10-25T10:44:20.628+0000] {logging_mixin.py:188} INFO - [2024-10-25T10:44:20.627+0000] {dagbag.py:540} INFO - Filling up the DagBag from /opt/airflow/dags/vehicle_model_training_pipeline.py
[2024-10-25T10:44:22.180+0000] {processor.py:840} INFO - DAG(s) 'Vehicle_Model_Training_Pipeline' retrieved from /opt/airflow/dags/vehicle_model_training_pipeline.py
[2024-10-25T10:44:22.332+0000] {logging_mixin.py:188} INFO - [2024-10-25T10:44:22.331+0000] {dag.py:3047} INFO - Sync 1 DAGs
[2024-10-25T10:44:22.356+0000] {logging_mixin.py:188} INFO - [2024-10-25T10:44:22.356+0000] {dag.py:3834} INFO - Setting next_dagrun for Vehicle_Model_Training_Pipeline to 2024-10-25 00:00:00+00:00, run_after=2024-10-26 00:00:00+00:00
[2024-10-25T10:44:22.402+0000] {processor.py:183} INFO - Processing /opt/airflow/dags/vehicle_model_training_pipeline.py took 1.779 seconds
[2024-10-25T10:44:53.433+0000] {processor.py:161} INFO - Started process (PID=2493) to work on /opt/airflow/dags/vehicle_model_training_pipeline.py
[2024-10-25T10:44:53.453+0000] {processor.py:830} INFO - Processing file /opt/airflow/dags/vehicle_model_training_pipeline.py for tasks to queue
[2024-10-25T10:44:53.455+0000] {logging_mixin.py:188} INFO - [2024-10-25T10:44:53.454+0000] {dagbag.py:540} INFO - Filling up the DagBag from /opt/airflow/dags/vehicle_model_training_pipeline.py
[2024-10-25T10:44:54.680+0000] {processor.py:840} INFO - DAG(s) 'Vehicle_Model_Training_Pipeline' retrieved from /opt/airflow/dags/vehicle_model_training_pipeline.py
[2024-10-25T10:44:54.767+0000] {logging_mixin.py:188} INFO - [2024-10-25T10:44:54.767+0000] {dag.py:3047} INFO - Sync 1 DAGs
[2024-10-25T10:44:54.791+0000] {logging_mixin.py:188} INFO - [2024-10-25T10:44:54.791+0000] {dag.py:3834} INFO - Setting next_dagrun for Vehicle_Model_Training_Pipeline to 2024-10-25 00:00:00+00:00, run_after=2024-10-26 00:00:00+00:00
[2024-10-25T10:44:54.843+0000] {processor.py:183} INFO - Processing /opt/airflow/dags/vehicle_model_training_pipeline.py took 1.411 seconds
[2024-10-25T10:45:26.014+0000] {processor.py:161} INFO - Started process (PID=2567) to work on /opt/airflow/dags/vehicle_model_training_pipeline.py
[2024-10-25T10:45:26.016+0000] {processor.py:830} INFO - Processing file /opt/airflow/dags/vehicle_model_training_pipeline.py for tasks to queue
[2024-10-25T10:45:26.017+0000] {logging_mixin.py:188} INFO - [2024-10-25T10:45:26.016+0000] {dagbag.py:540} INFO - Filling up the DagBag from /opt/airflow/dags/vehicle_model_training_pipeline.py
[2024-10-25T10:45:27.129+0000] {processor.py:840} INFO - DAG(s) 'Vehicle_Model_Training_Pipeline' retrieved from /opt/airflow/dags/vehicle_model_training_pipeline.py
[2024-10-25T10:45:27.223+0000] {logging_mixin.py:188} INFO - [2024-10-25T10:45:27.222+0000] {dag.py:3047} INFO - Sync 1 DAGs
[2024-10-25T10:45:27.258+0000] {logging_mixin.py:188} INFO - [2024-10-25T10:45:27.258+0000] {dag.py:3834} INFO - Setting next_dagrun for Vehicle_Model_Training_Pipeline to 2024-10-25 00:00:00+00:00, run_after=2024-10-26 00:00:00+00:00
[2024-10-25T10:45:27.274+0000] {processor.py:183} INFO - Processing /opt/airflow/dags/vehicle_model_training_pipeline.py took 1.263 seconds
[2024-10-25T10:45:57.857+0000] {processor.py:161} INFO - Started process (PID=2641) to work on /opt/airflow/dags/vehicle_model_training_pipeline.py
[2024-10-25T10:45:57.858+0000] {processor.py:830} INFO - Processing file /opt/airflow/dags/vehicle_model_training_pipeline.py for tasks to queue
[2024-10-25T10:45:57.859+0000] {logging_mixin.py:188} INFO - [2024-10-25T10:45:57.859+0000] {dagbag.py:540} INFO - Filling up the DagBag from /opt/airflow/dags/vehicle_model_training_pipeline.py
[2024-10-25T10:45:59.488+0000] {processor.py:840} INFO - DAG(s) 'Vehicle_Model_Training_Pipeline' retrieved from /opt/airflow/dags/vehicle_model_training_pipeline.py
[2024-10-25T10:45:59.612+0000] {logging_mixin.py:188} INFO - [2024-10-25T10:45:59.611+0000] {dag.py:3047} INFO - Sync 1 DAGs
[2024-10-25T10:45:59.642+0000] {logging_mixin.py:188} INFO - [2024-10-25T10:45:59.641+0000] {dag.py:3834} INFO - Setting next_dagrun for Vehicle_Model_Training_Pipeline to 2024-10-25 00:00:00+00:00, run_after=2024-10-26 00:00:00+00:00
[2024-10-25T10:45:59.694+0000] {processor.py:183} INFO - Processing /opt/airflow/dags/vehicle_model_training_pipeline.py took 1.840 seconds
[2024-10-25T10:46:29.853+0000] {processor.py:161} INFO - Started process (PID=2715) to work on /opt/airflow/dags/vehicle_model_training_pipeline.py
[2024-10-25T10:46:29.854+0000] {processor.py:830} INFO - Processing file /opt/airflow/dags/vehicle_model_training_pipeline.py for tasks to queue
[2024-10-25T10:46:29.855+0000] {logging_mixin.py:188} INFO - [2024-10-25T10:46:29.855+0000] {dagbag.py:540} INFO - Filling up the DagBag from /opt/airflow/dags/vehicle_model_training_pipeline.py
[2024-10-25T10:46:31.246+0000] {processor.py:840} INFO - DAG(s) 'Vehicle_Model_Training_Pipeline' retrieved from /opt/airflow/dags/vehicle_model_training_pipeline.py
[2024-10-25T10:46:31.338+0000] {logging_mixin.py:188} INFO - [2024-10-25T10:46:31.337+0000] {dag.py:3047} INFO - Sync 1 DAGs
[2024-10-25T10:46:31.370+0000] {logging_mixin.py:188} INFO - [2024-10-25T10:46:31.369+0000] {dag.py:3834} INFO - Setting next_dagrun for Vehicle_Model_Training_Pipeline to 2024-10-25 00:00:00+00:00, run_after=2024-10-26 00:00:00+00:00
[2024-10-25T10:46:31.406+0000] {processor.py:183} INFO - Processing /opt/airflow/dags/vehicle_model_training_pipeline.py took 1.556 seconds
[2024-10-25T10:47:02.258+0000] {processor.py:161} INFO - Started process (PID=2788) to work on /opt/airflow/dags/vehicle_model_training_pipeline.py
[2024-10-25T10:47:02.260+0000] {processor.py:830} INFO - Processing file /opt/airflow/dags/vehicle_model_training_pipeline.py for tasks to queue
[2024-10-25T10:47:02.262+0000] {logging_mixin.py:188} INFO - [2024-10-25T10:47:02.261+0000] {dagbag.py:540} INFO - Filling up the DagBag from /opt/airflow/dags/vehicle_model_training_pipeline.py
[2024-10-25T10:47:03.927+0000] {processor.py:840} INFO - DAG(s) 'Vehicle_Model_Training_Pipeline' retrieved from /opt/airflow/dags/vehicle_model_training_pipeline.py
[2024-10-25T10:47:04.098+0000] {logging_mixin.py:188} INFO - [2024-10-25T10:47:04.097+0000] {dag.py:3047} INFO - Sync 1 DAGs
[2024-10-25T10:47:04.139+0000] {logging_mixin.py:188} INFO - [2024-10-25T10:47:04.139+0000] {dag.py:3834} INFO - Setting next_dagrun for Vehicle_Model_Training_Pipeline to 2024-10-25 00:00:00+00:00, run_after=2024-10-26 00:00:00+00:00
[2024-10-25T10:47:04.212+0000] {processor.py:183} INFO - Processing /opt/airflow/dags/vehicle_model_training_pipeline.py took 1.958 seconds
[2024-10-25T10:47:34.436+0000] {processor.py:161} INFO - Started process (PID=2862) to work on /opt/airflow/dags/vehicle_model_training_pipeline.py
[2024-10-25T10:47:34.439+0000] {processor.py:830} INFO - Processing file /opt/airflow/dags/vehicle_model_training_pipeline.py for tasks to queue
[2024-10-25T10:47:34.440+0000] {logging_mixin.py:188} INFO - [2024-10-25T10:47:34.440+0000] {dagbag.py:540} INFO - Filling up the DagBag from /opt/airflow/dags/vehicle_model_training_pipeline.py
[2024-10-25T10:47:36.190+0000] {processor.py:840} INFO - DAG(s) 'Vehicle_Model_Training_Pipeline' retrieved from /opt/airflow/dags/vehicle_model_training_pipeline.py
[2024-10-25T10:47:36.307+0000] {logging_mixin.py:188} INFO - [2024-10-25T10:47:36.306+0000] {dag.py:3047} INFO - Sync 1 DAGs
[2024-10-25T10:47:36.351+0000] {logging_mixin.py:188} INFO - [2024-10-25T10:47:36.351+0000] {dag.py:3834} INFO - Setting next_dagrun for Vehicle_Model_Training_Pipeline to 2024-10-25 00:00:00+00:00, run_after=2024-10-26 00:00:00+00:00
[2024-10-25T10:47:36.403+0000] {processor.py:183} INFO - Processing /opt/airflow/dags/vehicle_model_training_pipeline.py took 1.970 seconds
[2024-10-25T11:24:12.567+0000] {processor.py:161} INFO - Started process (PID=218) to work on /opt/airflow/dags/vehicle_model_training_pipeline.py
[2024-10-25T11:24:12.569+0000] {processor.py:830} INFO - Processing file /opt/airflow/dags/vehicle_model_training_pipeline.py for tasks to queue
[2024-10-25T11:24:12.570+0000] {logging_mixin.py:188} INFO - [2024-10-25T11:24:12.570+0000] {dagbag.py:540} INFO - Filling up the DagBag from /opt/airflow/dags/vehicle_model_training_pipeline.py
[2024-10-25T11:24:14.350+0000] {processor.py:840} INFO - DAG(s) 'Vehicle_Model_Training_Pipeline' retrieved from /opt/airflow/dags/vehicle_model_training_pipeline.py
[2024-10-25T11:24:14.517+0000] {logging_mixin.py:188} INFO - [2024-10-25T11:24:14.517+0000] {dag.py:3047} INFO - Sync 1 DAGs
[2024-10-25T11:24:14.533+0000] {logging_mixin.py:188} INFO - [2024-10-25T11:24:14.533+0000] {dag.py:3834} INFO - Setting next_dagrun for Vehicle_Model_Training_Pipeline to 2024-10-25 00:00:00+00:00, run_after=2024-10-26 00:00:00+00:00
[2024-10-25T11:24:14.558+0000] {processor.py:183} INFO - Processing /opt/airflow/dags/vehicle_model_training_pipeline.py took 1.994 seconds
[2024-10-25T11:24:44.963+0000] {processor.py:161} INFO - Started process (PID=457) to work on /opt/airflow/dags/vehicle_model_training_pipeline.py
[2024-10-25T11:24:44.964+0000] {processor.py:830} INFO - Processing file /opt/airflow/dags/vehicle_model_training_pipeline.py for tasks to queue
[2024-10-25T11:24:44.966+0000] {logging_mixin.py:188} INFO - [2024-10-25T11:24:44.965+0000] {dagbag.py:540} INFO - Filling up the DagBag from /opt/airflow/dags/vehicle_model_training_pipeline.py
[2024-10-25T11:24:47.246+0000] {processor.py:840} INFO - DAG(s) 'Vehicle_Model_Training_Pipeline' retrieved from /opt/airflow/dags/vehicle_model_training_pipeline.py
[2024-10-25T11:24:47.435+0000] {logging_mixin.py:188} INFO - [2024-10-25T11:24:47.434+0000] {dag.py:3047} INFO - Sync 1 DAGs
[2024-10-25T11:24:47.480+0000] {logging_mixin.py:188} INFO - [2024-10-25T11:24:47.480+0000] {dag.py:3834} INFO - Setting next_dagrun for Vehicle_Model_Training_Pipeline to 2024-10-25 00:00:00+00:00, run_after=2024-10-26 00:00:00+00:00
[2024-10-25T11:24:47.552+0000] {processor.py:183} INFO - Processing /opt/airflow/dags/vehicle_model_training_pipeline.py took 2.595 seconds
[2024-10-25T11:25:17.763+0000] {processor.py:161} INFO - Started process (PID=532) to work on /opt/airflow/dags/vehicle_model_training_pipeline.py
[2024-10-25T11:25:17.765+0000] {processor.py:830} INFO - Processing file /opt/airflow/dags/vehicle_model_training_pipeline.py for tasks to queue
[2024-10-25T11:25:17.766+0000] {logging_mixin.py:188} INFO - [2024-10-25T11:25:17.766+0000] {dagbag.py:540} INFO - Filling up the DagBag from /opt/airflow/dags/vehicle_model_training_pipeline.py
[2024-10-25T11:25:19.550+0000] {processor.py:840} INFO - DAG(s) 'Vehicle_Model_Training_Pipeline' retrieved from /opt/airflow/dags/vehicle_model_training_pipeline.py
[2024-10-25T11:25:19.758+0000] {logging_mixin.py:188} INFO - [2024-10-25T11:25:19.758+0000] {dag.py:3047} INFO - Sync 1 DAGs
[2024-10-25T11:25:19.799+0000] {logging_mixin.py:188} INFO - [2024-10-25T11:25:19.798+0000] {dag.py:3834} INFO - Setting next_dagrun for Vehicle_Model_Training_Pipeline to 2024-10-25 00:00:00+00:00, run_after=2024-10-26 00:00:00+00:00
[2024-10-25T11:25:19.839+0000] {processor.py:183} INFO - Processing /opt/airflow/dags/vehicle_model_training_pipeline.py took 2.080 seconds
[2024-10-25T11:25:50.171+0000] {processor.py:161} INFO - Started process (PID=605) to work on /opt/airflow/dags/vehicle_model_training_pipeline.py
[2024-10-25T11:25:50.179+0000] {processor.py:830} INFO - Processing file /opt/airflow/dags/vehicle_model_training_pipeline.py for tasks to queue
[2024-10-25T11:25:50.183+0000] {logging_mixin.py:188} INFO - [2024-10-25T11:25:50.183+0000] {dagbag.py:540} INFO - Filling up the DagBag from /opt/airflow/dags/vehicle_model_training_pipeline.py
[2024-10-25T11:25:52.179+0000] {processor.py:840} INFO - DAG(s) 'Vehicle_Model_Training_Pipeline' retrieved from /opt/airflow/dags/vehicle_model_training_pipeline.py
[2024-10-25T11:25:52.338+0000] {logging_mixin.py:188} INFO - [2024-10-25T11:25:52.338+0000] {dag.py:3047} INFO - Sync 1 DAGs
[2024-10-25T11:25:52.358+0000] {logging_mixin.py:188} INFO - [2024-10-25T11:25:52.358+0000] {dag.py:3834} INFO - Setting next_dagrun for Vehicle_Model_Training_Pipeline to 2024-10-25 00:00:00+00:00, run_after=2024-10-26 00:00:00+00:00
[2024-10-25T11:25:52.421+0000] {processor.py:183} INFO - Processing /opt/airflow/dags/vehicle_model_training_pipeline.py took 2.254 seconds
[2024-10-25T11:26:23.375+0000] {processor.py:161} INFO - Started process (PID=685) to work on /opt/airflow/dags/vehicle_model_training_pipeline.py
[2024-10-25T11:26:23.380+0000] {processor.py:830} INFO - Processing file /opt/airflow/dags/vehicle_model_training_pipeline.py for tasks to queue
[2024-10-25T11:26:23.384+0000] {logging_mixin.py:188} INFO - [2024-10-25T11:26:23.383+0000] {dagbag.py:540} INFO - Filling up the DagBag from /opt/airflow/dags/vehicle_model_training_pipeline.py
[2024-10-25T11:26:24.985+0000] {processor.py:840} INFO - DAG(s) 'Vehicle_Model_Training_Pipeline' retrieved from /opt/airflow/dags/vehicle_model_training_pipeline.py
[2024-10-25T11:26:25.196+0000] {logging_mixin.py:188} INFO - [2024-10-25T11:26:25.196+0000] {dag.py:3047} INFO - Sync 1 DAGs
[2024-10-25T11:26:25.229+0000] {logging_mixin.py:188} INFO - [2024-10-25T11:26:25.229+0000] {dag.py:3834} INFO - Setting next_dagrun for Vehicle_Model_Training_Pipeline to 2024-10-25 00:00:00+00:00, run_after=2024-10-26 00:00:00+00:00
[2024-10-25T11:26:25.257+0000] {processor.py:183} INFO - Processing /opt/airflow/dags/vehicle_model_training_pipeline.py took 1.886 seconds
[2024-10-25T11:26:55.561+0000] {processor.py:161} INFO - Started process (PID=764) to work on /opt/airflow/dags/vehicle_model_training_pipeline.py
[2024-10-25T11:26:55.571+0000] {processor.py:830} INFO - Processing file /opt/airflow/dags/vehicle_model_training_pipeline.py for tasks to queue
[2024-10-25T11:26:55.572+0000] {logging_mixin.py:188} INFO - [2024-10-25T11:26:55.571+0000] {dagbag.py:540} INFO - Filling up the DagBag from /opt/airflow/dags/vehicle_model_training_pipeline.py
[2024-10-25T11:26:57.238+0000] {processor.py:840} INFO - DAG(s) 'Vehicle_Model_Training_Pipeline' retrieved from /opt/airflow/dags/vehicle_model_training_pipeline.py
[2024-10-25T11:26:57.419+0000] {logging_mixin.py:188} INFO - [2024-10-25T11:26:57.419+0000] {dag.py:3047} INFO - Sync 1 DAGs
[2024-10-25T11:26:57.450+0000] {logging_mixin.py:188} INFO - [2024-10-25T11:26:57.449+0000] {dag.py:3834} INFO - Setting next_dagrun for Vehicle_Model_Training_Pipeline to 2024-10-25 00:00:00+00:00, run_after=2024-10-26 00:00:00+00:00
[2024-10-25T11:26:57.513+0000] {processor.py:183} INFO - Processing /opt/airflow/dags/vehicle_model_training_pipeline.py took 1.954 seconds
[2024-10-25T11:27:27.952+0000] {processor.py:161} INFO - Started process (PID=837) to work on /opt/airflow/dags/vehicle_model_training_pipeline.py
[2024-10-25T11:27:27.960+0000] {processor.py:830} INFO - Processing file /opt/airflow/dags/vehicle_model_training_pipeline.py for tasks to queue
[2024-10-25T11:27:27.961+0000] {logging_mixin.py:188} INFO - [2024-10-25T11:27:27.961+0000] {dagbag.py:540} INFO - Filling up the DagBag from /opt/airflow/dags/vehicle_model_training_pipeline.py
[2024-10-25T11:27:30.059+0000] {processor.py:840} INFO - DAG(s) 'Vehicle_Model_Training_Pipeline' retrieved from /opt/airflow/dags/vehicle_model_training_pipeline.py
[2024-10-25T11:27:30.671+0000] {logging_mixin.py:188} INFO - [2024-10-25T11:27:30.671+0000] {dag.py:3047} INFO - Sync 1 DAGs
[2024-10-25T11:27:30.727+0000] {logging_mixin.py:188} INFO - [2024-10-25T11:27:30.726+0000] {dag.py:3834} INFO - Setting next_dagrun for Vehicle_Model_Training_Pipeline to 2024-10-25 00:00:00+00:00, run_after=2024-10-26 00:00:00+00:00
[2024-10-25T11:27:30.745+0000] {processor.py:183} INFO - Processing /opt/airflow/dags/vehicle_model_training_pipeline.py took 2.795 seconds
[2024-10-25T11:28:01.224+0000] {processor.py:161} INFO - Started process (PID=911) to work on /opt/airflow/dags/vehicle_model_training_pipeline.py
[2024-10-25T11:28:01.225+0000] {processor.py:830} INFO - Processing file /opt/airflow/dags/vehicle_model_training_pipeline.py for tasks to queue
[2024-10-25T11:28:01.226+0000] {logging_mixin.py:188} INFO - [2024-10-25T11:28:01.226+0000] {dagbag.py:540} INFO - Filling up the DagBag from /opt/airflow/dags/vehicle_model_training_pipeline.py
[2024-10-25T11:28:02.542+0000] {processor.py:840} INFO - DAG(s) 'Vehicle_Model_Training_Pipeline' retrieved from /opt/airflow/dags/vehicle_model_training_pipeline.py
[2024-10-25T11:28:02.772+0000] {logging_mixin.py:188} INFO - [2024-10-25T11:28:02.770+0000] {dag.py:3047} INFO - Sync 1 DAGs
[2024-10-25T11:28:02.856+0000] {logging_mixin.py:188} INFO - [2024-10-25T11:28:02.855+0000] {dag.py:3834} INFO - Setting next_dagrun for Vehicle_Model_Training_Pipeline to 2024-10-25 00:00:00+00:00, run_after=2024-10-26 00:00:00+00:00
[2024-10-25T11:28:02.913+0000] {processor.py:183} INFO - Processing /opt/airflow/dags/vehicle_model_training_pipeline.py took 1.692 seconds
[2024-10-25T11:28:33.331+0000] {processor.py:161} INFO - Started process (PID=984) to work on /opt/airflow/dags/vehicle_model_training_pipeline.py
[2024-10-25T11:28:33.332+0000] {processor.py:830} INFO - Processing file /opt/airflow/dags/vehicle_model_training_pipeline.py for tasks to queue
[2024-10-25T11:28:33.333+0000] {logging_mixin.py:188} INFO - [2024-10-25T11:28:33.333+0000] {dagbag.py:540} INFO - Filling up the DagBag from /opt/airflow/dags/vehicle_model_training_pipeline.py
[2024-10-25T11:28:34.996+0000] {processor.py:840} INFO - DAG(s) 'Vehicle_Model_Training_Pipeline' retrieved from /opt/airflow/dags/vehicle_model_training_pipeline.py
[2024-10-25T11:28:35.244+0000] {logging_mixin.py:188} INFO - [2024-10-25T11:28:35.243+0000] {dag.py:3047} INFO - Sync 1 DAGs
[2024-10-25T11:28:35.280+0000] {logging_mixin.py:188} INFO - [2024-10-25T11:28:35.279+0000] {dag.py:3834} INFO - Setting next_dagrun for Vehicle_Model_Training_Pipeline to 2024-10-25 00:00:00+00:00, run_after=2024-10-26 00:00:00+00:00
[2024-10-25T11:28:35.340+0000] {processor.py:183} INFO - Processing /opt/airflow/dags/vehicle_model_training_pipeline.py took 2.011 seconds
[2024-10-25T11:29:05.869+0000] {processor.py:161} INFO - Started process (PID=1063) to work on /opt/airflow/dags/vehicle_model_training_pipeline.py
[2024-10-25T11:29:05.870+0000] {processor.py:830} INFO - Processing file /opt/airflow/dags/vehicle_model_training_pipeline.py for tasks to queue
[2024-10-25T11:29:05.872+0000] {logging_mixin.py:188} INFO - [2024-10-25T11:29:05.872+0000] {dagbag.py:540} INFO - Filling up the DagBag from /opt/airflow/dags/vehicle_model_training_pipeline.py
[2024-10-25T11:29:07.711+0000] {processor.py:840} INFO - DAG(s) 'Vehicle_Model_Training_Pipeline' retrieved from /opt/airflow/dags/vehicle_model_training_pipeline.py
[2024-10-25T11:29:08.101+0000] {logging_mixin.py:188} INFO - [2024-10-25T11:29:08.100+0000] {dag.py:3047} INFO - Sync 1 DAGs
[2024-10-25T11:29:08.165+0000] {logging_mixin.py:188} INFO - [2024-10-25T11:29:08.165+0000] {dag.py:3834} INFO - Setting next_dagrun for Vehicle_Model_Training_Pipeline to 2024-10-25 00:00:00+00:00, run_after=2024-10-26 00:00:00+00:00
[2024-10-25T11:29:08.196+0000] {processor.py:183} INFO - Processing /opt/airflow/dags/vehicle_model_training_pipeline.py took 2.329 seconds
[2024-10-25T11:29:38.386+0000] {processor.py:161} INFO - Started process (PID=1137) to work on /opt/airflow/dags/vehicle_model_training_pipeline.py
[2024-10-25T11:29:38.389+0000] {processor.py:830} INFO - Processing file /opt/airflow/dags/vehicle_model_training_pipeline.py for tasks to queue
[2024-10-25T11:29:38.390+0000] {logging_mixin.py:188} INFO - [2024-10-25T11:29:38.389+0000] {dagbag.py:540} INFO - Filling up the DagBag from /opt/airflow/dags/vehicle_model_training_pipeline.py
[2024-10-25T11:29:40.289+0000] {processor.py:840} INFO - DAG(s) 'Vehicle_Model_Training_Pipeline' retrieved from /opt/airflow/dags/vehicle_model_training_pipeline.py
[2024-10-25T11:29:40.504+0000] {logging_mixin.py:188} INFO - [2024-10-25T11:29:40.503+0000] {dag.py:3047} INFO - Sync 1 DAGs
[2024-10-25T11:29:40.529+0000] {logging_mixin.py:188} INFO - [2024-10-25T11:29:40.529+0000] {dag.py:3834} INFO - Setting next_dagrun for Vehicle_Model_Training_Pipeline to 2024-10-25 00:00:00+00:00, run_after=2024-10-26 00:00:00+00:00
[2024-10-25T11:29:40.563+0000] {processor.py:183} INFO - Processing /opt/airflow/dags/vehicle_model_training_pipeline.py took 2.179 seconds
[2024-10-25T11:35:52.041+0000] {processor.py:161} INFO - Started process (PID=218) to work on /opt/airflow/dags/vehicle_model_training_pipeline.py
[2024-10-25T11:35:52.087+0000] {processor.py:830} INFO - Processing file /opt/airflow/dags/vehicle_model_training_pipeline.py for tasks to queue
[2024-10-25T11:35:52.092+0000] {logging_mixin.py:188} INFO - [2024-10-25T11:35:52.091+0000] {dagbag.py:540} INFO - Filling up the DagBag from /opt/airflow/dags/vehicle_model_training_pipeline.py
[2024-10-25T11:36:00.497+0000] {processor.py:840} INFO - DAG(s) 'Vehicle_Model_Training_Pipeline' retrieved from /opt/airflow/dags/vehicle_model_training_pipeline.py
[2024-10-25T11:36:00.624+0000] {logging_mixin.py:188} INFO - [2024-10-25T11:36:00.624+0000] {dag.py:3047} INFO - Sync 1 DAGs
[2024-10-25T11:36:00.636+0000] {logging_mixin.py:188} INFO - [2024-10-25T11:36:00.636+0000] {dag.py:3834} INFO - Setting next_dagrun for Vehicle_Model_Training_Pipeline to 2024-10-25 00:00:00+00:00, run_after=2024-10-26 00:00:00+00:00
[2024-10-25T11:36:00.792+0000] {processor.py:183} INFO - Processing /opt/airflow/dags/vehicle_model_training_pipeline.py took 8.753 seconds
[2024-10-25T11:36:31.296+0000] {processor.py:161} INFO - Started process (PID=459) to work on /opt/airflow/dags/vehicle_model_training_pipeline.py
[2024-10-25T11:36:31.297+0000] {processor.py:830} INFO - Processing file /opt/airflow/dags/vehicle_model_training_pipeline.py for tasks to queue
[2024-10-25T11:36:31.297+0000] {logging_mixin.py:188} INFO - [2024-10-25T11:36:31.297+0000] {dagbag.py:540} INFO - Filling up the DagBag from /opt/airflow/dags/vehicle_model_training_pipeline.py
[2024-10-25T11:36:33.783+0000] {processor.py:840} INFO - DAG(s) 'Vehicle_Model_Training_Pipeline' retrieved from /opt/airflow/dags/vehicle_model_training_pipeline.py
[2024-10-25T11:36:33.945+0000] {logging_mixin.py:188} INFO - [2024-10-25T11:36:33.944+0000] {dag.py:3047} INFO - Sync 1 DAGs
[2024-10-25T11:36:33.965+0000] {logging_mixin.py:188} INFO - [2024-10-25T11:36:33.965+0000] {dag.py:3834} INFO - Setting next_dagrun for Vehicle_Model_Training_Pipeline to 2024-10-25 00:00:00+00:00, run_after=2024-10-26 00:00:00+00:00
[2024-10-25T11:36:34.015+0000] {processor.py:183} INFO - Processing /opt/airflow/dags/vehicle_model_training_pipeline.py took 2.722 seconds
[2024-10-25T11:37:04.098+0000] {processor.py:161} INFO - Started process (PID=533) to work on /opt/airflow/dags/vehicle_model_training_pipeline.py
[2024-10-25T11:37:04.101+0000] {processor.py:830} INFO - Processing file /opt/airflow/dags/vehicle_model_training_pipeline.py for tasks to queue
[2024-10-25T11:37:04.102+0000] {logging_mixin.py:188} INFO - [2024-10-25T11:37:04.101+0000] {dagbag.py:540} INFO - Filling up the DagBag from /opt/airflow/dags/vehicle_model_training_pipeline.py
[2024-10-25T11:37:06.122+0000] {processor.py:840} INFO - DAG(s) 'Vehicle_Model_Training_Pipeline' retrieved from /opt/airflow/dags/vehicle_model_training_pipeline.py
[2024-10-25T11:37:06.337+0000] {logging_mixin.py:188} INFO - [2024-10-25T11:37:06.337+0000] {dag.py:3047} INFO - Sync 1 DAGs
[2024-10-25T11:37:06.380+0000] {logging_mixin.py:188} INFO - [2024-10-25T11:37:06.380+0000] {dag.py:3834} INFO - Setting next_dagrun for Vehicle_Model_Training_Pipeline to 2024-10-25 00:00:00+00:00, run_after=2024-10-26 00:00:00+00:00
[2024-10-25T11:37:06.486+0000] {processor.py:183} INFO - Processing /opt/airflow/dags/vehicle_model_training_pipeline.py took 2.390 seconds
[2024-10-25T11:37:37.030+0000] {processor.py:161} INFO - Started process (PID=614) to work on /opt/airflow/dags/vehicle_model_training_pipeline.py
[2024-10-25T11:37:37.031+0000] {processor.py:830} INFO - Processing file /opt/airflow/dags/vehicle_model_training_pipeline.py for tasks to queue
[2024-10-25T11:37:37.034+0000] {logging_mixin.py:188} INFO - [2024-10-25T11:37:37.033+0000] {dagbag.py:540} INFO - Filling up the DagBag from /opt/airflow/dags/vehicle_model_training_pipeline.py
[2024-10-25T11:37:38.361+0000] {processor.py:840} INFO - DAG(s) 'Vehicle_Model_Training_Pipeline' retrieved from /opt/airflow/dags/vehicle_model_training_pipeline.py
[2024-10-25T11:37:38.526+0000] {logging_mixin.py:188} INFO - [2024-10-25T11:37:38.525+0000] {dag.py:3047} INFO - Sync 1 DAGs
[2024-10-25T11:37:38.564+0000] {logging_mixin.py:188} INFO - [2024-10-25T11:37:38.564+0000] {dag.py:3834} INFO - Setting next_dagrun for Vehicle_Model_Training_Pipeline to 2024-10-25 00:00:00+00:00, run_after=2024-10-26 00:00:00+00:00
[2024-10-25T11:37:38.620+0000] {processor.py:183} INFO - Processing /opt/airflow/dags/vehicle_model_training_pipeline.py took 1.594 seconds
[2024-10-25T11:38:08.844+0000] {processor.py:161} INFO - Started process (PID=687) to work on /opt/airflow/dags/vehicle_model_training_pipeline.py
[2024-10-25T11:38:08.845+0000] {processor.py:830} INFO - Processing file /opt/airflow/dags/vehicle_model_training_pipeline.py for tasks to queue
[2024-10-25T11:38:08.846+0000] {logging_mixin.py:188} INFO - [2024-10-25T11:38:08.846+0000] {dagbag.py:540} INFO - Filling up the DagBag from /opt/airflow/dags/vehicle_model_training_pipeline.py
[2024-10-25T11:38:10.557+0000] {processor.py:840} INFO - DAG(s) 'Vehicle_Model_Training_Pipeline' retrieved from /opt/airflow/dags/vehicle_model_training_pipeline.py
[2024-10-25T11:38:10.793+0000] {logging_mixin.py:188} INFO - [2024-10-25T11:38:10.792+0000] {dag.py:3047} INFO - Sync 1 DAGs
[2024-10-25T11:38:10.814+0000] {logging_mixin.py:188} INFO - [2024-10-25T11:38:10.814+0000] {dag.py:3834} INFO - Setting next_dagrun for Vehicle_Model_Training_Pipeline to 2024-10-25 00:00:00+00:00, run_after=2024-10-26 00:00:00+00:00
[2024-10-25T11:38:10.875+0000] {processor.py:183} INFO - Processing /opt/airflow/dags/vehicle_model_training_pipeline.py took 2.034 seconds
[2024-10-25T11:38:41.760+0000] {processor.py:161} INFO - Started process (PID=761) to work on /opt/airflow/dags/vehicle_model_training_pipeline.py
[2024-10-25T11:38:41.766+0000] {processor.py:830} INFO - Processing file /opt/airflow/dags/vehicle_model_training_pipeline.py for tasks to queue
[2024-10-25T11:38:41.767+0000] {logging_mixin.py:188} INFO - [2024-10-25T11:38:41.767+0000] {dagbag.py:540} INFO - Filling up the DagBag from /opt/airflow/dags/vehicle_model_training_pipeline.py
[2024-10-25T11:38:42.956+0000] {processor.py:840} INFO - DAG(s) 'Vehicle_Model_Training_Pipeline' retrieved from /opt/airflow/dags/vehicle_model_training_pipeline.py
[2024-10-25T11:38:43.170+0000] {logging_mixin.py:188} INFO - [2024-10-25T11:38:43.170+0000] {dag.py:3047} INFO - Sync 1 DAGs
[2024-10-25T11:38:43.227+0000] {logging_mixin.py:188} INFO - [2024-10-25T11:38:43.227+0000] {dag.py:3834} INFO - Setting next_dagrun for Vehicle_Model_Training_Pipeline to 2024-10-25 00:00:00+00:00, run_after=2024-10-26 00:00:00+00:00
[2024-10-25T11:38:43.287+0000] {processor.py:183} INFO - Processing /opt/airflow/dags/vehicle_model_training_pipeline.py took 1.529 seconds
[2024-10-25T11:39:13.816+0000] {processor.py:161} INFO - Started process (PID=835) to work on /opt/airflow/dags/vehicle_model_training_pipeline.py
[2024-10-25T11:39:13.824+0000] {processor.py:830} INFO - Processing file /opt/airflow/dags/vehicle_model_training_pipeline.py for tasks to queue
[2024-10-25T11:39:13.825+0000] {logging_mixin.py:188} INFO - [2024-10-25T11:39:13.824+0000] {dagbag.py:540} INFO - Filling up the DagBag from /opt/airflow/dags/vehicle_model_training_pipeline.py
[2024-10-25T11:39:15.410+0000] {processor.py:840} INFO - DAG(s) 'Vehicle_Model_Training_Pipeline' retrieved from /opt/airflow/dags/vehicle_model_training_pipeline.py
[2024-10-25T11:39:15.591+0000] {logging_mixin.py:188} INFO - [2024-10-25T11:39:15.590+0000] {dag.py:3047} INFO - Sync 1 DAGs
[2024-10-25T11:39:15.669+0000] {logging_mixin.py:188} INFO - [2024-10-25T11:39:15.669+0000] {dag.py:3834} INFO - Setting next_dagrun for Vehicle_Model_Training_Pipeline to 2024-10-25 00:00:00+00:00, run_after=2024-10-26 00:00:00+00:00
[2024-10-25T11:39:15.730+0000] {processor.py:183} INFO - Processing /opt/airflow/dags/vehicle_model_training_pipeline.py took 1.918 seconds
[2024-10-25T11:39:46.240+0000] {processor.py:161} INFO - Started process (PID=908) to work on /opt/airflow/dags/vehicle_model_training_pipeline.py
[2024-10-25T11:39:46.245+0000] {processor.py:830} INFO - Processing file /opt/airflow/dags/vehicle_model_training_pipeline.py for tasks to queue
[2024-10-25T11:39:46.246+0000] {logging_mixin.py:188} INFO - [2024-10-25T11:39:46.246+0000] {dagbag.py:540} INFO - Filling up the DagBag from /opt/airflow/dags/vehicle_model_training_pipeline.py
[2024-10-25T11:39:48.539+0000] {processor.py:840} INFO - DAG(s) 'Vehicle_Model_Training_Pipeline' retrieved from /opt/airflow/dags/vehicle_model_training_pipeline.py
[2024-10-25T11:39:48.738+0000] {logging_mixin.py:188} INFO - [2024-10-25T11:39:48.738+0000] {dag.py:3047} INFO - Sync 1 DAGs
[2024-10-25T11:39:48.849+0000] {logging_mixin.py:188} INFO - [2024-10-25T11:39:48.849+0000] {dag.py:3834} INFO - Setting next_dagrun for Vehicle_Model_Training_Pipeline to 2024-10-25 00:00:00+00:00, run_after=2024-10-26 00:00:00+00:00
[2024-10-25T11:39:48.974+0000] {processor.py:183} INFO - Processing /opt/airflow/dags/vehicle_model_training_pipeline.py took 2.740 seconds
[2024-10-25T11:40:19.189+0000] {processor.py:161} INFO - Started process (PID=983) to work on /opt/airflow/dags/vehicle_model_training_pipeline.py
[2024-10-25T11:40:19.195+0000] {processor.py:830} INFO - Processing file /opt/airflow/dags/vehicle_model_training_pipeline.py for tasks to queue
[2024-10-25T11:40:19.197+0000] {logging_mixin.py:188} INFO - [2024-10-25T11:40:19.196+0000] {dagbag.py:540} INFO - Filling up the DagBag from /opt/airflow/dags/vehicle_model_training_pipeline.py
[2024-10-25T11:40:20.879+0000] {processor.py:840} INFO - DAG(s) 'Vehicle_Model_Training_Pipeline' retrieved from /opt/airflow/dags/vehicle_model_training_pipeline.py
[2024-10-25T11:40:21.147+0000] {logging_mixin.py:188} INFO - [2024-10-25T11:40:21.147+0000] {dag.py:3047} INFO - Sync 1 DAGs
[2024-10-25T11:40:21.179+0000] {logging_mixin.py:188} INFO - [2024-10-25T11:40:21.179+0000] {dag.py:3834} INFO - Setting next_dagrun for Vehicle_Model_Training_Pipeline to 2024-10-25 00:00:00+00:00, run_after=2024-10-26 00:00:00+00:00
[2024-10-25T11:40:21.213+0000] {processor.py:183} INFO - Processing /opt/airflow/dags/vehicle_model_training_pipeline.py took 2.024 seconds
[2024-10-25T11:40:51.765+0000] {processor.py:161} INFO - Started process (PID=1062) to work on /opt/airflow/dags/vehicle_model_training_pipeline.py
[2024-10-25T11:40:51.766+0000] {processor.py:830} INFO - Processing file /opt/airflow/dags/vehicle_model_training_pipeline.py for tasks to queue
[2024-10-25T11:40:51.767+0000] {logging_mixin.py:188} INFO - [2024-10-25T11:40:51.767+0000] {dagbag.py:540} INFO - Filling up the DagBag from /opt/airflow/dags/vehicle_model_training_pipeline.py
[2024-10-25T11:40:53.242+0000] {processor.py:840} INFO - DAG(s) 'Vehicle_Model_Training_Pipeline' retrieved from /opt/airflow/dags/vehicle_model_training_pipeline.py
[2024-10-25T11:40:53.397+0000] {logging_mixin.py:188} INFO - [2024-10-25T11:40:53.397+0000] {dag.py:3047} INFO - Sync 1 DAGs
[2024-10-25T11:40:53.424+0000] {logging_mixin.py:188} INFO - [2024-10-25T11:40:53.423+0000] {dag.py:3834} INFO - Setting next_dagrun for Vehicle_Model_Training_Pipeline to 2024-10-25 00:00:00+00:00, run_after=2024-10-26 00:00:00+00:00
[2024-10-25T11:40:53.459+0000] {processor.py:183} INFO - Processing /opt/airflow/dags/vehicle_model_training_pipeline.py took 1.696 seconds
[2024-10-25T11:41:24.204+0000] {processor.py:161} INFO - Started process (PID=1142) to work on /opt/airflow/dags/vehicle_model_training_pipeline.py
[2024-10-25T11:41:24.205+0000] {processor.py:830} INFO - Processing file /opt/airflow/dags/vehicle_model_training_pipeline.py for tasks to queue
[2024-10-25T11:41:24.206+0000] {logging_mixin.py:188} INFO - [2024-10-25T11:41:24.206+0000] {dagbag.py:540} INFO - Filling up the DagBag from /opt/airflow/dags/vehicle_model_training_pipeline.py
[2024-10-25T11:41:25.465+0000] {processor.py:840} INFO - DAG(s) 'Vehicle_Model_Training_Pipeline' retrieved from /opt/airflow/dags/vehicle_model_training_pipeline.py
[2024-10-25T11:41:25.660+0000] {logging_mixin.py:188} INFO - [2024-10-25T11:41:25.660+0000] {dag.py:3047} INFO - Sync 1 DAGs
[2024-10-25T11:41:25.683+0000] {logging_mixin.py:188} INFO - [2024-10-25T11:41:25.683+0000] {dag.py:3834} INFO - Setting next_dagrun for Vehicle_Model_Training_Pipeline to 2024-10-25 00:00:00+00:00, run_after=2024-10-26 00:00:00+00:00
[2024-10-25T11:41:25.754+0000] {processor.py:183} INFO - Processing /opt/airflow/dags/vehicle_model_training_pipeline.py took 1.553 seconds
[2024-10-25T11:41:55.972+0000] {processor.py:161} INFO - Started process (PID=1216) to work on /opt/airflow/dags/vehicle_model_training_pipeline.py
[2024-10-25T11:41:55.973+0000] {processor.py:830} INFO - Processing file /opt/airflow/dags/vehicle_model_training_pipeline.py for tasks to queue
[2024-10-25T11:41:55.974+0000] {logging_mixin.py:188} INFO - [2024-10-25T11:41:55.974+0000] {dagbag.py:540} INFO - Filling up the DagBag from /opt/airflow/dags/vehicle_model_training_pipeline.py
[2024-10-25T11:41:57.308+0000] {processor.py:840} INFO - DAG(s) 'Vehicle_Model_Training_Pipeline' retrieved from /opt/airflow/dags/vehicle_model_training_pipeline.py
[2024-10-25T11:41:57.470+0000] {logging_mixin.py:188} INFO - [2024-10-25T11:41:57.470+0000] {dag.py:3047} INFO - Sync 1 DAGs
[2024-10-25T11:41:57.499+0000] {logging_mixin.py:188} INFO - [2024-10-25T11:41:57.499+0000] {dag.py:3834} INFO - Setting next_dagrun for Vehicle_Model_Training_Pipeline to 2024-10-25 00:00:00+00:00, run_after=2024-10-26 00:00:00+00:00
[2024-10-25T11:41:57.523+0000] {processor.py:183} INFO - Processing /opt/airflow/dags/vehicle_model_training_pipeline.py took 1.556 seconds
[2024-10-25T11:42:27.933+0000] {processor.py:161} INFO - Started process (PID=1289) to work on /opt/airflow/dags/vehicle_model_training_pipeline.py
[2024-10-25T11:42:27.934+0000] {processor.py:830} INFO - Processing file /opt/airflow/dags/vehicle_model_training_pipeline.py for tasks to queue
[2024-10-25T11:42:27.935+0000] {logging_mixin.py:188} INFO - [2024-10-25T11:42:27.935+0000] {dagbag.py:540} INFO - Filling up the DagBag from /opt/airflow/dags/vehicle_model_training_pipeline.py
[2024-10-25T11:42:29.679+0000] {processor.py:840} INFO - DAG(s) 'Vehicle_Model_Training_Pipeline' retrieved from /opt/airflow/dags/vehicle_model_training_pipeline.py
[2024-10-25T11:42:29.787+0000] {logging_mixin.py:188} INFO - [2024-10-25T11:42:29.787+0000] {dag.py:3047} INFO - Sync 1 DAGs
[2024-10-25T11:42:29.803+0000] {logging_mixin.py:188} INFO - [2024-10-25T11:42:29.803+0000] {dag.py:3834} INFO - Setting next_dagrun for Vehicle_Model_Training_Pipeline to 2024-10-25 00:00:00+00:00, run_after=2024-10-26 00:00:00+00:00
[2024-10-25T11:42:29.856+0000] {processor.py:183} INFO - Processing /opt/airflow/dags/vehicle_model_training_pipeline.py took 1.925 seconds
[2024-10-25T11:43:00.003+0000] {processor.py:161} INFO - Started process (PID=1363) to work on /opt/airflow/dags/vehicle_model_training_pipeline.py
[2024-10-25T11:43:00.004+0000] {processor.py:830} INFO - Processing file /opt/airflow/dags/vehicle_model_training_pipeline.py for tasks to queue
[2024-10-25T11:43:00.005+0000] {logging_mixin.py:188} INFO - [2024-10-25T11:43:00.005+0000] {dagbag.py:540} INFO - Filling up the DagBag from /opt/airflow/dags/vehicle_model_training_pipeline.py
[2024-10-25T11:43:02.039+0000] {processor.py:840} INFO - DAG(s) 'Vehicle_Model_Training_Pipeline' retrieved from /opt/airflow/dags/vehicle_model_training_pipeline.py
[2024-10-25T11:43:02.150+0000] {logging_mixin.py:188} INFO - [2024-10-25T11:43:02.149+0000] {dag.py:3047} INFO - Sync 1 DAGs
[2024-10-25T11:43:02.186+0000] {logging_mixin.py:188} INFO - [2024-10-25T11:43:02.186+0000] {dag.py:3834} INFO - Setting next_dagrun for Vehicle_Model_Training_Pipeline to 2024-10-25 00:00:00+00:00, run_after=2024-10-26 00:00:00+00:00
[2024-10-25T11:43:02.201+0000] {processor.py:183} INFO - Processing /opt/airflow/dags/vehicle_model_training_pipeline.py took 2.200 seconds
[2024-10-25T11:43:32.428+0000] {processor.py:161} INFO - Started process (PID=1437) to work on /opt/airflow/dags/vehicle_model_training_pipeline.py
[2024-10-25T11:43:32.429+0000] {processor.py:830} INFO - Processing file /opt/airflow/dags/vehicle_model_training_pipeline.py for tasks to queue
[2024-10-25T11:43:32.430+0000] {logging_mixin.py:188} INFO - [2024-10-25T11:43:32.430+0000] {dagbag.py:540} INFO - Filling up the DagBag from /opt/airflow/dags/vehicle_model_training_pipeline.py
[2024-10-25T11:43:33.877+0000] {processor.py:840} INFO - DAG(s) 'Vehicle_Model_Training_Pipeline' retrieved from /opt/airflow/dags/vehicle_model_training_pipeline.py
[2024-10-25T11:43:34.028+0000] {logging_mixin.py:188} INFO - [2024-10-25T11:43:34.028+0000] {dag.py:3047} INFO - Sync 1 DAGs
[2024-10-25T11:43:34.081+0000] {logging_mixin.py:188} INFO - [2024-10-25T11:43:34.080+0000] {dag.py:3834} INFO - Setting next_dagrun for Vehicle_Model_Training_Pipeline to 2024-10-25 00:00:00+00:00, run_after=2024-10-26 00:00:00+00:00
[2024-10-25T11:43:34.160+0000] {processor.py:183} INFO - Processing /opt/airflow/dags/vehicle_model_training_pipeline.py took 1.734 seconds
[2024-10-25T11:44:05.005+0000] {processor.py:161} INFO - Started process (PID=1511) to work on /opt/airflow/dags/vehicle_model_training_pipeline.py
[2024-10-25T11:44:05.006+0000] {processor.py:830} INFO - Processing file /opt/airflow/dags/vehicle_model_training_pipeline.py for tasks to queue
[2024-10-25T11:44:05.007+0000] {logging_mixin.py:188} INFO - [2024-10-25T11:44:05.006+0000] {dagbag.py:540} INFO - Filling up the DagBag from /opt/airflow/dags/vehicle_model_training_pipeline.py
[2024-10-25T11:44:06.425+0000] {processor.py:840} INFO - DAG(s) 'Vehicle_Model_Training_Pipeline' retrieved from /opt/airflow/dags/vehicle_model_training_pipeline.py
[2024-10-25T11:44:06.558+0000] {logging_mixin.py:188} INFO - [2024-10-25T11:44:06.558+0000] {dag.py:3047} INFO - Sync 1 DAGs
[2024-10-25T11:44:06.580+0000] {logging_mixin.py:188} INFO - [2024-10-25T11:44:06.580+0000] {dag.py:3834} INFO - Setting next_dagrun for Vehicle_Model_Training_Pipeline to 2024-10-25 00:00:00+00:00, run_after=2024-10-26 00:00:00+00:00
[2024-10-25T11:44:06.666+0000] {processor.py:183} INFO - Processing /opt/airflow/dags/vehicle_model_training_pipeline.py took 1.664 seconds
