[2024-10-25T10:30:19.547+0000] {processor.py:161} INFO - Started process (PID=221) to work on /opt/airflow/dags/vehicle_data_scraping_pipeline.py
[2024-10-25T10:30:19.548+0000] {processor.py:830} INFO - Processing file /opt/airflow/dags/vehicle_data_scraping_pipeline.py for tasks to queue
[2024-10-25T10:30:19.549+0000] {logging_mixin.py:188} INFO - [2024-10-25T10:30:19.549+0000] {dagbag.py:540} INFO - Filling up the DagBag from /opt/airflow/dags/vehicle_data_scraping_pipeline.py
[2024-10-25T10:30:20.823+0000] {processor.py:840} INFO - DAG(s) 'Vehicle_Data_scrape_Pipeline' retrieved from /opt/airflow/dags/vehicle_data_scraping_pipeline.py
[2024-10-25T10:30:20.977+0000] {logging_mixin.py:188} INFO - [2024-10-25T10:30:20.977+0000] {dag.py:3047} INFO - Sync 1 DAGs
[2024-10-25T10:30:20.991+0000] {logging_mixin.py:188} INFO - [2024-10-25T10:30:20.991+0000] {dag.py:3834} INFO - Setting next_dagrun for Vehicle_Data_scrape_Pipeline to 2024-10-23 00:00:00+00:00, run_after=2024-10-24 00:00:00+00:00
[2024-10-25T10:30:21.007+0000] {processor.py:183} INFO - Processing /opt/airflow/dags/vehicle_data_scraping_pipeline.py took 1.462 seconds
[2024-10-25T10:30:51.321+0000] {processor.py:161} INFO - Started process (PID=359) to work on /opt/airflow/dags/vehicle_data_scraping_pipeline.py
[2024-10-25T10:30:51.322+0000] {processor.py:830} INFO - Processing file /opt/airflow/dags/vehicle_data_scraping_pipeline.py for tasks to queue
[2024-10-25T10:30:51.323+0000] {logging_mixin.py:188} INFO - [2024-10-25T10:30:51.323+0000] {dagbag.py:540} INFO - Filling up the DagBag from /opt/airflow/dags/vehicle_data_scraping_pipeline.py
[2024-10-25T10:30:51.778+0000] {processor.py:840} INFO - DAG(s) 'Vehicle_Data_scrape_Pipeline' retrieved from /opt/airflow/dags/vehicle_data_scraping_pipeline.py
[2024-10-25T10:30:51.820+0000] {logging_mixin.py:188} INFO - [2024-10-25T10:30:51.820+0000] {dag.py:3047} INFO - Sync 1 DAGs
[2024-10-25T10:30:51.834+0000] {logging_mixin.py:188} INFO - [2024-10-25T10:30:51.834+0000] {dag.py:3834} INFO - Setting next_dagrun for Vehicle_Data_scrape_Pipeline to 2024-10-23 00:00:00+00:00, run_after=2024-10-24 00:00:00+00:00
[2024-10-25T10:30:51.948+0000] {processor.py:183} INFO - Processing /opt/airflow/dags/vehicle_data_scraping_pipeline.py took 0.630 seconds
[2024-10-25T10:31:24.585+0000] {processor.py:161} INFO - Started process (PID=481) to work on /opt/airflow/dags/vehicle_data_scraping_pipeline.py
[2024-10-25T10:31:24.586+0000] {processor.py:830} INFO - Processing file /opt/airflow/dags/vehicle_data_scraping_pipeline.py for tasks to queue
[2024-10-25T10:31:24.587+0000] {logging_mixin.py:188} INFO - [2024-10-25T10:31:24.587+0000] {dagbag.py:540} INFO - Filling up the DagBag from /opt/airflow/dags/vehicle_data_scraping_pipeline.py
[2024-10-25T10:31:25.151+0000] {processor.py:840} INFO - DAG(s) 'Vehicle_Data_scrape_Pipeline' retrieved from /opt/airflow/dags/vehicle_data_scraping_pipeline.py
[2024-10-25T10:31:25.198+0000] {logging_mixin.py:188} INFO - [2024-10-25T10:31:25.197+0000] {dag.py:3047} INFO - Sync 1 DAGs
[2024-10-25T10:31:25.212+0000] {logging_mixin.py:188} INFO - [2024-10-25T10:31:25.212+0000] {dag.py:3834} INFO - Setting next_dagrun for Vehicle_Data_scrape_Pipeline to 2024-10-23 00:00:00+00:00, run_after=2024-10-24 00:00:00+00:00
[2024-10-25T10:31:25.229+0000] {processor.py:183} INFO - Processing /opt/airflow/dags/vehicle_data_scraping_pipeline.py took 0.646 seconds
[2024-10-25T10:31:55.881+0000] {processor.py:161} INFO - Started process (PID=631) to work on /opt/airflow/dags/vehicle_data_scraping_pipeline.py
[2024-10-25T10:31:55.884+0000] {processor.py:830} INFO - Processing file /opt/airflow/dags/vehicle_data_scraping_pipeline.py for tasks to queue
[2024-10-25T10:31:55.885+0000] {logging_mixin.py:188} INFO - [2024-10-25T10:31:55.885+0000] {dagbag.py:540} INFO - Filling up the DagBag from /opt/airflow/dags/vehicle_data_scraping_pipeline.py
[2024-10-25T10:31:56.903+0000] {processor.py:840} INFO - DAG(s) 'Vehicle_Data_scrape_Pipeline' retrieved from /opt/airflow/dags/vehicle_data_scraping_pipeline.py
[2024-10-25T10:31:56.983+0000] {logging_mixin.py:188} INFO - [2024-10-25T10:31:56.982+0000] {dag.py:3047} INFO - Sync 1 DAGs
[2024-10-25T10:31:57.027+0000] {logging_mixin.py:188} INFO - [2024-10-25T10:31:57.026+0000] {dag.py:3834} INFO - Setting next_dagrun for Vehicle_Data_scrape_Pipeline to 2024-10-23 00:00:00+00:00, run_after=2024-10-24 00:00:00+00:00
[2024-10-25T10:31:57.063+0000] {processor.py:183} INFO - Processing /opt/airflow/dags/vehicle_data_scraping_pipeline.py took 1.185 seconds
[2024-10-25T10:32:27.392+0000] {processor.py:161} INFO - Started process (PID=761) to work on /opt/airflow/dags/vehicle_data_scraping_pipeline.py
[2024-10-25T10:32:27.396+0000] {processor.py:830} INFO - Processing file /opt/airflow/dags/vehicle_data_scraping_pipeline.py for tasks to queue
[2024-10-25T10:32:27.405+0000] {logging_mixin.py:188} INFO - [2024-10-25T10:32:27.404+0000] {dagbag.py:540} INFO - Filling up the DagBag from /opt/airflow/dags/vehicle_data_scraping_pipeline.py
[2024-10-25T10:32:28.446+0000] {processor.py:840} INFO - DAG(s) 'Vehicle_Data_scrape_Pipeline' retrieved from /opt/airflow/dags/vehicle_data_scraping_pipeline.py
[2024-10-25T10:32:28.528+0000] {logging_mixin.py:188} INFO - [2024-10-25T10:32:28.527+0000] {dag.py:3047} INFO - Sync 1 DAGs
[2024-10-25T10:32:28.602+0000] {logging_mixin.py:188} INFO - [2024-10-25T10:32:28.602+0000] {dag.py:3834} INFO - Setting next_dagrun for Vehicle_Data_scrape_Pipeline to 2024-10-23 00:00:00+00:00, run_after=2024-10-24 00:00:00+00:00
[2024-10-25T10:32:28.661+0000] {processor.py:183} INFO - Processing /opt/airflow/dags/vehicle_data_scraping_pipeline.py took 1.276 seconds
[2024-10-25T10:32:58.867+0000] {processor.py:161} INFO - Started process (PID=836) to work on /opt/airflow/dags/vehicle_data_scraping_pipeline.py
[2024-10-25T10:32:58.868+0000] {processor.py:830} INFO - Processing file /opt/airflow/dags/vehicle_data_scraping_pipeline.py for tasks to queue
[2024-10-25T10:32:58.869+0000] {logging_mixin.py:188} INFO - [2024-10-25T10:32:58.869+0000] {dagbag.py:540} INFO - Filling up the DagBag from /opt/airflow/dags/vehicle_data_scraping_pipeline.py
[2024-10-25T10:32:59.891+0000] {processor.py:840} INFO - DAG(s) 'Vehicle_Data_scrape_Pipeline' retrieved from /opt/airflow/dags/vehicle_data_scraping_pipeline.py
[2024-10-25T10:32:59.982+0000] {logging_mixin.py:188} INFO - [2024-10-25T10:32:59.981+0000] {dag.py:3047} INFO - Sync 1 DAGs
[2024-10-25T10:33:00.036+0000] {logging_mixin.py:188} INFO - [2024-10-25T10:33:00.035+0000] {dag.py:3834} INFO - Setting next_dagrun for Vehicle_Data_scrape_Pipeline to 2024-10-23 00:00:00+00:00, run_after=2024-10-24 00:00:00+00:00
[2024-10-25T10:33:00.082+0000] {processor.py:183} INFO - Processing /opt/airflow/dags/vehicle_data_scraping_pipeline.py took 1.218 seconds
[2024-10-25T10:33:30.519+0000] {processor.py:161} INFO - Started process (PID=910) to work on /opt/airflow/dags/vehicle_data_scraping_pipeline.py
[2024-10-25T10:33:30.521+0000] {processor.py:830} INFO - Processing file /opt/airflow/dags/vehicle_data_scraping_pipeline.py for tasks to queue
[2024-10-25T10:33:30.522+0000] {logging_mixin.py:188} INFO - [2024-10-25T10:33:30.522+0000] {dagbag.py:540} INFO - Filling up the DagBag from /opt/airflow/dags/vehicle_data_scraping_pipeline.py
[2024-10-25T10:33:31.307+0000] {processor.py:840} INFO - DAG(s) 'Vehicle_Data_scrape_Pipeline' retrieved from /opt/airflow/dags/vehicle_data_scraping_pipeline.py
[2024-10-25T10:33:31.378+0000] {logging_mixin.py:188} INFO - [2024-10-25T10:33:31.377+0000] {dag.py:3047} INFO - Sync 1 DAGs
[2024-10-25T10:33:31.402+0000] {logging_mixin.py:188} INFO - [2024-10-25T10:33:31.402+0000] {dag.py:3834} INFO - Setting next_dagrun for Vehicle_Data_scrape_Pipeline to 2024-10-23 00:00:00+00:00, run_after=2024-10-24 00:00:00+00:00
[2024-10-25T10:33:31.584+0000] {processor.py:183} INFO - Processing /opt/airflow/dags/vehicle_data_scraping_pipeline.py took 1.068 seconds
[2024-10-25T10:34:01.930+0000] {processor.py:161} INFO - Started process (PID=984) to work on /opt/airflow/dags/vehicle_data_scraping_pipeline.py
[2024-10-25T10:34:01.931+0000] {processor.py:830} INFO - Processing file /opt/airflow/dags/vehicle_data_scraping_pipeline.py for tasks to queue
[2024-10-25T10:34:01.932+0000] {logging_mixin.py:188} INFO - [2024-10-25T10:34:01.932+0000] {dagbag.py:540} INFO - Filling up the DagBag from /opt/airflow/dags/vehicle_data_scraping_pipeline.py
[2024-10-25T10:34:02.673+0000] {processor.py:840} INFO - DAG(s) 'Vehicle_Data_scrape_Pipeline' retrieved from /opt/airflow/dags/vehicle_data_scraping_pipeline.py
[2024-10-25T10:34:02.776+0000] {logging_mixin.py:188} INFO - [2024-10-25T10:34:02.775+0000] {dag.py:3047} INFO - Sync 1 DAGs
[2024-10-25T10:34:02.800+0000] {logging_mixin.py:188} INFO - [2024-10-25T10:34:02.800+0000] {dag.py:3834} INFO - Setting next_dagrun for Vehicle_Data_scrape_Pipeline to 2024-10-23 00:00:00+00:00, run_after=2024-10-24 00:00:00+00:00
[2024-10-25T10:34:02.837+0000] {processor.py:183} INFO - Processing /opt/airflow/dags/vehicle_data_scraping_pipeline.py took 0.909 seconds
[2024-10-25T10:34:33.793+0000] {processor.py:161} INFO - Started process (PID=1058) to work on /opt/airflow/dags/vehicle_data_scraping_pipeline.py
[2024-10-25T10:34:33.802+0000] {processor.py:830} INFO - Processing file /opt/airflow/dags/vehicle_data_scraping_pipeline.py for tasks to queue
[2024-10-25T10:34:33.803+0000] {logging_mixin.py:188} INFO - [2024-10-25T10:34:33.803+0000] {dagbag.py:540} INFO - Filling up the DagBag from /opt/airflow/dags/vehicle_data_scraping_pipeline.py
[2024-10-25T10:34:34.946+0000] {processor.py:840} INFO - DAG(s) 'Vehicle_Data_scrape_Pipeline' retrieved from /opt/airflow/dags/vehicle_data_scraping_pipeline.py
[2024-10-25T10:34:35.009+0000] {logging_mixin.py:188} INFO - [2024-10-25T10:34:35.009+0000] {dag.py:3047} INFO - Sync 1 DAGs
[2024-10-25T10:34:35.039+0000] {logging_mixin.py:188} INFO - [2024-10-25T10:34:35.039+0000] {dag.py:3834} INFO - Setting next_dagrun for Vehicle_Data_scrape_Pipeline to 2024-10-23 00:00:00+00:00, run_after=2024-10-24 00:00:00+00:00
[2024-10-25T10:34:35.099+0000] {processor.py:183} INFO - Processing /opt/airflow/dags/vehicle_data_scraping_pipeline.py took 1.309 seconds
[2024-10-25T10:35:05.620+0000] {processor.py:161} INFO - Started process (PID=1132) to work on /opt/airflow/dags/vehicle_data_scraping_pipeline.py
[2024-10-25T10:35:05.627+0000] {processor.py:830} INFO - Processing file /opt/airflow/dags/vehicle_data_scraping_pipeline.py for tasks to queue
[2024-10-25T10:35:05.628+0000] {logging_mixin.py:188} INFO - [2024-10-25T10:35:05.628+0000] {dagbag.py:540} INFO - Filling up the DagBag from /opt/airflow/dags/vehicle_data_scraping_pipeline.py
[2024-10-25T10:35:06.488+0000] {processor.py:840} INFO - DAG(s) 'Vehicle_Data_scrape_Pipeline' retrieved from /opt/airflow/dags/vehicle_data_scraping_pipeline.py
[2024-10-25T10:35:06.578+0000] {logging_mixin.py:188} INFO - [2024-10-25T10:35:06.578+0000] {dag.py:3047} INFO - Sync 1 DAGs
[2024-10-25T10:35:06.654+0000] {logging_mixin.py:188} INFO - [2024-10-25T10:35:06.654+0000] {dag.py:3834} INFO - Setting next_dagrun for Vehicle_Data_scrape_Pipeline to 2024-10-23 00:00:00+00:00, run_after=2024-10-24 00:00:00+00:00
[2024-10-25T10:35:06.695+0000] {processor.py:183} INFO - Processing /opt/airflow/dags/vehicle_data_scraping_pipeline.py took 1.077 seconds
[2024-10-25T10:35:37.299+0000] {processor.py:161} INFO - Started process (PID=1206) to work on /opt/airflow/dags/vehicle_data_scraping_pipeline.py
[2024-10-25T10:35:37.303+0000] {processor.py:830} INFO - Processing file /opt/airflow/dags/vehicle_data_scraping_pipeline.py for tasks to queue
[2024-10-25T10:35:37.304+0000] {logging_mixin.py:188} INFO - [2024-10-25T10:35:37.303+0000] {dagbag.py:540} INFO - Filling up the DagBag from /opt/airflow/dags/vehicle_data_scraping_pipeline.py
[2024-10-25T10:35:38.276+0000] {processor.py:840} INFO - DAG(s) 'Vehicle_Data_scrape_Pipeline' retrieved from /opt/airflow/dags/vehicle_data_scraping_pipeline.py
[2024-10-25T10:35:38.353+0000] {logging_mixin.py:188} INFO - [2024-10-25T10:35:38.353+0000] {dag.py:3047} INFO - Sync 1 DAGs
[2024-10-25T10:35:38.425+0000] {logging_mixin.py:188} INFO - [2024-10-25T10:35:38.425+0000] {dag.py:3834} INFO - Setting next_dagrun for Vehicle_Data_scrape_Pipeline to 2024-10-23 00:00:00+00:00, run_after=2024-10-24 00:00:00+00:00
[2024-10-25T10:35:38.439+0000] {processor.py:183} INFO - Processing /opt/airflow/dags/vehicle_data_scraping_pipeline.py took 1.143 seconds
[2024-10-25T10:36:08.606+0000] {processor.py:161} INFO - Started process (PID=1280) to work on /opt/airflow/dags/vehicle_data_scraping_pipeline.py
[2024-10-25T10:36:08.608+0000] {processor.py:830} INFO - Processing file /opt/airflow/dags/vehicle_data_scraping_pipeline.py for tasks to queue
[2024-10-25T10:36:08.609+0000] {logging_mixin.py:188} INFO - [2024-10-25T10:36:08.608+0000] {dagbag.py:540} INFO - Filling up the DagBag from /opt/airflow/dags/vehicle_data_scraping_pipeline.py
[2024-10-25T10:36:09.574+0000] {processor.py:840} INFO - DAG(s) 'Vehicle_Data_scrape_Pipeline' retrieved from /opt/airflow/dags/vehicle_data_scraping_pipeline.py
[2024-10-25T10:36:09.639+0000] {logging_mixin.py:188} INFO - [2024-10-25T10:36:09.639+0000] {dag.py:3047} INFO - Sync 1 DAGs
[2024-10-25T10:36:09.680+0000] {logging_mixin.py:188} INFO - [2024-10-25T10:36:09.680+0000] {dag.py:3834} INFO - Setting next_dagrun for Vehicle_Data_scrape_Pipeline to 2024-10-23 00:00:00+00:00, run_after=2024-10-24 00:00:00+00:00
[2024-10-25T10:36:09.865+0000] {processor.py:183} INFO - Processing /opt/airflow/dags/vehicle_data_scraping_pipeline.py took 1.262 seconds
[2024-10-25T10:36:40.645+0000] {processor.py:161} INFO - Started process (PID=1354) to work on /opt/airflow/dags/vehicle_data_scraping_pipeline.py
[2024-10-25T10:36:40.646+0000] {processor.py:830} INFO - Processing file /opt/airflow/dags/vehicle_data_scraping_pipeline.py for tasks to queue
[2024-10-25T10:36:40.647+0000] {logging_mixin.py:188} INFO - [2024-10-25T10:36:40.647+0000] {dagbag.py:540} INFO - Filling up the DagBag from /opt/airflow/dags/vehicle_data_scraping_pipeline.py
[2024-10-25T10:36:41.862+0000] {processor.py:840} INFO - DAG(s) 'Vehicle_Data_scrape_Pipeline' retrieved from /opt/airflow/dags/vehicle_data_scraping_pipeline.py
[2024-10-25T10:36:41.948+0000] {logging_mixin.py:188} INFO - [2024-10-25T10:36:41.947+0000] {dag.py:3047} INFO - Sync 1 DAGs
[2024-10-25T10:36:41.989+0000] {logging_mixin.py:188} INFO - [2024-10-25T10:36:41.989+0000] {dag.py:3834} INFO - Setting next_dagrun for Vehicle_Data_scrape_Pipeline to 2024-10-23 00:00:00+00:00, run_after=2024-10-24 00:00:00+00:00
[2024-10-25T10:36:42.043+0000] {processor.py:183} INFO - Processing /opt/airflow/dags/vehicle_data_scraping_pipeline.py took 1.401 seconds
[2024-10-25T10:37:12.325+0000] {processor.py:161} INFO - Started process (PID=1429) to work on /opt/airflow/dags/vehicle_data_scraping_pipeline.py
[2024-10-25T10:37:12.326+0000] {processor.py:830} INFO - Processing file /opt/airflow/dags/vehicle_data_scraping_pipeline.py for tasks to queue
[2024-10-25T10:37:12.327+0000] {logging_mixin.py:188} INFO - [2024-10-25T10:37:12.326+0000] {dagbag.py:540} INFO - Filling up the DagBag from /opt/airflow/dags/vehicle_data_scraping_pipeline.py
[2024-10-25T10:37:13.524+0000] {processor.py:840} INFO - DAG(s) 'Vehicle_Data_scrape_Pipeline' retrieved from /opt/airflow/dags/vehicle_data_scraping_pipeline.py
[2024-10-25T10:37:13.710+0000] {logging_mixin.py:188} INFO - [2024-10-25T10:37:13.710+0000] {dag.py:3047} INFO - Sync 1 DAGs
[2024-10-25T10:37:13.766+0000] {logging_mixin.py:188} INFO - [2024-10-25T10:37:13.764+0000] {dag.py:3834} INFO - Setting next_dagrun for Vehicle_Data_scrape_Pipeline to 2024-10-23 00:00:00+00:00, run_after=2024-10-24 00:00:00+00:00
[2024-10-25T10:37:13.908+0000] {processor.py:183} INFO - Processing /opt/airflow/dags/vehicle_data_scraping_pipeline.py took 1.585 seconds
[2024-10-25T10:37:44.296+0000] {processor.py:161} INFO - Started process (PID=1508) to work on /opt/airflow/dags/vehicle_data_scraping_pipeline.py
[2024-10-25T10:37:44.297+0000] {processor.py:830} INFO - Processing file /opt/airflow/dags/vehicle_data_scraping_pipeline.py for tasks to queue
[2024-10-25T10:37:44.298+0000] {logging_mixin.py:188} INFO - [2024-10-25T10:37:44.298+0000] {dagbag.py:540} INFO - Filling up the DagBag from /opt/airflow/dags/vehicle_data_scraping_pipeline.py
[2024-10-25T10:37:45.090+0000] {processor.py:840} INFO - DAG(s) 'Vehicle_Data_scrape_Pipeline' retrieved from /opt/airflow/dags/vehicle_data_scraping_pipeline.py
[2024-10-25T10:37:45.297+0000] {logging_mixin.py:188} INFO - [2024-10-25T10:37:45.297+0000] {dag.py:3047} INFO - Sync 1 DAGs
[2024-10-25T10:37:45.349+0000] {logging_mixin.py:188} INFO - [2024-10-25T10:37:45.348+0000] {dag.py:3834} INFO - Setting next_dagrun for Vehicle_Data_scrape_Pipeline to 2024-10-23 00:00:00+00:00, run_after=2024-10-24 00:00:00+00:00
[2024-10-25T10:37:45.397+0000] {processor.py:183} INFO - Processing /opt/airflow/dags/vehicle_data_scraping_pipeline.py took 1.104 seconds
[2024-10-25T10:38:15.739+0000] {processor.py:161} INFO - Started process (PID=1583) to work on /opt/airflow/dags/vehicle_data_scraping_pipeline.py
[2024-10-25T10:38:15.741+0000] {processor.py:830} INFO - Processing file /opt/airflow/dags/vehicle_data_scraping_pipeline.py for tasks to queue
[2024-10-25T10:38:15.742+0000] {logging_mixin.py:188} INFO - [2024-10-25T10:38:15.741+0000] {dagbag.py:540} INFO - Filling up the DagBag from /opt/airflow/dags/vehicle_data_scraping_pipeline.py
[2024-10-25T10:38:16.755+0000] {processor.py:840} INFO - DAG(s) 'Vehicle_Data_scrape_Pipeline' retrieved from /opt/airflow/dags/vehicle_data_scraping_pipeline.py
[2024-10-25T10:38:16.946+0000] {logging_mixin.py:188} INFO - [2024-10-25T10:38:16.946+0000] {dag.py:3047} INFO - Sync 1 DAGs
[2024-10-25T10:38:16.984+0000] {logging_mixin.py:188} INFO - [2024-10-25T10:38:16.983+0000] {dag.py:3834} INFO - Setting next_dagrun for Vehicle_Data_scrape_Pipeline to 2024-10-23 00:00:00+00:00, run_after=2024-10-24 00:00:00+00:00
[2024-10-25T10:38:17.002+0000] {processor.py:183} INFO - Processing /opt/airflow/dags/vehicle_data_scraping_pipeline.py took 1.265 seconds
[2024-10-25T10:38:47.676+0000] {processor.py:161} INFO - Started process (PID=1657) to work on /opt/airflow/dags/vehicle_data_scraping_pipeline.py
[2024-10-25T10:38:47.677+0000] {processor.py:830} INFO - Processing file /opt/airflow/dags/vehicle_data_scraping_pipeline.py for tasks to queue
[2024-10-25T10:38:47.678+0000] {logging_mixin.py:188} INFO - [2024-10-25T10:38:47.678+0000] {dagbag.py:540} INFO - Filling up the DagBag from /opt/airflow/dags/vehicle_data_scraping_pipeline.py
[2024-10-25T10:38:48.519+0000] {processor.py:840} INFO - DAG(s) 'Vehicle_Data_scrape_Pipeline' retrieved from /opt/airflow/dags/vehicle_data_scraping_pipeline.py
[2024-10-25T10:38:48.588+0000] {logging_mixin.py:188} INFO - [2024-10-25T10:38:48.588+0000] {dag.py:3047} INFO - Sync 1 DAGs
[2024-10-25T10:38:48.662+0000] {logging_mixin.py:188} INFO - [2024-10-25T10:38:48.662+0000] {dag.py:3834} INFO - Setting next_dagrun for Vehicle_Data_scrape_Pipeline to 2024-10-23 00:00:00+00:00, run_after=2024-10-24 00:00:00+00:00
[2024-10-25T10:38:48.851+0000] {processor.py:183} INFO - Processing /opt/airflow/dags/vehicle_data_scraping_pipeline.py took 1.177 seconds
[2024-10-25T10:39:18.975+0000] {processor.py:161} INFO - Started process (PID=1731) to work on /opt/airflow/dags/vehicle_data_scraping_pipeline.py
[2024-10-25T10:39:18.980+0000] {processor.py:830} INFO - Processing file /opt/airflow/dags/vehicle_data_scraping_pipeline.py for tasks to queue
[2024-10-25T10:39:18.981+0000] {logging_mixin.py:188} INFO - [2024-10-25T10:39:18.981+0000] {dagbag.py:540} INFO - Filling up the DagBag from /opt/airflow/dags/vehicle_data_scraping_pipeline.py
[2024-10-25T10:39:19.997+0000] {processor.py:840} INFO - DAG(s) 'Vehicle_Data_scrape_Pipeline' retrieved from /opt/airflow/dags/vehicle_data_scraping_pipeline.py
[2024-10-25T10:39:20.091+0000] {logging_mixin.py:188} INFO - [2024-10-25T10:39:20.091+0000] {dag.py:3047} INFO - Sync 1 DAGs
[2024-10-25T10:39:20.137+0000] {logging_mixin.py:188} INFO - [2024-10-25T10:39:20.137+0000] {dag.py:3834} INFO - Setting next_dagrun for Vehicle_Data_scrape_Pipeline to 2024-10-23 00:00:00+00:00, run_after=2024-10-24 00:00:00+00:00
[2024-10-25T10:39:20.173+0000] {processor.py:183} INFO - Processing /opt/airflow/dags/vehicle_data_scraping_pipeline.py took 1.200 seconds
[2024-10-25T10:39:50.504+0000] {processor.py:161} INFO - Started process (PID=1805) to work on /opt/airflow/dags/vehicle_data_scraping_pipeline.py
[2024-10-25T10:39:50.505+0000] {processor.py:830} INFO - Processing file /opt/airflow/dags/vehicle_data_scraping_pipeline.py for tasks to queue
[2024-10-25T10:39:50.506+0000] {logging_mixin.py:188} INFO - [2024-10-25T10:39:50.505+0000] {dagbag.py:540} INFO - Filling up the DagBag from /opt/airflow/dags/vehicle_data_scraping_pipeline.py
[2024-10-25T10:39:51.646+0000] {processor.py:840} INFO - DAG(s) 'Vehicle_Data_scrape_Pipeline' retrieved from /opt/airflow/dags/vehicle_data_scraping_pipeline.py
[2024-10-25T10:39:51.729+0000] {logging_mixin.py:188} INFO - [2024-10-25T10:39:51.729+0000] {dag.py:3047} INFO - Sync 1 DAGs
[2024-10-25T10:39:51.757+0000] {logging_mixin.py:188} INFO - [2024-10-25T10:39:51.757+0000] {dag.py:3834} INFO - Setting next_dagrun for Vehicle_Data_scrape_Pipeline to 2024-10-23 00:00:00+00:00, run_after=2024-10-24 00:00:00+00:00
[2024-10-25T10:39:51.801+0000] {processor.py:183} INFO - Processing /opt/airflow/dags/vehicle_data_scraping_pipeline.py took 1.299 seconds
[2024-10-25T10:40:22.659+0000] {processor.py:161} INFO - Started process (PID=1879) to work on /opt/airflow/dags/vehicle_data_scraping_pipeline.py
[2024-10-25T10:40:22.663+0000] {processor.py:830} INFO - Processing file /opt/airflow/dags/vehicle_data_scraping_pipeline.py for tasks to queue
[2024-10-25T10:40:22.664+0000] {logging_mixin.py:188} INFO - [2024-10-25T10:40:22.663+0000] {dagbag.py:540} INFO - Filling up the DagBag from /opt/airflow/dags/vehicle_data_scraping_pipeline.py
[2024-10-25T10:40:23.658+0000] {processor.py:840} INFO - DAG(s) 'Vehicle_Data_scrape_Pipeline' retrieved from /opt/airflow/dags/vehicle_data_scraping_pipeline.py
[2024-10-25T10:40:23.720+0000] {logging_mixin.py:188} INFO - [2024-10-25T10:40:23.720+0000] {dag.py:3047} INFO - Sync 1 DAGs
[2024-10-25T10:40:23.761+0000] {logging_mixin.py:188} INFO - [2024-10-25T10:40:23.761+0000] {dag.py:3834} INFO - Setting next_dagrun for Vehicle_Data_scrape_Pipeline to 2024-10-23 00:00:00+00:00, run_after=2024-10-24 00:00:00+00:00
[2024-10-25T10:40:23.786+0000] {processor.py:183} INFO - Processing /opt/airflow/dags/vehicle_data_scraping_pipeline.py took 1.129 seconds
[2024-10-25T10:40:54.417+0000] {processor.py:161} INFO - Started process (PID=1953) to work on /opt/airflow/dags/vehicle_data_scraping_pipeline.py
[2024-10-25T10:40:54.422+0000] {processor.py:830} INFO - Processing file /opt/airflow/dags/vehicle_data_scraping_pipeline.py for tasks to queue
[2024-10-25T10:40:54.423+0000] {logging_mixin.py:188} INFO - [2024-10-25T10:40:54.423+0000] {dagbag.py:540} INFO - Filling up the DagBag from /opt/airflow/dags/vehicle_data_scraping_pipeline.py
[2024-10-25T10:40:55.476+0000] {processor.py:840} INFO - DAG(s) 'Vehicle_Data_scrape_Pipeline' retrieved from /opt/airflow/dags/vehicle_data_scraping_pipeline.py
[2024-10-25T10:40:55.626+0000] {logging_mixin.py:188} INFO - [2024-10-25T10:40:55.625+0000] {dag.py:3047} INFO - Sync 1 DAGs
[2024-10-25T10:40:55.667+0000] {logging_mixin.py:188} INFO - [2024-10-25T10:40:55.667+0000] {dag.py:3834} INFO - Setting next_dagrun for Vehicle_Data_scrape_Pipeline to 2024-10-23 00:00:00+00:00, run_after=2024-10-24 00:00:00+00:00
[2024-10-25T10:40:55.722+0000] {processor.py:183} INFO - Processing /opt/airflow/dags/vehicle_data_scraping_pipeline.py took 1.301 seconds
[2024-10-25T10:41:26.200+0000] {processor.py:161} INFO - Started process (PID=2027) to work on /opt/airflow/dags/vehicle_data_scraping_pipeline.py
[2024-10-25T10:41:26.201+0000] {processor.py:830} INFO - Processing file /opt/airflow/dags/vehicle_data_scraping_pipeline.py for tasks to queue
[2024-10-25T10:41:26.212+0000] {logging_mixin.py:188} INFO - [2024-10-25T10:41:26.211+0000] {dagbag.py:540} INFO - Filling up the DagBag from /opt/airflow/dags/vehicle_data_scraping_pipeline.py
[2024-10-25T10:41:27.236+0000] {processor.py:840} INFO - DAG(s) 'Vehicle_Data_scrape_Pipeline' retrieved from /opt/airflow/dags/vehicle_data_scraping_pipeline.py
[2024-10-25T10:41:27.336+0000] {logging_mixin.py:188} INFO - [2024-10-25T10:41:27.335+0000] {dag.py:3047} INFO - Sync 1 DAGs
[2024-10-25T10:41:27.517+0000] {logging_mixin.py:188} INFO - [2024-10-25T10:41:27.517+0000] {dag.py:3834} INFO - Setting next_dagrun for Vehicle_Data_scrape_Pipeline to 2024-10-23 00:00:00+00:00, run_after=2024-10-24 00:00:00+00:00
[2024-10-25T10:41:27.548+0000] {processor.py:183} INFO - Processing /opt/airflow/dags/vehicle_data_scraping_pipeline.py took 1.352 seconds
[2024-10-25T10:41:58.144+0000] {processor.py:161} INFO - Started process (PID=2101) to work on /opt/airflow/dags/vehicle_data_scraping_pipeline.py
[2024-10-25T10:41:58.145+0000] {processor.py:830} INFO - Processing file /opt/airflow/dags/vehicle_data_scraping_pipeline.py for tasks to queue
[2024-10-25T10:41:58.146+0000] {logging_mixin.py:188} INFO - [2024-10-25T10:41:58.145+0000] {dagbag.py:540} INFO - Filling up the DagBag from /opt/airflow/dags/vehicle_data_scraping_pipeline.py
[2024-10-25T10:41:59.138+0000] {processor.py:840} INFO - DAG(s) 'Vehicle_Data_scrape_Pipeline' retrieved from /opt/airflow/dags/vehicle_data_scraping_pipeline.py
[2024-10-25T10:41:59.195+0000] {logging_mixin.py:188} INFO - [2024-10-25T10:41:59.194+0000] {dag.py:3047} INFO - Sync 1 DAGs
[2024-10-25T10:41:59.250+0000] {logging_mixin.py:188} INFO - [2024-10-25T10:41:59.250+0000] {dag.py:3834} INFO - Setting next_dagrun for Vehicle_Data_scrape_Pipeline to 2024-10-23 00:00:00+00:00, run_after=2024-10-24 00:00:00+00:00
[2024-10-25T10:41:59.270+0000] {processor.py:183} INFO - Processing /opt/airflow/dags/vehicle_data_scraping_pipeline.py took 1.129 seconds
[2024-10-25T10:42:29.449+0000] {processor.py:161} INFO - Started process (PID=2174) to work on /opt/airflow/dags/vehicle_data_scraping_pipeline.py
[2024-10-25T10:42:29.449+0000] {processor.py:830} INFO - Processing file /opt/airflow/dags/vehicle_data_scraping_pipeline.py for tasks to queue
[2024-10-25T10:42:29.450+0000] {logging_mixin.py:188} INFO - [2024-10-25T10:42:29.450+0000] {dagbag.py:540} INFO - Filling up the DagBag from /opt/airflow/dags/vehicle_data_scraping_pipeline.py
[2024-10-25T10:42:30.669+0000] {processor.py:840} INFO - DAG(s) 'Vehicle_Data_scrape_Pipeline' retrieved from /opt/airflow/dags/vehicle_data_scraping_pipeline.py
[2024-10-25T10:42:30.764+0000] {logging_mixin.py:188} INFO - [2024-10-25T10:42:30.763+0000] {dag.py:3047} INFO - Sync 1 DAGs
[2024-10-25T10:42:30.787+0000] {logging_mixin.py:188} INFO - [2024-10-25T10:42:30.787+0000] {dag.py:3834} INFO - Setting next_dagrun for Vehicle_Data_scrape_Pipeline to 2024-10-23 00:00:00+00:00, run_after=2024-10-24 00:00:00+00:00
[2024-10-25T10:42:30.869+0000] {processor.py:183} INFO - Processing /opt/airflow/dags/vehicle_data_scraping_pipeline.py took 1.423 seconds
[2024-10-25T10:43:01.580+0000] {processor.py:161} INFO - Started process (PID=2248) to work on /opt/airflow/dags/vehicle_data_scraping_pipeline.py
[2024-10-25T10:43:01.592+0000] {processor.py:830} INFO - Processing file /opt/airflow/dags/vehicle_data_scraping_pipeline.py for tasks to queue
[2024-10-25T10:43:01.593+0000] {logging_mixin.py:188} INFO - [2024-10-25T10:43:01.593+0000] {dagbag.py:540} INFO - Filling up the DagBag from /opt/airflow/dags/vehicle_data_scraping_pipeline.py
[2024-10-25T10:43:02.514+0000] {processor.py:840} INFO - DAG(s) 'Vehicle_Data_scrape_Pipeline' retrieved from /opt/airflow/dags/vehicle_data_scraping_pipeline.py
[2024-10-25T10:43:02.633+0000] {logging_mixin.py:188} INFO - [2024-10-25T10:43:02.632+0000] {dag.py:3047} INFO - Sync 1 DAGs
[2024-10-25T10:43:02.683+0000] {logging_mixin.py:188} INFO - [2024-10-25T10:43:02.683+0000] {dag.py:3834} INFO - Setting next_dagrun for Vehicle_Data_scrape_Pipeline to 2024-10-23 00:00:00+00:00, run_after=2024-10-24 00:00:00+00:00
[2024-10-25T10:43:02.720+0000] {processor.py:183} INFO - Processing /opt/airflow/dags/vehicle_data_scraping_pipeline.py took 1.142 seconds
[2024-10-25T10:43:32.802+0000] {processor.py:161} INFO - Started process (PID=2322) to work on /opt/airflow/dags/vehicle_data_scraping_pipeline.py
[2024-10-25T10:43:32.808+0000] {processor.py:830} INFO - Processing file /opt/airflow/dags/vehicle_data_scraping_pipeline.py for tasks to queue
[2024-10-25T10:43:32.809+0000] {logging_mixin.py:188} INFO - [2024-10-25T10:43:32.808+0000] {dagbag.py:540} INFO - Filling up the DagBag from /opt/airflow/dags/vehicle_data_scraping_pipeline.py
[2024-10-25T10:43:33.607+0000] {processor.py:840} INFO - DAG(s) 'Vehicle_Data_scrape_Pipeline' retrieved from /opt/airflow/dags/vehicle_data_scraping_pipeline.py
[2024-10-25T10:43:33.664+0000] {logging_mixin.py:188} INFO - [2024-10-25T10:43:33.664+0000] {dag.py:3047} INFO - Sync 1 DAGs
[2024-10-25T10:43:33.682+0000] {logging_mixin.py:188} INFO - [2024-10-25T10:43:33.682+0000] {dag.py:3834} INFO - Setting next_dagrun for Vehicle_Data_scrape_Pipeline to 2024-10-23 00:00:00+00:00, run_after=2024-10-24 00:00:00+00:00
[2024-10-25T10:43:33.859+0000] {processor.py:183} INFO - Processing /opt/airflow/dags/vehicle_data_scraping_pipeline.py took 1.060 seconds
[2024-10-25T10:44:04.310+0000] {processor.py:161} INFO - Started process (PID=2395) to work on /opt/airflow/dags/vehicle_data_scraping_pipeline.py
[2024-10-25T10:44:04.315+0000] {processor.py:830} INFO - Processing file /opt/airflow/dags/vehicle_data_scraping_pipeline.py for tasks to queue
[2024-10-25T10:44:04.316+0000] {logging_mixin.py:188} INFO - [2024-10-25T10:44:04.315+0000] {dagbag.py:540} INFO - Filling up the DagBag from /opt/airflow/dags/vehicle_data_scraping_pipeline.py
[2024-10-25T10:44:05.108+0000] {processor.py:840} INFO - DAG(s) 'Vehicle_Data_scrape_Pipeline' retrieved from /opt/airflow/dags/vehicle_data_scraping_pipeline.py
[2024-10-25T10:44:05.166+0000] {logging_mixin.py:188} INFO - [2024-10-25T10:44:05.166+0000] {dag.py:3047} INFO - Sync 1 DAGs
[2024-10-25T10:44:05.187+0000] {logging_mixin.py:188} INFO - [2024-10-25T10:44:05.187+0000] {dag.py:3834} INFO - Setting next_dagrun for Vehicle_Data_scrape_Pipeline to 2024-10-23 00:00:00+00:00, run_after=2024-10-24 00:00:00+00:00
[2024-10-25T10:44:05.205+0000] {processor.py:183} INFO - Processing /opt/airflow/dags/vehicle_data_scraping_pipeline.py took 0.897 seconds
[2024-10-25T10:44:36.089+0000] {processor.py:161} INFO - Started process (PID=2469) to work on /opt/airflow/dags/vehicle_data_scraping_pipeline.py
[2024-10-25T10:44:36.090+0000] {processor.py:830} INFO - Processing file /opt/airflow/dags/vehicle_data_scraping_pipeline.py for tasks to queue
[2024-10-25T10:44:36.091+0000] {logging_mixin.py:188} INFO - [2024-10-25T10:44:36.090+0000] {dagbag.py:540} INFO - Filling up the DagBag from /opt/airflow/dags/vehicle_data_scraping_pipeline.py
[2024-10-25T10:44:37.112+0000] {processor.py:840} INFO - DAG(s) 'Vehicle_Data_scrape_Pipeline' retrieved from /opt/airflow/dags/vehicle_data_scraping_pipeline.py
[2024-10-25T10:44:37.193+0000] {logging_mixin.py:188} INFO - [2024-10-25T10:44:37.193+0000] {dag.py:3047} INFO - Sync 1 DAGs
[2024-10-25T10:44:37.229+0000] {logging_mixin.py:188} INFO - [2024-10-25T10:44:37.229+0000] {dag.py:3834} INFO - Setting next_dagrun for Vehicle_Data_scrape_Pipeline to 2024-10-23 00:00:00+00:00, run_after=2024-10-24 00:00:00+00:00
[2024-10-25T10:44:37.256+0000] {processor.py:183} INFO - Processing /opt/airflow/dags/vehicle_data_scraping_pipeline.py took 1.170 seconds
[2024-10-25T10:45:07.754+0000] {processor.py:161} INFO - Started process (PID=2541) to work on /opt/airflow/dags/vehicle_data_scraping_pipeline.py
[2024-10-25T10:45:07.755+0000] {processor.py:830} INFO - Processing file /opt/airflow/dags/vehicle_data_scraping_pipeline.py for tasks to queue
[2024-10-25T10:45:07.756+0000] {logging_mixin.py:188} INFO - [2024-10-25T10:45:07.756+0000] {dagbag.py:540} INFO - Filling up the DagBag from /opt/airflow/dags/vehicle_data_scraping_pipeline.py
[2024-10-25T10:45:08.767+0000] {processor.py:840} INFO - DAG(s) 'Vehicle_Data_scrape_Pipeline' retrieved from /opt/airflow/dags/vehicle_data_scraping_pipeline.py
[2024-10-25T10:45:08.830+0000] {logging_mixin.py:188} INFO - [2024-10-25T10:45:08.830+0000] {dag.py:3047} INFO - Sync 1 DAGs
[2024-10-25T10:45:08.854+0000] {logging_mixin.py:188} INFO - [2024-10-25T10:45:08.854+0000] {dag.py:3834} INFO - Setting next_dagrun for Vehicle_Data_scrape_Pipeline to 2024-10-23 00:00:00+00:00, run_after=2024-10-24 00:00:00+00:00
[2024-10-25T10:45:08.890+0000] {processor.py:183} INFO - Processing /opt/airflow/dags/vehicle_data_scraping_pipeline.py took 1.138 seconds
[2024-10-25T10:45:39.533+0000] {processor.py:161} INFO - Started process (PID=2596) to work on /opt/airflow/dags/vehicle_data_scraping_pipeline.py
[2024-10-25T10:45:39.534+0000] {processor.py:830} INFO - Processing file /opt/airflow/dags/vehicle_data_scraping_pipeline.py for tasks to queue
[2024-10-25T10:45:39.535+0000] {logging_mixin.py:188} INFO - [2024-10-25T10:45:39.535+0000] {dagbag.py:540} INFO - Filling up the DagBag from /opt/airflow/dags/vehicle_data_scraping_pipeline.py
[2024-10-25T10:45:40.392+0000] {processor.py:840} INFO - DAG(s) 'Vehicle_Data_scrape_Pipeline' retrieved from /opt/airflow/dags/vehicle_data_scraping_pipeline.py
[2024-10-25T10:45:40.450+0000] {logging_mixin.py:188} INFO - [2024-10-25T10:45:40.450+0000] {dag.py:3047} INFO - Sync 1 DAGs
[2024-10-25T10:45:40.478+0000] {logging_mixin.py:188} INFO - [2024-10-25T10:45:40.478+0000] {dag.py:3834} INFO - Setting next_dagrun for Vehicle_Data_scrape_Pipeline to 2024-10-23 00:00:00+00:00, run_after=2024-10-24 00:00:00+00:00
[2024-10-25T10:45:40.682+0000] {processor.py:183} INFO - Processing /opt/airflow/dags/vehicle_data_scraping_pipeline.py took 1.152 seconds
[2024-10-25T10:46:11.008+0000] {processor.py:161} INFO - Started process (PID=2666) to work on /opt/airflow/dags/vehicle_data_scraping_pipeline.py
[2024-10-25T10:46:11.009+0000] {processor.py:830} INFO - Processing file /opt/airflow/dags/vehicle_data_scraping_pipeline.py for tasks to queue
[2024-10-25T10:46:11.010+0000] {logging_mixin.py:188} INFO - [2024-10-25T10:46:11.010+0000] {dagbag.py:540} INFO - Filling up the DagBag from /opt/airflow/dags/vehicle_data_scraping_pipeline.py
[2024-10-25T10:46:12.056+0000] {processor.py:840} INFO - DAG(s) 'Vehicle_Data_scrape_Pipeline' retrieved from /opt/airflow/dags/vehicle_data_scraping_pipeline.py
[2024-10-25T10:46:12.111+0000] {logging_mixin.py:188} INFO - [2024-10-25T10:46:12.110+0000] {dag.py:3047} INFO - Sync 1 DAGs
[2024-10-25T10:46:12.155+0000] {logging_mixin.py:188} INFO - [2024-10-25T10:46:12.155+0000] {dag.py:3834} INFO - Setting next_dagrun for Vehicle_Data_scrape_Pipeline to 2024-10-23 00:00:00+00:00, run_after=2024-10-24 00:00:00+00:00
[2024-10-25T10:46:12.226+0000] {processor.py:183} INFO - Processing /opt/airflow/dags/vehicle_data_scraping_pipeline.py took 1.222 seconds
[2024-10-25T10:46:42.675+0000] {processor.py:161} INFO - Started process (PID=2740) to work on /opt/airflow/dags/vehicle_data_scraping_pipeline.py
[2024-10-25T10:46:42.676+0000] {processor.py:830} INFO - Processing file /opt/airflow/dags/vehicle_data_scraping_pipeline.py for tasks to queue
[2024-10-25T10:46:42.677+0000] {logging_mixin.py:188} INFO - [2024-10-25T10:46:42.677+0000] {dagbag.py:540} INFO - Filling up the DagBag from /opt/airflow/dags/vehicle_data_scraping_pipeline.py
[2024-10-25T10:46:43.559+0000] {processor.py:840} INFO - DAG(s) 'Vehicle_Data_scrape_Pipeline' retrieved from /opt/airflow/dags/vehicle_data_scraping_pipeline.py
[2024-10-25T10:46:43.682+0000] {logging_mixin.py:188} INFO - [2024-10-25T10:46:43.681+0000] {dag.py:3047} INFO - Sync 1 DAGs
[2024-10-25T10:46:43.713+0000] {logging_mixin.py:188} INFO - [2024-10-25T10:46:43.713+0000] {dag.py:3834} INFO - Setting next_dagrun for Vehicle_Data_scrape_Pipeline to 2024-10-23 00:00:00+00:00, run_after=2024-10-24 00:00:00+00:00
[2024-10-25T10:46:43.771+0000] {processor.py:183} INFO - Processing /opt/airflow/dags/vehicle_data_scraping_pipeline.py took 1.098 seconds
[2024-10-25T10:47:14.447+0000] {processor.py:161} INFO - Started process (PID=2813) to work on /opt/airflow/dags/vehicle_data_scraping_pipeline.py
[2024-10-25T10:47:14.454+0000] {processor.py:830} INFO - Processing file /opt/airflow/dags/vehicle_data_scraping_pipeline.py for tasks to queue
[2024-10-25T10:47:14.457+0000] {logging_mixin.py:188} INFO - [2024-10-25T10:47:14.457+0000] {dagbag.py:540} INFO - Filling up the DagBag from /opt/airflow/dags/vehicle_data_scraping_pipeline.py
[2024-10-25T10:47:15.450+0000] {processor.py:840} INFO - DAG(s) 'Vehicle_Data_scrape_Pipeline' retrieved from /opt/airflow/dags/vehicle_data_scraping_pipeline.py
[2024-10-25T10:47:15.543+0000] {logging_mixin.py:188} INFO - [2024-10-25T10:47:15.542+0000] {dag.py:3047} INFO - Sync 1 DAGs
[2024-10-25T10:47:15.587+0000] {logging_mixin.py:188} INFO - [2024-10-25T10:47:15.587+0000] {dag.py:3834} INFO - Setting next_dagrun for Vehicle_Data_scrape_Pipeline to 2024-10-23 00:00:00+00:00, run_after=2024-10-24 00:00:00+00:00
[2024-10-25T10:47:15.626+0000] {processor.py:183} INFO - Processing /opt/airflow/dags/vehicle_data_scraping_pipeline.py took 1.182 seconds
[2024-10-25T11:24:12.578+0000] {processor.py:161} INFO - Started process (PID=221) to work on /opt/airflow/dags/vehicle_data_scraping_pipeline.py
[2024-10-25T11:24:12.579+0000] {processor.py:830} INFO - Processing file /opt/airflow/dags/vehicle_data_scraping_pipeline.py for tasks to queue
[2024-10-25T11:24:12.580+0000] {logging_mixin.py:188} INFO - [2024-10-25T11:24:12.580+0000] {dagbag.py:540} INFO - Filling up the DagBag from /opt/airflow/dags/vehicle_data_scraping_pipeline.py
[2024-10-25T11:24:13.756+0000] {processor.py:840} INFO - DAG(s) 'Vehicle_Data_scrape_Pipeline' retrieved from /opt/airflow/dags/vehicle_data_scraping_pipeline.py
[2024-10-25T11:24:13.925+0000] {logging_mixin.py:188} INFO - [2024-10-25T11:24:13.925+0000] {dag.py:3047} INFO - Sync 1 DAGs
[2024-10-25T11:24:13.939+0000] {logging_mixin.py:188} INFO - [2024-10-25T11:24:13.938+0000] {dag.py:3834} INFO - Setting next_dagrun for Vehicle_Data_scrape_Pipeline to 2024-10-23 00:00:00+00:00, run_after=2024-10-24 00:00:00+00:00
[2024-10-25T11:24:13.955+0000] {processor.py:183} INFO - Processing /opt/airflow/dags/vehicle_data_scraping_pipeline.py took 1.380 seconds
[2024-10-25T11:24:44.282+0000] {processor.py:161} INFO - Started process (PID=453) to work on /opt/airflow/dags/vehicle_data_scraping_pipeline.py
[2024-10-25T11:24:44.291+0000] {processor.py:830} INFO - Processing file /opt/airflow/dags/vehicle_data_scraping_pipeline.py for tasks to queue
[2024-10-25T11:24:44.292+0000] {logging_mixin.py:188} INFO - [2024-10-25T11:24:44.292+0000] {dagbag.py:540} INFO - Filling up the DagBag from /opt/airflow/dags/vehicle_data_scraping_pipeline.py
[2024-10-25T11:24:45.277+0000] {processor.py:840} INFO - DAG(s) 'Vehicle_Data_scrape_Pipeline' retrieved from /opt/airflow/dags/vehicle_data_scraping_pipeline.py
[2024-10-25T11:24:45.378+0000] {logging_mixin.py:188} INFO - [2024-10-25T11:24:45.378+0000] {dag.py:3047} INFO - Sync 1 DAGs
[2024-10-25T11:24:45.523+0000] {logging_mixin.py:188} INFO - [2024-10-25T11:24:45.523+0000] {dag.py:3834} INFO - Setting next_dagrun for Vehicle_Data_scrape_Pipeline to 2024-10-23 00:00:00+00:00, run_after=2024-10-24 00:00:00+00:00
[2024-10-25T11:24:46.032+0000] {processor.py:183} INFO - Processing /opt/airflow/dags/vehicle_data_scraping_pipeline.py took 1.754 seconds
[2024-10-25T11:25:16.394+0000] {processor.py:161} INFO - Started process (PID=526) to work on /opt/airflow/dags/vehicle_data_scraping_pipeline.py
[2024-10-25T11:25:16.398+0000] {processor.py:830} INFO - Processing file /opt/airflow/dags/vehicle_data_scraping_pipeline.py for tasks to queue
[2024-10-25T11:25:16.399+0000] {logging_mixin.py:188} INFO - [2024-10-25T11:25:16.398+0000] {dagbag.py:540} INFO - Filling up the DagBag from /opt/airflow/dags/vehicle_data_scraping_pipeline.py
[2024-10-25T11:25:17.248+0000] {processor.py:840} INFO - DAG(s) 'Vehicle_Data_scrape_Pipeline' retrieved from /opt/airflow/dags/vehicle_data_scraping_pipeline.py
[2024-10-25T11:25:17.432+0000] {logging_mixin.py:188} INFO - [2024-10-25T11:25:17.431+0000] {dag.py:3047} INFO - Sync 1 DAGs
[2024-10-25T11:25:17.634+0000] {logging_mixin.py:188} INFO - [2024-10-25T11:25:17.633+0000] {dag.py:3834} INFO - Setting next_dagrun for Vehicle_Data_scrape_Pipeline to 2024-10-23 00:00:00+00:00, run_after=2024-10-24 00:00:00+00:00
[2024-10-25T11:25:17.680+0000] {processor.py:183} INFO - Processing /opt/airflow/dags/vehicle_data_scraping_pipeline.py took 1.289 seconds
[2024-10-25T11:25:47.806+0000] {processor.py:161} INFO - Started process (PID=599) to work on /opt/airflow/dags/vehicle_data_scraping_pipeline.py
[2024-10-25T11:25:47.809+0000] {processor.py:830} INFO - Processing file /opt/airflow/dags/vehicle_data_scraping_pipeline.py for tasks to queue
[2024-10-25T11:25:47.810+0000] {logging_mixin.py:188} INFO - [2024-10-25T11:25:47.809+0000] {dagbag.py:540} INFO - Filling up the DagBag from /opt/airflow/dags/vehicle_data_scraping_pipeline.py
[2024-10-25T11:25:48.831+0000] {processor.py:840} INFO - DAG(s) 'Vehicle_Data_scrape_Pipeline' retrieved from /opt/airflow/dags/vehicle_data_scraping_pipeline.py
[2024-10-25T11:25:48.908+0000] {logging_mixin.py:188} INFO - [2024-10-25T11:25:48.907+0000] {dag.py:3047} INFO - Sync 1 DAGs
[2024-10-25T11:25:48.923+0000] {logging_mixin.py:188} INFO - [2024-10-25T11:25:48.923+0000] {dag.py:3834} INFO - Setting next_dagrun for Vehicle_Data_scrape_Pipeline to 2024-10-23 00:00:00+00:00, run_after=2024-10-24 00:00:00+00:00
[2024-10-25T11:25:48.965+0000] {processor.py:183} INFO - Processing /opt/airflow/dags/vehicle_data_scraping_pipeline.py took 1.162 seconds
[2024-10-25T11:26:19.973+0000] {processor.py:161} INFO - Started process (PID=673) to work on /opt/airflow/dags/vehicle_data_scraping_pipeline.py
[2024-10-25T11:26:19.974+0000] {processor.py:830} INFO - Processing file /opt/airflow/dags/vehicle_data_scraping_pipeline.py for tasks to queue
[2024-10-25T11:26:19.975+0000] {logging_mixin.py:188} INFO - [2024-10-25T11:26:19.974+0000] {dagbag.py:540} INFO - Filling up the DagBag from /opt/airflow/dags/vehicle_data_scraping_pipeline.py
[2024-10-25T11:26:20.890+0000] {processor.py:840} INFO - DAG(s) 'Vehicle_Data_scrape_Pipeline' retrieved from /opt/airflow/dags/vehicle_data_scraping_pipeline.py
[2024-10-25T11:26:20.990+0000] {logging_mixin.py:188} INFO - [2024-10-25T11:26:20.990+0000] {dag.py:3047} INFO - Sync 1 DAGs
[2024-10-25T11:26:21.049+0000] {logging_mixin.py:188} INFO - [2024-10-25T11:26:21.049+0000] {dag.py:3834} INFO - Setting next_dagrun for Vehicle_Data_scrape_Pipeline to 2024-10-23 00:00:00+00:00, run_after=2024-10-24 00:00:00+00:00
[2024-10-25T11:26:21.094+0000] {processor.py:183} INFO - Processing /opt/airflow/dags/vehicle_data_scraping_pipeline.py took 1.123 seconds
[2024-10-25T11:26:51.515+0000] {processor.py:161} INFO - Started process (PID=746) to work on /opt/airflow/dags/vehicle_data_scraping_pipeline.py
[2024-10-25T11:26:51.517+0000] {processor.py:830} INFO - Processing file /opt/airflow/dags/vehicle_data_scraping_pipeline.py for tasks to queue
[2024-10-25T11:26:51.521+0000] {logging_mixin.py:188} INFO - [2024-10-25T11:26:51.520+0000] {dagbag.py:540} INFO - Filling up the DagBag from /opt/airflow/dags/vehicle_data_scraping_pipeline.py
[2024-10-25T11:26:52.316+0000] {processor.py:840} INFO - DAG(s) 'Vehicle_Data_scrape_Pipeline' retrieved from /opt/airflow/dags/vehicle_data_scraping_pipeline.py
[2024-10-25T11:26:52.443+0000] {logging_mixin.py:188} INFO - [2024-10-25T11:26:52.443+0000] {dag.py:3047} INFO - Sync 1 DAGs
[2024-10-25T11:26:52.492+0000] {logging_mixin.py:188} INFO - [2024-10-25T11:26:52.492+0000] {dag.py:3834} INFO - Setting next_dagrun for Vehicle_Data_scrape_Pipeline to 2024-10-23 00:00:00+00:00, run_after=2024-10-24 00:00:00+00:00
[2024-10-25T11:26:52.559+0000] {processor.py:183} INFO - Processing /opt/airflow/dags/vehicle_data_scraping_pipeline.py took 1.048 seconds
[2024-10-25T11:27:23.417+0000] {processor.py:161} INFO - Started process (PID=819) to work on /opt/airflow/dags/vehicle_data_scraping_pipeline.py
[2024-10-25T11:27:23.418+0000] {processor.py:830} INFO - Processing file /opt/airflow/dags/vehicle_data_scraping_pipeline.py for tasks to queue
[2024-10-25T11:27:23.419+0000] {logging_mixin.py:188} INFO - [2024-10-25T11:27:23.418+0000] {dagbag.py:540} INFO - Filling up the DagBag from /opt/airflow/dags/vehicle_data_scraping_pipeline.py
[2024-10-25T11:27:24.526+0000] {processor.py:840} INFO - DAG(s) 'Vehicle_Data_scrape_Pipeline' retrieved from /opt/airflow/dags/vehicle_data_scraping_pipeline.py
[2024-10-25T11:27:24.635+0000] {logging_mixin.py:188} INFO - [2024-10-25T11:27:24.635+0000] {dag.py:3047} INFO - Sync 1 DAGs
[2024-10-25T11:27:24.688+0000] {logging_mixin.py:188} INFO - [2024-10-25T11:27:24.688+0000] {dag.py:3834} INFO - Setting next_dagrun for Vehicle_Data_scrape_Pipeline to 2024-10-23 00:00:00+00:00, run_after=2024-10-24 00:00:00+00:00
[2024-10-25T11:27:24.922+0000] {processor.py:183} INFO - Processing /opt/airflow/dags/vehicle_data_scraping_pipeline.py took 1.508 seconds
[2024-10-25T11:27:55.087+0000] {processor.py:161} INFO - Started process (PID=893) to work on /opt/airflow/dags/vehicle_data_scraping_pipeline.py
[2024-10-25T11:27:55.089+0000] {processor.py:830} INFO - Processing file /opt/airflow/dags/vehicle_data_scraping_pipeline.py for tasks to queue
[2024-10-25T11:27:55.092+0000] {logging_mixin.py:188} INFO - [2024-10-25T11:27:55.092+0000] {dagbag.py:540} INFO - Filling up the DagBag from /opt/airflow/dags/vehicle_data_scraping_pipeline.py
[2024-10-25T11:27:56.003+0000] {processor.py:840} INFO - DAG(s) 'Vehicle_Data_scrape_Pipeline' retrieved from /opt/airflow/dags/vehicle_data_scraping_pipeline.py
[2024-10-25T11:27:56.172+0000] {logging_mixin.py:188} INFO - [2024-10-25T11:27:56.171+0000] {dag.py:3047} INFO - Sync 1 DAGs
[2024-10-25T11:27:56.316+0000] {logging_mixin.py:188} INFO - [2024-10-25T11:27:56.316+0000] {dag.py:3834} INFO - Setting next_dagrun for Vehicle_Data_scrape_Pipeline to 2024-10-23 00:00:00+00:00, run_after=2024-10-24 00:00:00+00:00
[2024-10-25T11:27:56.338+0000] {processor.py:183} INFO - Processing /opt/airflow/dags/vehicle_data_scraping_pipeline.py took 1.254 seconds
[2024-10-25T11:28:26.877+0000] {processor.py:161} INFO - Started process (PID=966) to work on /opt/airflow/dags/vehicle_data_scraping_pipeline.py
[2024-10-25T11:28:26.878+0000] {processor.py:830} INFO - Processing file /opt/airflow/dags/vehicle_data_scraping_pipeline.py for tasks to queue
[2024-10-25T11:28:26.879+0000] {logging_mixin.py:188} INFO - [2024-10-25T11:28:26.879+0000] {dagbag.py:540} INFO - Filling up the DagBag from /opt/airflow/dags/vehicle_data_scraping_pipeline.py
[2024-10-25T11:28:27.903+0000] {processor.py:840} INFO - DAG(s) 'Vehicle_Data_scrape_Pipeline' retrieved from /opt/airflow/dags/vehicle_data_scraping_pipeline.py
[2024-10-25T11:28:27.954+0000] {logging_mixin.py:188} INFO - [2024-10-25T11:28:27.954+0000] {dag.py:3047} INFO - Sync 1 DAGs
[2024-10-25T11:28:27.990+0000] {logging_mixin.py:188} INFO - [2024-10-25T11:28:27.990+0000] {dag.py:3834} INFO - Setting next_dagrun for Vehicle_Data_scrape_Pipeline to 2024-10-23 00:00:00+00:00, run_after=2024-10-24 00:00:00+00:00
[2024-10-25T11:28:28.048+0000] {processor.py:183} INFO - Processing /opt/airflow/dags/vehicle_data_scraping_pipeline.py took 1.175 seconds
[2024-10-25T11:28:58.389+0000] {processor.py:161} INFO - Started process (PID=1040) to work on /opt/airflow/dags/vehicle_data_scraping_pipeline.py
[2024-10-25T11:28:58.411+0000] {processor.py:830} INFO - Processing file /opt/airflow/dags/vehicle_data_scraping_pipeline.py for tasks to queue
[2024-10-25T11:28:58.417+0000] {logging_mixin.py:188} INFO - [2024-10-25T11:28:58.417+0000] {dagbag.py:540} INFO - Filling up the DagBag from /opt/airflow/dags/vehicle_data_scraping_pipeline.py
[2024-10-25T11:28:59.431+0000] {processor.py:840} INFO - DAG(s) 'Vehicle_Data_scrape_Pipeline' retrieved from /opt/airflow/dags/vehicle_data_scraping_pipeline.py
[2024-10-25T11:28:59.506+0000] {logging_mixin.py:188} INFO - [2024-10-25T11:28:59.506+0000] {dag.py:3047} INFO - Sync 1 DAGs
[2024-10-25T11:28:59.561+0000] {logging_mixin.py:188} INFO - [2024-10-25T11:28:59.561+0000] {dag.py:3834} INFO - Setting next_dagrun for Vehicle_Data_scrape_Pipeline to 2024-10-23 00:00:00+00:00, run_after=2024-10-24 00:00:00+00:00
[2024-10-25T11:28:59.686+0000] {processor.py:183} INFO - Processing /opt/airflow/dags/vehicle_data_scraping_pipeline.py took 1.301 seconds
[2024-10-25T11:29:30.316+0000] {processor.py:161} INFO - Started process (PID=1113) to work on /opt/airflow/dags/vehicle_data_scraping_pipeline.py
[2024-10-25T11:29:30.325+0000] {processor.py:830} INFO - Processing file /opt/airflow/dags/vehicle_data_scraping_pipeline.py for tasks to queue
[2024-10-25T11:29:30.330+0000] {logging_mixin.py:188} INFO - [2024-10-25T11:29:30.329+0000] {dagbag.py:540} INFO - Filling up the DagBag from /opt/airflow/dags/vehicle_data_scraping_pipeline.py
[2024-10-25T11:29:31.624+0000] {processor.py:840} INFO - DAG(s) 'Vehicle_Data_scrape_Pipeline' retrieved from /opt/airflow/dags/vehicle_data_scraping_pipeline.py
[2024-10-25T11:29:31.934+0000] {logging_mixin.py:188} INFO - [2024-10-25T11:29:31.933+0000] {dag.py:3047} INFO - Sync 1 DAGs
[2024-10-25T11:29:32.034+0000] {logging_mixin.py:188} INFO - [2024-10-25T11:29:32.034+0000] {dag.py:3834} INFO - Setting next_dagrun for Vehicle_Data_scrape_Pipeline to 2024-10-23 00:00:00+00:00, run_after=2024-10-24 00:00:00+00:00
[2024-10-25T11:29:32.114+0000] {processor.py:183} INFO - Processing /opt/airflow/dags/vehicle_data_scraping_pipeline.py took 1.805 seconds
[2024-10-25T11:35:52.046+0000] {processor.py:161} INFO - Started process (PID=221) to work on /opt/airflow/dags/vehicle_data_scraping_pipeline.py
[2024-10-25T11:35:52.087+0000] {processor.py:830} INFO - Processing file /opt/airflow/dags/vehicle_data_scraping_pipeline.py for tasks to queue
[2024-10-25T11:35:52.089+0000] {logging_mixin.py:188} INFO - [2024-10-25T11:35:52.088+0000] {dagbag.py:540} INFO - Filling up the DagBag from /opt/airflow/dags/vehicle_data_scraping_pipeline.py
[2024-10-25T11:35:56.304+0000] {processor.py:840} INFO - DAG(s) 'Vehicle_Data_scrape_Pipeline' retrieved from /opt/airflow/dags/vehicle_data_scraping_pipeline.py
[2024-10-25T11:35:57.390+0000] {logging_mixin.py:188} INFO - [2024-10-25T11:35:57.390+0000] {dag.py:3047} INFO - Sync 1 DAGs
[2024-10-25T11:35:57.490+0000] {logging_mixin.py:188} INFO - [2024-10-25T11:35:57.490+0000] {dag.py:3834} INFO - Setting next_dagrun for Vehicle_Data_scrape_Pipeline to 2024-10-23 00:00:00+00:00, run_after=2024-10-24 00:00:00+00:00
[2024-10-25T11:35:57.603+0000] {processor.py:183} INFO - Processing /opt/airflow/dags/vehicle_data_scraping_pipeline.py took 5.559 seconds
[2024-10-25T11:36:28.339+0000] {processor.py:161} INFO - Started process (PID=453) to work on /opt/airflow/dags/vehicle_data_scraping_pipeline.py
[2024-10-25T11:36:28.354+0000] {processor.py:830} INFO - Processing file /opt/airflow/dags/vehicle_data_scraping_pipeline.py for tasks to queue
[2024-10-25T11:36:28.357+0000] {logging_mixin.py:188} INFO - [2024-10-25T11:36:28.357+0000] {dagbag.py:540} INFO - Filling up the DagBag from /opt/airflow/dags/vehicle_data_scraping_pipeline.py
[2024-10-25T11:36:29.556+0000] {processor.py:840} INFO - DAG(s) 'Vehicle_Data_scrape_Pipeline' retrieved from /opt/airflow/dags/vehicle_data_scraping_pipeline.py
[2024-10-25T11:36:29.733+0000] {logging_mixin.py:188} INFO - [2024-10-25T11:36:29.733+0000] {dag.py:3047} INFO - Sync 1 DAGs
[2024-10-25T11:36:29.772+0000] {logging_mixin.py:188} INFO - [2024-10-25T11:36:29.772+0000] {dag.py:3834} INFO - Setting next_dagrun for Vehicle_Data_scrape_Pipeline to 2024-10-23 00:00:00+00:00, run_after=2024-10-24 00:00:00+00:00
[2024-10-25T11:36:30.506+0000] {processor.py:183} INFO - Processing /opt/airflow/dags/vehicle_data_scraping_pipeline.py took 2.191 seconds
[2024-10-25T11:37:01.822+0000] {processor.py:161} INFO - Started process (PID=527) to work on /opt/airflow/dags/vehicle_data_scraping_pipeline.py
[2024-10-25T11:37:01.823+0000] {processor.py:830} INFO - Processing file /opt/airflow/dags/vehicle_data_scraping_pipeline.py for tasks to queue
[2024-10-25T11:37:01.824+0000] {logging_mixin.py:188} INFO - [2024-10-25T11:37:01.824+0000] {dagbag.py:540} INFO - Filling up the DagBag from /opt/airflow/dags/vehicle_data_scraping_pipeline.py
[2024-10-25T11:37:02.674+0000] {processor.py:840} INFO - DAG(s) 'Vehicle_Data_scrape_Pipeline' retrieved from /opt/airflow/dags/vehicle_data_scraping_pipeline.py
[2024-10-25T11:37:02.790+0000] {logging_mixin.py:188} INFO - [2024-10-25T11:37:02.789+0000] {dag.py:3047} INFO - Sync 1 DAGs
[2024-10-25T11:37:02.996+0000] {logging_mixin.py:188} INFO - [2024-10-25T11:37:02.996+0000] {dag.py:3834} INFO - Setting next_dagrun for Vehicle_Data_scrape_Pipeline to 2024-10-23 00:00:00+00:00, run_after=2024-10-24 00:00:00+00:00
[2024-10-25T11:37:03.026+0000] {processor.py:183} INFO - Processing /opt/airflow/dags/vehicle_data_scraping_pipeline.py took 1.207 seconds
[2024-10-25T11:37:33.679+0000] {processor.py:161} INFO - Started process (PID=602) to work on /opt/airflow/dags/vehicle_data_scraping_pipeline.py
[2024-10-25T11:37:33.681+0000] {processor.py:830} INFO - Processing file /opt/airflow/dags/vehicle_data_scraping_pipeline.py for tasks to queue
[2024-10-25T11:37:33.685+0000] {logging_mixin.py:188} INFO - [2024-10-25T11:37:33.685+0000] {dagbag.py:540} INFO - Filling up the DagBag from /opt/airflow/dags/vehicle_data_scraping_pipeline.py
[2024-10-25T11:37:34.732+0000] {processor.py:840} INFO - DAG(s) 'Vehicle_Data_scrape_Pipeline' retrieved from /opt/airflow/dags/vehicle_data_scraping_pipeline.py
[2024-10-25T11:37:34.829+0000] {logging_mixin.py:188} INFO - [2024-10-25T11:37:34.829+0000] {dag.py:3047} INFO - Sync 1 DAGs
[2024-10-25T11:37:34.905+0000] {logging_mixin.py:188} INFO - [2024-10-25T11:37:34.905+0000] {dag.py:3834} INFO - Setting next_dagrun for Vehicle_Data_scrape_Pipeline to 2024-10-23 00:00:00+00:00, run_after=2024-10-24 00:00:00+00:00
[2024-10-25T11:37:34.946+0000] {processor.py:183} INFO - Processing /opt/airflow/dags/vehicle_data_scraping_pipeline.py took 1.270 seconds
[2024-10-25T11:38:05.820+0000] {processor.py:161} INFO - Started process (PID=676) to work on /opt/airflow/dags/vehicle_data_scraping_pipeline.py
[2024-10-25T11:38:05.825+0000] {processor.py:830} INFO - Processing file /opt/airflow/dags/vehicle_data_scraping_pipeline.py for tasks to queue
[2024-10-25T11:38:05.826+0000] {logging_mixin.py:188} INFO - [2024-10-25T11:38:05.826+0000] {dagbag.py:540} INFO - Filling up the DagBag from /opt/airflow/dags/vehicle_data_scraping_pipeline.py
[2024-10-25T11:38:06.742+0000] {processor.py:840} INFO - DAG(s) 'Vehicle_Data_scrape_Pipeline' retrieved from /opt/airflow/dags/vehicle_data_scraping_pipeline.py
[2024-10-25T11:38:06.966+0000] {logging_mixin.py:188} INFO - [2024-10-25T11:38:06.966+0000] {dag.py:3047} INFO - Sync 1 DAGs
[2024-10-25T11:38:07.001+0000] {logging_mixin.py:188} INFO - [2024-10-25T11:38:07.001+0000] {dag.py:3834} INFO - Setting next_dagrun for Vehicle_Data_scrape_Pipeline to 2024-10-23 00:00:00+00:00, run_after=2024-10-24 00:00:00+00:00
[2024-10-25T11:38:07.021+0000] {processor.py:183} INFO - Processing /opt/airflow/dags/vehicle_data_scraping_pipeline.py took 1.204 seconds
[2024-10-25T11:38:37.524+0000] {processor.py:161} INFO - Started process (PID=755) to work on /opt/airflow/dags/vehicle_data_scraping_pipeline.py
[2024-10-25T11:38:37.525+0000] {processor.py:830} INFO - Processing file /opt/airflow/dags/vehicle_data_scraping_pipeline.py for tasks to queue
[2024-10-25T11:38:37.525+0000] {logging_mixin.py:188} INFO - [2024-10-25T11:38:37.525+0000] {dagbag.py:540} INFO - Filling up the DagBag from /opt/airflow/dags/vehicle_data_scraping_pipeline.py
[2024-10-25T11:38:38.387+0000] {processor.py:840} INFO - DAG(s) 'Vehicle_Data_scrape_Pipeline' retrieved from /opt/airflow/dags/vehicle_data_scraping_pipeline.py
[2024-10-25T11:38:38.471+0000] {logging_mixin.py:188} INFO - [2024-10-25T11:38:38.471+0000] {dag.py:3047} INFO - Sync 1 DAGs
[2024-10-25T11:38:38.499+0000] {logging_mixin.py:188} INFO - [2024-10-25T11:38:38.499+0000] {dag.py:3834} INFO - Setting next_dagrun for Vehicle_Data_scrape_Pipeline to 2024-10-23 00:00:00+00:00, run_after=2024-10-24 00:00:00+00:00
[2024-10-25T11:38:38.560+0000] {processor.py:183} INFO - Processing /opt/airflow/dags/vehicle_data_scraping_pipeline.py took 1.039 seconds
[2024-10-25T11:39:09.454+0000] {processor.py:161} INFO - Started process (PID=829) to work on /opt/airflow/dags/vehicle_data_scraping_pipeline.py
[2024-10-25T11:39:09.456+0000] {processor.py:830} INFO - Processing file /opt/airflow/dags/vehicle_data_scraping_pipeline.py for tasks to queue
[2024-10-25T11:39:09.457+0000] {logging_mixin.py:188} INFO - [2024-10-25T11:39:09.457+0000] {dagbag.py:540} INFO - Filling up the DagBag from /opt/airflow/dags/vehicle_data_scraping_pipeline.py
[2024-10-25T11:39:10.493+0000] {processor.py:840} INFO - DAG(s) 'Vehicle_Data_scrape_Pipeline' retrieved from /opt/airflow/dags/vehicle_data_scraping_pipeline.py
[2024-10-25T11:39:10.571+0000] {logging_mixin.py:188} INFO - [2024-10-25T11:39:10.571+0000] {dag.py:3047} INFO - Sync 1 DAGs
[2024-10-25T11:39:10.627+0000] {logging_mixin.py:188} INFO - [2024-10-25T11:39:10.626+0000] {dag.py:3834} INFO - Setting next_dagrun for Vehicle_Data_scrape_Pipeline to 2024-10-23 00:00:00+00:00, run_after=2024-10-24 00:00:00+00:00
[2024-10-25T11:39:10.815+0000] {processor.py:183} INFO - Processing /opt/airflow/dags/vehicle_data_scraping_pipeline.py took 1.364 seconds
[2024-10-25T11:39:41.626+0000] {processor.py:161} INFO - Started process (PID=902) to work on /opt/airflow/dags/vehicle_data_scraping_pipeline.py
[2024-10-25T11:39:41.629+0000] {processor.py:830} INFO - Processing file /opt/airflow/dags/vehicle_data_scraping_pipeline.py for tasks to queue
[2024-10-25T11:39:41.630+0000] {logging_mixin.py:188} INFO - [2024-10-25T11:39:41.630+0000] {dagbag.py:540} INFO - Filling up the DagBag from /opt/airflow/dags/vehicle_data_scraping_pipeline.py
[2024-10-25T11:39:42.858+0000] {processor.py:840} INFO - DAG(s) 'Vehicle_Data_scrape_Pipeline' retrieved from /opt/airflow/dags/vehicle_data_scraping_pipeline.py
[2024-10-25T11:39:43.021+0000] {logging_mixin.py:188} INFO - [2024-10-25T11:39:43.020+0000] {dag.py:3047} INFO - Sync 1 DAGs
[2024-10-25T11:39:43.051+0000] {logging_mixin.py:188} INFO - [2024-10-25T11:39:43.051+0000] {dag.py:3834} INFO - Setting next_dagrun for Vehicle_Data_scrape_Pipeline to 2024-10-23 00:00:00+00:00, run_after=2024-10-24 00:00:00+00:00
[2024-10-25T11:39:43.071+0000] {processor.py:183} INFO - Processing /opt/airflow/dags/vehicle_data_scraping_pipeline.py took 1.448 seconds
[2024-10-25T11:40:13.470+0000] {processor.py:161} INFO - Started process (PID=977) to work on /opt/airflow/dags/vehicle_data_scraping_pipeline.py
[2024-10-25T11:40:13.471+0000] {processor.py:830} INFO - Processing file /opt/airflow/dags/vehicle_data_scraping_pipeline.py for tasks to queue
[2024-10-25T11:40:13.472+0000] {logging_mixin.py:188} INFO - [2024-10-25T11:40:13.472+0000] {dagbag.py:540} INFO - Filling up the DagBag from /opt/airflow/dags/vehicle_data_scraping_pipeline.py
[2024-10-25T11:40:14.747+0000] {processor.py:840} INFO - DAG(s) 'Vehicle_Data_scrape_Pipeline' retrieved from /opt/airflow/dags/vehicle_data_scraping_pipeline.py
[2024-10-25T11:40:14.846+0000] {logging_mixin.py:188} INFO - [2024-10-25T11:40:14.845+0000] {dag.py:3047} INFO - Sync 1 DAGs
[2024-10-25T11:40:14.875+0000] {logging_mixin.py:188} INFO - [2024-10-25T11:40:14.874+0000] {dag.py:3834} INFO - Setting next_dagrun for Vehicle_Data_scrape_Pipeline to 2024-10-23 00:00:00+00:00, run_after=2024-10-24 00:00:00+00:00
[2024-10-25T11:40:14.910+0000] {processor.py:183} INFO - Processing /opt/airflow/dags/vehicle_data_scraping_pipeline.py took 1.442 seconds
[2024-10-25T11:40:45.645+0000] {processor.py:161} INFO - Started process (PID=1050) to work on /opt/airflow/dags/vehicle_data_scraping_pipeline.py
[2024-10-25T11:40:45.646+0000] {processor.py:830} INFO - Processing file /opt/airflow/dags/vehicle_data_scraping_pipeline.py for tasks to queue
[2024-10-25T11:40:45.649+0000] {logging_mixin.py:188} INFO - [2024-10-25T11:40:45.649+0000] {dagbag.py:540} INFO - Filling up the DagBag from /opt/airflow/dags/vehicle_data_scraping_pipeline.py
[2024-10-25T11:40:46.481+0000] {processor.py:840} INFO - DAG(s) 'Vehicle_Data_scrape_Pipeline' retrieved from /opt/airflow/dags/vehicle_data_scraping_pipeline.py
[2024-10-25T11:40:46.667+0000] {logging_mixin.py:188} INFO - [2024-10-25T11:40:46.666+0000] {dag.py:3047} INFO - Sync 1 DAGs
[2024-10-25T11:40:46.701+0000] {logging_mixin.py:188} INFO - [2024-10-25T11:40:46.701+0000] {dag.py:3834} INFO - Setting next_dagrun for Vehicle_Data_scrape_Pipeline to 2024-10-23 00:00:00+00:00, run_after=2024-10-24 00:00:00+00:00
[2024-10-25T11:40:46.741+0000] {processor.py:183} INFO - Processing /opt/airflow/dags/vehicle_data_scraping_pipeline.py took 1.099 seconds
[2024-10-25T11:41:17.165+0000] {processor.py:161} INFO - Started process (PID=1124) to work on /opt/airflow/dags/vehicle_data_scraping_pipeline.py
[2024-10-25T11:41:17.166+0000] {processor.py:830} INFO - Processing file /opt/airflow/dags/vehicle_data_scraping_pipeline.py for tasks to queue
[2024-10-25T11:41:17.166+0000] {logging_mixin.py:188} INFO - [2024-10-25T11:41:17.166+0000] {dagbag.py:540} INFO - Filling up the DagBag from /opt/airflow/dags/vehicle_data_scraping_pipeline.py
[2024-10-25T11:41:17.858+0000] {processor.py:840} INFO - DAG(s) 'Vehicle_Data_scrape_Pipeline' retrieved from /opt/airflow/dags/vehicle_data_scraping_pipeline.py
[2024-10-25T11:41:17.919+0000] {logging_mixin.py:188} INFO - [2024-10-25T11:41:17.918+0000] {dag.py:3047} INFO - Sync 1 DAGs
[2024-10-25T11:41:17.952+0000] {logging_mixin.py:188} INFO - [2024-10-25T11:41:17.952+0000] {dag.py:3834} INFO - Setting next_dagrun for Vehicle_Data_scrape_Pipeline to 2024-10-23 00:00:00+00:00, run_after=2024-10-24 00:00:00+00:00
[2024-10-25T11:41:18.020+0000] {processor.py:183} INFO - Processing /opt/airflow/dags/vehicle_data_scraping_pipeline.py took 0.858 seconds
[2024-10-25T11:41:48.743+0000] {processor.py:161} INFO - Started process (PID=1198) to work on /opt/airflow/dags/vehicle_data_scraping_pipeline.py
[2024-10-25T11:41:48.744+0000] {processor.py:830} INFO - Processing file /opt/airflow/dags/vehicle_data_scraping_pipeline.py for tasks to queue
[2024-10-25T11:41:48.744+0000] {logging_mixin.py:188} INFO - [2024-10-25T11:41:48.744+0000] {dagbag.py:540} INFO - Filling up the DagBag from /opt/airflow/dags/vehicle_data_scraping_pipeline.py
[2024-10-25T11:41:49.526+0000] {processor.py:840} INFO - DAG(s) 'Vehicle_Data_scrape_Pipeline' retrieved from /opt/airflow/dags/vehicle_data_scraping_pipeline.py
[2024-10-25T11:41:49.568+0000] {logging_mixin.py:188} INFO - [2024-10-25T11:41:49.568+0000] {dag.py:3047} INFO - Sync 1 DAGs
[2024-10-25T11:41:49.586+0000] {logging_mixin.py:188} INFO - [2024-10-25T11:41:49.586+0000] {dag.py:3834} INFO - Setting next_dagrun for Vehicle_Data_scrape_Pipeline to 2024-10-23 00:00:00+00:00, run_after=2024-10-24 00:00:00+00:00
[2024-10-25T11:41:49.800+0000] {processor.py:183} INFO - Processing /opt/airflow/dags/vehicle_data_scraping_pipeline.py took 1.060 seconds
[2024-10-25T11:42:20.222+0000] {processor.py:161} INFO - Started process (PID=1271) to work on /opt/airflow/dags/vehicle_data_scraping_pipeline.py
[2024-10-25T11:42:20.229+0000] {processor.py:830} INFO - Processing file /opt/airflow/dags/vehicle_data_scraping_pipeline.py for tasks to queue
[2024-10-25T11:42:20.233+0000] {logging_mixin.py:188} INFO - [2024-10-25T11:42:20.233+0000] {dagbag.py:540} INFO - Filling up the DagBag from /opt/airflow/dags/vehicle_data_scraping_pipeline.py
[2024-10-25T11:42:21.297+0000] {processor.py:840} INFO - DAG(s) 'Vehicle_Data_scrape_Pipeline' retrieved from /opt/airflow/dags/vehicle_data_scraping_pipeline.py
[2024-10-25T11:42:21.416+0000] {logging_mixin.py:188} INFO - [2024-10-25T11:42:21.416+0000] {dag.py:3047} INFO - Sync 1 DAGs
[2024-10-25T11:42:21.441+0000] {logging_mixin.py:188} INFO - [2024-10-25T11:42:21.441+0000] {dag.py:3834} INFO - Setting next_dagrun for Vehicle_Data_scrape_Pipeline to 2024-10-23 00:00:00+00:00, run_after=2024-10-24 00:00:00+00:00
[2024-10-25T11:42:21.465+0000] {processor.py:183} INFO - Processing /opt/airflow/dags/vehicle_data_scraping_pipeline.py took 1.247 seconds
[2024-10-25T11:42:51.592+0000] {processor.py:161} INFO - Started process (PID=1345) to work on /opt/airflow/dags/vehicle_data_scraping_pipeline.py
[2024-10-25T11:42:51.594+0000] {processor.py:830} INFO - Processing file /opt/airflow/dags/vehicle_data_scraping_pipeline.py for tasks to queue
[2024-10-25T11:42:51.594+0000] {logging_mixin.py:188} INFO - [2024-10-25T11:42:51.594+0000] {dagbag.py:540} INFO - Filling up the DagBag from /opt/airflow/dags/vehicle_data_scraping_pipeline.py
[2024-10-25T11:42:52.423+0000] {processor.py:840} INFO - DAG(s) 'Vehicle_Data_scrape_Pipeline' retrieved from /opt/airflow/dags/vehicle_data_scraping_pipeline.py
[2024-10-25T11:42:52.593+0000] {logging_mixin.py:188} INFO - [2024-10-25T11:42:52.593+0000] {dag.py:3047} INFO - Sync 1 DAGs
[2024-10-25T11:42:52.642+0000] {logging_mixin.py:188} INFO - [2024-10-25T11:42:52.642+0000] {dag.py:3834} INFO - Setting next_dagrun for Vehicle_Data_scrape_Pipeline to 2024-10-23 00:00:00+00:00, run_after=2024-10-24 00:00:00+00:00
[2024-10-25T11:42:52.656+0000] {processor.py:183} INFO - Processing /opt/airflow/dags/vehicle_data_scraping_pipeline.py took 1.068 seconds
[2024-10-25T11:43:22.916+0000] {processor.py:161} INFO - Started process (PID=1419) to work on /opt/airflow/dags/vehicle_data_scraping_pipeline.py
[2024-10-25T11:43:22.920+0000] {processor.py:830} INFO - Processing file /opt/airflow/dags/vehicle_data_scraping_pipeline.py for tasks to queue
[2024-10-25T11:43:22.922+0000] {logging_mixin.py:188} INFO - [2024-10-25T11:43:22.922+0000] {dagbag.py:540} INFO - Filling up the DagBag from /opt/airflow/dags/vehicle_data_scraping_pipeline.py
[2024-10-25T11:43:23.830+0000] {processor.py:840} INFO - DAG(s) 'Vehicle_Data_scrape_Pipeline' retrieved from /opt/airflow/dags/vehicle_data_scraping_pipeline.py
[2024-10-25T11:43:24.128+0000] {logging_mixin.py:188} INFO - [2024-10-25T11:43:24.127+0000] {dag.py:3047} INFO - Sync 1 DAGs
[2024-10-25T11:43:24.171+0000] {logging_mixin.py:188} INFO - [2024-10-25T11:43:24.171+0000] {dag.py:3834} INFO - Setting next_dagrun for Vehicle_Data_scrape_Pipeline to 2024-10-23 00:00:00+00:00, run_after=2024-10-24 00:00:00+00:00
[2024-10-25T11:43:24.194+0000] {processor.py:183} INFO - Processing /opt/airflow/dags/vehicle_data_scraping_pipeline.py took 1.282 seconds
[2024-10-25T11:43:54.935+0000] {processor.py:161} INFO - Started process (PID=1493) to work on /opt/airflow/dags/vehicle_data_scraping_pipeline.py
[2024-10-25T11:43:54.936+0000] {processor.py:830} INFO - Processing file /opt/airflow/dags/vehicle_data_scraping_pipeline.py for tasks to queue
[2024-10-25T11:43:54.937+0000] {logging_mixin.py:188} INFO - [2024-10-25T11:43:54.937+0000] {dagbag.py:540} INFO - Filling up the DagBag from /opt/airflow/dags/vehicle_data_scraping_pipeline.py
[2024-10-25T11:43:55.818+0000] {processor.py:840} INFO - DAG(s) 'Vehicle_Data_scrape_Pipeline' retrieved from /opt/airflow/dags/vehicle_data_scraping_pipeline.py
[2024-10-25T11:43:55.901+0000] {logging_mixin.py:188} INFO - [2024-10-25T11:43:55.900+0000] {dag.py:3047} INFO - Sync 1 DAGs
[2024-10-25T11:43:55.952+0000] {logging_mixin.py:188} INFO - [2024-10-25T11:43:55.952+0000] {dag.py:3834} INFO - Setting next_dagrun for Vehicle_Data_scrape_Pipeline to 2024-10-23 00:00:00+00:00, run_after=2024-10-24 00:00:00+00:00
[2024-10-25T11:43:56.053+0000] {processor.py:183} INFO - Processing /opt/airflow/dags/vehicle_data_scraping_pipeline.py took 1.120 seconds
