[2024-08-28T08:36:35.020+0000] {taskinstance.py:1979} INFO - Dependencies all met for dep_context=non-requeueable deps ti=<TaskInstance: Vehicle_Model_Training_Pipeline.model_training_nissan manual__2024-08-28T08:26:56.312931+00:00 [queued]>
[2024-08-28T08:36:35.029+0000] {taskinstance.py:1979} INFO - Dependencies all met for dep_context=requeueable deps ti=<TaskInstance: Vehicle_Model_Training_Pipeline.model_training_nissan manual__2024-08-28T08:26:56.312931+00:00 [queued]>
[2024-08-28T08:36:35.030+0000] {taskinstance.py:2193} INFO - Starting attempt 1 of 4
[2024-08-28T08:36:35.042+0000] {taskinstance.py:2217} INFO - Executing <Task(PythonOperator): model_training_nissan> on 2024-08-28 08:26:56.312931+00:00
[2024-08-28T08:36:35.060+0000] {standard_task_runner.py:60} INFO - Started process 5684 to run task
[2024-08-28T08:36:35.063+0000] {standard_task_runner.py:87} INFO - Running: ['***', 'tasks', 'run', 'Vehicle_Model_Training_Pipeline', 'model_training_nissan', 'manual__2024-08-28T08:26:56.312931+00:00', '--job-id', '312', '--raw', '--subdir', 'DAGS_FOLDER/vehicle_model_training_pipeline.py', '--cfg-path', '/tmp/tmpvuh05qu3']
[2024-08-28T08:36:35.066+0000] {standard_task_runner.py:88} INFO - Job 312: Subtask model_training_nissan
[2024-08-28T08:36:35.106+0000] {task_command.py:423} INFO - Running <TaskInstance: Vehicle_Model_Training_Pipeline.model_training_nissan manual__2024-08-28T08:26:56.312931+00:00 [running]> on host 476fed7f2934
[2024-08-28T08:36:35.181+0000] {taskinstance.py:2513} INFO - Exporting env vars: AIRFLOW_CTX_DAG_OWNER='sdeshan' AIRFLOW_CTX_DAG_ID='Vehicle_Model_Training_Pipeline' AIRFLOW_CTX_TASK_ID='model_training_nissan' AIRFLOW_CTX_EXECUTION_DATE='2024-08-28T08:26:56.312931+00:00' AIRFLOW_CTX_TRY_NUMBER='1' AIRFLOW_CTX_DAG_RUN_ID='manual__2024-08-28T08:26:56.312931+00:00'
[2024-08-28T08:36:35.249+0000] {logging_mixin.py:188} INFO - RandomForestRegressor()
[2024-08-28T08:36:40.459+0000] {logging_mixin.py:188} INFO - DecisionTreeRegressor()
[2024-08-28T08:36:41.477+0000] {logging_mixin.py:188} INFO - GradientBoostingRegressor()
[2024-08-28T08:37:36.818+0000] {logging_mixin.py:188} INFO - LinearRegression()
[2024-08-28T08:37:36.857+0000] {logging_mixin.py:188} INFO - XGBRegressor(base_score=None, booster=None, callbacks=None,
             colsample_bylevel=None, colsample_bynode=None,
             colsample_bytree=None, device=None, early_stopping_rounds=None,
             enable_categorical=False, eval_metric=None, feature_types=None,
             gamma=None, grow_policy=None, importance_type=None,
             interaction_constraints=None, learning_rate=None, max_bin=None,
             max_cat_threshold=None, max_cat_to_onehot=None,
             max_delta_step=None, max_depth=None, max_leaves=None,
             min_child_weight=None, missing=nan, monotone_constraints=None,
             multi_strategy=None, n_estimators=None, n_jobs=None,
             num_parallel_tree=None, random_state=None, ...)
[2024-08-28T08:37:49.938+0000] {logging_mixin.py:188} INFO - <catboost.core.CatBoostRegressor object at 0x7fadb75fc250>
[2024-08-28T08:38:03.798+0000] {logging_mixin.py:188} INFO - AdaBoostRegressor()
[2024-08-28T08:38:20.432+0000] {logging_mixin.py:188} INFO - model report is {'Random Forest': 0.9982424764303407, 'Decision Tree': 0.9982426135556175, 'Gradient Boosting': 0.995281205548465, 'Linear Regression': 0.8944246678996427, 'XGBRegressor': 0.9982215524849857, 'CatBoosting Regressor': 0.9970219743394334, 'AdaBoost Regressor': 0.9392592551724064}
[2024-08-28T08:38:20.433+0000] {logging_mixin.py:188} INFO - best model is :DecisionTreeRegressor()
[2024-08-28T08:38:20.434+0000] {logging_mixin.py:188} INFO - criterion ['squared_error', 'friedman_mse', 'absolute_error', 'poisson']
[2024-08-28T08:38:20.434+0000] {logging_mixin.py:188} INFO - Best found model on both training and testing dataset
[2024-08-28T08:38:20.437+0000] {logging_mixin.py:188} INFO - r2_square is 0.9982426135556175
[2024-08-28T08:38:20.444+0000] {python.py:202} INFO - Done. Returned value was: None
[2024-08-28T08:38:20.454+0000] {taskinstance.py:1149} INFO - Marking task as SUCCESS. dag_id=Vehicle_Model_Training_Pipeline, task_id=model_training_nissan, execution_date=20240828T082656, start_date=20240828T083635, end_date=20240828T083820
[2024-08-28T08:38:20.460+0000] {logging_mixin.py:188} WARNING - /home/***/.local/lib/python3.8/site-packages/***/utils/context.py:207 AirflowContextDeprecationWarning: Accessing 'execution_date' from the template is deprecated and will be removed in a future version. Please use 'data_interval_start' or 'logical_date' instead.
[2024-08-28T08:38:20.467+0000] {logging_mixin.py:188} WARNING - /home/***/.local/lib/python3.8/site-packages/***/utils/email.py:154 RemovedInAirflow3Warning: Fetching SMTP credentials from configuration variables will be deprecated in a future release. Please set credentials using a connection instead.
[2024-08-28T08:38:20.468+0000] {email.py:270} INFO - Email alerting: attempt 1
[2024-08-28T08:38:35.764+0000] {taskinstance.py:1127} ERROR - Error when executing success_email callback
Traceback (most recent call last):
  File "/home/airflow/.local/lib/python3.8/site-packages/airflow/models/taskinstance.py", line 1124, in _run_finished_callback
    callback(context)
  File "/opt/airflow/dags/components/utils/send_email.py", line 12, in success_email
    send_email(to = to_email, subject = subject, html_content = body)
  File "/home/airflow/.local/lib/python3.8/site-packages/airflow/utils/email.py", line 80, in send_email
    return backend(
  File "/home/airflow/.local/lib/python3.8/site-packages/airflow/utils/email.py", line 154, in send_email_smtp
    send_mime_email(e_from=mail_from, e_to=recipients, mime_msg=msg, conn_id=conn_id, dryrun=dryrun)
  File "/home/airflow/.local/lib/python3.8/site-packages/airflow/utils/email.py", line 280, in send_mime_email
    smtp_conn.login(smtp_user, smtp_password)
  File "/usr/local/lib/python3.8/smtplib.py", line 712, in login
    self.ehlo_or_helo_if_needed()
  File "/usr/local/lib/python3.8/smtplib.py", line 609, in ehlo_or_helo_if_needed
    if not (200 <= self.ehlo()[0] <= 299):
  File "/usr/local/lib/python3.8/smtplib.py", line 450, in ehlo
    (code, msg) = self.getreply()
  File "/usr/local/lib/python3.8/smtplib.py", line 403, in getreply
    raise SMTPServerDisconnected("Connection unexpectedly closed")
smtplib.SMTPServerDisconnected: Connection unexpectedly closed
[2024-08-28T08:38:35.829+0000] {local_task_job_runner.py:234} INFO - Task exited with return code 0
[2024-08-28T08:38:35.849+0000] {taskinstance.py:3312} INFO - 1 downstream tasks scheduled from follow-on schedule check
