[2024-10-09T10:08:05.364+0000] {taskinstance.py:1979} INFO - Dependencies all met for dep_context=non-requeueable deps ti=<TaskInstance: Gold_training_Pipeline.model_training manual__2024-10-09T10:07:49.746189+00:00 [queued]>
[2024-10-09T10:08:05.369+0000] {taskinstance.py:1979} INFO - Dependencies all met for dep_context=requeueable deps ti=<TaskInstance: Gold_training_Pipeline.model_training manual__2024-10-09T10:07:49.746189+00:00 [queued]>
[2024-10-09T10:08:05.370+0000] {taskinstance.py:2193} INFO - Starting attempt 1 of 4
[2024-10-09T10:08:05.381+0000] {taskinstance.py:2217} INFO - Executing <Task(PythonOperator): model_training> on 2024-10-09 10:07:49.746189+00:00
[2024-10-09T10:08:05.386+0000] {standard_task_runner.py:60} INFO - Started process 740 to run task
[2024-10-09T10:08:05.388+0000] {standard_task_runner.py:87} INFO - Running: ['***', 'tasks', 'run', 'Gold_training_Pipeline', 'model_training', 'manual__2024-10-09T10:07:49.746189+00:00', '--job-id', '364', '--raw', '--subdir', 'DAGS_FOLDER/gold_training_pipeline.py', '--cfg-path', '/tmp/tmpj7e1jpmb']
[2024-10-09T10:08:05.389+0000] {standard_task_runner.py:88} INFO - Job 364: Subtask model_training
[2024-10-09T10:08:05.421+0000] {task_command.py:423} INFO - Running <TaskInstance: Gold_training_Pipeline.model_training manual__2024-10-09T10:07:49.746189+00:00 [running]> on host e0cec883d65b
[2024-10-09T10:08:05.463+0000] {taskinstance.py:2513} INFO - Exporting env vars: AIRFLOW_CTX_DAG_OWNER='sdeshan' AIRFLOW_CTX_DAG_ID='Gold_training_Pipeline' AIRFLOW_CTX_TASK_ID='model_training' AIRFLOW_CTX_EXECUTION_DATE='2024-10-09T10:07:49.746189+00:00' AIRFLOW_CTX_TRY_NUMBER='1' AIRFLOW_CTX_DAG_RUN_ID='manual__2024-10-09T10:07:49.746189+00:00'
[2024-10-09T10:08:05.510+0000] {filesystem.py:118} DEBUG - input tempfile: /tmp/tmpwhshn24t/s15rph74.json
[2024-10-09T10:08:05.682+0000] {filesystem.py:118} DEBUG - input tempfile: /tmp/tmpwhshn24t/xp0qgpir.json
[2024-10-09T10:08:05.684+0000] {model.py:2042} DEBUG - idx 0
[2024-10-09T10:08:05.685+0000] {model.py:2043} DEBUG - running CmdStan, num_threads: None
[2024-10-09T10:08:05.685+0000] {model.py:2055} DEBUG - CmdStan args: ['/home/***/.local/lib/python3.8/site-packages/prophet/stan_model/prophet_model.bin', 'random', 'seed=99599', 'data', 'file=/tmp/tmpwhshn24t/s15rph74.json', 'init=/tmp/tmpwhshn24t/xp0qgpir.json', 'output', 'file=/tmp/tmpwhshn24t/prophet_modelibzoas9w/prophet_model-20241009100805.csv', 'method=optimize', 'algorithm=lbfgs', 'iter=10000']
[2024-10-09T10:08:05.686+0000] {logging_mixin.py:188} WARNING - 10:08:05 - cmdstanpy - INFO - Chain [1] start processing
[2024-10-09T10:08:05.686+0000] {model.py:2058} INFO - Chain [1] start processing
[2024-10-09T10:08:07.514+0000] {logging_mixin.py:188} WARNING - 10:08:07 - cmdstanpy - INFO - Chain [1] done processing
[2024-10-09T10:08:07.514+0000] {model.py:2115} INFO - Chain [1] done processing
[2024-10-09T10:08:08.037+0000] {logging_mixin.py:188} INFO - Fitting 3 folds for each of 1 candidates, totalling 3 fits
[2024-10-09T10:16:47.687+0000] {local_task_job_runner.py:121} ERROR - Received SIGTERM. Terminating subprocesses
[2024-10-09T10:16:47.691+0000] {process_utils.py:131} INFO - Sending 15 to group 740. PIDs of all processes in the group: [740]
[2024-10-09T10:16:47.692+0000] {process_utils.py:86} INFO - Sending the signal 15 to group 740
