[2024-10-09T10:40:59.708+0000] {taskinstance.py:1979} INFO - Dependencies all met for dep_context=non-requeueable deps ti=<TaskInstance: Gold_training_Pipeline.model_training manual__2024-10-09T10:07:49.746189+00:00 [queued]>
[2024-10-09T10:40:59.714+0000] {taskinstance.py:1979} INFO - Dependencies all met for dep_context=requeueable deps ti=<TaskInstance: Gold_training_Pipeline.model_training manual__2024-10-09T10:07:49.746189+00:00 [queued]>
[2024-10-09T10:40:59.714+0000] {taskinstance.py:2193} INFO - Starting attempt 2 of 4
[2024-10-09T10:40:59.723+0000] {taskinstance.py:2217} INFO - Executing <Task(PythonOperator): model_training> on 2024-10-09 10:07:49.746189+00:00
[2024-10-09T10:40:59.729+0000] {standard_task_runner.py:60} INFO - Started process 473 to run task
[2024-10-09T10:40:59.731+0000] {standard_task_runner.py:87} INFO - Running: ['***', 'tasks', 'run', 'Gold_training_Pipeline', 'model_training', 'manual__2024-10-09T10:07:49.746189+00:00', '--job-id', '368', '--raw', '--subdir', 'DAGS_FOLDER/gold_training_pipeline.py', '--cfg-path', '/tmp/tmp491_j27_']
[2024-10-09T10:40:59.732+0000] {standard_task_runner.py:88} INFO - Job 368: Subtask model_training
[2024-10-09T10:40:59.766+0000] {task_command.py:423} INFO - Running <TaskInstance: Gold_training_Pipeline.model_training manual__2024-10-09T10:07:49.746189+00:00 [running]> on host c11a805db606
[2024-10-09T10:40:59.822+0000] {taskinstance.py:2513} INFO - Exporting env vars: AIRFLOW_CTX_DAG_OWNER='sdeshan' AIRFLOW_CTX_DAG_ID='Gold_training_Pipeline' AIRFLOW_CTX_TASK_ID='model_training' AIRFLOW_CTX_EXECUTION_DATE='2024-10-09T10:07:49.746189+00:00' AIRFLOW_CTX_TRY_NUMBER='2' AIRFLOW_CTX_DAG_RUN_ID='manual__2024-10-09T10:07:49.746189+00:00'
[2024-10-09T10:40:59.907+0000] {filesystem.py:118} DEBUG - input tempfile: /tmp/tmp5mlqzgzo/xhfou5me.json
[2024-10-09T10:41:00.086+0000] {filesystem.py:118} DEBUG - input tempfile: /tmp/tmp5mlqzgzo/2lu0hh8p.json
[2024-10-09T10:41:00.088+0000] {model.py:2042} DEBUG - idx 0
[2024-10-09T10:41:00.088+0000] {model.py:2043} DEBUG - running CmdStan, num_threads: None
[2024-10-09T10:41:00.089+0000] {model.py:2055} DEBUG - CmdStan args: ['/home/***/.local/lib/python3.8/site-packages/prophet/stan_model/prophet_model.bin', 'random', 'seed=98595', 'data', 'file=/tmp/tmp5mlqzgzo/xhfou5me.json', 'init=/tmp/tmp5mlqzgzo/2lu0hh8p.json', 'output', 'file=/tmp/tmp5mlqzgzo/prophet_model6hjaum0d/prophet_model-20241009104100.csv', 'method=optimize', 'algorithm=lbfgs', 'iter=10000']
[2024-10-09T10:41:00.090+0000] {logging_mixin.py:188} WARNING - 10:41:00 - cmdstanpy - INFO - Chain [1] start processing
[2024-10-09T10:41:00.090+0000] {model.py:2058} INFO - Chain [1] start processing
[2024-10-09T10:41:02.162+0000] {logging_mixin.py:188} WARNING - 10:41:02 - cmdstanpy - INFO - Chain [1] done processing
[2024-10-09T10:41:02.162+0000] {model.py:2115} INFO - Chain [1] done processing
[2024-10-09T10:41:02.935+0000] {logging_mixin.py:188} INFO - Fitting 3 folds for each of 1 candidates, totalling 3 fits
[2024-10-10T03:45:08.115+0000] {local_task_job_runner.py:121} ERROR - Received SIGTERM. Terminating subprocesses
[2024-10-10T03:45:08.230+0000] {process_utils.py:131} INFO - Sending 15 to group 473. PIDs of all processes in the group: [473]
[2024-10-10T03:45:08.235+0000] {process_utils.py:86} INFO - Sending the signal 15 to group 473
[2024-10-10T03:45:10.042+0000] {local_task_job_runner.py:121} ERROR - Received SIGTERM. Terminating subprocesses
