[2024-10-10T05:05:07.477+0000] {taskinstance.py:1979} INFO - Dependencies all met for dep_context=non-requeueable deps ti=<TaskInstance: Gold_training_Pipeline.model_training manual__2024-10-09T10:07:49.746189+00:00 [queued]>
[2024-10-10T05:05:07.485+0000] {taskinstance.py:1979} INFO - Dependencies all met for dep_context=requeueable deps ti=<TaskInstance: Gold_training_Pipeline.model_training manual__2024-10-09T10:07:49.746189+00:00 [queued]>
[2024-10-10T05:05:07.485+0000] {taskinstance.py:2193} INFO - Starting attempt 3 of 4
[2024-10-10T05:05:07.497+0000] {taskinstance.py:2217} INFO - Executing <Task(PythonOperator): model_training> on 2024-10-09 10:07:49.746189+00:00
[2024-10-10T05:05:07.508+0000] {standard_task_runner.py:60} INFO - Started process 724 to run task
[2024-10-10T05:05:07.513+0000] {standard_task_runner.py:87} INFO - Running: ['***', 'tasks', 'run', 'Gold_training_Pipeline', 'model_training', 'manual__2024-10-09T10:07:49.746189+00:00', '--job-id', '380', '--raw', '--subdir', 'DAGS_FOLDER/gold_training_pipeline.py', '--cfg-path', '/tmp/tmpesnguw6w']
[2024-10-10T05:05:07.515+0000] {standard_task_runner.py:88} INFO - Job 380: Subtask model_training
[2024-10-10T05:05:07.579+0000] {task_command.py:423} INFO - Running <TaskInstance: Gold_training_Pipeline.model_training manual__2024-10-09T10:07:49.746189+00:00 [running]> on host 2ded013e804c
[2024-10-10T05:05:07.683+0000] {taskinstance.py:2513} INFO - Exporting env vars: AIRFLOW_CTX_DAG_OWNER='sdeshan' AIRFLOW_CTX_DAG_ID='Gold_training_Pipeline' AIRFLOW_CTX_TASK_ID='model_training' AIRFLOW_CTX_EXECUTION_DATE='2024-10-09T10:07:49.746189+00:00' AIRFLOW_CTX_TRY_NUMBER='3' AIRFLOW_CTX_DAG_RUN_ID='manual__2024-10-09T10:07:49.746189+00:00'
[2024-10-10T05:05:07.924+0000] {filesystem.py:118} DEBUG - input tempfile: /tmp/tmp8u_mn783/xyt0j72g.json
[2024-10-10T05:05:08.257+0000] {filesystem.py:118} DEBUG - input tempfile: /tmp/tmp8u_mn783/98s2dde9.json
[2024-10-10T05:05:08.267+0000] {model.py:2042} DEBUG - idx 0
[2024-10-10T05:05:08.267+0000] {model.py:2043} DEBUG - running CmdStan, num_threads: None
[2024-10-10T05:05:08.268+0000] {model.py:2055} DEBUG - CmdStan args: ['/home/***/.local/lib/python3.8/site-packages/prophet/stan_model/prophet_model.bin', 'random', 'seed=94267', 'data', 'file=/tmp/tmp8u_mn783/xyt0j72g.json', 'init=/tmp/tmp8u_mn783/98s2dde9.json', 'output', 'file=/tmp/tmp8u_mn783/prophet_model521a8b_a/prophet_model-20241010050508.csv', 'method=optimize', 'algorithm=lbfgs', 'iter=10000']
[2024-10-10T05:05:08.269+0000] {logging_mixin.py:188} WARNING - 05:05:08 - cmdstanpy - INFO - Chain [1] start processing
[2024-10-10T05:05:08.269+0000] {model.py:2058} INFO - Chain [1] start processing
[2024-10-10T05:05:20.922+0000] {logging_mixin.py:188} WARNING - 05:05:20 - cmdstanpy - INFO - Chain [1] done processing
[2024-10-10T05:05:20.922+0000] {model.py:2115} INFO - Chain [1] done processing
[2024-10-10T05:05:41.104+0000] {logging_mixin.py:188} INFO - Fitting 3 folds for each of 1 candidates, totalling 3 fits
[2024-10-10T06:07:43.420+0000] {local_task_job_runner.py:121} ERROR - Received SIGTERM. Terminating subprocesses
[2024-10-10T06:07:43.439+0000] {process_utils.py:131} INFO - Sending 15 to group 724. PIDs of all processes in the group: [724]
[2024-10-10T06:07:43.447+0000] {process_utils.py:86} INFO - Sending the signal 15 to group 724
[2024-10-10T06:07:45.656+0000] {local_task_job_runner.py:121} ERROR - Received SIGTERM. Terminating subprocesses
