[2024-10-11T04:15:13.193+0000] {taskinstance.py:1979} INFO - Dependencies all met for dep_context=non-requeueable deps ti=<TaskInstance: Gold_training_Pipeline1.model_training manual__2024-10-10T11:12:16.792770+00:00 [queued]>
[2024-10-11T04:15:13.199+0000] {taskinstance.py:1979} INFO - Dependencies all met for dep_context=requeueable deps ti=<TaskInstance: Gold_training_Pipeline1.model_training manual__2024-10-10T11:12:16.792770+00:00 [queued]>
[2024-10-11T04:15:13.200+0000] {taskinstance.py:2193} INFO - Starting attempt 2 of 4
[2024-10-11T04:15:13.210+0000] {taskinstance.py:2217} INFO - Executing <Task(PythonOperator): model_training> on 2024-10-10 11:12:16.792770+00:00
[2024-10-11T04:15:13.216+0000] {standard_task_runner.py:60} INFO - Started process 431 to run task
[2024-10-11T04:15:13.218+0000] {standard_task_runner.py:87} INFO - Running: ['***', 'tasks', 'run', 'Gold_training_Pipeline1', 'model_training', 'manual__2024-10-10T11:12:16.792770+00:00', '--job-id', '462', '--raw', '--subdir', 'DAGS_FOLDER/gold_training_pipeline.py', '--cfg-path', '/tmp/tmpn4ogudkk']
[2024-10-11T04:15:13.220+0000] {standard_task_runner.py:88} INFO - Job 462: Subtask model_training
[2024-10-11T04:15:13.258+0000] {task_command.py:423} INFO - Running <TaskInstance: Gold_training_Pipeline1.model_training manual__2024-10-10T11:12:16.792770+00:00 [running]> on host cff4bbb04ed1
[2024-10-11T04:15:13.324+0000] {taskinstance.py:2513} INFO - Exporting env vars: AIRFLOW_CTX_DAG_OWNER='sdeshan' AIRFLOW_CTX_DAG_ID='Gold_training_Pipeline1' AIRFLOW_CTX_TASK_ID='model_training' AIRFLOW_CTX_EXECUTION_DATE='2024-10-10T11:12:16.792770+00:00' AIRFLOW_CTX_TRY_NUMBER='2' AIRFLOW_CTX_DAG_RUN_ID='manual__2024-10-10T11:12:16.792770+00:00'
[2024-10-11T04:15:13.420+0000] {filesystem.py:118} DEBUG - input tempfile: /tmp/tmpfsqcdfm6/armyg030.json
[2024-10-11T04:15:13.632+0000] {filesystem.py:118} DEBUG - input tempfile: /tmp/tmpfsqcdfm6/sy1xlfah.json
[2024-10-11T04:15:13.634+0000] {model.py:2042} DEBUG - idx 0
[2024-10-11T04:15:13.635+0000] {model.py:2043} DEBUG - running CmdStan, num_threads: None
[2024-10-11T04:15:13.636+0000] {model.py:2055} DEBUG - CmdStan args: ['/home/***/.local/lib/python3.8/site-packages/prophet/stan_model/prophet_model.bin', 'random', 'seed=46308', 'data', 'file=/tmp/tmpfsqcdfm6/armyg030.json', 'init=/tmp/tmpfsqcdfm6/sy1xlfah.json', 'output', 'file=/tmp/tmpfsqcdfm6/prophet_modelgrezh95t/prophet_model-20241011041513.csv', 'method=optimize', 'algorithm=lbfgs', 'iter=10000']
[2024-10-11T04:15:13.637+0000] {logging_mixin.py:188} WARNING - 04:15:13 - cmdstanpy - INFO - Chain [1] start processing
[2024-10-11T04:15:13.637+0000] {model.py:2058} INFO - Chain [1] start processing
[2024-10-11T04:15:15.720+0000] {logging_mixin.py:188} WARNING - 04:15:15 - cmdstanpy - INFO - Chain [1] done processing
[2024-10-11T04:15:15.719+0000] {model.py:2115} INFO - Chain [1] done processing
[2024-10-11T04:15:16.398+0000] {logging_mixin.py:188} INFO - Fitting 3 folds for each of 1 candidates, totalling 3 fits
[2024-10-11T04:29:36.024+0000] {local_task_job_runner.py:121} ERROR - Received SIGTERM. Terminating subprocesses
[2024-10-11T04:29:36.071+0000] {process_utils.py:131} INFO - Sending 15 to group 431. PIDs of all processes in the group: [431]
[2024-10-11T04:29:36.074+0000] {process_utils.py:86} INFO - Sending the signal 15 to group 431
