[2024-10-11T06:25:23.519+0000] {taskinstance.py:1979} INFO - Dependencies all met for dep_context=non-requeueable deps ti=<TaskInstance: Gold_training_Pipeline1.model_training manual__2024-10-10T11:12:16.792770+00:00 [queued]>
[2024-10-11T06:25:23.526+0000] {taskinstance.py:1979} INFO - Dependencies all met for dep_context=requeueable deps ti=<TaskInstance: Gold_training_Pipeline1.model_training manual__2024-10-10T11:12:16.792770+00:00 [queued]>
[2024-10-11T06:25:23.527+0000] {taskinstance.py:2193} INFO - Starting attempt 3 of 4
[2024-10-11T06:25:23.536+0000] {taskinstance.py:2217} INFO - Executing <Task(PythonOperator): model_training> on 2024-10-10 11:12:16.792770+00:00
[2024-10-11T06:25:23.548+0000] {standard_task_runner.py:60} INFO - Started process 471 to run task
[2024-10-11T06:25:23.551+0000] {standard_task_runner.py:87} INFO - Running: ['***', 'tasks', 'run', 'Gold_training_Pipeline1', 'model_training', 'manual__2024-10-10T11:12:16.792770+00:00', '--job-id', '471', '--raw', '--subdir', 'DAGS_FOLDER/gold_training_pipeline.py', '--cfg-path', '/tmp/tmp2f3e7xjc']
[2024-10-11T06:25:23.552+0000] {standard_task_runner.py:88} INFO - Job 471: Subtask model_training
[2024-10-11T06:25:23.598+0000] {task_command.py:423} INFO - Running <TaskInstance: Gold_training_Pipeline1.model_training manual__2024-10-10T11:12:16.792770+00:00 [running]> on host 9ceaf0ac2f5c
[2024-10-11T06:25:23.669+0000] {taskinstance.py:2513} INFO - Exporting env vars: AIRFLOW_CTX_DAG_OWNER='sdeshan' AIRFLOW_CTX_DAG_ID='Gold_training_Pipeline1' AIRFLOW_CTX_TASK_ID='model_training' AIRFLOW_CTX_EXECUTION_DATE='2024-10-10T11:12:16.792770+00:00' AIRFLOW_CTX_TRY_NUMBER='3' AIRFLOW_CTX_DAG_RUN_ID='manual__2024-10-10T11:12:16.792770+00:00'
[2024-10-11T06:25:23.854+0000] {filesystem.py:118} DEBUG - input tempfile: /tmp/tmp8kvre48a/ylmd9z2j.json
[2024-10-11T06:25:24.042+0000] {filesystem.py:118} DEBUG - input tempfile: /tmp/tmp8kvre48a/dsff6c00.json
[2024-10-11T06:25:24.044+0000] {model.py:2042} DEBUG - idx 0
[2024-10-11T06:25:24.044+0000] {model.py:2043} DEBUG - running CmdStan, num_threads: None
[2024-10-11T06:25:24.045+0000] {model.py:2055} DEBUG - CmdStan args: ['/home/***/.local/lib/python3.8/site-packages/prophet/stan_model/prophet_model.bin', 'random', 'seed=71211', 'data', 'file=/tmp/tmp8kvre48a/ylmd9z2j.json', 'init=/tmp/tmp8kvre48a/dsff6c00.json', 'output', 'file=/tmp/tmp8kvre48a/prophet_modelll18jwuz/prophet_model-20241011062524.csv', 'method=optimize', 'algorithm=lbfgs', 'iter=10000']
[2024-10-11T06:25:24.046+0000] {logging_mixin.py:188} WARNING - 06:25:24 - cmdstanpy - INFO - Chain [1] start processing
[2024-10-11T06:25:24.046+0000] {model.py:2058} INFO - Chain [1] start processing
[2024-10-11T06:25:26.029+0000] {logging_mixin.py:188} WARNING - 06:25:26 - cmdstanpy - INFO - Chain [1] done processing
[2024-10-11T06:25:26.028+0000] {model.py:2115} INFO - Chain [1] done processing
[2024-10-11T06:25:26.976+0000] {logging_mixin.py:188} INFO - Fitting 3 folds for each of 1 candidates, totalling 3 fits
[2024-10-11T07:25:55.336+0000] {local_task_job_runner.py:121} ERROR - Received SIGTERM. Terminating subprocesses
[2024-10-11T07:25:55.472+0000] {process_utils.py:131} INFO - Sending 15 to group 471. PIDs of all processes in the group: [471]
[2024-10-11T07:25:55.482+0000] {process_utils.py:86} INFO - Sending the signal 15 to group 471
[2024-10-11T07:25:57.025+0000] {local_task_job_runner.py:121} ERROR - Received SIGTERM. Terminating subprocesses
