[2024-10-10T05:05:07.477+0000] {taskinstance.py:1979} INFO - Dependencies all met for dep_context=non-requeueable deps ti=<TaskInstance: Gold_training_Pipeline.model_training manual__2024-10-09T10:42:12.899974+00:00 [queued]>
[2024-10-10T05:05:07.485+0000] {taskinstance.py:1979} INFO - Dependencies all met for dep_context=requeueable deps ti=<TaskInstance: Gold_training_Pipeline.model_training manual__2024-10-09T10:42:12.899974+00:00 [queued]>
[2024-10-10T05:05:07.485+0000] {taskinstance.py:2193} INFO - Starting attempt 2 of 4
[2024-10-10T05:05:07.499+0000] {taskinstance.py:2217} INFO - Executing <Task(PythonOperator): model_training> on 2024-10-09 10:42:12.899974+00:00
[2024-10-10T05:05:07.517+0000] {standard_task_runner.py:60} INFO - Started process 727 to run task
[2024-10-10T05:05:07.526+0000] {standard_task_runner.py:87} INFO - Running: ['***', 'tasks', 'run', 'Gold_training_Pipeline', 'model_training', 'manual__2024-10-09T10:42:12.899974+00:00', '--job-id', '381', '--raw', '--subdir', 'DAGS_FOLDER/gold_training_pipeline.py', '--cfg-path', '/tmp/tmpu_rus16c']
[2024-10-10T05:05:07.527+0000] {standard_task_runner.py:88} INFO - Job 381: Subtask model_training
[2024-10-10T05:05:07.602+0000] {task_command.py:423} INFO - Running <TaskInstance: Gold_training_Pipeline.model_training manual__2024-10-09T10:42:12.899974+00:00 [running]> on host 2ded013e804c
[2024-10-10T05:05:07.703+0000] {taskinstance.py:2513} INFO - Exporting env vars: AIRFLOW_CTX_DAG_OWNER='sdeshan' AIRFLOW_CTX_DAG_ID='Gold_training_Pipeline' AIRFLOW_CTX_TASK_ID='model_training' AIRFLOW_CTX_EXECUTION_DATE='2024-10-09T10:42:12.899974+00:00' AIRFLOW_CTX_TRY_NUMBER='2' AIRFLOW_CTX_DAG_RUN_ID='manual__2024-10-09T10:42:12.899974+00:00'
[2024-10-10T05:05:07.922+0000] {filesystem.py:118} DEBUG - input tempfile: /tmp/tmpeodnh35m/yl2030a_.json
[2024-10-10T05:05:08.274+0000] {filesystem.py:118} DEBUG - input tempfile: /tmp/tmpeodnh35m/isebumke.json
[2024-10-10T05:05:08.276+0000] {model.py:2042} DEBUG - idx 0
[2024-10-10T05:05:08.277+0000] {model.py:2043} DEBUG - running CmdStan, num_threads: None
[2024-10-10T05:05:08.277+0000] {model.py:2055} DEBUG - CmdStan args: ['/home/***/.local/lib/python3.8/site-packages/prophet/stan_model/prophet_model.bin', 'random', 'seed=97036', 'data', 'file=/tmp/tmpeodnh35m/yl2030a_.json', 'init=/tmp/tmpeodnh35m/isebumke.json', 'output', 'file=/tmp/tmpeodnh35m/prophet_model05gi2hc1/prophet_model-20241010050508.csv', 'method=optimize', 'algorithm=lbfgs', 'iter=10000']
[2024-10-10T05:05:08.278+0000] {logging_mixin.py:188} WARNING - 05:05:08 - cmdstanpy - INFO - Chain [1] start processing
[2024-10-10T05:05:08.278+0000] {model.py:2058} INFO - Chain [1] start processing
[2024-10-10T05:05:21.213+0000] {logging_mixin.py:188} WARNING - 05:05:21 - cmdstanpy - INFO - Chain [1] done processing
[2024-10-10T05:05:21.213+0000] {model.py:2115} INFO - Chain [1] done processing
[2024-10-10T05:05:40.989+0000] {logging_mixin.py:188} INFO - Fitting 3 folds for each of 1 candidates, totalling 3 fits
[2024-10-10T06:07:43.420+0000] {local_task_job_runner.py:121} ERROR - Received SIGTERM. Terminating subprocesses
[2024-10-10T06:07:43.436+0000] {process_utils.py:131} INFO - Sending 15 to group 727. PIDs of all processes in the group: [727]
[2024-10-10T06:07:43.438+0000] {process_utils.py:86} INFO - Sending the signal 15 to group 727
