[2024-10-25T10:31:32.666+0000] {taskinstance.py:1979} INFO - Dependencies all met for dep_context=non-requeueable deps ti=<TaskInstance: Vehicle_Model_Training_Pipeline.model_training_honda scheduled__2024-10-23T00:00:00+00:00 [queued]>
[2024-10-25T10:31:32.683+0000] {taskinstance.py:1979} INFO - Dependencies all met for dep_context=requeueable deps ti=<TaskInstance: Vehicle_Model_Training_Pipeline.model_training_honda scheduled__2024-10-23T00:00:00+00:00 [queued]>
[2024-10-25T10:31:32.703+0000] {taskinstance.py:2193} INFO - Starting attempt 1 of 4
[2024-10-25T10:31:32.733+0000] {taskinstance.py:2217} INFO - Executing <Task(PythonOperator): model_training_honda> on 2024-10-23 00:00:00+00:00
[2024-10-25T10:31:32.741+0000] {standard_task_runner.py:60} INFO - Started process 624 to run task
[2024-10-25T10:31:32.759+0000] {standard_task_runner.py:87} INFO - Running: ['***', 'tasks', 'run', 'Vehicle_Model_Training_Pipeline', 'model_training_honda', 'scheduled__2024-10-23T00:00:00+00:00', '--job-id', '186', '--raw', '--subdir', 'DAGS_FOLDER/vehicle_model_training_pipeline.py', '--cfg-path', '/tmp/tmptr5tjj64']
[2024-10-25T10:31:32.776+0000] {standard_task_runner.py:88} INFO - Job 186: Subtask model_training_honda
[2024-10-25T10:31:32.850+0000] {task_command.py:423} INFO - Running <TaskInstance: Vehicle_Model_Training_Pipeline.model_training_honda scheduled__2024-10-23T00:00:00+00:00 [running]> on host f40b511b97f1
[2024-10-25T10:31:32.955+0000] {taskinstance.py:2513} INFO - Exporting env vars: AIRFLOW_CTX_DAG_OWNER='sdeshan' AIRFLOW_CTX_DAG_ID='Vehicle_Model_Training_Pipeline' AIRFLOW_CTX_TASK_ID='model_training_honda' AIRFLOW_CTX_EXECUTION_DATE='2024-10-23T00:00:00+00:00' AIRFLOW_CTX_TRY_NUMBER='1' AIRFLOW_CTX_DAG_RUN_ID='scheduled__2024-10-23T00:00:00+00:00'
[2024-10-25T10:31:33.014+0000] {logging_mixin.py:188} INFO - RandomForestRegressor()
[2024-10-25T10:31:36.195+0000] {logging_mixin.py:188} INFO - DecisionTreeRegressor()
[2024-10-25T10:31:36.271+0000] {logging_mixin.py:188} INFO - GradientBoostingRegressor()
[2024-10-25T10:32:08.000+0000] {logging_mixin.py:188} INFO - LinearRegression()
[2024-10-25T10:32:08.356+0000] {logging_mixin.py:188} INFO - XGBRegressor(base_score=None, booster=None, callbacks=None,
             colsample_bylevel=None, colsample_bynode=None,
             colsample_bytree=None, device=None, early_stopping_rounds=None,
             enable_categorical=False, eval_metric=None, feature_types=None,
             gamma=None, grow_policy=None, importance_type=None,
             interaction_constraints=None, learning_rate=None, max_bin=None,
             max_cat_threshold=None, max_cat_to_onehot=None,
             max_delta_step=None, max_depth=None, max_leaves=None,
             min_child_weight=None, missing=nan, monotone_constraints=None,
             multi_strategy=None, n_estimators=None, n_jobs=None,
             num_parallel_tree=None, random_state=None, ...)
[2024-10-25T10:47:44.155+0000] {local_task_job_runner.py:121} ERROR - Received SIGTERM. Terminating subprocesses
[2024-10-25T10:47:44.160+0000] {process_utils.py:131} INFO - Sending 15 to group 624. PIDs of all processes in the group: [624]
[2024-10-25T10:47:44.165+0000] {process_utils.py:86} INFO - Sending the signal 15 to group 624
[2024-10-25T10:47:45.541+0000] {taskinstance.py:2483} ERROR - Received SIGTERM. Terminating subprocesses.
