[2024-10-25T11:36:02.154+0000] {taskinstance.py:1979} INFO - Dependencies all met for dep_context=non-requeueable deps ti=<TaskInstance: Vehicle_Model_Training_Pipeline.model_training_honda scheduled__2024-10-23T00:00:00+00:00 [queued]>
[2024-10-25T11:36:02.160+0000] {taskinstance.py:1979} INFO - Dependencies all met for dep_context=requeueable deps ti=<TaskInstance: Vehicle_Model_Training_Pipeline.model_training_honda scheduled__2024-10-23T00:00:00+00:00 [queued]>
[2024-10-25T11:36:02.161+0000] {taskinstance.py:2193} INFO - Starting attempt 3 of 4
[2024-10-25T11:36:02.459+0000] {taskinstance.py:2217} INFO - Executing <Task(PythonOperator): model_training_honda> on 2024-10-23 00:00:00+00:00
[2024-10-25T11:36:02.465+0000] {standard_task_runner.py:60} INFO - Started process 330 to run task
[2024-10-25T11:36:02.467+0000] {standard_task_runner.py:87} INFO - Running: ['***', 'tasks', 'run', 'Vehicle_Model_Training_Pipeline', 'model_training_honda', 'scheduled__2024-10-23T00:00:00+00:00', '--job-id', '193', '--raw', '--subdir', 'DAGS_FOLDER/vehicle_model_training_pipeline.py', '--cfg-path', '/tmp/tmp7y5n6air']
[2024-10-25T11:36:02.469+0000] {standard_task_runner.py:88} INFO - Job 193: Subtask model_training_honda
[2024-10-25T11:36:02.607+0000] {task_command.py:423} INFO - Running <TaskInstance: Vehicle_Model_Training_Pipeline.model_training_honda scheduled__2024-10-23T00:00:00+00:00 [running]> on host 0c3790bb1afb
[2024-10-25T11:36:02.677+0000] {taskinstance.py:2513} INFO - Exporting env vars: AIRFLOW_CTX_DAG_OWNER='sdeshan' AIRFLOW_CTX_DAG_ID='Vehicle_Model_Training_Pipeline' AIRFLOW_CTX_TASK_ID='model_training_honda' AIRFLOW_CTX_EXECUTION_DATE='2024-10-23T00:00:00+00:00' AIRFLOW_CTX_TRY_NUMBER='3' AIRFLOW_CTX_DAG_RUN_ID='scheduled__2024-10-23T00:00:00+00:00'
[2024-10-25T11:36:02.735+0000] {logging_mixin.py:188} INFO - RandomForestRegressor()
[2024-10-25T11:36:05.102+0000] {logging_mixin.py:188} INFO - DecisionTreeRegressor()
[2024-10-25T11:36:05.212+0000] {logging_mixin.py:188} INFO - GradientBoostingRegressor()
[2024-10-25T11:36:22.938+0000] {logging_mixin.py:188} INFO - LinearRegression()
[2024-10-25T11:36:23.089+0000] {logging_mixin.py:188} INFO - XGBRegressor(base_score=None, booster=None, callbacks=None,
             colsample_bylevel=None, colsample_bynode=None,
             colsample_bytree=None, device=None, early_stopping_rounds=None,
             enable_categorical=False, eval_metric=None, feature_types=None,
             gamma=None, grow_policy=None, importance_type=None,
             interaction_constraints=None, learning_rate=None, max_bin=None,
             max_cat_threshold=None, max_cat_to_onehot=None,
             max_delta_step=None, max_depth=None, max_leaves=None,
             min_child_weight=None, missing=nan, monotone_constraints=None,
             multi_strategy=None, n_estimators=None, n_jobs=None,
             num_parallel_tree=None, random_state=None, ...)
[2024-10-25T11:44:23.943+0000] {local_task_job_runner.py:121} ERROR - Received SIGTERM. Terminating subprocesses
[2024-10-25T11:44:23.972+0000] {process_utils.py:131} INFO - Sending 15 to group 330. PIDs of all processes in the group: [330]
[2024-10-25T11:44:23.972+0000] {process_utils.py:86} INFO - Sending the signal 15 to group 330
[2024-10-25T11:44:24.031+0000] {taskinstance.py:2483} ERROR - Received SIGTERM. Terminating subprocesses.
