[2024-10-09T05:16:51.742+0000] {taskinstance.py:1979} INFO - Dependencies all met for dep_context=non-requeueable deps ti=<TaskInstance: Gold_training_Pipeline.scrape_time_series_data scheduled__2024-10-08T00:00:00+00:00 [queued]>
[2024-10-09T05:16:51.768+0000] {taskinstance.py:1979} INFO - Dependencies all met for dep_context=requeueable deps ti=<TaskInstance: Gold_training_Pipeline.scrape_time_series_data scheduled__2024-10-08T00:00:00+00:00 [queued]>
[2024-10-09T05:16:51.770+0000] {taskinstance.py:2193} INFO - Starting attempt 1 of 4
[2024-10-09T05:16:51.791+0000] {taskinstance.py:2217} INFO - Executing <Task(PythonOperator): scrape_time_series_data> on 2024-10-08 00:00:00+00:00
[2024-10-09T05:16:51.820+0000] {standard_task_runner.py:60} INFO - Started process 796 to run task
[2024-10-09T05:16:51.828+0000] {standard_task_runner.py:87} INFO - Running: ['***', 'tasks', 'run', 'Gold_training_Pipeline', 'scrape_time_series_data', 'scheduled__2024-10-08T00:00:00+00:00', '--job-id', '303', '--raw', '--subdir', 'DAGS_FOLDER/gold_training_pipeline.py', '--cfg-path', '/tmp/tmp19i1qzyc']
[2024-10-09T05:16:51.839+0000] {standard_task_runner.py:88} INFO - Job 303: Subtask scrape_time_series_data
[2024-10-09T05:16:52.202+0000] {task_command.py:423} INFO - Running <TaskInstance: Gold_training_Pipeline.scrape_time_series_data scheduled__2024-10-08T00:00:00+00:00 [running]> on host 68dba313a760
[2024-10-09T05:16:52.760+0000] {taskinstance.py:2513} INFO - Exporting env vars: AIRFLOW_CTX_DAG_OWNER='sdeshan' AIRFLOW_CTX_DAG_ID='Gold_training_Pipeline' AIRFLOW_CTX_TASK_ID='scrape_time_series_data' AIRFLOW_CTX_EXECUTION_DATE='2024-10-08T00:00:00+00:00' AIRFLOW_CTX_TRY_NUMBER='1' AIRFLOW_CTX_DAG_RUN_ID='scheduled__2024-10-08T00:00:00+00:00'
[2024-10-09T05:16:52.807+0000] {python.py:202} INFO - Done. Returned value was: None
[2024-10-09T05:16:52.893+0000] {taskinstance.py:1149} INFO - Marking task as SUCCESS. dag_id=Gold_training_Pipeline, task_id=scrape_time_series_data, execution_date=20241008T000000, start_date=20241009T051651, end_date=20241009T051652
[2024-10-09T05:16:52.913+0000] {logging_mixin.py:188} WARNING - /home/***/.local/lib/python3.8/site-packages/***/utils/context.py:207 AirflowContextDeprecationWarning: Accessing 'execution_date' from the template is deprecated and will be removed in a future version. Please use 'data_interval_start' or 'logical_date' instead.
[2024-10-09T05:16:52.951+0000] {logging_mixin.py:188} WARNING - /home/***/.local/lib/python3.8/site-packages/***/utils/email.py:154 RemovedInAirflow3Warning: Fetching SMTP credentials from configuration variables will be deprecated in a future release. Please set credentials using a connection instead.
[2024-10-09T05:16:52.956+0000] {email.py:270} INFO - Email alerting: attempt 1
[2024-10-09T05:16:55.031+0000] {email.py:281} INFO - Sent an alert email to ['deshanariyarathna@gmail.com']
[2024-10-09T05:16:57.406+0000] {local_task_job_runner.py:234} INFO - Task exited with return code 0
[2024-10-09T05:16:57.561+0000] {taskinstance.py:3312} INFO - 1 downstream tasks scheduled from follow-on schedule check
[2024-10-09T07:59:10.562+0000] {taskinstance.py:1979} INFO - Dependencies all met for dep_context=non-requeueable deps ti=<TaskInstance: Gold_training_Pipeline.scrape_time_series_data scheduled__2024-10-08T00:00:00+00:00 [queued]>
[2024-10-09T07:59:10.571+0000] {taskinstance.py:1979} INFO - Dependencies all met for dep_context=requeueable deps ti=<TaskInstance: Gold_training_Pipeline.scrape_time_series_data scheduled__2024-10-08T00:00:00+00:00 [queued]>
[2024-10-09T07:59:10.571+0000] {taskinstance.py:2193} INFO - Starting attempt 1 of 4
[2024-10-09T07:59:10.590+0000] {taskinstance.py:2217} INFO - Executing <Task(PythonOperator): scrape_time_series_data> on 2024-10-08 00:00:00+00:00
[2024-10-09T07:59:10.613+0000] {standard_task_runner.py:60} INFO - Started process 18931 to run task
[2024-10-09T07:59:10.615+0000] {standard_task_runner.py:87} INFO - Running: ['***', 'tasks', 'run', 'Gold_training_Pipeline', 'scrape_time_series_data', 'scheduled__2024-10-08T00:00:00+00:00', '--job-id', '352', '--raw', '--subdir', 'DAGS_FOLDER/gold_training_pipeline.py', '--cfg-path', '/tmp/tmpyahzuh7p']
[2024-10-09T07:59:10.617+0000] {standard_task_runner.py:88} INFO - Job 352: Subtask scrape_time_series_data
[2024-10-09T07:59:10.693+0000] {task_command.py:423} INFO - Running <TaskInstance: Gold_training_Pipeline.scrape_time_series_data scheduled__2024-10-08T00:00:00+00:00 [running]> on host fc9c765b6318
[2024-10-09T07:59:10.766+0000] {taskinstance.py:2513} INFO - Exporting env vars: AIRFLOW_CTX_DAG_OWNER='sdeshan' AIRFLOW_CTX_DAG_ID='Gold_training_Pipeline' AIRFLOW_CTX_TASK_ID='scrape_time_series_data' AIRFLOW_CTX_EXECUTION_DATE='2024-10-08T00:00:00+00:00' AIRFLOW_CTX_TRY_NUMBER='1' AIRFLOW_CTX_DAG_RUN_ID='scheduled__2024-10-08T00:00:00+00:00'
[2024-10-09T07:59:10.768+0000] {python.py:202} INFO - Done. Returned value was: None
[2024-10-09T07:59:10.775+0000] {taskinstance.py:1149} INFO - Marking task as SUCCESS. dag_id=Gold_training_Pipeline, task_id=scrape_time_series_data, execution_date=20241008T000000, start_date=20241009T075910, end_date=20241009T075910
[2024-10-09T07:59:10.780+0000] {logging_mixin.py:188} WARNING - /home/***/.local/lib/python3.8/site-packages/***/utils/context.py:207 AirflowContextDeprecationWarning: Accessing 'execution_date' from the template is deprecated and will be removed in a future version. Please use 'data_interval_start' or 'logical_date' instead.
[2024-10-09T07:59:10.786+0000] {logging_mixin.py:188} WARNING - /home/***/.local/lib/python3.8/site-packages/***/utils/email.py:154 RemovedInAirflow3Warning: Fetching SMTP credentials from configuration variables will be deprecated in a future release. Please set credentials using a connection instead.
[2024-10-09T07:59:10.787+0000] {email.py:270} INFO - Email alerting: attempt 1
[2024-10-09T07:59:13.598+0000] {email.py:281} INFO - Sent an alert email to ['deshanariyarathna@gmail.com']
[2024-10-09T07:59:15.489+0000] {local_task_job_runner.py:234} INFO - Task exited with return code 0
[2024-10-09T07:59:15.508+0000] {taskinstance.py:3312} INFO - 1 downstream tasks scheduled from follow-on schedule check
