[2024-10-21T10:19:36.120+0000] {taskinstance.py:1979} INFO - Dependencies all met for dep_context=non-requeueable deps ti=<TaskInstance: Vehicle_Data_scrape_Pipeline.scrape_post_links manual__2024-10-21T10:19:34.643139+00:00 [queued]>
[2024-10-21T10:19:36.127+0000] {taskinstance.py:1979} INFO - Dependencies all met for dep_context=requeueable deps ti=<TaskInstance: Vehicle_Data_scrape_Pipeline.scrape_post_links manual__2024-10-21T10:19:34.643139+00:00 [queued]>
[2024-10-21T10:19:36.128+0000] {taskinstance.py:2193} INFO - Starting attempt 1 of 4
[2024-10-21T10:19:36.143+0000] {taskinstance.py:2217} INFO - Executing <Task(PythonOperator): scrape_post_links> on 2024-10-21 10:19:34.643139+00:00
[2024-10-21T10:19:36.147+0000] {standard_task_runner.py:60} INFO - Started process 29923 to run task
[2024-10-21T10:19:36.149+0000] {standard_task_runner.py:87} INFO - Running: ['***', 'tasks', 'run', 'Vehicle_Data_scrape_Pipeline', 'scrape_post_links', 'manual__2024-10-21T10:19:34.643139+00:00', '--job-id', '126', '--raw', '--subdir', 'DAGS_FOLDER/vehicle_data_scraping_pipeline.py', '--cfg-path', '/tmp/tmpscr84bdt']
[2024-10-21T10:19:36.151+0000] {standard_task_runner.py:88} INFO - Job 126: Subtask scrape_post_links
[2024-10-21T10:19:36.285+0000] {task_command.py:423} INFO - Running <TaskInstance: Vehicle_Data_scrape_Pipeline.scrape_post_links manual__2024-10-21T10:19:34.643139+00:00 [running]> on host 988c1a0779ad
[2024-10-21T10:19:36.328+0000] {taskinstance.py:2513} INFO - Exporting env vars: AIRFLOW_CTX_DAG_OWNER='sdeshan' AIRFLOW_CTX_DAG_ID='Vehicle_Data_scrape_Pipeline' AIRFLOW_CTX_TASK_ID='scrape_post_links' AIRFLOW_CTX_EXECUTION_DATE='2024-10-21T10:19:34.643139+00:00' AIRFLOW_CTX_TRY_NUMBER='1' AIRFLOW_CTX_DAG_RUN_ID='manual__2024-10-21T10:19:34.643139+00:00'
[2024-10-21T10:19:39.596+0000] {logging_mixin.py:188} WARNING -   0%|          | 0/6 [00:00<?, ?it/s]
[2024-10-21T10:19:39.597+0000] {logging_mixin.py:188} INFO - -------------------------------------------
[2024-10-21T10:19:39.598+0000] {logging_mixin.py:188} INFO - https://ikman.lk/en/ad/micro-voleex-2013-for-sale-colombo-15
[2024-10-21T10:19:39.598+0000] {logging_mixin.py:188} INFO - -------------------------------------------
[2024-10-21T10:19:39.599+0000] {logging_mixin.py:188} INFO - -------------------------------------------
[2024-10-21T10:19:39.599+0000] {logging_mixin.py:188} INFO - https://ikman.lk/en/ad/micro-panda-lc10-l-2018-for-sale-ampara-1
[2024-10-21T10:19:39.600+0000] {logging_mixin.py:188} INFO - -------------------------------------------
[2024-10-21T10:19:39.600+0000] {logging_mixin.py:188} INFO - -------------------------------------------
[2024-10-21T10:19:39.600+0000] {logging_mixin.py:188} INFO - https://ikman.lk/en/ad/micro-emgrand-2016-b-new-for-sale-colombo
[2024-10-21T10:19:39.601+0000] {logging_mixin.py:188} INFO - -------------------------------------------
[2024-10-21T10:19:39.601+0000] {logging_mixin.py:188} INFO - -------------------------------------------
[2024-10-21T10:19:39.601+0000] {logging_mixin.py:188} INFO - https://ikman.lk/en/ad/micro-baic-x-25-2018-for-sale-colombo-1
[2024-10-21T10:19:39.602+0000] {logging_mixin.py:188} INFO - -------------------------------------------
[2024-10-21T10:19:39.602+0000] {logging_mixin.py:188} INFO - -------------------------------------------
[2024-10-21T10:19:39.603+0000] {logging_mixin.py:188} INFO - https://ikman.lk/en/ad/micro-panda-cross-2017-for-sale-gampaha-59
[2024-10-21T10:19:39.603+0000] {logging_mixin.py:188} INFO - -------------------------------------------
[2024-10-21T10:19:39.604+0000] {logging_mixin.py:188} INFO - -------------------------------------------
[2024-10-21T10:19:39.604+0000] {logging_mixin.py:188} INFO - https://ikman.lk/en/ad/micro-tivoli-2017-for-sale-gampaha
[2024-10-21T10:19:39.605+0000] {logging_mixin.py:188} INFO - -------------------------------------------
[2024-10-21T10:19:39.605+0000] {logging_mixin.py:188} WARNING - 100%|##########| 6/6 [00:00<00:00, 731.95it/s]
[2024-10-21T10:19:43.311+0000] {logging_mixin.py:188} INFO - page is no content-----------------
[2024-10-21T10:19:48.104+0000] {logging_mixin.py:188} WARNING -   0%|          | 0/13 [00:00<?, ?it/s]
[2024-10-21T10:19:48.104+0000] {logging_mixin.py:188} INFO - -------------------------------------------
[2024-10-21T10:19:48.105+0000] {logging_mixin.py:188} INFO - https://ikman.lk/en/ad/micro-rexton-2017-for-sale-puttalam-4
[2024-10-21T10:19:48.105+0000] {logging_mixin.py:188} INFO - -------------------------------------------
[2024-10-21T10:19:48.106+0000] {logging_mixin.py:188} INFO - -------------------------------------------
[2024-10-21T10:19:48.107+0000] {logging_mixin.py:188} INFO - https://ikman.lk/en/ad/micro-stavic-270-xdi-2011-for-sale-colombo-1
[2024-10-21T10:19:48.107+0000] {logging_mixin.py:188} INFO - -------------------------------------------
[2024-10-21T10:19:48.108+0000] {logging_mixin.py:188} INFO - -------------------------------------------
[2024-10-21T10:19:48.108+0000] {logging_mixin.py:188} INFO - https://ikman.lk/en/ad/micro-korondo-2012-for-sale-colombo-1
[2024-10-21T10:19:48.108+0000] {logging_mixin.py:188} INFO - -------------------------------------------
[2024-10-21T10:19:48.108+0000] {logging_mixin.py:188} INFO - -------------------------------------------
[2024-10-21T10:19:48.108+0000] {logging_mixin.py:188} INFO - https://ikman.lk/en/ad/micro-tivoli-xlv-2017-for-sale-colombo
[2024-10-21T10:19:48.109+0000] {logging_mixin.py:188} INFO - -------------------------------------------
[2024-10-21T10:19:48.109+0000] {logging_mixin.py:188} INFO - -------------------------------------------
[2024-10-21T10:19:48.109+0000] {logging_mixin.py:188} INFO - https://ikman.lk/en/ad/micro-rexton-diesel-2008-for-sale-colombo-1
[2024-10-21T10:19:48.109+0000] {logging_mixin.py:188} INFO - -------------------------------------------
[2024-10-21T10:19:48.110+0000] {logging_mixin.py:188} INFO - -------------------------------------------
[2024-10-21T10:19:48.110+0000] {logging_mixin.py:188} INFO - https://ikman.lk/en/ad/micro-kyron-2008-for-sale-puttalam-15
[2024-10-21T10:19:48.110+0000] {logging_mixin.py:188} INFO - -------------------------------------------
[2024-10-21T10:19:48.110+0000] {logging_mixin.py:188} INFO - -------------------------------------------
[2024-10-21T10:19:48.110+0000] {logging_mixin.py:188} INFO - https://ikman.lk/en/ad/micro-rexton-2008-for-sale-galle
[2024-10-21T10:19:48.111+0000] {logging_mixin.py:188} INFO - -------------------------------------------
[2024-10-21T10:19:48.111+0000] {logging_mixin.py:188} INFO - -------------------------------------------
[2024-10-21T10:19:48.111+0000] {logging_mixin.py:188} INFO - https://ikman.lk/en/ad/micro-rexton-w-2015-7seats-2015-for-sale-gampaha
[2024-10-21T10:19:48.112+0000] {logging_mixin.py:188} INFO - -------------------------------------------
[2024-10-21T10:19:48.112+0000] {logging_mixin.py:188} INFO - -------------------------------------------
[2024-10-21T10:19:48.112+0000] {logging_mixin.py:188} INFO - https://ikman.lk/en/ad/micro-korondo-2014-for-sale-colombo-5
[2024-10-21T10:19:48.113+0000] {logging_mixin.py:188} INFO - -------------------------------------------
[2024-10-21T10:19:48.113+0000] {logging_mixin.py:188} INFO - -------------------------------------------
[2024-10-21T10:19:48.113+0000] {logging_mixin.py:188} INFO - https://ikman.lk/en/ad/micro-havel-h5-2012-for-sale-gampaha
[2024-10-21T10:19:48.113+0000] {logging_mixin.py:188} INFO - -------------------------------------------
[2024-10-21T10:19:48.114+0000] {logging_mixin.py:188} INFO - -------------------------------------------
[2024-10-21T10:19:48.114+0000] {logging_mixin.py:188} INFO - https://ikman.lk/en/ad/micro-kyron-2009-for-sale-kalutara-12
[2024-10-21T10:19:48.114+0000] {logging_mixin.py:188} INFO - -------------------------------------------
[2024-10-21T10:19:48.114+0000] {logging_mixin.py:188} INFO - -------------------------------------------
[2024-10-21T10:19:48.115+0000] {logging_mixin.py:188} INFO - https://ikman.lk/en/ad/micro-kyron-2008-for-sale-colombo-1109
[2024-10-21T10:19:48.115+0000] {logging_mixin.py:188} INFO - -------------------------------------------
[2024-10-21T10:19:48.115+0000] {logging_mixin.py:188} INFO - -------------------------------------------
[2024-10-21T10:19:48.115+0000] {logging_mixin.py:188} INFO - https://ikman.lk/en/ad/micro-stavic-suv-2010-for-sale-gampaha-1
[2024-10-21T10:19:48.116+0000] {logging_mixin.py:188} INFO - -------------------------------------------
[2024-10-21T10:19:48.116+0000] {logging_mixin.py:188} WARNING - 100%|##########| 13/13 [00:00<00:00, 1114.07it/s]
[2024-10-21T10:19:52.039+0000] {logging_mixin.py:188} INFO - page is no content-----------------
[2024-10-21T10:19:55.225+0000] {logging_mixin.py:188} INFO - page is no content-----------------
[2024-10-21T10:19:58.993+0000] {logging_mixin.py:188} INFO - page is no content-----------------
[2024-10-21T10:20:03.432+0000] {logging_mixin.py:188} WARNING -   0%|          | 0/24 [00:00<?, ?it/s]
[2024-10-21T10:20:03.432+0000] {logging_mixin.py:188} INFO - -------------------------------------------
[2024-10-21T10:20:03.433+0000] {logging_mixin.py:188} INFO - https://ikman.lk/en/ad/micro-mx-7-manual-2013-for-sale-gampaha-1
[2024-10-21T10:20:03.434+0000] {logging_mixin.py:188} INFO - -------------------------------------------
[2024-10-21T10:20:03.434+0000] {logging_mixin.py:188} INFO - -------------------------------------------
[2024-10-21T10:20:03.434+0000] {logging_mixin.py:188} INFO - https://ikman.lk/en/ad/micro-panda-997-2015-for-sale-gampaha-4
[2024-10-21T10:20:03.435+0000] {logging_mixin.py:188} INFO - -------------------------------------------
[2024-10-21T10:20:03.435+0000] {logging_mixin.py:188} INFO - -------------------------------------------
[2024-10-21T10:20:03.435+0000] {logging_mixin.py:188} INFO - https://ikman.lk/en/ad/micro-trend-2011-for-sale-gampaha
[2024-10-21T10:20:03.436+0000] {logging_mixin.py:188} INFO - -------------------------------------------
[2024-10-21T10:20:03.436+0000] {logging_mixin.py:188} INFO - -------------------------------------------
[2024-10-21T10:20:03.436+0000] {logging_mixin.py:188} INFO - https://ikman.lk/en/ad/micro-panda-q-13-2011-for-sale-nuwara-eliya
[2024-10-21T10:20:03.436+0000] {logging_mixin.py:188} INFO - -------------------------------------------
[2024-10-21T10:20:03.437+0000] {logging_mixin.py:188} INFO - -------------------------------------------
[2024-10-21T10:20:03.437+0000] {logging_mixin.py:188} INFO - https://ikman.lk/en/ad/micro-panda-cross-13-cc-2013-for-sale-kalutara
[2024-10-21T10:20:03.437+0000] {logging_mixin.py:188} INFO - -------------------------------------------
[2024-10-21T10:20:03.437+0000] {logging_mixin.py:188} INFO - -------------------------------------------
[2024-10-21T10:20:03.438+0000] {logging_mixin.py:188} INFO - https://ikman.lk/en/ad/micro-panda-lc-10-2015-for-sale-gampaha-43
[2024-10-21T10:20:03.438+0000] {logging_mixin.py:188} INFO - -------------------------------------------
[2024-10-21T10:20:03.438+0000] {logging_mixin.py:188} INFO - -------------------------------------------
[2024-10-21T10:20:03.438+0000] {logging_mixin.py:188} INFO - https://ikman.lk/en/ad/micro-panda-lc-10-2015-for-sale-gampaha-42
[2024-10-21T10:20:03.438+0000] {logging_mixin.py:188} INFO - -------------------------------------------
[2024-10-21T10:20:03.439+0000] {logging_mixin.py:188} INFO - -------------------------------------------
[2024-10-21T10:20:03.439+0000] {logging_mixin.py:188} INFO - https://ikman.lk/en/ad/micro-trend-2009-for-sale-ampara
[2024-10-21T10:20:03.439+0000] {logging_mixin.py:188} INFO - -------------------------------------------
[2024-10-21T10:20:03.439+0000] {logging_mixin.py:188} INFO - -------------------------------------------
[2024-10-21T10:20:03.440+0000] {logging_mixin.py:188} INFO - https://ikman.lk/en/ad/micro-panda-lc-10-2014-for-sale-gampaha
[2024-10-21T10:20:03.440+0000] {logging_mixin.py:188} INFO - -------------------------------------------
[2024-10-21T10:20:03.440+0000] {logging_mixin.py:188} INFO - -------------------------------------------
[2024-10-21T10:20:03.440+0000] {logging_mixin.py:188} INFO - https://ikman.lk/en/ad/micro-geely-panda-2015-for-sale-galle
[2024-10-21T10:20:03.440+0000] {logging_mixin.py:188} INFO - -------------------------------------------
[2024-10-21T10:20:03.441+0000] {logging_mixin.py:188} INFO - -------------------------------------------
[2024-10-21T10:20:03.441+0000] {logging_mixin.py:188} INFO - https://ikman.lk/en/ad/micro-panda-gelly-2015-for-sale-colombo
[2024-10-21T10:20:03.441+0000] {logging_mixin.py:188} INFO - -------------------------------------------
[2024-10-21T10:20:03.441+0000] {logging_mixin.py:188} INFO - -------------------------------------------
[2024-10-21T10:20:03.441+0000] {logging_mixin.py:188} INFO - https://ikman.lk/en/ad/micro-panda-2013-for-sale-colombo-653
[2024-10-21T10:20:03.442+0000] {logging_mixin.py:188} INFO - -------------------------------------------
[2024-10-21T10:20:03.442+0000] {logging_mixin.py:188} INFO - -------------------------------------------
[2024-10-21T10:20:03.442+0000] {logging_mixin.py:188} INFO - https://ikman.lk/en/ad/micro-panda-cross-used-2016-for-sale-ratnapura
[2024-10-21T10:20:03.442+0000] {logging_mixin.py:188} INFO - -------------------------------------------
[2024-10-21T10:20:03.443+0000] {logging_mixin.py:188} INFO - -------------------------------------------
[2024-10-21T10:20:03.443+0000] {logging_mixin.py:188} INFO - https://ikman.lk/en/ad/micro-panda-cross-full-option-kt-2012-for-sale-colombo
[2024-10-21T10:20:03.444+0000] {logging_mixin.py:188} INFO - -------------------------------------------
[2024-10-21T10:20:03.444+0000] {logging_mixin.py:188} INFO - -------------------------------------------
[2024-10-21T10:20:03.445+0000] {logging_mixin.py:188} INFO - https://ikman.lk/en/ad/micro-panda-cross-2014-for-sale-galle
[2024-10-21T10:20:03.445+0000] {logging_mixin.py:188} INFO - -------------------------------------------
[2024-10-21T10:20:03.445+0000] {logging_mixin.py:188} INFO - -------------------------------------------
[2024-10-21T10:20:03.446+0000] {logging_mixin.py:188} INFO - https://ikman.lk/en/ad/micro-panda-cross-2018-for-sale-colombo-25
[2024-10-21T10:20:03.446+0000] {logging_mixin.py:188} INFO - -------------------------------------------
[2024-10-21T10:20:03.446+0000] {logging_mixin.py:188} INFO - -------------------------------------------
[2024-10-21T10:20:03.446+0000] {logging_mixin.py:188} INFO - https://ikman.lk/en/ad/micro-mx-7-graley-2012-for-sale-galle
[2024-10-21T10:20:03.447+0000] {logging_mixin.py:188} INFO - -------------------------------------------
[2024-10-21T10:20:03.447+0000] {logging_mixin.py:188} INFO - -------------------------------------------
[2024-10-21T10:20:03.447+0000] {logging_mixin.py:188} INFO - https://ikman.lk/en/ad/micro-panda-lc10-f-option-cae-2015-for-sale-colombo
[2024-10-21T10:20:03.448+0000] {logging_mixin.py:188} INFO - -------------------------------------------
[2024-10-21T10:20:03.448+0000] {logging_mixin.py:188} INFO - -------------------------------------------
[2024-10-21T10:20:03.448+0000] {logging_mixin.py:188} INFO - https://ikman.lk/en/ad/micro-panda-2015-for-sale-colombo-1290
[2024-10-21T10:20:03.448+0000] {logging_mixin.py:188} INFO - -------------------------------------------
[2024-10-21T10:20:03.449+0000] {logging_mixin.py:188} INFO - -------------------------------------------
[2024-10-21T10:20:03.449+0000] {logging_mixin.py:188} INFO - https://ikman.lk/en/ad/micro-mx-7-2014-for-sale-gampaha-12
[2024-10-21T10:20:03.449+0000] {logging_mixin.py:188} INFO - -------------------------------------------
[2024-10-21T10:20:03.449+0000] {logging_mixin.py:188} INFO - -------------------------------------------
[2024-10-21T10:20:03.450+0000] {logging_mixin.py:188} INFO - https://ikman.lk/en/ad/micro-panda-2015-for-sale-ampara-3
[2024-10-21T10:20:03.450+0000] {logging_mixin.py:188} INFO - -------------------------------------------
[2024-10-21T10:20:03.450+0000] {logging_mixin.py:188} INFO - -------------------------------------------
[2024-10-21T10:20:03.450+0000] {logging_mixin.py:188} INFO - https://ikman.lk/en/ad/micro-panda-cross-2015-for-sale-colombo-169
[2024-10-21T10:20:03.451+0000] {logging_mixin.py:188} INFO - -------------------------------------------
[2024-10-21T10:20:03.451+0000] {logging_mixin.py:188} INFO - -------------------------------------------
[2024-10-21T10:20:03.451+0000] {logging_mixin.py:188} INFO - https://ikman.lk/en/ad/micro-mx-7-2014-for-sale-badulla-1
[2024-10-21T10:20:03.452+0000] {logging_mixin.py:188} INFO - -------------------------------------------
[2024-10-21T10:20:03.452+0000] {logging_mixin.py:188} INFO - -------------------------------------------
[2024-10-21T10:20:03.452+0000] {logging_mixin.py:188} INFO - https://ikman.lk/en/ad/micro-panda-2015-for-sale-colombo-1288
[2024-10-21T10:20:03.452+0000] {logging_mixin.py:188} INFO - -------------------------------------------
[2024-10-21T10:20:03.453+0000] {logging_mixin.py:188} WARNING - 100%|##########| 24/24 [00:00<00:00, 1188.09it/s]
[2024-10-21T10:20:08.063+0000] {logging_mixin.py:188} WARNING -   0%|          | 0/21 [00:00<?, ?it/s]
[2024-10-21T10:20:08.064+0000] {logging_mixin.py:188} INFO - -------------------------------------------
[2024-10-21T10:20:08.064+0000] {logging_mixin.py:188} INFO - https://ikman.lk/en/ad/micro-panda-cross-kt-2012-for-sale-colombo
[2024-10-21T10:20:08.065+0000] {logging_mixin.py:188} INFO - -------------------------------------------
[2024-10-21T10:20:08.065+0000] {logging_mixin.py:188} INFO - -------------------------------------------
[2024-10-21T10:20:08.066+0000] {logging_mixin.py:188} INFO - https://ikman.lk/en/ad/micro-glory-07-seater-2018-for-sale-vavuniya
[2024-10-21T10:20:08.066+0000] {logging_mixin.py:188} INFO - -------------------------------------------
[2024-10-21T10:20:08.066+0000] {logging_mixin.py:188} INFO - -------------------------------------------
[2024-10-21T10:20:08.067+0000] {logging_mixin.py:188} INFO - https://ikman.lk/en/ad/micro-panda-2012-for-sale-ratnapura-2
[2024-10-21T10:20:08.067+0000] {logging_mixin.py:188} INFO - -------------------------------------------
[2024-10-21T10:20:08.067+0000] {logging_mixin.py:188} INFO - -------------------------------------------
[2024-10-21T10:20:08.068+0000] {logging_mixin.py:188} INFO - https://ikman.lk/en/ad/micro-panda-cross-2012-for-sale-kandy
[2024-10-21T10:20:08.068+0000] {logging_mixin.py:188} INFO - -------------------------------------------
[2024-10-21T10:20:08.068+0000] {logging_mixin.py:188} INFO - -------------------------------------------
[2024-10-21T10:20:08.069+0000] {logging_mixin.py:188} INFO - https://ikman.lk/en/ad/micro-panda-2015-for-sale-colombo-1287
[2024-10-21T10:20:08.069+0000] {logging_mixin.py:188} INFO - -------------------------------------------
[2024-10-21T10:20:08.069+0000] {logging_mixin.py:188} INFO - -------------------------------------------
[2024-10-21T10:20:08.069+0000] {logging_mixin.py:188} INFO - https://ikman.lk/en/ad/micro-panda-cross-2016-for-sale-colombo-173
[2024-10-21T10:20:08.070+0000] {logging_mixin.py:188} INFO - -------------------------------------------
[2024-10-21T10:20:08.070+0000] {logging_mixin.py:188} INFO - -------------------------------------------
[2024-10-21T10:20:08.070+0000] {logging_mixin.py:188} INFO - https://ikman.lk/en/ad/micro-panda-2015-for-sale-gampaha-770
[2024-10-21T10:20:08.071+0000] {logging_mixin.py:188} INFO - -------------------------------------------
[2024-10-21T10:20:08.071+0000] {logging_mixin.py:188} INFO - -------------------------------------------
[2024-10-21T10:20:08.071+0000] {logging_mixin.py:188} INFO - https://ikman.lk/en/ad/micro-panda-lc10-fulloption-2016-for-sale-gampaha
[2024-10-21T10:20:08.071+0000] {logging_mixin.py:188} INFO - -------------------------------------------
[2024-10-21T10:20:08.072+0000] {logging_mixin.py:188} INFO - -------------------------------------------
[2024-10-21T10:20:08.072+0000] {logging_mixin.py:188} INFO - https://ikman.lk/en/ad/micro-panda-cross-2014-for-sale-gampaha-176
[2024-10-21T10:20:08.073+0000] {logging_mixin.py:188} INFO - -------------------------------------------
[2024-10-21T10:20:08.073+0000] {logging_mixin.py:188} INFO - -------------------------------------------
[2024-10-21T10:20:08.073+0000] {logging_mixin.py:188} INFO - https://ikman.lk/en/ad/micro-panda-cross-2015-for-sale-colombo-168
[2024-10-21T10:20:08.074+0000] {logging_mixin.py:188} INFO - -------------------------------------------
[2024-10-21T10:20:08.074+0000] {logging_mixin.py:188} INFO - -------------------------------------------
[2024-10-21T10:20:08.074+0000] {logging_mixin.py:188} INFO - https://ikman.lk/en/ad/micro-panda-full-option-2014-for-sale-puttalam
[2024-10-21T10:20:08.074+0000] {logging_mixin.py:188} INFO - -------------------------------------------
[2024-10-21T10:20:08.075+0000] {logging_mixin.py:188} INFO - -------------------------------------------
[2024-10-21T10:20:08.075+0000] {logging_mixin.py:188} INFO - https://ikman.lk/en/ad/micro-panda-lc-2014-for-sale-colombo-2
[2024-10-21T10:20:08.075+0000] {logging_mixin.py:188} INFO - -------------------------------------------
[2024-10-21T10:20:08.075+0000] {logging_mixin.py:188} INFO - -------------------------------------------
[2024-10-21T10:20:08.076+0000] {logging_mixin.py:188} INFO - https://ikman.lk/en/ad/micro-mx-7-2012-for-sale-jaffna-2
[2024-10-21T10:20:08.076+0000] {logging_mixin.py:188} INFO - -------------------------------------------
[2024-10-21T10:20:08.076+0000] {logging_mixin.py:188} INFO - -------------------------------------------
[2024-10-21T10:20:08.076+0000] {logging_mixin.py:188} INFO - https://ikman.lk/en/ad/micro-panda-998-2014-for-sale-gampaha-5
[2024-10-21T10:20:08.077+0000] {logging_mixin.py:188} INFO - -------------------------------------------
[2024-10-21T10:20:08.077+0000] {logging_mixin.py:188} INFO - -------------------------------------------
[2024-10-21T10:20:08.077+0000] {logging_mixin.py:188} INFO - https://ikman.lk/en/ad/micro-panda-lc-10-2017-for-sale-monaragala
[2024-10-21T10:20:08.077+0000] {logging_mixin.py:188} INFO - -------------------------------------------
[2024-10-21T10:20:08.077+0000] {logging_mixin.py:188} INFO - -------------------------------------------
[2024-10-21T10:20:08.078+0000] {logging_mixin.py:188} INFO - https://ikman.lk/en/ad/micro-trend-2011-for-sale-vavuniya
[2024-10-21T10:20:08.078+0000] {logging_mixin.py:188} INFO - -------------------------------------------
[2024-10-21T10:20:08.078+0000] {logging_mixin.py:188} INFO - -------------------------------------------
[2024-10-21T10:20:08.079+0000] {logging_mixin.py:188} INFO - https://ikman.lk/en/ad/micro-panda-2012-for-sale-galle-84
[2024-10-21T10:20:08.079+0000] {logging_mixin.py:188} INFO - -------------------------------------------
[2024-10-21T10:20:08.079+0000] {logging_mixin.py:188} INFO - -------------------------------------------
[2024-10-21T10:20:08.079+0000] {logging_mixin.py:188} INFO - https://ikman.lk/en/ad/micro-panda-2017-for-sale-gampaha-21
[2024-10-21T10:20:08.079+0000] {logging_mixin.py:188} INFO - -------------------------------------------
[2024-10-21T10:20:08.080+0000] {logging_mixin.py:188} INFO - -------------------------------------------
[2024-10-21T10:20:08.080+0000] {logging_mixin.py:188} INFO - https://ikman.lk/en/ad/micro-panda-997-2014-for-sale-gampaha-1
[2024-10-21T10:20:08.080+0000] {logging_mixin.py:188} INFO - -------------------------------------------
[2024-10-21T10:20:08.080+0000] {logging_mixin.py:188} INFO - -------------------------------------------
[2024-10-21T10:20:08.081+0000] {logging_mixin.py:188} INFO - https://ikman.lk/en/ad/micro-panda-lc10-f-option-kw-2013-for-sale-colombo
[2024-10-21T10:20:08.081+0000] {logging_mixin.py:188} INFO - -------------------------------------------
[2024-10-21T10:20:08.081+0000] {logging_mixin.py:188} INFO - -------------------------------------------
[2024-10-21T10:20:08.081+0000] {logging_mixin.py:188} INFO - https://ikman.lk/en/ad/micro-mx-7-2015-for-sale-gampaha-2
[2024-10-21T10:20:08.082+0000] {logging_mixin.py:188} INFO - -------------------------------------------
[2024-10-21T10:20:08.082+0000] {logging_mixin.py:188} WARNING - 100%|##########| 21/21 [00:00<00:00, 1153.35it/s]
[2024-10-21T10:20:12.042+0000] {logging_mixin.py:188} INFO - page is no content-----------------
[2024-10-21T10:20:15.181+0000] {logging_mixin.py:188} WARNING -   0%|          | 0/1 [00:00<?, ?it/s]
[2024-10-21T10:20:15.182+0000] {logging_mixin.py:188} INFO - -------------------------------------------
[2024-10-21T10:20:15.182+0000] {logging_mixin.py:188} INFO - https://ikman.lk/en/ad/micro-kyron-full-options-2008-for-sale-colombo-2
[2024-10-21T10:20:15.183+0000] {logging_mixin.py:188} INFO - -------------------------------------------
[2024-10-21T10:20:15.183+0000] {logging_mixin.py:188} WARNING - 100%|##########| 1/1 [00:00<00:00, 629.21it/s]
[2024-10-21T10:20:26.126+0000] {logging_mixin.py:188} INFO - page is no content-----------------
[2024-10-21T10:20:30.381+0000] {logging_mixin.py:188} INFO - page is no content-----------------
[2024-10-21T10:20:34.191+0000] {logging_mixin.py:188} INFO - page is no content-----------------
[2024-10-21T10:20:39.940+0000] {logging_mixin.py:188} INFO - page is no content-----------------
[2024-10-21T10:20:43.894+0000] {logging_mixin.py:188} WARNING -   0%|          | 0/3 [00:00<?, ?it/s]
[2024-10-21T10:20:43.895+0000] {logging_mixin.py:188} INFO - -------------------------------------------
[2024-10-21T10:20:43.895+0000] {logging_mixin.py:188} INFO - https://ikman.lk/en/ad/micro-rexton-270-xdi-2008-for-sale-gampaha
[2024-10-21T10:20:43.895+0000] {logging_mixin.py:188} INFO - -------------------------------------------
[2024-10-21T10:20:43.896+0000] {logging_mixin.py:188} INFO - -------------------------------------------
[2024-10-21T10:20:43.896+0000] {logging_mixin.py:188} INFO - https://ikman.lk/en/ad/micro-rexton-2015-for-sale-colombo-84
[2024-10-21T10:20:43.897+0000] {logging_mixin.py:188} INFO - -------------------------------------------
[2024-10-21T10:20:43.897+0000] {logging_mixin.py:188} INFO - -------------------------------------------
[2024-10-21T10:20:43.897+0000] {logging_mixin.py:188} INFO - https://ikman.lk/en/ad/micro-rexton-2009-for-sale-kurunegala
[2024-10-21T10:20:43.897+0000] {logging_mixin.py:188} INFO - -------------------------------------------
[2024-10-21T10:20:43.898+0000] {logging_mixin.py:188} WARNING - 100%|##########| 3/3 [00:00<00:00, 945.44it/s]
[2024-10-21T10:20:47.971+0000] {logging_mixin.py:188} INFO - page is no content-----------------
[2024-10-21T10:20:51.271+0000] {logging_mixin.py:188} INFO - page is no content-----------------
[2024-10-21T10:20:54.285+0000] {logging_mixin.py:188} INFO - page is no content-----------------
[2024-10-21T10:20:54.306+0000] {python.py:202} INFO - Done. Returned value was: None
[2024-10-21T10:20:54.311+0000] {taskinstance.py:1149} INFO - Marking task as SUCCESS. dag_id=Vehicle_Data_scrape_Pipeline, task_id=scrape_post_links, execution_date=20241021T101934, start_date=20241021T101936, end_date=20241021T102054
[2024-10-21T10:20:54.314+0000] {logging_mixin.py:188} WARNING - /home/***/.local/lib/python3.8/site-packages/***/utils/context.py:207 AirflowContextDeprecationWarning: Accessing 'execution_date' from the template is deprecated and will be removed in a future version. Please use 'data_interval_start' or 'logical_date' instead.
[2024-10-21T10:20:54.319+0000] {logging_mixin.py:188} WARNING - /home/***/.local/lib/python3.8/site-packages/***/utils/email.py:154 RemovedInAirflow3Warning: Fetching SMTP credentials from configuration variables will be deprecated in a future release. Please set credentials using a connection instead.
[2024-10-21T10:20:54.320+0000] {email.py:270} INFO - Email alerting: attempt 1
[2024-10-21T10:20:56.429+0000] {email.py:281} INFO - Sent an alert email to ['deshanariyarathna@gmail.com']
[2024-10-21T10:20:58.514+0000] {local_task_job_runner.py:234} INFO - Task exited with return code 0
[2024-10-21T10:20:58.531+0000] {taskinstance.py:3312} INFO - 1 downstream tasks scheduled from follow-on schedule check
