[2024-10-21T07:09:00.864+0000] {taskinstance.py:1979} INFO - Dependencies all met for dep_context=non-requeueable deps ti=<TaskInstance: Gold_training_Pipeline.model_training manual__2024-10-21T07:05:26.471828+00:00 [queued]>
[2024-10-21T07:09:00.870+0000] {taskinstance.py:1979} INFO - Dependencies all met for dep_context=requeueable deps ti=<TaskInstance: Gold_training_Pipeline.model_training manual__2024-10-21T07:05:26.471828+00:00 [queued]>
[2024-10-21T07:09:00.871+0000] {taskinstance.py:2193} INFO - Starting attempt 3 of 4
[2024-10-21T07:09:00.960+0000] {taskinstance.py:2217} INFO - Executing <Task(PythonOperator): model_training> on 2024-10-21 07:05:26.471828+00:00
[2024-10-21T07:09:00.966+0000] {standard_task_runner.py:60} INFO - Started process 1701 to run task
[2024-10-21T07:09:00.967+0000] {standard_task_runner.py:87} INFO - Running: ['***', 'tasks', 'run', 'Gold_training_Pipeline', 'model_training', 'manual__2024-10-21T07:05:26.471828+00:00', '--job-id', '110', '--raw', '--subdir', 'DAGS_FOLDER/gold_training_pipeline.py', '--cfg-path', '/tmp/tmpk4042ipi']
[2024-10-21T07:09:00.969+0000] {standard_task_runner.py:88} INFO - Job 110: Subtask model_training
[2024-10-21T07:09:01.013+0000] {task_command.py:423} INFO - Running <TaskInstance: Gold_training_Pipeline.model_training manual__2024-10-21T07:05:26.471828+00:00 [running]> on host 988c1a0779ad
[2024-10-21T07:09:01.072+0000] {taskinstance.py:2513} INFO - Exporting env vars: AIRFLOW_CTX_DAG_OWNER='sdeshan' AIRFLOW_CTX_DAG_ID='Gold_training_Pipeline' AIRFLOW_CTX_TASK_ID='model_training' AIRFLOW_CTX_EXECUTION_DATE='2024-10-21T07:05:26.471828+00:00' AIRFLOW_CTX_TRY_NUMBER='3' AIRFLOW_CTX_DAG_RUN_ID='manual__2024-10-21T07:05:26.471828+00:00'
[2024-10-21T07:09:01.158+0000] {filesystem.py:118} DEBUG - input tempfile: /tmp/tmps92rl3ti/j0wydr5g.json
[2024-10-21T07:09:01.343+0000] {filesystem.py:118} DEBUG - input tempfile: /tmp/tmps92rl3ti/90m4c1fq.json
[2024-10-21T07:09:01.344+0000] {model.py:2042} DEBUG - idx 0
[2024-10-21T07:09:01.345+0000] {model.py:2043} DEBUG - running CmdStan, num_threads: None
[2024-10-21T07:09:01.345+0000] {model.py:2055} DEBUG - CmdStan args: ['/home/***/.local/lib/python3.8/site-packages/prophet/stan_model/prophet_model.bin', 'random', 'seed=52058', 'data', 'file=/tmp/tmps92rl3ti/j0wydr5g.json', 'init=/tmp/tmps92rl3ti/90m4c1fq.json', 'output', 'file=/tmp/tmps92rl3ti/prophet_model60lzg0mk/prophet_model-20241021070901.csv', 'method=optimize', 'algorithm=lbfgs', 'iter=10000']
[2024-10-21T07:09:01.346+0000] {logging_mixin.py:188} WARNING - 07:09:01 - cmdstanpy - INFO - Chain [1] start processing
[2024-10-21T07:09:01.346+0000] {model.py:2058} INFO - Chain [1] start processing
[2024-10-21T07:09:02.696+0000] {logging_mixin.py:188} WARNING - 07:09:02 - cmdstanpy - INFO - Chain [1] done processing
[2024-10-21T07:09:02.696+0000] {model.py:2115} INFO - Chain [1] done processing
[2024-10-21T07:09:03.149+0000] {logging_mixin.py:188} INFO - Fitting 3 folds for each of 1 candidates, totalling 3 fits
[2024-10-21T07:09:14.249+0000] {logging_mixin.py:188} INFO - [CV] END learning_rate=0.001, max_depth=10, min_child_weight=1, n_estimators=500; total time=  11.1s
[2024-10-21T07:09:27.505+0000] {logging_mixin.py:188} INFO - [CV] END learning_rate=0.001, max_depth=10, min_child_weight=1, n_estimators=500; total time=  13.3s
[2024-10-21T07:09:45.974+0000] {logging_mixin.py:188} INFO - [CV] END learning_rate=0.001, max_depth=10, min_child_weight=1, n_estimators=500; total time=  18.5s
[2024-10-21T07:09:58.714+0000] {logging_mixin.py:188} INFO - Best parameters from GridSearchCV: {'learning_rate': 0.001, 'max_depth': 10, 'min_child_weight': 1, 'n_estimators': 500}
[2024-10-21T07:10:09.071+0000] {logging_mixin.py:188} INFO - Root Mean Squared Error (RMSE) of the hybrid model: 9227.219354505083
[2024-10-21T07:10:09.073+0000] {taskinstance.py:2731} ERROR - Task failed with exception
Traceback (most recent call last):
  File "/home/airflow/.local/lib/python3.8/site-packages/airflow/models/taskinstance.py", line 444, in _execute_task
    result = _execute_callable(context=context, **execute_callable_kwargs)
  File "/home/airflow/.local/lib/python3.8/site-packages/airflow/models/taskinstance.py", line 414, in _execute_callable
    return execute_callable(context=context, **execute_callable_kwargs)
  File "/home/airflow/.local/lib/python3.8/site-packages/airflow/operators/python.py", line 200, in execute
    return_value = self.execute_callable()
  File "/home/airflow/.local/lib/python3.8/site-packages/airflow/operators/python.py", line 217, in execute_callable
    return self.python_callable(*self.op_args, **self.op_kwargs)
  File "/opt/airflow/dags/components/gold/model_training/model_training.py", line 145, in forecast_model_training
    joblib.dump(prophet_model, os.path.join(artifacts_path, "prophet_model.pkl"))
  File "/home/airflow/.local/lib/python3.8/site-packages/joblib/numpy_pickle.py", line 552, in dump
    with open(filename, 'wb') as f:
PermissionError: [Errno 13] Permission denied: 'artifacts/gold/models/prophet_model.pkl'
[2024-10-21T07:10:09.093+0000] {taskinstance.py:1149} INFO - Marking task as UP_FOR_RETRY. dag_id=Gold_training_Pipeline, task_id=model_training, execution_date=20241021T070526, start_date=20241021T070900, end_date=20241021T071009
[2024-10-21T07:10:09.107+0000] {standard_task_runner.py:107} ERROR - Failed to execute job 110 for task model_training ([Errno 13] Permission denied: 'artifacts/gold/models/prophet_model.pkl'; 1701)
[2024-10-21T07:10:09.137+0000] {local_task_job_runner.py:234} INFO - Task exited with return code 1
[2024-10-21T07:10:09.151+0000] {taskinstance.py:3312} INFO - 0 downstream tasks scheduled from follow-on schedule check
