[2024-10-21T07:07:30.933+0000] {taskinstance.py:1979} INFO - Dependencies all met for dep_context=non-requeueable deps ti=<TaskInstance: Gold_training_Pipeline.model_training manual__2024-10-21T07:05:26.471828+00:00 [queued]>
[2024-10-21T07:07:30.941+0000] {taskinstance.py:1979} INFO - Dependencies all met for dep_context=requeueable deps ti=<TaskInstance: Gold_training_Pipeline.model_training manual__2024-10-21T07:05:26.471828+00:00 [queued]>
[2024-10-21T07:07:30.942+0000] {taskinstance.py:2193} INFO - Starting attempt 2 of 4
[2024-10-21T07:07:31.044+0000] {taskinstance.py:2217} INFO - Executing <Task(PythonOperator): model_training> on 2024-10-21 07:05:26.471828+00:00
[2024-10-21T07:07:31.050+0000] {standard_task_runner.py:60} INFO - Started process 1403 to run task
[2024-10-21T07:07:31.052+0000] {standard_task_runner.py:87} INFO - Running: ['***', 'tasks', 'run', 'Gold_training_Pipeline', 'model_training', 'manual__2024-10-21T07:05:26.471828+00:00', '--job-id', '109', '--raw', '--subdir', 'DAGS_FOLDER/gold_training_pipeline.py', '--cfg-path', '/tmp/tmp_zyepfc5']
[2024-10-21T07:07:31.055+0000] {standard_task_runner.py:88} INFO - Job 109: Subtask model_training
[2024-10-21T07:07:31.092+0000] {task_command.py:423} INFO - Running <TaskInstance: Gold_training_Pipeline.model_training manual__2024-10-21T07:05:26.471828+00:00 [running]> on host 988c1a0779ad
[2024-10-21T07:07:31.143+0000] {taskinstance.py:2513} INFO - Exporting env vars: AIRFLOW_CTX_DAG_OWNER='sdeshan' AIRFLOW_CTX_DAG_ID='Gold_training_Pipeline' AIRFLOW_CTX_TASK_ID='model_training' AIRFLOW_CTX_EXECUTION_DATE='2024-10-21T07:05:26.471828+00:00' AIRFLOW_CTX_TRY_NUMBER='2' AIRFLOW_CTX_DAG_RUN_ID='manual__2024-10-21T07:05:26.471828+00:00'
[2024-10-21T07:07:31.224+0000] {filesystem.py:118} DEBUG - input tempfile: /tmp/tmpakeb8r_b/rwn5h8lq.json
[2024-10-21T07:07:31.408+0000] {filesystem.py:118} DEBUG - input tempfile: /tmp/tmpakeb8r_b/omz_u5at.json
[2024-10-21T07:07:31.410+0000] {model.py:2042} DEBUG - idx 0
[2024-10-21T07:07:31.410+0000] {model.py:2043} DEBUG - running CmdStan, num_threads: None
[2024-10-21T07:07:31.411+0000] {model.py:2055} DEBUG - CmdStan args: ['/home/***/.local/lib/python3.8/site-packages/prophet/stan_model/prophet_model.bin', 'random', 'seed=39975', 'data', 'file=/tmp/tmpakeb8r_b/rwn5h8lq.json', 'init=/tmp/tmpakeb8r_b/omz_u5at.json', 'output', 'file=/tmp/tmpakeb8r_b/prophet_models3lm4wj9/prophet_model-20241021070731.csv', 'method=optimize', 'algorithm=lbfgs', 'iter=10000']
[2024-10-21T07:07:31.411+0000] {logging_mixin.py:188} WARNING - 07:07:31 - cmdstanpy - INFO - Chain [1] start processing
[2024-10-21T07:07:31.411+0000] {model.py:2058} INFO - Chain [1] start processing
[2024-10-21T07:07:32.888+0000] {logging_mixin.py:188} WARNING - 07:07:32 - cmdstanpy - INFO - Chain [1] done processing
[2024-10-21T07:07:32.888+0000] {model.py:2115} INFO - Chain [1] done processing
[2024-10-21T07:07:33.459+0000] {logging_mixin.py:188} INFO - Fitting 3 folds for each of 1 candidates, totalling 3 fits
[2024-10-21T07:07:52.694+0000] {logging_mixin.py:188} INFO - [CV] END learning_rate=0.001, max_depth=10, min_child_weight=1, n_estimators=500; total time=  19.2s
[2024-10-21T07:08:08.648+0000] {logging_mixin.py:188} INFO - [CV] END learning_rate=0.001, max_depth=10, min_child_weight=1, n_estimators=500; total time=  16.0s
[2024-10-21T07:08:26.380+0000] {logging_mixin.py:188} INFO - [CV] END learning_rate=0.001, max_depth=10, min_child_weight=1, n_estimators=500; total time=  17.7s
[2024-10-21T07:08:40.916+0000] {logging_mixin.py:188} INFO - Best parameters from GridSearchCV: {'learning_rate': 0.001, 'max_depth': 10, 'min_child_weight': 1, 'n_estimators': 500}
[2024-10-21T07:08:54.520+0000] {logging_mixin.py:188} INFO - Root Mean Squared Error (RMSE) of the hybrid model: 9227.219354505083
[2024-10-21T07:08:54.523+0000] {taskinstance.py:2731} ERROR - Task failed with exception
Traceback (most recent call last):
  File "/home/airflow/.local/lib/python3.8/site-packages/airflow/models/taskinstance.py", line 444, in _execute_task
    result = _execute_callable(context=context, **execute_callable_kwargs)
  File "/home/airflow/.local/lib/python3.8/site-packages/airflow/models/taskinstance.py", line 414, in _execute_callable
    return execute_callable(context=context, **execute_callable_kwargs)
  File "/home/airflow/.local/lib/python3.8/site-packages/airflow/operators/python.py", line 200, in execute
    return_value = self.execute_callable()
  File "/home/airflow/.local/lib/python3.8/site-packages/airflow/operators/python.py", line 217, in execute_callable
    return self.python_callable(*self.op_args, **self.op_kwargs)
  File "/opt/airflow/dags/components/gold/model_training/model_training.py", line 145, in forecast_model_training
    joblib.dump(prophet_model, os.path.join(artifacts_path, "prophet_model.pkl"))
  File "/home/airflow/.local/lib/python3.8/site-packages/joblib/numpy_pickle.py", line 552, in dump
    with open(filename, 'wb') as f:
PermissionError: [Errno 13] Permission denied: 'artifacts/gold/models/prophet_model.pkl'
[2024-10-21T07:08:54.547+0000] {taskinstance.py:1149} INFO - Marking task as UP_FOR_RETRY. dag_id=Gold_training_Pipeline, task_id=model_training, execution_date=20241021T070526, start_date=20241021T070730, end_date=20241021T070854
[2024-10-21T07:08:54.558+0000] {standard_task_runner.py:107} ERROR - Failed to execute job 109 for task model_training ([Errno 13] Permission denied: 'artifacts/gold/models/prophet_model.pkl'; 1403)
[2024-10-21T07:08:54.604+0000] {local_task_job_runner.py:234} INFO - Task exited with return code 1
[2024-10-21T07:08:54.618+0000] {taskinstance.py:3312} INFO - 0 downstream tasks scheduled from follow-on schedule check
