[2024-10-23T07:22:58.929+0000] {taskinstance.py:1979} INFO - Dependencies all met for dep_context=non-requeueable deps ti=<TaskInstance: Vehicle_Model_Training_Pipeline.model_training_nissan manual__2024-10-23T07:20:40.610842+00:00 [queued]>
[2024-10-23T07:22:58.937+0000] {taskinstance.py:1979} INFO - Dependencies all met for dep_context=requeueable deps ti=<TaskInstance: Vehicle_Model_Training_Pipeline.model_training_nissan manual__2024-10-23T07:20:40.610842+00:00 [queued]>
[2024-10-23T07:22:58.938+0000] {taskinstance.py:2193} INFO - Starting attempt 1 of 4
[2024-10-23T07:22:58.949+0000] {taskinstance.py:2217} INFO - Executing <Task(PythonOperator): model_training_nissan> on 2024-10-23 07:20:40.610842+00:00
[2024-10-23T07:22:58.955+0000] {standard_task_runner.py:60} INFO - Started process 6353 to run task
[2024-10-23T07:22:58.957+0000] {standard_task_runner.py:87} INFO - Running: ['***', 'tasks', 'run', 'Vehicle_Model_Training_Pipeline', 'model_training_nissan', 'manual__2024-10-23T07:20:40.610842+00:00', '--job-id', '175', '--raw', '--subdir', 'DAGS_FOLDER/vehicle_model_training_pipeline.py', '--cfg-path', '/tmp/tmpr299nsrv']
[2024-10-23T07:22:58.959+0000] {standard_task_runner.py:88} INFO - Job 175: Subtask model_training_nissan
[2024-10-23T07:22:58.997+0000] {task_command.py:423} INFO - Running <TaskInstance: Vehicle_Model_Training_Pipeline.model_training_nissan manual__2024-10-23T07:20:40.610842+00:00 [running]> on host e8094f9ab2d0
[2024-10-23T07:22:59.062+0000] {taskinstance.py:2513} INFO - Exporting env vars: AIRFLOW_CTX_DAG_OWNER='sdeshan' AIRFLOW_CTX_DAG_ID='Vehicle_Model_Training_Pipeline' AIRFLOW_CTX_TASK_ID='model_training_nissan' AIRFLOW_CTX_EXECUTION_DATE='2024-10-23T07:20:40.610842+00:00' AIRFLOW_CTX_TRY_NUMBER='1' AIRFLOW_CTX_DAG_RUN_ID='manual__2024-10-23T07:20:40.610842+00:00'
[2024-10-23T07:22:59.090+0000] {logging_mixin.py:188} INFO - RandomForestRegressor()
[2024-10-23T07:23:01.249+0000] {logging_mixin.py:188} INFO - DecisionTreeRegressor()
[2024-10-23T07:23:01.293+0000] {logging_mixin.py:188} INFO - GradientBoostingRegressor()
[2024-10-23T07:23:15.926+0000] {logging_mixin.py:188} INFO - LinearRegression()
[2024-10-23T07:23:16.072+0000] {logging_mixin.py:188} INFO - XGBRegressor(base_score=None, booster=None, callbacks=None,
             colsample_bylevel=None, colsample_bynode=None,
             colsample_bytree=None, device=None, early_stopping_rounds=None,
             enable_categorical=False, eval_metric=None, feature_types=None,
             gamma=None, grow_policy=None, importance_type=None,
             interaction_constraints=None, learning_rate=None, max_bin=None,
             max_cat_threshold=None, max_cat_to_onehot=None,
             max_delta_step=None, max_depth=None, max_leaves=None,
             min_child_weight=None, missing=nan, monotone_constraints=None,
             multi_strategy=None, n_estimators=None, n_jobs=None,
             num_parallel_tree=None, random_state=None, ...)
[2024-10-23T07:23:35.857+0000] {logging_mixin.py:188} INFO - <catboost.core.CatBoostRegressor object at 0x7f9106351280>
[2024-10-23T07:23:41.263+0000] {logging_mixin.py:188} INFO - AdaBoostRegressor()
[2024-10-23T07:23:47.654+0000] {logging_mixin.py:188} INFO - model report is {'Random Forest': 0.9892101263089947, 'Decision Tree': 0.9900410500624165, 'Gradient Boosting': 0.9872044654692333, 'Linear Regression': 0.8103255709870443, 'XGBRegressor': 0.9899549227822768, 'CatBoosting Regressor': 0.9831505998801756, 'AdaBoost Regressor': 0.9412722321928766}
[2024-10-23T07:23:47.655+0000] {logging_mixin.py:188} INFO - best model is :DecisionTreeRegressor()
[2024-10-23T07:23:47.656+0000] {logging_mixin.py:188} INFO - criterion ['squared_error', 'friedman_mse', 'absolute_error', 'poisson']
[2024-10-23T07:23:47.656+0000] {logging_mixin.py:188} INFO - Best found model on both training and testing dataset
[2024-10-23T07:23:47.658+0000] {logging_mixin.py:188} INFO - r2_square is 0.9900410500624165
[2024-10-23T07:23:47.661+0000] {python.py:202} INFO - Done. Returned value was: None
[2024-10-23T07:23:47.669+0000] {taskinstance.py:1149} INFO - Marking task as SUCCESS. dag_id=Vehicle_Model_Training_Pipeline, task_id=model_training_nissan, execution_date=20241023T072040, start_date=20241023T072258, end_date=20241023T072347
[2024-10-23T07:23:47.673+0000] {logging_mixin.py:188} WARNING - /home/***/.local/lib/python3.8/site-packages/***/utils/context.py:207 AirflowContextDeprecationWarning: Accessing 'execution_date' from the template is deprecated and will be removed in a future version. Please use 'data_interval_start' or 'logical_date' instead.
[2024-10-23T07:23:47.681+0000] {logging_mixin.py:188} WARNING - /home/***/.local/lib/python3.8/site-packages/***/utils/email.py:154 RemovedInAirflow3Warning: Fetching SMTP credentials from configuration variables will be deprecated in a future release. Please set credentials using a connection instead.
[2024-10-23T07:23:47.682+0000] {email.py:270} INFO - Email alerting: attempt 1
[2024-10-23T07:23:49.801+0000] {email.py:281} INFO - Sent an alert email to ['deshanariyarathna@gmail.com']
[2024-10-23T07:23:51.895+0000] {local_task_job_runner.py:234} INFO - Task exited with return code 0
[2024-10-23T07:23:51.912+0000] {taskinstance.py:3312} INFO - 1 downstream tasks scheduled from follow-on schedule check
