[2024-10-11T04:15:28.111+0000] {taskinstance.py:1979} INFO - Dependencies all met for dep_context=non-requeueable deps ti=<TaskInstance: Gold_training_Pipeline1.model_training scheduled__2024-10-10T00:00:00+00:00 [queued]>
[2024-10-11T04:15:28.119+0000] {taskinstance.py:1979} INFO - Dependencies all met for dep_context=requeueable deps ti=<TaskInstance: Gold_training_Pipeline1.model_training scheduled__2024-10-10T00:00:00+00:00 [queued]>
[2024-10-11T04:15:28.127+0000] {taskinstance.py:2193} INFO - Starting attempt 1 of 4
[2024-10-11T04:15:28.154+0000] {taskinstance.py:2217} INFO - Executing <Task(PythonOperator): model_training> on 2024-10-10 00:00:00+00:00
[2024-10-11T04:15:28.171+0000] {standard_task_runner.py:60} INFO - Started process 540 to run task
[2024-10-11T04:15:28.174+0000] {standard_task_runner.py:87} INFO - Running: ['***', 'tasks', 'run', 'Gold_training_Pipeline1', 'model_training', 'scheduled__2024-10-10T00:00:00+00:00', '--job-id', '465', '--raw', '--subdir', 'DAGS_FOLDER/gold_training_pipeline.py', '--cfg-path', '/tmp/tmpd6wx2639']
[2024-10-11T04:15:28.176+0000] {standard_task_runner.py:88} INFO - Job 465: Subtask model_training
[2024-10-11T04:15:28.259+0000] {task_command.py:423} INFO - Running <TaskInstance: Gold_training_Pipeline1.model_training scheduled__2024-10-10T00:00:00+00:00 [running]> on host cff4bbb04ed1
[2024-10-11T04:15:28.327+0000] {taskinstance.py:2513} INFO - Exporting env vars: AIRFLOW_CTX_DAG_OWNER='sdeshan' AIRFLOW_CTX_DAG_ID='Gold_training_Pipeline1' AIRFLOW_CTX_TASK_ID='model_training' AIRFLOW_CTX_EXECUTION_DATE='2024-10-10T00:00:00+00:00' AIRFLOW_CTX_TRY_NUMBER='1' AIRFLOW_CTX_DAG_RUN_ID='scheduled__2024-10-10T00:00:00+00:00'
[2024-10-11T04:15:28.380+0000] {filesystem.py:118} DEBUG - input tempfile: /tmp/tmpo2zc2h17/sgu9irq2.json
[2024-10-11T04:15:28.551+0000] {filesystem.py:118} DEBUG - input tempfile: /tmp/tmpo2zc2h17/gombo44t.json
[2024-10-11T04:15:28.553+0000] {model.py:2042} DEBUG - idx 0
[2024-10-11T04:15:28.556+0000] {model.py:2043} DEBUG - running CmdStan, num_threads: None
[2024-10-11T04:15:28.557+0000] {model.py:2055} DEBUG - CmdStan args: ['/home/***/.local/lib/python3.8/site-packages/prophet/stan_model/prophet_model.bin', 'random', 'seed=18737', 'data', 'file=/tmp/tmpo2zc2h17/sgu9irq2.json', 'init=/tmp/tmpo2zc2h17/gombo44t.json', 'output', 'file=/tmp/tmpo2zc2h17/prophet_model8c0i3cwo/prophet_model-20241011041528.csv', 'method=optimize', 'algorithm=lbfgs', 'iter=10000']
[2024-10-11T04:15:28.562+0000] {logging_mixin.py:188} WARNING - 04:15:28 - cmdstanpy - INFO - Chain [1] start processing
[2024-10-11T04:15:28.562+0000] {model.py:2058} INFO - Chain [1] start processing
[2024-10-11T04:15:30.487+0000] {logging_mixin.py:188} WARNING - 04:15:30 - cmdstanpy - INFO - Chain [1] done processing
[2024-10-11T04:15:30.487+0000] {model.py:2115} INFO - Chain [1] done processing
[2024-10-11T04:15:31.044+0000] {logging_mixin.py:188} INFO - Fitting 3 folds for each of 1 candidates, totalling 3 fits
[2024-10-11T04:29:35.997+0000] {local_task_job_runner.py:121} ERROR - Received SIGTERM. Terminating subprocesses
[2024-10-11T04:29:36.032+0000] {process_utils.py:131} INFO - Sending 15 to group 540. PIDs of all processes in the group: [540]
[2024-10-11T04:29:36.036+0000] {process_utils.py:86} INFO - Sending the signal 15 to group 540
