[2024-10-11T06:25:23.530+0000] {taskinstance.py:1979} INFO - Dependencies all met for dep_context=non-requeueable deps ti=<TaskInstance: Gold_training_Pipeline1.model_training scheduled__2024-10-10T00:00:00+00:00 [queued]>
[2024-10-11T06:25:23.536+0000] {taskinstance.py:1979} INFO - Dependencies all met for dep_context=requeueable deps ti=<TaskInstance: Gold_training_Pipeline1.model_training scheduled__2024-10-10T00:00:00+00:00 [queued]>
[2024-10-11T06:25:23.537+0000] {taskinstance.py:2193} INFO - Starting attempt 2 of 4
[2024-10-11T06:25:23.550+0000] {taskinstance.py:2217} INFO - Executing <Task(PythonOperator): model_training> on 2024-10-10 00:00:00+00:00
[2024-10-11T06:25:23.558+0000] {standard_task_runner.py:60} INFO - Started process 472 to run task
[2024-10-11T06:25:23.561+0000] {standard_task_runner.py:87} INFO - Running: ['***', 'tasks', 'run', 'Gold_training_Pipeline1', 'model_training', 'scheduled__2024-10-10T00:00:00+00:00', '--job-id', '472', '--raw', '--subdir', 'DAGS_FOLDER/gold_training_pipeline.py', '--cfg-path', '/tmp/tmpg7s371t_']
[2024-10-11T06:25:23.562+0000] {standard_task_runner.py:88} INFO - Job 472: Subtask model_training
[2024-10-11T06:25:23.609+0000] {task_command.py:423} INFO - Running <TaskInstance: Gold_training_Pipeline1.model_training scheduled__2024-10-10T00:00:00+00:00 [running]> on host 9ceaf0ac2f5c
[2024-10-11T06:25:23.682+0000] {taskinstance.py:2513} INFO - Exporting env vars: AIRFLOW_CTX_DAG_OWNER='sdeshan' AIRFLOW_CTX_DAG_ID='Gold_training_Pipeline1' AIRFLOW_CTX_TASK_ID='model_training' AIRFLOW_CTX_EXECUTION_DATE='2024-10-10T00:00:00+00:00' AIRFLOW_CTX_TRY_NUMBER='2' AIRFLOW_CTX_DAG_RUN_ID='scheduled__2024-10-10T00:00:00+00:00'
[2024-10-11T06:25:23.854+0000] {filesystem.py:118} DEBUG - input tempfile: /tmp/tmptuhm3hst/t53uv6th.json
[2024-10-11T06:25:24.053+0000] {filesystem.py:118} DEBUG - input tempfile: /tmp/tmptuhm3hst/tze2hoxi.json
[2024-10-11T06:25:24.054+0000] {model.py:2042} DEBUG - idx 0
[2024-10-11T06:25:24.055+0000] {model.py:2043} DEBUG - running CmdStan, num_threads: None
[2024-10-11T06:25:24.056+0000] {model.py:2055} DEBUG - CmdStan args: ['/home/***/.local/lib/python3.8/site-packages/prophet/stan_model/prophet_model.bin', 'random', 'seed=27781', 'data', 'file=/tmp/tmptuhm3hst/t53uv6th.json', 'init=/tmp/tmptuhm3hst/tze2hoxi.json', 'output', 'file=/tmp/tmptuhm3hst/prophet_modelujy37u01/prophet_model-20241011062524.csv', 'method=optimize', 'algorithm=lbfgs', 'iter=10000']
[2024-10-11T06:25:24.056+0000] {logging_mixin.py:188} WARNING - 06:25:24 - cmdstanpy - INFO - Chain [1] start processing
[2024-10-11T06:25:24.056+0000] {model.py:2058} INFO - Chain [1] start processing
[2024-10-11T06:25:26.023+0000] {logging_mixin.py:188} WARNING - 06:25:26 - cmdstanpy - INFO - Chain [1] done processing
[2024-10-11T06:25:26.022+0000] {model.py:2115} INFO - Chain [1] done processing
[2024-10-11T06:25:27.004+0000] {logging_mixin.py:188} INFO - Fitting 3 folds for each of 1 candidates, totalling 3 fits
[2024-10-11T07:25:55.329+0000] {local_task_job_runner.py:121} ERROR - Received SIGTERM. Terminating subprocesses
[2024-10-11T07:25:55.467+0000] {process_utils.py:131} INFO - Sending 15 to group 472. PIDs of all processes in the group: [472]
[2024-10-11T07:25:55.478+0000] {process_utils.py:86} INFO - Sending the signal 15 to group 472
[2024-10-11T07:25:57.025+0000] {local_task_job_runner.py:121} ERROR - Received SIGTERM. Terminating subprocesses
