[2024-08-28T08:28:40.857+0000] {taskinstance.py:1979} INFO - Dependencies all met for dep_context=non-requeueable deps ti=<TaskInstance: Vehicle_Model_Training_Pipeline.model_training_toyota manual__2024-08-28T08:26:56.312931+00:00 [queued]>
[2024-08-28T08:28:40.863+0000] {taskinstance.py:1979} INFO - Dependencies all met for dep_context=requeueable deps ti=<TaskInstance: Vehicle_Model_Training_Pipeline.model_training_toyota manual__2024-08-28T08:26:56.312931+00:00 [queued]>
[2024-08-28T08:28:40.864+0000] {taskinstance.py:2193} INFO - Starting attempt 1 of 4
[2024-08-28T08:28:40.874+0000] {taskinstance.py:2217} INFO - Executing <Task(PythonOperator): model_training_toyota> on 2024-08-28 08:26:56.312931+00:00
[2024-08-28T08:28:40.881+0000] {standard_task_runner.py:60} INFO - Started process 2770 to run task
[2024-08-28T08:28:40.883+0000] {standard_task_runner.py:87} INFO - Running: ['***', 'tasks', 'run', 'Vehicle_Model_Training_Pipeline', 'model_training_toyota', 'manual__2024-08-28T08:26:56.312931+00:00', '--job-id', '311', '--raw', '--subdir', 'DAGS_FOLDER/vehicle_model_training_pipeline.py', '--cfg-path', '/tmp/tmp4r7tnik8']
[2024-08-28T08:28:40.886+0000] {standard_task_runner.py:88} INFO - Job 311: Subtask model_training_toyota
[2024-08-28T08:28:40.923+0000] {task_command.py:423} INFO - Running <TaskInstance: Vehicle_Model_Training_Pipeline.model_training_toyota manual__2024-08-28T08:26:56.312931+00:00 [running]> on host 476fed7f2934
[2024-08-28T08:28:40.988+0000] {taskinstance.py:2513} INFO - Exporting env vars: AIRFLOW_CTX_DAG_OWNER='sdeshan' AIRFLOW_CTX_DAG_ID='Vehicle_Model_Training_Pipeline' AIRFLOW_CTX_TASK_ID='model_training_toyota' AIRFLOW_CTX_EXECUTION_DATE='2024-08-28T08:26:56.312931+00:00' AIRFLOW_CTX_TRY_NUMBER='1' AIRFLOW_CTX_DAG_RUN_ID='manual__2024-08-28T08:26:56.312931+00:00'
[2024-08-28T08:28:41.179+0000] {logging_mixin.py:188} INFO - RandomForestRegressor()
[2024-08-28T08:29:06.786+0000] {logging_mixin.py:188} INFO - DecisionTreeRegressor()
[2024-08-28T08:29:38.431+0000] {logging_mixin.py:188} INFO - GradientBoostingRegressor()
[2024-08-28T08:34:12.606+0000] {logging_mixin.py:188} INFO - LinearRegression()
[2024-08-28T08:34:12.770+0000] {logging_mixin.py:188} INFO - XGBRegressor(base_score=None, booster=None, callbacks=None,
             colsample_bylevel=None, colsample_bynode=None,
             colsample_bytree=None, device=None, early_stopping_rounds=None,
             enable_categorical=False, eval_metric=None, feature_types=None,
             gamma=None, grow_policy=None, importance_type=None,
             interaction_constraints=None, learning_rate=None, max_bin=None,
             max_cat_threshold=None, max_cat_to_onehot=None,
             max_delta_step=None, max_depth=None, max_leaves=None,
             min_child_weight=None, missing=nan, monotone_constraints=None,
             multi_strategy=None, n_estimators=None, n_jobs=None,
             num_parallel_tree=None, random_state=None, ...)
[2024-08-28T08:34:33.466+0000] {logging_mixin.py:188} INFO - <catboost.core.CatBoostRegressor object at 0x7fadb75fc4f0>
[2024-08-28T08:35:11.422+0000] {logging_mixin.py:188} INFO - AdaBoostRegressor()
[2024-08-28T08:36:28.401+0000] {logging_mixin.py:188} INFO - model report is {'Random Forest': 0.9969193720648372, 'Decision Tree': 0.9969194505386189, 'Gradient Boosting': 0.9925888499942943, 'Linear Regression': 0.8053626398800169, 'XGBRegressor': 0.9966181272057417, 'CatBoosting Regressor': 0.9950085044438434, 'AdaBoost Regressor': 0.9101196180491178}
[2024-08-28T08:36:28.403+0000] {logging_mixin.py:188} INFO - best model is :DecisionTreeRegressor()
[2024-08-28T08:36:28.403+0000] {logging_mixin.py:188} INFO - criterion ['squared_error', 'friedman_mse', 'absolute_error', 'poisson']
[2024-08-28T08:36:28.404+0000] {logging_mixin.py:188} INFO - Best found model on both training and testing dataset
[2024-08-28T08:36:28.409+0000] {logging_mixin.py:188} INFO - r2_square is 0.9969194505386189
[2024-08-28T08:36:28.426+0000] {python.py:202} INFO - Done. Returned value was: None
[2024-08-28T08:36:28.436+0000] {taskinstance.py:1149} INFO - Marking task as SUCCESS. dag_id=Vehicle_Model_Training_Pipeline, task_id=model_training_toyota, execution_date=20240828T082656, start_date=20240828T082840, end_date=20240828T083628
[2024-08-28T08:36:28.441+0000] {logging_mixin.py:188} WARNING - /home/***/.local/lib/python3.8/site-packages/***/utils/context.py:207 AirflowContextDeprecationWarning: Accessing 'execution_date' from the template is deprecated and will be removed in a future version. Please use 'data_interval_start' or 'logical_date' instead.
[2024-08-28T08:36:28.448+0000] {logging_mixin.py:188} WARNING - /home/***/.local/lib/python3.8/site-packages/***/utils/email.py:154 RemovedInAirflow3Warning: Fetching SMTP credentials from configuration variables will be deprecated in a future release. Please set credentials using a connection instead.
[2024-08-28T08:36:28.450+0000] {email.py:270} INFO - Email alerting: attempt 1
[2024-08-28T08:36:31.157+0000] {email.py:281} INFO - Sent an alert email to ['deshanariyarathna@gmail.com']
[2024-08-28T08:36:33.395+0000] {local_task_job_runner.py:234} INFO - Task exited with return code 0
[2024-08-28T08:36:33.415+0000] {taskinstance.py:3312} INFO - 1 downstream tasks scheduled from follow-on schedule check
