[2024-09-24T13:39:03.524+0000] {taskinstance.py:1979} INFO - Dependencies all met for dep_context=non-requeueable deps ti=<TaskInstance: Vehicle_Data_scrape_Pipeline.data_proprocessing manual__2024-09-24T11:42:58.871496+00:00 [queued]>
[2024-09-24T13:39:03.533+0000] {taskinstance.py:1979} INFO - Dependencies all met for dep_context=requeueable deps ti=<TaskInstance: Vehicle_Data_scrape_Pipeline.data_proprocessing manual__2024-09-24T11:42:58.871496+00:00 [queued]>
[2024-09-24T13:39:03.534+0000] {taskinstance.py:2193} INFO - Starting attempt 1 of 4
[2024-09-24T13:39:03.547+0000] {taskinstance.py:2217} INFO - Executing <Task(PythonOperator): data_proprocessing> on 2024-09-24 11:42:58.871496+00:00
[2024-09-24T13:39:03.555+0000] {standard_task_runner.py:60} INFO - Started process 16049 to run task
[2024-09-24T13:39:03.563+0000] {standard_task_runner.py:87} INFO - Running: ['***', 'tasks', 'run', 'Vehicle_Data_scrape_Pipeline', 'data_proprocessing', 'manual__2024-09-24T11:42:58.871496+00:00', '--job-id', '197', '--raw', '--subdir', 'DAGS_FOLDER/vehicle_data_scraping_pipeline.py', '--cfg-path', '/tmp/tmpqis99f9v']
[2024-09-24T13:39:03.572+0000] {standard_task_runner.py:88} INFO - Job 197: Subtask data_proprocessing
[2024-09-24T13:39:03.809+0000] {task_command.py:423} INFO - Running <TaskInstance: Vehicle_Data_scrape_Pipeline.data_proprocessing manual__2024-09-24T11:42:58.871496+00:00 [running]> on host 47e7b5a794a1
[2024-09-24T13:39:03.879+0000] {taskinstance.py:2513} INFO - Exporting env vars: AIRFLOW_CTX_DAG_OWNER='sdeshan' AIRFLOW_CTX_DAG_ID='Vehicle_Data_scrape_Pipeline' AIRFLOW_CTX_TASK_ID='data_proprocessing' AIRFLOW_CTX_EXECUTION_DATE='2024-09-24T11:42:58.871496+00:00' AIRFLOW_CTX_TRY_NUMBER='1' AIRFLOW_CTX_DAG_RUN_ID='manual__2024-09-24T11:42:58.871496+00:00'
[2024-09-24T13:39:03.929+0000] {logging_mixin.py:188} INFO -     brand posted_date  ... engine_capacity vehicle_price
0  Toyota      24 Sep  ...            1000       7895000
1  Toyota      24 Sep  ...            2700      44800000
2  Toyota      24 Sep  ...            1500      18900000
3  Toyota      24 Sep  ...            1000       5350000
4  Toyota      24 Sep  ...            1500      25700000

[5 rows x 8 columns]
[2024-09-24T13:39:03.938+0000] {logging_mixin.py:188} INFO -     brand posted_date  ... engine_capacity vehicle_price
0  TOYOTA      24 SEP  ...            1000       7895000
1  TOYOTA      24 SEP  ...            2700      44800000
2  TOYOTA      24 SEP  ...            1500      18900000
3  TOYOTA      24 SEP  ...            1000       5350000
4  TOYOTA      24 SEP  ...            1500      25700000

[5 rows x 8 columns]
[2024-09-24T13:39:04.116+0000] {python.py:202} INFO - Done. Returned value was: None
[2024-09-24T13:39:04.122+0000] {taskinstance.py:1149} INFO - Marking task as SUCCESS. dag_id=Vehicle_Data_scrape_Pipeline, task_id=data_proprocessing, execution_date=20240924T114258, start_date=20240924T133903, end_date=20240924T133904
[2024-09-24T13:39:04.126+0000] {logging_mixin.py:188} WARNING - /home/***/.local/lib/python3.8/site-packages/***/utils/context.py:207 AirflowContextDeprecationWarning: Accessing 'execution_date' from the template is deprecated and will be removed in a future version. Please use 'data_interval_start' or 'logical_date' instead.
[2024-09-24T13:39:04.132+0000] {logging_mixin.py:188} WARNING - /home/***/.local/lib/python3.8/site-packages/***/utils/email.py:154 RemovedInAirflow3Warning: Fetching SMTP credentials from configuration variables will be deprecated in a future release. Please set credentials using a connection instead.
[2024-09-24T13:39:04.133+0000] {email.py:270} INFO - Email alerting: attempt 1
[2024-09-24T13:39:06.028+0000] {email.py:281} INFO - Sent an alert email to ['deshanariyarathna@gmail.com']
[2024-09-24T13:39:07.882+0000] {local_task_job_runner.py:234} INFO - Task exited with return code 0
[2024-09-24T13:39:08.018+0000] {taskinstance.py:3312} INFO - 1 downstream tasks scheduled from follow-on schedule check
