[2024-09-13T07:45:56.949+0000] {taskinstance.py:1979} INFO - Dependencies all met for dep_context=non-requeueable deps ti=<TaskInstance: Gold_News_pipeline.scrape_gold_news_content_from_urls manual__2024-09-13T07:45:46.432430+00:00 [queued]>
[2024-09-13T07:45:56.955+0000] {taskinstance.py:1979} INFO - Dependencies all met for dep_context=requeueable deps ti=<TaskInstance: Gold_News_pipeline.scrape_gold_news_content_from_urls manual__2024-09-13T07:45:46.432430+00:00 [queued]>
[2024-09-13T07:45:56.956+0000] {taskinstance.py:2193} INFO - Starting attempt 1 of 4
[2024-09-13T07:45:56.965+0000] {taskinstance.py:2217} INFO - Executing <Task(PythonOperator): scrape_gold_news_content_from_urls> on 2024-09-13 07:45:46.432430+00:00
[2024-09-13T07:45:56.969+0000] {standard_task_runner.py:60} INFO - Started process 1016 to run task
[2024-09-13T07:45:56.971+0000] {standard_task_runner.py:87} INFO - Running: ['***', 'tasks', 'run', 'Gold_News_pipeline', 'scrape_gold_news_content_from_urls', 'manual__2024-09-13T07:45:46.432430+00:00', '--job-id', '76', '--raw', '--subdir', 'DAGS_FOLDER/gold_news_pipeline.py', '--cfg-path', '/tmp/tmpjaw73f68']
[2024-09-13T07:45:56.973+0000] {standard_task_runner.py:88} INFO - Job 76: Subtask scrape_gold_news_content_from_urls
[2024-09-13T07:45:57.101+0000] {task_command.py:423} INFO - Running <TaskInstance: Gold_News_pipeline.scrape_gold_news_content_from_urls manual__2024-09-13T07:45:46.432430+00:00 [running]> on host cc504f3f257f
[2024-09-13T07:45:57.145+0000] {taskinstance.py:2513} INFO - Exporting env vars: AIRFLOW_CTX_DAG_OWNER='sdeshan' AIRFLOW_CTX_DAG_ID='Gold_News_pipeline' AIRFLOW_CTX_TASK_ID='scrape_gold_news_content_from_urls' AIRFLOW_CTX_EXECUTION_DATE='2024-09-13T07:45:46.432430+00:00' AIRFLOW_CTX_TRY_NUMBER='1' AIRFLOW_CTX_DAG_RUN_ID='manual__2024-09-13T07:45:46.432430+00:00'
[2024-09-13T07:45:57.153+0000] {logging_mixin.py:188} INFO - ##########################################
[2024-09-13T07:45:57.153+0000] {logging_mixin.py:188} INFO - link --- https://www.kitco.com/news/article/2024-09-12/gold-real-de-dollarization-play-nassim-taleb
[2024-09-13T07:45:58.341+0000] {logging_mixin.py:188} INFO - title --- Gold is the real de-dollarization play – Nassim Taleb
[2024-09-13T07:45:58.342+0000] {logging_mixin.py:188} INFO - date --- Sep 12, 2024 - 8:30 PM
[2024-09-13T07:45:58.343+0000] {logging_mixin.py:188} INFO - post_image --- https://images.kitco.com/img/height_756,width_1340/icms/9869840a-5a0c-4a88-8072-cb99557a1693.jpeg
[2024-09-13T07:45:58.344+0000] {logging_mixin.py:188} INFO - sample_text --- 
[2024-09-13T07:45:58.345+0000] {logging_mixin.py:188} INFO - ##########################################
[2024-09-13T07:45:58.345+0000] {logging_mixin.py:188} INFO - link --- https://www.kitco.com/news/article/2024-09-12/bullish-sentiment-returns-stocks-and-cryptos-climb-higher-gold-hits-new-ath
[2024-09-13T07:45:59.503+0000] {logging_mixin.py:188} INFO - title --- Bullish sentiment returns as stocks and cryptos climb higher, gold hits new ATH
[2024-09-13T07:45:59.504+0000] {logging_mixin.py:188} INFO - date --- Sep 12, 2024 - 8:41 PM
[2024-09-13T07:45:59.505+0000] {logging_mixin.py:188} INFO - post_image --- https://images.kitco.com/img/height_756,width_1340/icms/d1792dde-21b1-4610-99e3-ad2d5b7738a2.jpeg
[2024-09-13T07:45:59.506+0000] {logging_mixin.py:188} INFO - sample_text --- 
[2024-09-13T07:45:59.506+0000] {logging_mixin.py:188} INFO - ##########################################
[2024-09-13T07:45:59.507+0000] {logging_mixin.py:188} INFO - link --- https://www.kitco.com/news/article/2024-09-12/precious-metals-brace-breakouts-gold-silver-and-platinum-move-fx-empires
[2024-09-13T07:46:00.924+0000] {logging_mixin.py:188} INFO - title --- Precious metals brace for breakouts with gold, silver and platinum on the move – FX Empire’s Zernov
[2024-09-13T07:46:00.925+0000] {logging_mixin.py:188} INFO - date --- Sep 12, 2024 - 7:20 PM
[2024-09-13T07:46:00.926+0000] {logging_mixin.py:188} INFO - post_image --- https://images.kitco.com/img/height_756,width_1340/icms/310d017f-ec83-411a-aa26-cdfd9f9be4fc.jpeg
[2024-09-13T07:46:00.928+0000] {logging_mixin.py:188} INFO - sample_text --- 
[2024-09-13T07:46:00.928+0000] {logging_mixin.py:188} INFO - ##########################################
[2024-09-13T07:46:00.929+0000] {logging_mixin.py:188} INFO - link --- https://www.kitco.com/news/article/2024-09-12/uk-set-classify-crypto-and-nfts-property-under-newly-proposed-legislation
[2024-09-13T07:46:02.160+0000] {logging_mixin.py:188} INFO - title --- UK set to classify crypto and NFTs as property under newly proposed legislation
[2024-09-13T07:46:02.162+0000] {logging_mixin.py:188} INFO - date --- Sep 12, 2024 - 7:30 PM
[2024-09-13T07:46:02.163+0000] {logging_mixin.py:188} INFO - post_image --- https://images.kitco.com/img/height_756,width_1340/icms/1404a688-fe44-4e7f-bb7e-a82ea9f94bc0.jpeg
[2024-09-13T07:46:02.164+0000] {logging_mixin.py:188} INFO - sample_text --- 
[2024-09-13T07:46:02.165+0000] {logging_mixin.py:188} INFO - ##########################################
[2024-09-13T07:46:02.167+0000] {logging_mixin.py:188} INFO - link --- https://www.kitco.com/news/article/2024-09-12/gold-prices-push-record-highs-bullish-fundamentals-charts
[2024-09-13T07:46:03.307+0000] {logging_mixin.py:188} INFO - title --- Gold prices push to record highs on bullish fundamentals, charts 
[2024-09-13T07:46:03.310+0000] {logging_mixin.py:188} INFO - date --- Sep 12, 2024 - 5:07 PM
[2024-09-13T07:46:03.312+0000] {logging_mixin.py:188} INFO - post_image --- https://images.kitco.com/img/height_756,width_1340/icms/39aab2f5-40a4-42ed-a35d-a79c298cb888.webp
[2024-09-13T07:46:03.314+0000] {logging_mixin.py:188} INFO - sample_text --- 
[2024-09-13T07:46:03.315+0000] {logging_mixin.py:188} INFO - ##########################################
[2024-09-13T07:46:03.318+0000] {logging_mixin.py:188} INFO - link --- https://www.kitco.com/news/article/2024-09-12/gold-price-pushing-new-all-time-high-against-euro-ecb-cuts-interest-rates
[2024-09-13T07:46:04.555+0000] {logging_mixin.py:188} INFO - title --- Gold price pushing to new all-time high against euro as ECB cuts interest rates
[2024-09-13T07:46:04.556+0000] {logging_mixin.py:188} INFO - date --- Sep 12, 2024 - 12:15 PM
[2024-09-13T07:46:04.557+0000] {logging_mixin.py:188} INFO - post_image --- https://images.kitco.com/img/height_756,width_1340/icms/320b73f3-48b4-4462-b3b0-ac1d7b481bf1.jpeg
[2024-09-13T07:46:04.559+0000] {logging_mixin.py:188} INFO - sample_text --- 
[2024-09-13T07:46:04.560+0000] {logging_mixin.py:188} INFO - ##########################################
[2024-09-13T07:46:04.561+0000] {logging_mixin.py:188} INFO - link --- https://www.kitco.com/news/article/2024-09-12/analyst-who-correctly-guessed-gold-2500-looks-ahead-midas-touchs-florian
[2024-09-13T07:46:05.970+0000] {logging_mixin.py:188} INFO - title --- Analyst who correctly guessed gold at $2,500 looks ahead - Midas Touch’s Florian Grummes
[2024-09-13T07:46:05.971+0000] {logging_mixin.py:188} INFO - date --- Sep 12, 2024 - 5:22 PM
[2024-09-13T07:46:05.971+0000] {logging_mixin.py:188} INFO - post_image --- https://images.kitco.com/img/height_756,width_1340/icms/43dd88a2-2f73-474f-89e7-7805e0783bd4.webp
[2024-09-13T07:46:05.973+0000] {logging_mixin.py:188} INFO - sample_text --- 
[2024-09-13T07:46:05.973+0000] {logging_mixin.py:188} INFO - ##########################################
[2024-09-13T07:46:05.974+0000] {logging_mixin.py:188} INFO - link --- https://www.kitco.com/news/article/2024-09-12/swift-developing-infrastructure-connect-fiat-tokenized-assets-and-cbdcs
[2024-09-13T07:46:07.132+0000] {logging_mixin.py:188} INFO - title --- SWIFT developing infrastructure to connect fiat, tokenized assets, and CBDCs
[2024-09-13T07:46:07.133+0000] {logging_mixin.py:188} INFO - date --- Sep 12, 2024 - 5:00 PM
[2024-09-13T07:46:07.134+0000] {logging_mixin.py:188} INFO - post_image --- https://images.kitco.com/img/height_756,width_1340/icms/831645bb-f0f4-49b8-89f5-1a0be33e3ba8.png
[2024-09-13T07:46:07.135+0000] {logging_mixin.py:188} INFO - sample_text --- 
[2024-09-13T07:46:07.136+0000] {logging_mixin.py:188} INFO - ##########################################
[2024-09-13T07:46:07.136+0000] {logging_mixin.py:188} INFO - link --- https://www.kitco.com/news/article/2024-09-12/bitcoin-price-spikes-above-58k-analysts-predict-90k-you-know-it
[2024-09-13T07:46:08.308+0000] {logging_mixin.py:188} INFO - title --- Bitcoin price spikes above $58k, analysts predict $90k ‘before you know it’
[2024-09-13T07:46:08.309+0000] {logging_mixin.py:188} INFO - date --- Sep 12, 2024 - 3:05 PM
[2024-09-13T07:46:08.310+0000] {logging_mixin.py:188} INFO - post_image --- https://images.kitco.com/img/height_756,width_1340/icms/fd5dc2e1-0db8-4069-86ce-f03d53754209.jpeg
[2024-09-13T07:46:08.312+0000] {logging_mixin.py:188} INFO - sample_text --- 
[2024-09-13T07:46:08.312+0000] {logging_mixin.py:188} INFO - ##########################################
[2024-09-13T07:46:08.312+0000] {logging_mixin.py:188} INFO - link --- https://www.kitco.com/news/article/2024-09-12/spot-gold-rallies-above-2525-ounce-us-ppi-mixed-august
[2024-09-13T07:46:09.469+0000] {logging_mixin.py:188} INFO - title --- Spot gold rallies above $2,525 per ounce as U.S. PPI is mixed in August
[2024-09-13T07:46:09.470+0000] {logging_mixin.py:188} INFO - date --- Sep 12, 2024 - 12:40 PM
[2024-09-13T07:46:09.471+0000] {logging_mixin.py:188} INFO - post_image --- https://images.kitco.com/img/height_756,width_1340/icms/ce5b7a8f-e1b9-49d0-b5d7-f8fcd367b73b.jpeg
[2024-09-13T07:46:09.472+0000] {logging_mixin.py:188} INFO - sample_text --- 
[2024-09-13T07:46:09.472+0000] {logging_mixin.py:188} INFO - ##########################################
[2024-09-13T07:46:09.473+0000] {logging_mixin.py:188} INFO - link --- https://www.kitco.com/news/article/2024-09-11/bitcoin-and-gold-struggle-stocks-dump-and-pump-after-cpi-data-sparks-fed
[2024-09-13T07:46:10.677+0000] {logging_mixin.py:188} INFO - title --- Bitcoin and gold struggle, stocks dump and pump after CPI data sparks Fed rate cut uncertainty
[2024-09-13T07:46:10.678+0000] {logging_mixin.py:188} INFO - date --- Sep 11, 2024 - 8:35 PM
[2024-09-13T07:46:10.679+0000] {logging_mixin.py:188} INFO - post_image --- https://images.kitco.com/img/height_756,width_1340/icms/1fac517e-cfe0-49e5-afe5-40f170160366.png
[2024-09-13T07:46:10.680+0000] {logging_mixin.py:188} INFO - sample_text --- 
[2024-09-13T07:46:10.680+0000] {logging_mixin.py:188} INFO - ##########################################
[2024-09-13T07:46:10.681+0000] {logging_mixin.py:188} INFO - link --- https://www.kitco.com/news/article/2024-09-11/silvers-struggle-will-chinas-economic-slowdown-keep-prices-stuck-phil
[2024-09-13T07:46:11.862+0000] {logging_mixin.py:188} INFO - title --- Silver's struggle: Will China’s economic slowdown keep prices stuck? - Phil Streible
[2024-09-13T07:46:11.863+0000] {logging_mixin.py:188} INFO - date --- Sep 11, 2024 - 7:41 PM
[2024-09-13T07:46:11.863+0000] {logging_mixin.py:188} INFO - post_image --- https://images.kitco.com/img/height_756,width_1340/icms/439d1cdf-9e4f-4fd9-a8d4-960bc85933cd.webp
[2024-09-13T07:46:11.865+0000] {logging_mixin.py:188} INFO - sample_text --- 
[2024-09-13T07:46:11.865+0000] {logging_mixin.py:188} INFO - ##########################################
[2024-09-13T07:46:11.865+0000] {logging_mixin.py:188} INFO - link --- https://www.kitco.com/news/article/2024-09-11/bitcoin-loses-correlation-gold-investors-seek-traditional-safe-havens
[2024-09-13T07:46:13.033+0000] {logging_mixin.py:188} INFO - title --- Bitcoin loses correlation with gold as investors seek traditional safe havens
[2024-09-13T07:46:13.034+0000] {logging_mixin.py:188} INFO - date --- Sep 11, 2024 - 6:21 PM
[2024-09-13T07:46:13.035+0000] {logging_mixin.py:188} INFO - post_image --- https://images.kitco.com/img/height_756,width_1340/icms/610b5284-e83f-4fd8-a6fb-d07ce8b7de1a.png
[2024-09-13T07:46:13.036+0000] {logging_mixin.py:188} INFO - sample_text --- 
[2024-09-13T07:46:13.037+0000] {logging_mixin.py:188} INFO - ##########################################
[2024-09-13T07:46:13.037+0000] {logging_mixin.py:188} INFO - link --- https://www.kitco.com/news/article/2024-09-11/size-does-matter-industry-frank-giustra
[2024-09-13T07:46:14.223+0000] {logging_mixin.py:188} INFO - title --- 'Size does matter in this industry' - Frank Giustra
[2024-09-13T07:46:14.224+0000] {logging_mixin.py:188} INFO - date --- Sep 11, 2024 - 8:50 PM
[2024-09-13T07:46:14.225+0000] {logging_mixin.py:188} INFO - post_image --- https://images.kitco.com/img/height_756,width_1340/icms/280b1280-b0f0-4f5f-8b2d-43d2059f00b8.webp
[2024-09-13T07:46:14.226+0000] {logging_mixin.py:188} INFO - sample_text --- 
[2024-09-13T07:46:14.227+0000] {logging_mixin.py:188} INFO - ##########################################
[2024-09-13T07:46:14.227+0000] {logging_mixin.py:188} INFO - link --- https://www.kitco.com/news/article/2024-09-11/gold-rally-2750-2025-after-falling-2200-capital-economics
[2024-09-13T07:46:15.422+0000] {logging_mixin.py:188} INFO - title --- Gold to rally to $2,750 by 2025 after falling to $2,200 - Capital Economics
[2024-09-13T07:46:15.423+0000] {logging_mixin.py:188} INFO - date --- Sep 11, 2024 - 4:14 PM
[2024-09-13T07:46:15.424+0000] {logging_mixin.py:188} INFO - post_image --- https://images.kitco.com/img/height_756,width_1340/icms/2f7a5320-7ea9-4f60-94f6-34ee8757d5a5.webp
[2024-09-13T07:46:15.425+0000] {logging_mixin.py:188} INFO - sample_text --- 
[2024-09-13T07:46:15.425+0000] {logging_mixin.py:188} INFO - lenfth of date ---15
[2024-09-13T07:46:15.426+0000] {logging_mixin.py:188} INFO - length of links ---15
[2024-09-13T07:46:15.426+0000] {logging_mixin.py:188} INFO - length of posted_title ---15
[2024-09-13T07:46:15.427+0000] {logging_mixin.py:188} INFO - length of images ---15
[2024-09-13T07:46:15.427+0000] {logging_mixin.py:188} INFO - length of text --15
[2024-09-13T07:46:15.450+0000] {python.py:202} INFO - Done. Returned value was: None
[2024-09-13T07:46:15.456+0000] {taskinstance.py:1149} INFO - Marking task as SUCCESS. dag_id=Gold_News_pipeline, task_id=scrape_gold_news_content_from_urls, execution_date=20240913T074546, start_date=20240913T074556, end_date=20240913T074615
[2024-09-13T07:46:15.460+0000] {logging_mixin.py:188} WARNING - /home/***/.local/lib/python3.8/site-packages/***/utils/context.py:207 AirflowContextDeprecationWarning: Accessing 'execution_date' from the template is deprecated and will be removed in a future version. Please use 'data_interval_start' or 'logical_date' instead.
[2024-09-13T07:46:15.465+0000] {logging_mixin.py:188} WARNING - /home/***/.local/lib/python3.8/site-packages/***/utils/email.py:154 RemovedInAirflow3Warning: Fetching SMTP credentials from configuration variables will be deprecated in a future release. Please set credentials using a connection instead.
[2024-09-13T07:46:15.465+0000] {email.py:270} INFO - Email alerting: attempt 1
[2024-09-13T07:46:17.545+0000] {email.py:281} INFO - Sent an alert email to ['deshanariyarathna@gmail.com']
[2024-09-13T07:46:19.406+0000] {local_task_job_runner.py:234} INFO - Task exited with return code 0
[2024-09-13T07:46:19.419+0000] {taskinstance.py:3312} INFO - 0 downstream tasks scheduled from follow-on schedule check
