[2024-08-21T04:49:54.635+0000] {taskinstance.py:1979} INFO - Dependencies all met for dep_context=non-requeueable deps ti=<TaskInstance: Vehicle_Model_Training_Pipeline_1.model_training_honda manual__2024-08-21T04:49:28.224374+00:00 [queued]>
[2024-08-21T04:49:54.644+0000] {taskinstance.py:1979} INFO - Dependencies all met for dep_context=requeueable deps ti=<TaskInstance: Vehicle_Model_Training_Pipeline_1.model_training_honda manual__2024-08-21T04:49:28.224374+00:00 [queued]>
[2024-08-21T04:49:54.646+0000] {taskinstance.py:2193} INFO - Starting attempt 3 of 4
[2024-08-21T04:49:54.658+0000] {taskinstance.py:2217} INFO - Executing <Task(PythonOperator): model_training_honda> on 2024-08-21 04:49:28.224374+00:00
[2024-08-21T04:49:54.664+0000] {standard_task_runner.py:60} INFO - Started process 2343 to run task
[2024-08-21T04:49:54.666+0000] {standard_task_runner.py:87} INFO - Running: ['***', 'tasks', 'run', 'Vehicle_Model_Training_Pipeline_1', 'model_training_honda', 'manual__2024-08-21T04:49:28.224374+00:00', '--job-id', '35', '--raw', '--subdir', 'DAGS_FOLDER/vehicle_model_training_pipeline.py', '--cfg-path', '/tmp/tmpmrfgbf_p']
[2024-08-21T04:49:54.668+0000] {standard_task_runner.py:88} INFO - Job 35: Subtask model_training_honda
[2024-08-21T04:49:54.721+0000] {task_command.py:423} INFO - Running <TaskInstance: Vehicle_Model_Training_Pipeline_1.model_training_honda manual__2024-08-21T04:49:28.224374+00:00 [running]> on host adf293b19e24
[2024-08-21T04:49:54.786+0000] {taskinstance.py:2513} INFO - Exporting env vars: AIRFLOW_CTX_DAG_OWNER='sdeshan' AIRFLOW_CTX_DAG_ID='Vehicle_Model_Training_Pipeline_1' AIRFLOW_CTX_TASK_ID='model_training_honda' AIRFLOW_CTX_EXECUTION_DATE='2024-08-21T04:49:28.224374+00:00' AIRFLOW_CTX_TRY_NUMBER='3' AIRFLOW_CTX_DAG_RUN_ID='manual__2024-08-21T04:49:28.224374+00:00'
[2024-08-21T04:49:54.796+0000] {taskinstance.py:2731} ERROR - Task failed with exception
Traceback (most recent call last):
  File "/home/airflow/.local/lib/python3.8/site-packages/airflow/models/taskinstance.py", line 444, in _execute_task
    result = _execute_callable(context=context, **execute_callable_kwargs)
  File "/home/airflow/.local/lib/python3.8/site-packages/airflow/models/taskinstance.py", line 414, in _execute_callable
    return execute_callable(context=context, **execute_callable_kwargs)
  File "/home/airflow/.local/lib/python3.8/site-packages/airflow/operators/python.py", line 200, in execute
    return_value = self.execute_callable()
  File "/home/airflow/.local/lib/python3.8/site-packages/airflow/operators/python.py", line 217, in execute_callable
    return self.python_callable(*self.op_args, **self.op_kwargs)
  File "/opt/airflow/dags/components/vehicle/model_training_components/model_training.py", line 39, in train_model
    train_df = train_df.groupby('brand').get_group(train_model_name)
  File "/home/airflow/.local/lib/python3.8/site-packages/pandas/core/groupby/groupby.py", line 800, in get_group
    raise KeyError(name)
KeyError: 'Honda'
[2024-08-21T04:49:54.819+0000] {taskinstance.py:1149} INFO - Marking task as UP_FOR_RETRY. dag_id=Vehicle_Model_Training_Pipeline_1, task_id=model_training_honda, execution_date=20240821T044928, start_date=20240821T044954, end_date=20240821T044954
[2024-08-21T04:49:54.828+0000] {standard_task_runner.py:107} ERROR - Failed to execute job 35 for task model_training_honda ('Honda'; 2343)
[2024-08-21T04:49:54.841+0000] {local_task_job_runner.py:234} INFO - Task exited with return code 1
[2024-08-21T04:49:54.855+0000] {taskinstance.py:3312} INFO - 0 downstream tasks scheduled from follow-on schedule check
