[2024-10-11T08:16:16.399+0000] {taskinstance.py:1979} INFO - Dependencies all met for dep_context=non-requeueable deps ti=<TaskInstance: Gold_training_Pipeline.preprocess_the_extracted_data manual__2024-10-11T08:16:09.450914+00:00 [queued]>
[2024-10-11T08:16:16.405+0000] {taskinstance.py:1979} INFO - Dependencies all met for dep_context=requeueable deps ti=<TaskInstance: Gold_training_Pipeline.preprocess_the_extracted_data manual__2024-10-11T08:16:09.450914+00:00 [queued]>
[2024-10-11T08:16:16.406+0000] {taskinstance.py:2193} INFO - Starting attempt 1 of 4
[2024-10-11T08:16:16.489+0000] {taskinstance.py:2217} INFO - Executing <Task(PythonOperator): preprocess_the_extracted_data> on 2024-10-11 08:16:09.450914+00:00
[2024-10-11T08:16:16.495+0000] {standard_task_runner.py:60} INFO - Started process 1511 to run task
[2024-10-11T08:16:16.496+0000] {standard_task_runner.py:87} INFO - Running: ['***', 'tasks', 'run', 'Gold_training_Pipeline', 'preprocess_the_extracted_data', 'manual__2024-10-11T08:16:09.450914+00:00', '--job-id', '20', '--raw', '--subdir', 'DAGS_FOLDER/gold_training_pipeline.py', '--cfg-path', '/tmp/tmpui0j47ag']
[2024-10-11T08:16:16.498+0000] {standard_task_runner.py:88} INFO - Job 20: Subtask preprocess_the_extracted_data
[2024-10-11T08:16:16.528+0000] {task_command.py:423} INFO - Running <TaskInstance: Gold_training_Pipeline.preprocess_the_extracted_data manual__2024-10-11T08:16:09.450914+00:00 [running]> on host be922010cee5
[2024-10-11T08:16:16.574+0000] {taskinstance.py:2513} INFO - Exporting env vars: AIRFLOW_CTX_DAG_OWNER='sdeshan' AIRFLOW_CTX_DAG_ID='Gold_training_Pipeline' AIRFLOW_CTX_TASK_ID='preprocess_the_extracted_data' AIRFLOW_CTX_EXECUTION_DATE='2024-10-11T08:16:09.450914+00:00' AIRFLOW_CTX_TRY_NUMBER='1' AIRFLOW_CTX_DAG_RUN_ID='manual__2024-10-11T08:16:09.450914+00:00'
[2024-10-11T08:16:16.826+0000] {taskinstance.py:2731} ERROR - Task failed with exception
Traceback (most recent call last):
  File "/home/airflow/.local/lib/python3.8/site-packages/airflow/models/taskinstance.py", line 444, in _execute_task
    result = _execute_callable(context=context, **execute_callable_kwargs)
  File "/home/airflow/.local/lib/python3.8/site-packages/airflow/models/taskinstance.py", line 414, in _execute_callable
    return execute_callable(context=context, **execute_callable_kwargs)
  File "/home/airflow/.local/lib/python3.8/site-packages/airflow/operators/python.py", line 200, in execute
    return_value = self.execute_callable()
  File "/home/airflow/.local/lib/python3.8/site-packages/airflow/operators/python.py", line 217, in execute_callable
    return self.python_callable(*self.op_args, **self.op_kwargs)
  File "/opt/airflow/dags/components/gold/model_training/data_preprocessing.py", line 30, in preprocess_data
    upload_table_gold(data_table)
  File "/opt/airflow/dags/components/utils/database_table_creation.py", line 29, in upload_table_gold
    cur.execute(f"""
psycopg2.errors.InsufficientPrivilege: could not open file "/var/lib/postgresql/gold/preprocesed_gold_data_tables.csv" for writing: Permission denied
HINT:  COPY TO instructs the PostgreSQL server process to write a file. You may want a client-side facility such as psql's \copy.

[2024-10-11T08:16:16.840+0000] {taskinstance.py:1149} INFO - Marking task as UP_FOR_RETRY. dag_id=Gold_training_Pipeline, task_id=preprocess_the_extracted_data, execution_date=20241011T081609, start_date=20241011T081616, end_date=20241011T081616
[2024-10-11T08:16:16.851+0000] {standard_task_runner.py:107} ERROR - Failed to execute job 20 for task preprocess_the_extracted_data (could not open file "/var/lib/postgresql/gold/preprocesed_gold_data_tables.csv" for writing: Permission denied
HINT:  COPY TO instructs the PostgreSQL server process to write a file. You may want a client-side facility such as psql's \copy.
; 1511)
[2024-10-11T08:16:16.870+0000] {local_task_job_runner.py:234} INFO - Task exited with return code 1
[2024-10-11T08:16:16.884+0000] {taskinstance.py:3312} INFO - 0 downstream tasks scheduled from follow-on schedule check
