[2024-10-10T05:05:51.139+0000] {taskinstance.py:1979} INFO - Dependencies all met for dep_context=non-requeueable deps ti=<TaskInstance: Gold_training_Pipeline.model_training manual__2024-10-10T05:05:04.271368+00:00 [queued]>
[2024-10-10T05:05:51.145+0000] {taskinstance.py:1979} INFO - Dependencies all met for dep_context=requeueable deps ti=<TaskInstance: Gold_training_Pipeline.model_training manual__2024-10-10T05:05:04.271368+00:00 [queued]>
[2024-10-10T05:05:51.146+0000] {taskinstance.py:2193} INFO - Starting attempt 1 of 4
[2024-10-10T05:05:51.272+0000] {taskinstance.py:2217} INFO - Executing <Task(PythonOperator): model_training> on 2024-10-10 05:05:04.271368+00:00
[2024-10-10T05:05:51.396+0000] {standard_task_runner.py:60} INFO - Started process 1033 to run task
[2024-10-10T05:05:51.399+0000] {standard_task_runner.py:87} INFO - Running: ['***', 'tasks', 'run', 'Gold_training_Pipeline', 'model_training', 'manual__2024-10-10T05:05:04.271368+00:00', '--job-id', '384', '--raw', '--subdir', 'DAGS_FOLDER/gold_training_pipeline.py', '--cfg-path', '/tmp/tmpz9moecwq']
[2024-10-10T05:05:51.400+0000] {standard_task_runner.py:88} INFO - Job 384: Subtask model_training
[2024-10-10T05:05:51.491+0000] {task_command.py:423} INFO - Running <TaskInstance: Gold_training_Pipeline.model_training manual__2024-10-10T05:05:04.271368+00:00 [running]> on host 2ded013e804c
[2024-10-10T05:05:51.545+0000] {taskinstance.py:2513} INFO - Exporting env vars: AIRFLOW_CTX_DAG_OWNER='sdeshan' AIRFLOW_CTX_DAG_ID='Gold_training_Pipeline' AIRFLOW_CTX_TASK_ID='model_training' AIRFLOW_CTX_EXECUTION_DATE='2024-10-10T05:05:04.271368+00:00' AIRFLOW_CTX_TRY_NUMBER='1' AIRFLOW_CTX_DAG_RUN_ID='manual__2024-10-10T05:05:04.271368+00:00'
[2024-10-10T05:05:51.596+0000] {filesystem.py:118} DEBUG - input tempfile: /tmp/tmpe8v5hhcc/53jcgm_n.json
[2024-10-10T05:05:51.788+0000] {filesystem.py:118} DEBUG - input tempfile: /tmp/tmpe8v5hhcc/tqg_mtk0.json
[2024-10-10T05:05:51.800+0000] {model.py:2042} DEBUG - idx 0
[2024-10-10T05:05:51.800+0000] {model.py:2043} DEBUG - running CmdStan, num_threads: None
[2024-10-10T05:05:51.801+0000] {model.py:2055} DEBUG - CmdStan args: ['/home/***/.local/lib/python3.8/site-packages/prophet/stan_model/prophet_model.bin', 'random', 'seed=75246', 'data', 'file=/tmp/tmpe8v5hhcc/53jcgm_n.json', 'init=/tmp/tmpe8v5hhcc/tqg_mtk0.json', 'output', 'file=/tmp/tmpe8v5hhcc/prophet_modelik_rao1y/prophet_model-20241010050551.csv', 'method=optimize', 'algorithm=lbfgs', 'iter=10000']
[2024-10-10T05:05:51.801+0000] {logging_mixin.py:188} WARNING - 05:05:51 - cmdstanpy - INFO - Chain [1] start processing
[2024-10-10T05:05:51.801+0000] {model.py:2058} INFO - Chain [1] start processing
[2024-10-10T05:05:53.853+0000] {logging_mixin.py:188} WARNING - 05:05:53 - cmdstanpy - INFO - Chain [1] done processing
[2024-10-10T05:05:53.853+0000] {model.py:2115} INFO - Chain [1] done processing
[2024-10-10T05:05:54.644+0000] {logging_mixin.py:188} INFO - Fitting 3 folds for each of 1 candidates, totalling 3 fits
[2024-10-10T06:07:43.419+0000] {local_task_job_runner.py:121} ERROR - Received SIGTERM. Terminating subprocesses
[2024-10-10T06:07:43.435+0000] {process_utils.py:131} INFO - Sending 15 to group 1033. PIDs of all processes in the group: [1033]
[2024-10-10T06:07:43.438+0000] {process_utils.py:86} INFO - Sending the signal 15 to group 1033
[2024-10-10T06:07:45.656+0000] {local_task_job_runner.py:121} ERROR - Received SIGTERM. Terminating subprocesses
