[2024-10-14T04:15:09.354+0000] {processor.py:161} INFO - Started process (PID=230) to work on /opt/airflow/dags/gold_news_pipeline.py
[2024-10-14T04:15:09.355+0000] {processor.py:830} INFO - Processing file /opt/airflow/dags/gold_news_pipeline.py for tasks to queue
[2024-10-14T04:15:09.356+0000] {logging_mixin.py:188} INFO - [2024-10-14T04:15:09.356+0000] {dagbag.py:540} INFO - Filling up the DagBag from /opt/airflow/dags/gold_news_pipeline.py
[2024-10-14T04:15:09.921+0000] {processor.py:840} INFO - DAG(s) 'Gold_News_pipeline' retrieved from /opt/airflow/dags/gold_news_pipeline.py
[2024-10-14T04:15:10.384+0000] {logging_mixin.py:188} INFO - [2024-10-14T04:15:10.383+0000] {dag.py:3047} INFO - Sync 1 DAGs
[2024-10-14T04:15:10.403+0000] {logging_mixin.py:188} INFO - [2024-10-14T04:15:10.403+0000] {dag.py:3834} INFO - Setting next_dagrun for Gold_News_pipeline to 2024-10-14 00:00:00+00:00, run_after=2024-10-15 00:00:00+00:00
[2024-10-14T04:15:10.435+0000] {processor.py:183} INFO - Processing /opt/airflow/dags/gold_news_pipeline.py took 1.083 seconds
[2024-10-14T04:15:40.646+0000] {processor.py:161} INFO - Started process (PID=511) to work on /opt/airflow/dags/gold_news_pipeline.py
[2024-10-14T04:15:40.659+0000] {processor.py:830} INFO - Processing file /opt/airflow/dags/gold_news_pipeline.py for tasks to queue
[2024-10-14T04:15:40.661+0000] {logging_mixin.py:188} INFO - [2024-10-14T04:15:40.661+0000] {dagbag.py:540} INFO - Filling up the DagBag from /opt/airflow/dags/gold_news_pipeline.py
[2024-10-14T04:15:41.909+0000] {processor.py:840} INFO - DAG(s) 'Gold_News_pipeline' retrieved from /opt/airflow/dags/gold_news_pipeline.py
[2024-10-14T04:15:42.003+0000] {logging_mixin.py:188} INFO - [2024-10-14T04:15:42.002+0000] {dag.py:3047} INFO - Sync 1 DAGs
[2024-10-14T04:15:42.060+0000] {logging_mixin.py:188} INFO - [2024-10-14T04:15:42.060+0000] {dag.py:3834} INFO - Setting next_dagrun for Gold_News_pipeline to 2024-10-14 00:00:00+00:00, run_after=2024-10-15 00:00:00+00:00
[2024-10-14T04:15:42.092+0000] {processor.py:183} INFO - Processing /opt/airflow/dags/gold_news_pipeline.py took 1.449 seconds
[2024-10-14T04:16:12.705+0000] {processor.py:161} INFO - Started process (PID=594) to work on /opt/airflow/dags/gold_news_pipeline.py
[2024-10-14T04:16:12.709+0000] {processor.py:830} INFO - Processing file /opt/airflow/dags/gold_news_pipeline.py for tasks to queue
[2024-10-14T04:16:12.713+0000] {logging_mixin.py:188} INFO - [2024-10-14T04:16:12.713+0000] {dagbag.py:540} INFO - Filling up the DagBag from /opt/airflow/dags/gold_news_pipeline.py
[2024-10-14T04:16:13.887+0000] {processor.py:840} INFO - DAG(s) 'Gold_News_pipeline' retrieved from /opt/airflow/dags/gold_news_pipeline.py
[2024-10-14T04:16:14.182+0000] {logging_mixin.py:188} INFO - [2024-10-14T04:16:14.181+0000] {dag.py:3047} INFO - Sync 1 DAGs
[2024-10-14T04:16:14.414+0000] {logging_mixin.py:188} INFO - [2024-10-14T04:16:14.414+0000] {dag.py:3834} INFO - Setting next_dagrun for Gold_News_pipeline to 2024-10-14 00:00:00+00:00, run_after=2024-10-15 00:00:00+00:00
[2024-10-14T04:16:14.446+0000] {processor.py:183} INFO - Processing /opt/airflow/dags/gold_news_pipeline.py took 1.744 seconds
[2024-10-14T04:16:45.011+0000] {processor.py:161} INFO - Started process (PID=676) to work on /opt/airflow/dags/gold_news_pipeline.py
[2024-10-14T04:16:45.014+0000] {processor.py:830} INFO - Processing file /opt/airflow/dags/gold_news_pipeline.py for tasks to queue
[2024-10-14T04:16:45.022+0000] {logging_mixin.py:188} INFO - [2024-10-14T04:16:45.022+0000] {dagbag.py:540} INFO - Filling up the DagBag from /opt/airflow/dags/gold_news_pipeline.py
[2024-10-14T04:16:46.482+0000] {processor.py:840} INFO - DAG(s) 'Gold_News_pipeline' retrieved from /opt/airflow/dags/gold_news_pipeline.py
[2024-10-14T04:16:46.576+0000] {logging_mixin.py:188} INFO - [2024-10-14T04:16:46.576+0000] {dag.py:3047} INFO - Sync 1 DAGs
[2024-10-14T04:16:46.620+0000] {logging_mixin.py:188} INFO - [2024-10-14T04:16:46.620+0000] {dag.py:3834} INFO - Setting next_dagrun for Gold_News_pipeline to 2024-10-14 00:00:00+00:00, run_after=2024-10-15 00:00:00+00:00
[2024-10-14T04:16:46.667+0000] {processor.py:183} INFO - Processing /opt/airflow/dags/gold_news_pipeline.py took 1.658 seconds
[2024-10-14T04:17:17.444+0000] {processor.py:161} INFO - Started process (PID=753) to work on /opt/airflow/dags/gold_news_pipeline.py
[2024-10-14T04:17:17.445+0000] {processor.py:830} INFO - Processing file /opt/airflow/dags/gold_news_pipeline.py for tasks to queue
[2024-10-14T04:17:17.446+0000] {logging_mixin.py:188} INFO - [2024-10-14T04:17:17.446+0000] {dagbag.py:540} INFO - Filling up the DagBag from /opt/airflow/dags/gold_news_pipeline.py
[2024-10-14T04:17:18.693+0000] {processor.py:840} INFO - DAG(s) 'Gold_News_pipeline' retrieved from /opt/airflow/dags/gold_news_pipeline.py
[2024-10-14T04:17:18.891+0000] {logging_mixin.py:188} INFO - [2024-10-14T04:17:18.890+0000] {dag.py:3047} INFO - Sync 1 DAGs
[2024-10-14T04:17:18.921+0000] {logging_mixin.py:188} INFO - [2024-10-14T04:17:18.921+0000] {dag.py:3834} INFO - Setting next_dagrun for Gold_News_pipeline to 2024-10-14 00:00:00+00:00, run_after=2024-10-15 00:00:00+00:00
[2024-10-14T04:17:19.046+0000] {processor.py:183} INFO - Processing /opt/airflow/dags/gold_news_pipeline.py took 1.604 seconds
[2024-10-14T04:17:49.837+0000] {processor.py:161} INFO - Started process (PID=813) to work on /opt/airflow/dags/gold_news_pipeline.py
[2024-10-14T04:17:49.842+0000] {processor.py:830} INFO - Processing file /opt/airflow/dags/gold_news_pipeline.py for tasks to queue
[2024-10-14T04:17:49.843+0000] {logging_mixin.py:188} INFO - [2024-10-14T04:17:49.843+0000] {dagbag.py:540} INFO - Filling up the DagBag from /opt/airflow/dags/gold_news_pipeline.py
[2024-10-14T04:17:51.739+0000] {processor.py:840} INFO - DAG(s) 'Gold_News_pipeline' retrieved from /opt/airflow/dags/gold_news_pipeline.py
[2024-10-14T04:17:51.931+0000] {logging_mixin.py:188} INFO - [2024-10-14T04:17:51.931+0000] {dag.py:3047} INFO - Sync 1 DAGs
[2024-10-14T04:17:51.992+0000] {logging_mixin.py:188} INFO - [2024-10-14T04:17:51.991+0000] {dag.py:3834} INFO - Setting next_dagrun for Gold_News_pipeline to 2024-10-14 00:00:00+00:00, run_after=2024-10-15 00:00:00+00:00
[2024-10-14T04:17:52.137+0000] {processor.py:183} INFO - Processing /opt/airflow/dags/gold_news_pipeline.py took 2.332 seconds
[2024-10-14T04:18:22.662+0000] {processor.py:161} INFO - Started process (PID=891) to work on /opt/airflow/dags/gold_news_pipeline.py
[2024-10-14T04:18:22.668+0000] {processor.py:830} INFO - Processing file /opt/airflow/dags/gold_news_pipeline.py for tasks to queue
[2024-10-14T04:18:22.671+0000] {logging_mixin.py:188} INFO - [2024-10-14T04:18:22.671+0000] {dagbag.py:540} INFO - Filling up the DagBag from /opt/airflow/dags/gold_news_pipeline.py
[2024-10-14T04:18:24.156+0000] {processor.py:840} INFO - DAG(s) 'Gold_News_pipeline' retrieved from /opt/airflow/dags/gold_news_pipeline.py
[2024-10-14T04:18:24.253+0000] {logging_mixin.py:188} INFO - [2024-10-14T04:18:24.253+0000] {dag.py:3047} INFO - Sync 1 DAGs
[2024-10-14T04:18:24.536+0000] {logging_mixin.py:188} INFO - [2024-10-14T04:18:24.536+0000] {dag.py:3834} INFO - Setting next_dagrun for Gold_News_pipeline to 2024-10-14 00:00:00+00:00, run_after=2024-10-15 00:00:00+00:00
[2024-10-14T04:18:24.572+0000] {processor.py:183} INFO - Processing /opt/airflow/dags/gold_news_pipeline.py took 1.916 seconds
[2024-10-14T04:18:54.755+0000] {processor.py:161} INFO - Started process (PID=966) to work on /opt/airflow/dags/gold_news_pipeline.py
[2024-10-14T04:18:54.762+0000] {processor.py:830} INFO - Processing file /opt/airflow/dags/gold_news_pipeline.py for tasks to queue
[2024-10-14T04:18:54.771+0000] {logging_mixin.py:188} INFO - [2024-10-14T04:18:54.771+0000] {dagbag.py:540} INFO - Filling up the DagBag from /opt/airflow/dags/gold_news_pipeline.py
[2024-10-14T04:18:56.146+0000] {processor.py:840} INFO - DAG(s) 'Gold_News_pipeline' retrieved from /opt/airflow/dags/gold_news_pipeline.py
[2024-10-14T04:18:56.263+0000] {logging_mixin.py:188} INFO - [2024-10-14T04:18:56.263+0000] {dag.py:3047} INFO - Sync 1 DAGs
[2024-10-14T04:18:56.295+0000] {logging_mixin.py:188} INFO - [2024-10-14T04:18:56.295+0000] {dag.py:3834} INFO - Setting next_dagrun for Gold_News_pipeline to 2024-10-14 00:00:00+00:00, run_after=2024-10-15 00:00:00+00:00
[2024-10-14T04:18:56.358+0000] {processor.py:183} INFO - Processing /opt/airflow/dags/gold_news_pipeline.py took 1.607 seconds
[2024-10-14T04:19:27.041+0000] {processor.py:161} INFO - Started process (PID=1044) to work on /opt/airflow/dags/gold_news_pipeline.py
[2024-10-14T04:19:27.042+0000] {processor.py:830} INFO - Processing file /opt/airflow/dags/gold_news_pipeline.py for tasks to queue
[2024-10-14T04:19:27.043+0000] {logging_mixin.py:188} INFO - [2024-10-14T04:19:27.043+0000] {dagbag.py:540} INFO - Filling up the DagBag from /opt/airflow/dags/gold_news_pipeline.py
[2024-10-14T04:19:28.649+0000] {processor.py:840} INFO - DAG(s) 'Gold_News_pipeline' retrieved from /opt/airflow/dags/gold_news_pipeline.py
[2024-10-14T04:19:28.755+0000] {logging_mixin.py:188} INFO - [2024-10-14T04:19:28.755+0000] {dag.py:3047} INFO - Sync 1 DAGs
[2024-10-14T04:19:28.853+0000] {logging_mixin.py:188} INFO - [2024-10-14T04:19:28.828+0000] {dag.py:3834} INFO - Setting next_dagrun for Gold_News_pipeline to 2024-10-14 00:00:00+00:00, run_after=2024-10-15 00:00:00+00:00
[2024-10-14T04:19:28.903+0000] {processor.py:183} INFO - Processing /opt/airflow/dags/gold_news_pipeline.py took 1.865 seconds
[2024-10-14T04:19:59.740+0000] {processor.py:161} INFO - Started process (PID=1126) to work on /opt/airflow/dags/gold_news_pipeline.py
[2024-10-14T04:19:59.741+0000] {processor.py:830} INFO - Processing file /opt/airflow/dags/gold_news_pipeline.py for tasks to queue
[2024-10-14T04:19:59.744+0000] {logging_mixin.py:188} INFO - [2024-10-14T04:19:59.743+0000] {dagbag.py:540} INFO - Filling up the DagBag from /opt/airflow/dags/gold_news_pipeline.py
[2024-10-14T04:20:01.714+0000] {processor.py:840} INFO - DAG(s) 'Gold_News_pipeline' retrieved from /opt/airflow/dags/gold_news_pipeline.py
[2024-10-14T04:20:01.824+0000] {logging_mixin.py:188} INFO - [2024-10-14T04:20:01.823+0000] {dag.py:3047} INFO - Sync 1 DAGs
[2024-10-14T04:20:01.902+0000] {logging_mixin.py:188} INFO - [2024-10-14T04:20:01.902+0000] {dag.py:3834} INFO - Setting next_dagrun for Gold_News_pipeline to 2024-10-14 00:00:00+00:00, run_after=2024-10-15 00:00:00+00:00
[2024-10-14T04:20:01.942+0000] {processor.py:183} INFO - Processing /opt/airflow/dags/gold_news_pipeline.py took 2.205 seconds
[2024-10-14T04:20:32.131+0000] {processor.py:161} INFO - Started process (PID=1251) to work on /opt/airflow/dags/gold_news_pipeline.py
[2024-10-14T04:20:32.132+0000] {processor.py:830} INFO - Processing file /opt/airflow/dags/gold_news_pipeline.py for tasks to queue
[2024-10-14T04:20:32.133+0000] {logging_mixin.py:188} INFO - [2024-10-14T04:20:32.133+0000] {dagbag.py:540} INFO - Filling up the DagBag from /opt/airflow/dags/gold_news_pipeline.py
[2024-10-14T04:20:33.462+0000] {processor.py:840} INFO - DAG(s) 'Gold_News_pipeline' retrieved from /opt/airflow/dags/gold_news_pipeline.py
[2024-10-14T04:20:33.530+0000] {logging_mixin.py:188} INFO - [2024-10-14T04:20:33.529+0000] {dag.py:3047} INFO - Sync 1 DAGs
[2024-10-14T04:20:33.566+0000] {logging_mixin.py:188} INFO - [2024-10-14T04:20:33.565+0000] {dag.py:3834} INFO - Setting next_dagrun for Gold_News_pipeline to 2024-10-14 00:00:00+00:00, run_after=2024-10-15 00:00:00+00:00
[2024-10-14T04:20:33.681+0000] {processor.py:183} INFO - Processing /opt/airflow/dags/gold_news_pipeline.py took 1.552 seconds
[2024-10-14T04:21:04.128+0000] {processor.py:161} INFO - Started process (PID=1391) to work on /opt/airflow/dags/gold_news_pipeline.py
[2024-10-14T04:21:04.136+0000] {processor.py:830} INFO - Processing file /opt/airflow/dags/gold_news_pipeline.py for tasks to queue
[2024-10-14T04:21:04.146+0000] {logging_mixin.py:188} INFO - [2024-10-14T04:21:04.145+0000] {dagbag.py:540} INFO - Filling up the DagBag from /opt/airflow/dags/gold_news_pipeline.py
[2024-10-14T04:21:05.020+0000] {processor.py:840} INFO - DAG(s) 'Gold_News_pipeline' retrieved from /opt/airflow/dags/gold_news_pipeline.py
[2024-10-14T04:21:05.106+0000] {logging_mixin.py:188} INFO - [2024-10-14T04:21:05.105+0000] {dag.py:3047} INFO - Sync 1 DAGs
[2024-10-14T04:21:05.410+0000] {logging_mixin.py:188} INFO - [2024-10-14T04:21:05.410+0000] {dag.py:3834} INFO - Setting next_dagrun for Gold_News_pipeline to 2024-10-14 00:00:00+00:00, run_after=2024-10-15 00:00:00+00:00
[2024-10-14T04:21:05.450+0000] {processor.py:183} INFO - Processing /opt/airflow/dags/gold_news_pipeline.py took 1.325 seconds
[2024-10-14T04:21:35.910+0000] {processor.py:161} INFO - Started process (PID=1470) to work on /opt/airflow/dags/gold_news_pipeline.py
[2024-10-14T04:21:35.914+0000] {processor.py:830} INFO - Processing file /opt/airflow/dags/gold_news_pipeline.py for tasks to queue
[2024-10-14T04:21:35.923+0000] {logging_mixin.py:188} INFO - [2024-10-14T04:21:35.923+0000] {dagbag.py:540} INFO - Filling up the DagBag from /opt/airflow/dags/gold_news_pipeline.py
[2024-10-14T04:21:37.231+0000] {processor.py:840} INFO - DAG(s) 'Gold_News_pipeline' retrieved from /opt/airflow/dags/gold_news_pipeline.py
[2024-10-14T04:21:37.291+0000] {logging_mixin.py:188} INFO - [2024-10-14T04:21:37.291+0000] {dag.py:3047} INFO - Sync 1 DAGs
[2024-10-14T04:21:37.369+0000] {logging_mixin.py:188} INFO - [2024-10-14T04:21:37.369+0000] {dag.py:3834} INFO - Setting next_dagrun for Gold_News_pipeline to 2024-10-14 00:00:00+00:00, run_after=2024-10-15 00:00:00+00:00
[2024-10-14T04:21:37.439+0000] {processor.py:183} INFO - Processing /opt/airflow/dags/gold_news_pipeline.py took 1.531 seconds
[2024-10-14T04:22:07.808+0000] {processor.py:161} INFO - Started process (PID=1553) to work on /opt/airflow/dags/gold_news_pipeline.py
[2024-10-14T04:22:07.818+0000] {processor.py:830} INFO - Processing file /opt/airflow/dags/gold_news_pipeline.py for tasks to queue
[2024-10-14T04:22:07.819+0000] {logging_mixin.py:188} INFO - [2024-10-14T04:22:07.819+0000] {dagbag.py:540} INFO - Filling up the DagBag from /opt/airflow/dags/gold_news_pipeline.py
[2024-10-14T04:22:08.921+0000] {processor.py:840} INFO - DAG(s) 'Gold_News_pipeline' retrieved from /opt/airflow/dags/gold_news_pipeline.py
[2024-10-14T04:22:09.000+0000] {logging_mixin.py:188} INFO - [2024-10-14T04:22:08.999+0000] {dag.py:3047} INFO - Sync 1 DAGs
[2024-10-14T04:22:09.047+0000] {logging_mixin.py:188} INFO - [2024-10-14T04:22:09.047+0000] {dag.py:3834} INFO - Setting next_dagrun for Gold_News_pipeline to 2024-10-14 00:00:00+00:00, run_after=2024-10-15 00:00:00+00:00
[2024-10-14T04:22:09.115+0000] {processor.py:183} INFO - Processing /opt/airflow/dags/gold_news_pipeline.py took 1.310 seconds
[2024-10-14T04:22:39.388+0000] {processor.py:161} INFO - Started process (PID=1634) to work on /opt/airflow/dags/gold_news_pipeline.py
[2024-10-14T04:22:39.390+0000] {processor.py:830} INFO - Processing file /opt/airflow/dags/gold_news_pipeline.py for tasks to queue
[2024-10-14T04:22:39.391+0000] {logging_mixin.py:188} INFO - [2024-10-14T04:22:39.390+0000] {dagbag.py:540} INFO - Filling up the DagBag from /opt/airflow/dags/gold_news_pipeline.py
[2024-10-14T04:22:40.422+0000] {processor.py:840} INFO - DAG(s) 'Gold_News_pipeline' retrieved from /opt/airflow/dags/gold_news_pipeline.py
[2024-10-14T04:22:40.512+0000] {logging_mixin.py:188} INFO - [2024-10-14T04:22:40.512+0000] {dag.py:3047} INFO - Sync 1 DAGs
[2024-10-14T04:22:40.547+0000] {logging_mixin.py:188} INFO - [2024-10-14T04:22:40.546+0000] {dag.py:3834} INFO - Setting next_dagrun for Gold_News_pipeline to 2024-10-14 00:00:00+00:00, run_after=2024-10-15 00:00:00+00:00
[2024-10-14T04:22:40.652+0000] {processor.py:183} INFO - Processing /opt/airflow/dags/gold_news_pipeline.py took 1.269 seconds
[2024-10-14T04:23:11.049+0000] {processor.py:161} INFO - Started process (PID=1711) to work on /opt/airflow/dags/gold_news_pipeline.py
[2024-10-14T04:23:11.052+0000] {processor.py:830} INFO - Processing file /opt/airflow/dags/gold_news_pipeline.py for tasks to queue
[2024-10-14T04:23:11.054+0000] {logging_mixin.py:188} INFO - [2024-10-14T04:23:11.053+0000] {dagbag.py:540} INFO - Filling up the DagBag from /opt/airflow/dags/gold_news_pipeline.py
[2024-10-14T04:23:12.258+0000] {processor.py:840} INFO - DAG(s) 'Gold_News_pipeline' retrieved from /opt/airflow/dags/gold_news_pipeline.py
[2024-10-14T04:23:12.325+0000] {logging_mixin.py:188} INFO - [2024-10-14T04:23:12.325+0000] {dag.py:3047} INFO - Sync 1 DAGs
[2024-10-14T04:23:12.360+0000] {logging_mixin.py:188} INFO - [2024-10-14T04:23:12.359+0000] {dag.py:3834} INFO - Setting next_dagrun for Gold_News_pipeline to 2024-10-14 00:00:00+00:00, run_after=2024-10-15 00:00:00+00:00
[2024-10-14T04:23:12.553+0000] {processor.py:183} INFO - Processing /opt/airflow/dags/gold_news_pipeline.py took 1.507 seconds
[2024-10-14T04:23:43.498+0000] {processor.py:161} INFO - Started process (PID=1790) to work on /opt/airflow/dags/gold_news_pipeline.py
[2024-10-14T04:23:43.500+0000] {processor.py:830} INFO - Processing file /opt/airflow/dags/gold_news_pipeline.py for tasks to queue
[2024-10-14T04:23:43.502+0000] {logging_mixin.py:188} INFO - [2024-10-14T04:23:43.501+0000] {dagbag.py:540} INFO - Filling up the DagBag from /opt/airflow/dags/gold_news_pipeline.py
[2024-10-14T04:23:44.843+0000] {processor.py:840} INFO - DAG(s) 'Gold_News_pipeline' retrieved from /opt/airflow/dags/gold_news_pipeline.py
[2024-10-14T04:23:44.891+0000] {logging_mixin.py:188} INFO - [2024-10-14T04:23:44.891+0000] {dag.py:3047} INFO - Sync 1 DAGs
[2024-10-14T04:23:44.927+0000] {logging_mixin.py:188} INFO - [2024-10-14T04:23:44.927+0000] {dag.py:3834} INFO - Setting next_dagrun for Gold_News_pipeline to 2024-10-14 00:00:00+00:00, run_after=2024-10-15 00:00:00+00:00
[2024-10-14T04:23:44.954+0000] {processor.py:183} INFO - Processing /opt/airflow/dags/gold_news_pipeline.py took 1.460 seconds
[2024-10-14T04:24:15.116+0000] {processor.py:161} INFO - Started process (PID=1869) to work on /opt/airflow/dags/gold_news_pipeline.py
[2024-10-14T04:24:15.125+0000] {processor.py:830} INFO - Processing file /opt/airflow/dags/gold_news_pipeline.py for tasks to queue
[2024-10-14T04:24:15.130+0000] {logging_mixin.py:188} INFO - [2024-10-14T04:24:15.130+0000] {dagbag.py:540} INFO - Filling up the DagBag from /opt/airflow/dags/gold_news_pipeline.py
[2024-10-14T04:24:16.424+0000] {processor.py:840} INFO - DAG(s) 'Gold_News_pipeline' retrieved from /opt/airflow/dags/gold_news_pipeline.py
[2024-10-14T04:24:16.529+0000] {logging_mixin.py:188} INFO - [2024-10-14T04:24:16.528+0000] {dag.py:3047} INFO - Sync 1 DAGs
[2024-10-14T04:24:16.553+0000] {logging_mixin.py:188} INFO - [2024-10-14T04:24:16.552+0000] {dag.py:3834} INFO - Setting next_dagrun for Gold_News_pipeline to 2024-10-14 00:00:00+00:00, run_after=2024-10-15 00:00:00+00:00
[2024-10-14T04:24:16.660+0000] {processor.py:183} INFO - Processing /opt/airflow/dags/gold_news_pipeline.py took 1.548 seconds
[2024-10-14T04:24:47.295+0000] {processor.py:161} INFO - Started process (PID=1947) to work on /opt/airflow/dags/gold_news_pipeline.py
[2024-10-14T04:24:47.296+0000] {processor.py:830} INFO - Processing file /opt/airflow/dags/gold_news_pipeline.py for tasks to queue
[2024-10-14T04:24:47.298+0000] {logging_mixin.py:188} INFO - [2024-10-14T04:24:47.297+0000] {dagbag.py:540} INFO - Filling up the DagBag from /opt/airflow/dags/gold_news_pipeline.py
[2024-10-14T04:24:48.309+0000] {processor.py:840} INFO - DAG(s) 'Gold_News_pipeline' retrieved from /opt/airflow/dags/gold_news_pipeline.py
[2024-10-14T04:24:48.382+0000] {logging_mixin.py:188} INFO - [2024-10-14T04:24:48.382+0000] {dag.py:3047} INFO - Sync 1 DAGs
[2024-10-14T04:24:48.443+0000] {logging_mixin.py:188} INFO - [2024-10-14T04:24:48.443+0000] {dag.py:3834} INFO - Setting next_dagrun for Gold_News_pipeline to 2024-10-14 00:00:00+00:00, run_after=2024-10-15 00:00:00+00:00
[2024-10-14T04:24:48.467+0000] {processor.py:183} INFO - Processing /opt/airflow/dags/gold_news_pipeline.py took 1.176 seconds
[2024-10-14T04:25:22.318+0000] {processor.py:161} INFO - Started process (PID=2025) to work on /opt/airflow/dags/gold_news_pipeline.py
[2024-10-14T04:25:22.319+0000] {processor.py:830} INFO - Processing file /opt/airflow/dags/gold_news_pipeline.py for tasks to queue
[2024-10-14T04:25:22.320+0000] {logging_mixin.py:188} INFO - [2024-10-14T04:25:22.320+0000] {dagbag.py:540} INFO - Filling up the DagBag from /opt/airflow/dags/gold_news_pipeline.py
[2024-10-14T04:25:24.157+0000] {processor.py:840} INFO - DAG(s) 'Gold_News_pipeline' retrieved from /opt/airflow/dags/gold_news_pipeline.py
[2024-10-14T04:25:24.332+0000] {logging_mixin.py:188} INFO - [2024-10-14T04:25:24.331+0000] {dag.py:3047} INFO - Sync 1 DAGs
[2024-10-14T04:25:24.373+0000] {logging_mixin.py:188} INFO - [2024-10-14T04:25:24.373+0000] {dag.py:3834} INFO - Setting next_dagrun for Gold_News_pipeline to 2024-10-14 00:00:00+00:00, run_after=2024-10-15 00:00:00+00:00
[2024-10-14T04:25:24.737+0000] {processor.py:183} INFO - Processing /opt/airflow/dags/gold_news_pipeline.py took 2.423 seconds
[2024-10-14T04:25:55.249+0000] {processor.py:161} INFO - Started process (PID=2105) to work on /opt/airflow/dags/gold_news_pipeline.py
[2024-10-14T04:25:55.253+0000] {processor.py:830} INFO - Processing file /opt/airflow/dags/gold_news_pipeline.py for tasks to queue
[2024-10-14T04:25:55.257+0000] {logging_mixin.py:188} INFO - [2024-10-14T04:25:55.256+0000] {dagbag.py:540} INFO - Filling up the DagBag from /opt/airflow/dags/gold_news_pipeline.py
[2024-10-14T04:25:56.499+0000] {processor.py:840} INFO - DAG(s) 'Gold_News_pipeline' retrieved from /opt/airflow/dags/gold_news_pipeline.py
[2024-10-14T04:25:56.616+0000] {logging_mixin.py:188} INFO - [2024-10-14T04:25:56.615+0000] {dag.py:3047} INFO - Sync 1 DAGs
[2024-10-14T04:25:56.823+0000] {logging_mixin.py:188} INFO - [2024-10-14T04:25:56.823+0000] {dag.py:3834} INFO - Setting next_dagrun for Gold_News_pipeline to 2024-10-14 00:00:00+00:00, run_after=2024-10-15 00:00:00+00:00
[2024-10-14T04:25:56.890+0000] {processor.py:183} INFO - Processing /opt/airflow/dags/gold_news_pipeline.py took 1.645 seconds
[2024-10-14T04:26:28.714+0000] {processor.py:161} INFO - Started process (PID=2165) to work on /opt/airflow/dags/gold_news_pipeline.py
[2024-10-14T04:26:28.725+0000] {processor.py:830} INFO - Processing file /opt/airflow/dags/gold_news_pipeline.py for tasks to queue
[2024-10-14T04:26:28.735+0000] {logging_mixin.py:188} INFO - [2024-10-14T04:26:28.735+0000] {dagbag.py:540} INFO - Filling up the DagBag from /opt/airflow/dags/gold_news_pipeline.py
[2024-10-14T04:26:30.239+0000] {processor.py:840} INFO - DAG(s) 'Gold_News_pipeline' retrieved from /opt/airflow/dags/gold_news_pipeline.py
[2024-10-14T04:26:30.332+0000] {logging_mixin.py:188} INFO - [2024-10-14T04:26:30.332+0000] {dag.py:3047} INFO - Sync 1 DAGs
[2024-10-14T04:26:30.359+0000] {logging_mixin.py:188} INFO - [2024-10-14T04:26:30.359+0000] {dag.py:3834} INFO - Setting next_dagrun for Gold_News_pipeline to 2024-10-14 00:00:00+00:00, run_after=2024-10-15 00:00:00+00:00
[2024-10-14T04:26:30.513+0000] {processor.py:183} INFO - Processing /opt/airflow/dags/gold_news_pipeline.py took 1.803 seconds
[2024-10-14T04:27:01.585+0000] {processor.py:161} INFO - Started process (PID=2248) to work on /opt/airflow/dags/gold_news_pipeline.py
[2024-10-14T04:27:01.603+0000] {processor.py:830} INFO - Processing file /opt/airflow/dags/gold_news_pipeline.py for tasks to queue
[2024-10-14T04:27:01.609+0000] {logging_mixin.py:188} INFO - [2024-10-14T04:27:01.606+0000] {dagbag.py:540} INFO - Filling up the DagBag from /opt/airflow/dags/gold_news_pipeline.py
[2024-10-14T04:27:03.436+0000] {processor.py:840} INFO - DAG(s) 'Gold_News_pipeline' retrieved from /opt/airflow/dags/gold_news_pipeline.py
[2024-10-14T04:27:03.506+0000] {logging_mixin.py:188} INFO - [2024-10-14T04:27:03.505+0000] {dag.py:3047} INFO - Sync 1 DAGs
[2024-10-14T04:27:03.548+0000] {logging_mixin.py:188} INFO - [2024-10-14T04:27:03.548+0000] {dag.py:3834} INFO - Setting next_dagrun for Gold_News_pipeline to 2024-10-14 00:00:00+00:00, run_after=2024-10-15 00:00:00+00:00
[2024-10-14T04:27:03.585+0000] {processor.py:183} INFO - Processing /opt/airflow/dags/gold_news_pipeline.py took 2.004 seconds
[2024-10-14T04:27:33.747+0000] {processor.py:161} INFO - Started process (PID=2323) to work on /opt/airflow/dags/gold_news_pipeline.py
[2024-10-14T04:27:33.765+0000] {processor.py:830} INFO - Processing file /opt/airflow/dags/gold_news_pipeline.py for tasks to queue
[2024-10-14T04:27:33.778+0000] {logging_mixin.py:188} INFO - [2024-10-14T04:27:33.777+0000] {dagbag.py:540} INFO - Filling up the DagBag from /opt/airflow/dags/gold_news_pipeline.py
[2024-10-14T04:27:35.158+0000] {processor.py:840} INFO - DAG(s) 'Gold_News_pipeline' retrieved from /opt/airflow/dags/gold_news_pipeline.py
[2024-10-14T04:27:35.250+0000] {logging_mixin.py:188} INFO - [2024-10-14T04:27:35.249+0000] {dag.py:3047} INFO - Sync 1 DAGs
[2024-10-14T04:27:35.305+0000] {logging_mixin.py:188} INFO - [2024-10-14T04:27:35.305+0000] {dag.py:3834} INFO - Setting next_dagrun for Gold_News_pipeline to 2024-10-14 00:00:00+00:00, run_after=2024-10-15 00:00:00+00:00
[2024-10-14T04:27:35.373+0000] {processor.py:183} INFO - Processing /opt/airflow/dags/gold_news_pipeline.py took 1.629 seconds
[2024-10-14T04:28:05.780+0000] {processor.py:161} INFO - Started process (PID=2405) to work on /opt/airflow/dags/gold_news_pipeline.py
[2024-10-14T04:28:05.782+0000] {processor.py:830} INFO - Processing file /opt/airflow/dags/gold_news_pipeline.py for tasks to queue
[2024-10-14T04:28:05.783+0000] {logging_mixin.py:188} INFO - [2024-10-14T04:28:05.783+0000] {dagbag.py:540} INFO - Filling up the DagBag from /opt/airflow/dags/gold_news_pipeline.py
[2024-10-14T04:28:06.873+0000] {processor.py:840} INFO - DAG(s) 'Gold_News_pipeline' retrieved from /opt/airflow/dags/gold_news_pipeline.py
[2024-10-14T04:28:07.017+0000] {logging_mixin.py:188} INFO - [2024-10-14T04:28:07.016+0000] {dag.py:3047} INFO - Sync 1 DAGs
[2024-10-14T04:28:07.045+0000] {logging_mixin.py:188} INFO - [2024-10-14T04:28:07.044+0000] {dag.py:3834} INFO - Setting next_dagrun for Gold_News_pipeline to 2024-10-14 00:00:00+00:00, run_after=2024-10-15 00:00:00+00:00
[2024-10-14T04:28:07.121+0000] {processor.py:183} INFO - Processing /opt/airflow/dags/gold_news_pipeline.py took 1.344 seconds
[2024-10-14T04:28:38.671+0000] {processor.py:161} INFO - Started process (PID=2483) to work on /opt/airflow/dags/gold_news_pipeline.py
[2024-10-14T04:28:38.686+0000] {processor.py:830} INFO - Processing file /opt/airflow/dags/gold_news_pipeline.py for tasks to queue
[2024-10-14T04:28:38.687+0000] {logging_mixin.py:188} INFO - [2024-10-14T04:28:38.687+0000] {dagbag.py:540} INFO - Filling up the DagBag from /opt/airflow/dags/gold_news_pipeline.py
[2024-10-14T04:28:40.575+0000] {processor.py:840} INFO - DAG(s) 'Gold_News_pipeline' retrieved from /opt/airflow/dags/gold_news_pipeline.py
[2024-10-14T04:28:40.647+0000] {logging_mixin.py:188} INFO - [2024-10-14T04:28:40.647+0000] {dag.py:3047} INFO - Sync 1 DAGs
[2024-10-14T04:28:40.705+0000] {logging_mixin.py:188} INFO - [2024-10-14T04:28:40.704+0000] {dag.py:3834} INFO - Setting next_dagrun for Gold_News_pipeline to 2024-10-14 00:00:00+00:00, run_after=2024-10-15 00:00:00+00:00
[2024-10-14T04:28:40.752+0000] {processor.py:183} INFO - Processing /opt/airflow/dags/gold_news_pipeline.py took 2.084 seconds
[2024-10-14T04:29:11.002+0000] {processor.py:161} INFO - Started process (PID=2543) to work on /opt/airflow/dags/gold_news_pipeline.py
[2024-10-14T04:29:11.027+0000] {processor.py:830} INFO - Processing file /opt/airflow/dags/gold_news_pipeline.py for tasks to queue
[2024-10-14T04:29:11.036+0000] {logging_mixin.py:188} INFO - [2024-10-14T04:29:11.036+0000] {dagbag.py:540} INFO - Filling up the DagBag from /opt/airflow/dags/gold_news_pipeline.py
[2024-10-14T04:29:12.992+0000] {processor.py:840} INFO - DAG(s) 'Gold_News_pipeline' retrieved from /opt/airflow/dags/gold_news_pipeline.py
[2024-10-14T04:29:13.182+0000] {logging_mixin.py:188} INFO - [2024-10-14T04:29:13.182+0000] {dag.py:3047} INFO - Sync 1 DAGs
[2024-10-14T04:29:13.237+0000] {logging_mixin.py:188} INFO - [2024-10-14T04:29:13.236+0000] {dag.py:3834} INFO - Setting next_dagrun for Gold_News_pipeline to 2024-10-14 00:00:00+00:00, run_after=2024-10-15 00:00:00+00:00
[2024-10-14T04:29:13.305+0000] {processor.py:183} INFO - Processing /opt/airflow/dags/gold_news_pipeline.py took 2.307 seconds
[2024-10-14T04:29:43.547+0000] {processor.py:161} INFO - Started process (PID=2621) to work on /opt/airflow/dags/gold_news_pipeline.py
[2024-10-14T04:29:43.548+0000] {processor.py:830} INFO - Processing file /opt/airflow/dags/gold_news_pipeline.py for tasks to queue
[2024-10-14T04:29:43.549+0000] {logging_mixin.py:188} INFO - [2024-10-14T04:29:43.548+0000] {dagbag.py:540} INFO - Filling up the DagBag from /opt/airflow/dags/gold_news_pipeline.py
[2024-10-14T04:29:45.006+0000] {processor.py:840} INFO - DAG(s) 'Gold_News_pipeline' retrieved from /opt/airflow/dags/gold_news_pipeline.py
[2024-10-14T04:29:45.168+0000] {logging_mixin.py:188} INFO - [2024-10-14T04:29:45.167+0000] {dag.py:3047} INFO - Sync 1 DAGs
[2024-10-14T04:29:45.197+0000] {logging_mixin.py:188} INFO - [2024-10-14T04:29:45.197+0000] {dag.py:3834} INFO - Setting next_dagrun for Gold_News_pipeline to 2024-10-14 00:00:00+00:00, run_after=2024-10-15 00:00:00+00:00
[2024-10-14T04:29:45.261+0000] {processor.py:183} INFO - Processing /opt/airflow/dags/gold_news_pipeline.py took 1.717 seconds
[2024-10-14T04:30:15.413+0000] {processor.py:161} INFO - Started process (PID=2697) to work on /opt/airflow/dags/gold_news_pipeline.py
[2024-10-14T04:30:15.414+0000] {processor.py:830} INFO - Processing file /opt/airflow/dags/gold_news_pipeline.py for tasks to queue
[2024-10-14T04:30:15.426+0000] {logging_mixin.py:188} INFO - [2024-10-14T04:30:15.425+0000] {dagbag.py:540} INFO - Filling up the DagBag from /opt/airflow/dags/gold_news_pipeline.py
[2024-10-14T04:30:16.851+0000] {processor.py:840} INFO - DAG(s) 'Gold_News_pipeline' retrieved from /opt/airflow/dags/gold_news_pipeline.py
[2024-10-14T04:30:16.939+0000] {logging_mixin.py:188} INFO - [2024-10-14T04:30:16.938+0000] {dag.py:3047} INFO - Sync 1 DAGs
[2024-10-14T04:30:17.032+0000] {logging_mixin.py:188} INFO - [2024-10-14T04:30:17.032+0000] {dag.py:3834} INFO - Setting next_dagrun for Gold_News_pipeline to 2024-10-14 00:00:00+00:00, run_after=2024-10-15 00:00:00+00:00
[2024-10-14T04:30:17.111+0000] {processor.py:183} INFO - Processing /opt/airflow/dags/gold_news_pipeline.py took 1.701 seconds
[2024-10-14T04:30:47.617+0000] {processor.py:161} INFO - Started process (PID=2776) to work on /opt/airflow/dags/gold_news_pipeline.py
[2024-10-14T04:30:47.622+0000] {processor.py:830} INFO - Processing file /opt/airflow/dags/gold_news_pipeline.py for tasks to queue
[2024-10-14T04:30:47.635+0000] {logging_mixin.py:188} INFO - [2024-10-14T04:30:47.634+0000] {dagbag.py:540} INFO - Filling up the DagBag from /opt/airflow/dags/gold_news_pipeline.py
[2024-10-14T04:30:48.559+0000] {processor.py:840} INFO - DAG(s) 'Gold_News_pipeline' retrieved from /opt/airflow/dags/gold_news_pipeline.py
[2024-10-14T04:30:48.732+0000] {logging_mixin.py:188} INFO - [2024-10-14T04:30:48.731+0000] {dag.py:3047} INFO - Sync 1 DAGs
[2024-10-14T04:30:48.765+0000] {logging_mixin.py:188} INFO - [2024-10-14T04:30:48.765+0000] {dag.py:3834} INFO - Setting next_dagrun for Gold_News_pipeline to 2024-10-14 00:00:00+00:00, run_after=2024-10-15 00:00:00+00:00
[2024-10-14T04:30:49.175+0000] {processor.py:183} INFO - Processing /opt/airflow/dags/gold_news_pipeline.py took 1.561 seconds
[2024-10-14T04:31:19.531+0000] {processor.py:161} INFO - Started process (PID=2855) to work on /opt/airflow/dags/gold_news_pipeline.py
[2024-10-14T04:31:19.532+0000] {processor.py:830} INFO - Processing file /opt/airflow/dags/gold_news_pipeline.py for tasks to queue
[2024-10-14T04:31:19.533+0000] {logging_mixin.py:188} INFO - [2024-10-14T04:31:19.533+0000] {dagbag.py:540} INFO - Filling up the DagBag from /opt/airflow/dags/gold_news_pipeline.py
[2024-10-14T04:31:20.764+0000] {processor.py:840} INFO - DAG(s) 'Gold_News_pipeline' retrieved from /opt/airflow/dags/gold_news_pipeline.py
[2024-10-14T04:31:20.806+0000] {logging_mixin.py:188} INFO - [2024-10-14T04:31:20.806+0000] {dag.py:3047} INFO - Sync 1 DAGs
[2024-10-14T04:31:20.905+0000] {logging_mixin.py:188} INFO - [2024-10-14T04:31:20.904+0000] {dag.py:3834} INFO - Setting next_dagrun for Gold_News_pipeline to 2024-10-14 00:00:00+00:00, run_after=2024-10-15 00:00:00+00:00
[2024-10-14T04:31:20.953+0000] {processor.py:183} INFO - Processing /opt/airflow/dags/gold_news_pipeline.py took 1.426 seconds
[2024-10-14T04:31:51.273+0000] {processor.py:161} INFO - Started process (PID=2934) to work on /opt/airflow/dags/gold_news_pipeline.py
[2024-10-14T04:31:51.274+0000] {processor.py:830} INFO - Processing file /opt/airflow/dags/gold_news_pipeline.py for tasks to queue
[2024-10-14T04:31:51.276+0000] {logging_mixin.py:188} INFO - [2024-10-14T04:31:51.275+0000] {dagbag.py:540} INFO - Filling up the DagBag from /opt/airflow/dags/gold_news_pipeline.py
[2024-10-14T04:31:52.499+0000] {processor.py:840} INFO - DAG(s) 'Gold_News_pipeline' retrieved from /opt/airflow/dags/gold_news_pipeline.py
[2024-10-14T04:31:52.599+0000] {logging_mixin.py:188} INFO - [2024-10-14T04:31:52.599+0000] {dag.py:3047} INFO - Sync 1 DAGs
[2024-10-14T04:31:52.623+0000] {logging_mixin.py:188} INFO - [2024-10-14T04:31:52.622+0000] {dag.py:3834} INFO - Setting next_dagrun for Gold_News_pipeline to 2024-10-14 00:00:00+00:00, run_after=2024-10-15 00:00:00+00:00
[2024-10-14T04:31:52.679+0000] {processor.py:183} INFO - Processing /opt/airflow/dags/gold_news_pipeline.py took 1.409 seconds
[2024-10-14T04:32:23.184+0000] {processor.py:161} INFO - Started process (PID=3013) to work on /opt/airflow/dags/gold_news_pipeline.py
[2024-10-14T04:32:23.185+0000] {processor.py:830} INFO - Processing file /opt/airflow/dags/gold_news_pipeline.py for tasks to queue
[2024-10-14T04:32:23.188+0000] {logging_mixin.py:188} INFO - [2024-10-14T04:32:23.187+0000] {dagbag.py:540} INFO - Filling up the DagBag from /opt/airflow/dags/gold_news_pipeline.py
[2024-10-14T04:32:24.398+0000] {processor.py:840} INFO - DAG(s) 'Gold_News_pipeline' retrieved from /opt/airflow/dags/gold_news_pipeline.py
[2024-10-14T04:32:24.510+0000] {logging_mixin.py:188} INFO - [2024-10-14T04:32:24.510+0000] {dag.py:3047} INFO - Sync 1 DAGs
[2024-10-14T04:32:24.542+0000] {logging_mixin.py:188} INFO - [2024-10-14T04:32:24.542+0000] {dag.py:3834} INFO - Setting next_dagrun for Gold_News_pipeline to 2024-10-14 00:00:00+00:00, run_after=2024-10-15 00:00:00+00:00
[2024-10-14T04:32:24.634+0000] {processor.py:183} INFO - Processing /opt/airflow/dags/gold_news_pipeline.py took 1.454 seconds
[2024-10-14T04:32:55.480+0000] {processor.py:161} INFO - Started process (PID=3092) to work on /opt/airflow/dags/gold_news_pipeline.py
[2024-10-14T04:32:55.482+0000] {processor.py:830} INFO - Processing file /opt/airflow/dags/gold_news_pipeline.py for tasks to queue
[2024-10-14T04:32:55.483+0000] {logging_mixin.py:188} INFO - [2024-10-14T04:32:55.482+0000] {dagbag.py:540} INFO - Filling up the DagBag from /opt/airflow/dags/gold_news_pipeline.py
[2024-10-14T04:32:56.780+0000] {processor.py:840} INFO - DAG(s) 'Gold_News_pipeline' retrieved from /opt/airflow/dags/gold_news_pipeline.py
[2024-10-14T04:32:56.828+0000] {logging_mixin.py:188} INFO - [2024-10-14T04:32:56.828+0000] {dag.py:3047} INFO - Sync 1 DAGs
[2024-10-14T04:32:56.872+0000] {logging_mixin.py:188} INFO - [2024-10-14T04:32:56.871+0000] {dag.py:3834} INFO - Setting next_dagrun for Gold_News_pipeline to 2024-10-14 00:00:00+00:00, run_after=2024-10-15 00:00:00+00:00
[2024-10-14T04:32:57.086+0000] {processor.py:183} INFO - Processing /opt/airflow/dags/gold_news_pipeline.py took 1.608 seconds
[2024-10-14T04:33:27.662+0000] {processor.py:161} INFO - Started process (PID=3171) to work on /opt/airflow/dags/gold_news_pipeline.py
[2024-10-14T04:33:27.663+0000] {processor.py:830} INFO - Processing file /opt/airflow/dags/gold_news_pipeline.py for tasks to queue
[2024-10-14T04:33:27.664+0000] {logging_mixin.py:188} INFO - [2024-10-14T04:33:27.664+0000] {dagbag.py:540} INFO - Filling up the DagBag from /opt/airflow/dags/gold_news_pipeline.py
[2024-10-14T04:33:28.781+0000] {processor.py:840} INFO - DAG(s) 'Gold_News_pipeline' retrieved from /opt/airflow/dags/gold_news_pipeline.py
[2024-10-14T04:33:28.847+0000] {logging_mixin.py:188} INFO - [2024-10-14T04:33:28.846+0000] {dag.py:3047} INFO - Sync 1 DAGs
[2024-10-14T04:33:28.913+0000] {logging_mixin.py:188} INFO - [2024-10-14T04:33:28.913+0000] {dag.py:3834} INFO - Setting next_dagrun for Gold_News_pipeline to 2024-10-14 00:00:00+00:00, run_after=2024-10-15 00:00:00+00:00
[2024-10-14T04:33:28.965+0000] {processor.py:183} INFO - Processing /opt/airflow/dags/gold_news_pipeline.py took 1.305 seconds
[2024-10-14T04:33:59.506+0000] {processor.py:161} INFO - Started process (PID=3250) to work on /opt/airflow/dags/gold_news_pipeline.py
[2024-10-14T04:33:59.516+0000] {processor.py:830} INFO - Processing file /opt/airflow/dags/gold_news_pipeline.py for tasks to queue
[2024-10-14T04:33:59.518+0000] {logging_mixin.py:188} INFO - [2024-10-14T04:33:59.517+0000] {dagbag.py:540} INFO - Filling up the DagBag from /opt/airflow/dags/gold_news_pipeline.py
[2024-10-14T04:34:00.946+0000] {processor.py:840} INFO - DAG(s) 'Gold_News_pipeline' retrieved from /opt/airflow/dags/gold_news_pipeline.py
[2024-10-14T04:34:01.038+0000] {logging_mixin.py:188} INFO - [2024-10-14T04:34:01.038+0000] {dag.py:3047} INFO - Sync 1 DAGs
[2024-10-14T04:34:01.069+0000] {logging_mixin.py:188} INFO - [2024-10-14T04:34:01.069+0000] {dag.py:3834} INFO - Setting next_dagrun for Gold_News_pipeline to 2024-10-14 00:00:00+00:00, run_after=2024-10-15 00:00:00+00:00
[2024-10-14T04:34:01.163+0000] {processor.py:183} INFO - Processing /opt/airflow/dags/gold_news_pipeline.py took 1.661 seconds
[2024-10-14T04:34:31.389+0000] {processor.py:161} INFO - Started process (PID=3329) to work on /opt/airflow/dags/gold_news_pipeline.py
[2024-10-14T04:34:31.390+0000] {processor.py:830} INFO - Processing file /opt/airflow/dags/gold_news_pipeline.py for tasks to queue
[2024-10-14T04:34:31.391+0000] {logging_mixin.py:188} INFO - [2024-10-14T04:34:31.391+0000] {dagbag.py:540} INFO - Filling up the DagBag from /opt/airflow/dags/gold_news_pipeline.py
[2024-10-14T04:34:32.756+0000] {processor.py:840} INFO - DAG(s) 'Gold_News_pipeline' retrieved from /opt/airflow/dags/gold_news_pipeline.py
[2024-10-14T04:34:32.876+0000] {logging_mixin.py:188} INFO - [2024-10-14T04:34:32.875+0000] {dag.py:3047} INFO - Sync 1 DAGs
[2024-10-14T04:34:32.937+0000] {logging_mixin.py:188} INFO - [2024-10-14T04:34:32.937+0000] {dag.py:3834} INFO - Setting next_dagrun for Gold_News_pipeline to 2024-10-14 00:00:00+00:00, run_after=2024-10-15 00:00:00+00:00
[2024-10-14T04:34:32.970+0000] {processor.py:183} INFO - Processing /opt/airflow/dags/gold_news_pipeline.py took 1.584 seconds
[2024-10-14T04:35:03.283+0000] {processor.py:161} INFO - Started process (PID=3413) to work on /opt/airflow/dags/gold_news_pipeline.py
[2024-10-14T04:35:03.284+0000] {processor.py:830} INFO - Processing file /opt/airflow/dags/gold_news_pipeline.py for tasks to queue
[2024-10-14T04:35:03.286+0000] {logging_mixin.py:188} INFO - [2024-10-14T04:35:03.285+0000] {dagbag.py:540} INFO - Filling up the DagBag from /opt/airflow/dags/gold_news_pipeline.py
[2024-10-14T04:35:04.367+0000] {processor.py:840} INFO - DAG(s) 'Gold_News_pipeline' retrieved from /opt/airflow/dags/gold_news_pipeline.py
[2024-10-14T04:35:04.452+0000] {logging_mixin.py:188} INFO - [2024-10-14T04:35:04.451+0000] {dag.py:3047} INFO - Sync 1 DAGs
[2024-10-14T04:35:04.501+0000] {logging_mixin.py:188} INFO - [2024-10-14T04:35:04.500+0000] {dag.py:3834} INFO - Setting next_dagrun for Gold_News_pipeline to 2024-10-14 00:00:00+00:00, run_after=2024-10-15 00:00:00+00:00
[2024-10-14T04:35:04.557+0000] {processor.py:183} INFO - Processing /opt/airflow/dags/gold_news_pipeline.py took 1.278 seconds
[2024-10-14T04:35:34.695+0000] {processor.py:161} INFO - Started process (PID=3493) to work on /opt/airflow/dags/gold_news_pipeline.py
[2024-10-14T04:35:34.696+0000] {processor.py:830} INFO - Processing file /opt/airflow/dags/gold_news_pipeline.py for tasks to queue
[2024-10-14T04:35:34.697+0000] {logging_mixin.py:188} INFO - [2024-10-14T04:35:34.697+0000] {dagbag.py:540} INFO - Filling up the DagBag from /opt/airflow/dags/gold_news_pipeline.py
[2024-10-14T04:35:35.842+0000] {processor.py:840} INFO - DAG(s) 'Gold_News_pipeline' retrieved from /opt/airflow/dags/gold_news_pipeline.py
[2024-10-14T04:35:35.892+0000] {logging_mixin.py:188} INFO - [2024-10-14T04:35:35.891+0000] {dag.py:3047} INFO - Sync 1 DAGs
[2024-10-14T04:35:35.911+0000] {logging_mixin.py:188} INFO - [2024-10-14T04:35:35.911+0000] {dag.py:3834} INFO - Setting next_dagrun for Gold_News_pipeline to 2024-10-14 00:00:00+00:00, run_after=2024-10-15 00:00:00+00:00
[2024-10-14T04:35:35.985+0000] {processor.py:183} INFO - Processing /opt/airflow/dags/gold_news_pipeline.py took 1.292 seconds
[2024-10-14T04:36:06.111+0000] {processor.py:161} INFO - Started process (PID=3570) to work on /opt/airflow/dags/gold_news_pipeline.py
[2024-10-14T04:36:06.112+0000] {processor.py:830} INFO - Processing file /opt/airflow/dags/gold_news_pipeline.py for tasks to queue
[2024-10-14T04:36:06.113+0000] {logging_mixin.py:188} INFO - [2024-10-14T04:36:06.113+0000] {dagbag.py:540} INFO - Filling up the DagBag from /opt/airflow/dags/gold_news_pipeline.py
[2024-10-14T04:36:07.485+0000] {processor.py:840} INFO - DAG(s) 'Gold_News_pipeline' retrieved from /opt/airflow/dags/gold_news_pipeline.py
[2024-10-14T04:36:07.554+0000] {logging_mixin.py:188} INFO - [2024-10-14T04:36:07.553+0000] {dag.py:3047} INFO - Sync 1 DAGs
[2024-10-14T04:36:07.616+0000] {logging_mixin.py:188} INFO - [2024-10-14T04:36:07.615+0000] {dag.py:3834} INFO - Setting next_dagrun for Gold_News_pipeline to 2024-10-14 00:00:00+00:00, run_after=2024-10-15 00:00:00+00:00
[2024-10-14T04:36:07.680+0000] {processor.py:183} INFO - Processing /opt/airflow/dags/gold_news_pipeline.py took 1.572 seconds
[2024-10-14T04:36:38.235+0000] {processor.py:161} INFO - Started process (PID=3649) to work on /opt/airflow/dags/gold_news_pipeline.py
[2024-10-14T04:36:38.236+0000] {processor.py:830} INFO - Processing file /opt/airflow/dags/gold_news_pipeline.py for tasks to queue
[2024-10-14T04:36:38.237+0000] {logging_mixin.py:188} INFO - [2024-10-14T04:36:38.237+0000] {dagbag.py:540} INFO - Filling up the DagBag from /opt/airflow/dags/gold_news_pipeline.py
[2024-10-14T04:36:39.204+0000] {processor.py:840} INFO - DAG(s) 'Gold_News_pipeline' retrieved from /opt/airflow/dags/gold_news_pipeline.py
[2024-10-14T04:36:39.436+0000] {logging_mixin.py:188} INFO - [2024-10-14T04:36:39.436+0000] {dag.py:3047} INFO - Sync 1 DAGs
[2024-10-14T04:36:39.506+0000] {logging_mixin.py:188} INFO - [2024-10-14T04:36:39.506+0000] {dag.py:3834} INFO - Setting next_dagrun for Gold_News_pipeline to 2024-10-14 00:00:00+00:00, run_after=2024-10-15 00:00:00+00:00
[2024-10-14T04:36:39.587+0000] {processor.py:183} INFO - Processing /opt/airflow/dags/gold_news_pipeline.py took 1.355 seconds
[2024-10-14T04:37:09.970+0000] {processor.py:161} INFO - Started process (PID=3709) to work on /opt/airflow/dags/gold_news_pipeline.py
[2024-10-14T04:37:09.971+0000] {processor.py:830} INFO - Processing file /opt/airflow/dags/gold_news_pipeline.py for tasks to queue
[2024-10-14T04:37:09.972+0000] {logging_mixin.py:188} INFO - [2024-10-14T04:37:09.972+0000] {dagbag.py:540} INFO - Filling up the DagBag from /opt/airflow/dags/gold_news_pipeline.py
[2024-10-14T04:37:11.228+0000] {processor.py:840} INFO - DAG(s) 'Gold_News_pipeline' retrieved from /opt/airflow/dags/gold_news_pipeline.py
[2024-10-14T04:37:11.343+0000] {logging_mixin.py:188} INFO - [2024-10-14T04:37:11.343+0000] {dag.py:3047} INFO - Sync 1 DAGs
[2024-10-14T04:37:11.368+0000] {logging_mixin.py:188} INFO - [2024-10-14T04:37:11.368+0000] {dag.py:3834} INFO - Setting next_dagrun for Gold_News_pipeline to 2024-10-14 00:00:00+00:00, run_after=2024-10-15 00:00:00+00:00
[2024-10-14T04:37:11.470+0000] {processor.py:183} INFO - Processing /opt/airflow/dags/gold_news_pipeline.py took 1.504 seconds
[2024-10-14T04:37:42.409+0000] {processor.py:161} INFO - Started process (PID=3784) to work on /opt/airflow/dags/gold_news_pipeline.py
[2024-10-14T04:37:42.411+0000] {processor.py:830} INFO - Processing file /opt/airflow/dags/gold_news_pipeline.py for tasks to queue
[2024-10-14T04:37:42.412+0000] {logging_mixin.py:188} INFO - [2024-10-14T04:37:42.412+0000] {dagbag.py:540} INFO - Filling up the DagBag from /opt/airflow/dags/gold_news_pipeline.py
[2024-10-14T04:37:43.476+0000] {processor.py:840} INFO - DAG(s) 'Gold_News_pipeline' retrieved from /opt/airflow/dags/gold_news_pipeline.py
[2024-10-14T04:37:43.534+0000] {logging_mixin.py:188} INFO - [2024-10-14T04:37:43.534+0000] {dag.py:3047} INFO - Sync 1 DAGs
[2024-10-14T04:37:43.561+0000] {logging_mixin.py:188} INFO - [2024-10-14T04:37:43.561+0000] {dag.py:3834} INFO - Setting next_dagrun for Gold_News_pipeline to 2024-10-14 00:00:00+00:00, run_after=2024-10-15 00:00:00+00:00
[2024-10-14T04:37:43.718+0000] {processor.py:183} INFO - Processing /opt/airflow/dags/gold_news_pipeline.py took 1.313 seconds
[2024-10-14T04:38:14.083+0000] {processor.py:161} INFO - Started process (PID=3861) to work on /opt/airflow/dags/gold_news_pipeline.py
[2024-10-14T04:38:14.084+0000] {processor.py:830} INFO - Processing file /opt/airflow/dags/gold_news_pipeline.py for tasks to queue
[2024-10-14T04:38:14.085+0000] {logging_mixin.py:188} INFO - [2024-10-14T04:38:14.084+0000] {dagbag.py:540} INFO - Filling up the DagBag from /opt/airflow/dags/gold_news_pipeline.py
[2024-10-14T04:38:15.483+0000] {processor.py:840} INFO - DAG(s) 'Gold_News_pipeline' retrieved from /opt/airflow/dags/gold_news_pipeline.py
[2024-10-14T04:38:15.635+0000] {logging_mixin.py:188} INFO - [2024-10-14T04:38:15.634+0000] {dag.py:3047} INFO - Sync 1 DAGs
[2024-10-14T04:38:15.747+0000] {logging_mixin.py:188} INFO - [2024-10-14T04:38:15.747+0000] {dag.py:3834} INFO - Setting next_dagrun for Gold_News_pipeline to 2024-10-14 00:00:00+00:00, run_after=2024-10-15 00:00:00+00:00
[2024-10-14T04:38:15.778+0000] {processor.py:183} INFO - Processing /opt/airflow/dags/gold_news_pipeline.py took 1.703 seconds
[2024-10-14T04:38:46.186+0000] {processor.py:161} INFO - Started process (PID=3940) to work on /opt/airflow/dags/gold_news_pipeline.py
[2024-10-14T04:38:46.187+0000] {processor.py:830} INFO - Processing file /opt/airflow/dags/gold_news_pipeline.py for tasks to queue
[2024-10-14T04:38:46.188+0000] {logging_mixin.py:188} INFO - [2024-10-14T04:38:46.188+0000] {dagbag.py:540} INFO - Filling up the DagBag from /opt/airflow/dags/gold_news_pipeline.py
[2024-10-14T04:38:47.532+0000] {processor.py:840} INFO - DAG(s) 'Gold_News_pipeline' retrieved from /opt/airflow/dags/gold_news_pipeline.py
[2024-10-14T04:38:47.622+0000] {logging_mixin.py:188} INFO - [2024-10-14T04:38:47.621+0000] {dag.py:3047} INFO - Sync 1 DAGs
[2024-10-14T04:38:47.658+0000] {logging_mixin.py:188} INFO - [2024-10-14T04:38:47.657+0000] {dag.py:3834} INFO - Setting next_dagrun for Gold_News_pipeline to 2024-10-14 00:00:00+00:00, run_after=2024-10-15 00:00:00+00:00
[2024-10-14T04:38:47.700+0000] {processor.py:183} INFO - Processing /opt/airflow/dags/gold_news_pipeline.py took 1.517 seconds
[2024-10-14T04:39:18.096+0000] {processor.py:161} INFO - Started process (PID=4018) to work on /opt/airflow/dags/gold_news_pipeline.py
[2024-10-14T04:39:18.098+0000] {processor.py:830} INFO - Processing file /opt/airflow/dags/gold_news_pipeline.py for tasks to queue
[2024-10-14T04:39:18.099+0000] {logging_mixin.py:188} INFO - [2024-10-14T04:39:18.099+0000] {dagbag.py:540} INFO - Filling up the DagBag from /opt/airflow/dags/gold_news_pipeline.py
[2024-10-14T04:39:19.635+0000] {processor.py:840} INFO - DAG(s) 'Gold_News_pipeline' retrieved from /opt/airflow/dags/gold_news_pipeline.py
[2024-10-14T04:39:19.716+0000] {logging_mixin.py:188} INFO - [2024-10-14T04:39:19.716+0000] {dag.py:3047} INFO - Sync 1 DAGs
[2024-10-14T04:39:19.750+0000] {logging_mixin.py:188} INFO - [2024-10-14T04:39:19.750+0000] {dag.py:3834} INFO - Setting next_dagrun for Gold_News_pipeline to 2024-10-14 00:00:00+00:00, run_after=2024-10-15 00:00:00+00:00
[2024-10-14T04:39:19.813+0000] {processor.py:183} INFO - Processing /opt/airflow/dags/gold_news_pipeline.py took 1.719 seconds
[2024-10-14T04:39:50.243+0000] {processor.py:161} INFO - Started process (PID=4097) to work on /opt/airflow/dags/gold_news_pipeline.py
[2024-10-14T04:39:50.246+0000] {processor.py:830} INFO - Processing file /opt/airflow/dags/gold_news_pipeline.py for tasks to queue
[2024-10-14T04:39:50.247+0000] {logging_mixin.py:188} INFO - [2024-10-14T04:39:50.247+0000] {dagbag.py:540} INFO - Filling up the DagBag from /opt/airflow/dags/gold_news_pipeline.py
[2024-10-14T04:39:51.339+0000] {processor.py:840} INFO - DAG(s) 'Gold_News_pipeline' retrieved from /opt/airflow/dags/gold_news_pipeline.py
[2024-10-14T04:39:51.472+0000] {logging_mixin.py:188} INFO - [2024-10-14T04:39:51.472+0000] {dag.py:3047} INFO - Sync 1 DAGs
[2024-10-14T04:39:51.533+0000] {logging_mixin.py:188} INFO - [2024-10-14T04:39:51.533+0000] {dag.py:3834} INFO - Setting next_dagrun for Gold_News_pipeline to 2024-10-14 00:00:00+00:00, run_after=2024-10-15 00:00:00+00:00
[2024-10-14T04:39:51.640+0000] {processor.py:183} INFO - Processing /opt/airflow/dags/gold_news_pipeline.py took 1.400 seconds
[2024-10-14T04:40:21.881+0000] {processor.py:161} INFO - Started process (PID=4175) to work on /opt/airflow/dags/gold_news_pipeline.py
[2024-10-14T04:40:21.890+0000] {processor.py:830} INFO - Processing file /opt/airflow/dags/gold_news_pipeline.py for tasks to queue
[2024-10-14T04:40:21.895+0000] {logging_mixin.py:188} INFO - [2024-10-14T04:40:21.895+0000] {dagbag.py:540} INFO - Filling up the DagBag from /opt/airflow/dags/gold_news_pipeline.py
[2024-10-14T04:40:23.332+0000] {processor.py:840} INFO - DAG(s) 'Gold_News_pipeline' retrieved from /opt/airflow/dags/gold_news_pipeline.py
[2024-10-14T04:40:23.449+0000] {logging_mixin.py:188} INFO - [2024-10-14T04:40:23.449+0000] {dag.py:3047} INFO - Sync 1 DAGs
[2024-10-14T04:40:23.542+0000] {logging_mixin.py:188} INFO - [2024-10-14T04:40:23.542+0000] {dag.py:3834} INFO - Setting next_dagrun for Gold_News_pipeline to 2024-10-14 00:00:00+00:00, run_after=2024-10-15 00:00:00+00:00
[2024-10-14T04:40:23.717+0000] {processor.py:183} INFO - Processing /opt/airflow/dags/gold_news_pipeline.py took 1.839 seconds
[2024-10-14T04:40:54.660+0000] {processor.py:161} INFO - Started process (PID=4256) to work on /opt/airflow/dags/gold_news_pipeline.py
[2024-10-14T04:40:54.661+0000] {processor.py:830} INFO - Processing file /opt/airflow/dags/gold_news_pipeline.py for tasks to queue
[2024-10-14T04:40:54.671+0000] {logging_mixin.py:188} INFO - [2024-10-14T04:40:54.670+0000] {dagbag.py:540} INFO - Filling up the DagBag from /opt/airflow/dags/gold_news_pipeline.py
[2024-10-14T04:40:55.935+0000] {processor.py:840} INFO - DAG(s) 'Gold_News_pipeline' retrieved from /opt/airflow/dags/gold_news_pipeline.py
[2024-10-14T04:40:56.020+0000] {logging_mixin.py:188} INFO - [2024-10-14T04:40:56.019+0000] {dag.py:3047} INFO - Sync 1 DAGs
[2024-10-14T04:40:56.072+0000] {logging_mixin.py:188} INFO - [2024-10-14T04:40:56.071+0000] {dag.py:3834} INFO - Setting next_dagrun for Gold_News_pipeline to 2024-10-14 00:00:00+00:00, run_after=2024-10-15 00:00:00+00:00
[2024-10-14T04:40:56.292+0000] {processor.py:183} INFO - Processing /opt/airflow/dags/gold_news_pipeline.py took 1.635 seconds
[2024-10-14T04:41:26.449+0000] {processor.py:161} INFO - Started process (PID=4333) to work on /opt/airflow/dags/gold_news_pipeline.py
[2024-10-14T04:41:26.451+0000] {processor.py:830} INFO - Processing file /opt/airflow/dags/gold_news_pipeline.py for tasks to queue
[2024-10-14T04:41:26.453+0000] {logging_mixin.py:188} INFO - [2024-10-14T04:41:26.452+0000] {dagbag.py:540} INFO - Filling up the DagBag from /opt/airflow/dags/gold_news_pipeline.py
[2024-10-14T04:41:27.955+0000] {processor.py:840} INFO - DAG(s) 'Gold_News_pipeline' retrieved from /opt/airflow/dags/gold_news_pipeline.py
[2024-10-14T04:41:28.130+0000] {logging_mixin.py:188} INFO - [2024-10-14T04:41:28.130+0000] {dag.py:3047} INFO - Sync 1 DAGs
[2024-10-14T04:41:28.233+0000] {logging_mixin.py:188} INFO - [2024-10-14T04:41:28.233+0000] {dag.py:3834} INFO - Setting next_dagrun for Gold_News_pipeline to 2024-10-14 00:00:00+00:00, run_after=2024-10-15 00:00:00+00:00
[2024-10-14T04:41:28.273+0000] {processor.py:183} INFO - Processing /opt/airflow/dags/gold_news_pipeline.py took 1.828 seconds
[2024-10-14T04:41:59.138+0000] {processor.py:161} INFO - Started process (PID=4412) to work on /opt/airflow/dags/gold_news_pipeline.py
[2024-10-14T04:41:59.139+0000] {processor.py:830} INFO - Processing file /opt/airflow/dags/gold_news_pipeline.py for tasks to queue
[2024-10-14T04:41:59.142+0000] {logging_mixin.py:188} INFO - [2024-10-14T04:41:59.141+0000] {dagbag.py:540} INFO - Filling up the DagBag from /opt/airflow/dags/gold_news_pipeline.py
[2024-10-14T04:42:00.538+0000] {processor.py:840} INFO - DAG(s) 'Gold_News_pipeline' retrieved from /opt/airflow/dags/gold_news_pipeline.py
[2024-10-14T04:42:00.624+0000] {logging_mixin.py:188} INFO - [2024-10-14T04:42:00.624+0000] {dag.py:3047} INFO - Sync 1 DAGs
[2024-10-14T04:42:00.697+0000] {logging_mixin.py:188} INFO - [2024-10-14T04:42:00.697+0000] {dag.py:3834} INFO - Setting next_dagrun for Gold_News_pipeline to 2024-10-14 00:00:00+00:00, run_after=2024-10-15 00:00:00+00:00
[2024-10-14T04:42:00.748+0000] {processor.py:183} INFO - Processing /opt/airflow/dags/gold_news_pipeline.py took 1.616 seconds
[2024-10-14T04:42:31.041+0000] {processor.py:161} INFO - Started process (PID=4490) to work on /opt/airflow/dags/gold_news_pipeline.py
[2024-10-14T04:42:31.043+0000] {processor.py:830} INFO - Processing file /opt/airflow/dags/gold_news_pipeline.py for tasks to queue
[2024-10-14T04:42:31.050+0000] {logging_mixin.py:188} INFO - [2024-10-14T04:42:31.050+0000] {dagbag.py:540} INFO - Filling up the DagBag from /opt/airflow/dags/gold_news_pipeline.py
[2024-10-14T04:42:32.359+0000] {processor.py:840} INFO - DAG(s) 'Gold_News_pipeline' retrieved from /opt/airflow/dags/gold_news_pipeline.py
[2024-10-14T04:42:32.453+0000] {logging_mixin.py:188} INFO - [2024-10-14T04:42:32.448+0000] {dag.py:3047} INFO - Sync 1 DAGs
[2024-10-14T04:42:32.485+0000] {logging_mixin.py:188} INFO - [2024-10-14T04:42:32.485+0000] {dag.py:3834} INFO - Setting next_dagrun for Gold_News_pipeline to 2024-10-14 00:00:00+00:00, run_after=2024-10-15 00:00:00+00:00
[2024-10-14T04:42:32.544+0000] {processor.py:183} INFO - Processing /opt/airflow/dags/gold_news_pipeline.py took 1.506 seconds
[2024-10-14T04:43:02.949+0000] {processor.py:161} INFO - Started process (PID=4571) to work on /opt/airflow/dags/gold_news_pipeline.py
[2024-10-14T04:43:02.956+0000] {processor.py:830} INFO - Processing file /opt/airflow/dags/gold_news_pipeline.py for tasks to queue
[2024-10-14T04:43:02.965+0000] {logging_mixin.py:188} INFO - [2024-10-14T04:43:02.964+0000] {dagbag.py:540} INFO - Filling up the DagBag from /opt/airflow/dags/gold_news_pipeline.py
[2024-10-14T04:43:04.306+0000] {processor.py:840} INFO - DAG(s) 'Gold_News_pipeline' retrieved from /opt/airflow/dags/gold_news_pipeline.py
[2024-10-14T04:43:04.389+0000] {logging_mixin.py:188} INFO - [2024-10-14T04:43:04.386+0000] {dag.py:3047} INFO - Sync 1 DAGs
[2024-10-14T04:43:04.469+0000] {logging_mixin.py:188} INFO - [2024-10-14T04:43:04.469+0000] {dag.py:3834} INFO - Setting next_dagrun for Gold_News_pipeline to 2024-10-14 00:00:00+00:00, run_after=2024-10-15 00:00:00+00:00
[2024-10-14T04:43:04.532+0000] {processor.py:183} INFO - Processing /opt/airflow/dags/gold_news_pipeline.py took 1.585 seconds
[2024-10-14T04:43:34.829+0000] {processor.py:161} INFO - Started process (PID=4655) to work on /opt/airflow/dags/gold_news_pipeline.py
[2024-10-14T04:43:34.833+0000] {processor.py:830} INFO - Processing file /opt/airflow/dags/gold_news_pipeline.py for tasks to queue
[2024-10-14T04:43:34.835+0000] {logging_mixin.py:188} INFO - [2024-10-14T04:43:34.835+0000] {dagbag.py:540} INFO - Filling up the DagBag from /opt/airflow/dags/gold_news_pipeline.py
[2024-10-14T04:43:35.887+0000] {processor.py:840} INFO - DAG(s) 'Gold_News_pipeline' retrieved from /opt/airflow/dags/gold_news_pipeline.py
[2024-10-14T04:43:35.962+0000] {logging_mixin.py:188} INFO - [2024-10-14T04:43:35.962+0000] {dag.py:3047} INFO - Sync 1 DAGs
[2024-10-14T04:43:35.981+0000] {logging_mixin.py:188} INFO - [2024-10-14T04:43:35.981+0000] {dag.py:3834} INFO - Setting next_dagrun for Gold_News_pipeline to 2024-10-14 00:00:00+00:00, run_after=2024-10-15 00:00:00+00:00
[2024-10-14T04:43:36.045+0000] {processor.py:183} INFO - Processing /opt/airflow/dags/gold_news_pipeline.py took 1.218 seconds
[2024-10-14T04:44:06.235+0000] {processor.py:161} INFO - Started process (PID=4730) to work on /opt/airflow/dags/gold_news_pipeline.py
[2024-10-14T04:44:06.236+0000] {processor.py:830} INFO - Processing file /opt/airflow/dags/gold_news_pipeline.py for tasks to queue
[2024-10-14T04:44:06.238+0000] {logging_mixin.py:188} INFO - [2024-10-14T04:44:06.237+0000] {dagbag.py:540} INFO - Filling up the DagBag from /opt/airflow/dags/gold_news_pipeline.py
[2024-10-14T04:44:07.817+0000] {processor.py:840} INFO - DAG(s) 'Gold_News_pipeline' retrieved from /opt/airflow/dags/gold_news_pipeline.py
[2024-10-14T04:44:07.913+0000] {logging_mixin.py:188} INFO - [2024-10-14T04:44:07.912+0000] {dag.py:3047} INFO - Sync 1 DAGs
[2024-10-14T04:44:07.936+0000] {logging_mixin.py:188} INFO - [2024-10-14T04:44:07.936+0000] {dag.py:3834} INFO - Setting next_dagrun for Gold_News_pipeline to 2024-10-14 00:00:00+00:00, run_after=2024-10-15 00:00:00+00:00
[2024-10-14T04:44:07.997+0000] {processor.py:183} INFO - Processing /opt/airflow/dags/gold_news_pipeline.py took 1.766 seconds
[2024-10-14T04:44:38.105+0000] {processor.py:161} INFO - Started process (PID=4808) to work on /opt/airflow/dags/gold_news_pipeline.py
[2024-10-14T04:44:38.106+0000] {processor.py:830} INFO - Processing file /opt/airflow/dags/gold_news_pipeline.py for tasks to queue
[2024-10-14T04:44:38.107+0000] {logging_mixin.py:188} INFO - [2024-10-14T04:44:38.106+0000] {dagbag.py:540} INFO - Filling up the DagBag from /opt/airflow/dags/gold_news_pipeline.py
[2024-10-14T04:44:39.162+0000] {processor.py:840} INFO - DAG(s) 'Gold_News_pipeline' retrieved from /opt/airflow/dags/gold_news_pipeline.py
[2024-10-14T04:44:39.250+0000] {logging_mixin.py:188} INFO - [2024-10-14T04:44:39.250+0000] {dag.py:3047} INFO - Sync 1 DAGs
[2024-10-14T04:44:39.329+0000] {logging_mixin.py:188} INFO - [2024-10-14T04:44:39.329+0000] {dag.py:3834} INFO - Setting next_dagrun for Gold_News_pipeline to 2024-10-14 00:00:00+00:00, run_after=2024-10-15 00:00:00+00:00
[2024-10-14T04:44:39.574+0000] {processor.py:183} INFO - Processing /opt/airflow/dags/gold_news_pipeline.py took 1.472 seconds
[2024-10-14T04:45:10.712+0000] {processor.py:161} INFO - Started process (PID=4889) to work on /opt/airflow/dags/gold_news_pipeline.py
[2024-10-14T04:45:10.720+0000] {processor.py:830} INFO - Processing file /opt/airflow/dags/gold_news_pipeline.py for tasks to queue
[2024-10-14T04:45:10.722+0000] {logging_mixin.py:188} INFO - [2024-10-14T04:45:10.721+0000] {dagbag.py:540} INFO - Filling up the DagBag from /opt/airflow/dags/gold_news_pipeline.py
[2024-10-14T04:45:12.108+0000] {processor.py:840} INFO - DAG(s) 'Gold_News_pipeline' retrieved from /opt/airflow/dags/gold_news_pipeline.py
[2024-10-14T04:45:12.208+0000] {logging_mixin.py:188} INFO - [2024-10-14T04:45:12.205+0000] {dag.py:3047} INFO - Sync 1 DAGs
[2024-10-14T04:45:12.261+0000] {logging_mixin.py:188} INFO - [2024-10-14T04:45:12.261+0000] {dag.py:3834} INFO - Setting next_dagrun for Gold_News_pipeline to 2024-10-14 00:00:00+00:00, run_after=2024-10-15 00:00:00+00:00
[2024-10-14T04:45:12.333+0000] {processor.py:183} INFO - Processing /opt/airflow/dags/gold_news_pipeline.py took 1.623 seconds
[2024-10-14T04:45:42.848+0000] {processor.py:161} INFO - Started process (PID=4968) to work on /opt/airflow/dags/gold_news_pipeline.py
[2024-10-14T04:45:42.851+0000] {processor.py:830} INFO - Processing file /opt/airflow/dags/gold_news_pipeline.py for tasks to queue
[2024-10-14T04:45:42.853+0000] {logging_mixin.py:188} INFO - [2024-10-14T04:45:42.852+0000] {dagbag.py:540} INFO - Filling up the DagBag from /opt/airflow/dags/gold_news_pipeline.py
[2024-10-14T04:45:44.198+0000] {processor.py:840} INFO - DAG(s) 'Gold_News_pipeline' retrieved from /opt/airflow/dags/gold_news_pipeline.py
[2024-10-14T04:45:44.306+0000] {logging_mixin.py:188} INFO - [2024-10-14T04:45:44.306+0000] {dag.py:3047} INFO - Sync 1 DAGs
[2024-10-14T04:45:44.325+0000] {logging_mixin.py:188} INFO - [2024-10-14T04:45:44.325+0000] {dag.py:3834} INFO - Setting next_dagrun for Gold_News_pipeline to 2024-10-14 00:00:00+00:00, run_after=2024-10-15 00:00:00+00:00
[2024-10-14T04:45:44.397+0000] {processor.py:183} INFO - Processing /opt/airflow/dags/gold_news_pipeline.py took 1.552 seconds
