[2024-10-14T04:15:07.126+0000] {processor.py:161} INFO - Started process (PID=221) to work on /opt/airflow/dags/gold_training_pipeline.py
[2024-10-14T04:15:07.130+0000] {processor.py:830} INFO - Processing file /opt/airflow/dags/gold_training_pipeline.py for tasks to queue
[2024-10-14T04:15:07.131+0000] {logging_mixin.py:188} INFO - [2024-10-14T04:15:07.131+0000] {dagbag.py:540} INFO - Filling up the DagBag from /opt/airflow/dags/gold_training_pipeline.py
[2024-10-14T04:15:09.405+0000] {logging_mixin.py:188} INFO - [2024-10-14T04:15:09.404+0000] {font_manager.py:1547} INFO - generated new fontManager
[2024-10-14T04:15:10.259+0000] {processor.py:840} INFO - DAG(s) 'Gold_training_Pipeline' retrieved from /opt/airflow/dags/gold_training_pipeline.py
[2024-10-14T04:15:10.420+0000] {logging_mixin.py:188} INFO - [2024-10-14T04:15:10.420+0000] {dag.py:3047} INFO - Sync 1 DAGs
[2024-10-14T04:15:10.443+0000] {logging_mixin.py:188} INFO - [2024-10-14T04:15:10.442+0000] {dag.py:3834} INFO - Setting next_dagrun for Gold_training_Pipeline to 2024-10-14 00:00:00+00:00, run_after=2024-10-15 00:00:00+00:00
[2024-10-14T04:15:10.469+0000] {processor.py:183} INFO - Processing /opt/airflow/dags/gold_training_pipeline.py took 3.359 seconds
[2024-10-14T04:15:32.887+0000] {processor.py:161} INFO - Started process (PID=482) to work on /opt/airflow/dags/gold_training_pipeline.py
[2024-10-14T04:15:32.889+0000] {processor.py:830} INFO - Processing file /opt/airflow/dags/gold_training_pipeline.py for tasks to queue
[2024-10-14T04:15:32.891+0000] {logging_mixin.py:188} INFO - [2024-10-14T04:15:32.890+0000] {dagbag.py:540} INFO - Filling up the DagBag from /opt/airflow/dags/gold_training_pipeline.py
[2024-10-14T04:15:36.578+0000] {processor.py:840} INFO - DAG(s) 'Gold_training_Pipeline' retrieved from /opt/airflow/dags/gold_training_pipeline.py
[2024-10-14T04:15:36.584+0000] {logging_mixin.py:188} INFO - [2024-10-14T04:15:36.584+0000] {dag.py:3047} INFO - Sync 1 DAGs
[2024-10-14T04:15:36.642+0000] {logging_mixin.py:188} INFO - [2024-10-14T04:15:36.642+0000] {dag.py:3834} INFO - Setting next_dagrun for Gold_training_Pipeline to 2024-10-14 00:00:00+00:00, run_after=2024-10-15 00:00:00+00:00
[2024-10-14T04:15:36.675+0000] {processor.py:183} INFO - Processing /opt/airflow/dags/gold_training_pipeline.py took 3.791 seconds
[2024-10-14T04:16:07.378+0000] {processor.py:161} INFO - Started process (PID=560) to work on /opt/airflow/dags/gold_training_pipeline.py
[2024-10-14T04:16:07.379+0000] {processor.py:830} INFO - Processing file /opt/airflow/dags/gold_training_pipeline.py for tasks to queue
[2024-10-14T04:16:07.380+0000] {logging_mixin.py:188} INFO - [2024-10-14T04:16:07.380+0000] {dagbag.py:540} INFO - Filling up the DagBag from /opt/airflow/dags/gold_training_pipeline.py
[2024-10-14T04:16:09.974+0000] {processor.py:840} INFO - DAG(s) 'Gold_training_Pipeline' retrieved from /opt/airflow/dags/gold_training_pipeline.py
[2024-10-14T04:16:10.169+0000] {logging_mixin.py:188} INFO - [2024-10-14T04:16:10.169+0000] {dag.py:3047} INFO - Sync 1 DAGs
[2024-10-14T04:16:10.194+0000] {logging_mixin.py:188} INFO - [2024-10-14T04:16:10.194+0000] {dag.py:3834} INFO - Setting next_dagrun for Gold_training_Pipeline to 2024-10-14 00:00:00+00:00, run_after=2024-10-15 00:00:00+00:00
[2024-10-14T04:16:10.237+0000] {processor.py:183} INFO - Processing /opt/airflow/dags/gold_training_pipeline.py took 2.862 seconds
[2024-10-14T04:16:41.024+0000] {processor.py:161} INFO - Started process (PID=640) to work on /opt/airflow/dags/gold_training_pipeline.py
[2024-10-14T04:16:41.025+0000] {processor.py:830} INFO - Processing file /opt/airflow/dags/gold_training_pipeline.py for tasks to queue
[2024-10-14T04:16:41.026+0000] {logging_mixin.py:188} INFO - [2024-10-14T04:16:41.025+0000] {dagbag.py:540} INFO - Filling up the DagBag from /opt/airflow/dags/gold_training_pipeline.py
[2024-10-14T04:16:43.899+0000] {processor.py:840} INFO - DAG(s) 'Gold_training_Pipeline' retrieved from /opt/airflow/dags/gold_training_pipeline.py
[2024-10-14T04:16:43.987+0000] {logging_mixin.py:188} INFO - [2024-10-14T04:16:43.986+0000] {dag.py:3047} INFO - Sync 1 DAGs
[2024-10-14T04:16:44.087+0000] {logging_mixin.py:188} INFO - [2024-10-14T04:16:44.087+0000] {dag.py:3834} INFO - Setting next_dagrun for Gold_training_Pipeline to 2024-10-14 00:00:00+00:00, run_after=2024-10-15 00:00:00+00:00
[2024-10-14T04:16:44.250+0000] {processor.py:183} INFO - Processing /opt/airflow/dags/gold_training_pipeline.py took 3.228 seconds
[2024-10-14T04:17:14.557+0000] {processor.py:161} INFO - Started process (PID=719) to work on /opt/airflow/dags/gold_training_pipeline.py
[2024-10-14T04:17:14.559+0000] {processor.py:830} INFO - Processing file /opt/airflow/dags/gold_training_pipeline.py for tasks to queue
[2024-10-14T04:17:14.560+0000] {logging_mixin.py:188} INFO - [2024-10-14T04:17:14.559+0000] {dagbag.py:540} INFO - Filling up the DagBag from /opt/airflow/dags/gold_training_pipeline.py
[2024-10-14T04:17:17.574+0000] {processor.py:840} INFO - DAG(s) 'Gold_training_Pipeline' retrieved from /opt/airflow/dags/gold_training_pipeline.py
[2024-10-14T04:17:17.920+0000] {logging_mixin.py:188} INFO - [2024-10-14T04:17:17.920+0000] {dag.py:3047} INFO - Sync 1 DAGs
[2024-10-14T04:17:17.945+0000] {logging_mixin.py:188} INFO - [2024-10-14T04:17:17.945+0000] {dag.py:3834} INFO - Setting next_dagrun for Gold_training_Pipeline to 2024-10-14 00:00:00+00:00, run_after=2024-10-15 00:00:00+00:00
[2024-10-14T04:17:17.996+0000] {processor.py:183} INFO - Processing /opt/airflow/dags/gold_training_pipeline.py took 3.442 seconds
[2024-10-14T04:17:48.328+0000] {processor.py:161} INFO - Started process (PID=806) to work on /opt/airflow/dags/gold_training_pipeline.py
[2024-10-14T04:17:48.332+0000] {processor.py:830} INFO - Processing file /opt/airflow/dags/gold_training_pipeline.py for tasks to queue
[2024-10-14T04:17:48.333+0000] {logging_mixin.py:188} INFO - [2024-10-14T04:17:48.333+0000] {dagbag.py:540} INFO - Filling up the DagBag from /opt/airflow/dags/gold_training_pipeline.py
[2024-10-14T04:17:51.266+0000] {processor.py:840} INFO - DAG(s) 'Gold_training_Pipeline' retrieved from /opt/airflow/dags/gold_training_pipeline.py
[2024-10-14T04:17:51.590+0000] {logging_mixin.py:188} INFO - [2024-10-14T04:17:51.588+0000] {dag.py:3047} INFO - Sync 1 DAGs
[2024-10-14T04:17:52.018+0000] {logging_mixin.py:188} INFO - [2024-10-14T04:17:52.017+0000] {dag.py:3834} INFO - Setting next_dagrun for Gold_training_Pipeline to 2024-10-14 00:00:00+00:00, run_after=2024-10-15 00:00:00+00:00
[2024-10-14T04:17:52.126+0000] {processor.py:183} INFO - Processing /opt/airflow/dags/gold_training_pipeline.py took 3.830 seconds
[2024-10-14T04:18:22.620+0000] {processor.py:161} INFO - Started process (PID=888) to work on /opt/airflow/dags/gold_training_pipeline.py
[2024-10-14T04:18:22.622+0000] {processor.py:830} INFO - Processing file /opt/airflow/dags/gold_training_pipeline.py for tasks to queue
[2024-10-14T04:18:22.623+0000] {logging_mixin.py:188} INFO - [2024-10-14T04:18:22.623+0000] {dagbag.py:540} INFO - Filling up the DagBag from /opt/airflow/dags/gold_training_pipeline.py
[2024-10-14T04:18:26.162+0000] {processor.py:840} INFO - DAG(s) 'Gold_training_Pipeline' retrieved from /opt/airflow/dags/gold_training_pipeline.py
[2024-10-14T04:18:26.386+0000] {logging_mixin.py:188} INFO - [2024-10-14T04:18:26.386+0000] {dag.py:3047} INFO - Sync 1 DAGs
[2024-10-14T04:18:26.436+0000] {logging_mixin.py:188} INFO - [2024-10-14T04:18:26.435+0000] {dag.py:3834} INFO - Setting next_dagrun for Gold_training_Pipeline to 2024-10-14 00:00:00+00:00, run_after=2024-10-15 00:00:00+00:00
[2024-10-14T04:18:26.509+0000] {processor.py:183} INFO - Processing /opt/airflow/dags/gold_training_pipeline.py took 3.892 seconds
[2024-10-14T04:18:56.803+0000] {processor.py:161} INFO - Started process (PID=975) to work on /opt/airflow/dags/gold_training_pipeline.py
[2024-10-14T04:18:56.805+0000] {processor.py:830} INFO - Processing file /opt/airflow/dags/gold_training_pipeline.py for tasks to queue
[2024-10-14T04:18:56.805+0000] {logging_mixin.py:188} INFO - [2024-10-14T04:18:56.805+0000] {dagbag.py:540} INFO - Filling up the DagBag from /opt/airflow/dags/gold_training_pipeline.py
[2024-10-14T04:19:00.130+0000] {processor.py:840} INFO - DAG(s) 'Gold_training_Pipeline' retrieved from /opt/airflow/dags/gold_training_pipeline.py
[2024-10-14T04:19:00.334+0000] {logging_mixin.py:188} INFO - [2024-10-14T04:19:00.333+0000] {dag.py:3047} INFO - Sync 1 DAGs
[2024-10-14T04:19:00.416+0000] {logging_mixin.py:188} INFO - [2024-10-14T04:19:00.402+0000] {dag.py:3834} INFO - Setting next_dagrun for Gold_training_Pipeline to 2024-10-14 00:00:00+00:00, run_after=2024-10-15 00:00:00+00:00
[2024-10-14T04:19:00.454+0000] {processor.py:183} INFO - Processing /opt/airflow/dags/gold_training_pipeline.py took 3.653 seconds
[2024-10-14T04:19:31.256+0000] {processor.py:161} INFO - Started process (PID=1061) to work on /opt/airflow/dags/gold_training_pipeline.py
[2024-10-14T04:19:31.261+0000] {processor.py:830} INFO - Processing file /opt/airflow/dags/gold_training_pipeline.py for tasks to queue
[2024-10-14T04:19:31.265+0000] {logging_mixin.py:188} INFO - [2024-10-14T04:19:31.264+0000] {dagbag.py:540} INFO - Filling up the DagBag from /opt/airflow/dags/gold_training_pipeline.py
[2024-10-14T04:19:35.020+0000] {processor.py:840} INFO - DAG(s) 'Gold_training_Pipeline' retrieved from /opt/airflow/dags/gold_training_pipeline.py
[2024-10-14T04:19:35.224+0000] {logging_mixin.py:188} INFO - [2024-10-14T04:19:35.223+0000] {dag.py:3047} INFO - Sync 1 DAGs
[2024-10-14T04:19:35.269+0000] {logging_mixin.py:188} INFO - [2024-10-14T04:19:35.268+0000] {dag.py:3834} INFO - Setting next_dagrun for Gold_training_Pipeline to 2024-10-14 00:00:00+00:00, run_after=2024-10-15 00:00:00+00:00
[2024-10-14T04:19:35.420+0000] {processor.py:183} INFO - Processing /opt/airflow/dags/gold_training_pipeline.py took 4.167 seconds
[2024-10-14T04:20:05.768+0000] {processor.py:161} INFO - Started process (PID=1140) to work on /opt/airflow/dags/gold_training_pipeline.py
[2024-10-14T04:20:05.779+0000] {processor.py:830} INFO - Processing file /opt/airflow/dags/gold_training_pipeline.py for tasks to queue
[2024-10-14T04:20:05.781+0000] {logging_mixin.py:188} INFO - [2024-10-14T04:20:05.780+0000] {dagbag.py:540} INFO - Filling up the DagBag from /opt/airflow/dags/gold_training_pipeline.py
[2024-10-14T04:20:09.458+0000] {processor.py:840} INFO - DAG(s) 'Gold_training_Pipeline' retrieved from /opt/airflow/dags/gold_training_pipeline.py
[2024-10-14T04:20:09.580+0000] {logging_mixin.py:188} INFO - [2024-10-14T04:20:09.580+0000] {dag.py:3047} INFO - Sync 1 DAGs
[2024-10-14T04:20:09.603+0000] {logging_mixin.py:188} INFO - [2024-10-14T04:20:09.602+0000] {dag.py:3834} INFO - Setting next_dagrun for Gold_training_Pipeline to 2024-10-14 00:00:00+00:00, run_after=2024-10-15 00:00:00+00:00
[2024-10-14T04:20:09.745+0000] {processor.py:183} INFO - Processing /opt/airflow/dags/gold_training_pipeline.py took 3.980 seconds
[2024-10-14T04:20:40.611+0000] {processor.py:161} INFO - Started process (PID=1284) to work on /opt/airflow/dags/gold_training_pipeline.py
[2024-10-14T04:20:40.612+0000] {processor.py:830} INFO - Processing file /opt/airflow/dags/gold_training_pipeline.py for tasks to queue
[2024-10-14T04:20:40.613+0000] {logging_mixin.py:188} INFO - [2024-10-14T04:20:40.613+0000] {dagbag.py:540} INFO - Filling up the DagBag from /opt/airflow/dags/gold_training_pipeline.py
[2024-10-14T04:20:44.271+0000] {processor.py:840} INFO - DAG(s) 'Gold_training_Pipeline' retrieved from /opt/airflow/dags/gold_training_pipeline.py
[2024-10-14T04:20:44.392+0000] {logging_mixin.py:188} INFO - [2024-10-14T04:20:44.391+0000] {dag.py:3047} INFO - Sync 1 DAGs
[2024-10-14T04:20:44.668+0000] {logging_mixin.py:188} INFO - [2024-10-14T04:20:44.668+0000] {dag.py:3834} INFO - Setting next_dagrun for Gold_training_Pipeline to 2024-10-14 00:00:00+00:00, run_after=2024-10-15 00:00:00+00:00
[2024-10-14T04:20:44.716+0000] {processor.py:183} INFO - Processing /opt/airflow/dags/gold_training_pipeline.py took 4.107 seconds
[2024-10-14T04:21:15.735+0000] {processor.py:161} INFO - Started process (PID=1403) to work on /opt/airflow/dags/gold_training_pipeline.py
[2024-10-14T04:21:15.736+0000] {processor.py:830} INFO - Processing file /opt/airflow/dags/gold_training_pipeline.py for tasks to queue
[2024-10-14T04:21:15.737+0000] {logging_mixin.py:188} INFO - [2024-10-14T04:21:15.737+0000] {dagbag.py:540} INFO - Filling up the DagBag from /opt/airflow/dags/gold_training_pipeline.py
[2024-10-14T04:21:18.865+0000] {processor.py:840} INFO - DAG(s) 'Gold_training_Pipeline' retrieved from /opt/airflow/dags/gold_training_pipeline.py
[2024-10-14T04:21:19.043+0000] {logging_mixin.py:188} INFO - [2024-10-14T04:21:19.042+0000] {dag.py:3047} INFO - Sync 1 DAGs
[2024-10-14T04:21:19.103+0000] {logging_mixin.py:188} INFO - [2024-10-14T04:21:19.103+0000] {dag.py:3834} INFO - Setting next_dagrun for Gold_training_Pipeline to 2024-10-14 00:00:00+00:00, run_after=2024-10-15 00:00:00+00:00
[2024-10-14T04:21:19.152+0000] {processor.py:183} INFO - Processing /opt/airflow/dags/gold_training_pipeline.py took 3.419 seconds
[2024-10-14T04:21:49.524+0000] {processor.py:161} INFO - Started process (PID=1482) to work on /opt/airflow/dags/gold_training_pipeline.py
[2024-10-14T04:21:49.535+0000] {processor.py:830} INFO - Processing file /opt/airflow/dags/gold_training_pipeline.py for tasks to queue
[2024-10-14T04:21:49.536+0000] {logging_mixin.py:188} INFO - [2024-10-14T04:21:49.536+0000] {dagbag.py:540} INFO - Filling up the DagBag from /opt/airflow/dags/gold_training_pipeline.py
[2024-10-14T04:21:52.991+0000] {processor.py:840} INFO - DAG(s) 'Gold_training_Pipeline' retrieved from /opt/airflow/dags/gold_training_pipeline.py
[2024-10-14T04:21:53.079+0000] {logging_mixin.py:188} INFO - [2024-10-14T04:21:53.079+0000] {dag.py:3047} INFO - Sync 1 DAGs
[2024-10-14T04:21:53.108+0000] {logging_mixin.py:188} INFO - [2024-10-14T04:21:53.107+0000] {dag.py:3834} INFO - Setting next_dagrun for Gold_training_Pipeline to 2024-10-14 00:00:00+00:00, run_after=2024-10-15 00:00:00+00:00
[2024-10-14T04:21:53.193+0000] {processor.py:183} INFO - Processing /opt/airflow/dags/gold_training_pipeline.py took 3.671 seconds
[2024-10-14T04:22:23.583+0000] {processor.py:161} INFO - Started process (PID=1561) to work on /opt/airflow/dags/gold_training_pipeline.py
[2024-10-14T04:22:23.586+0000] {processor.py:830} INFO - Processing file /opt/airflow/dags/gold_training_pipeline.py for tasks to queue
[2024-10-14T04:22:23.595+0000] {logging_mixin.py:188} INFO - [2024-10-14T04:22:23.595+0000] {dagbag.py:540} INFO - Filling up the DagBag from /opt/airflow/dags/gold_training_pipeline.py
[2024-10-14T04:22:26.648+0000] {processor.py:840} INFO - DAG(s) 'Gold_training_Pipeline' retrieved from /opt/airflow/dags/gold_training_pipeline.py
[2024-10-14T04:22:26.701+0000] {logging_mixin.py:188} INFO - [2024-10-14T04:22:26.700+0000] {dag.py:3047} INFO - Sync 1 DAGs
[2024-10-14T04:22:26.716+0000] {logging_mixin.py:188} INFO - [2024-10-14T04:22:26.716+0000] {dag.py:3834} INFO - Setting next_dagrun for Gold_training_Pipeline to 2024-10-14 00:00:00+00:00, run_after=2024-10-15 00:00:00+00:00
[2024-10-14T04:22:26.989+0000] {processor.py:183} INFO - Processing /opt/airflow/dags/gold_training_pipeline.py took 3.410 seconds
[2024-10-14T04:22:57.691+0000] {processor.py:161} INFO - Started process (PID=1668) to work on /opt/airflow/dags/gold_training_pipeline.py
[2024-10-14T04:22:57.694+0000] {processor.py:830} INFO - Processing file /opt/airflow/dags/gold_training_pipeline.py for tasks to queue
[2024-10-14T04:22:57.705+0000] {logging_mixin.py:188} INFO - [2024-10-14T04:22:57.705+0000] {dagbag.py:540} INFO - Filling up the DagBag from /opt/airflow/dags/gold_training_pipeline.py
[2024-10-14T04:23:00.270+0000] {processor.py:840} INFO - DAG(s) 'Gold_training_Pipeline' retrieved from /opt/airflow/dags/gold_training_pipeline.py
[2024-10-14T04:23:00.367+0000] {logging_mixin.py:188} INFO - [2024-10-14T04:23:00.366+0000] {dag.py:3047} INFO - Sync 1 DAGs
[2024-10-14T04:23:00.617+0000] {logging_mixin.py:188} INFO - [2024-10-14T04:23:00.617+0000] {dag.py:3834} INFO - Setting next_dagrun for Gold_training_Pipeline to 2024-10-14 00:00:00+00:00, run_after=2024-10-15 00:00:00+00:00
[2024-10-14T04:23:00.657+0000] {processor.py:183} INFO - Processing /opt/airflow/dags/gold_training_pipeline.py took 2.970 seconds
[2024-10-14T04:23:31.523+0000] {processor.py:161} INFO - Started process (PID=1753) to work on /opt/airflow/dags/gold_training_pipeline.py
[2024-10-14T04:23:31.525+0000] {processor.py:830} INFO - Processing file /opt/airflow/dags/gold_training_pipeline.py for tasks to queue
[2024-10-14T04:23:31.531+0000] {logging_mixin.py:188} INFO - [2024-10-14T04:23:31.531+0000] {dagbag.py:540} INFO - Filling up the DagBag from /opt/airflow/dags/gold_training_pipeline.py
[2024-10-14T04:23:33.959+0000] {processor.py:840} INFO - DAG(s) 'Gold_training_Pipeline' retrieved from /opt/airflow/dags/gold_training_pipeline.py
[2024-10-14T04:23:34.080+0000] {logging_mixin.py:188} INFO - [2024-10-14T04:23:34.080+0000] {dag.py:3047} INFO - Sync 1 DAGs
[2024-10-14T04:23:34.104+0000] {logging_mixin.py:188} INFO - [2024-10-14T04:23:34.104+0000] {dag.py:3834} INFO - Setting next_dagrun for Gold_training_Pipeline to 2024-10-14 00:00:00+00:00, run_after=2024-10-15 00:00:00+00:00
[2024-10-14T04:23:34.141+0000] {processor.py:183} INFO - Processing /opt/airflow/dags/gold_training_pipeline.py took 2.622 seconds
[2024-10-14T04:24:04.790+0000] {processor.py:161} INFO - Started process (PID=1832) to work on /opt/airflow/dags/gold_training_pipeline.py
[2024-10-14T04:24:04.792+0000] {processor.py:830} INFO - Processing file /opt/airflow/dags/gold_training_pipeline.py for tasks to queue
[2024-10-14T04:24:04.794+0000] {logging_mixin.py:188} INFO - [2024-10-14T04:24:04.794+0000] {dagbag.py:540} INFO - Filling up the DagBag from /opt/airflow/dags/gold_training_pipeline.py
[2024-10-14T04:24:07.670+0000] {processor.py:840} INFO - DAG(s) 'Gold_training_Pipeline' retrieved from /opt/airflow/dags/gold_training_pipeline.py
[2024-10-14T04:24:07.750+0000] {logging_mixin.py:188} INFO - [2024-10-14T04:24:07.749+0000] {dag.py:3047} INFO - Sync 1 DAGs
[2024-10-14T04:24:07.784+0000] {logging_mixin.py:188} INFO - [2024-10-14T04:24:07.784+0000] {dag.py:3834} INFO - Setting next_dagrun for Gold_training_Pipeline to 2024-10-14 00:00:00+00:00, run_after=2024-10-15 00:00:00+00:00
[2024-10-14T04:24:07.819+0000] {processor.py:183} INFO - Processing /opt/airflow/dags/gold_training_pipeline.py took 3.032 seconds
[2024-10-14T04:24:38.358+0000] {processor.py:161} INFO - Started process (PID=1912) to work on /opt/airflow/dags/gold_training_pipeline.py
[2024-10-14T04:24:38.359+0000] {processor.py:830} INFO - Processing file /opt/airflow/dags/gold_training_pipeline.py for tasks to queue
[2024-10-14T04:24:38.360+0000] {logging_mixin.py:188} INFO - [2024-10-14T04:24:38.359+0000] {dagbag.py:540} INFO - Filling up the DagBag from /opt/airflow/dags/gold_training_pipeline.py
[2024-10-14T04:24:41.722+0000] {processor.py:840} INFO - DAG(s) 'Gold_training_Pipeline' retrieved from /opt/airflow/dags/gold_training_pipeline.py
[2024-10-14T04:24:41.829+0000] {logging_mixin.py:188} INFO - [2024-10-14T04:24:41.829+0000] {dag.py:3047} INFO - Sync 1 DAGs
[2024-10-14T04:24:41.857+0000] {logging_mixin.py:188} INFO - [2024-10-14T04:24:41.857+0000] {dag.py:3834} INFO - Setting next_dagrun for Gold_training_Pipeline to 2024-10-14 00:00:00+00:00, run_after=2024-10-15 00:00:00+00:00
[2024-10-14T04:24:41.881+0000] {processor.py:183} INFO - Processing /opt/airflow/dags/gold_training_pipeline.py took 3.525 seconds
[2024-10-14T04:25:12.120+0000] {processor.py:161} INFO - Started process (PID=1966) to work on /opt/airflow/dags/gold_training_pipeline.py
[2024-10-14T04:25:12.465+0000] {processor.py:830} INFO - Processing file /opt/airflow/dags/gold_training_pipeline.py for tasks to queue
[2024-10-14T04:25:12.470+0000] {logging_mixin.py:188} INFO - [2024-10-14T04:25:12.469+0000] {dagbag.py:540} INFO - Filling up the DagBag from /opt/airflow/dags/gold_training_pipeline.py
[2024-10-14T04:25:19.447+0000] {processor.py:840} INFO - DAG(s) 'Gold_training_Pipeline' retrieved from /opt/airflow/dags/gold_training_pipeline.py
[2024-10-14T04:25:19.767+0000] {logging_mixin.py:188} INFO - [2024-10-14T04:25:19.766+0000] {dag.py:3047} INFO - Sync 1 DAGs
[2024-10-14T04:25:20.348+0000] {logging_mixin.py:188} INFO - [2024-10-14T04:25:20.348+0000] {dag.py:3834} INFO - Setting next_dagrun for Gold_training_Pipeline to 2024-10-14 00:00:00+00:00, run_after=2024-10-15 00:00:00+00:00
[2024-10-14T04:25:20.600+0000] {processor.py:183} INFO - Processing /opt/airflow/dags/gold_training_pipeline.py took 8.484 seconds
[2024-10-14T04:25:51.216+0000] {processor.py:161} INFO - Started process (PID=2068) to work on /opt/airflow/dags/gold_training_pipeline.py
[2024-10-14T04:25:51.218+0000] {processor.py:830} INFO - Processing file /opt/airflow/dags/gold_training_pipeline.py for tasks to queue
[2024-10-14T04:25:51.219+0000] {logging_mixin.py:188} INFO - [2024-10-14T04:25:51.218+0000] {dagbag.py:540} INFO - Filling up the DagBag from /opt/airflow/dags/gold_training_pipeline.py
[2024-10-14T04:25:54.668+0000] {processor.py:840} INFO - DAG(s) 'Gold_training_Pipeline' retrieved from /opt/airflow/dags/gold_training_pipeline.py
[2024-10-14T04:25:54.757+0000] {logging_mixin.py:188} INFO - [2024-10-14T04:25:54.756+0000] {dag.py:3047} INFO - Sync 1 DAGs
[2024-10-14T04:25:54.777+0000] {logging_mixin.py:188} INFO - [2024-10-14T04:25:54.777+0000] {dag.py:3834} INFO - Setting next_dagrun for Gold_training_Pipeline to 2024-10-14 00:00:00+00:00, run_after=2024-10-15 00:00:00+00:00
[2024-10-14T04:25:54.848+0000] {processor.py:183} INFO - Processing /opt/airflow/dags/gold_training_pipeline.py took 3.644 seconds
[2024-10-14T04:26:25.731+0000] {processor.py:161} INFO - Started process (PID=2153) to work on /opt/airflow/dags/gold_training_pipeline.py
[2024-10-14T04:26:25.741+0000] {processor.py:830} INFO - Processing file /opt/airflow/dags/gold_training_pipeline.py for tasks to queue
[2024-10-14T04:26:25.744+0000] {logging_mixin.py:188} INFO - [2024-10-14T04:26:25.744+0000] {dagbag.py:540} INFO - Filling up the DagBag from /opt/airflow/dags/gold_training_pipeline.py
[2024-10-14T04:26:29.911+0000] {processor.py:840} INFO - DAG(s) 'Gold_training_Pipeline' retrieved from /opt/airflow/dags/gold_training_pipeline.py
[2024-10-14T04:26:30.185+0000] {logging_mixin.py:188} INFO - [2024-10-14T04:26:30.185+0000] {dag.py:3047} INFO - Sync 1 DAGs
[2024-10-14T04:26:30.222+0000] {logging_mixin.py:188} INFO - [2024-10-14T04:26:30.222+0000] {dag.py:3834} INFO - Setting next_dagrun for Gold_training_Pipeline to 2024-10-14 00:00:00+00:00, run_after=2024-10-15 00:00:00+00:00
[2024-10-14T04:26:30.271+0000] {processor.py:183} INFO - Processing /opt/airflow/dags/gold_training_pipeline.py took 4.548 seconds
[2024-10-14T04:27:00.539+0000] {processor.py:161} INFO - Started process (PID=2242) to work on /opt/airflow/dags/gold_training_pipeline.py
[2024-10-14T04:27:00.554+0000] {processor.py:830} INFO - Processing file /opt/airflow/dags/gold_training_pipeline.py for tasks to queue
[2024-10-14T04:27:00.555+0000] {logging_mixin.py:188} INFO - [2024-10-14T04:27:00.555+0000] {dagbag.py:540} INFO - Filling up the DagBag from /opt/airflow/dags/gold_training_pipeline.py
[2024-10-14T04:27:04.015+0000] {processor.py:840} INFO - DAG(s) 'Gold_training_Pipeline' retrieved from /opt/airflow/dags/gold_training_pipeline.py
[2024-10-14T04:27:04.121+0000] {logging_mixin.py:188} INFO - [2024-10-14T04:27:04.120+0000] {dag.py:3047} INFO - Sync 1 DAGs
[2024-10-14T04:27:04.167+0000] {logging_mixin.py:188} INFO - [2024-10-14T04:27:04.167+0000] {dag.py:3834} INFO - Setting next_dagrun for Gold_training_Pipeline to 2024-10-14 00:00:00+00:00, run_after=2024-10-15 00:00:00+00:00
[2024-10-14T04:27:04.196+0000] {processor.py:183} INFO - Processing /opt/airflow/dags/gold_training_pipeline.py took 3.659 seconds
[2024-10-14T04:27:34.558+0000] {processor.py:161} INFO - Started process (PID=2332) to work on /opt/airflow/dags/gold_training_pipeline.py
[2024-10-14T04:27:34.559+0000] {processor.py:830} INFO - Processing file /opt/airflow/dags/gold_training_pipeline.py for tasks to queue
[2024-10-14T04:27:34.560+0000] {logging_mixin.py:188} INFO - [2024-10-14T04:27:34.560+0000] {dagbag.py:540} INFO - Filling up the DagBag from /opt/airflow/dags/gold_training_pipeline.py
[2024-10-14T04:27:37.501+0000] {processor.py:840} INFO - DAG(s) 'Gold_training_Pipeline' retrieved from /opt/airflow/dags/gold_training_pipeline.py
[2024-10-14T04:27:37.638+0000] {logging_mixin.py:188} INFO - [2024-10-14T04:27:37.638+0000] {dag.py:3047} INFO - Sync 1 DAGs
[2024-10-14T04:27:37.708+0000] {logging_mixin.py:188} INFO - [2024-10-14T04:27:37.707+0000] {dag.py:3834} INFO - Setting next_dagrun for Gold_training_Pipeline to 2024-10-14 00:00:00+00:00, run_after=2024-10-15 00:00:00+00:00
[2024-10-14T04:27:37.762+0000] {processor.py:183} INFO - Processing /opt/airflow/dags/gold_training_pipeline.py took 3.207 seconds
[2024-10-14T04:28:08.172+0000] {processor.py:161} INFO - Started process (PID=2413) to work on /opt/airflow/dags/gold_training_pipeline.py
[2024-10-14T04:28:08.179+0000] {processor.py:830} INFO - Processing file /opt/airflow/dags/gold_training_pipeline.py for tasks to queue
[2024-10-14T04:28:08.180+0000] {logging_mixin.py:188} INFO - [2024-10-14T04:28:08.180+0000] {dagbag.py:540} INFO - Filling up the DagBag from /opt/airflow/dags/gold_training_pipeline.py
[2024-10-14T04:28:11.842+0000] {processor.py:840} INFO - DAG(s) 'Gold_training_Pipeline' retrieved from /opt/airflow/dags/gold_training_pipeline.py
[2024-10-14T04:28:12.059+0000] {logging_mixin.py:188} INFO - [2024-10-14T04:28:12.059+0000] {dag.py:3047} INFO - Sync 1 DAGs
[2024-10-14T04:28:12.502+0000] {logging_mixin.py:188} INFO - [2024-10-14T04:28:12.502+0000] {dag.py:3834} INFO - Setting next_dagrun for Gold_training_Pipeline to 2024-10-14 00:00:00+00:00, run_after=2024-10-15 00:00:00+00:00
[2024-10-14T04:28:12.574+0000] {processor.py:183} INFO - Processing /opt/airflow/dags/gold_training_pipeline.py took 4.406 seconds
[2024-10-14T04:28:42.880+0000] {processor.py:161} INFO - Started process (PID=2491) to work on /opt/airflow/dags/gold_training_pipeline.py
[2024-10-14T04:28:42.881+0000] {processor.py:830} INFO - Processing file /opt/airflow/dags/gold_training_pipeline.py for tasks to queue
[2024-10-14T04:28:42.882+0000] {logging_mixin.py:188} INFO - [2024-10-14T04:28:42.881+0000] {dagbag.py:540} INFO - Filling up the DagBag from /opt/airflow/dags/gold_training_pipeline.py
[2024-10-14T04:28:45.962+0000] {processor.py:840} INFO - DAG(s) 'Gold_training_Pipeline' retrieved from /opt/airflow/dags/gold_training_pipeline.py
[2024-10-14T04:28:46.149+0000] {logging_mixin.py:188} INFO - [2024-10-14T04:28:46.148+0000] {dag.py:3047} INFO - Sync 1 DAGs
[2024-10-14T04:28:46.193+0000] {logging_mixin.py:188} INFO - [2024-10-14T04:28:46.193+0000] {dag.py:3834} INFO - Setting next_dagrun for Gold_training_Pipeline to 2024-10-14 00:00:00+00:00, run_after=2024-10-15 00:00:00+00:00
[2024-10-14T04:28:46.344+0000] {processor.py:183} INFO - Processing /opt/airflow/dags/gold_training_pipeline.py took 3.467 seconds
[2024-10-14T04:29:16.760+0000] {processor.py:161} INFO - Started process (PID=2570) to work on /opt/airflow/dags/gold_training_pipeline.py
[2024-10-14T04:29:16.761+0000] {processor.py:830} INFO - Processing file /opt/airflow/dags/gold_training_pipeline.py for tasks to queue
[2024-10-14T04:29:16.764+0000] {logging_mixin.py:188} INFO - [2024-10-14T04:29:16.764+0000] {dagbag.py:540} INFO - Filling up the DagBag from /opt/airflow/dags/gold_training_pipeline.py
[2024-10-14T04:29:20.050+0000] {processor.py:840} INFO - DAG(s) 'Gold_training_Pipeline' retrieved from /opt/airflow/dags/gold_training_pipeline.py
[2024-10-14T04:29:20.182+0000] {logging_mixin.py:188} INFO - [2024-10-14T04:29:20.181+0000] {dag.py:3047} INFO - Sync 1 DAGs
[2024-10-14T04:29:20.234+0000] {logging_mixin.py:188} INFO - [2024-10-14T04:29:20.234+0000] {dag.py:3834} INFO - Setting next_dagrun for Gold_training_Pipeline to 2024-10-14 00:00:00+00:00, run_after=2024-10-15 00:00:00+00:00
[2024-10-14T04:29:20.314+0000] {processor.py:183} INFO - Processing /opt/airflow/dags/gold_training_pipeline.py took 3.556 seconds
[2024-10-14T04:29:50.993+0000] {processor.py:161} INFO - Started process (PID=2649) to work on /opt/airflow/dags/gold_training_pipeline.py
[2024-10-14T04:29:50.999+0000] {processor.py:830} INFO - Processing file /opt/airflow/dags/gold_training_pipeline.py for tasks to queue
[2024-10-14T04:29:51.000+0000] {logging_mixin.py:188} INFO - [2024-10-14T04:29:51.000+0000] {dagbag.py:540} INFO - Filling up the DagBag from /opt/airflow/dags/gold_training_pipeline.py
[2024-10-14T04:29:54.410+0000] {processor.py:840} INFO - DAG(s) 'Gold_training_Pipeline' retrieved from /opt/airflow/dags/gold_training_pipeline.py
[2024-10-14T04:29:54.499+0000] {logging_mixin.py:188} INFO - [2024-10-14T04:29:54.498+0000] {dag.py:3047} INFO - Sync 1 DAGs
[2024-10-14T04:29:54.557+0000] {logging_mixin.py:188} INFO - [2024-10-14T04:29:54.557+0000] {dag.py:3834} INFO - Setting next_dagrun for Gold_training_Pipeline to 2024-10-14 00:00:00+00:00, run_after=2024-10-15 00:00:00+00:00
[2024-10-14T04:29:54.658+0000] {processor.py:183} INFO - Processing /opt/airflow/dags/gold_training_pipeline.py took 3.668 seconds
[2024-10-14T04:30:25.305+0000] {processor.py:161} INFO - Started process (PID=2728) to work on /opt/airflow/dags/gold_training_pipeline.py
[2024-10-14T04:30:25.306+0000] {processor.py:830} INFO - Processing file /opt/airflow/dags/gold_training_pipeline.py for tasks to queue
[2024-10-14T04:30:25.307+0000] {logging_mixin.py:188} INFO - [2024-10-14T04:30:25.307+0000] {dagbag.py:540} INFO - Filling up the DagBag from /opt/airflow/dags/gold_training_pipeline.py
[2024-10-14T04:30:28.032+0000] {processor.py:840} INFO - DAG(s) 'Gold_training_Pipeline' retrieved from /opt/airflow/dags/gold_training_pipeline.py
[2024-10-14T04:30:28.136+0000] {logging_mixin.py:188} INFO - [2024-10-14T04:30:28.136+0000] {dag.py:3047} INFO - Sync 1 DAGs
[2024-10-14T04:30:28.321+0000] {logging_mixin.py:188} INFO - [2024-10-14T04:30:28.321+0000] {dag.py:3834} INFO - Setting next_dagrun for Gold_training_Pipeline to 2024-10-14 00:00:00+00:00, run_after=2024-10-15 00:00:00+00:00
[2024-10-14T04:30:28.393+0000] {processor.py:183} INFO - Processing /opt/airflow/dags/gold_training_pipeline.py took 3.090 seconds
[2024-10-14T04:30:59.289+0000] {processor.py:161} INFO - Started process (PID=2807) to work on /opt/airflow/dags/gold_training_pipeline.py
[2024-10-14T04:30:59.297+0000] {processor.py:830} INFO - Processing file /opt/airflow/dags/gold_training_pipeline.py for tasks to queue
[2024-10-14T04:30:59.298+0000] {logging_mixin.py:188} INFO - [2024-10-14T04:30:59.298+0000] {dagbag.py:540} INFO - Filling up the DagBag from /opt/airflow/dags/gold_training_pipeline.py
[2024-10-14T04:31:02.298+0000] {processor.py:840} INFO - DAG(s) 'Gold_training_Pipeline' retrieved from /opt/airflow/dags/gold_training_pipeline.py
[2024-10-14T04:31:02.396+0000] {logging_mixin.py:188} INFO - [2024-10-14T04:31:02.395+0000] {dag.py:3047} INFO - Sync 1 DAGs
[2024-10-14T04:31:02.465+0000] {logging_mixin.py:188} INFO - [2024-10-14T04:31:02.464+0000] {dag.py:3834} INFO - Setting next_dagrun for Gold_training_Pipeline to 2024-10-14 00:00:00+00:00, run_after=2024-10-15 00:00:00+00:00
[2024-10-14T04:31:02.533+0000] {processor.py:183} INFO - Processing /opt/airflow/dags/gold_training_pipeline.py took 3.246 seconds
[2024-10-14T04:31:33.162+0000] {processor.py:161} INFO - Started process (PID=2892) to work on /opt/airflow/dags/gold_training_pipeline.py
[2024-10-14T04:31:33.163+0000] {processor.py:830} INFO - Processing file /opt/airflow/dags/gold_training_pipeline.py for tasks to queue
[2024-10-14T04:31:33.164+0000] {logging_mixin.py:188} INFO - [2024-10-14T04:31:33.163+0000] {dagbag.py:540} INFO - Filling up the DagBag from /opt/airflow/dags/gold_training_pipeline.py
[2024-10-14T04:31:36.754+0000] {processor.py:840} INFO - DAG(s) 'Gold_training_Pipeline' retrieved from /opt/airflow/dags/gold_training_pipeline.py
[2024-10-14T04:31:36.859+0000] {logging_mixin.py:188} INFO - [2024-10-14T04:31:36.858+0000] {dag.py:3047} INFO - Sync 1 DAGs
[2024-10-14T04:31:36.875+0000] {logging_mixin.py:188} INFO - [2024-10-14T04:31:36.875+0000] {dag.py:3834} INFO - Setting next_dagrun for Gold_training_Pipeline to 2024-10-14 00:00:00+00:00, run_after=2024-10-15 00:00:00+00:00
[2024-10-14T04:31:36.949+0000] {processor.py:183} INFO - Processing /opt/airflow/dags/gold_training_pipeline.py took 3.789 seconds
[2024-10-14T04:32:07.473+0000] {processor.py:161} INFO - Started process (PID=2971) to work on /opt/airflow/dags/gold_training_pipeline.py
[2024-10-14T04:32:07.486+0000] {processor.py:830} INFO - Processing file /opt/airflow/dags/gold_training_pipeline.py for tasks to queue
[2024-10-14T04:32:07.486+0000] {logging_mixin.py:188} INFO - [2024-10-14T04:32:07.486+0000] {dagbag.py:540} INFO - Filling up the DagBag from /opt/airflow/dags/gold_training_pipeline.py
[2024-10-14T04:32:10.184+0000] {processor.py:840} INFO - DAG(s) 'Gold_training_Pipeline' retrieved from /opt/airflow/dags/gold_training_pipeline.py
[2024-10-14T04:32:10.310+0000] {logging_mixin.py:188} INFO - [2024-10-14T04:32:10.309+0000] {dag.py:3047} INFO - Sync 1 DAGs
[2024-10-14T04:32:10.356+0000] {logging_mixin.py:188} INFO - [2024-10-14T04:32:10.356+0000] {dag.py:3834} INFO - Setting next_dagrun for Gold_training_Pipeline to 2024-10-14 00:00:00+00:00, run_after=2024-10-15 00:00:00+00:00
[2024-10-14T04:32:10.410+0000] {processor.py:183} INFO - Processing /opt/airflow/dags/gold_training_pipeline.py took 2.939 seconds
[2024-10-14T04:32:40.967+0000] {processor.py:161} INFO - Started process (PID=3050) to work on /opt/airflow/dags/gold_training_pipeline.py
[2024-10-14T04:32:40.979+0000] {processor.py:830} INFO - Processing file /opt/airflow/dags/gold_training_pipeline.py for tasks to queue
[2024-10-14T04:32:40.980+0000] {logging_mixin.py:188} INFO - [2024-10-14T04:32:40.979+0000] {dagbag.py:540} INFO - Filling up the DagBag from /opt/airflow/dags/gold_training_pipeline.py
[2024-10-14T04:32:44.289+0000] {processor.py:840} INFO - DAG(s) 'Gold_training_Pipeline' retrieved from /opt/airflow/dags/gold_training_pipeline.py
[2024-10-14T04:32:44.396+0000] {logging_mixin.py:188} INFO - [2024-10-14T04:32:44.396+0000] {dag.py:3047} INFO - Sync 1 DAGs
[2024-10-14T04:32:44.556+0000] {logging_mixin.py:188} INFO - [2024-10-14T04:32:44.555+0000] {dag.py:3834} INFO - Setting next_dagrun for Gold_training_Pipeline to 2024-10-14 00:00:00+00:00, run_after=2024-10-15 00:00:00+00:00
[2024-10-14T04:32:44.632+0000] {processor.py:183} INFO - Processing /opt/airflow/dags/gold_training_pipeline.py took 3.667 seconds
[2024-10-14T04:33:14.771+0000] {processor.py:161} INFO - Started process (PID=3134) to work on /opt/airflow/dags/gold_training_pipeline.py
[2024-10-14T04:33:14.784+0000] {processor.py:830} INFO - Processing file /opt/airflow/dags/gold_training_pipeline.py for tasks to queue
[2024-10-14T04:33:14.784+0000] {logging_mixin.py:188} INFO - [2024-10-14T04:33:14.784+0000] {dagbag.py:540} INFO - Filling up the DagBag from /opt/airflow/dags/gold_training_pipeline.py
[2024-10-14T04:33:17.759+0000] {processor.py:840} INFO - DAG(s) 'Gold_training_Pipeline' retrieved from /opt/airflow/dags/gold_training_pipeline.py
[2024-10-14T04:33:17.873+0000] {logging_mixin.py:188} INFO - [2024-10-14T04:33:17.873+0000] {dag.py:3047} INFO - Sync 1 DAGs
[2024-10-14T04:33:17.919+0000] {logging_mixin.py:188} INFO - [2024-10-14T04:33:17.919+0000] {dag.py:3834} INFO - Setting next_dagrun for Gold_training_Pipeline to 2024-10-14 00:00:00+00:00, run_after=2024-10-15 00:00:00+00:00
[2024-10-14T04:33:17.945+0000] {processor.py:183} INFO - Processing /opt/airflow/dags/gold_training_pipeline.py took 3.177 seconds
[2024-10-14T04:33:48.131+0000] {processor.py:161} INFO - Started process (PID=3213) to work on /opt/airflow/dags/gold_training_pipeline.py
[2024-10-14T04:33:48.132+0000] {processor.py:830} INFO - Processing file /opt/airflow/dags/gold_training_pipeline.py for tasks to queue
[2024-10-14T04:33:48.133+0000] {logging_mixin.py:188} INFO - [2024-10-14T04:33:48.133+0000] {dagbag.py:540} INFO - Filling up the DagBag from /opt/airflow/dags/gold_training_pipeline.py
[2024-10-14T04:33:51.529+0000] {processor.py:840} INFO - DAG(s) 'Gold_training_Pipeline' retrieved from /opt/airflow/dags/gold_training_pipeline.py
[2024-10-14T04:33:51.594+0000] {logging_mixin.py:188} INFO - [2024-10-14T04:33:51.593+0000] {dag.py:3047} INFO - Sync 1 DAGs
[2024-10-14T04:33:51.633+0000] {logging_mixin.py:188} INFO - [2024-10-14T04:33:51.633+0000] {dag.py:3834} INFO - Setting next_dagrun for Gold_training_Pipeline to 2024-10-14 00:00:00+00:00, run_after=2024-10-15 00:00:00+00:00
[2024-10-14T04:33:51.664+0000] {processor.py:183} INFO - Processing /opt/airflow/dags/gold_training_pipeline.py took 3.537 seconds
[2024-10-14T04:34:22.043+0000] {processor.py:161} INFO - Started process (PID=3296) to work on /opt/airflow/dags/gold_training_pipeline.py
[2024-10-14T04:34:22.044+0000] {processor.py:830} INFO - Processing file /opt/airflow/dags/gold_training_pipeline.py for tasks to queue
[2024-10-14T04:34:22.045+0000] {logging_mixin.py:188} INFO - [2024-10-14T04:34:22.045+0000] {dagbag.py:540} INFO - Filling up the DagBag from /opt/airflow/dags/gold_training_pipeline.py
[2024-10-14T04:34:24.853+0000] {processor.py:840} INFO - DAG(s) 'Gold_training_Pipeline' retrieved from /opt/airflow/dags/gold_training_pipeline.py
[2024-10-14T04:34:24.936+0000] {logging_mixin.py:188} INFO - [2024-10-14T04:34:24.934+0000] {dag.py:3047} INFO - Sync 1 DAGs
[2024-10-14T04:34:25.051+0000] {logging_mixin.py:188} INFO - [2024-10-14T04:34:25.051+0000] {dag.py:3834} INFO - Setting next_dagrun for Gold_training_Pipeline to 2024-10-14 00:00:00+00:00, run_after=2024-10-15 00:00:00+00:00
[2024-10-14T04:34:25.111+0000] {processor.py:183} INFO - Processing /opt/airflow/dags/gold_training_pipeline.py took 3.071 seconds
[2024-10-14T04:34:55.427+0000] {processor.py:161} INFO - Started process (PID=3377) to work on /opt/airflow/dags/gold_training_pipeline.py
[2024-10-14T04:34:55.428+0000] {processor.py:830} INFO - Processing file /opt/airflow/dags/gold_training_pipeline.py for tasks to queue
[2024-10-14T04:34:55.429+0000] {logging_mixin.py:188} INFO - [2024-10-14T04:34:55.429+0000] {dagbag.py:540} INFO - Filling up the DagBag from /opt/airflow/dags/gold_training_pipeline.py
[2024-10-14T04:34:58.425+0000] {processor.py:840} INFO - DAG(s) 'Gold_training_Pipeline' retrieved from /opt/airflow/dags/gold_training_pipeline.py
[2024-10-14T04:34:58.532+0000] {logging_mixin.py:188} INFO - [2024-10-14T04:34:58.532+0000] {dag.py:3047} INFO - Sync 1 DAGs
[2024-10-14T04:34:58.589+0000] {logging_mixin.py:188} INFO - [2024-10-14T04:34:58.588+0000] {dag.py:3834} INFO - Setting next_dagrun for Gold_training_Pipeline to 2024-10-14 00:00:00+00:00, run_after=2024-10-15 00:00:00+00:00
[2024-10-14T04:34:58.644+0000] {processor.py:183} INFO - Processing /opt/airflow/dags/gold_training_pipeline.py took 3.219 seconds
[2024-10-14T04:35:28.838+0000] {processor.py:161} INFO - Started process (PID=3455) to work on /opt/airflow/dags/gold_training_pipeline.py
[2024-10-14T04:35:28.846+0000] {processor.py:830} INFO - Processing file /opt/airflow/dags/gold_training_pipeline.py for tasks to queue
[2024-10-14T04:35:28.864+0000] {logging_mixin.py:188} INFO - [2024-10-14T04:35:28.864+0000] {dagbag.py:540} INFO - Filling up the DagBag from /opt/airflow/dags/gold_training_pipeline.py
[2024-10-14T04:35:31.547+0000] {processor.py:840} INFO - DAG(s) 'Gold_training_Pipeline' retrieved from /opt/airflow/dags/gold_training_pipeline.py
[2024-10-14T04:35:31.729+0000] {logging_mixin.py:188} INFO - [2024-10-14T04:35:31.728+0000] {dag.py:3047} INFO - Sync 1 DAGs
[2024-10-14T04:35:31.786+0000] {logging_mixin.py:188} INFO - [2024-10-14T04:35:31.786+0000] {dag.py:3834} INFO - Setting next_dagrun for Gold_training_Pipeline to 2024-10-14 00:00:00+00:00, run_after=2024-10-15 00:00:00+00:00
[2024-10-14T04:35:31.839+0000] {processor.py:183} INFO - Processing /opt/airflow/dags/gold_training_pipeline.py took 3.003 seconds
[2024-10-14T04:36:02.055+0000] {processor.py:161} INFO - Started process (PID=3535) to work on /opt/airflow/dags/gold_training_pipeline.py
[2024-10-14T04:36:02.056+0000] {processor.py:830} INFO - Processing file /opt/airflow/dags/gold_training_pipeline.py for tasks to queue
[2024-10-14T04:36:02.057+0000] {logging_mixin.py:188} INFO - [2024-10-14T04:36:02.057+0000] {dagbag.py:540} INFO - Filling up the DagBag from /opt/airflow/dags/gold_training_pipeline.py
[2024-10-14T04:36:05.243+0000] {processor.py:840} INFO - DAG(s) 'Gold_training_Pipeline' retrieved from /opt/airflow/dags/gold_training_pipeline.py
[2024-10-14T04:36:05.343+0000] {logging_mixin.py:188} INFO - [2024-10-14T04:36:05.343+0000] {dag.py:3047} INFO - Sync 1 DAGs
[2024-10-14T04:36:05.379+0000] {logging_mixin.py:188} INFO - [2024-10-14T04:36:05.379+0000] {dag.py:3834} INFO - Setting next_dagrun for Gold_training_Pipeline to 2024-10-14 00:00:00+00:00, run_after=2024-10-15 00:00:00+00:00
[2024-10-14T04:36:05.409+0000] {processor.py:183} INFO - Processing /opt/airflow/dags/gold_training_pipeline.py took 3.357 seconds
[2024-10-14T04:36:35.755+0000] {processor.py:161} INFO - Started process (PID=3620) to work on /opt/airflow/dags/gold_training_pipeline.py
[2024-10-14T04:36:35.761+0000] {processor.py:830} INFO - Processing file /opt/airflow/dags/gold_training_pipeline.py for tasks to queue
[2024-10-14T04:36:35.762+0000] {logging_mixin.py:188} INFO - [2024-10-14T04:36:35.762+0000] {dagbag.py:540} INFO - Filling up the DagBag from /opt/airflow/dags/gold_training_pipeline.py
[2024-10-14T04:36:38.505+0000] {processor.py:840} INFO - DAG(s) 'Gold_training_Pipeline' retrieved from /opt/airflow/dags/gold_training_pipeline.py
[2024-10-14T04:36:38.607+0000] {logging_mixin.py:188} INFO - [2024-10-14T04:36:38.606+0000] {dag.py:3047} INFO - Sync 1 DAGs
[2024-10-14T04:36:38.661+0000] {logging_mixin.py:188} INFO - [2024-10-14T04:36:38.661+0000] {dag.py:3834} INFO - Setting next_dagrun for Gold_training_Pipeline to 2024-10-14 00:00:00+00:00, run_after=2024-10-15 00:00:00+00:00
[2024-10-14T04:36:38.718+0000] {processor.py:183} INFO - Processing /opt/airflow/dags/gold_training_pipeline.py took 2.967 seconds
[2024-10-14T04:37:09.127+0000] {processor.py:161} INFO - Started process (PID=3703) to work on /opt/airflow/dags/gold_training_pipeline.py
[2024-10-14T04:37:09.128+0000] {processor.py:830} INFO - Processing file /opt/airflow/dags/gold_training_pipeline.py for tasks to queue
[2024-10-14T04:37:09.129+0000] {logging_mixin.py:188} INFO - [2024-10-14T04:37:09.129+0000] {dagbag.py:540} INFO - Filling up the DagBag from /opt/airflow/dags/gold_training_pipeline.py
[2024-10-14T04:37:12.497+0000] {processor.py:840} INFO - DAG(s) 'Gold_training_Pipeline' retrieved from /opt/airflow/dags/gold_training_pipeline.py
[2024-10-14T04:37:12.588+0000] {logging_mixin.py:188} INFO - [2024-10-14T04:37:12.587+0000] {dag.py:3047} INFO - Sync 1 DAGs
[2024-10-14T04:37:12.629+0000] {logging_mixin.py:188} INFO - [2024-10-14T04:37:12.629+0000] {dag.py:3834} INFO - Setting next_dagrun for Gold_training_Pipeline to 2024-10-14 00:00:00+00:00, run_after=2024-10-15 00:00:00+00:00
[2024-10-14T04:37:12.675+0000] {processor.py:183} INFO - Processing /opt/airflow/dags/gold_training_pipeline.py took 3.551 seconds
[2024-10-14T04:37:43.389+0000] {processor.py:161} INFO - Started process (PID=3788) to work on /opt/airflow/dags/gold_training_pipeline.py
[2024-10-14T04:37:43.395+0000] {processor.py:830} INFO - Processing file /opt/airflow/dags/gold_training_pipeline.py for tasks to queue
[2024-10-14T04:37:43.402+0000] {logging_mixin.py:188} INFO - [2024-10-14T04:37:43.402+0000] {dagbag.py:540} INFO - Filling up the DagBag from /opt/airflow/dags/gold_training_pipeline.py
[2024-10-14T04:37:46.704+0000] {processor.py:840} INFO - DAG(s) 'Gold_training_Pipeline' retrieved from /opt/airflow/dags/gold_training_pipeline.py
[2024-10-14T04:37:46.802+0000] {logging_mixin.py:188} INFO - [2024-10-14T04:37:46.802+0000] {dag.py:3047} INFO - Sync 1 DAGs
[2024-10-14T04:37:46.848+0000] {logging_mixin.py:188} INFO - [2024-10-14T04:37:46.848+0000] {dag.py:3834} INFO - Setting next_dagrun for Gold_training_Pipeline to 2024-10-14 00:00:00+00:00, run_after=2024-10-15 00:00:00+00:00
[2024-10-14T04:37:46.895+0000] {processor.py:183} INFO - Processing /opt/airflow/dags/gold_training_pipeline.py took 3.512 seconds
[2024-10-14T04:38:17.288+0000] {processor.py:161} INFO - Started process (PID=3869) to work on /opt/airflow/dags/gold_training_pipeline.py
[2024-10-14T04:38:17.289+0000] {processor.py:830} INFO - Processing file /opt/airflow/dags/gold_training_pipeline.py for tasks to queue
[2024-10-14T04:38:17.289+0000] {logging_mixin.py:188} INFO - [2024-10-14T04:38:17.289+0000] {dagbag.py:540} INFO - Filling up the DagBag from /opt/airflow/dags/gold_training_pipeline.py
[2024-10-14T04:38:20.523+0000] {processor.py:840} INFO - DAG(s) 'Gold_training_Pipeline' retrieved from /opt/airflow/dags/gold_training_pipeline.py
[2024-10-14T04:38:20.592+0000] {logging_mixin.py:188} INFO - [2024-10-14T04:38:20.592+0000] {dag.py:3047} INFO - Sync 1 DAGs
[2024-10-14T04:38:20.620+0000] {logging_mixin.py:188} INFO - [2024-10-14T04:38:20.620+0000] {dag.py:3834} INFO - Setting next_dagrun for Gold_training_Pipeline to 2024-10-14 00:00:00+00:00, run_after=2024-10-15 00:00:00+00:00
[2024-10-14T04:38:20.655+0000] {processor.py:183} INFO - Processing /opt/airflow/dags/gold_training_pipeline.py took 3.370 seconds
[2024-10-14T04:38:50.880+0000] {processor.py:161} INFO - Started process (PID=3949) to work on /opt/airflow/dags/gold_training_pipeline.py
[2024-10-14T04:38:50.884+0000] {processor.py:830} INFO - Processing file /opt/airflow/dags/gold_training_pipeline.py for tasks to queue
[2024-10-14T04:38:50.890+0000] {logging_mixin.py:188} INFO - [2024-10-14T04:38:50.890+0000] {dagbag.py:540} INFO - Filling up the DagBag from /opt/airflow/dags/gold_training_pipeline.py
[2024-10-14T04:38:53.983+0000] {processor.py:840} INFO - DAG(s) 'Gold_training_Pipeline' retrieved from /opt/airflow/dags/gold_training_pipeline.py
[2024-10-14T04:38:54.152+0000] {logging_mixin.py:188} INFO - [2024-10-14T04:38:54.151+0000] {dag.py:3047} INFO - Sync 1 DAGs
[2024-10-14T04:38:54.222+0000] {logging_mixin.py:188} INFO - [2024-10-14T04:38:54.221+0000] {dag.py:3834} INFO - Setting next_dagrun for Gold_training_Pipeline to 2024-10-14 00:00:00+00:00, run_after=2024-10-15 00:00:00+00:00
[2024-10-14T04:38:54.293+0000] {processor.py:183} INFO - Processing /opt/airflow/dags/gold_training_pipeline.py took 3.418 seconds
[2024-10-14T04:39:24.526+0000] {processor.py:161} INFO - Started process (PID=4034) to work on /opt/airflow/dags/gold_training_pipeline.py
[2024-10-14T04:39:24.527+0000] {processor.py:830} INFO - Processing file /opt/airflow/dags/gold_training_pipeline.py for tasks to queue
[2024-10-14T04:39:24.528+0000] {logging_mixin.py:188} INFO - [2024-10-14T04:39:24.528+0000] {dagbag.py:540} INFO - Filling up the DagBag from /opt/airflow/dags/gold_training_pipeline.py
[2024-10-14T04:39:27.250+0000] {processor.py:840} INFO - DAG(s) 'Gold_training_Pipeline' retrieved from /opt/airflow/dags/gold_training_pipeline.py
[2024-10-14T04:39:27.330+0000] {logging_mixin.py:188} INFO - [2024-10-14T04:39:27.330+0000] {dag.py:3047} INFO - Sync 1 DAGs
[2024-10-14T04:39:27.412+0000] {logging_mixin.py:188} INFO - [2024-10-14T04:39:27.412+0000] {dag.py:3834} INFO - Setting next_dagrun for Gold_training_Pipeline to 2024-10-14 00:00:00+00:00, run_after=2024-10-15 00:00:00+00:00
[2024-10-14T04:39:27.468+0000] {processor.py:183} INFO - Processing /opt/airflow/dags/gold_training_pipeline.py took 2.944 seconds
[2024-10-14T04:39:57.685+0000] {processor.py:161} INFO - Started process (PID=4113) to work on /opt/airflow/dags/gold_training_pipeline.py
[2024-10-14T04:39:57.686+0000] {processor.py:830} INFO - Processing file /opt/airflow/dags/gold_training_pipeline.py for tasks to queue
[2024-10-14T04:39:57.687+0000] {logging_mixin.py:188} INFO - [2024-10-14T04:39:57.687+0000] {dagbag.py:540} INFO - Filling up the DagBag from /opt/airflow/dags/gold_training_pipeline.py
[2024-10-14T04:40:00.733+0000] {processor.py:840} INFO - DAG(s) 'Gold_training_Pipeline' retrieved from /opt/airflow/dags/gold_training_pipeline.py
[2024-10-14T04:40:00.813+0000] {logging_mixin.py:188} INFO - [2024-10-14T04:40:00.812+0000] {dag.py:3047} INFO - Sync 1 DAGs
[2024-10-14T04:40:00.980+0000] {logging_mixin.py:188} INFO - [2024-10-14T04:40:00.979+0000] {dag.py:3834} INFO - Setting next_dagrun for Gold_training_Pipeline to 2024-10-14 00:00:00+00:00, run_after=2024-10-15 00:00:00+00:00
[2024-10-14T04:40:01.008+0000] {processor.py:183} INFO - Processing /opt/airflow/dags/gold_training_pipeline.py took 3.326 seconds
[2024-10-14T04:40:31.368+0000] {processor.py:161} INFO - Started process (PID=4191) to work on /opt/airflow/dags/gold_training_pipeline.py
[2024-10-14T04:40:31.372+0000] {processor.py:830} INFO - Processing file /opt/airflow/dags/gold_training_pipeline.py for tasks to queue
[2024-10-14T04:40:31.378+0000] {logging_mixin.py:188} INFO - [2024-10-14T04:40:31.378+0000] {dagbag.py:540} INFO - Filling up the DagBag from /opt/airflow/dags/gold_training_pipeline.py
[2024-10-14T04:40:34.314+0000] {processor.py:840} INFO - DAG(s) 'Gold_training_Pipeline' retrieved from /opt/airflow/dags/gold_training_pipeline.py
[2024-10-14T04:40:34.381+0000] {logging_mixin.py:188} INFO - [2024-10-14T04:40:34.380+0000] {dag.py:3047} INFO - Sync 1 DAGs
[2024-10-14T04:40:34.410+0000] {logging_mixin.py:188} INFO - [2024-10-14T04:40:34.410+0000] {dag.py:3834} INFO - Setting next_dagrun for Gold_training_Pipeline to 2024-10-14 00:00:00+00:00, run_after=2024-10-15 00:00:00+00:00
[2024-10-14T04:40:34.456+0000] {processor.py:183} INFO - Processing /opt/airflow/dags/gold_training_pipeline.py took 3.092 seconds
[2024-10-14T04:41:04.827+0000] {processor.py:161} INFO - Started process (PID=4275) to work on /opt/airflow/dags/gold_training_pipeline.py
[2024-10-14T04:41:04.829+0000] {processor.py:830} INFO - Processing file /opt/airflow/dags/gold_training_pipeline.py for tasks to queue
[2024-10-14T04:41:04.837+0000] {logging_mixin.py:188} INFO - [2024-10-14T04:41:04.837+0000] {dagbag.py:540} INFO - Filling up the DagBag from /opt/airflow/dags/gold_training_pipeline.py
[2024-10-14T04:41:08.184+0000] {processor.py:840} INFO - DAG(s) 'Gold_training_Pipeline' retrieved from /opt/airflow/dags/gold_training_pipeline.py
[2024-10-14T04:41:08.332+0000] {logging_mixin.py:188} INFO - [2024-10-14T04:41:08.331+0000] {dag.py:3047} INFO - Sync 1 DAGs
[2024-10-14T04:41:08.372+0000] {logging_mixin.py:188} INFO - [2024-10-14T04:41:08.371+0000] {dag.py:3834} INFO - Setting next_dagrun for Gold_training_Pipeline to 2024-10-14 00:00:00+00:00, run_after=2024-10-15 00:00:00+00:00
[2024-10-14T04:41:08.410+0000] {processor.py:183} INFO - Processing /opt/airflow/dags/gold_training_pipeline.py took 3.587 seconds
[2024-10-14T04:41:38.926+0000] {processor.py:161} INFO - Started process (PID=4354) to work on /opt/airflow/dags/gold_training_pipeline.py
[2024-10-14T04:41:38.927+0000] {processor.py:830} INFO - Processing file /opt/airflow/dags/gold_training_pipeline.py for tasks to queue
[2024-10-14T04:41:38.928+0000] {logging_mixin.py:188} INFO - [2024-10-14T04:41:38.928+0000] {dagbag.py:540} INFO - Filling up the DagBag from /opt/airflow/dags/gold_training_pipeline.py
[2024-10-14T04:41:42.192+0000] {processor.py:840} INFO - DAG(s) 'Gold_training_Pipeline' retrieved from /opt/airflow/dags/gold_training_pipeline.py
[2024-10-14T04:41:42.303+0000] {logging_mixin.py:188} INFO - [2024-10-14T04:41:42.302+0000] {dag.py:3047} INFO - Sync 1 DAGs
[2024-10-14T04:41:42.341+0000] {logging_mixin.py:188} INFO - [2024-10-14T04:41:42.341+0000] {dag.py:3834} INFO - Setting next_dagrun for Gold_training_Pipeline to 2024-10-14 00:00:00+00:00, run_after=2024-10-15 00:00:00+00:00
[2024-10-14T04:41:42.420+0000] {processor.py:183} INFO - Processing /opt/airflow/dags/gold_training_pipeline.py took 3.499 seconds
[2024-10-14T04:42:13.109+0000] {processor.py:161} INFO - Started process (PID=4433) to work on /opt/airflow/dags/gold_training_pipeline.py
[2024-10-14T04:42:13.121+0000] {processor.py:830} INFO - Processing file /opt/airflow/dags/gold_training_pipeline.py for tasks to queue
[2024-10-14T04:42:13.122+0000] {logging_mixin.py:188} INFO - [2024-10-14T04:42:13.122+0000] {dagbag.py:540} INFO - Filling up the DagBag from /opt/airflow/dags/gold_training_pipeline.py
[2024-10-14T04:42:16.127+0000] {processor.py:840} INFO - DAG(s) 'Gold_training_Pipeline' retrieved from /opt/airflow/dags/gold_training_pipeline.py
[2024-10-14T04:42:16.218+0000] {logging_mixin.py:188} INFO - [2024-10-14T04:42:16.218+0000] {dag.py:3047} INFO - Sync 1 DAGs
[2024-10-14T04:42:16.279+0000] {logging_mixin.py:188} INFO - [2024-10-14T04:42:16.279+0000] {dag.py:3834} INFO - Setting next_dagrun for Gold_training_Pipeline to 2024-10-14 00:00:00+00:00, run_after=2024-10-15 00:00:00+00:00
[2024-10-14T04:42:16.339+0000] {processor.py:183} INFO - Processing /opt/airflow/dags/gold_training_pipeline.py took 3.233 seconds
[2024-10-14T04:42:47.218+0000] {processor.py:161} INFO - Started process (PID=4512) to work on /opt/airflow/dags/gold_training_pipeline.py
[2024-10-14T04:42:47.232+0000] {processor.py:830} INFO - Processing file /opt/airflow/dags/gold_training_pipeline.py for tasks to queue
[2024-10-14T04:42:47.235+0000] {logging_mixin.py:188} INFO - [2024-10-14T04:42:47.235+0000] {dagbag.py:540} INFO - Filling up the DagBag from /opt/airflow/dags/gold_training_pipeline.py
[2024-10-14T04:42:50.368+0000] {processor.py:840} INFO - DAG(s) 'Gold_training_Pipeline' retrieved from /opt/airflow/dags/gold_training_pipeline.py
[2024-10-14T04:42:50.475+0000] {logging_mixin.py:188} INFO - [2024-10-14T04:42:50.474+0000] {dag.py:3047} INFO - Sync 1 DAGs
[2024-10-14T04:42:50.505+0000] {logging_mixin.py:188} INFO - [2024-10-14T04:42:50.505+0000] {dag.py:3834} INFO - Setting next_dagrun for Gold_training_Pipeline to 2024-10-14 00:00:00+00:00, run_after=2024-10-15 00:00:00+00:00
[2024-10-14T04:42:50.575+0000] {processor.py:183} INFO - Processing /opt/airflow/dags/gold_training_pipeline.py took 3.360 seconds
[2024-10-14T04:43:21.016+0000] {processor.py:161} INFO - Started process (PID=4595) to work on /opt/airflow/dags/gold_training_pipeline.py
[2024-10-14T04:43:21.024+0000] {processor.py:830} INFO - Processing file /opt/airflow/dags/gold_training_pipeline.py for tasks to queue
[2024-10-14T04:43:21.029+0000] {logging_mixin.py:188} INFO - [2024-10-14T04:43:21.025+0000] {dagbag.py:540} INFO - Filling up the DagBag from /opt/airflow/dags/gold_training_pipeline.py
[2024-10-14T04:43:24.447+0000] {processor.py:840} INFO - DAG(s) 'Gold_training_Pipeline' retrieved from /opt/airflow/dags/gold_training_pipeline.py
[2024-10-14T04:43:24.544+0000] {logging_mixin.py:188} INFO - [2024-10-14T04:43:24.544+0000] {dag.py:3047} INFO - Sync 1 DAGs
[2024-10-14T04:43:24.605+0000] {logging_mixin.py:188} INFO - [2024-10-14T04:43:24.604+0000] {dag.py:3834} INFO - Setting next_dagrun for Gold_training_Pipeline to 2024-10-14 00:00:00+00:00, run_after=2024-10-15 00:00:00+00:00
[2024-10-14T04:43:24.686+0000] {processor.py:183} INFO - Processing /opt/airflow/dags/gold_training_pipeline.py took 3.673 seconds
[2024-10-14T04:43:54.889+0000] {processor.py:161} INFO - Started process (PID=4675) to work on /opt/airflow/dags/gold_training_pipeline.py
[2024-10-14T04:43:54.890+0000] {processor.py:830} INFO - Processing file /opt/airflow/dags/gold_training_pipeline.py for tasks to queue
[2024-10-14T04:43:54.891+0000] {logging_mixin.py:188} INFO - [2024-10-14T04:43:54.891+0000] {dagbag.py:540} INFO - Filling up the DagBag from /opt/airflow/dags/gold_training_pipeline.py
[2024-10-14T04:43:57.834+0000] {processor.py:840} INFO - DAG(s) 'Gold_training_Pipeline' retrieved from /opt/airflow/dags/gold_training_pipeline.py
[2024-10-14T04:43:57.897+0000] {logging_mixin.py:188} INFO - [2024-10-14T04:43:57.897+0000] {dag.py:3047} INFO - Sync 1 DAGs
[2024-10-14T04:43:57.925+0000] {logging_mixin.py:188} INFO - [2024-10-14T04:43:57.925+0000] {dag.py:3834} INFO - Setting next_dagrun for Gold_training_Pipeline to 2024-10-14 00:00:00+00:00, run_after=2024-10-15 00:00:00+00:00
[2024-10-14T04:43:57.962+0000] {processor.py:183} INFO - Processing /opt/airflow/dags/gold_training_pipeline.py took 3.075 seconds
[2024-10-14T04:44:28.398+0000] {processor.py:161} INFO - Started process (PID=4753) to work on /opt/airflow/dags/gold_training_pipeline.py
[2024-10-14T04:44:28.408+0000] {processor.py:830} INFO - Processing file /opt/airflow/dags/gold_training_pipeline.py for tasks to queue
[2024-10-14T04:44:28.413+0000] {logging_mixin.py:188} INFO - [2024-10-14T04:44:28.413+0000] {dagbag.py:540} INFO - Filling up the DagBag from /opt/airflow/dags/gold_training_pipeline.py
[2024-10-14T04:44:31.599+0000] {processor.py:840} INFO - DAG(s) 'Gold_training_Pipeline' retrieved from /opt/airflow/dags/gold_training_pipeline.py
[2024-10-14T04:44:31.729+0000] {logging_mixin.py:188} INFO - [2024-10-14T04:44:31.729+0000] {dag.py:3047} INFO - Sync 1 DAGs
[2024-10-14T04:44:31.753+0000] {logging_mixin.py:188} INFO - [2024-10-14T04:44:31.752+0000] {dag.py:3834} INFO - Setting next_dagrun for Gold_training_Pipeline to 2024-10-14 00:00:00+00:00, run_after=2024-10-15 00:00:00+00:00
[2024-10-14T04:44:31.815+0000] {processor.py:183} INFO - Processing /opt/airflow/dags/gold_training_pipeline.py took 3.420 seconds
[2024-10-14T04:45:02.233+0000] {processor.py:161} INFO - Started process (PID=4831) to work on /opt/airflow/dags/gold_training_pipeline.py
[2024-10-14T04:45:02.254+0000] {processor.py:830} INFO - Processing file /opt/airflow/dags/gold_training_pipeline.py for tasks to queue
[2024-10-14T04:45:02.255+0000] {logging_mixin.py:188} INFO - [2024-10-14T04:45:02.255+0000] {dagbag.py:540} INFO - Filling up the DagBag from /opt/airflow/dags/gold_training_pipeline.py
[2024-10-14T04:45:05.993+0000] {processor.py:840} INFO - DAG(s) 'Gold_training_Pipeline' retrieved from /opt/airflow/dags/gold_training_pipeline.py
[2024-10-14T04:45:06.183+0000] {logging_mixin.py:188} INFO - [2024-10-14T04:45:06.183+0000] {dag.py:3047} INFO - Sync 1 DAGs
[2024-10-14T04:45:06.211+0000] {logging_mixin.py:188} INFO - [2024-10-14T04:45:06.211+0000] {dag.py:3834} INFO - Setting next_dagrun for Gold_training_Pipeline to 2024-10-14 00:00:00+00:00, run_after=2024-10-15 00:00:00+00:00
[2024-10-14T04:45:06.278+0000] {processor.py:183} INFO - Processing /opt/airflow/dags/gold_training_pipeline.py took 4.055 seconds
[2024-10-14T04:45:36.843+0000] {processor.py:161} INFO - Started process (PID=4915) to work on /opt/airflow/dags/gold_training_pipeline.py
[2024-10-14T04:45:36.847+0000] {processor.py:830} INFO - Processing file /opt/airflow/dags/gold_training_pipeline.py for tasks to queue
[2024-10-14T04:45:36.848+0000] {logging_mixin.py:188} INFO - [2024-10-14T04:45:36.848+0000] {dagbag.py:540} INFO - Filling up the DagBag from /opt/airflow/dags/gold_training_pipeline.py
[2024-10-14T04:45:40.189+0000] {processor.py:840} INFO - DAG(s) 'Gold_training_Pipeline' retrieved from /opt/airflow/dags/gold_training_pipeline.py
[2024-10-14T04:45:40.234+0000] {logging_mixin.py:188} INFO - [2024-10-14T04:45:40.233+0000] {dag.py:3047} INFO - Sync 1 DAGs
[2024-10-14T04:45:40.259+0000] {logging_mixin.py:188} INFO - [2024-10-14T04:45:40.258+0000] {dag.py:3834} INFO - Setting next_dagrun for Gold_training_Pipeline to 2024-10-14 00:00:00+00:00, run_after=2024-10-15 00:00:00+00:00
[2024-10-14T04:45:40.299+0000] {processor.py:183} INFO - Processing /opt/airflow/dags/gold_training_pipeline.py took 3.458 seconds
