[2024-10-14T04:15:10.489+0000] {processor.py:161} INFO - Started process (PID=255) to work on /opt/airflow/dags/gold_daily_report_generate_pipeline.py
[2024-10-14T04:15:10.490+0000] {processor.py:830} INFO - Processing file /opt/airflow/dags/gold_daily_report_generate_pipeline.py for tasks to queue
[2024-10-14T04:15:10.491+0000] {logging_mixin.py:188} INFO - [2024-10-14T04:15:10.491+0000] {dagbag.py:540} INFO - Filling up the DagBag from /opt/airflow/dags/gold_daily_report_generate_pipeline.py
[2024-10-14T04:15:10.585+0000] {processor.py:840} INFO - DAG(s) 'Daily_Gold_Report_Generate' retrieved from /opt/airflow/dags/gold_daily_report_generate_pipeline.py
[2024-10-14T04:15:10.655+0000] {logging_mixin.py:188} INFO - [2024-10-14T04:15:10.655+0000] {dag.py:3047} INFO - Sync 1 DAGs
[2024-10-14T04:15:10.670+0000] {logging_mixin.py:188} INFO - [2024-10-14T04:15:10.670+0000] {dag.py:3834} INFO - Setting next_dagrun for Daily_Gold_Report_Generate to None, run_after=None
[2024-10-14T04:15:10.703+0000] {processor.py:183} INFO - Processing /opt/airflow/dags/gold_daily_report_generate_pipeline.py took 0.216 seconds
[2024-10-14T04:15:41.212+0000] {processor.py:161} INFO - Started process (PID=517) to work on /opt/airflow/dags/gold_daily_report_generate_pipeline.py
[2024-10-14T04:15:41.228+0000] {processor.py:830} INFO - Processing file /opt/airflow/dags/gold_daily_report_generate_pipeline.py for tasks to queue
[2024-10-14T04:15:41.235+0000] {logging_mixin.py:188} INFO - [2024-10-14T04:15:41.235+0000] {dagbag.py:540} INFO - Filling up the DagBag from /opt/airflow/dags/gold_daily_report_generate_pipeline.py
[2024-10-14T04:15:41.312+0000] {processor.py:840} INFO - DAG(s) 'Daily_Gold_Report_Generate' retrieved from /opt/airflow/dags/gold_daily_report_generate_pipeline.py
[2024-10-14T04:15:41.332+0000] {logging_mixin.py:188} INFO - [2024-10-14T04:15:41.332+0000] {dag.py:3047} INFO - Sync 1 DAGs
[2024-10-14T04:15:41.364+0000] {logging_mixin.py:188} INFO - [2024-10-14T04:15:41.364+0000] {dag.py:3834} INFO - Setting next_dagrun for Daily_Gold_Report_Generate to None, run_after=None
[2024-10-14T04:15:41.481+0000] {processor.py:183} INFO - Processing /opt/airflow/dags/gold_daily_report_generate_pipeline.py took 0.272 seconds
[2024-10-14T04:16:11.869+0000] {processor.py:161} INFO - Started process (PID=588) to work on /opt/airflow/dags/gold_daily_report_generate_pipeline.py
[2024-10-14T04:16:11.879+0000] {processor.py:830} INFO - Processing file /opt/airflow/dags/gold_daily_report_generate_pipeline.py for tasks to queue
[2024-10-14T04:16:11.882+0000] {logging_mixin.py:188} INFO - [2024-10-14T04:16:11.882+0000] {dagbag.py:540} INFO - Filling up the DagBag from /opt/airflow/dags/gold_daily_report_generate_pipeline.py
[2024-10-14T04:16:11.935+0000] {processor.py:840} INFO - DAG(s) 'Daily_Gold_Report_Generate' retrieved from /opt/airflow/dags/gold_daily_report_generate_pipeline.py
[2024-10-14T04:16:11.983+0000] {logging_mixin.py:188} INFO - [2024-10-14T04:16:11.983+0000] {dag.py:3047} INFO - Sync 1 DAGs
[2024-10-14T04:16:12.014+0000] {logging_mixin.py:188} INFO - [2024-10-14T04:16:12.014+0000] {dag.py:3834} INFO - Setting next_dagrun for Daily_Gold_Report_Generate to None, run_after=None
[2024-10-14T04:16:12.072+0000] {processor.py:183} INFO - Processing /opt/airflow/dags/gold_daily_report_generate_pipeline.py took 0.205 seconds
[2024-10-14T04:16:44.535+0000] {processor.py:161} INFO - Started process (PID=669) to work on /opt/airflow/dags/gold_daily_report_generate_pipeline.py
[2024-10-14T04:16:44.542+0000] {processor.py:830} INFO - Processing file /opt/airflow/dags/gold_daily_report_generate_pipeline.py for tasks to queue
[2024-10-14T04:16:44.555+0000] {logging_mixin.py:188} INFO - [2024-10-14T04:16:44.554+0000] {dagbag.py:540} INFO - Filling up the DagBag from /opt/airflow/dags/gold_daily_report_generate_pipeline.py
[2024-10-14T04:16:44.628+0000] {processor.py:840} INFO - DAG(s) 'Daily_Gold_Report_Generate' retrieved from /opt/airflow/dags/gold_daily_report_generate_pipeline.py
[2024-10-14T04:16:44.652+0000] {logging_mixin.py:188} INFO - [2024-10-14T04:16:44.651+0000] {dag.py:3047} INFO - Sync 1 DAGs
[2024-10-14T04:16:44.697+0000] {logging_mixin.py:188} INFO - [2024-10-14T04:16:44.697+0000] {dag.py:3834} INFO - Setting next_dagrun for Daily_Gold_Report_Generate to None, run_after=None
[2024-10-14T04:16:44.859+0000] {processor.py:183} INFO - Processing /opt/airflow/dags/gold_daily_report_generate_pipeline.py took 0.327 seconds
[2024-10-14T04:17:17.057+0000] {processor.py:161} INFO - Started process (PID=748) to work on /opt/airflow/dags/gold_daily_report_generate_pipeline.py
[2024-10-14T04:17:17.059+0000] {processor.py:830} INFO - Processing file /opt/airflow/dags/gold_daily_report_generate_pipeline.py for tasks to queue
[2024-10-14T04:17:17.061+0000] {logging_mixin.py:188} INFO - [2024-10-14T04:17:17.060+0000] {dagbag.py:540} INFO - Filling up the DagBag from /opt/airflow/dags/gold_daily_report_generate_pipeline.py
[2024-10-14T04:17:17.168+0000] {processor.py:840} INFO - DAG(s) 'Daily_Gold_Report_Generate' retrieved from /opt/airflow/dags/gold_daily_report_generate_pipeline.py
[2024-10-14T04:17:17.188+0000] {logging_mixin.py:188} INFO - [2024-10-14T04:17:17.188+0000] {dag.py:3047} INFO - Sync 1 DAGs
[2024-10-14T04:17:17.218+0000] {logging_mixin.py:188} INFO - [2024-10-14T04:17:17.218+0000] {dag.py:3834} INFO - Setting next_dagrun for Daily_Gold_Report_Generate to None, run_after=None
[2024-10-14T04:17:17.317+0000] {processor.py:183} INFO - Processing /opt/airflow/dags/gold_daily_report_generate_pipeline.py took 0.263 seconds
[2024-10-14T04:17:47.855+0000] {processor.py:161} INFO - Started process (PID=801) to work on /opt/airflow/dags/gold_daily_report_generate_pipeline.py
[2024-10-14T04:17:47.856+0000] {processor.py:830} INFO - Processing file /opt/airflow/dags/gold_daily_report_generate_pipeline.py for tasks to queue
[2024-10-14T04:17:47.857+0000] {logging_mixin.py:188} INFO - [2024-10-14T04:17:47.857+0000] {dagbag.py:540} INFO - Filling up the DagBag from /opt/airflow/dags/gold_daily_report_generate_pipeline.py
[2024-10-14T04:17:47.932+0000] {processor.py:840} INFO - DAG(s) 'Daily_Gold_Report_Generate' retrieved from /opt/airflow/dags/gold_daily_report_generate_pipeline.py
[2024-10-14T04:17:47.979+0000] {logging_mixin.py:188} INFO - [2024-10-14T04:17:47.979+0000] {dag.py:3047} INFO - Sync 1 DAGs
[2024-10-14T04:17:48.009+0000] {logging_mixin.py:188} INFO - [2024-10-14T04:17:48.009+0000] {dag.py:3834} INFO - Setting next_dagrun for Daily_Gold_Report_Generate to None, run_after=None
[2024-10-14T04:17:48.070+0000] {processor.py:183} INFO - Processing /opt/airflow/dags/gold_daily_report_generate_pipeline.py took 0.219 seconds
[2024-10-14T04:18:18.305+0000] {processor.py:161} INFO - Started process (PID=877) to work on /opt/airflow/dags/gold_daily_report_generate_pipeline.py
[2024-10-14T04:18:18.308+0000] {processor.py:830} INFO - Processing file /opt/airflow/dags/gold_daily_report_generate_pipeline.py for tasks to queue
[2024-10-14T04:18:18.319+0000] {logging_mixin.py:188} INFO - [2024-10-14T04:18:18.318+0000] {dagbag.py:540} INFO - Filling up the DagBag from /opt/airflow/dags/gold_daily_report_generate_pipeline.py
[2024-10-14T04:18:18.567+0000] {processor.py:840} INFO - DAG(s) 'Daily_Gold_Report_Generate' retrieved from /opt/airflow/dags/gold_daily_report_generate_pipeline.py
[2024-10-14T04:18:18.594+0000] {logging_mixin.py:188} INFO - [2024-10-14T04:18:18.594+0000] {dag.py:3047} INFO - Sync 1 DAGs
[2024-10-14T04:18:18.653+0000] {logging_mixin.py:188} INFO - [2024-10-14T04:18:18.653+0000] {dag.py:3834} INFO - Setting next_dagrun for Daily_Gold_Report_Generate to None, run_after=None
[2024-10-14T04:18:18.710+0000] {processor.py:183} INFO - Processing /opt/airflow/dags/gold_daily_report_generate_pipeline.py took 0.408 seconds
[2024-10-14T04:18:48.927+0000] {processor.py:161} INFO - Started process (PID=955) to work on /opt/airflow/dags/gold_daily_report_generate_pipeline.py
[2024-10-14T04:18:48.928+0000] {processor.py:830} INFO - Processing file /opt/airflow/dags/gold_daily_report_generate_pipeline.py for tasks to queue
[2024-10-14T04:18:48.933+0000] {logging_mixin.py:188} INFO - [2024-10-14T04:18:48.933+0000] {dagbag.py:540} INFO - Filling up the DagBag from /opt/airflow/dags/gold_daily_report_generate_pipeline.py
[2024-10-14T04:18:49.018+0000] {processor.py:840} INFO - DAG(s) 'Daily_Gold_Report_Generate' retrieved from /opt/airflow/dags/gold_daily_report_generate_pipeline.py
[2024-10-14T04:18:49.031+0000] {logging_mixin.py:188} INFO - [2024-10-14T04:18:49.031+0000] {dag.py:3047} INFO - Sync 1 DAGs
[2024-10-14T04:18:49.082+0000] {logging_mixin.py:188} INFO - [2024-10-14T04:18:49.082+0000] {dag.py:3834} INFO - Setting next_dagrun for Daily_Gold_Report_Generate to None, run_after=None
[2024-10-14T04:18:49.207+0000] {processor.py:183} INFO - Processing /opt/airflow/dags/gold_daily_report_generate_pipeline.py took 0.282 seconds
[2024-10-14T04:19:19.792+0000] {processor.py:161} INFO - Started process (PID=1033) to work on /opt/airflow/dags/gold_daily_report_generate_pipeline.py
[2024-10-14T04:19:19.793+0000] {processor.py:830} INFO - Processing file /opt/airflow/dags/gold_daily_report_generate_pipeline.py for tasks to queue
[2024-10-14T04:19:19.794+0000] {logging_mixin.py:188} INFO - [2024-10-14T04:19:19.794+0000] {dagbag.py:540} INFO - Filling up the DagBag from /opt/airflow/dags/gold_daily_report_generate_pipeline.py
[2024-10-14T04:19:19.873+0000] {processor.py:840} INFO - DAG(s) 'Daily_Gold_Report_Generate' retrieved from /opt/airflow/dags/gold_daily_report_generate_pipeline.py
[2024-10-14T04:19:19.892+0000] {logging_mixin.py:188} INFO - [2024-10-14T04:19:19.892+0000] {dag.py:3047} INFO - Sync 1 DAGs
[2024-10-14T04:19:19.962+0000] {logging_mixin.py:188} INFO - [2024-10-14T04:19:19.962+0000] {dag.py:3834} INFO - Setting next_dagrun for Daily_Gold_Report_Generate to None, run_after=None
[2024-10-14T04:19:20.063+0000] {processor.py:183} INFO - Processing /opt/airflow/dags/gold_daily_report_generate_pipeline.py took 0.272 seconds
[2024-10-14T04:19:50.625+0000] {processor.py:161} INFO - Started process (PID=1111) to work on /opt/airflow/dags/gold_daily_report_generate_pipeline.py
[2024-10-14T04:19:50.633+0000] {processor.py:830} INFO - Processing file /opt/airflow/dags/gold_daily_report_generate_pipeline.py for tasks to queue
[2024-10-14T04:19:50.634+0000] {logging_mixin.py:188} INFO - [2024-10-14T04:19:50.634+0000] {dagbag.py:540} INFO - Filling up the DagBag from /opt/airflow/dags/gold_daily_report_generate_pipeline.py
[2024-10-14T04:19:50.873+0000] {processor.py:840} INFO - DAG(s) 'Daily_Gold_Report_Generate' retrieved from /opt/airflow/dags/gold_daily_report_generate_pipeline.py
[2024-10-14T04:19:50.896+0000] {logging_mixin.py:188} INFO - [2024-10-14T04:19:50.896+0000] {dag.py:3047} INFO - Sync 1 DAGs
[2024-10-14T04:19:50.955+0000] {logging_mixin.py:188} INFO - [2024-10-14T04:19:50.955+0000] {dag.py:3834} INFO - Setting next_dagrun for Daily_Gold_Report_Generate to None, run_after=None
[2024-10-14T04:19:50.985+0000] {processor.py:183} INFO - Processing /opt/airflow/dags/gold_daily_report_generate_pipeline.py took 0.362 seconds
[2024-10-14T04:20:21.138+0000] {processor.py:161} INFO - Started process (PID=1211) to work on /opt/airflow/dags/gold_daily_report_generate_pipeline.py
[2024-10-14T04:20:21.141+0000] {processor.py:830} INFO - Processing file /opt/airflow/dags/gold_daily_report_generate_pipeline.py for tasks to queue
[2024-10-14T04:20:21.142+0000] {logging_mixin.py:188} INFO - [2024-10-14T04:20:21.142+0000] {dagbag.py:540} INFO - Filling up the DagBag from /opt/airflow/dags/gold_daily_report_generate_pipeline.py
[2024-10-14T04:20:21.366+0000] {processor.py:840} INFO - DAG(s) 'Daily_Gold_Report_Generate' retrieved from /opt/airflow/dags/gold_daily_report_generate_pipeline.py
[2024-10-14T04:20:21.415+0000] {logging_mixin.py:188} INFO - [2024-10-14T04:20:21.415+0000] {dag.py:3047} INFO - Sync 1 DAGs
[2024-10-14T04:20:21.448+0000] {logging_mixin.py:188} INFO - [2024-10-14T04:20:21.447+0000] {dag.py:3834} INFO - Setting next_dagrun for Daily_Gold_Report_Generate to None, run_after=None
[2024-10-14T04:20:21.535+0000] {processor.py:183} INFO - Processing /opt/airflow/dags/gold_daily_report_generate_pipeline.py took 0.358 seconds
[2024-10-14T04:20:52.594+0000] {processor.py:161} INFO - Started process (PID=1374) to work on /opt/airflow/dags/gold_daily_report_generate_pipeline.py
[2024-10-14T04:20:52.602+0000] {processor.py:830} INFO - Processing file /opt/airflow/dags/gold_daily_report_generate_pipeline.py for tasks to queue
[2024-10-14T04:20:52.604+0000] {logging_mixin.py:188} INFO - [2024-10-14T04:20:52.603+0000] {dagbag.py:540} INFO - Filling up the DagBag from /opt/airflow/dags/gold_daily_report_generate_pipeline.py
[2024-10-14T04:20:52.785+0000] {processor.py:840} INFO - DAG(s) 'Daily_Gold_Report_Generate' retrieved from /opt/airflow/dags/gold_daily_report_generate_pipeline.py
[2024-10-14T04:20:52.817+0000] {logging_mixin.py:188} INFO - [2024-10-14T04:20:52.817+0000] {dag.py:3047} INFO - Sync 1 DAGs
[2024-10-14T04:20:52.887+0000] {logging_mixin.py:188} INFO - [2024-10-14T04:20:52.887+0000] {dag.py:3834} INFO - Setting next_dagrun for Daily_Gold_Report_Generate to None, run_after=None
[2024-10-14T04:20:53.036+0000] {processor.py:183} INFO - Processing /opt/airflow/dags/gold_daily_report_generate_pipeline.py took 0.449 seconds
[2024-10-14T04:21:23.382+0000] {processor.py:161} INFO - Started process (PID=1453) to work on /opt/airflow/dags/gold_daily_report_generate_pipeline.py
[2024-10-14T04:21:23.384+0000] {processor.py:830} INFO - Processing file /opt/airflow/dags/gold_daily_report_generate_pipeline.py for tasks to queue
[2024-10-14T04:21:23.388+0000] {logging_mixin.py:188} INFO - [2024-10-14T04:21:23.388+0000] {dagbag.py:540} INFO - Filling up the DagBag from /opt/airflow/dags/gold_daily_report_generate_pipeline.py
[2024-10-14T04:21:23.444+0000] {processor.py:840} INFO - DAG(s) 'Daily_Gold_Report_Generate' retrieved from /opt/airflow/dags/gold_daily_report_generate_pipeline.py
[2024-10-14T04:21:23.461+0000] {logging_mixin.py:188} INFO - [2024-10-14T04:21:23.461+0000] {dag.py:3047} INFO - Sync 1 DAGs
[2024-10-14T04:21:23.494+0000] {logging_mixin.py:188} INFO - [2024-10-14T04:21:23.493+0000] {dag.py:3834} INFO - Setting next_dagrun for Daily_Gold_Report_Generate to None, run_after=None
[2024-10-14T04:21:23.549+0000] {processor.py:183} INFO - Processing /opt/airflow/dags/gold_daily_report_generate_pipeline.py took 0.170 seconds
[2024-10-14T04:21:54.181+0000] {processor.py:161} INFO - Started process (PID=1532) to work on /opt/airflow/dags/gold_daily_report_generate_pipeline.py
[2024-10-14T04:21:54.182+0000] {processor.py:830} INFO - Processing file /opt/airflow/dags/gold_daily_report_generate_pipeline.py for tasks to queue
[2024-10-14T04:21:54.189+0000] {logging_mixin.py:188} INFO - [2024-10-14T04:21:54.188+0000] {dagbag.py:540} INFO - Filling up the DagBag from /opt/airflow/dags/gold_daily_report_generate_pipeline.py
[2024-10-14T04:21:54.271+0000] {processor.py:840} INFO - DAG(s) 'Daily_Gold_Report_Generate' retrieved from /opt/airflow/dags/gold_daily_report_generate_pipeline.py
[2024-10-14T04:21:54.333+0000] {logging_mixin.py:188} INFO - [2024-10-14T04:21:54.332+0000] {dag.py:3047} INFO - Sync 1 DAGs
[2024-10-14T04:21:54.408+0000] {logging_mixin.py:188} INFO - [2024-10-14T04:21:54.408+0000] {dag.py:3834} INFO - Setting next_dagrun for Daily_Gold_Report_Generate to None, run_after=None
[2024-10-14T04:21:54.458+0000] {processor.py:183} INFO - Processing /opt/airflow/dags/gold_daily_report_generate_pipeline.py took 0.281 seconds
[2024-10-14T04:22:25.968+0000] {processor.py:161} INFO - Started process (PID=1609) to work on /opt/airflow/dags/gold_daily_report_generate_pipeline.py
[2024-10-14T04:22:25.970+0000] {processor.py:830} INFO - Processing file /opt/airflow/dags/gold_daily_report_generate_pipeline.py for tasks to queue
[2024-10-14T04:22:25.971+0000] {logging_mixin.py:188} INFO - [2024-10-14T04:22:25.971+0000] {dagbag.py:540} INFO - Filling up the DagBag from /opt/airflow/dags/gold_daily_report_generate_pipeline.py
[2024-10-14T04:22:26.088+0000] {processor.py:840} INFO - DAG(s) 'Daily_Gold_Report_Generate' retrieved from /opt/airflow/dags/gold_daily_report_generate_pipeline.py
[2024-10-14T04:22:26.163+0000] {logging_mixin.py:188} INFO - [2024-10-14T04:22:26.163+0000] {dag.py:3047} INFO - Sync 1 DAGs
[2024-10-14T04:22:26.224+0000] {logging_mixin.py:188} INFO - [2024-10-14T04:22:26.213+0000] {dag.py:3834} INFO - Setting next_dagrun for Daily_Gold_Report_Generate to None, run_after=None
[2024-10-14T04:22:26.301+0000] {processor.py:183} INFO - Processing /opt/airflow/dags/gold_daily_report_generate_pipeline.py took 0.335 seconds
[2024-10-14T04:22:56.619+0000] {processor.py:161} INFO - Started process (PID=1643) to work on /opt/airflow/dags/gold_daily_report_generate_pipeline.py
[2024-10-14T04:22:56.622+0000] {processor.py:830} INFO - Processing file /opt/airflow/dags/gold_daily_report_generate_pipeline.py for tasks to queue
[2024-10-14T04:22:56.624+0000] {logging_mixin.py:188} INFO - [2024-10-14T04:22:56.623+0000] {dagbag.py:540} INFO - Filling up the DagBag from /opt/airflow/dags/gold_daily_report_generate_pipeline.py
[2024-10-14T04:22:56.679+0000] {processor.py:840} INFO - DAG(s) 'Daily_Gold_Report_Generate' retrieved from /opt/airflow/dags/gold_daily_report_generate_pipeline.py
[2024-10-14T04:22:56.712+0000] {logging_mixin.py:188} INFO - [2024-10-14T04:22:56.712+0000] {dag.py:3047} INFO - Sync 1 DAGs
[2024-10-14T04:22:56.757+0000] {logging_mixin.py:188} INFO - [2024-10-14T04:22:56.757+0000] {dag.py:3834} INFO - Setting next_dagrun for Daily_Gold_Report_Generate to None, run_after=None
[2024-10-14T04:22:56.816+0000] {processor.py:183} INFO - Processing /opt/airflow/dags/gold_daily_report_generate_pipeline.py took 0.200 seconds
[2024-10-14T04:23:27.356+0000] {processor.py:161} INFO - Started process (PID=1719) to work on /opt/airflow/dags/gold_daily_report_generate_pipeline.py
[2024-10-14T04:23:27.362+0000] {processor.py:830} INFO - Processing file /opt/airflow/dags/gold_daily_report_generate_pipeline.py for tasks to queue
[2024-10-14T04:23:27.363+0000] {logging_mixin.py:188} INFO - [2024-10-14T04:23:27.363+0000] {dagbag.py:540} INFO - Filling up the DagBag from /opt/airflow/dags/gold_daily_report_generate_pipeline.py
[2024-10-14T04:23:27.426+0000] {processor.py:840} INFO - DAG(s) 'Daily_Gold_Report_Generate' retrieved from /opt/airflow/dags/gold_daily_report_generate_pipeline.py
[2024-10-14T04:23:27.448+0000] {logging_mixin.py:188} INFO - [2024-10-14T04:23:27.448+0000] {dag.py:3047} INFO - Sync 1 DAGs
[2024-10-14T04:23:27.485+0000] {logging_mixin.py:188} INFO - [2024-10-14T04:23:27.485+0000] {dag.py:3834} INFO - Setting next_dagrun for Daily_Gold_Report_Generate to None, run_after=None
[2024-10-14T04:23:27.563+0000] {processor.py:183} INFO - Processing /opt/airflow/dags/gold_daily_report_generate_pipeline.py took 0.210 seconds
[2024-10-14T04:23:58.530+0000] {processor.py:161} INFO - Started process (PID=1798) to work on /opt/airflow/dags/gold_daily_report_generate_pipeline.py
[2024-10-14T04:23:58.531+0000] {processor.py:830} INFO - Processing file /opt/airflow/dags/gold_daily_report_generate_pipeline.py for tasks to queue
[2024-10-14T04:23:58.532+0000] {logging_mixin.py:188} INFO - [2024-10-14T04:23:58.532+0000] {dagbag.py:540} INFO - Filling up the DagBag from /opt/airflow/dags/gold_daily_report_generate_pipeline.py
[2024-10-14T04:23:58.715+0000] {processor.py:840} INFO - DAG(s) 'Daily_Gold_Report_Generate' retrieved from /opt/airflow/dags/gold_daily_report_generate_pipeline.py
[2024-10-14T04:23:58.764+0000] {logging_mixin.py:188} INFO - [2024-10-14T04:23:58.764+0000] {dag.py:3047} INFO - Sync 1 DAGs
[2024-10-14T04:23:58.801+0000] {logging_mixin.py:188} INFO - [2024-10-14T04:23:58.800+0000] {dag.py:3834} INFO - Setting next_dagrun for Daily_Gold_Report_Generate to None, run_after=None
[2024-10-14T04:23:58.851+0000] {processor.py:183} INFO - Processing /opt/airflow/dags/gold_daily_report_generate_pipeline.py took 0.325 seconds
[2024-10-14T04:24:29.095+0000] {processor.py:161} INFO - Started process (PID=1877) to work on /opt/airflow/dags/gold_daily_report_generate_pipeline.py
[2024-10-14T04:24:29.096+0000] {processor.py:830} INFO - Processing file /opt/airflow/dags/gold_daily_report_generate_pipeline.py for tasks to queue
[2024-10-14T04:24:29.097+0000] {logging_mixin.py:188} INFO - [2024-10-14T04:24:29.097+0000] {dagbag.py:540} INFO - Filling up the DagBag from /opt/airflow/dags/gold_daily_report_generate_pipeline.py
[2024-10-14T04:24:29.181+0000] {processor.py:840} INFO - DAG(s) 'Daily_Gold_Report_Generate' retrieved from /opt/airflow/dags/gold_daily_report_generate_pipeline.py
[2024-10-14T04:24:29.201+0000] {logging_mixin.py:188} INFO - [2024-10-14T04:24:29.201+0000] {dag.py:3047} INFO - Sync 1 DAGs
[2024-10-14T04:24:29.283+0000] {logging_mixin.py:188} INFO - [2024-10-14T04:24:29.282+0000] {dag.py:3834} INFO - Setting next_dagrun for Daily_Gold_Report_Generate to None, run_after=None
[2024-10-14T04:24:29.384+0000] {processor.py:183} INFO - Processing /opt/airflow/dags/gold_daily_report_generate_pipeline.py took 0.292 seconds
[2024-10-14T04:24:59.762+0000] {processor.py:161} INFO - Started process (PID=1955) to work on /opt/airflow/dags/gold_daily_report_generate_pipeline.py
[2024-10-14T04:24:59.763+0000] {processor.py:830} INFO - Processing file /opt/airflow/dags/gold_daily_report_generate_pipeline.py for tasks to queue
[2024-10-14T04:24:59.764+0000] {logging_mixin.py:188} INFO - [2024-10-14T04:24:59.764+0000] {dagbag.py:540} INFO - Filling up the DagBag from /opt/airflow/dags/gold_daily_report_generate_pipeline.py
[2024-10-14T04:24:59.981+0000] {processor.py:840} INFO - DAG(s) 'Daily_Gold_Report_Generate' retrieved from /opt/airflow/dags/gold_daily_report_generate_pipeline.py
[2024-10-14T04:25:00.012+0000] {logging_mixin.py:188} INFO - [2024-10-14T04:25:00.011+0000] {dag.py:3047} INFO - Sync 1 DAGs
[2024-10-14T04:25:00.063+0000] {logging_mixin.py:188} INFO - [2024-10-14T04:25:00.062+0000] {dag.py:3834} INFO - Setting next_dagrun for Daily_Gold_Report_Generate to None, run_after=None
[2024-10-14T04:25:00.174+0000] {processor.py:183} INFO - Processing /opt/airflow/dags/gold_daily_report_generate_pipeline.py took 0.414 seconds
[2024-10-14T04:25:30.554+0000] {processor.py:161} INFO - Started process (PID=2040) to work on /opt/airflow/dags/gold_daily_report_generate_pipeline.py
[2024-10-14T04:25:30.569+0000] {processor.py:830} INFO - Processing file /opt/airflow/dags/gold_daily_report_generate_pipeline.py for tasks to queue
[2024-10-14T04:25:30.570+0000] {logging_mixin.py:188} INFO - [2024-10-14T04:25:30.570+0000] {dagbag.py:540} INFO - Filling up the DagBag from /opt/airflow/dags/gold_daily_report_generate_pipeline.py
[2024-10-14T04:25:30.670+0000] {processor.py:840} INFO - DAG(s) 'Daily_Gold_Report_Generate' retrieved from /opt/airflow/dags/gold_daily_report_generate_pipeline.py
[2024-10-14T04:25:30.693+0000] {logging_mixin.py:188} INFO - [2024-10-14T04:25:30.693+0000] {dag.py:3047} INFO - Sync 1 DAGs
[2024-10-14T04:25:30.710+0000] {logging_mixin.py:188} INFO - [2024-10-14T04:25:30.710+0000] {dag.py:3834} INFO - Setting next_dagrun for Daily_Gold_Report_Generate to None, run_after=None
[2024-10-14T04:25:30.727+0000] {processor.py:183} INFO - Processing /opt/airflow/dags/gold_daily_report_generate_pipeline.py took 0.176 seconds
[2024-10-14T04:26:01.220+0000] {processor.py:161} INFO - Started process (PID=2119) to work on /opt/airflow/dags/gold_daily_report_generate_pipeline.py
[2024-10-14T04:26:01.222+0000] {processor.py:830} INFO - Processing file /opt/airflow/dags/gold_daily_report_generate_pipeline.py for tasks to queue
[2024-10-14T04:26:01.223+0000] {logging_mixin.py:188} INFO - [2024-10-14T04:26:01.223+0000] {dagbag.py:540} INFO - Filling up the DagBag from /opt/airflow/dags/gold_daily_report_generate_pipeline.py
[2024-10-14T04:26:01.359+0000] {processor.py:840} INFO - DAG(s) 'Daily_Gold_Report_Generate' retrieved from /opt/airflow/dags/gold_daily_report_generate_pipeline.py
[2024-10-14T04:26:01.405+0000] {logging_mixin.py:188} INFO - [2024-10-14T04:26:01.404+0000] {dag.py:3047} INFO - Sync 1 DAGs
[2024-10-14T04:26:01.469+0000] {logging_mixin.py:188} INFO - [2024-10-14T04:26:01.468+0000] {dag.py:3834} INFO - Setting next_dagrun for Daily_Gold_Report_Generate to None, run_after=None
[2024-10-14T04:26:01.571+0000] {processor.py:183} INFO - Processing /opt/airflow/dags/gold_daily_report_generate_pipeline.py took 0.356 seconds
[2024-10-14T04:26:32.707+0000] {processor.py:161} INFO - Started process (PID=2197) to work on /opt/airflow/dags/gold_daily_report_generate_pipeline.py
[2024-10-14T04:26:32.709+0000] {processor.py:830} INFO - Processing file /opt/airflow/dags/gold_daily_report_generate_pipeline.py for tasks to queue
[2024-10-14T04:26:32.710+0000] {logging_mixin.py:188} INFO - [2024-10-14T04:26:32.710+0000] {dagbag.py:540} INFO - Filling up the DagBag from /opt/airflow/dags/gold_daily_report_generate_pipeline.py
[2024-10-14T04:26:32.838+0000] {processor.py:840} INFO - DAG(s) 'Daily_Gold_Report_Generate' retrieved from /opt/airflow/dags/gold_daily_report_generate_pipeline.py
[2024-10-14T04:26:32.858+0000] {logging_mixin.py:188} INFO - [2024-10-14T04:26:32.858+0000] {dag.py:3047} INFO - Sync 1 DAGs
[2024-10-14T04:26:32.936+0000] {logging_mixin.py:188} INFO - [2024-10-14T04:26:32.936+0000] {dag.py:3834} INFO - Setting next_dagrun for Daily_Gold_Report_Generate to None, run_after=None
[2024-10-14T04:26:33.137+0000] {processor.py:183} INFO - Processing /opt/airflow/dags/gold_daily_report_generate_pipeline.py took 0.433 seconds
[2024-10-14T04:27:03.683+0000] {processor.py:161} INFO - Started process (PID=2273) to work on /opt/airflow/dags/gold_daily_report_generate_pipeline.py
[2024-10-14T04:27:03.694+0000] {processor.py:830} INFO - Processing file /opt/airflow/dags/gold_daily_report_generate_pipeline.py for tasks to queue
[2024-10-14T04:27:03.697+0000] {logging_mixin.py:188} INFO - [2024-10-14T04:27:03.697+0000] {dagbag.py:540} INFO - Filling up the DagBag from /opt/airflow/dags/gold_daily_report_generate_pipeline.py
[2024-10-14T04:27:03.800+0000] {processor.py:840} INFO - DAG(s) 'Daily_Gold_Report_Generate' retrieved from /opt/airflow/dags/gold_daily_report_generate_pipeline.py
[2024-10-14T04:27:03.850+0000] {logging_mixin.py:188} INFO - [2024-10-14T04:27:03.850+0000] {dag.py:3047} INFO - Sync 1 DAGs
[2024-10-14T04:27:03.896+0000] {logging_mixin.py:188} INFO - [2024-10-14T04:27:03.895+0000] {dag.py:3834} INFO - Setting next_dagrun for Daily_Gold_Report_Generate to None, run_after=None
[2024-10-14T04:27:03.943+0000] {processor.py:183} INFO - Processing /opt/airflow/dags/gold_daily_report_generate_pipeline.py took 0.262 seconds
[2024-10-14T04:27:34.196+0000] {processor.py:161} INFO - Started process (PID=2326) to work on /opt/airflow/dags/gold_daily_report_generate_pipeline.py
[2024-10-14T04:27:34.197+0000] {processor.py:830} INFO - Processing file /opt/airflow/dags/gold_daily_report_generate_pipeline.py for tasks to queue
[2024-10-14T04:27:34.204+0000] {logging_mixin.py:188} INFO - [2024-10-14T04:27:34.204+0000] {dagbag.py:540} INFO - Filling up the DagBag from /opt/airflow/dags/gold_daily_report_generate_pipeline.py
[2024-10-14T04:27:34.332+0000] {processor.py:840} INFO - DAG(s) 'Daily_Gold_Report_Generate' retrieved from /opt/airflow/dags/gold_daily_report_generate_pipeline.py
[2024-10-14T04:27:34.381+0000] {logging_mixin.py:188} INFO - [2024-10-14T04:27:34.381+0000] {dag.py:3047} INFO - Sync 1 DAGs
[2024-10-14T04:27:34.413+0000] {logging_mixin.py:188} INFO - [2024-10-14T04:27:34.412+0000] {dag.py:3834} INFO - Setting next_dagrun for Daily_Gold_Report_Generate to None, run_after=None
[2024-10-14T04:27:34.457+0000] {processor.py:183} INFO - Processing /opt/airflow/dags/gold_daily_report_generate_pipeline.py took 0.264 seconds
[2024-10-14T04:28:05.451+0000] {processor.py:161} INFO - Started process (PID=2400) to work on /opt/airflow/dags/gold_daily_report_generate_pipeline.py
[2024-10-14T04:28:05.453+0000] {processor.py:830} INFO - Processing file /opt/airflow/dags/gold_daily_report_generate_pipeline.py for tasks to queue
[2024-10-14T04:28:05.455+0000] {logging_mixin.py:188} INFO - [2024-10-14T04:28:05.454+0000] {dagbag.py:540} INFO - Filling up the DagBag from /opt/airflow/dags/gold_daily_report_generate_pipeline.py
[2024-10-14T04:28:05.581+0000] {processor.py:840} INFO - DAG(s) 'Daily_Gold_Report_Generate' retrieved from /opt/airflow/dags/gold_daily_report_generate_pipeline.py
[2024-10-14T04:28:05.627+0000] {logging_mixin.py:188} INFO - [2024-10-14T04:28:05.627+0000] {dag.py:3047} INFO - Sync 1 DAGs
[2024-10-14T04:28:05.654+0000] {logging_mixin.py:188} INFO - [2024-10-14T04:28:05.654+0000] {dag.py:3834} INFO - Setting next_dagrun for Daily_Gold_Report_Generate to None, run_after=None
[2024-10-14T04:28:05.716+0000] {processor.py:183} INFO - Processing /opt/airflow/dags/gold_daily_report_generate_pipeline.py took 0.268 seconds
[2024-10-14T04:28:38.223+0000] {processor.py:161} INFO - Started process (PID=2478) to work on /opt/airflow/dags/gold_daily_report_generate_pipeline.py
[2024-10-14T04:28:38.224+0000] {processor.py:830} INFO - Processing file /opt/airflow/dags/gold_daily_report_generate_pipeline.py for tasks to queue
[2024-10-14T04:28:38.230+0000] {logging_mixin.py:188} INFO - [2024-10-14T04:28:38.229+0000] {dagbag.py:540} INFO - Filling up the DagBag from /opt/airflow/dags/gold_daily_report_generate_pipeline.py
[2024-10-14T04:28:38.340+0000] {processor.py:840} INFO - DAG(s) 'Daily_Gold_Report_Generate' retrieved from /opt/airflow/dags/gold_daily_report_generate_pipeline.py
[2024-10-14T04:28:38.365+0000] {logging_mixin.py:188} INFO - [2024-10-14T04:28:38.365+0000] {dag.py:3047} INFO - Sync 1 DAGs
[2024-10-14T04:28:38.396+0000] {logging_mixin.py:188} INFO - [2024-10-14T04:28:38.396+0000] {dag.py:3834} INFO - Setting next_dagrun for Daily_Gold_Report_Generate to None, run_after=None
[2024-10-14T04:28:38.460+0000] {processor.py:183} INFO - Processing /opt/airflow/dags/gold_daily_report_generate_pipeline.py took 0.240 seconds
[2024-10-14T04:29:08.870+0000] {processor.py:161} INFO - Started process (PID=2531) to work on /opt/airflow/dags/gold_daily_report_generate_pipeline.py
[2024-10-14T04:29:08.871+0000] {processor.py:830} INFO - Processing file /opt/airflow/dags/gold_daily_report_generate_pipeline.py for tasks to queue
[2024-10-14T04:29:08.872+0000] {logging_mixin.py:188} INFO - [2024-10-14T04:29:08.872+0000] {dagbag.py:540} INFO - Filling up the DagBag from /opt/airflow/dags/gold_daily_report_generate_pipeline.py
[2024-10-14T04:29:08.974+0000] {processor.py:840} INFO - DAG(s) 'Daily_Gold_Report_Generate' retrieved from /opt/airflow/dags/gold_daily_report_generate_pipeline.py
[2024-10-14T04:29:09.025+0000] {logging_mixin.py:188} INFO - [2024-10-14T04:29:09.024+0000] {dag.py:3047} INFO - Sync 1 DAGs
[2024-10-14T04:29:09.045+0000] {logging_mixin.py:188} INFO - [2024-10-14T04:29:09.045+0000] {dag.py:3834} INFO - Setting next_dagrun for Daily_Gold_Report_Generate to None, run_after=None
[2024-10-14T04:29:09.088+0000] {processor.py:183} INFO - Processing /opt/airflow/dags/gold_daily_report_generate_pipeline.py took 0.222 seconds
[2024-10-14T04:29:39.430+0000] {processor.py:161} INFO - Started process (PID=2607) to work on /opt/airflow/dags/gold_daily_report_generate_pipeline.py
[2024-10-14T04:29:39.442+0000] {processor.py:830} INFO - Processing file /opt/airflow/dags/gold_daily_report_generate_pipeline.py for tasks to queue
[2024-10-14T04:29:39.443+0000] {logging_mixin.py:188} INFO - [2024-10-14T04:29:39.443+0000] {dagbag.py:540} INFO - Filling up the DagBag from /opt/airflow/dags/gold_daily_report_generate_pipeline.py
[2024-10-14T04:29:39.524+0000] {processor.py:840} INFO - DAG(s) 'Daily_Gold_Report_Generate' retrieved from /opt/airflow/dags/gold_daily_report_generate_pipeline.py
[2024-10-14T04:29:39.586+0000] {logging_mixin.py:188} INFO - [2024-10-14T04:29:39.585+0000] {dag.py:3047} INFO - Sync 1 DAGs
[2024-10-14T04:29:39.655+0000] {logging_mixin.py:188} INFO - [2024-10-14T04:29:39.654+0000] {dag.py:3834} INFO - Setting next_dagrun for Daily_Gold_Report_Generate to None, run_after=None
[2024-10-14T04:29:39.770+0000] {processor.py:183} INFO - Processing /opt/airflow/dags/gold_daily_report_generate_pipeline.py took 0.343 seconds
[2024-10-14T04:30:10.239+0000] {processor.py:161} INFO - Started process (PID=2686) to work on /opt/airflow/dags/gold_daily_report_generate_pipeline.py
[2024-10-14T04:30:10.246+0000] {processor.py:830} INFO - Processing file /opt/airflow/dags/gold_daily_report_generate_pipeline.py for tasks to queue
[2024-10-14T04:30:10.255+0000] {logging_mixin.py:188} INFO - [2024-10-14T04:30:10.253+0000] {dagbag.py:540} INFO - Filling up the DagBag from /opt/airflow/dags/gold_daily_report_generate_pipeline.py
[2024-10-14T04:30:10.508+0000] {processor.py:840} INFO - DAG(s) 'Daily_Gold_Report_Generate' retrieved from /opt/airflow/dags/gold_daily_report_generate_pipeline.py
[2024-10-14T04:30:10.551+0000] {logging_mixin.py:188} INFO - [2024-10-14T04:30:10.551+0000] {dag.py:3047} INFO - Sync 1 DAGs
[2024-10-14T04:30:10.599+0000] {logging_mixin.py:188} INFO - [2024-10-14T04:30:10.598+0000] {dag.py:3834} INFO - Setting next_dagrun for Daily_Gold_Report_Generate to None, run_after=None
[2024-10-14T04:30:10.693+0000] {processor.py:183} INFO - Processing /opt/airflow/dags/gold_daily_report_generate_pipeline.py took 0.458 seconds
[2024-10-14T04:30:41.171+0000] {processor.py:161} INFO - Started process (PID=2765) to work on /opt/airflow/dags/gold_daily_report_generate_pipeline.py
[2024-10-14T04:30:41.171+0000] {processor.py:830} INFO - Processing file /opt/airflow/dags/gold_daily_report_generate_pipeline.py for tasks to queue
[2024-10-14T04:30:41.172+0000] {logging_mixin.py:188} INFO - [2024-10-14T04:30:41.172+0000] {dagbag.py:540} INFO - Filling up the DagBag from /opt/airflow/dags/gold_daily_report_generate_pipeline.py
[2024-10-14T04:30:41.240+0000] {processor.py:840} INFO - DAG(s) 'Daily_Gold_Report_Generate' retrieved from /opt/airflow/dags/gold_daily_report_generate_pipeline.py
[2024-10-14T04:30:41.278+0000] {logging_mixin.py:188} INFO - [2024-10-14T04:30:41.278+0000] {dag.py:3047} INFO - Sync 1 DAGs
[2024-10-14T04:30:41.330+0000] {logging_mixin.py:188} INFO - [2024-10-14T04:30:41.330+0000] {dag.py:3834} INFO - Setting next_dagrun for Daily_Gold_Report_Generate to None, run_after=None
[2024-10-14T04:30:41.381+0000] {processor.py:183} INFO - Processing /opt/airflow/dags/gold_daily_report_generate_pipeline.py took 0.213 seconds
[2024-10-14T04:31:11.589+0000] {processor.py:161} INFO - Started process (PID=2842) to work on /opt/airflow/dags/gold_daily_report_generate_pipeline.py
[2024-10-14T04:31:11.605+0000] {processor.py:830} INFO - Processing file /opt/airflow/dags/gold_daily_report_generate_pipeline.py for tasks to queue
[2024-10-14T04:31:11.607+0000] {logging_mixin.py:188} INFO - [2024-10-14T04:31:11.606+0000] {dagbag.py:540} INFO - Filling up the DagBag from /opt/airflow/dags/gold_daily_report_generate_pipeline.py
[2024-10-14T04:31:11.663+0000] {processor.py:840} INFO - DAG(s) 'Daily_Gold_Report_Generate' retrieved from /opt/airflow/dags/gold_daily_report_generate_pipeline.py
[2024-10-14T04:31:11.682+0000] {logging_mixin.py:188} INFO - [2024-10-14T04:31:11.682+0000] {dag.py:3047} INFO - Sync 1 DAGs
[2024-10-14T04:31:11.743+0000] {logging_mixin.py:188} INFO - [2024-10-14T04:31:11.742+0000] {dag.py:3834} INFO - Setting next_dagrun for Daily_Gold_Report_Generate to None, run_after=None
[2024-10-14T04:31:11.796+0000] {processor.py:183} INFO - Processing /opt/airflow/dags/gold_daily_report_generate_pipeline.py took 0.210 seconds
[2024-10-14T04:31:42.281+0000] {processor.py:161} INFO - Started process (PID=2917) to work on /opt/airflow/dags/gold_daily_report_generate_pipeline.py
[2024-10-14T04:31:42.282+0000] {processor.py:830} INFO - Processing file /opt/airflow/dags/gold_daily_report_generate_pipeline.py for tasks to queue
[2024-10-14T04:31:42.283+0000] {logging_mixin.py:188} INFO - [2024-10-14T04:31:42.283+0000] {dagbag.py:540} INFO - Filling up the DagBag from /opt/airflow/dags/gold_daily_report_generate_pipeline.py
[2024-10-14T04:31:42.351+0000] {processor.py:840} INFO - DAG(s) 'Daily_Gold_Report_Generate' retrieved from /opt/airflow/dags/gold_daily_report_generate_pipeline.py
[2024-10-14T04:31:42.373+0000] {logging_mixin.py:188} INFO - [2024-10-14T04:31:42.373+0000] {dag.py:3047} INFO - Sync 1 DAGs
[2024-10-14T04:31:42.416+0000] {logging_mixin.py:188} INFO - [2024-10-14T04:31:42.415+0000] {dag.py:3834} INFO - Setting next_dagrun for Daily_Gold_Report_Generate to None, run_after=None
[2024-10-14T04:31:42.522+0000] {processor.py:183} INFO - Processing /opt/airflow/dags/gold_daily_report_generate_pipeline.py took 0.243 seconds
[2024-10-14T04:32:13.057+0000] {processor.py:161} INFO - Started process (PID=2996) to work on /opt/airflow/dags/gold_daily_report_generate_pipeline.py
[2024-10-14T04:32:13.058+0000] {processor.py:830} INFO - Processing file /opt/airflow/dags/gold_daily_report_generate_pipeline.py for tasks to queue
[2024-10-14T04:32:13.059+0000] {logging_mixin.py:188} INFO - [2024-10-14T04:32:13.059+0000] {dagbag.py:540} INFO - Filling up the DagBag from /opt/airflow/dags/gold_daily_report_generate_pipeline.py
[2024-10-14T04:32:13.112+0000] {processor.py:840} INFO - DAG(s) 'Daily_Gold_Report_Generate' retrieved from /opt/airflow/dags/gold_daily_report_generate_pipeline.py
[2024-10-14T04:32:13.149+0000] {logging_mixin.py:188} INFO - [2024-10-14T04:32:13.149+0000] {dag.py:3047} INFO - Sync 1 DAGs
[2024-10-14T04:32:13.218+0000] {logging_mixin.py:188} INFO - [2024-10-14T04:32:13.218+0000] {dag.py:3834} INFO - Setting next_dagrun for Daily_Gold_Report_Generate to None, run_after=None
[2024-10-14T04:32:13.252+0000] {processor.py:183} INFO - Processing /opt/airflow/dags/gold_daily_report_generate_pipeline.py took 0.198 seconds
[2024-10-14T04:32:44.017+0000] {processor.py:161} INFO - Started process (PID=3073) to work on /opt/airflow/dags/gold_daily_report_generate_pipeline.py
[2024-10-14T04:32:44.018+0000] {processor.py:830} INFO - Processing file /opt/airflow/dags/gold_daily_report_generate_pipeline.py for tasks to queue
[2024-10-14T04:32:44.019+0000] {logging_mixin.py:188} INFO - [2024-10-14T04:32:44.019+0000] {dagbag.py:540} INFO - Filling up the DagBag from /opt/airflow/dags/gold_daily_report_generate_pipeline.py
[2024-10-14T04:32:44.108+0000] {processor.py:840} INFO - DAG(s) 'Daily_Gold_Report_Generate' retrieved from /opt/airflow/dags/gold_daily_report_generate_pipeline.py
[2024-10-14T04:32:44.133+0000] {logging_mixin.py:188} INFO - [2024-10-14T04:32:44.133+0000] {dag.py:3047} INFO - Sync 1 DAGs
[2024-10-14T04:32:44.159+0000] {logging_mixin.py:188} INFO - [2024-10-14T04:32:44.158+0000] {dag.py:3834} INFO - Setting next_dagrun for Daily_Gold_Report_Generate to None, run_after=None
[2024-10-14T04:32:44.209+0000] {processor.py:183} INFO - Processing /opt/airflow/dags/gold_daily_report_generate_pipeline.py took 0.194 seconds
[2024-10-14T04:33:14.461+0000] {processor.py:161} INFO - Started process (PID=3129) to work on /opt/airflow/dags/gold_daily_report_generate_pipeline.py
[2024-10-14T04:33:14.465+0000] {processor.py:830} INFO - Processing file /opt/airflow/dags/gold_daily_report_generate_pipeline.py for tasks to queue
[2024-10-14T04:33:14.473+0000] {logging_mixin.py:188} INFO - [2024-10-14T04:33:14.471+0000] {dagbag.py:540} INFO - Filling up the DagBag from /opt/airflow/dags/gold_daily_report_generate_pipeline.py
[2024-10-14T04:33:14.538+0000] {processor.py:840} INFO - DAG(s) 'Daily_Gold_Report_Generate' retrieved from /opt/airflow/dags/gold_daily_report_generate_pipeline.py
[2024-10-14T04:33:14.563+0000] {logging_mixin.py:188} INFO - [2024-10-14T04:33:14.563+0000] {dag.py:3047} INFO - Sync 1 DAGs
[2024-10-14T04:33:14.591+0000] {logging_mixin.py:188} INFO - [2024-10-14T04:33:14.591+0000] {dag.py:3834} INFO - Setting next_dagrun for Daily_Gold_Report_Generate to None, run_after=None
[2024-10-14T04:33:14.626+0000] {processor.py:183} INFO - Processing /opt/airflow/dags/gold_daily_report_generate_pipeline.py took 0.167 seconds
[2024-10-14T04:33:44.914+0000] {processor.py:161} INFO - Started process (PID=3208) to work on /opt/airflow/dags/gold_daily_report_generate_pipeline.py
[2024-10-14T04:33:44.917+0000] {processor.py:830} INFO - Processing file /opt/airflow/dags/gold_daily_report_generate_pipeline.py for tasks to queue
[2024-10-14T04:33:44.924+0000] {logging_mixin.py:188} INFO - [2024-10-14T04:33:44.924+0000] {dagbag.py:540} INFO - Filling up the DagBag from /opt/airflow/dags/gold_daily_report_generate_pipeline.py
[2024-10-14T04:33:45.017+0000] {processor.py:840} INFO - DAG(s) 'Daily_Gold_Report_Generate' retrieved from /opt/airflow/dags/gold_daily_report_generate_pipeline.py
[2024-10-14T04:33:45.038+0000] {logging_mixin.py:188} INFO - [2024-10-14T04:33:45.038+0000] {dag.py:3047} INFO - Sync 1 DAGs
[2024-10-14T04:33:45.085+0000] {logging_mixin.py:188} INFO - [2024-10-14T04:33:45.085+0000] {dag.py:3834} INFO - Setting next_dagrun for Daily_Gold_Report_Generate to None, run_after=None
[2024-10-14T04:33:45.141+0000] {processor.py:183} INFO - Processing /opt/airflow/dags/gold_daily_report_generate_pipeline.py took 0.231 seconds
[2024-10-14T04:34:15.851+0000] {processor.py:161} INFO - Started process (PID=3287) to work on /opt/airflow/dags/gold_daily_report_generate_pipeline.py
[2024-10-14T04:34:15.852+0000] {processor.py:830} INFO - Processing file /opt/airflow/dags/gold_daily_report_generate_pipeline.py for tasks to queue
[2024-10-14T04:34:15.853+0000] {logging_mixin.py:188} INFO - [2024-10-14T04:34:15.853+0000] {dagbag.py:540} INFO - Filling up the DagBag from /opt/airflow/dags/gold_daily_report_generate_pipeline.py
[2024-10-14T04:34:15.910+0000] {processor.py:840} INFO - DAG(s) 'Daily_Gold_Report_Generate' retrieved from /opt/airflow/dags/gold_daily_report_generate_pipeline.py
[2024-10-14T04:34:15.932+0000] {logging_mixin.py:188} INFO - [2024-10-14T04:34:15.932+0000] {dag.py:3047} INFO - Sync 1 DAGs
[2024-10-14T04:34:15.986+0000] {logging_mixin.py:188} INFO - [2024-10-14T04:34:15.986+0000] {dag.py:3834} INFO - Setting next_dagrun for Daily_Gold_Report_Generate to None, run_after=None
[2024-10-14T04:34:16.002+0000] {processor.py:183} INFO - Processing /opt/airflow/dags/gold_daily_report_generate_pipeline.py took 0.154 seconds
[2024-10-14T04:34:46.276+0000] {processor.py:161} INFO - Started process (PID=3366) to work on /opt/airflow/dags/gold_daily_report_generate_pipeline.py
[2024-10-14T04:34:46.277+0000] {processor.py:830} INFO - Processing file /opt/airflow/dags/gold_daily_report_generate_pipeline.py for tasks to queue
[2024-10-14T04:34:46.278+0000] {logging_mixin.py:188} INFO - [2024-10-14T04:34:46.278+0000] {dagbag.py:540} INFO - Filling up the DagBag from /opt/airflow/dags/gold_daily_report_generate_pipeline.py
[2024-10-14T04:34:46.338+0000] {processor.py:840} INFO - DAG(s) 'Daily_Gold_Report_Generate' retrieved from /opt/airflow/dags/gold_daily_report_generate_pipeline.py
[2024-10-14T04:34:46.369+0000] {logging_mixin.py:188} INFO - [2024-10-14T04:34:46.368+0000] {dag.py:3047} INFO - Sync 1 DAGs
[2024-10-14T04:34:46.417+0000] {logging_mixin.py:188} INFO - [2024-10-14T04:34:46.416+0000] {dag.py:3834} INFO - Setting next_dagrun for Daily_Gold_Report_Generate to None, run_after=None
[2024-10-14T04:34:46.529+0000] {processor.py:183} INFO - Processing /opt/airflow/dags/gold_daily_report_generate_pipeline.py took 0.256 seconds
[2024-10-14T04:35:16.661+0000] {processor.py:161} INFO - Started process (PID=3444) to work on /opt/airflow/dags/gold_daily_report_generate_pipeline.py
[2024-10-14T04:35:16.662+0000] {processor.py:830} INFO - Processing file /opt/airflow/dags/gold_daily_report_generate_pipeline.py for tasks to queue
[2024-10-14T04:35:16.663+0000] {logging_mixin.py:188} INFO - [2024-10-14T04:35:16.663+0000] {dagbag.py:540} INFO - Filling up the DagBag from /opt/airflow/dags/gold_daily_report_generate_pipeline.py
[2024-10-14T04:35:16.731+0000] {processor.py:840} INFO - DAG(s) 'Daily_Gold_Report_Generate' retrieved from /opt/airflow/dags/gold_daily_report_generate_pipeline.py
[2024-10-14T04:35:16.752+0000] {logging_mixin.py:188} INFO - [2024-10-14T04:35:16.752+0000] {dag.py:3047} INFO - Sync 1 DAGs
[2024-10-14T04:35:16.780+0000] {logging_mixin.py:188} INFO - [2024-10-14T04:35:16.779+0000] {dag.py:3834} INFO - Setting next_dagrun for Daily_Gold_Report_Generate to None, run_after=None
[2024-10-14T04:35:16.824+0000] {processor.py:183} INFO - Processing /opt/airflow/dags/gold_daily_report_generate_pipeline.py took 0.165 seconds
[2024-10-14T04:35:47.243+0000] {processor.py:161} INFO - Started process (PID=3524) to work on /opt/airflow/dags/gold_daily_report_generate_pipeline.py
[2024-10-14T04:35:47.244+0000] {processor.py:830} INFO - Processing file /opt/airflow/dags/gold_daily_report_generate_pipeline.py for tasks to queue
[2024-10-14T04:35:47.245+0000] {logging_mixin.py:188} INFO - [2024-10-14T04:35:47.244+0000] {dagbag.py:540} INFO - Filling up the DagBag from /opt/airflow/dags/gold_daily_report_generate_pipeline.py
[2024-10-14T04:35:47.291+0000] {processor.py:840} INFO - DAG(s) 'Daily_Gold_Report_Generate' retrieved from /opt/airflow/dags/gold_daily_report_generate_pipeline.py
[2024-10-14T04:35:47.309+0000] {logging_mixin.py:188} INFO - [2024-10-14T04:35:47.309+0000] {dag.py:3047} INFO - Sync 1 DAGs
[2024-10-14T04:35:47.330+0000] {logging_mixin.py:188} INFO - [2024-10-14T04:35:47.330+0000] {dag.py:3834} INFO - Setting next_dagrun for Daily_Gold_Report_Generate to None, run_after=None
[2024-10-14T04:35:47.380+0000] {processor.py:183} INFO - Processing /opt/airflow/dags/gold_daily_report_generate_pipeline.py took 0.139 seconds
[2024-10-14T04:36:17.764+0000] {processor.py:161} INFO - Started process (PID=3582) to work on /opt/airflow/dags/gold_daily_report_generate_pipeline.py
[2024-10-14T04:36:17.768+0000] {processor.py:830} INFO - Processing file /opt/airflow/dags/gold_daily_report_generate_pipeline.py for tasks to queue
[2024-10-14T04:36:17.775+0000] {logging_mixin.py:188} INFO - [2024-10-14T04:36:17.774+0000] {dagbag.py:540} INFO - Filling up the DagBag from /opt/airflow/dags/gold_daily_report_generate_pipeline.py
[2024-10-14T04:36:17.890+0000] {processor.py:840} INFO - DAG(s) 'Daily_Gold_Report_Generate' retrieved from /opt/airflow/dags/gold_daily_report_generate_pipeline.py
[2024-10-14T04:36:17.968+0000] {logging_mixin.py:188} INFO - [2024-10-14T04:36:17.968+0000] {dag.py:3047} INFO - Sync 1 DAGs
[2024-10-14T04:36:18.004+0000] {logging_mixin.py:188} INFO - [2024-10-14T04:36:18.004+0000] {dag.py:3834} INFO - Setting next_dagrun for Daily_Gold_Report_Generate to None, run_after=None
[2024-10-14T04:36:18.058+0000] {processor.py:183} INFO - Processing /opt/airflow/dags/gold_daily_report_generate_pipeline.py took 0.299 seconds
[2024-10-14T04:36:48.412+0000] {processor.py:161} INFO - Started process (PID=3657) to work on /opt/airflow/dags/gold_daily_report_generate_pipeline.py
[2024-10-14T04:36:48.413+0000] {processor.py:830} INFO - Processing file /opt/airflow/dags/gold_daily_report_generate_pipeline.py for tasks to queue
[2024-10-14T04:36:48.417+0000] {logging_mixin.py:188} INFO - [2024-10-14T04:36:48.417+0000] {dagbag.py:540} INFO - Filling up the DagBag from /opt/airflow/dags/gold_daily_report_generate_pipeline.py
[2024-10-14T04:36:48.631+0000] {processor.py:840} INFO - DAG(s) 'Daily_Gold_Report_Generate' retrieved from /opt/airflow/dags/gold_daily_report_generate_pipeline.py
[2024-10-14T04:36:48.663+0000] {logging_mixin.py:188} INFO - [2024-10-14T04:36:48.663+0000] {dag.py:3047} INFO - Sync 1 DAGs
[2024-10-14T04:36:48.721+0000] {logging_mixin.py:188} INFO - [2024-10-14T04:36:48.721+0000] {dag.py:3834} INFO - Setting next_dagrun for Daily_Gold_Report_Generate to None, run_after=None
[2024-10-14T04:36:48.763+0000] {processor.py:183} INFO - Processing /opt/airflow/dags/gold_daily_report_generate_pipeline.py took 0.355 seconds
[2024-10-14T04:37:18.934+0000] {processor.py:161} INFO - Started process (PID=3736) to work on /opt/airflow/dags/gold_daily_report_generate_pipeline.py
[2024-10-14T04:37:18.935+0000] {processor.py:830} INFO - Processing file /opt/airflow/dags/gold_daily_report_generate_pipeline.py for tasks to queue
[2024-10-14T04:37:18.936+0000] {logging_mixin.py:188} INFO - [2024-10-14T04:37:18.935+0000] {dagbag.py:540} INFO - Filling up the DagBag from /opt/airflow/dags/gold_daily_report_generate_pipeline.py
[2024-10-14T04:37:19.017+0000] {processor.py:840} INFO - DAG(s) 'Daily_Gold_Report_Generate' retrieved from /opt/airflow/dags/gold_daily_report_generate_pipeline.py
[2024-10-14T04:37:19.082+0000] {logging_mixin.py:188} INFO - [2024-10-14T04:37:19.082+0000] {dag.py:3047} INFO - Sync 1 DAGs
[2024-10-14T04:37:19.135+0000] {logging_mixin.py:188} INFO - [2024-10-14T04:37:19.135+0000] {dag.py:3834} INFO - Setting next_dagrun for Daily_Gold_Report_Generate to None, run_after=None
[2024-10-14T04:37:19.289+0000] {processor.py:183} INFO - Processing /opt/airflow/dags/gold_daily_report_generate_pipeline.py took 0.357 seconds
[2024-10-14T04:37:49.931+0000] {processor.py:161} INFO - Started process (PID=3815) to work on /opt/airflow/dags/gold_daily_report_generate_pipeline.py
[2024-10-14T04:37:49.934+0000] {processor.py:830} INFO - Processing file /opt/airflow/dags/gold_daily_report_generate_pipeline.py for tasks to queue
[2024-10-14T04:37:49.935+0000] {logging_mixin.py:188} INFO - [2024-10-14T04:37:49.934+0000] {dagbag.py:540} INFO - Filling up the DagBag from /opt/airflow/dags/gold_daily_report_generate_pipeline.py
[2024-10-14T04:37:50.008+0000] {processor.py:840} INFO - DAG(s) 'Daily_Gold_Report_Generate' retrieved from /opt/airflow/dags/gold_daily_report_generate_pipeline.py
[2024-10-14T04:37:50.028+0000] {logging_mixin.py:188} INFO - [2024-10-14T04:37:50.028+0000] {dag.py:3047} INFO - Sync 1 DAGs
[2024-10-14T04:37:50.060+0000] {logging_mixin.py:188} INFO - [2024-10-14T04:37:50.060+0000] {dag.py:3834} INFO - Setting next_dagrun for Daily_Gold_Report_Generate to None, run_after=None
[2024-10-14T04:37:50.092+0000] {processor.py:183} INFO - Processing /opt/airflow/dags/gold_daily_report_generate_pipeline.py took 0.164 seconds
[2024-10-14T04:38:20.338+0000] {processor.py:161} INFO - Started process (PID=3892) to work on /opt/airflow/dags/gold_daily_report_generate_pipeline.py
[2024-10-14T04:38:20.339+0000] {processor.py:830} INFO - Processing file /opt/airflow/dags/gold_daily_report_generate_pipeline.py for tasks to queue
[2024-10-14T04:38:20.340+0000] {logging_mixin.py:188} INFO - [2024-10-14T04:38:20.339+0000] {dagbag.py:540} INFO - Filling up the DagBag from /opt/airflow/dags/gold_daily_report_generate_pipeline.py
[2024-10-14T04:38:20.416+0000] {processor.py:840} INFO - DAG(s) 'Daily_Gold_Report_Generate' retrieved from /opt/airflow/dags/gold_daily_report_generate_pipeline.py
[2024-10-14T04:38:20.448+0000] {logging_mixin.py:188} INFO - [2024-10-14T04:38:20.448+0000] {dag.py:3047} INFO - Sync 1 DAGs
[2024-10-14T04:38:20.487+0000] {logging_mixin.py:188} INFO - [2024-10-14T04:38:20.486+0000] {dag.py:3834} INFO - Setting next_dagrun for Daily_Gold_Report_Generate to None, run_after=None
[2024-10-14T04:38:20.554+0000] {processor.py:183} INFO - Processing /opt/airflow/dags/gold_daily_report_generate_pipeline.py took 0.222 seconds
[2024-10-14T04:38:50.911+0000] {processor.py:161} INFO - Started process (PID=3950) to work on /opt/airflow/dags/gold_daily_report_generate_pipeline.py
[2024-10-14T04:38:50.912+0000] {processor.py:830} INFO - Processing file /opt/airflow/dags/gold_daily_report_generate_pipeline.py for tasks to queue
[2024-10-14T04:38:50.917+0000] {logging_mixin.py:188} INFO - [2024-10-14T04:38:50.916+0000] {dagbag.py:540} INFO - Filling up the DagBag from /opt/airflow/dags/gold_daily_report_generate_pipeline.py
[2024-10-14T04:38:50.981+0000] {processor.py:840} INFO - DAG(s) 'Daily_Gold_Report_Generate' retrieved from /opt/airflow/dags/gold_daily_report_generate_pipeline.py
[2024-10-14T04:38:51.015+0000] {logging_mixin.py:188} INFO - [2024-10-14T04:38:51.015+0000] {dag.py:3047} INFO - Sync 1 DAGs
[2024-10-14T04:38:51.121+0000] {logging_mixin.py:188} INFO - [2024-10-14T04:38:51.121+0000] {dag.py:3834} INFO - Setting next_dagrun for Daily_Gold_Report_Generate to None, run_after=None
[2024-10-14T04:38:51.148+0000] {processor.py:183} INFO - Processing /opt/airflow/dags/gold_daily_report_generate_pipeline.py took 0.240 seconds
[2024-10-14T04:39:22.037+0000] {processor.py:161} INFO - Started process (PID=4029) to work on /opt/airflow/dags/gold_daily_report_generate_pipeline.py
[2024-10-14T04:39:22.038+0000] {processor.py:830} INFO - Processing file /opt/airflow/dags/gold_daily_report_generate_pipeline.py for tasks to queue
[2024-10-14T04:39:22.053+0000] {logging_mixin.py:188} INFO - [2024-10-14T04:39:22.052+0000] {dagbag.py:540} INFO - Filling up the DagBag from /opt/airflow/dags/gold_daily_report_generate_pipeline.py
[2024-10-14T04:39:22.167+0000] {processor.py:840} INFO - DAG(s) 'Daily_Gold_Report_Generate' retrieved from /opt/airflow/dags/gold_daily_report_generate_pipeline.py
[2024-10-14T04:39:22.195+0000] {logging_mixin.py:188} INFO - [2024-10-14T04:39:22.195+0000] {dag.py:3047} INFO - Sync 1 DAGs
[2024-10-14T04:39:22.254+0000] {logging_mixin.py:188} INFO - [2024-10-14T04:39:22.253+0000] {dag.py:3834} INFO - Setting next_dagrun for Daily_Gold_Report_Generate to None, run_after=None
[2024-10-14T04:39:22.321+0000] {processor.py:183} INFO - Processing /opt/airflow/dags/gold_daily_report_generate_pipeline.py took 0.289 seconds
[2024-10-14T04:39:52.863+0000] {processor.py:161} INFO - Started process (PID=4108) to work on /opt/airflow/dags/gold_daily_report_generate_pipeline.py
[2024-10-14T04:39:52.869+0000] {processor.py:830} INFO - Processing file /opt/airflow/dags/gold_daily_report_generate_pipeline.py for tasks to queue
[2024-10-14T04:39:52.880+0000] {logging_mixin.py:188} INFO - [2024-10-14T04:39:52.880+0000] {dagbag.py:540} INFO - Filling up the DagBag from /opt/airflow/dags/gold_daily_report_generate_pipeline.py
[2024-10-14T04:39:53.085+0000] {processor.py:840} INFO - DAG(s) 'Daily_Gold_Report_Generate' retrieved from /opt/airflow/dags/gold_daily_report_generate_pipeline.py
[2024-10-14T04:39:53.144+0000] {logging_mixin.py:188} INFO - [2024-10-14T04:39:53.143+0000] {dag.py:3047} INFO - Sync 1 DAGs
[2024-10-14T04:39:53.282+0000] {logging_mixin.py:188} INFO - [2024-10-14T04:39:53.282+0000] {dag.py:3834} INFO - Setting next_dagrun for Daily_Gold_Report_Generate to None, run_after=None
[2024-10-14T04:39:53.349+0000] {processor.py:183} INFO - Processing /opt/airflow/dags/gold_daily_report_generate_pipeline.py took 0.489 seconds
[2024-10-14T04:40:23.842+0000] {processor.py:161} INFO - Started process (PID=4184) to work on /opt/airflow/dags/gold_daily_report_generate_pipeline.py
[2024-10-14T04:40:23.878+0000] {processor.py:830} INFO - Processing file /opt/airflow/dags/gold_daily_report_generate_pipeline.py for tasks to queue
[2024-10-14T04:40:23.906+0000] {logging_mixin.py:188} INFO - [2024-10-14T04:40:23.905+0000] {dagbag.py:540} INFO - Filling up the DagBag from /opt/airflow/dags/gold_daily_report_generate_pipeline.py
[2024-10-14T04:40:23.985+0000] {processor.py:840} INFO - DAG(s) 'Daily_Gold_Report_Generate' retrieved from /opt/airflow/dags/gold_daily_report_generate_pipeline.py
[2024-10-14T04:40:24.006+0000] {logging_mixin.py:188} INFO - [2024-10-14T04:40:24.006+0000] {dag.py:3047} INFO - Sync 1 DAGs
[2024-10-14T04:40:24.058+0000] {logging_mixin.py:188} INFO - [2024-10-14T04:40:24.058+0000] {dag.py:3834} INFO - Setting next_dagrun for Daily_Gold_Report_Generate to None, run_after=None
[2024-10-14T04:40:24.127+0000] {processor.py:183} INFO - Processing /opt/airflow/dags/gold_daily_report_generate_pipeline.py took 0.288 seconds
[2024-10-14T04:40:56.228+0000] {processor.py:161} INFO - Started process (PID=4263) to work on /opt/airflow/dags/gold_daily_report_generate_pipeline.py
[2024-10-14T04:40:56.229+0000] {processor.py:830} INFO - Processing file /opt/airflow/dags/gold_daily_report_generate_pipeline.py for tasks to queue
[2024-10-14T04:40:56.230+0000] {logging_mixin.py:188} INFO - [2024-10-14T04:40:56.230+0000] {dagbag.py:540} INFO - Filling up the DagBag from /opt/airflow/dags/gold_daily_report_generate_pipeline.py
[2024-10-14T04:40:56.303+0000] {processor.py:840} INFO - DAG(s) 'Daily_Gold_Report_Generate' retrieved from /opt/airflow/dags/gold_daily_report_generate_pipeline.py
[2024-10-14T04:40:56.327+0000] {logging_mixin.py:188} INFO - [2024-10-14T04:40:56.327+0000] {dag.py:3047} INFO - Sync 1 DAGs
[2024-10-14T04:40:56.411+0000] {logging_mixin.py:188} INFO - [2024-10-14T04:40:56.411+0000] {dag.py:3834} INFO - Setting next_dagrun for Daily_Gold_Report_Generate to None, run_after=None
[2024-10-14T04:40:56.520+0000] {processor.py:183} INFO - Processing /opt/airflow/dags/gold_daily_report_generate_pipeline.py took 0.294 seconds
[2024-10-14T04:41:28.403+0000] {processor.py:161} INFO - Started process (PID=4343) to work on /opt/airflow/dags/gold_daily_report_generate_pipeline.py
[2024-10-14T04:41:28.412+0000] {processor.py:830} INFO - Processing file /opt/airflow/dags/gold_daily_report_generate_pipeline.py for tasks to queue
[2024-10-14T04:41:28.413+0000] {logging_mixin.py:188} INFO - [2024-10-14T04:41:28.413+0000] {dagbag.py:540} INFO - Filling up the DagBag from /opt/airflow/dags/gold_daily_report_generate_pipeline.py
[2024-10-14T04:41:28.499+0000] {processor.py:840} INFO - DAG(s) 'Daily_Gold_Report_Generate' retrieved from /opt/airflow/dags/gold_daily_report_generate_pipeline.py
[2024-10-14T04:41:28.527+0000] {logging_mixin.py:188} INFO - [2024-10-14T04:41:28.526+0000] {dag.py:3047} INFO - Sync 1 DAGs
[2024-10-14T04:41:28.613+0000] {logging_mixin.py:188} INFO - [2024-10-14T04:41:28.613+0000] {dag.py:3834} INFO - Setting next_dagrun for Daily_Gold_Report_Generate to None, run_after=None
[2024-10-14T04:41:28.654+0000] {processor.py:183} INFO - Processing /opt/airflow/dags/gold_daily_report_generate_pipeline.py took 0.254 seconds
[2024-10-14T04:42:00.906+0000] {processor.py:161} INFO - Started process (PID=4420) to work on /opt/airflow/dags/gold_daily_report_generate_pipeline.py
[2024-10-14T04:42:00.907+0000] {processor.py:830} INFO - Processing file /opt/airflow/dags/gold_daily_report_generate_pipeline.py for tasks to queue
[2024-10-14T04:42:00.908+0000] {logging_mixin.py:188} INFO - [2024-10-14T04:42:00.907+0000] {dagbag.py:540} INFO - Filling up the DagBag from /opt/airflow/dags/gold_daily_report_generate_pipeline.py
[2024-10-14T04:42:00.963+0000] {processor.py:840} INFO - DAG(s) 'Daily_Gold_Report_Generate' retrieved from /opt/airflow/dags/gold_daily_report_generate_pipeline.py
[2024-10-14T04:42:00.987+0000] {logging_mixin.py:188} INFO - [2024-10-14T04:42:00.987+0000] {dag.py:3047} INFO - Sync 1 DAGs
[2024-10-14T04:42:01.043+0000] {logging_mixin.py:188} INFO - [2024-10-14T04:42:01.043+0000] {dag.py:3834} INFO - Setting next_dagrun for Daily_Gold_Report_Generate to None, run_after=None
[2024-10-14T04:42:01.130+0000] {processor.py:183} INFO - Processing /opt/airflow/dags/gold_daily_report_generate_pipeline.py took 0.227 seconds
[2024-10-14T04:42:32.668+0000] {processor.py:161} INFO - Started process (PID=4499) to work on /opt/airflow/dags/gold_daily_report_generate_pipeline.py
[2024-10-14T04:42:32.670+0000] {processor.py:830} INFO - Processing file /opt/airflow/dags/gold_daily_report_generate_pipeline.py for tasks to queue
[2024-10-14T04:42:32.671+0000] {logging_mixin.py:188} INFO - [2024-10-14T04:42:32.671+0000] {dagbag.py:540} INFO - Filling up the DagBag from /opt/airflow/dags/gold_daily_report_generate_pipeline.py
[2024-10-14T04:42:32.768+0000] {processor.py:840} INFO - DAG(s) 'Daily_Gold_Report_Generate' retrieved from /opt/airflow/dags/gold_daily_report_generate_pipeline.py
[2024-10-14T04:42:32.792+0000] {logging_mixin.py:188} INFO - [2024-10-14T04:42:32.792+0000] {dag.py:3047} INFO - Sync 1 DAGs
[2024-10-14T04:42:32.826+0000] {logging_mixin.py:188} INFO - [2024-10-14T04:42:32.826+0000] {dag.py:3834} INFO - Setting next_dagrun for Daily_Gold_Report_Generate to None, run_after=None
[2024-10-14T04:42:32.904+0000] {processor.py:183} INFO - Processing /opt/airflow/dags/gold_daily_report_generate_pipeline.py took 0.238 seconds
[2024-10-14T04:43:04.601+0000] {processor.py:161} INFO - Started process (PID=4583) to work on /opt/airflow/dags/gold_daily_report_generate_pipeline.py
[2024-10-14T04:43:04.603+0000] {processor.py:830} INFO - Processing file /opt/airflow/dags/gold_daily_report_generate_pipeline.py for tasks to queue
[2024-10-14T04:43:04.603+0000] {logging_mixin.py:188} INFO - [2024-10-14T04:43:04.603+0000] {dagbag.py:540} INFO - Filling up the DagBag from /opt/airflow/dags/gold_daily_report_generate_pipeline.py
[2024-10-14T04:43:04.738+0000] {processor.py:840} INFO - DAG(s) 'Daily_Gold_Report_Generate' retrieved from /opt/airflow/dags/gold_daily_report_generate_pipeline.py
[2024-10-14T04:43:04.753+0000] {logging_mixin.py:188} INFO - [2024-10-14T04:43:04.753+0000] {dag.py:3047} INFO - Sync 1 DAGs
[2024-10-14T04:43:04.773+0000] {logging_mixin.py:188} INFO - [2024-10-14T04:43:04.773+0000] {dag.py:3834} INFO - Setting next_dagrun for Daily_Gold_Report_Generate to None, run_after=None
[2024-10-14T04:43:04.839+0000] {processor.py:183} INFO - Processing /opt/airflow/dags/gold_daily_report_generate_pipeline.py took 0.241 seconds
[2024-10-14T04:43:36.179+0000] {processor.py:161} INFO - Started process (PID=4662) to work on /opt/airflow/dags/gold_daily_report_generate_pipeline.py
[2024-10-14T04:43:36.181+0000] {processor.py:830} INFO - Processing file /opt/airflow/dags/gold_daily_report_generate_pipeline.py for tasks to queue
[2024-10-14T04:43:36.182+0000] {logging_mixin.py:188} INFO - [2024-10-14T04:43:36.182+0000] {dagbag.py:540} INFO - Filling up the DagBag from /opt/airflow/dags/gold_daily_report_generate_pipeline.py
[2024-10-14T04:43:36.231+0000] {processor.py:840} INFO - DAG(s) 'Daily_Gold_Report_Generate' retrieved from /opt/airflow/dags/gold_daily_report_generate_pipeline.py
[2024-10-14T04:43:36.263+0000] {logging_mixin.py:188} INFO - [2024-10-14T04:43:36.263+0000] {dag.py:3047} INFO - Sync 1 DAGs
[2024-10-14T04:43:36.300+0000] {logging_mixin.py:188} INFO - [2024-10-14T04:43:36.300+0000] {dag.py:3834} INFO - Setting next_dagrun for Daily_Gold_Report_Generate to None, run_after=None
[2024-10-14T04:43:36.344+0000] {processor.py:183} INFO - Processing /opt/airflow/dags/gold_daily_report_generate_pipeline.py took 0.167 seconds
[2024-10-14T04:44:08.104+0000] {processor.py:161} INFO - Started process (PID=4740) to work on /opt/airflow/dags/gold_daily_report_generate_pipeline.py
[2024-10-14T04:44:08.110+0000] {processor.py:830} INFO - Processing file /opt/airflow/dags/gold_daily_report_generate_pipeline.py for tasks to queue
[2024-10-14T04:44:08.113+0000] {logging_mixin.py:188} INFO - [2024-10-14T04:44:08.113+0000] {dagbag.py:540} INFO - Filling up the DagBag from /opt/airflow/dags/gold_daily_report_generate_pipeline.py
[2024-10-14T04:44:08.203+0000] {processor.py:840} INFO - DAG(s) 'Daily_Gold_Report_Generate' retrieved from /opt/airflow/dags/gold_daily_report_generate_pipeline.py
[2024-10-14T04:44:08.256+0000] {logging_mixin.py:188} INFO - [2024-10-14T04:44:08.256+0000] {dag.py:3047} INFO - Sync 1 DAGs
[2024-10-14T04:44:08.294+0000] {logging_mixin.py:188} INFO - [2024-10-14T04:44:08.294+0000] {dag.py:3834} INFO - Setting next_dagrun for Daily_Gold_Report_Generate to None, run_after=None
[2024-10-14T04:44:08.331+0000] {processor.py:183} INFO - Processing /opt/airflow/dags/gold_daily_report_generate_pipeline.py took 0.230 seconds
[2024-10-14T04:44:39.716+0000] {processor.py:161} INFO - Started process (PID=4818) to work on /opt/airflow/dags/gold_daily_report_generate_pipeline.py
[2024-10-14T04:44:39.717+0000] {processor.py:830} INFO - Processing file /opt/airflow/dags/gold_daily_report_generate_pipeline.py for tasks to queue
[2024-10-14T04:44:39.721+0000] {logging_mixin.py:188} INFO - [2024-10-14T04:44:39.721+0000] {dagbag.py:540} INFO - Filling up the DagBag from /opt/airflow/dags/gold_daily_report_generate_pipeline.py
[2024-10-14T04:44:39.783+0000] {processor.py:840} INFO - DAG(s) 'Daily_Gold_Report_Generate' retrieved from /opt/airflow/dags/gold_daily_report_generate_pipeline.py
[2024-10-14T04:44:39.810+0000] {logging_mixin.py:188} INFO - [2024-10-14T04:44:39.810+0000] {dag.py:3047} INFO - Sync 1 DAGs
[2024-10-14T04:44:39.872+0000] {logging_mixin.py:188} INFO - [2024-10-14T04:44:39.871+0000] {dag.py:3834} INFO - Setting next_dagrun for Daily_Gold_Report_Generate to None, run_after=None
[2024-10-14T04:44:39.935+0000] {processor.py:183} INFO - Processing /opt/airflow/dags/gold_daily_report_generate_pipeline.py took 0.222 seconds
[2024-10-14T04:45:12.486+0000] {processor.py:161} INFO - Started process (PID=4896) to work on /opt/airflow/dags/gold_daily_report_generate_pipeline.py
[2024-10-14T04:45:12.488+0000] {processor.py:830} INFO - Processing file /opt/airflow/dags/gold_daily_report_generate_pipeline.py for tasks to queue
[2024-10-14T04:45:12.489+0000] {logging_mixin.py:188} INFO - [2024-10-14T04:45:12.489+0000] {dagbag.py:540} INFO - Filling up the DagBag from /opt/airflow/dags/gold_daily_report_generate_pipeline.py
[2024-10-14T04:45:12.627+0000] {processor.py:840} INFO - DAG(s) 'Daily_Gold_Report_Generate' retrieved from /opt/airflow/dags/gold_daily_report_generate_pipeline.py
[2024-10-14T04:45:12.643+0000] {logging_mixin.py:188} INFO - [2024-10-14T04:45:12.643+0000] {dag.py:3047} INFO - Sync 1 DAGs
[2024-10-14T04:45:12.704+0000] {logging_mixin.py:188} INFO - [2024-10-14T04:45:12.704+0000] {dag.py:3834} INFO - Setting next_dagrun for Daily_Gold_Report_Generate to None, run_after=None
[2024-10-14T04:45:12.753+0000] {processor.py:183} INFO - Processing /opt/airflow/dags/gold_daily_report_generate_pipeline.py took 0.270 seconds
[2024-10-14T04:45:44.510+0000] {processor.py:161} INFO - Started process (PID=4977) to work on /opt/airflow/dags/gold_daily_report_generate_pipeline.py
[2024-10-14T04:45:44.511+0000] {processor.py:830} INFO - Processing file /opt/airflow/dags/gold_daily_report_generate_pipeline.py for tasks to queue
[2024-10-14T04:45:44.527+0000] {logging_mixin.py:188} INFO - [2024-10-14T04:45:44.526+0000] {dagbag.py:540} INFO - Filling up the DagBag from /opt/airflow/dags/gold_daily_report_generate_pipeline.py
[2024-10-14T04:45:44.629+0000] {processor.py:840} INFO - DAG(s) 'Daily_Gold_Report_Generate' retrieved from /opt/airflow/dags/gold_daily_report_generate_pipeline.py
[2024-10-14T04:45:44.658+0000] {logging_mixin.py:188} INFO - [2024-10-14T04:45:44.658+0000] {dag.py:3047} INFO - Sync 1 DAGs
[2024-10-14T04:45:44.695+0000] {logging_mixin.py:188} INFO - [2024-10-14T04:45:44.695+0000] {dag.py:3834} INFO - Setting next_dagrun for Daily_Gold_Report_Generate to None, run_after=None
[2024-10-14T04:45:44.737+0000] {processor.py:183} INFO - Processing /opt/airflow/dags/gold_daily_report_generate_pipeline.py took 0.229 seconds
