[2024-10-14T04:15:10.522+0000] {processor.py:161} INFO - Started process (PID=260) to work on /opt/airflow/dags/vehicle_model_training_pipeline.py
[2024-10-14T04:15:10.523+0000] {processor.py:830} INFO - Processing file /opt/airflow/dags/vehicle_model_training_pipeline.py for tasks to queue
[2024-10-14T04:15:10.524+0000] {logging_mixin.py:188} INFO - [2024-10-14T04:15:10.524+0000] {dagbag.py:540} INFO - Filling up the DagBag from /opt/airflow/dags/vehicle_model_training_pipeline.py
[2024-10-14T04:15:11.643+0000] {processor.py:840} INFO - DAG(s) 'Vehicle_Model_Training_Pipeline' retrieved from /opt/airflow/dags/vehicle_model_training_pipeline.py
[2024-10-14T04:15:11.868+0000] {logging_mixin.py:188} INFO - [2024-10-14T04:15:11.868+0000] {dag.py:3047} INFO - Sync 1 DAGs
[2024-10-14T04:15:11.898+0000] {logging_mixin.py:188} INFO - [2024-10-14T04:15:11.898+0000] {dag.py:3834} INFO - Setting next_dagrun for Vehicle_Model_Training_Pipeline to 2024-10-14 00:00:00+00:00, run_after=2024-10-15 00:00:00+00:00
[2024-10-14T04:15:11.929+0000] {processor.py:183} INFO - Processing /opt/airflow/dags/vehicle_model_training_pipeline.py took 1.409 seconds
[2024-10-14T04:15:42.258+0000] {processor.py:161} INFO - Started process (PID=527) to work on /opt/airflow/dags/vehicle_model_training_pipeline.py
[2024-10-14T04:15:42.260+0000] {processor.py:830} INFO - Processing file /opt/airflow/dags/vehicle_model_training_pipeline.py for tasks to queue
[2024-10-14T04:15:42.261+0000] {logging_mixin.py:188} INFO - [2024-10-14T04:15:42.261+0000] {dagbag.py:540} INFO - Filling up the DagBag from /opt/airflow/dags/vehicle_model_training_pipeline.py
[2024-10-14T04:15:44.516+0000] {processor.py:840} INFO - DAG(s) 'Vehicle_Model_Training_Pipeline' retrieved from /opt/airflow/dags/vehicle_model_training_pipeline.py
[2024-10-14T04:15:44.794+0000] {logging_mixin.py:188} INFO - [2024-10-14T04:15:44.790+0000] {dag.py:3047} INFO - Sync 1 DAGs
[2024-10-14T04:15:44.828+0000] {logging_mixin.py:188} INFO - [2024-10-14T04:15:44.828+0000] {dag.py:3834} INFO - Setting next_dagrun for Vehicle_Model_Training_Pipeline to 2024-10-14 00:00:00+00:00, run_after=2024-10-15 00:00:00+00:00
[2024-10-14T04:15:44.974+0000] {processor.py:183} INFO - Processing /opt/airflow/dags/vehicle_model_training_pipeline.py took 2.718 seconds
[2024-10-14T04:16:15.343+0000] {processor.py:161} INFO - Started process (PID=608) to work on /opt/airflow/dags/vehicle_model_training_pipeline.py
[2024-10-14T04:16:15.344+0000] {processor.py:830} INFO - Processing file /opt/airflow/dags/vehicle_model_training_pipeline.py for tasks to queue
[2024-10-14T04:16:15.345+0000] {logging_mixin.py:188} INFO - [2024-10-14T04:16:15.345+0000] {dagbag.py:540} INFO - Filling up the DagBag from /opt/airflow/dags/vehicle_model_training_pipeline.py
[2024-10-14T04:16:17.553+0000] {processor.py:840} INFO - DAG(s) 'Vehicle_Model_Training_Pipeline' retrieved from /opt/airflow/dags/vehicle_model_training_pipeline.py
[2024-10-14T04:16:17.812+0000] {logging_mixin.py:188} INFO - [2024-10-14T04:16:17.812+0000] {dag.py:3047} INFO - Sync 1 DAGs
[2024-10-14T04:16:17.826+0000] {logging_mixin.py:188} INFO - [2024-10-14T04:16:17.826+0000] {dag.py:3834} INFO - Setting next_dagrun for Vehicle_Model_Training_Pipeline to 2024-10-14 00:00:00+00:00, run_after=2024-10-15 00:00:00+00:00
[2024-10-14T04:16:18.024+0000] {processor.py:183} INFO - Processing /opt/airflow/dags/vehicle_model_training_pipeline.py took 2.683 seconds
[2024-10-14T04:16:48.232+0000] {processor.py:161} INFO - Started process (PID=688) to work on /opt/airflow/dags/vehicle_model_training_pipeline.py
[2024-10-14T04:16:48.233+0000] {processor.py:830} INFO - Processing file /opt/airflow/dags/vehicle_model_training_pipeline.py for tasks to queue
[2024-10-14T04:16:48.234+0000] {logging_mixin.py:188} INFO - [2024-10-14T04:16:48.234+0000] {dagbag.py:540} INFO - Filling up the DagBag from /opt/airflow/dags/vehicle_model_training_pipeline.py
[2024-10-14T04:16:50.256+0000] {processor.py:840} INFO - DAG(s) 'Vehicle_Model_Training_Pipeline' retrieved from /opt/airflow/dags/vehicle_model_training_pipeline.py
[2024-10-14T04:16:50.502+0000] {logging_mixin.py:188} INFO - [2024-10-14T04:16:50.502+0000] {dag.py:3047} INFO - Sync 1 DAGs
[2024-10-14T04:16:50.537+0000] {logging_mixin.py:188} INFO - [2024-10-14T04:16:50.537+0000] {dag.py:3834} INFO - Setting next_dagrun for Vehicle_Model_Training_Pipeline to 2024-10-14 00:00:00+00:00, run_after=2024-10-15 00:00:00+00:00
[2024-10-14T04:16:50.588+0000] {processor.py:183} INFO - Processing /opt/airflow/dags/vehicle_model_training_pipeline.py took 2.359 seconds
[2024-10-14T04:17:21.399+0000] {processor.py:161} INFO - Started process (PID=767) to work on /opt/airflow/dags/vehicle_model_training_pipeline.py
[2024-10-14T04:17:21.415+0000] {processor.py:830} INFO - Processing file /opt/airflow/dags/vehicle_model_training_pipeline.py for tasks to queue
[2024-10-14T04:17:21.425+0000] {logging_mixin.py:188} INFO - [2024-10-14T04:17:21.424+0000] {dagbag.py:540} INFO - Filling up the DagBag from /opt/airflow/dags/vehicle_model_training_pipeline.py
[2024-10-14T04:17:23.621+0000] {processor.py:840} INFO - DAG(s) 'Vehicle_Model_Training_Pipeline' retrieved from /opt/airflow/dags/vehicle_model_training_pipeline.py
[2024-10-14T04:17:23.844+0000] {logging_mixin.py:188} INFO - [2024-10-14T04:17:23.844+0000] {dag.py:3047} INFO - Sync 1 DAGs
[2024-10-14T04:17:23.889+0000] {logging_mixin.py:188} INFO - [2024-10-14T04:17:23.889+0000] {dag.py:3834} INFO - Setting next_dagrun for Vehicle_Model_Training_Pipeline to 2024-10-14 00:00:00+00:00, run_after=2024-10-15 00:00:00+00:00
[2024-10-14T04:17:23.958+0000] {processor.py:183} INFO - Processing /opt/airflow/dags/vehicle_model_training_pipeline.py took 2.573 seconds
[2024-10-14T04:17:54.335+0000] {processor.py:161} INFO - Started process (PID=846) to work on /opt/airflow/dags/vehicle_model_training_pipeline.py
[2024-10-14T04:17:54.336+0000] {processor.py:830} INFO - Processing file /opt/airflow/dags/vehicle_model_training_pipeline.py for tasks to queue
[2024-10-14T04:17:54.337+0000] {logging_mixin.py:188} INFO - [2024-10-14T04:17:54.337+0000] {dagbag.py:540} INFO - Filling up the DagBag from /opt/airflow/dags/vehicle_model_training_pipeline.py
[2024-10-14T04:17:56.643+0000] {processor.py:840} INFO - DAG(s) 'Vehicle_Model_Training_Pipeline' retrieved from /opt/airflow/dags/vehicle_model_training_pipeline.py
[2024-10-14T04:17:56.834+0000] {logging_mixin.py:188} INFO - [2024-10-14T04:17:56.833+0000] {dag.py:3047} INFO - Sync 1 DAGs
[2024-10-14T04:17:56.878+0000] {logging_mixin.py:188} INFO - [2024-10-14T04:17:56.877+0000] {dag.py:3834} INFO - Setting next_dagrun for Vehicle_Model_Training_Pipeline to 2024-10-14 00:00:00+00:00, run_after=2024-10-15 00:00:00+00:00
[2024-10-14T04:17:56.998+0000] {processor.py:183} INFO - Processing /opt/airflow/dags/vehicle_model_training_pipeline.py took 2.666 seconds
[2024-10-14T04:18:27.792+0000] {processor.py:161} INFO - Started process (PID=925) to work on /opt/airflow/dags/vehicle_model_training_pipeline.py
[2024-10-14T04:18:27.794+0000] {processor.py:830} INFO - Processing file /opt/airflow/dags/vehicle_model_training_pipeline.py for tasks to queue
[2024-10-14T04:18:27.799+0000] {logging_mixin.py:188} INFO - [2024-10-14T04:18:27.799+0000] {dagbag.py:540} INFO - Filling up the DagBag from /opt/airflow/dags/vehicle_model_training_pipeline.py
[2024-10-14T04:18:30.851+0000] {processor.py:840} INFO - DAG(s) 'Vehicle_Model_Training_Pipeline' retrieved from /opt/airflow/dags/vehicle_model_training_pipeline.py
[2024-10-14T04:18:31.049+0000] {logging_mixin.py:188} INFO - [2024-10-14T04:18:31.048+0000] {dag.py:3047} INFO - Sync 1 DAGs
[2024-10-14T04:18:31.152+0000] {logging_mixin.py:188} INFO - [2024-10-14T04:18:31.151+0000] {dag.py:3834} INFO - Setting next_dagrun for Vehicle_Model_Training_Pipeline to 2024-10-14 00:00:00+00:00, run_after=2024-10-15 00:00:00+00:00
[2024-10-14T04:18:31.201+0000] {processor.py:183} INFO - Processing /opt/airflow/dags/vehicle_model_training_pipeline.py took 3.412 seconds
[2024-10-14T04:19:01.636+0000] {processor.py:161} INFO - Started process (PID=1008) to work on /opt/airflow/dags/vehicle_model_training_pipeline.py
[2024-10-14T04:19:01.637+0000] {processor.py:830} INFO - Processing file /opt/airflow/dags/vehicle_model_training_pipeline.py for tasks to queue
[2024-10-14T04:19:01.638+0000] {logging_mixin.py:188} INFO - [2024-10-14T04:19:01.638+0000] {dagbag.py:540} INFO - Filling up the DagBag from /opt/airflow/dags/vehicle_model_training_pipeline.py
[2024-10-14T04:19:04.195+0000] {processor.py:840} INFO - DAG(s) 'Vehicle_Model_Training_Pipeline' retrieved from /opt/airflow/dags/vehicle_model_training_pipeline.py
[2024-10-14T04:19:04.741+0000] {logging_mixin.py:188} INFO - [2024-10-14T04:19:04.741+0000] {dag.py:3047} INFO - Sync 1 DAGs
[2024-10-14T04:19:04.809+0000] {logging_mixin.py:188} INFO - [2024-10-14T04:19:04.808+0000] {dag.py:3834} INFO - Setting next_dagrun for Vehicle_Model_Training_Pipeline to 2024-10-14 00:00:00+00:00, run_after=2024-10-15 00:00:00+00:00
[2024-10-14T04:19:04.915+0000] {processor.py:183} INFO - Processing /opt/airflow/dags/vehicle_model_training_pipeline.py took 3.281 seconds
[2024-10-14T04:19:35.483+0000] {processor.py:161} INFO - Started process (PID=1086) to work on /opt/airflow/dags/vehicle_model_training_pipeline.py
[2024-10-14T04:19:35.486+0000] {processor.py:830} INFO - Processing file /opt/airflow/dags/vehicle_model_training_pipeline.py for tasks to queue
[2024-10-14T04:19:35.502+0000] {logging_mixin.py:188} INFO - [2024-10-14T04:19:35.502+0000] {dagbag.py:540} INFO - Filling up the DagBag from /opt/airflow/dags/vehicle_model_training_pipeline.py
[2024-10-14T04:19:37.623+0000] {processor.py:840} INFO - DAG(s) 'Vehicle_Model_Training_Pipeline' retrieved from /opt/airflow/dags/vehicle_model_training_pipeline.py
[2024-10-14T04:19:37.892+0000] {logging_mixin.py:188} INFO - [2024-10-14T04:19:37.892+0000] {dag.py:3047} INFO - Sync 1 DAGs
[2024-10-14T04:19:37.924+0000] {logging_mixin.py:188} INFO - [2024-10-14T04:19:37.924+0000] {dag.py:3834} INFO - Setting next_dagrun for Vehicle_Model_Training_Pipeline to 2024-10-14 00:00:00+00:00, run_after=2024-10-15 00:00:00+00:00
[2024-10-14T04:19:37.995+0000] {processor.py:183} INFO - Processing /opt/airflow/dags/vehicle_model_training_pipeline.py took 2.515 seconds
[2024-10-14T04:20:09.219+0000] {processor.py:161} INFO - Started process (PID=1163) to work on /opt/airflow/dags/vehicle_model_training_pipeline.py
[2024-10-14T04:20:09.220+0000] {processor.py:830} INFO - Processing file /opt/airflow/dags/vehicle_model_training_pipeline.py for tasks to queue
[2024-10-14T04:20:09.221+0000] {logging_mixin.py:188} INFO - [2024-10-14T04:20:09.221+0000] {dagbag.py:540} INFO - Filling up the DagBag from /opt/airflow/dags/vehicle_model_training_pipeline.py
[2024-10-14T04:20:12.022+0000] {processor.py:840} INFO - DAG(s) 'Vehicle_Model_Training_Pipeline' retrieved from /opt/airflow/dags/vehicle_model_training_pipeline.py
[2024-10-14T04:20:12.377+0000] {logging_mixin.py:188} INFO - [2024-10-14T04:20:12.376+0000] {dag.py:3047} INFO - Sync 1 DAGs
[2024-10-14T04:20:12.416+0000] {logging_mixin.py:188} INFO - [2024-10-14T04:20:12.416+0000] {dag.py:3834} INFO - Setting next_dagrun for Vehicle_Model_Training_Pipeline to 2024-10-14 00:00:00+00:00, run_after=2024-10-15 00:00:00+00:00
[2024-10-14T04:20:12.588+0000] {processor.py:183} INFO - Processing /opt/airflow/dags/vehicle_model_training_pipeline.py took 3.371 seconds
[2024-10-14T04:20:43.636+0000] {processor.py:161} INFO - Started process (PID=1309) to work on /opt/airflow/dags/vehicle_model_training_pipeline.py
[2024-10-14T04:20:43.638+0000] {processor.py:830} INFO - Processing file /opt/airflow/dags/vehicle_model_training_pipeline.py for tasks to queue
[2024-10-14T04:20:43.639+0000] {logging_mixin.py:188} INFO - [2024-10-14T04:20:43.639+0000] {dagbag.py:540} INFO - Filling up the DagBag from /opt/airflow/dags/vehicle_model_training_pipeline.py
[2024-10-14T04:20:45.951+0000] {processor.py:840} INFO - DAG(s) 'Vehicle_Model_Training_Pipeline' retrieved from /opt/airflow/dags/vehicle_model_training_pipeline.py
[2024-10-14T04:20:46.132+0000] {logging_mixin.py:188} INFO - [2024-10-14T04:20:46.132+0000] {dag.py:3047} INFO - Sync 1 DAGs
[2024-10-14T04:20:46.170+0000] {logging_mixin.py:188} INFO - [2024-10-14T04:20:46.170+0000] {dag.py:3834} INFO - Setting next_dagrun for Vehicle_Model_Training_Pipeline to 2024-10-14 00:00:00+00:00, run_after=2024-10-15 00:00:00+00:00
[2024-10-14T04:20:46.205+0000] {processor.py:183} INFO - Processing /opt/airflow/dags/vehicle_model_training_pipeline.py took 2.572 seconds
[2024-10-14T04:21:16.730+0000] {processor.py:161} INFO - Started process (PID=1407) to work on /opt/airflow/dags/vehicle_model_training_pipeline.py
[2024-10-14T04:21:16.732+0000] {processor.py:830} INFO - Processing file /opt/airflow/dags/vehicle_model_training_pipeline.py for tasks to queue
[2024-10-14T04:21:16.733+0000] {logging_mixin.py:188} INFO - [2024-10-14T04:21:16.733+0000] {dagbag.py:540} INFO - Filling up the DagBag from /opt/airflow/dags/vehicle_model_training_pipeline.py
[2024-10-14T04:21:19.390+0000] {processor.py:840} INFO - DAG(s) 'Vehicle_Model_Training_Pipeline' retrieved from /opt/airflow/dags/vehicle_model_training_pipeline.py
[2024-10-14T04:21:19.559+0000] {logging_mixin.py:188} INFO - [2024-10-14T04:21:19.559+0000] {dag.py:3047} INFO - Sync 1 DAGs
[2024-10-14T04:21:19.606+0000] {logging_mixin.py:188} INFO - [2024-10-14T04:21:19.601+0000] {dag.py:3834} INFO - Setting next_dagrun for Vehicle_Model_Training_Pipeline to 2024-10-14 00:00:00+00:00, run_after=2024-10-15 00:00:00+00:00
[2024-10-14T04:21:19.658+0000] {processor.py:183} INFO - Processing /opt/airflow/dags/vehicle_model_training_pipeline.py took 2.930 seconds
[2024-10-14T04:21:50.576+0000] {processor.py:161} INFO - Started process (PID=1486) to work on /opt/airflow/dags/vehicle_model_training_pipeline.py
[2024-10-14T04:21:50.578+0000] {processor.py:830} INFO - Processing file /opt/airflow/dags/vehicle_model_training_pipeline.py for tasks to queue
[2024-10-14T04:21:50.579+0000] {logging_mixin.py:188} INFO - [2024-10-14T04:21:50.579+0000] {dagbag.py:540} INFO - Filling up the DagBag from /opt/airflow/dags/vehicle_model_training_pipeline.py
[2024-10-14T04:21:52.771+0000] {processor.py:840} INFO - DAG(s) 'Vehicle_Model_Training_Pipeline' retrieved from /opt/airflow/dags/vehicle_model_training_pipeline.py
[2024-10-14T04:21:52.899+0000] {logging_mixin.py:188} INFO - [2024-10-14T04:21:52.899+0000] {dag.py:3047} INFO - Sync 1 DAGs
[2024-10-14T04:21:52.937+0000] {logging_mixin.py:188} INFO - [2024-10-14T04:21:52.936+0000] {dag.py:3834} INFO - Setting next_dagrun for Vehicle_Model_Training_Pipeline to 2024-10-14 00:00:00+00:00, run_after=2024-10-15 00:00:00+00:00
[2024-10-14T04:21:52.980+0000] {processor.py:183} INFO - Processing /opt/airflow/dags/vehicle_model_training_pipeline.py took 2.406 seconds
[2024-10-14T04:22:23.588+0000] {processor.py:161} INFO - Started process (PID=1564) to work on /opt/airflow/dags/vehicle_model_training_pipeline.py
[2024-10-14T04:22:23.594+0000] {processor.py:830} INFO - Processing file /opt/airflow/dags/vehicle_model_training_pipeline.py for tasks to queue
[2024-10-14T04:22:23.605+0000] {logging_mixin.py:188} INFO - [2024-10-14T04:22:23.605+0000] {dagbag.py:540} INFO - Filling up the DagBag from /opt/airflow/dags/vehicle_model_training_pipeline.py
[2024-10-14T04:22:25.687+0000] {processor.py:840} INFO - DAG(s) 'Vehicle_Model_Training_Pipeline' retrieved from /opt/airflow/dags/vehicle_model_training_pipeline.py
[2024-10-14T04:22:25.819+0000] {logging_mixin.py:188} INFO - [2024-10-14T04:22:25.819+0000] {dag.py:3047} INFO - Sync 1 DAGs
[2024-10-14T04:22:25.840+0000] {logging_mixin.py:188} INFO - [2024-10-14T04:22:25.840+0000] {dag.py:3834} INFO - Setting next_dagrun for Vehicle_Model_Training_Pipeline to 2024-10-14 00:00:00+00:00, run_after=2024-10-15 00:00:00+00:00
[2024-10-14T04:22:25.872+0000] {processor.py:183} INFO - Processing /opt/airflow/dags/vehicle_model_training_pipeline.py took 2.288 seconds
[2024-10-14T04:22:56.600+0000] {processor.py:161} INFO - Started process (PID=1640) to work on /opt/airflow/dags/vehicle_model_training_pipeline.py
[2024-10-14T04:22:56.604+0000] {processor.py:830} INFO - Processing file /opt/airflow/dags/vehicle_model_training_pipeline.py for tasks to queue
[2024-10-14T04:22:56.609+0000] {logging_mixin.py:188} INFO - [2024-10-14T04:22:56.609+0000] {dagbag.py:540} INFO - Filling up the DagBag from /opt/airflow/dags/vehicle_model_training_pipeline.py
[2024-10-14T04:22:58.432+0000] {processor.py:840} INFO - DAG(s) 'Vehicle_Model_Training_Pipeline' retrieved from /opt/airflow/dags/vehicle_model_training_pipeline.py
[2024-10-14T04:22:58.580+0000] {logging_mixin.py:188} INFO - [2024-10-14T04:22:58.579+0000] {dag.py:3047} INFO - Sync 1 DAGs
[2024-10-14T04:22:58.622+0000] {logging_mixin.py:188} INFO - [2024-10-14T04:22:58.622+0000] {dag.py:3834} INFO - Setting next_dagrun for Vehicle_Model_Training_Pipeline to 2024-10-14 00:00:00+00:00, run_after=2024-10-15 00:00:00+00:00
[2024-10-14T04:22:58.724+0000] {processor.py:183} INFO - Processing /opt/airflow/dags/vehicle_model_training_pipeline.py took 2.127 seconds
[2024-10-14T04:23:29.356+0000] {processor.py:161} INFO - Started process (PID=1724) to work on /opt/airflow/dags/vehicle_model_training_pipeline.py
[2024-10-14T04:23:29.360+0000] {processor.py:830} INFO - Processing file /opt/airflow/dags/vehicle_model_training_pipeline.py for tasks to queue
[2024-10-14T04:23:29.361+0000] {logging_mixin.py:188} INFO - [2024-10-14T04:23:29.361+0000] {dagbag.py:540} INFO - Filling up the DagBag from /opt/airflow/dags/vehicle_model_training_pipeline.py
[2024-10-14T04:23:31.578+0000] {processor.py:840} INFO - DAG(s) 'Vehicle_Model_Training_Pipeline' retrieved from /opt/airflow/dags/vehicle_model_training_pipeline.py
[2024-10-14T04:23:31.813+0000] {logging_mixin.py:188} INFO - [2024-10-14T04:23:31.812+0000] {dag.py:3047} INFO - Sync 1 DAGs
[2024-10-14T04:23:31.862+0000] {logging_mixin.py:188} INFO - [2024-10-14T04:23:31.862+0000] {dag.py:3834} INFO - Setting next_dagrun for Vehicle_Model_Training_Pipeline to 2024-10-14 00:00:00+00:00, run_after=2024-10-15 00:00:00+00:00
[2024-10-14T04:23:31.981+0000] {processor.py:183} INFO - Processing /opt/airflow/dags/vehicle_model_training_pipeline.py took 2.635 seconds
[2024-10-14T04:24:02.844+0000] {processor.py:161} INFO - Started process (PID=1809) to work on /opt/airflow/dags/vehicle_model_training_pipeline.py
[2024-10-14T04:24:02.846+0000] {processor.py:830} INFO - Processing file /opt/airflow/dags/vehicle_model_training_pipeline.py for tasks to queue
[2024-10-14T04:24:02.846+0000] {logging_mixin.py:188} INFO - [2024-10-14T04:24:02.846+0000] {dagbag.py:540} INFO - Filling up the DagBag from /opt/airflow/dags/vehicle_model_training_pipeline.py
[2024-10-14T04:24:04.500+0000] {processor.py:840} INFO - DAG(s) 'Vehicle_Model_Training_Pipeline' retrieved from /opt/airflow/dags/vehicle_model_training_pipeline.py
[2024-10-14T04:24:04.720+0000] {logging_mixin.py:188} INFO - [2024-10-14T04:24:04.720+0000] {dag.py:3047} INFO - Sync 1 DAGs
[2024-10-14T04:24:04.772+0000] {logging_mixin.py:188} INFO - [2024-10-14T04:24:04.772+0000] {dag.py:3834} INFO - Setting next_dagrun for Vehicle_Model_Training_Pipeline to 2024-10-14 00:00:00+00:00, run_after=2024-10-15 00:00:00+00:00
[2024-10-14T04:24:04.806+0000] {processor.py:183} INFO - Processing /opt/airflow/dags/vehicle_model_training_pipeline.py took 1.965 seconds
[2024-10-14T04:24:35.478+0000] {processor.py:161} INFO - Started process (PID=1887) to work on /opt/airflow/dags/vehicle_model_training_pipeline.py
[2024-10-14T04:24:35.479+0000] {processor.py:830} INFO - Processing file /opt/airflow/dags/vehicle_model_training_pipeline.py for tasks to queue
[2024-10-14T04:24:35.481+0000] {logging_mixin.py:188} INFO - [2024-10-14T04:24:35.480+0000] {dagbag.py:540} INFO - Filling up the DagBag from /opt/airflow/dags/vehicle_model_training_pipeline.py
[2024-10-14T04:24:37.832+0000] {processor.py:840} INFO - DAG(s) 'Vehicle_Model_Training_Pipeline' retrieved from /opt/airflow/dags/vehicle_model_training_pipeline.py
[2024-10-14T04:24:38.063+0000] {logging_mixin.py:188} INFO - [2024-10-14T04:24:38.062+0000] {dag.py:3047} INFO - Sync 1 DAGs
[2024-10-14T04:24:38.113+0000] {logging_mixin.py:188} INFO - [2024-10-14T04:24:38.113+0000] {dag.py:3834} INFO - Setting next_dagrun for Vehicle_Model_Training_Pipeline to 2024-10-14 00:00:00+00:00, run_after=2024-10-15 00:00:00+00:00
[2024-10-14T04:24:38.168+0000] {processor.py:183} INFO - Processing /opt/airflow/dags/vehicle_model_training_pipeline.py took 2.694 seconds
[2024-10-14T04:25:12.176+0000] {processor.py:161} INFO - Started process (PID=1969) to work on /opt/airflow/dags/vehicle_model_training_pipeline.py
[2024-10-14T04:25:12.461+0000] {processor.py:830} INFO - Processing file /opt/airflow/dags/vehicle_model_training_pipeline.py for tasks to queue
[2024-10-14T04:25:12.465+0000] {logging_mixin.py:188} INFO - [2024-10-14T04:25:12.464+0000] {dagbag.py:540} INFO - Filling up the DagBag from /opt/airflow/dags/vehicle_model_training_pipeline.py
[2024-10-14T04:25:17.952+0000] {processor.py:840} INFO - DAG(s) 'Vehicle_Model_Training_Pipeline' retrieved from /opt/airflow/dags/vehicle_model_training_pipeline.py
[2024-10-14T04:25:18.702+0000] {logging_mixin.py:188} INFO - [2024-10-14T04:25:18.702+0000] {dag.py:3047} INFO - Sync 1 DAGs
[2024-10-14T04:25:18.839+0000] {logging_mixin.py:188} INFO - [2024-10-14T04:25:18.838+0000] {dag.py:3834} INFO - Setting next_dagrun for Vehicle_Model_Training_Pipeline to 2024-10-14 00:00:00+00:00, run_after=2024-10-15 00:00:00+00:00
[2024-10-14T04:25:18.933+0000] {processor.py:183} INFO - Processing /opt/airflow/dags/vehicle_model_training_pipeline.py took 6.763 seconds
[2024-10-14T04:25:49.224+0000] {processor.py:161} INFO - Started process (PID=2045) to work on /opt/airflow/dags/vehicle_model_training_pipeline.py
[2024-10-14T04:25:49.231+0000] {processor.py:830} INFO - Processing file /opt/airflow/dags/vehicle_model_training_pipeline.py for tasks to queue
[2024-10-14T04:25:49.232+0000] {logging_mixin.py:188} INFO - [2024-10-14T04:25:49.231+0000] {dagbag.py:540} INFO - Filling up the DagBag from /opt/airflow/dags/vehicle_model_training_pipeline.py
[2024-10-14T04:25:52.192+0000] {processor.py:840} INFO - DAG(s) 'Vehicle_Model_Training_Pipeline' retrieved from /opt/airflow/dags/vehicle_model_training_pipeline.py
[2024-10-14T04:25:52.501+0000] {logging_mixin.py:188} INFO - [2024-10-14T04:25:52.500+0000] {dag.py:3047} INFO - Sync 1 DAGs
[2024-10-14T04:25:52.558+0000] {logging_mixin.py:188} INFO - [2024-10-14T04:25:52.558+0000] {dag.py:3834} INFO - Setting next_dagrun for Vehicle_Model_Training_Pipeline to 2024-10-14 00:00:00+00:00, run_after=2024-10-15 00:00:00+00:00
[2024-10-14T04:25:52.599+0000] {processor.py:183} INFO - Processing /opt/airflow/dags/vehicle_model_training_pipeline.py took 3.388 seconds
[2024-10-14T04:26:22.907+0000] {processor.py:161} INFO - Started process (PID=2124) to work on /opt/airflow/dags/vehicle_model_training_pipeline.py
[2024-10-14T04:26:22.913+0000] {processor.py:830} INFO - Processing file /opt/airflow/dags/vehicle_model_training_pipeline.py for tasks to queue
[2024-10-14T04:26:22.914+0000] {logging_mixin.py:188} INFO - [2024-10-14T04:26:22.914+0000] {dagbag.py:540} INFO - Filling up the DagBag from /opt/airflow/dags/vehicle_model_training_pipeline.py
[2024-10-14T04:26:25.015+0000] {processor.py:840} INFO - DAG(s) 'Vehicle_Model_Training_Pipeline' retrieved from /opt/airflow/dags/vehicle_model_training_pipeline.py
[2024-10-14T04:26:25.364+0000] {logging_mixin.py:188} INFO - [2024-10-14T04:26:25.356+0000] {dag.py:3047} INFO - Sync 1 DAGs
[2024-10-14T04:26:25.448+0000] {logging_mixin.py:188} INFO - [2024-10-14T04:26:25.448+0000] {dag.py:3834} INFO - Setting next_dagrun for Vehicle_Model_Training_Pipeline to 2024-10-14 00:00:00+00:00, run_after=2024-10-15 00:00:00+00:00
[2024-10-14T04:26:25.512+0000] {processor.py:183} INFO - Processing /opt/airflow/dags/vehicle_model_training_pipeline.py took 2.607 seconds
[2024-10-14T04:26:56.126+0000] {processor.py:161} INFO - Started process (PID=2202) to work on /opt/airflow/dags/vehicle_model_training_pipeline.py
[2024-10-14T04:26:56.133+0000] {processor.py:830} INFO - Processing file /opt/airflow/dags/vehicle_model_training_pipeline.py for tasks to queue
[2024-10-14T04:26:56.134+0000] {logging_mixin.py:188} INFO - [2024-10-14T04:26:56.134+0000] {dagbag.py:540} INFO - Filling up the DagBag from /opt/airflow/dags/vehicle_model_training_pipeline.py
[2024-10-14T04:26:59.056+0000] {processor.py:840} INFO - DAG(s) 'Vehicle_Model_Training_Pipeline' retrieved from /opt/airflow/dags/vehicle_model_training_pipeline.py
[2024-10-14T04:26:59.230+0000] {logging_mixin.py:188} INFO - [2024-10-14T04:26:59.229+0000] {dag.py:3047} INFO - Sync 1 DAGs
[2024-10-14T04:26:59.260+0000] {logging_mixin.py:188} INFO - [2024-10-14T04:26:59.260+0000] {dag.py:3834} INFO - Setting next_dagrun for Vehicle_Model_Training_Pipeline to 2024-10-14 00:00:00+00:00, run_after=2024-10-15 00:00:00+00:00
[2024-10-14T04:26:59.337+0000] {processor.py:183} INFO - Processing /opt/airflow/dags/vehicle_model_training_pipeline.py took 3.216 seconds
[2024-10-14T04:27:29.931+0000] {processor.py:161} INFO - Started process (PID=2284) to work on /opt/airflow/dags/vehicle_model_training_pipeline.py
[2024-10-14T04:27:29.932+0000] {processor.py:830} INFO - Processing file /opt/airflow/dags/vehicle_model_training_pipeline.py for tasks to queue
[2024-10-14T04:27:29.933+0000] {logging_mixin.py:188} INFO - [2024-10-14T04:27:29.933+0000] {dagbag.py:540} INFO - Filling up the DagBag from /opt/airflow/dags/vehicle_model_training_pipeline.py
[2024-10-14T04:27:32.238+0000] {processor.py:840} INFO - DAG(s) 'Vehicle_Model_Training_Pipeline' retrieved from /opt/airflow/dags/vehicle_model_training_pipeline.py
[2024-10-14T04:27:32.475+0000] {logging_mixin.py:188} INFO - [2024-10-14T04:27:32.474+0000] {dag.py:3047} INFO - Sync 1 DAGs
[2024-10-14T04:27:32.539+0000] {logging_mixin.py:188} INFO - [2024-10-14T04:27:32.536+0000] {dag.py:3834} INFO - Setting next_dagrun for Vehicle_Model_Training_Pipeline to 2024-10-14 00:00:00+00:00, run_after=2024-10-15 00:00:00+00:00
[2024-10-14T04:27:32.584+0000] {processor.py:183} INFO - Processing /opt/airflow/dags/vehicle_model_training_pipeline.py took 2.655 seconds
[2024-10-14T04:28:03.433+0000] {processor.py:161} INFO - Started process (PID=2371) to work on /opt/airflow/dags/vehicle_model_training_pipeline.py
[2024-10-14T04:28:03.438+0000] {processor.py:830} INFO - Processing file /opt/airflow/dags/vehicle_model_training_pipeline.py for tasks to queue
[2024-10-14T04:28:03.441+0000] {logging_mixin.py:188} INFO - [2024-10-14T04:28:03.441+0000] {dagbag.py:540} INFO - Filling up the DagBag from /opt/airflow/dags/vehicle_model_training_pipeline.py
[2024-10-14T04:28:05.687+0000] {processor.py:840} INFO - DAG(s) 'Vehicle_Model_Training_Pipeline' retrieved from /opt/airflow/dags/vehicle_model_training_pipeline.py
[2024-10-14T04:28:05.843+0000] {logging_mixin.py:188} INFO - [2024-10-14T04:28:05.842+0000] {dag.py:3047} INFO - Sync 1 DAGs
[2024-10-14T04:28:05.893+0000] {logging_mixin.py:188} INFO - [2024-10-14T04:28:05.892+0000] {dag.py:3834} INFO - Setting next_dagrun for Vehicle_Model_Training_Pipeline to 2024-10-14 00:00:00+00:00, run_after=2024-10-15 00:00:00+00:00
[2024-10-14T04:28:05.962+0000] {processor.py:183} INFO - Processing /opt/airflow/dags/vehicle_model_training_pipeline.py took 2.532 seconds
[2024-10-14T04:28:36.222+0000] {processor.py:161} INFO - Started process (PID=2452) to work on /opt/airflow/dags/vehicle_model_training_pipeline.py
[2024-10-14T04:28:36.227+0000] {processor.py:830} INFO - Processing file /opt/airflow/dags/vehicle_model_training_pipeline.py for tasks to queue
[2024-10-14T04:28:36.228+0000] {logging_mixin.py:188} INFO - [2024-10-14T04:28:36.228+0000] {dagbag.py:540} INFO - Filling up the DagBag from /opt/airflow/dags/vehicle_model_training_pipeline.py
[2024-10-14T04:28:39.288+0000] {processor.py:840} INFO - DAG(s) 'Vehicle_Model_Training_Pipeline' retrieved from /opt/airflow/dags/vehicle_model_training_pipeline.py
[2024-10-14T04:28:39.750+0000] {logging_mixin.py:188} INFO - [2024-10-14T04:28:39.748+0000] {dag.py:3047} INFO - Sync 1 DAGs
[2024-10-14T04:28:39.787+0000] {logging_mixin.py:188} INFO - [2024-10-14T04:28:39.787+0000] {dag.py:3834} INFO - Setting next_dagrun for Vehicle_Model_Training_Pipeline to 2024-10-14 00:00:00+00:00, run_after=2024-10-15 00:00:00+00:00
[2024-10-14T04:28:39.917+0000] {processor.py:183} INFO - Processing /opt/airflow/dags/vehicle_model_training_pipeline.py took 3.699 seconds
[2024-10-14T04:29:10.231+0000] {processor.py:161} INFO - Started process (PID=2537) to work on /opt/airflow/dags/vehicle_model_training_pipeline.py
[2024-10-14T04:29:10.239+0000] {processor.py:830} INFO - Processing file /opt/airflow/dags/vehicle_model_training_pipeline.py for tasks to queue
[2024-10-14T04:29:10.247+0000] {logging_mixin.py:188} INFO - [2024-10-14T04:29:10.247+0000] {dagbag.py:540} INFO - Filling up the DagBag from /opt/airflow/dags/vehicle_model_training_pipeline.py
[2024-10-14T04:29:12.604+0000] {processor.py:840} INFO - DAG(s) 'Vehicle_Model_Training_Pipeline' retrieved from /opt/airflow/dags/vehicle_model_training_pipeline.py
[2024-10-14T04:29:12.964+0000] {logging_mixin.py:188} INFO - [2024-10-14T04:29:12.964+0000] {dag.py:3047} INFO - Sync 1 DAGs
[2024-10-14T04:29:13.015+0000] {logging_mixin.py:188} INFO - [2024-10-14T04:29:13.014+0000] {dag.py:3834} INFO - Setting next_dagrun for Vehicle_Model_Training_Pipeline to 2024-10-14 00:00:00+00:00, run_after=2024-10-15 00:00:00+00:00
[2024-10-14T04:29:13.083+0000] {processor.py:183} INFO - Processing /opt/airflow/dags/vehicle_model_training_pipeline.py took 2.855 seconds
[2024-10-14T04:29:43.539+0000] {processor.py:161} INFO - Started process (PID=2618) to work on /opt/airflow/dags/vehicle_model_training_pipeline.py
[2024-10-14T04:29:43.541+0000] {processor.py:830} INFO - Processing file /opt/airflow/dags/vehicle_model_training_pipeline.py for tasks to queue
[2024-10-14T04:29:43.543+0000] {logging_mixin.py:188} INFO - [2024-10-14T04:29:43.543+0000] {dagbag.py:540} INFO - Filling up the DagBag from /opt/airflow/dags/vehicle_model_training_pipeline.py
[2024-10-14T04:29:45.756+0000] {processor.py:840} INFO - DAG(s) 'Vehicle_Model_Training_Pipeline' retrieved from /opt/airflow/dags/vehicle_model_training_pipeline.py
[2024-10-14T04:29:46.060+0000] {logging_mixin.py:188} INFO - [2024-10-14T04:29:46.059+0000] {dag.py:3047} INFO - Sync 1 DAGs
[2024-10-14T04:29:46.095+0000] {logging_mixin.py:188} INFO - [2024-10-14T04:29:46.095+0000] {dag.py:3834} INFO - Setting next_dagrun for Vehicle_Model_Training_Pipeline to 2024-10-14 00:00:00+00:00, run_after=2024-10-15 00:00:00+00:00
[2024-10-14T04:29:46.153+0000] {processor.py:183} INFO - Processing /opt/airflow/dags/vehicle_model_training_pipeline.py took 2.617 seconds
[2024-10-14T04:30:16.473+0000] {processor.py:161} INFO - Started process (PID=2701) to work on /opt/airflow/dags/vehicle_model_training_pipeline.py
[2024-10-14T04:30:16.478+0000] {processor.py:830} INFO - Processing file /opt/airflow/dags/vehicle_model_training_pipeline.py for tasks to queue
[2024-10-14T04:30:16.479+0000] {logging_mixin.py:188} INFO - [2024-10-14T04:30:16.478+0000] {dagbag.py:540} INFO - Filling up the DagBag from /opt/airflow/dags/vehicle_model_training_pipeline.py
[2024-10-14T04:30:18.652+0000] {processor.py:840} INFO - DAG(s) 'Vehicle_Model_Training_Pipeline' retrieved from /opt/airflow/dags/vehicle_model_training_pipeline.py
[2024-10-14T04:30:18.992+0000] {logging_mixin.py:188} INFO - [2024-10-14T04:30:18.991+0000] {dag.py:3047} INFO - Sync 1 DAGs
[2024-10-14T04:30:19.061+0000] {logging_mixin.py:188} INFO - [2024-10-14T04:30:19.061+0000] {dag.py:3834} INFO - Setting next_dagrun for Vehicle_Model_Training_Pipeline to 2024-10-14 00:00:00+00:00, run_after=2024-10-15 00:00:00+00:00
[2024-10-14T04:30:19.130+0000] {processor.py:183} INFO - Processing /opt/airflow/dags/vehicle_model_training_pipeline.py took 2.659 seconds
[2024-10-14T04:30:49.305+0000] {processor.py:161} INFO - Started process (PID=2782) to work on /opt/airflow/dags/vehicle_model_training_pipeline.py
[2024-10-14T04:30:49.306+0000] {processor.py:830} INFO - Processing file /opt/airflow/dags/vehicle_model_training_pipeline.py for tasks to queue
[2024-10-14T04:30:49.307+0000] {logging_mixin.py:188} INFO - [2024-10-14T04:30:49.307+0000] {dagbag.py:540} INFO - Filling up the DagBag from /opt/airflow/dags/vehicle_model_training_pipeline.py
[2024-10-14T04:30:51.195+0000] {processor.py:840} INFO - DAG(s) 'Vehicle_Model_Training_Pipeline' retrieved from /opt/airflow/dags/vehicle_model_training_pipeline.py
[2024-10-14T04:30:51.567+0000] {logging_mixin.py:188} INFO - [2024-10-14T04:30:51.566+0000] {dag.py:3047} INFO - Sync 1 DAGs
[2024-10-14T04:30:51.595+0000] {logging_mixin.py:188} INFO - [2024-10-14T04:30:51.595+0000] {dag.py:3834} INFO - Setting next_dagrun for Vehicle_Model_Training_Pipeline to 2024-10-14 00:00:00+00:00, run_after=2024-10-15 00:00:00+00:00
[2024-10-14T04:30:51.628+0000] {processor.py:183} INFO - Processing /opt/airflow/dags/vehicle_model_training_pipeline.py took 2.325 seconds
[2024-10-14T04:31:22.039+0000] {processor.py:161} INFO - Started process (PID=2861) to work on /opt/airflow/dags/vehicle_model_training_pipeline.py
[2024-10-14T04:31:22.040+0000] {processor.py:830} INFO - Processing file /opt/airflow/dags/vehicle_model_training_pipeline.py for tasks to queue
[2024-10-14T04:31:22.041+0000] {logging_mixin.py:188} INFO - [2024-10-14T04:31:22.041+0000] {dagbag.py:540} INFO - Filling up the DagBag from /opt/airflow/dags/vehicle_model_training_pipeline.py
[2024-10-14T04:31:23.586+0000] {processor.py:840} INFO - DAG(s) 'Vehicle_Model_Training_Pipeline' retrieved from /opt/airflow/dags/vehicle_model_training_pipeline.py
[2024-10-14T04:31:23.748+0000] {logging_mixin.py:188} INFO - [2024-10-14T04:31:23.747+0000] {dag.py:3047} INFO - Sync 1 DAGs
[2024-10-14T04:31:23.816+0000] {logging_mixin.py:188} INFO - [2024-10-14T04:31:23.816+0000] {dag.py:3834} INFO - Setting next_dagrun for Vehicle_Model_Training_Pipeline to 2024-10-14 00:00:00+00:00, run_after=2024-10-15 00:00:00+00:00
[2024-10-14T04:31:23.905+0000] {processor.py:183} INFO - Processing /opt/airflow/dags/vehicle_model_training_pipeline.py took 1.868 seconds
[2024-10-14T04:31:54.386+0000] {processor.py:161} INFO - Started process (PID=2940) to work on /opt/airflow/dags/vehicle_model_training_pipeline.py
[2024-10-14T04:31:54.387+0000] {processor.py:830} INFO - Processing file /opt/airflow/dags/vehicle_model_training_pipeline.py for tasks to queue
[2024-10-14T04:31:54.388+0000] {logging_mixin.py:188} INFO - [2024-10-14T04:31:54.387+0000] {dagbag.py:540} INFO - Filling up the DagBag from /opt/airflow/dags/vehicle_model_training_pipeline.py
[2024-10-14T04:31:56.804+0000] {processor.py:840} INFO - DAG(s) 'Vehicle_Model_Training_Pipeline' retrieved from /opt/airflow/dags/vehicle_model_training_pipeline.py
[2024-10-14T04:31:57.002+0000] {logging_mixin.py:188} INFO - [2024-10-14T04:31:57.001+0000] {dag.py:3047} INFO - Sync 1 DAGs
[2024-10-14T04:31:57.024+0000] {logging_mixin.py:188} INFO - [2024-10-14T04:31:57.024+0000] {dag.py:3834} INFO - Setting next_dagrun for Vehicle_Model_Training_Pipeline to 2024-10-14 00:00:00+00:00, run_after=2024-10-15 00:00:00+00:00
[2024-10-14T04:31:57.115+0000] {processor.py:183} INFO - Processing /opt/airflow/dags/vehicle_model_training_pipeline.py took 2.735 seconds
[2024-10-14T04:32:27.384+0000] {processor.py:161} INFO - Started process (PID=3019) to work on /opt/airflow/dags/vehicle_model_training_pipeline.py
[2024-10-14T04:32:27.385+0000] {processor.py:830} INFO - Processing file /opt/airflow/dags/vehicle_model_training_pipeline.py for tasks to queue
[2024-10-14T04:32:27.386+0000] {logging_mixin.py:188} INFO - [2024-10-14T04:32:27.386+0000] {dagbag.py:540} INFO - Filling up the DagBag from /opt/airflow/dags/vehicle_model_training_pipeline.py
[2024-10-14T04:32:29.770+0000] {processor.py:840} INFO - DAG(s) 'Vehicle_Model_Training_Pipeline' retrieved from /opt/airflow/dags/vehicle_model_training_pipeline.py
[2024-10-14T04:32:29.919+0000] {logging_mixin.py:188} INFO - [2024-10-14T04:32:29.919+0000] {dag.py:3047} INFO - Sync 1 DAGs
[2024-10-14T04:32:29.950+0000] {logging_mixin.py:188} INFO - [2024-10-14T04:32:29.949+0000] {dag.py:3834} INFO - Setting next_dagrun for Vehicle_Model_Training_Pipeline to 2024-10-14 00:00:00+00:00, run_after=2024-10-15 00:00:00+00:00
[2024-10-14T04:32:29.964+0000] {processor.py:183} INFO - Processing /opt/airflow/dags/vehicle_model_training_pipeline.py took 2.584 seconds
[2024-10-14T04:33:00.245+0000] {processor.py:161} INFO - Started process (PID=3098) to work on /opt/airflow/dags/vehicle_model_training_pipeline.py
[2024-10-14T04:33:00.246+0000] {processor.py:830} INFO - Processing file /opt/airflow/dags/vehicle_model_training_pipeline.py for tasks to queue
[2024-10-14T04:33:00.253+0000] {logging_mixin.py:188} INFO - [2024-10-14T04:33:00.253+0000] {dagbag.py:540} INFO - Filling up the DagBag from /opt/airflow/dags/vehicle_model_training_pipeline.py
[2024-10-14T04:33:02.103+0000] {processor.py:840} INFO - DAG(s) 'Vehicle_Model_Training_Pipeline' retrieved from /opt/airflow/dags/vehicle_model_training_pipeline.py
[2024-10-14T04:33:02.275+0000] {logging_mixin.py:188} INFO - [2024-10-14T04:33:02.274+0000] {dag.py:3047} INFO - Sync 1 DAGs
[2024-10-14T04:33:02.331+0000] {logging_mixin.py:188} INFO - [2024-10-14T04:33:02.330+0000] {dag.py:3834} INFO - Setting next_dagrun for Vehicle_Model_Training_Pipeline to 2024-10-14 00:00:00+00:00, run_after=2024-10-15 00:00:00+00:00
[2024-10-14T04:33:02.373+0000] {processor.py:183} INFO - Processing /opt/airflow/dags/vehicle_model_training_pipeline.py took 2.131 seconds
[2024-10-14T04:33:32.750+0000] {processor.py:161} INFO - Started process (PID=3183) to work on /opt/airflow/dags/vehicle_model_training_pipeline.py
[2024-10-14T04:33:32.751+0000] {processor.py:830} INFO - Processing file /opt/airflow/dags/vehicle_model_training_pipeline.py for tasks to queue
[2024-10-14T04:33:32.753+0000] {logging_mixin.py:188} INFO - [2024-10-14T04:33:32.752+0000] {dagbag.py:540} INFO - Filling up the DagBag from /opt/airflow/dags/vehicle_model_training_pipeline.py
[2024-10-14T04:33:34.541+0000] {processor.py:840} INFO - DAG(s) 'Vehicle_Model_Training_Pipeline' retrieved from /opt/airflow/dags/vehicle_model_training_pipeline.py
[2024-10-14T04:33:34.718+0000] {logging_mixin.py:188} INFO - [2024-10-14T04:33:34.718+0000] {dag.py:3047} INFO - Sync 1 DAGs
[2024-10-14T04:33:34.765+0000] {logging_mixin.py:188} INFO - [2024-10-14T04:33:34.764+0000] {dag.py:3834} INFO - Setting next_dagrun for Vehicle_Model_Training_Pipeline to 2024-10-14 00:00:00+00:00, run_after=2024-10-15 00:00:00+00:00
[2024-10-14T04:33:34.825+0000] {processor.py:183} INFO - Processing /opt/airflow/dags/vehicle_model_training_pipeline.py took 2.078 seconds
[2024-10-14T04:34:05.374+0000] {processor.py:161} INFO - Started process (PID=3262) to work on /opt/airflow/dags/vehicle_model_training_pipeline.py
[2024-10-14T04:34:05.395+0000] {processor.py:830} INFO - Processing file /opt/airflow/dags/vehicle_model_training_pipeline.py for tasks to queue
[2024-10-14T04:34:05.396+0000] {logging_mixin.py:188} INFO - [2024-10-14T04:34:05.396+0000] {dagbag.py:540} INFO - Filling up the DagBag from /opt/airflow/dags/vehicle_model_training_pipeline.py
[2024-10-14T04:34:07.471+0000] {processor.py:840} INFO - DAG(s) 'Vehicle_Model_Training_Pipeline' retrieved from /opt/airflow/dags/vehicle_model_training_pipeline.py
[2024-10-14T04:34:07.562+0000] {logging_mixin.py:188} INFO - [2024-10-14T04:34:07.562+0000] {dag.py:3047} INFO - Sync 1 DAGs
[2024-10-14T04:34:07.623+0000] {logging_mixin.py:188} INFO - [2024-10-14T04:34:07.623+0000] {dag.py:3834} INFO - Setting next_dagrun for Vehicle_Model_Training_Pipeline to 2024-10-14 00:00:00+00:00, run_after=2024-10-15 00:00:00+00:00
[2024-10-14T04:34:07.720+0000] {processor.py:183} INFO - Processing /opt/airflow/dags/vehicle_model_training_pipeline.py took 2.350 seconds
[2024-10-14T04:34:37.834+0000] {processor.py:161} INFO - Started process (PID=3341) to work on /opt/airflow/dags/vehicle_model_training_pipeline.py
[2024-10-14T04:34:37.836+0000] {processor.py:830} INFO - Processing file /opt/airflow/dags/vehicle_model_training_pipeline.py for tasks to queue
[2024-10-14T04:34:37.837+0000] {logging_mixin.py:188} INFO - [2024-10-14T04:34:37.836+0000] {dagbag.py:540} INFO - Filling up the DagBag from /opt/airflow/dags/vehicle_model_training_pipeline.py
[2024-10-14T04:34:40.352+0000] {processor.py:840} INFO - DAG(s) 'Vehicle_Model_Training_Pipeline' retrieved from /opt/airflow/dags/vehicle_model_training_pipeline.py
[2024-10-14T04:34:40.456+0000] {logging_mixin.py:188} INFO - [2024-10-14T04:34:40.455+0000] {dag.py:3047} INFO - Sync 1 DAGs
[2024-10-14T04:34:40.500+0000] {logging_mixin.py:188} INFO - [2024-10-14T04:34:40.500+0000] {dag.py:3834} INFO - Setting next_dagrun for Vehicle_Model_Training_Pipeline to 2024-10-14 00:00:00+00:00, run_after=2024-10-15 00:00:00+00:00
[2024-10-14T04:34:40.535+0000] {processor.py:183} INFO - Processing /opt/airflow/dags/vehicle_model_training_pipeline.py took 2.704 seconds
[2024-10-14T04:35:11.534+0000] {processor.py:161} INFO - Started process (PID=3419) to work on /opt/airflow/dags/vehicle_model_training_pipeline.py
[2024-10-14T04:35:11.541+0000] {processor.py:830} INFO - Processing file /opt/airflow/dags/vehicle_model_training_pipeline.py for tasks to queue
[2024-10-14T04:35:11.542+0000] {logging_mixin.py:188} INFO - [2024-10-14T04:35:11.542+0000] {dagbag.py:540} INFO - Filling up the DagBag from /opt/airflow/dags/vehicle_model_training_pipeline.py
[2024-10-14T04:35:13.561+0000] {processor.py:840} INFO - DAG(s) 'Vehicle_Model_Training_Pipeline' retrieved from /opt/airflow/dags/vehicle_model_training_pipeline.py
[2024-10-14T04:35:13.715+0000] {logging_mixin.py:188} INFO - [2024-10-14T04:35:13.714+0000] {dag.py:3047} INFO - Sync 1 DAGs
[2024-10-14T04:35:13.760+0000] {logging_mixin.py:188} INFO - [2024-10-14T04:35:13.760+0000] {dag.py:3834} INFO - Setting next_dagrun for Vehicle_Model_Training_Pipeline to 2024-10-14 00:00:00+00:00, run_after=2024-10-15 00:00:00+00:00
[2024-10-14T04:35:13.817+0000] {processor.py:183} INFO - Processing /opt/airflow/dags/vehicle_model_training_pipeline.py took 2.286 seconds
[2024-10-14T04:35:44.123+0000] {processor.py:161} INFO - Started process (PID=3499) to work on /opt/airflow/dags/vehicle_model_training_pipeline.py
[2024-10-14T04:35:44.127+0000] {processor.py:830} INFO - Processing file /opt/airflow/dags/vehicle_model_training_pipeline.py for tasks to queue
[2024-10-14T04:35:44.129+0000] {logging_mixin.py:188} INFO - [2024-10-14T04:35:44.129+0000] {dagbag.py:540} INFO - Filling up the DagBag from /opt/airflow/dags/vehicle_model_training_pipeline.py
[2024-10-14T04:35:46.239+0000] {processor.py:840} INFO - DAG(s) 'Vehicle_Model_Training_Pipeline' retrieved from /opt/airflow/dags/vehicle_model_training_pipeline.py
[2024-10-14T04:35:46.468+0000] {logging_mixin.py:188} INFO - [2024-10-14T04:35:46.468+0000] {dag.py:3047} INFO - Sync 1 DAGs
[2024-10-14T04:35:46.505+0000] {logging_mixin.py:188} INFO - [2024-10-14T04:35:46.504+0000] {dag.py:3834} INFO - Setting next_dagrun for Vehicle_Model_Training_Pipeline to 2024-10-14 00:00:00+00:00, run_after=2024-10-15 00:00:00+00:00
[2024-10-14T04:35:46.576+0000] {processor.py:183} INFO - Processing /opt/airflow/dags/vehicle_model_training_pipeline.py took 2.457 seconds
[2024-10-14T04:36:16.947+0000] {processor.py:161} INFO - Started process (PID=3578) to work on /opt/airflow/dags/vehicle_model_training_pipeline.py
[2024-10-14T04:36:16.948+0000] {processor.py:830} INFO - Processing file /opt/airflow/dags/vehicle_model_training_pipeline.py for tasks to queue
[2024-10-14T04:36:16.949+0000] {logging_mixin.py:188} INFO - [2024-10-14T04:36:16.949+0000] {dagbag.py:540} INFO - Filling up the DagBag from /opt/airflow/dags/vehicle_model_training_pipeline.py
[2024-10-14T04:36:19.056+0000] {processor.py:840} INFO - DAG(s) 'Vehicle_Model_Training_Pipeline' retrieved from /opt/airflow/dags/vehicle_model_training_pipeline.py
[2024-10-14T04:36:19.230+0000] {logging_mixin.py:188} INFO - [2024-10-14T04:36:19.229+0000] {dag.py:3047} INFO - Sync 1 DAGs
[2024-10-14T04:36:19.328+0000] {logging_mixin.py:188} INFO - [2024-10-14T04:36:19.328+0000] {dag.py:3834} INFO - Setting next_dagrun for Vehicle_Model_Training_Pipeline to 2024-10-14 00:00:00+00:00, run_after=2024-10-15 00:00:00+00:00
[2024-10-14T04:36:19.390+0000] {processor.py:183} INFO - Processing /opt/airflow/dags/vehicle_model_training_pipeline.py took 2.448 seconds
[2024-10-14T04:36:49.865+0000] {processor.py:161} INFO - Started process (PID=3662) to work on /opt/airflow/dags/vehicle_model_training_pipeline.py
[2024-10-14T04:36:49.868+0000] {processor.py:830} INFO - Processing file /opt/airflow/dags/vehicle_model_training_pipeline.py for tasks to queue
[2024-10-14T04:36:49.869+0000] {logging_mixin.py:188} INFO - [2024-10-14T04:36:49.869+0000] {dagbag.py:540} INFO - Filling up the DagBag from /opt/airflow/dags/vehicle_model_training_pipeline.py
[2024-10-14T04:36:51.944+0000] {processor.py:840} INFO - DAG(s) 'Vehicle_Model_Training_Pipeline' retrieved from /opt/airflow/dags/vehicle_model_training_pipeline.py
[2024-10-14T04:36:52.065+0000] {logging_mixin.py:188} INFO - [2024-10-14T04:36:52.065+0000] {dag.py:3047} INFO - Sync 1 DAGs
[2024-10-14T04:36:52.088+0000] {logging_mixin.py:188} INFO - [2024-10-14T04:36:52.088+0000] {dag.py:3834} INFO - Setting next_dagrun for Vehicle_Model_Training_Pipeline to 2024-10-14 00:00:00+00:00, run_after=2024-10-15 00:00:00+00:00
[2024-10-14T04:36:52.151+0000] {processor.py:183} INFO - Processing /opt/airflow/dags/vehicle_model_training_pipeline.py took 2.289 seconds
[2024-10-14T04:37:22.507+0000] {processor.py:161} INFO - Started process (PID=3741) to work on /opt/airflow/dags/vehicle_model_training_pipeline.py
[2024-10-14T04:37:22.509+0000] {processor.py:830} INFO - Processing file /opt/airflow/dags/vehicle_model_training_pipeline.py for tasks to queue
[2024-10-14T04:37:22.509+0000] {logging_mixin.py:188} INFO - [2024-10-14T04:37:22.509+0000] {dagbag.py:540} INFO - Filling up the DagBag from /opt/airflow/dags/vehicle_model_training_pipeline.py
[2024-10-14T04:37:24.783+0000] {processor.py:840} INFO - DAG(s) 'Vehicle_Model_Training_Pipeline' retrieved from /opt/airflow/dags/vehicle_model_training_pipeline.py
[2024-10-14T04:37:24.952+0000] {logging_mixin.py:188} INFO - [2024-10-14T04:37:24.952+0000] {dag.py:3047} INFO - Sync 1 DAGs
[2024-10-14T04:37:25.014+0000] {logging_mixin.py:188} INFO - [2024-10-14T04:37:25.013+0000] {dag.py:3834} INFO - Setting next_dagrun for Vehicle_Model_Training_Pipeline to 2024-10-14 00:00:00+00:00, run_after=2024-10-15 00:00:00+00:00
[2024-10-14T04:37:25.059+0000] {processor.py:183} INFO - Processing /opt/airflow/dags/vehicle_model_training_pipeline.py took 2.555 seconds
[2024-10-14T04:37:55.209+0000] {processor.py:161} INFO - Started process (PID=3820) to work on /opt/airflow/dags/vehicle_model_training_pipeline.py
[2024-10-14T04:37:55.210+0000] {processor.py:830} INFO - Processing file /opt/airflow/dags/vehicle_model_training_pipeline.py for tasks to queue
[2024-10-14T04:37:55.211+0000] {logging_mixin.py:188} INFO - [2024-10-14T04:37:55.211+0000] {dagbag.py:540} INFO - Filling up the DagBag from /opt/airflow/dags/vehicle_model_training_pipeline.py
[2024-10-14T04:37:57.248+0000] {processor.py:840} INFO - DAG(s) 'Vehicle_Model_Training_Pipeline' retrieved from /opt/airflow/dags/vehicle_model_training_pipeline.py
[2024-10-14T04:37:57.444+0000] {logging_mixin.py:188} INFO - [2024-10-14T04:37:57.443+0000] {dag.py:3047} INFO - Sync 1 DAGs
[2024-10-14T04:37:57.491+0000] {logging_mixin.py:188} INFO - [2024-10-14T04:37:57.491+0000] {dag.py:3834} INFO - Setting next_dagrun for Vehicle_Model_Training_Pipeline to 2024-10-14 00:00:00+00:00, run_after=2024-10-15 00:00:00+00:00
[2024-10-14T04:37:57.537+0000] {processor.py:183} INFO - Processing /opt/airflow/dags/vehicle_model_training_pipeline.py took 2.331 seconds
[2024-10-14T04:38:27.847+0000] {processor.py:161} INFO - Started process (PID=3899) to work on /opt/airflow/dags/vehicle_model_training_pipeline.py
[2024-10-14T04:38:27.853+0000] {processor.py:830} INFO - Processing file /opt/airflow/dags/vehicle_model_training_pipeline.py for tasks to queue
[2024-10-14T04:38:27.863+0000] {logging_mixin.py:188} INFO - [2024-10-14T04:38:27.863+0000] {dagbag.py:540} INFO - Filling up the DagBag from /opt/airflow/dags/vehicle_model_training_pipeline.py
[2024-10-14T04:38:29.965+0000] {processor.py:840} INFO - DAG(s) 'Vehicle_Model_Training_Pipeline' retrieved from /opt/airflow/dags/vehicle_model_training_pipeline.py
[2024-10-14T04:38:30.152+0000] {logging_mixin.py:188} INFO - [2024-10-14T04:38:30.151+0000] {dag.py:3047} INFO - Sync 1 DAGs
[2024-10-14T04:38:30.195+0000] {logging_mixin.py:188} INFO - [2024-10-14T04:38:30.195+0000] {dag.py:3834} INFO - Setting next_dagrun for Vehicle_Model_Training_Pipeline to 2024-10-14 00:00:00+00:00, run_after=2024-10-15 00:00:00+00:00
[2024-10-14T04:38:30.237+0000] {processor.py:183} INFO - Processing /opt/airflow/dags/vehicle_model_training_pipeline.py took 2.393 seconds
[2024-10-14T04:39:00.488+0000] {processor.py:161} INFO - Started process (PID=3979) to work on /opt/airflow/dags/vehicle_model_training_pipeline.py
[2024-10-14T04:39:00.493+0000] {processor.py:830} INFO - Processing file /opt/airflow/dags/vehicle_model_training_pipeline.py for tasks to queue
[2024-10-14T04:39:00.499+0000] {logging_mixin.py:188} INFO - [2024-10-14T04:39:00.499+0000] {dagbag.py:540} INFO - Filling up the DagBag from /opt/airflow/dags/vehicle_model_training_pipeline.py
[2024-10-14T04:39:02.730+0000] {processor.py:840} INFO - DAG(s) 'Vehicle_Model_Training_Pipeline' retrieved from /opt/airflow/dags/vehicle_model_training_pipeline.py
[2024-10-14T04:39:02.907+0000] {logging_mixin.py:188} INFO - [2024-10-14T04:39:02.907+0000] {dag.py:3047} INFO - Sync 1 DAGs
[2024-10-14T04:39:02.947+0000] {logging_mixin.py:188} INFO - [2024-10-14T04:39:02.947+0000] {dag.py:3834} INFO - Setting next_dagrun for Vehicle_Model_Training_Pipeline to 2024-10-14 00:00:00+00:00, run_after=2024-10-15 00:00:00+00:00
[2024-10-14T04:39:03.014+0000] {processor.py:183} INFO - Processing /opt/airflow/dags/vehicle_model_training_pipeline.py took 2.528 seconds
[2024-10-14T04:39:33.798+0000] {processor.py:161} INFO - Started process (PID=4065) to work on /opt/airflow/dags/vehicle_model_training_pipeline.py
[2024-10-14T04:39:33.811+0000] {processor.py:830} INFO - Processing file /opt/airflow/dags/vehicle_model_training_pipeline.py for tasks to queue
[2024-10-14T04:39:33.813+0000] {logging_mixin.py:188} INFO - [2024-10-14T04:39:33.812+0000] {dagbag.py:540} INFO - Filling up the DagBag from /opt/airflow/dags/vehicle_model_training_pipeline.py
[2024-10-14T04:39:36.122+0000] {processor.py:840} INFO - DAG(s) 'Vehicle_Model_Training_Pipeline' retrieved from /opt/airflow/dags/vehicle_model_training_pipeline.py
[2024-10-14T04:39:36.323+0000] {logging_mixin.py:188} INFO - [2024-10-14T04:39:36.322+0000] {dag.py:3047} INFO - Sync 1 DAGs
[2024-10-14T04:39:36.423+0000] {logging_mixin.py:188} INFO - [2024-10-14T04:39:36.423+0000] {dag.py:3834} INFO - Setting next_dagrun for Vehicle_Model_Training_Pipeline to 2024-10-14 00:00:00+00:00, run_after=2024-10-15 00:00:00+00:00
[2024-10-14T04:39:36.460+0000] {processor.py:183} INFO - Processing /opt/airflow/dags/vehicle_model_training_pipeline.py took 2.666 seconds
[2024-10-14T04:40:07.222+0000] {processor.py:161} INFO - Started process (PID=4143) to work on /opt/airflow/dags/vehicle_model_training_pipeline.py
[2024-10-14T04:40:07.223+0000] {processor.py:830} INFO - Processing file /opt/airflow/dags/vehicle_model_training_pipeline.py for tasks to queue
[2024-10-14T04:40:07.224+0000] {logging_mixin.py:188} INFO - [2024-10-14T04:40:07.224+0000] {dagbag.py:540} INFO - Filling up the DagBag from /opt/airflow/dags/vehicle_model_training_pipeline.py
[2024-10-14T04:40:09.447+0000] {processor.py:840} INFO - DAG(s) 'Vehicle_Model_Training_Pipeline' retrieved from /opt/airflow/dags/vehicle_model_training_pipeline.py
[2024-10-14T04:40:09.602+0000] {logging_mixin.py:188} INFO - [2024-10-14T04:40:09.602+0000] {dag.py:3047} INFO - Sync 1 DAGs
[2024-10-14T04:40:09.652+0000] {logging_mixin.py:188} INFO - [2024-10-14T04:40:09.652+0000] {dag.py:3834} INFO - Setting next_dagrun for Vehicle_Model_Training_Pipeline to 2024-10-14 00:00:00+00:00, run_after=2024-10-15 00:00:00+00:00
[2024-10-14T04:40:09.694+0000] {processor.py:183} INFO - Processing /opt/airflow/dags/vehicle_model_training_pipeline.py took 2.475 seconds
[2024-10-14T04:40:40.532+0000] {processor.py:161} INFO - Started process (PID=4222) to work on /opt/airflow/dags/vehicle_model_training_pipeline.py
[2024-10-14T04:40:40.533+0000] {processor.py:830} INFO - Processing file /opt/airflow/dags/vehicle_model_training_pipeline.py for tasks to queue
[2024-10-14T04:40:40.544+0000] {logging_mixin.py:188} INFO - [2024-10-14T04:40:40.543+0000] {dagbag.py:540} INFO - Filling up the DagBag from /opt/airflow/dags/vehicle_model_training_pipeline.py
[2024-10-14T04:40:43.158+0000] {processor.py:840} INFO - DAG(s) 'Vehicle_Model_Training_Pipeline' retrieved from /opt/airflow/dags/vehicle_model_training_pipeline.py
[2024-10-14T04:40:43.362+0000] {logging_mixin.py:188} INFO - [2024-10-14T04:40:43.362+0000] {dag.py:3047} INFO - Sync 1 DAGs
[2024-10-14T04:40:43.417+0000] {logging_mixin.py:188} INFO - [2024-10-14T04:40:43.417+0000] {dag.py:3834} INFO - Setting next_dagrun for Vehicle_Model_Training_Pipeline to 2024-10-14 00:00:00+00:00, run_after=2024-10-15 00:00:00+00:00
[2024-10-14T04:40:43.478+0000] {processor.py:183} INFO - Processing /opt/airflow/dags/vehicle_model_training_pipeline.py took 2.949 seconds
[2024-10-14T04:41:13.729+0000] {processor.py:161} INFO - Started process (PID=4304) to work on /opt/airflow/dags/vehicle_model_training_pipeline.py
[2024-10-14T04:41:13.730+0000] {processor.py:830} INFO - Processing file /opt/airflow/dags/vehicle_model_training_pipeline.py for tasks to queue
[2024-10-14T04:41:13.731+0000] {logging_mixin.py:188} INFO - [2024-10-14T04:41:13.731+0000] {dagbag.py:540} INFO - Filling up the DagBag from /opt/airflow/dags/vehicle_model_training_pipeline.py
[2024-10-14T04:41:15.558+0000] {processor.py:840} INFO - DAG(s) 'Vehicle_Model_Training_Pipeline' retrieved from /opt/airflow/dags/vehicle_model_training_pipeline.py
[2024-10-14T04:41:15.667+0000] {logging_mixin.py:188} INFO - [2024-10-14T04:41:15.666+0000] {dag.py:3047} INFO - Sync 1 DAGs
[2024-10-14T04:41:15.693+0000] {logging_mixin.py:188} INFO - [2024-10-14T04:41:15.693+0000] {dag.py:3834} INFO - Setting next_dagrun for Vehicle_Model_Training_Pipeline to 2024-10-14 00:00:00+00:00, run_after=2024-10-15 00:00:00+00:00
[2024-10-14T04:41:15.754+0000] {processor.py:183} INFO - Processing /opt/airflow/dags/vehicle_model_training_pipeline.py took 2.027 seconds
[2024-10-14T04:41:46.555+0000] {processor.py:161} INFO - Started process (PID=4385) to work on /opt/airflow/dags/vehicle_model_training_pipeline.py
[2024-10-14T04:41:46.556+0000] {processor.py:830} INFO - Processing file /opt/airflow/dags/vehicle_model_training_pipeline.py for tasks to queue
[2024-10-14T04:41:46.557+0000] {logging_mixin.py:188} INFO - [2024-10-14T04:41:46.556+0000] {dagbag.py:540} INFO - Filling up the DagBag from /opt/airflow/dags/vehicle_model_training_pipeline.py
[2024-10-14T04:41:48.830+0000] {processor.py:840} INFO - DAG(s) 'Vehicle_Model_Training_Pipeline' retrieved from /opt/airflow/dags/vehicle_model_training_pipeline.py
[2024-10-14T04:41:49.012+0000] {logging_mixin.py:188} INFO - [2024-10-14T04:41:49.012+0000] {dag.py:3047} INFO - Sync 1 DAGs
[2024-10-14T04:41:49.040+0000] {logging_mixin.py:188} INFO - [2024-10-14T04:41:49.040+0000] {dag.py:3834} INFO - Setting next_dagrun for Vehicle_Model_Training_Pipeline to 2024-10-14 00:00:00+00:00, run_after=2024-10-15 00:00:00+00:00
[2024-10-14T04:41:49.075+0000] {processor.py:183} INFO - Processing /opt/airflow/dags/vehicle_model_training_pipeline.py took 2.523 seconds
[2024-10-14T04:42:19.267+0000] {processor.py:161} INFO - Started process (PID=4464) to work on /opt/airflow/dags/vehicle_model_training_pipeline.py
[2024-10-14T04:42:19.271+0000] {processor.py:830} INFO - Processing file /opt/airflow/dags/vehicle_model_training_pipeline.py for tasks to queue
[2024-10-14T04:42:19.274+0000] {logging_mixin.py:188} INFO - [2024-10-14T04:42:19.274+0000] {dagbag.py:540} INFO - Filling up the DagBag from /opt/airflow/dags/vehicle_model_training_pipeline.py
[2024-10-14T04:42:21.511+0000] {processor.py:840} INFO - DAG(s) 'Vehicle_Model_Training_Pipeline' retrieved from /opt/airflow/dags/vehicle_model_training_pipeline.py
[2024-10-14T04:42:21.741+0000] {logging_mixin.py:188} INFO - [2024-10-14T04:42:21.740+0000] {dag.py:3047} INFO - Sync 1 DAGs
[2024-10-14T04:42:21.771+0000] {logging_mixin.py:188} INFO - [2024-10-14T04:42:21.771+0000] {dag.py:3834} INFO - Setting next_dagrun for Vehicle_Model_Training_Pipeline to 2024-10-14 00:00:00+00:00, run_after=2024-10-15 00:00:00+00:00
[2024-10-14T04:42:21.802+0000] {processor.py:183} INFO - Processing /opt/airflow/dags/vehicle_model_training_pipeline.py took 2.535 seconds
[2024-10-14T04:42:52.587+0000] {processor.py:161} INFO - Started process (PID=4543) to work on /opt/airflow/dags/vehicle_model_training_pipeline.py
[2024-10-14T04:42:52.588+0000] {processor.py:830} INFO - Processing file /opt/airflow/dags/vehicle_model_training_pipeline.py for tasks to queue
[2024-10-14T04:42:52.588+0000] {logging_mixin.py:188} INFO - [2024-10-14T04:42:52.588+0000] {dagbag.py:540} INFO - Filling up the DagBag from /opt/airflow/dags/vehicle_model_training_pipeline.py
[2024-10-14T04:42:54.494+0000] {processor.py:840} INFO - DAG(s) 'Vehicle_Model_Training_Pipeline' retrieved from /opt/airflow/dags/vehicle_model_training_pipeline.py
[2024-10-14T04:42:54.665+0000] {logging_mixin.py:188} INFO - [2024-10-14T04:42:54.665+0000] {dag.py:3047} INFO - Sync 1 DAGs
[2024-10-14T04:42:54.694+0000] {logging_mixin.py:188} INFO - [2024-10-14T04:42:54.693+0000] {dag.py:3834} INFO - Setting next_dagrun for Vehicle_Model_Training_Pipeline to 2024-10-14 00:00:00+00:00, run_after=2024-10-15 00:00:00+00:00
[2024-10-14T04:42:54.746+0000] {processor.py:183} INFO - Processing /opt/airflow/dags/vehicle_model_training_pipeline.py took 2.162 seconds
[2024-10-14T04:43:25.373+0000] {processor.py:161} INFO - Started process (PID=4622) to work on /opt/airflow/dags/vehicle_model_training_pipeline.py
[2024-10-14T04:43:25.375+0000] {processor.py:830} INFO - Processing file /opt/airflow/dags/vehicle_model_training_pipeline.py for tasks to queue
[2024-10-14T04:43:25.377+0000] {logging_mixin.py:188} INFO - [2024-10-14T04:43:25.377+0000] {dagbag.py:540} INFO - Filling up the DagBag from /opt/airflow/dags/vehicle_model_training_pipeline.py
[2024-10-14T04:43:27.172+0000] {processor.py:840} INFO - DAG(s) 'Vehicle_Model_Training_Pipeline' retrieved from /opt/airflow/dags/vehicle_model_training_pipeline.py
[2024-10-14T04:43:27.383+0000] {logging_mixin.py:188} INFO - [2024-10-14T04:43:27.382+0000] {dag.py:3047} INFO - Sync 1 DAGs
[2024-10-14T04:43:27.446+0000] {logging_mixin.py:188} INFO - [2024-10-14T04:43:27.446+0000] {dag.py:3834} INFO - Setting next_dagrun for Vehicle_Model_Training_Pipeline to 2024-10-14 00:00:00+00:00, run_after=2024-10-15 00:00:00+00:00
[2024-10-14T04:43:27.479+0000] {processor.py:183} INFO - Processing /opt/airflow/dags/vehicle_model_training_pipeline.py took 2.108 seconds
[2024-10-14T04:43:57.940+0000] {processor.py:161} INFO - Started process (PID=4698) to work on /opt/airflow/dags/vehicle_model_training_pipeline.py
[2024-10-14T04:43:57.941+0000] {processor.py:830} INFO - Processing file /opt/airflow/dags/vehicle_model_training_pipeline.py for tasks to queue
[2024-10-14T04:43:57.942+0000] {logging_mixin.py:188} INFO - [2024-10-14T04:43:57.942+0000] {dagbag.py:540} INFO - Filling up the DagBag from /opt/airflow/dags/vehicle_model_training_pipeline.py
[2024-10-14T04:44:00.261+0000] {processor.py:840} INFO - DAG(s) 'Vehicle_Model_Training_Pipeline' retrieved from /opt/airflow/dags/vehicle_model_training_pipeline.py
[2024-10-14T04:44:00.446+0000] {logging_mixin.py:188} INFO - [2024-10-14T04:44:00.446+0000] {dag.py:3047} INFO - Sync 1 DAGs
[2024-10-14T04:44:00.481+0000] {logging_mixin.py:188} INFO - [2024-10-14T04:44:00.481+0000] {dag.py:3834} INFO - Setting next_dagrun for Vehicle_Model_Training_Pipeline to 2024-10-14 00:00:00+00:00, run_after=2024-10-15 00:00:00+00:00
[2024-10-14T04:44:00.512+0000] {processor.py:183} INFO - Processing /opt/airflow/dags/vehicle_model_training_pipeline.py took 2.574 seconds
[2024-10-14T04:44:30.956+0000] {processor.py:161} INFO - Started process (PID=4776) to work on /opt/airflow/dags/vehicle_model_training_pipeline.py
[2024-10-14T04:44:30.957+0000] {processor.py:830} INFO - Processing file /opt/airflow/dags/vehicle_model_training_pipeline.py for tasks to queue
[2024-10-14T04:44:30.967+0000] {logging_mixin.py:188} INFO - [2024-10-14T04:44:30.966+0000] {dagbag.py:540} INFO - Filling up the DagBag from /opt/airflow/dags/vehicle_model_training_pipeline.py
[2024-10-14T04:44:33.041+0000] {processor.py:840} INFO - DAG(s) 'Vehicle_Model_Training_Pipeline' retrieved from /opt/airflow/dags/vehicle_model_training_pipeline.py
[2024-10-14T04:44:33.198+0000] {logging_mixin.py:188} INFO - [2024-10-14T04:44:33.197+0000] {dag.py:3047} INFO - Sync 1 DAGs
[2024-10-14T04:44:33.274+0000] {logging_mixin.py:188} INFO - [2024-10-14T04:44:33.274+0000] {dag.py:3834} INFO - Setting next_dagrun for Vehicle_Model_Training_Pipeline to 2024-10-14 00:00:00+00:00, run_after=2024-10-15 00:00:00+00:00
[2024-10-14T04:44:33.324+0000] {processor.py:183} INFO - Processing /opt/airflow/dags/vehicle_model_training_pipeline.py took 2.371 seconds
[2024-10-14T04:45:04.338+0000] {processor.py:161} INFO - Started process (PID=4835) to work on /opt/airflow/dags/vehicle_model_training_pipeline.py
[2024-10-14T04:45:04.344+0000] {processor.py:830} INFO - Processing file /opt/airflow/dags/vehicle_model_training_pipeline.py for tasks to queue
[2024-10-14T04:45:04.345+0000] {logging_mixin.py:188} INFO - [2024-10-14T04:45:04.345+0000] {dagbag.py:540} INFO - Filling up the DagBag from /opt/airflow/dags/vehicle_model_training_pipeline.py
[2024-10-14T04:45:06.177+0000] {processor.py:840} INFO - DAG(s) 'Vehicle_Model_Training_Pipeline' retrieved from /opt/airflow/dags/vehicle_model_training_pipeline.py
[2024-10-14T04:45:06.330+0000] {logging_mixin.py:188} INFO - [2024-10-14T04:45:06.329+0000] {dag.py:3047} INFO - Sync 1 DAGs
[2024-10-14T04:45:06.386+0000] {logging_mixin.py:188} INFO - [2024-10-14T04:45:06.385+0000] {dag.py:3834} INFO - Setting next_dagrun for Vehicle_Model_Training_Pipeline to 2024-10-14 00:00:00+00:00, run_after=2024-10-15 00:00:00+00:00
[2024-10-14T04:45:06.444+0000] {processor.py:183} INFO - Processing /opt/airflow/dags/vehicle_model_training_pipeline.py took 2.109 seconds
[2024-10-14T04:45:36.839+0000] {processor.py:161} INFO - Started process (PID=4916) to work on /opt/airflow/dags/vehicle_model_training_pipeline.py
[2024-10-14T04:45:36.841+0000] {processor.py:830} INFO - Processing file /opt/airflow/dags/vehicle_model_training_pipeline.py for tasks to queue
[2024-10-14T04:45:36.842+0000] {logging_mixin.py:188} INFO - [2024-10-14T04:45:36.842+0000] {dagbag.py:540} INFO - Filling up the DagBag from /opt/airflow/dags/vehicle_model_training_pipeline.py
[2024-10-14T04:45:39.232+0000] {processor.py:840} INFO - DAG(s) 'Vehicle_Model_Training_Pipeline' retrieved from /opt/airflow/dags/vehicle_model_training_pipeline.py
[2024-10-14T04:45:39.419+0000] {logging_mixin.py:188} INFO - [2024-10-14T04:45:39.418+0000] {dag.py:3047} INFO - Sync 1 DAGs
[2024-10-14T04:45:39.450+0000] {logging_mixin.py:188} INFO - [2024-10-14T04:45:39.450+0000] {dag.py:3834} INFO - Setting next_dagrun for Vehicle_Model_Training_Pipeline to 2024-10-14 00:00:00+00:00, run_after=2024-10-15 00:00:00+00:00
[2024-10-14T04:45:39.470+0000] {processor.py:183} INFO - Processing /opt/airflow/dags/vehicle_model_training_pipeline.py took 2.633 seconds
