[2024-10-14T04:15:07.108+0000] {processor.py:161} INFO - Started process (PID=218) to work on /opt/airflow/dags/vehicle_data_scraping_pipeline.py
[2024-10-14T04:15:07.113+0000] {processor.py:830} INFO - Processing file /opt/airflow/dags/vehicle_data_scraping_pipeline.py for tasks to queue
[2024-10-14T04:15:07.116+0000] {logging_mixin.py:188} INFO - [2024-10-14T04:15:07.114+0000] {dagbag.py:540} INFO - Filling up the DagBag from /opt/airflow/dags/vehicle_data_scraping_pipeline.py
[2024-10-14T04:15:09.046+0000] {processor.py:840} INFO - DAG(s) 'Vehicle_Data_scrape_Pipeline' retrieved from /opt/airflow/dags/vehicle_data_scraping_pipeline.py
[2024-10-14T04:15:09.266+0000] {logging_mixin.py:188} INFO - [2024-10-14T04:15:09.266+0000] {dag.py:3047} INFO - Sync 1 DAGs
[2024-10-14T04:15:09.279+0000] {logging_mixin.py:188} INFO - [2024-10-14T04:15:09.279+0000] {dag.py:3834} INFO - Setting next_dagrun for Vehicle_Data_scrape_Pipeline to 2024-10-14 00:00:00+00:00, run_after=2024-10-15 00:00:00+00:00
[2024-10-14T04:15:09.301+0000] {processor.py:183} INFO - Processing /opt/airflow/dags/vehicle_data_scraping_pipeline.py took 2.210 seconds
[2024-10-14T04:15:39.560+0000] {processor.py:161} INFO - Started process (PID=507) to work on /opt/airflow/dags/vehicle_data_scraping_pipeline.py
[2024-10-14T04:15:39.569+0000] {processor.py:830} INFO - Processing file /opt/airflow/dags/vehicle_data_scraping_pipeline.py for tasks to queue
[2024-10-14T04:15:39.571+0000] {logging_mixin.py:188} INFO - [2024-10-14T04:15:39.570+0000] {dagbag.py:540} INFO - Filling up the DagBag from /opt/airflow/dags/vehicle_data_scraping_pipeline.py
[2024-10-14T04:15:40.757+0000] {processor.py:840} INFO - DAG(s) 'Vehicle_Data_scrape_Pipeline' retrieved from /opt/airflow/dags/vehicle_data_scraping_pipeline.py
[2024-10-14T04:15:40.865+0000] {logging_mixin.py:188} INFO - [2024-10-14T04:15:40.864+0000] {dag.py:3047} INFO - Sync 1 DAGs
[2024-10-14T04:15:40.904+0000] {logging_mixin.py:188} INFO - [2024-10-14T04:15:40.903+0000] {dag.py:3834} INFO - Setting next_dagrun for Vehicle_Data_scrape_Pipeline to 2024-10-14 00:00:00+00:00, run_after=2024-10-15 00:00:00+00:00
[2024-10-14T04:15:41.003+0000] {processor.py:183} INFO - Processing /opt/airflow/dags/vehicle_data_scraping_pipeline.py took 1.447 seconds
[2024-10-14T04:16:11.375+0000] {processor.py:161} INFO - Started process (PID=585) to work on /opt/airflow/dags/vehicle_data_scraping_pipeline.py
[2024-10-14T04:16:11.376+0000] {processor.py:830} INFO - Processing file /opt/airflow/dags/vehicle_data_scraping_pipeline.py for tasks to queue
[2024-10-14T04:16:11.377+0000] {logging_mixin.py:188} INFO - [2024-10-14T04:16:11.377+0000] {dagbag.py:540} INFO - Filling up the DagBag from /opt/airflow/dags/vehicle_data_scraping_pipeline.py
[2024-10-14T04:16:12.462+0000] {processor.py:840} INFO - DAG(s) 'Vehicle_Data_scrape_Pipeline' retrieved from /opt/airflow/dags/vehicle_data_scraping_pipeline.py
[2024-10-14T04:16:12.547+0000] {logging_mixin.py:188} INFO - [2024-10-14T04:16:12.546+0000] {dag.py:3047} INFO - Sync 1 DAGs
[2024-10-14T04:16:12.870+0000] {logging_mixin.py:188} INFO - [2024-10-14T04:16:12.870+0000] {dag.py:3834} INFO - Setting next_dagrun for Vehicle_Data_scrape_Pipeline to 2024-10-14 00:00:00+00:00, run_after=2024-10-15 00:00:00+00:00
[2024-10-14T04:16:12.945+0000] {processor.py:183} INFO - Processing /opt/airflow/dags/vehicle_data_scraping_pipeline.py took 1.573 seconds
[2024-10-14T04:16:43.183+0000] {processor.py:161} INFO - Started process (PID=663) to work on /opt/airflow/dags/vehicle_data_scraping_pipeline.py
[2024-10-14T04:16:43.183+0000] {processor.py:830} INFO - Processing file /opt/airflow/dags/vehicle_data_scraping_pipeline.py for tasks to queue
[2024-10-14T04:16:43.184+0000] {logging_mixin.py:188} INFO - [2024-10-14T04:16:43.184+0000] {dagbag.py:540} INFO - Filling up the DagBag from /opt/airflow/dags/vehicle_data_scraping_pipeline.py
[2024-10-14T04:16:44.606+0000] {processor.py:840} INFO - DAG(s) 'Vehicle_Data_scrape_Pipeline' retrieved from /opt/airflow/dags/vehicle_data_scraping_pipeline.py
[2024-10-14T04:16:44.696+0000] {logging_mixin.py:188} INFO - [2024-10-14T04:16:44.696+0000] {dag.py:3047} INFO - Sync 1 DAGs
[2024-10-14T04:16:44.819+0000] {logging_mixin.py:188} INFO - [2024-10-14T04:16:44.819+0000] {dag.py:3834} INFO - Setting next_dagrun for Vehicle_Data_scrape_Pipeline to 2024-10-14 00:00:00+00:00, run_after=2024-10-15 00:00:00+00:00
[2024-10-14T04:16:44.855+0000] {processor.py:183} INFO - Processing /opt/airflow/dags/vehicle_data_scraping_pipeline.py took 1.675 seconds
[2024-10-14T04:17:15.288+0000] {processor.py:161} INFO - Started process (PID=723) to work on /opt/airflow/dags/vehicle_data_scraping_pipeline.py
[2024-10-14T04:17:15.289+0000] {processor.py:830} INFO - Processing file /opt/airflow/dags/vehicle_data_scraping_pipeline.py for tasks to queue
[2024-10-14T04:17:15.290+0000] {logging_mixin.py:188} INFO - [2024-10-14T04:17:15.290+0000] {dagbag.py:540} INFO - Filling up the DagBag from /opt/airflow/dags/vehicle_data_scraping_pipeline.py
[2024-10-14T04:17:16.255+0000] {processor.py:840} INFO - DAG(s) 'Vehicle_Data_scrape_Pipeline' retrieved from /opt/airflow/dags/vehicle_data_scraping_pipeline.py
[2024-10-14T04:17:16.789+0000] {logging_mixin.py:188} INFO - [2024-10-14T04:17:16.788+0000] {dag.py:3047} INFO - Sync 1 DAGs
[2024-10-14T04:17:16.833+0000] {logging_mixin.py:188} INFO - [2024-10-14T04:17:16.832+0000] {dag.py:3834} INFO - Setting next_dagrun for Vehicle_Data_scrape_Pipeline to 2024-10-14 00:00:00+00:00, run_after=2024-10-15 00:00:00+00:00
[2024-10-14T04:17:16.900+0000] {processor.py:183} INFO - Processing /opt/airflow/dags/vehicle_data_scraping_pipeline.py took 1.614 seconds
[2024-10-14T04:17:47.824+0000] {processor.py:161} INFO - Started process (PID=798) to work on /opt/airflow/dags/vehicle_data_scraping_pipeline.py
[2024-10-14T04:17:47.832+0000] {processor.py:830} INFO - Processing file /opt/airflow/dags/vehicle_data_scraping_pipeline.py for tasks to queue
[2024-10-14T04:17:47.840+0000] {logging_mixin.py:188} INFO - [2024-10-14T04:17:47.839+0000] {dagbag.py:540} INFO - Filling up the DagBag from /opt/airflow/dags/vehicle_data_scraping_pipeline.py
[2024-10-14T04:17:49.387+0000] {processor.py:840} INFO - DAG(s) 'Vehicle_Data_scrape_Pipeline' retrieved from /opt/airflow/dags/vehicle_data_scraping_pipeline.py
[2024-10-14T04:17:49.460+0000] {logging_mixin.py:188} INFO - [2024-10-14T04:17:49.460+0000] {dag.py:3047} INFO - Sync 1 DAGs
[2024-10-14T04:17:49.533+0000] {logging_mixin.py:188} INFO - [2024-10-14T04:17:49.533+0000] {dag.py:3834} INFO - Setting next_dagrun for Vehicle_Data_scrape_Pipeline to 2024-10-14 00:00:00+00:00, run_after=2024-10-15 00:00:00+00:00
[2024-10-14T04:17:49.610+0000] {processor.py:183} INFO - Processing /opt/airflow/dags/vehicle_data_scraping_pipeline.py took 1.789 seconds
[2024-10-14T04:18:19.903+0000] {processor.py:161} INFO - Started process (PID=882) to work on /opt/airflow/dags/vehicle_data_scraping_pipeline.py
[2024-10-14T04:18:19.904+0000] {processor.py:830} INFO - Processing file /opt/airflow/dags/vehicle_data_scraping_pipeline.py for tasks to queue
[2024-10-14T04:18:19.905+0000] {logging_mixin.py:188} INFO - [2024-10-14T04:18:19.904+0000] {dagbag.py:540} INFO - Filling up the DagBag from /opt/airflow/dags/vehicle_data_scraping_pipeline.py
[2024-10-14T04:18:21.070+0000] {processor.py:840} INFO - DAG(s) 'Vehicle_Data_scrape_Pipeline' retrieved from /opt/airflow/dags/vehicle_data_scraping_pipeline.py
[2024-10-14T04:18:21.171+0000] {logging_mixin.py:188} INFO - [2024-10-14T04:18:21.171+0000] {dag.py:3047} INFO - Sync 1 DAGs
[2024-10-14T04:18:21.423+0000] {logging_mixin.py:188} INFO - [2024-10-14T04:18:21.423+0000] {dag.py:3834} INFO - Setting next_dagrun for Vehicle_Data_scrape_Pipeline to 2024-10-14 00:00:00+00:00, run_after=2024-10-15 00:00:00+00:00
[2024-10-14T04:18:21.443+0000] {processor.py:183} INFO - Processing /opt/airflow/dags/vehicle_data_scraping_pipeline.py took 1.541 seconds
[2024-10-14T04:18:52.354+0000] {processor.py:161} INFO - Started process (PID=960) to work on /opt/airflow/dags/vehicle_data_scraping_pipeline.py
[2024-10-14T04:18:52.355+0000] {processor.py:830} INFO - Processing file /opt/airflow/dags/vehicle_data_scraping_pipeline.py for tasks to queue
[2024-10-14T04:18:52.356+0000] {logging_mixin.py:188} INFO - [2024-10-14T04:18:52.356+0000] {dagbag.py:540} INFO - Filling up the DagBag from /opt/airflow/dags/vehicle_data_scraping_pipeline.py
[2024-10-14T04:18:54.139+0000] {processor.py:840} INFO - DAG(s) 'Vehicle_Data_scrape_Pipeline' retrieved from /opt/airflow/dags/vehicle_data_scraping_pipeline.py
[2024-10-14T04:18:54.421+0000] {logging_mixin.py:188} INFO - [2024-10-14T04:18:54.420+0000] {dag.py:3047} INFO - Sync 1 DAGs
[2024-10-14T04:18:54.456+0000] {logging_mixin.py:188} INFO - [2024-10-14T04:18:54.455+0000] {dag.py:3834} INFO - Setting next_dagrun for Vehicle_Data_scrape_Pipeline to 2024-10-14 00:00:00+00:00, run_after=2024-10-15 00:00:00+00:00
[2024-10-14T04:18:54.536+0000] {processor.py:183} INFO - Processing /opt/airflow/dags/vehicle_data_scraping_pipeline.py took 2.178 seconds
[2024-10-14T04:19:24.955+0000] {processor.py:161} INFO - Started process (PID=1038) to work on /opt/airflow/dags/vehicle_data_scraping_pipeline.py
[2024-10-14T04:19:24.958+0000] {processor.py:830} INFO - Processing file /opt/airflow/dags/vehicle_data_scraping_pipeline.py for tasks to queue
[2024-10-14T04:19:24.959+0000] {logging_mixin.py:188} INFO - [2024-10-14T04:19:24.959+0000] {dagbag.py:540} INFO - Filling up the DagBag from /opt/airflow/dags/vehicle_data_scraping_pipeline.py
[2024-10-14T04:19:26.728+0000] {processor.py:840} INFO - DAG(s) 'Vehicle_Data_scrape_Pipeline' retrieved from /opt/airflow/dags/vehicle_data_scraping_pipeline.py
[2024-10-14T04:19:26.830+0000] {logging_mixin.py:188} INFO - [2024-10-14T04:19:26.830+0000] {dag.py:3047} INFO - Sync 1 DAGs
[2024-10-14T04:19:26.913+0000] {logging_mixin.py:188} INFO - [2024-10-14T04:19:26.913+0000] {dag.py:3834} INFO - Setting next_dagrun for Vehicle_Data_scrape_Pipeline to 2024-10-14 00:00:00+00:00, run_after=2024-10-15 00:00:00+00:00
[2024-10-14T04:19:26.935+0000] {processor.py:183} INFO - Processing /opt/airflow/dags/vehicle_data_scraping_pipeline.py took 1.983 seconds
[2024-10-14T04:19:57.626+0000] {processor.py:161} INFO - Started process (PID=1116) to work on /opt/airflow/dags/vehicle_data_scraping_pipeline.py
[2024-10-14T04:19:57.634+0000] {processor.py:830} INFO - Processing file /opt/airflow/dags/vehicle_data_scraping_pipeline.py for tasks to queue
[2024-10-14T04:19:57.644+0000] {logging_mixin.py:188} INFO - [2024-10-14T04:19:57.643+0000] {dagbag.py:540} INFO - Filling up the DagBag from /opt/airflow/dags/vehicle_data_scraping_pipeline.py
[2024-10-14T04:19:59.454+0000] {processor.py:840} INFO - DAG(s) 'Vehicle_Data_scrape_Pipeline' retrieved from /opt/airflow/dags/vehicle_data_scraping_pipeline.py
[2024-10-14T04:19:59.684+0000] {logging_mixin.py:188} INFO - [2024-10-14T04:19:59.684+0000] {dag.py:3047} INFO - Sync 1 DAGs
[2024-10-14T04:19:59.755+0000] {logging_mixin.py:188} INFO - [2024-10-14T04:19:59.754+0000] {dag.py:3834} INFO - Setting next_dagrun for Vehicle_Data_scrape_Pipeline to 2024-10-14 00:00:00+00:00, run_after=2024-10-15 00:00:00+00:00
[2024-10-14T04:19:59.786+0000] {processor.py:183} INFO - Processing /opt/airflow/dags/vehicle_data_scraping_pipeline.py took 2.163 seconds
[2024-10-14T04:20:30.504+0000] {processor.py:161} INFO - Started process (PID=1244) to work on /opt/airflow/dags/vehicle_data_scraping_pipeline.py
[2024-10-14T04:20:30.505+0000] {processor.py:830} INFO - Processing file /opt/airflow/dags/vehicle_data_scraping_pipeline.py for tasks to queue
[2024-10-14T04:20:30.506+0000] {logging_mixin.py:188} INFO - [2024-10-14T04:20:30.505+0000] {dagbag.py:540} INFO - Filling up the DagBag from /opt/airflow/dags/vehicle_data_scraping_pipeline.py
[2024-10-14T04:20:31.698+0000] {processor.py:840} INFO - DAG(s) 'Vehicle_Data_scrape_Pipeline' retrieved from /opt/airflow/dags/vehicle_data_scraping_pipeline.py
[2024-10-14T04:20:31.893+0000] {logging_mixin.py:188} INFO - [2024-10-14T04:20:31.892+0000] {dag.py:3047} INFO - Sync 1 DAGs
[2024-10-14T04:20:31.952+0000] {logging_mixin.py:188} INFO - [2024-10-14T04:20:31.951+0000] {dag.py:3834} INFO - Setting next_dagrun for Vehicle_Data_scrape_Pipeline to 2024-10-14 00:00:00+00:00, run_after=2024-10-15 00:00:00+00:00
[2024-10-14T04:20:32.012+0000] {processor.py:183} INFO - Processing /opt/airflow/dags/vehicle_data_scraping_pipeline.py took 1.512 seconds
[2024-10-14T04:21:02.136+0000] {processor.py:161} INFO - Started process (PID=1385) to work on /opt/airflow/dags/vehicle_data_scraping_pipeline.py
[2024-10-14T04:21:02.137+0000] {processor.py:830} INFO - Processing file /opt/airflow/dags/vehicle_data_scraping_pipeline.py for tasks to queue
[2024-10-14T04:21:02.138+0000] {logging_mixin.py:188} INFO - [2024-10-14T04:21:02.138+0000] {dagbag.py:540} INFO - Filling up the DagBag from /opt/airflow/dags/vehicle_data_scraping_pipeline.py
[2024-10-14T04:21:03.103+0000] {processor.py:840} INFO - DAG(s) 'Vehicle_Data_scrape_Pipeline' retrieved from /opt/airflow/dags/vehicle_data_scraping_pipeline.py
[2024-10-14T04:21:03.193+0000] {logging_mixin.py:188} INFO - [2024-10-14T04:21:03.192+0000] {dag.py:3047} INFO - Sync 1 DAGs
[2024-10-14T04:21:03.498+0000] {logging_mixin.py:188} INFO - [2024-10-14T04:21:03.497+0000] {dag.py:3834} INFO - Setting next_dagrun for Vehicle_Data_scrape_Pipeline to 2024-10-14 00:00:00+00:00, run_after=2024-10-15 00:00:00+00:00
[2024-10-14T04:21:03.541+0000] {processor.py:183} INFO - Processing /opt/airflow/dags/vehicle_data_scraping_pipeline.py took 1.407 seconds
[2024-10-14T04:21:33.929+0000] {processor.py:161} INFO - Started process (PID=1464) to work on /opt/airflow/dags/vehicle_data_scraping_pipeline.py
[2024-10-14T04:21:33.931+0000] {processor.py:830} INFO - Processing file /opt/airflow/dags/vehicle_data_scraping_pipeline.py for tasks to queue
[2024-10-14T04:21:33.932+0000] {logging_mixin.py:188} INFO - [2024-10-14T04:21:33.932+0000] {dagbag.py:540} INFO - Filling up the DagBag from /opt/airflow/dags/vehicle_data_scraping_pipeline.py
[2024-10-14T04:21:34.916+0000] {processor.py:840} INFO - DAG(s) 'Vehicle_Data_scrape_Pipeline' retrieved from /opt/airflow/dags/vehicle_data_scraping_pipeline.py
[2024-10-14T04:21:35.061+0000] {logging_mixin.py:188} INFO - [2024-10-14T04:21:35.061+0000] {dag.py:3047} INFO - Sync 1 DAGs
[2024-10-14T04:21:35.116+0000] {logging_mixin.py:188} INFO - [2024-10-14T04:21:35.116+0000] {dag.py:3834} INFO - Setting next_dagrun for Vehicle_Data_scrape_Pipeline to 2024-10-14 00:00:00+00:00, run_after=2024-10-15 00:00:00+00:00
[2024-10-14T04:21:35.189+0000] {processor.py:183} INFO - Processing /opt/airflow/dags/vehicle_data_scraping_pipeline.py took 1.263 seconds
[2024-10-14T04:22:05.502+0000] {processor.py:161} INFO - Started process (PID=1543) to work on /opt/airflow/dags/vehicle_data_scraping_pipeline.py
[2024-10-14T04:22:05.503+0000] {processor.py:830} INFO - Processing file /opt/airflow/dags/vehicle_data_scraping_pipeline.py for tasks to queue
[2024-10-14T04:22:05.504+0000] {logging_mixin.py:188} INFO - [2024-10-14T04:22:05.504+0000] {dagbag.py:540} INFO - Filling up the DagBag from /opt/airflow/dags/vehicle_data_scraping_pipeline.py
[2024-10-14T04:22:06.868+0000] {processor.py:840} INFO - DAG(s) 'Vehicle_Data_scrape_Pipeline' retrieved from /opt/airflow/dags/vehicle_data_scraping_pipeline.py
[2024-10-14T04:22:06.943+0000] {logging_mixin.py:188} INFO - [2024-10-14T04:22:06.943+0000] {dag.py:3047} INFO - Sync 1 DAGs
[2024-10-14T04:22:06.966+0000] {logging_mixin.py:188} INFO - [2024-10-14T04:22:06.966+0000] {dag.py:3834} INFO - Setting next_dagrun for Vehicle_Data_scrape_Pipeline to 2024-10-14 00:00:00+00:00, run_after=2024-10-15 00:00:00+00:00
[2024-10-14T04:22:07.029+0000] {processor.py:183} INFO - Processing /opt/airflow/dags/vehicle_data_scraping_pipeline.py took 1.530 seconds
[2024-10-14T04:22:37.294+0000] {processor.py:161} INFO - Started process (PID=1622) to work on /opt/airflow/dags/vehicle_data_scraping_pipeline.py
[2024-10-14T04:22:37.295+0000] {processor.py:830} INFO - Processing file /opt/airflow/dags/vehicle_data_scraping_pipeline.py for tasks to queue
[2024-10-14T04:22:37.296+0000] {logging_mixin.py:188} INFO - [2024-10-14T04:22:37.295+0000] {dagbag.py:540} INFO - Filling up the DagBag from /opt/airflow/dags/vehicle_data_scraping_pipeline.py
[2024-10-14T04:22:38.646+0000] {processor.py:840} INFO - DAG(s) 'Vehicle_Data_scrape_Pipeline' retrieved from /opt/airflow/dags/vehicle_data_scraping_pipeline.py
[2024-10-14T04:22:38.756+0000] {logging_mixin.py:188} INFO - [2024-10-14T04:22:38.755+0000] {dag.py:3047} INFO - Sync 1 DAGs
[2024-10-14T04:22:38.784+0000] {logging_mixin.py:188} INFO - [2024-10-14T04:22:38.784+0000] {dag.py:3834} INFO - Setting next_dagrun for Vehicle_Data_scrape_Pipeline to 2024-10-14 00:00:00+00:00, run_after=2024-10-15 00:00:00+00:00
[2024-10-14T04:22:38.822+0000] {processor.py:183} INFO - Processing /opt/airflow/dags/vehicle_data_scraping_pipeline.py took 1.530 seconds
[2024-10-14T04:23:09.818+0000] {processor.py:161} INFO - Started process (PID=1701) to work on /opt/airflow/dags/vehicle_data_scraping_pipeline.py
[2024-10-14T04:23:09.819+0000] {processor.py:830} INFO - Processing file /opt/airflow/dags/vehicle_data_scraping_pipeline.py for tasks to queue
[2024-10-14T04:23:09.820+0000] {logging_mixin.py:188} INFO - [2024-10-14T04:23:09.820+0000] {dagbag.py:540} INFO - Filling up the DagBag from /opt/airflow/dags/vehicle_data_scraping_pipeline.py
[2024-10-14T04:23:11.112+0000] {processor.py:840} INFO - DAG(s) 'Vehicle_Data_scrape_Pipeline' retrieved from /opt/airflow/dags/vehicle_data_scraping_pipeline.py
[2024-10-14T04:23:11.220+0000] {logging_mixin.py:188} INFO - [2024-10-14T04:23:11.220+0000] {dag.py:3047} INFO - Sync 1 DAGs
[2024-10-14T04:23:11.306+0000] {logging_mixin.py:188} INFO - [2024-10-14T04:23:11.306+0000] {dag.py:3834} INFO - Setting next_dagrun for Vehicle_Data_scrape_Pipeline to 2024-10-14 00:00:00+00:00, run_after=2024-10-15 00:00:00+00:00
[2024-10-14T04:23:11.594+0000] {processor.py:183} INFO - Processing /opt/airflow/dags/vehicle_data_scraping_pipeline.py took 1.779 seconds
[2024-10-14T04:23:42.461+0000] {processor.py:161} INFO - Started process (PID=1784) to work on /opt/airflow/dags/vehicle_data_scraping_pipeline.py
[2024-10-14T04:23:42.471+0000] {processor.py:830} INFO - Processing file /opt/airflow/dags/vehicle_data_scraping_pipeline.py for tasks to queue
[2024-10-14T04:23:42.486+0000] {logging_mixin.py:188} INFO - [2024-10-14T04:23:42.486+0000] {dagbag.py:540} INFO - Filling up the DagBag from /opt/airflow/dags/vehicle_data_scraping_pipeline.py
[2024-10-14T04:23:43.658+0000] {processor.py:840} INFO - DAG(s) 'Vehicle_Data_scrape_Pipeline' retrieved from /opt/airflow/dags/vehicle_data_scraping_pipeline.py
[2024-10-14T04:23:43.808+0000] {logging_mixin.py:188} INFO - [2024-10-14T04:23:43.808+0000] {dag.py:3047} INFO - Sync 1 DAGs
[2024-10-14T04:23:43.843+0000] {logging_mixin.py:188} INFO - [2024-10-14T04:23:43.843+0000] {dag.py:3834} INFO - Setting next_dagrun for Vehicle_Data_scrape_Pipeline to 2024-10-14 00:00:00+00:00, run_after=2024-10-15 00:00:00+00:00
[2024-10-14T04:23:43.958+0000] {processor.py:183} INFO - Processing /opt/airflow/dags/vehicle_data_scraping_pipeline.py took 1.500 seconds
[2024-10-14T04:24:14.087+0000] {processor.py:161} INFO - Started process (PID=1863) to work on /opt/airflow/dags/vehicle_data_scraping_pipeline.py
[2024-10-14T04:24:14.101+0000] {processor.py:830} INFO - Processing file /opt/airflow/dags/vehicle_data_scraping_pipeline.py for tasks to queue
[2024-10-14T04:24:14.102+0000] {logging_mixin.py:188} INFO - [2024-10-14T04:24:14.102+0000] {dagbag.py:540} INFO - Filling up the DagBag from /opt/airflow/dags/vehicle_data_scraping_pipeline.py
[2024-10-14T04:24:15.388+0000] {processor.py:840} INFO - DAG(s) 'Vehicle_Data_scrape_Pipeline' retrieved from /opt/airflow/dags/vehicle_data_scraping_pipeline.py
[2024-10-14T04:24:15.562+0000] {logging_mixin.py:188} INFO - [2024-10-14T04:24:15.561+0000] {dag.py:3047} INFO - Sync 1 DAGs
[2024-10-14T04:24:15.653+0000] {logging_mixin.py:188} INFO - [2024-10-14T04:24:15.652+0000] {dag.py:3834} INFO - Setting next_dagrun for Vehicle_Data_scrape_Pipeline to 2024-10-14 00:00:00+00:00, run_after=2024-10-15 00:00:00+00:00
[2024-10-14T04:24:15.729+0000] {processor.py:183} INFO - Processing /opt/airflow/dags/vehicle_data_scraping_pipeline.py took 1.644 seconds
[2024-10-14T04:24:46.230+0000] {processor.py:161} INFO - Started process (PID=1941) to work on /opt/airflow/dags/vehicle_data_scraping_pipeline.py
[2024-10-14T04:24:46.236+0000] {processor.py:830} INFO - Processing file /opt/airflow/dags/vehicle_data_scraping_pipeline.py for tasks to queue
[2024-10-14T04:24:46.237+0000] {logging_mixin.py:188} INFO - [2024-10-14T04:24:46.236+0000] {dagbag.py:540} INFO - Filling up the DagBag from /opt/airflow/dags/vehicle_data_scraping_pipeline.py
[2024-10-14T04:24:47.593+0000] {processor.py:840} INFO - DAG(s) 'Vehicle_Data_scrape_Pipeline' retrieved from /opt/airflow/dags/vehicle_data_scraping_pipeline.py
[2024-10-14T04:24:47.657+0000] {logging_mixin.py:188} INFO - [2024-10-14T04:24:47.657+0000] {dag.py:3047} INFO - Sync 1 DAGs
[2024-10-14T04:24:47.720+0000] {logging_mixin.py:188} INFO - [2024-10-14T04:24:47.719+0000] {dag.py:3834} INFO - Setting next_dagrun for Vehicle_Data_scrape_Pipeline to 2024-10-14 00:00:00+00:00, run_after=2024-10-15 00:00:00+00:00
[2024-10-14T04:24:47.779+0000] {processor.py:183} INFO - Processing /opt/airflow/dags/vehicle_data_scraping_pipeline.py took 1.552 seconds
[2024-10-14T04:25:20.982+0000] {processor.py:161} INFO - Started process (PID=2020) to work on /opt/airflow/dags/vehicle_data_scraping_pipeline.py
[2024-10-14T04:25:20.984+0000] {processor.py:830} INFO - Processing file /opt/airflow/dags/vehicle_data_scraping_pipeline.py for tasks to queue
[2024-10-14T04:25:20.985+0000] {logging_mixin.py:188} INFO - [2024-10-14T04:25:20.985+0000] {dagbag.py:540} INFO - Filling up the DagBag from /opt/airflow/dags/vehicle_data_scraping_pipeline.py
[2024-10-14T04:25:23.251+0000] {processor.py:840} INFO - DAG(s) 'Vehicle_Data_scrape_Pipeline' retrieved from /opt/airflow/dags/vehicle_data_scraping_pipeline.py
[2024-10-14T04:25:23.384+0000] {logging_mixin.py:188} INFO - [2024-10-14T04:25:23.384+0000] {dag.py:3047} INFO - Sync 1 DAGs
[2024-10-14T04:25:23.441+0000] {logging_mixin.py:188} INFO - [2024-10-14T04:25:23.441+0000] {dag.py:3834} INFO - Setting next_dagrun for Vehicle_Data_scrape_Pipeline to 2024-10-14 00:00:00+00:00, run_after=2024-10-15 00:00:00+00:00
[2024-10-14T04:25:23.829+0000] {processor.py:183} INFO - Processing /opt/airflow/dags/vehicle_data_scraping_pipeline.py took 2.841 seconds
[2024-10-14T04:25:54.219+0000] {processor.py:161} INFO - Started process (PID=2099) to work on /opt/airflow/dags/vehicle_data_scraping_pipeline.py
[2024-10-14T04:25:54.229+0000] {processor.py:830} INFO - Processing file /opt/airflow/dags/vehicle_data_scraping_pipeline.py for tasks to queue
[2024-10-14T04:25:54.233+0000] {logging_mixin.py:188} INFO - [2024-10-14T04:25:54.233+0000] {dagbag.py:540} INFO - Filling up the DagBag from /opt/airflow/dags/vehicle_data_scraping_pipeline.py
[2024-10-14T04:25:55.416+0000] {processor.py:840} INFO - DAG(s) 'Vehicle_Data_scrape_Pipeline' retrieved from /opt/airflow/dags/vehicle_data_scraping_pipeline.py
[2024-10-14T04:25:55.551+0000] {logging_mixin.py:188} INFO - [2024-10-14T04:25:55.550+0000] {dag.py:3047} INFO - Sync 1 DAGs
[2024-10-14T04:25:56.006+0000] {logging_mixin.py:188} INFO - [2024-10-14T04:25:56.005+0000] {dag.py:3834} INFO - Setting next_dagrun for Vehicle_Data_scrape_Pipeline to 2024-10-14 00:00:00+00:00, run_after=2024-10-15 00:00:00+00:00
[2024-10-14T04:25:56.088+0000] {processor.py:183} INFO - Processing /opt/airflow/dags/vehicle_data_scraping_pipeline.py took 1.875 seconds
[2024-10-14T04:26:26.408+0000] {processor.py:161} INFO - Started process (PID=2158) to work on /opt/airflow/dags/vehicle_data_scraping_pipeline.py
[2024-10-14T04:26:26.409+0000] {processor.py:830} INFO - Processing file /opt/airflow/dags/vehicle_data_scraping_pipeline.py for tasks to queue
[2024-10-14T04:26:26.410+0000] {logging_mixin.py:188} INFO - [2024-10-14T04:26:26.410+0000] {dagbag.py:540} INFO - Filling up the DagBag from /opt/airflow/dags/vehicle_data_scraping_pipeline.py
[2024-10-14T04:26:28.327+0000] {processor.py:840} INFO - DAG(s) 'Vehicle_Data_scrape_Pipeline' retrieved from /opt/airflow/dags/vehicle_data_scraping_pipeline.py
[2024-10-14T04:26:28.432+0000] {logging_mixin.py:188} INFO - [2024-10-14T04:26:28.431+0000] {dag.py:3047} INFO - Sync 1 DAGs
[2024-10-14T04:26:28.451+0000] {logging_mixin.py:188} INFO - [2024-10-14T04:26:28.451+0000] {dag.py:3834} INFO - Setting next_dagrun for Vehicle_Data_scrape_Pipeline to 2024-10-14 00:00:00+00:00, run_after=2024-10-15 00:00:00+00:00
[2024-10-14T04:26:28.543+0000] {processor.py:183} INFO - Processing /opt/airflow/dags/vehicle_data_scraping_pipeline.py took 2.138 seconds
[2024-10-14T04:26:59.091+0000] {processor.py:161} INFO - Started process (PID=2231) to work on /opt/airflow/dags/vehicle_data_scraping_pipeline.py
[2024-10-14T04:26:59.093+0000] {processor.py:830} INFO - Processing file /opt/airflow/dags/vehicle_data_scraping_pipeline.py for tasks to queue
[2024-10-14T04:26:59.102+0000] {logging_mixin.py:188} INFO - [2024-10-14T04:26:59.101+0000] {dagbag.py:540} INFO - Filling up the DagBag from /opt/airflow/dags/vehicle_data_scraping_pipeline.py
[2024-10-14T04:27:00.871+0000] {processor.py:840} INFO - DAG(s) 'Vehicle_Data_scrape_Pipeline' retrieved from /opt/airflow/dags/vehicle_data_scraping_pipeline.py
[2024-10-14T04:27:00.989+0000] {logging_mixin.py:188} INFO - [2024-10-14T04:27:00.988+0000] {dag.py:3047} INFO - Sync 1 DAGs
[2024-10-14T04:27:01.030+0000] {logging_mixin.py:188} INFO - [2024-10-14T04:27:01.030+0000] {dag.py:3834} INFO - Setting next_dagrun for Vehicle_Data_scrape_Pipeline to 2024-10-14 00:00:00+00:00, run_after=2024-10-15 00:00:00+00:00
[2024-10-14T04:27:01.105+0000] {processor.py:183} INFO - Processing /opt/airflow/dags/vehicle_data_scraping_pipeline.py took 2.016 seconds
[2024-10-14T04:27:31.990+0000] {processor.py:161} INFO - Started process (PID=2315) to work on /opt/airflow/dags/vehicle_data_scraping_pipeline.py
[2024-10-14T04:27:31.991+0000] {processor.py:830} INFO - Processing file /opt/airflow/dags/vehicle_data_scraping_pipeline.py for tasks to queue
[2024-10-14T04:27:31.992+0000] {logging_mixin.py:188} INFO - [2024-10-14T04:27:31.992+0000] {dagbag.py:540} INFO - Filling up the DagBag from /opt/airflow/dags/vehicle_data_scraping_pipeline.py
[2024-10-14T04:27:33.356+0000] {processor.py:840} INFO - DAG(s) 'Vehicle_Data_scrape_Pipeline' retrieved from /opt/airflow/dags/vehicle_data_scraping_pipeline.py
[2024-10-14T04:27:33.459+0000] {logging_mixin.py:188} INFO - [2024-10-14T04:27:33.458+0000] {dag.py:3047} INFO - Sync 1 DAGs
[2024-10-14T04:27:33.516+0000] {logging_mixin.py:188} INFO - [2024-10-14T04:27:33.516+0000] {dag.py:3834} INFO - Setting next_dagrun for Vehicle_Data_scrape_Pipeline to 2024-10-14 00:00:00+00:00, run_after=2024-10-15 00:00:00+00:00
[2024-10-14T04:27:33.594+0000] {processor.py:183} INFO - Processing /opt/airflow/dags/vehicle_data_scraping_pipeline.py took 1.608 seconds
[2024-10-14T04:28:03.823+0000] {processor.py:161} INFO - Started process (PID=2375) to work on /opt/airflow/dags/vehicle_data_scraping_pipeline.py
[2024-10-14T04:28:03.828+0000] {processor.py:830} INFO - Processing file /opt/airflow/dags/vehicle_data_scraping_pipeline.py for tasks to queue
[2024-10-14T04:28:03.837+0000] {logging_mixin.py:188} INFO - [2024-10-14T04:28:03.837+0000] {dagbag.py:540} INFO - Filling up the DagBag from /opt/airflow/dags/vehicle_data_scraping_pipeline.py
[2024-10-14T04:28:05.073+0000] {processor.py:840} INFO - DAG(s) 'Vehicle_Data_scrape_Pipeline' retrieved from /opt/airflow/dags/vehicle_data_scraping_pipeline.py
[2024-10-14T04:28:05.148+0000] {logging_mixin.py:188} INFO - [2024-10-14T04:28:05.147+0000] {dag.py:3047} INFO - Sync 1 DAGs
[2024-10-14T04:28:05.177+0000] {logging_mixin.py:188} INFO - [2024-10-14T04:28:05.177+0000] {dag.py:3834} INFO - Setting next_dagrun for Vehicle_Data_scrape_Pipeline to 2024-10-14 00:00:00+00:00, run_after=2024-10-15 00:00:00+00:00
[2024-10-14T04:28:05.357+0000] {processor.py:183} INFO - Processing /opt/airflow/dags/vehicle_data_scraping_pipeline.py took 1.536 seconds
[2024-10-14T04:28:35.844+0000] {processor.py:161} INFO - Started process (PID=2449) to work on /opt/airflow/dags/vehicle_data_scraping_pipeline.py
[2024-10-14T04:28:35.845+0000] {processor.py:830} INFO - Processing file /opt/airflow/dags/vehicle_data_scraping_pipeline.py for tasks to queue
[2024-10-14T04:28:35.846+0000] {logging_mixin.py:188} INFO - [2024-10-14T04:28:35.846+0000] {dagbag.py:540} INFO - Filling up the DagBag from /opt/airflow/dags/vehicle_data_scraping_pipeline.py
[2024-10-14T04:28:37.445+0000] {processor.py:840} INFO - DAG(s) 'Vehicle_Data_scrape_Pipeline' retrieved from /opt/airflow/dags/vehicle_data_scraping_pipeline.py
[2024-10-14T04:28:37.550+0000] {logging_mixin.py:188} INFO - [2024-10-14T04:28:37.550+0000] {dag.py:3047} INFO - Sync 1 DAGs
[2024-10-14T04:28:37.661+0000] {logging_mixin.py:188} INFO - [2024-10-14T04:28:37.661+0000] {dag.py:3834} INFO - Setting next_dagrun for Vehicle_Data_scrape_Pipeline to 2024-10-14 00:00:00+00:00, run_after=2024-10-15 00:00:00+00:00
[2024-10-14T04:28:38.074+0000] {processor.py:183} INFO - Processing /opt/airflow/dags/vehicle_data_scraping_pipeline.py took 2.233 seconds
[2024-10-14T04:29:08.725+0000] {processor.py:161} INFO - Started process (PID=2528) to work on /opt/airflow/dags/vehicle_data_scraping_pipeline.py
[2024-10-14T04:29:08.727+0000] {processor.py:830} INFO - Processing file /opt/airflow/dags/vehicle_data_scraping_pipeline.py for tasks to queue
[2024-10-14T04:29:08.739+0000] {logging_mixin.py:188} INFO - [2024-10-14T04:29:08.738+0000] {dagbag.py:540} INFO - Filling up the DagBag from /opt/airflow/dags/vehicle_data_scraping_pipeline.py
[2024-10-14T04:29:10.380+0000] {processor.py:840} INFO - DAG(s) 'Vehicle_Data_scrape_Pipeline' retrieved from /opt/airflow/dags/vehicle_data_scraping_pipeline.py
[2024-10-14T04:29:10.517+0000] {logging_mixin.py:188} INFO - [2024-10-14T04:29:10.517+0000] {dag.py:3047} INFO - Sync 1 DAGs
[2024-10-14T04:29:10.586+0000] {logging_mixin.py:188} INFO - [2024-10-14T04:29:10.585+0000] {dag.py:3834} INFO - Setting next_dagrun for Vehicle_Data_scrape_Pipeline to 2024-10-14 00:00:00+00:00, run_after=2024-10-15 00:00:00+00:00
[2024-10-14T04:29:10.714+0000] {processor.py:183} INFO - Processing /opt/airflow/dags/vehicle_data_scraping_pipeline.py took 1.992 seconds
[2024-10-14T04:29:41.008+0000] {processor.py:161} INFO - Started process (PID=2612) to work on /opt/airflow/dags/vehicle_data_scraping_pipeline.py
[2024-10-14T04:29:41.011+0000] {processor.py:830} INFO - Processing file /opt/airflow/dags/vehicle_data_scraping_pipeline.py for tasks to queue
[2024-10-14T04:29:41.012+0000] {logging_mixin.py:188} INFO - [2024-10-14T04:29:41.012+0000] {dagbag.py:540} INFO - Filling up the DagBag from /opt/airflow/dags/vehicle_data_scraping_pipeline.py
[2024-10-14T04:29:42.365+0000] {processor.py:840} INFO - DAG(s) 'Vehicle_Data_scrape_Pipeline' retrieved from /opt/airflow/dags/vehicle_data_scraping_pipeline.py
[2024-10-14T04:29:42.457+0000] {logging_mixin.py:188} INFO - [2024-10-14T04:29:42.456+0000] {dag.py:3047} INFO - Sync 1 DAGs
[2024-10-14T04:29:42.496+0000] {logging_mixin.py:188} INFO - [2024-10-14T04:29:42.496+0000] {dag.py:3834} INFO - Setting next_dagrun for Vehicle_Data_scrape_Pipeline to 2024-10-14 00:00:00+00:00, run_after=2024-10-15 00:00:00+00:00
[2024-10-14T04:29:42.557+0000] {processor.py:183} INFO - Processing /opt/airflow/dags/vehicle_data_scraping_pipeline.py took 1.555 seconds
[2024-10-14T04:30:12.995+0000] {processor.py:161} INFO - Started process (PID=2691) to work on /opt/airflow/dags/vehicle_data_scraping_pipeline.py
[2024-10-14T04:30:12.996+0000] {processor.py:830} INFO - Processing file /opt/airflow/dags/vehicle_data_scraping_pipeline.py for tasks to queue
[2024-10-14T04:30:12.997+0000] {logging_mixin.py:188} INFO - [2024-10-14T04:30:12.997+0000] {dagbag.py:540} INFO - Filling up the DagBag from /opt/airflow/dags/vehicle_data_scraping_pipeline.py
[2024-10-14T04:30:14.225+0000] {processor.py:840} INFO - DAG(s) 'Vehicle_Data_scrape_Pipeline' retrieved from /opt/airflow/dags/vehicle_data_scraping_pipeline.py
[2024-10-14T04:30:14.320+0000] {logging_mixin.py:188} INFO - [2024-10-14T04:30:14.319+0000] {dag.py:3047} INFO - Sync 1 DAGs
[2024-10-14T04:30:14.342+0000] {logging_mixin.py:188} INFO - [2024-10-14T04:30:14.342+0000] {dag.py:3834} INFO - Setting next_dagrun for Vehicle_Data_scrape_Pipeline to 2024-10-14 00:00:00+00:00, run_after=2024-10-15 00:00:00+00:00
[2024-10-14T04:30:14.462+0000] {processor.py:183} INFO - Processing /opt/airflow/dags/vehicle_data_scraping_pipeline.py took 1.470 seconds
[2024-10-14T04:30:45.251+0000] {processor.py:161} INFO - Started process (PID=2770) to work on /opt/airflow/dags/vehicle_data_scraping_pipeline.py
[2024-10-14T04:30:45.259+0000] {processor.py:830} INFO - Processing file /opt/airflow/dags/vehicle_data_scraping_pipeline.py for tasks to queue
[2024-10-14T04:30:45.259+0000] {logging_mixin.py:188} INFO - [2024-10-14T04:30:45.259+0000] {dagbag.py:540} INFO - Filling up the DagBag from /opt/airflow/dags/vehicle_data_scraping_pipeline.py
[2024-10-14T04:30:46.259+0000] {processor.py:840} INFO - DAG(s) 'Vehicle_Data_scrape_Pipeline' retrieved from /opt/airflow/dags/vehicle_data_scraping_pipeline.py
[2024-10-14T04:30:46.394+0000] {logging_mixin.py:188} INFO - [2024-10-14T04:30:46.393+0000] {dag.py:3047} INFO - Sync 1 DAGs
[2024-10-14T04:30:46.429+0000] {logging_mixin.py:188} INFO - [2024-10-14T04:30:46.429+0000] {dag.py:3834} INFO - Setting next_dagrun for Vehicle_Data_scrape_Pipeline to 2024-10-14 00:00:00+00:00, run_after=2024-10-15 00:00:00+00:00
[2024-10-14T04:30:46.809+0000] {processor.py:183} INFO - Processing /opt/airflow/dags/vehicle_data_scraping_pipeline.py took 1.561 seconds
[2024-10-14T04:31:16.934+0000] {processor.py:161} INFO - Started process (PID=2849) to work on /opt/airflow/dags/vehicle_data_scraping_pipeline.py
[2024-10-14T04:31:16.935+0000] {processor.py:830} INFO - Processing file /opt/airflow/dags/vehicle_data_scraping_pipeline.py for tasks to queue
[2024-10-14T04:31:16.936+0000] {logging_mixin.py:188} INFO - [2024-10-14T04:31:16.936+0000] {dagbag.py:540} INFO - Filling up the DagBag from /opt/airflow/dags/vehicle_data_scraping_pipeline.py
[2024-10-14T04:31:18.280+0000] {processor.py:840} INFO - DAG(s) 'Vehicle_Data_scrape_Pipeline' retrieved from /opt/airflow/dags/vehicle_data_scraping_pipeline.py
[2024-10-14T04:31:18.389+0000] {logging_mixin.py:188} INFO - [2024-10-14T04:31:18.388+0000] {dag.py:3047} INFO - Sync 1 DAGs
[2024-10-14T04:31:18.416+0000] {logging_mixin.py:188} INFO - [2024-10-14T04:31:18.416+0000] {dag.py:3834} INFO - Setting next_dagrun for Vehicle_Data_scrape_Pipeline to 2024-10-14 00:00:00+00:00, run_after=2024-10-15 00:00:00+00:00
[2024-10-14T04:31:18.449+0000] {processor.py:183} INFO - Processing /opt/airflow/dags/vehicle_data_scraping_pipeline.py took 1.518 seconds
[2024-10-14T04:31:48.547+0000] {processor.py:161} INFO - Started process (PID=2928) to work on /opt/airflow/dags/vehicle_data_scraping_pipeline.py
[2024-10-14T04:31:48.548+0000] {processor.py:830} INFO - Processing file /opt/airflow/dags/vehicle_data_scraping_pipeline.py for tasks to queue
[2024-10-14T04:31:48.549+0000] {logging_mixin.py:188} INFO - [2024-10-14T04:31:48.549+0000] {dagbag.py:540} INFO - Filling up the DagBag from /opt/airflow/dags/vehicle_data_scraping_pipeline.py
[2024-10-14T04:31:49.905+0000] {processor.py:840} INFO - DAG(s) 'Vehicle_Data_scrape_Pipeline' retrieved from /opt/airflow/dags/vehicle_data_scraping_pipeline.py
[2024-10-14T04:31:49.998+0000] {logging_mixin.py:188} INFO - [2024-10-14T04:31:49.998+0000] {dag.py:3047} INFO - Sync 1 DAGs
[2024-10-14T04:31:50.037+0000] {logging_mixin.py:188} INFO - [2024-10-14T04:31:50.037+0000] {dag.py:3834} INFO - Setting next_dagrun for Vehicle_Data_scrape_Pipeline to 2024-10-14 00:00:00+00:00, run_after=2024-10-15 00:00:00+00:00
[2024-10-14T04:31:50.121+0000] {processor.py:183} INFO - Processing /opt/airflow/dags/vehicle_data_scraping_pipeline.py took 1.577 seconds
[2024-10-14T04:32:20.285+0000] {processor.py:161} INFO - Started process (PID=3007) to work on /opt/airflow/dags/vehicle_data_scraping_pipeline.py
[2024-10-14T04:32:20.299+0000] {processor.py:830} INFO - Processing file /opt/airflow/dags/vehicle_data_scraping_pipeline.py for tasks to queue
[2024-10-14T04:32:20.300+0000] {logging_mixin.py:188} INFO - [2024-10-14T04:32:20.299+0000] {dagbag.py:540} INFO - Filling up the DagBag from /opt/airflow/dags/vehicle_data_scraping_pipeline.py
[2024-10-14T04:32:21.835+0000] {processor.py:840} INFO - DAG(s) 'Vehicle_Data_scrape_Pipeline' retrieved from /opt/airflow/dags/vehicle_data_scraping_pipeline.py
[2024-10-14T04:32:21.947+0000] {logging_mixin.py:188} INFO - [2024-10-14T04:32:21.947+0000] {dag.py:3047} INFO - Sync 1 DAGs
[2024-10-14T04:32:22.002+0000] {logging_mixin.py:188} INFO - [2024-10-14T04:32:22.002+0000] {dag.py:3834} INFO - Setting next_dagrun for Vehicle_Data_scrape_Pipeline to 2024-10-14 00:00:00+00:00, run_after=2024-10-15 00:00:00+00:00
[2024-10-14T04:32:22.059+0000] {processor.py:183} INFO - Processing /opt/airflow/dags/vehicle_data_scraping_pipeline.py took 1.777 seconds
[2024-10-14T04:32:52.469+0000] {processor.py:161} INFO - Started process (PID=3086) to work on /opt/airflow/dags/vehicle_data_scraping_pipeline.py
[2024-10-14T04:32:52.470+0000] {processor.py:830} INFO - Processing file /opt/airflow/dags/vehicle_data_scraping_pipeline.py for tasks to queue
[2024-10-14T04:32:52.470+0000] {logging_mixin.py:188} INFO - [2024-10-14T04:32:52.470+0000] {dagbag.py:540} INFO - Filling up the DagBag from /opt/airflow/dags/vehicle_data_scraping_pipeline.py
[2024-10-14T04:32:53.747+0000] {processor.py:840} INFO - DAG(s) 'Vehicle_Data_scrape_Pipeline' retrieved from /opt/airflow/dags/vehicle_data_scraping_pipeline.py
[2024-10-14T04:32:53.838+0000] {logging_mixin.py:188} INFO - [2024-10-14T04:32:53.838+0000] {dag.py:3047} INFO - Sync 1 DAGs
[2024-10-14T04:32:53.889+0000] {logging_mixin.py:188} INFO - [2024-10-14T04:32:53.889+0000] {dag.py:3834} INFO - Setting next_dagrun for Vehicle_Data_scrape_Pipeline to 2024-10-14 00:00:00+00:00, run_after=2024-10-15 00:00:00+00:00
[2024-10-14T04:32:54.295+0000] {processor.py:183} INFO - Processing /opt/airflow/dags/vehicle_data_scraping_pipeline.py took 1.829 seconds
[2024-10-14T04:33:24.977+0000] {processor.py:161} INFO - Started process (PID=3165) to work on /opt/airflow/dags/vehicle_data_scraping_pipeline.py
[2024-10-14T04:33:24.980+0000] {processor.py:830} INFO - Processing file /opt/airflow/dags/vehicle_data_scraping_pipeline.py for tasks to queue
[2024-10-14T04:33:24.980+0000] {logging_mixin.py:188} INFO - [2024-10-14T04:33:24.980+0000] {dagbag.py:540} INFO - Filling up the DagBag from /opt/airflow/dags/vehicle_data_scraping_pipeline.py
[2024-10-14T04:33:26.424+0000] {processor.py:840} INFO - DAG(s) 'Vehicle_Data_scrape_Pipeline' retrieved from /opt/airflow/dags/vehicle_data_scraping_pipeline.py
[2024-10-14T04:33:26.486+0000] {logging_mixin.py:188} INFO - [2024-10-14T04:33:26.485+0000] {dag.py:3047} INFO - Sync 1 DAGs
[2024-10-14T04:33:26.507+0000] {logging_mixin.py:188} INFO - [2024-10-14T04:33:26.506+0000] {dag.py:3834} INFO - Setting next_dagrun for Vehicle_Data_scrape_Pipeline to 2024-10-14 00:00:00+00:00, run_after=2024-10-15 00:00:00+00:00
[2024-10-14T04:33:26.537+0000] {processor.py:183} INFO - Processing /opt/airflow/dags/vehicle_data_scraping_pipeline.py took 1.563 seconds
[2024-10-14T04:33:56.797+0000] {processor.py:161} INFO - Started process (PID=3244) to work on /opt/airflow/dags/vehicle_data_scraping_pipeline.py
[2024-10-14T04:33:56.798+0000] {processor.py:830} INFO - Processing file /opt/airflow/dags/vehicle_data_scraping_pipeline.py for tasks to queue
[2024-10-14T04:33:56.799+0000] {logging_mixin.py:188} INFO - [2024-10-14T04:33:56.799+0000] {dagbag.py:540} INFO - Filling up the DagBag from /opt/airflow/dags/vehicle_data_scraping_pipeline.py
[2024-10-14T04:33:58.295+0000] {processor.py:840} INFO - DAG(s) 'Vehicle_Data_scrape_Pipeline' retrieved from /opt/airflow/dags/vehicle_data_scraping_pipeline.py
[2024-10-14T04:33:58.351+0000] {logging_mixin.py:188} INFO - [2024-10-14T04:33:58.350+0000] {dag.py:3047} INFO - Sync 1 DAGs
[2024-10-14T04:33:58.398+0000] {logging_mixin.py:188} INFO - [2024-10-14T04:33:58.397+0000] {dag.py:3834} INFO - Setting next_dagrun for Vehicle_Data_scrape_Pipeline to 2024-10-14 00:00:00+00:00, run_after=2024-10-15 00:00:00+00:00
[2024-10-14T04:33:58.468+0000] {processor.py:183} INFO - Processing /opt/airflow/dags/vehicle_data_scraping_pipeline.py took 1.673 seconds
[2024-10-14T04:34:29.257+0000] {processor.py:161} INFO - Started process (PID=3323) to work on /opt/airflow/dags/vehicle_data_scraping_pipeline.py
[2024-10-14T04:34:29.258+0000] {processor.py:830} INFO - Processing file /opt/airflow/dags/vehicle_data_scraping_pipeline.py for tasks to queue
[2024-10-14T04:34:29.259+0000] {logging_mixin.py:188} INFO - [2024-10-14T04:34:29.259+0000] {dagbag.py:540} INFO - Filling up the DagBag from /opt/airflow/dags/vehicle_data_scraping_pipeline.py
[2024-10-14T04:34:30.442+0000] {processor.py:840} INFO - DAG(s) 'Vehicle_Data_scrape_Pipeline' retrieved from /opt/airflow/dags/vehicle_data_scraping_pipeline.py
[2024-10-14T04:34:30.567+0000] {logging_mixin.py:188} INFO - [2024-10-14T04:34:30.566+0000] {dag.py:3047} INFO - Sync 1 DAGs
[2024-10-14T04:34:30.600+0000] {logging_mixin.py:188} INFO - [2024-10-14T04:34:30.600+0000] {dag.py:3834} INFO - Setting next_dagrun for Vehicle_Data_scrape_Pipeline to 2024-10-14 00:00:00+00:00, run_after=2024-10-15 00:00:00+00:00
[2024-10-14T04:34:30.627+0000] {processor.py:183} INFO - Processing /opt/airflow/dags/vehicle_data_scraping_pipeline.py took 1.372 seconds
[2024-10-14T04:35:00.750+0000] {processor.py:161} INFO - Started process (PID=3402) to work on /opt/airflow/dags/vehicle_data_scraping_pipeline.py
[2024-10-14T04:35:00.751+0000] {processor.py:830} INFO - Processing file /opt/airflow/dags/vehicle_data_scraping_pipeline.py for tasks to queue
[2024-10-14T04:35:00.752+0000] {logging_mixin.py:188} INFO - [2024-10-14T04:35:00.752+0000] {dagbag.py:540} INFO - Filling up the DagBag from /opt/airflow/dags/vehicle_data_scraping_pipeline.py
[2024-10-14T04:35:01.853+0000] {processor.py:840} INFO - DAG(s) 'Vehicle_Data_scrape_Pipeline' retrieved from /opt/airflow/dags/vehicle_data_scraping_pipeline.py
[2024-10-14T04:35:01.940+0000] {logging_mixin.py:188} INFO - [2024-10-14T04:35:01.939+0000] {dag.py:3047} INFO - Sync 1 DAGs
[2024-10-14T04:35:02.023+0000] {logging_mixin.py:188} INFO - [2024-10-14T04:35:02.023+0000] {dag.py:3834} INFO - Setting next_dagrun for Vehicle_Data_scrape_Pipeline to 2024-10-14 00:00:00+00:00, run_after=2024-10-15 00:00:00+00:00
[2024-10-14T04:35:02.102+0000] {processor.py:183} INFO - Processing /opt/airflow/dags/vehicle_data_scraping_pipeline.py took 1.354 seconds
[2024-10-14T04:35:32.882+0000] {processor.py:161} INFO - Started process (PID=3487) to work on /opt/airflow/dags/vehicle_data_scraping_pipeline.py
[2024-10-14T04:35:32.883+0000] {processor.py:830} INFO - Processing file /opt/airflow/dags/vehicle_data_scraping_pipeline.py for tasks to queue
[2024-10-14T04:35:32.884+0000] {logging_mixin.py:188} INFO - [2024-10-14T04:35:32.884+0000] {dagbag.py:540} INFO - Filling up the DagBag from /opt/airflow/dags/vehicle_data_scraping_pipeline.py
[2024-10-14T04:35:34.273+0000] {processor.py:840} INFO - DAG(s) 'Vehicle_Data_scrape_Pipeline' retrieved from /opt/airflow/dags/vehicle_data_scraping_pipeline.py
[2024-10-14T04:35:34.406+0000] {logging_mixin.py:188} INFO - [2024-10-14T04:35:34.406+0000] {dag.py:3047} INFO - Sync 1 DAGs
[2024-10-14T04:35:34.464+0000] {logging_mixin.py:188} INFO - [2024-10-14T04:35:34.464+0000] {dag.py:3834} INFO - Setting next_dagrun for Vehicle_Data_scrape_Pipeline to 2024-10-14 00:00:00+00:00, run_after=2024-10-15 00:00:00+00:00
[2024-10-14T04:35:34.547+0000] {processor.py:183} INFO - Processing /opt/airflow/dags/vehicle_data_scraping_pipeline.py took 1.668 seconds
[2024-10-14T04:36:04.903+0000] {processor.py:161} INFO - Started process (PID=3564) to work on /opt/airflow/dags/vehicle_data_scraping_pipeline.py
[2024-10-14T04:36:04.905+0000] {processor.py:830} INFO - Processing file /opt/airflow/dags/vehicle_data_scraping_pipeline.py for tasks to queue
[2024-10-14T04:36:04.906+0000] {logging_mixin.py:188} INFO - [2024-10-14T04:36:04.906+0000] {dagbag.py:540} INFO - Filling up the DagBag from /opt/airflow/dags/vehicle_data_scraping_pipeline.py
[2024-10-14T04:36:06.068+0000] {processor.py:840} INFO - DAG(s) 'Vehicle_Data_scrape_Pipeline' retrieved from /opt/airflow/dags/vehicle_data_scraping_pipeline.py
[2024-10-14T04:36:06.185+0000] {logging_mixin.py:188} INFO - [2024-10-14T04:36:06.183+0000] {dag.py:3047} INFO - Sync 1 DAGs
[2024-10-14T04:36:06.329+0000] {logging_mixin.py:188} INFO - [2024-10-14T04:36:06.328+0000] {dag.py:3834} INFO - Setting next_dagrun for Vehicle_Data_scrape_Pipeline to 2024-10-14 00:00:00+00:00, run_after=2024-10-15 00:00:00+00:00
[2024-10-14T04:36:06.387+0000] {processor.py:183} INFO - Processing /opt/airflow/dags/vehicle_data_scraping_pipeline.py took 1.487 seconds
[2024-10-14T04:36:36.773+0000] {processor.py:161} INFO - Started process (PID=3624) to work on /opt/airflow/dags/vehicle_data_scraping_pipeline.py
[2024-10-14T04:36:36.792+0000] {processor.py:830} INFO - Processing file /opt/airflow/dags/vehicle_data_scraping_pipeline.py for tasks to queue
[2024-10-14T04:36:36.796+0000] {logging_mixin.py:188} INFO - [2024-10-14T04:36:36.796+0000] {dagbag.py:540} INFO - Filling up the DagBag from /opt/airflow/dags/vehicle_data_scraping_pipeline.py
[2024-10-14T04:36:37.838+0000] {processor.py:840} INFO - DAG(s) 'Vehicle_Data_scrape_Pipeline' retrieved from /opt/airflow/dags/vehicle_data_scraping_pipeline.py
[2024-10-14T04:36:38.087+0000] {logging_mixin.py:188} INFO - [2024-10-14T04:36:38.087+0000] {dag.py:3047} INFO - Sync 1 DAGs
[2024-10-14T04:36:38.117+0000] {logging_mixin.py:188} INFO - [2024-10-14T04:36:38.116+0000] {dag.py:3834} INFO - Setting next_dagrun for Vehicle_Data_scrape_Pipeline to 2024-10-14 00:00:00+00:00, run_after=2024-10-15 00:00:00+00:00
[2024-10-14T04:36:38.151+0000] {processor.py:183} INFO - Processing /opt/airflow/dags/vehicle_data_scraping_pipeline.py took 1.381 seconds
[2024-10-14T04:37:08.414+0000] {processor.py:161} INFO - Started process (PID=3699) to work on /opt/airflow/dags/vehicle_data_scraping_pipeline.py
[2024-10-14T04:37:08.417+0000] {processor.py:830} INFO - Processing file /opt/airflow/dags/vehicle_data_scraping_pipeline.py for tasks to queue
[2024-10-14T04:37:08.423+0000] {logging_mixin.py:188} INFO - [2024-10-14T04:37:08.423+0000] {dagbag.py:540} INFO - Filling up the DagBag from /opt/airflow/dags/vehicle_data_scraping_pipeline.py
[2024-10-14T04:37:09.674+0000] {processor.py:840} INFO - DAG(s) 'Vehicle_Data_scrape_Pipeline' retrieved from /opt/airflow/dags/vehicle_data_scraping_pipeline.py
[2024-10-14T04:37:09.728+0000] {logging_mixin.py:188} INFO - [2024-10-14T04:37:09.728+0000] {dag.py:3047} INFO - Sync 1 DAGs
[2024-10-14T04:37:09.804+0000] {logging_mixin.py:188} INFO - [2024-10-14T04:37:09.804+0000] {dag.py:3834} INFO - Setting next_dagrun for Vehicle_Data_scrape_Pipeline to 2024-10-14 00:00:00+00:00, run_after=2024-10-15 00:00:00+00:00
[2024-10-14T04:37:09.871+0000] {processor.py:183} INFO - Processing /opt/airflow/dags/vehicle_data_scraping_pipeline.py took 1.460 seconds
[2024-10-14T04:37:40.448+0000] {processor.py:161} INFO - Started process (PID=3778) to work on /opt/airflow/dags/vehicle_data_scraping_pipeline.py
[2024-10-14T04:37:40.450+0000] {processor.py:830} INFO - Processing file /opt/airflow/dags/vehicle_data_scraping_pipeline.py for tasks to queue
[2024-10-14T04:37:40.450+0000] {logging_mixin.py:188} INFO - [2024-10-14T04:37:40.450+0000] {dagbag.py:540} INFO - Filling up the DagBag from /opt/airflow/dags/vehicle_data_scraping_pipeline.py
[2024-10-14T04:37:41.506+0000] {processor.py:840} INFO - DAG(s) 'Vehicle_Data_scrape_Pipeline' retrieved from /opt/airflow/dags/vehicle_data_scraping_pipeline.py
[2024-10-14T04:37:41.643+0000] {logging_mixin.py:188} INFO - [2024-10-14T04:37:41.643+0000] {dag.py:3047} INFO - Sync 1 DAGs
[2024-10-14T04:37:41.732+0000] {logging_mixin.py:188} INFO - [2024-10-14T04:37:41.732+0000] {dag.py:3834} INFO - Setting next_dagrun for Vehicle_Data_scrape_Pipeline to 2024-10-14 00:00:00+00:00, run_after=2024-10-15 00:00:00+00:00
[2024-10-14T04:37:42.216+0000] {processor.py:183} INFO - Processing /opt/airflow/dags/vehicle_data_scraping_pipeline.py took 1.771 seconds
[2024-10-14T04:38:13.065+0000] {processor.py:161} INFO - Started process (PID=3857) to work on /opt/airflow/dags/vehicle_data_scraping_pipeline.py
[2024-10-14T04:38:13.070+0000] {processor.py:830} INFO - Processing file /opt/airflow/dags/vehicle_data_scraping_pipeline.py for tasks to queue
[2024-10-14T04:38:13.072+0000] {logging_mixin.py:188} INFO - [2024-10-14T04:38:13.071+0000] {dagbag.py:540} INFO - Filling up the DagBag from /opt/airflow/dags/vehicle_data_scraping_pipeline.py
[2024-10-14T04:38:14.858+0000] {processor.py:840} INFO - DAG(s) 'Vehicle_Data_scrape_Pipeline' retrieved from /opt/airflow/dags/vehicle_data_scraping_pipeline.py
[2024-10-14T04:38:15.004+0000] {logging_mixin.py:188} INFO - [2024-10-14T04:38:15.003+0000] {dag.py:3047} INFO - Sync 1 DAGs
[2024-10-14T04:38:15.055+0000] {logging_mixin.py:188} INFO - [2024-10-14T04:38:15.055+0000] {dag.py:3834} INFO - Setting next_dagrun for Vehicle_Data_scrape_Pipeline to 2024-10-14 00:00:00+00:00, run_after=2024-10-15 00:00:00+00:00
[2024-10-14T04:38:15.112+0000] {processor.py:183} INFO - Processing /opt/airflow/dags/vehicle_data_scraping_pipeline.py took 2.049 seconds
[2024-10-14T04:38:45.782+0000] {processor.py:161} INFO - Started process (PID=3937) to work on /opt/airflow/dags/vehicle_data_scraping_pipeline.py
[2024-10-14T04:38:45.783+0000] {processor.py:830} INFO - Processing file /opt/airflow/dags/vehicle_data_scraping_pipeline.py for tasks to queue
[2024-10-14T04:38:45.784+0000] {logging_mixin.py:188} INFO - [2024-10-14T04:38:45.784+0000] {dagbag.py:540} INFO - Filling up the DagBag from /opt/airflow/dags/vehicle_data_scraping_pipeline.py
[2024-10-14T04:38:47.172+0000] {processor.py:840} INFO - DAG(s) 'Vehicle_Data_scrape_Pipeline' retrieved from /opt/airflow/dags/vehicle_data_scraping_pipeline.py
[2024-10-14T04:38:47.233+0000] {logging_mixin.py:188} INFO - [2024-10-14T04:38:47.232+0000] {dag.py:3047} INFO - Sync 1 DAGs
[2024-10-14T04:38:47.255+0000] {logging_mixin.py:188} INFO - [2024-10-14T04:38:47.255+0000] {dag.py:3834} INFO - Setting next_dagrun for Vehicle_Data_scrape_Pipeline to 2024-10-14 00:00:00+00:00, run_after=2024-10-15 00:00:00+00:00
[2024-10-14T04:38:47.320+0000] {processor.py:183} INFO - Processing /opt/airflow/dags/vehicle_data_scraping_pipeline.py took 1.541 seconds
[2024-10-14T04:39:18.093+0000] {processor.py:161} INFO - Started process (PID=4017) to work on /opt/airflow/dags/vehicle_data_scraping_pipeline.py
[2024-10-14T04:39:18.097+0000] {processor.py:830} INFO - Processing file /opt/airflow/dags/vehicle_data_scraping_pipeline.py for tasks to queue
[2024-10-14T04:39:18.098+0000] {logging_mixin.py:188} INFO - [2024-10-14T04:39:18.098+0000] {dagbag.py:540} INFO - Filling up the DagBag from /opt/airflow/dags/vehicle_data_scraping_pipeline.py
[2024-10-14T04:39:19.664+0000] {processor.py:840} INFO - DAG(s) 'Vehicle_Data_scrape_Pipeline' retrieved from /opt/airflow/dags/vehicle_data_scraping_pipeline.py
[2024-10-14T04:39:19.912+0000] {logging_mixin.py:188} INFO - [2024-10-14T04:39:19.911+0000] {dag.py:3047} INFO - Sync 1 DAGs
[2024-10-14T04:39:19.947+0000] {logging_mixin.py:188} INFO - [2024-10-14T04:39:19.946+0000] {dag.py:3834} INFO - Setting next_dagrun for Vehicle_Data_scrape_Pipeline to 2024-10-14 00:00:00+00:00, run_after=2024-10-15 00:00:00+00:00
[2024-10-14T04:39:19.997+0000] {processor.py:183} INFO - Processing /opt/airflow/dags/vehicle_data_scraping_pipeline.py took 1.906 seconds
[2024-10-14T04:39:50.239+0000] {processor.py:161} INFO - Started process (PID=4096) to work on /opt/airflow/dags/vehicle_data_scraping_pipeline.py
[2024-10-14T04:39:50.244+0000] {processor.py:830} INFO - Processing file /opt/airflow/dags/vehicle_data_scraping_pipeline.py for tasks to queue
[2024-10-14T04:39:50.245+0000] {logging_mixin.py:188} INFO - [2024-10-14T04:39:50.245+0000] {dagbag.py:540} INFO - Filling up the DagBag from /opt/airflow/dags/vehicle_data_scraping_pipeline.py
[2024-10-14T04:39:51.304+0000] {processor.py:840} INFO - DAG(s) 'Vehicle_Data_scrape_Pipeline' retrieved from /opt/airflow/dags/vehicle_data_scraping_pipeline.py
[2024-10-14T04:39:51.452+0000] {logging_mixin.py:188} INFO - [2024-10-14T04:39:51.452+0000] {dag.py:3047} INFO - Sync 1 DAGs
[2024-10-14T04:39:51.494+0000] {logging_mixin.py:188} INFO - [2024-10-14T04:39:51.493+0000] {dag.py:3834} INFO - Setting next_dagrun for Vehicle_Data_scrape_Pipeline to 2024-10-14 00:00:00+00:00, run_after=2024-10-15 00:00:00+00:00
[2024-10-14T04:39:51.638+0000] {processor.py:183} INFO - Processing /opt/airflow/dags/vehicle_data_scraping_pipeline.py took 1.402 seconds
[2024-10-14T04:40:21.869+0000] {processor.py:161} INFO - Started process (PID=4174) to work on /opt/airflow/dags/vehicle_data_scraping_pipeline.py
[2024-10-14T04:40:21.870+0000] {processor.py:830} INFO - Processing file /opt/airflow/dags/vehicle_data_scraping_pipeline.py for tasks to queue
[2024-10-14T04:40:21.871+0000] {logging_mixin.py:188} INFO - [2024-10-14T04:40:21.870+0000] {dagbag.py:540} INFO - Filling up the DagBag from /opt/airflow/dags/vehicle_data_scraping_pipeline.py
[2024-10-14T04:40:24.013+0000] {processor.py:840} INFO - DAG(s) 'Vehicle_Data_scrape_Pipeline' retrieved from /opt/airflow/dags/vehicle_data_scraping_pipeline.py
[2024-10-14T04:40:24.171+0000] {logging_mixin.py:188} INFO - [2024-10-14T04:40:24.171+0000] {dag.py:3047} INFO - Sync 1 DAGs
[2024-10-14T04:40:24.196+0000] {logging_mixin.py:188} INFO - [2024-10-14T04:40:24.196+0000] {dag.py:3834} INFO - Setting next_dagrun for Vehicle_Data_scrape_Pipeline to 2024-10-14 00:00:00+00:00, run_after=2024-10-15 00:00:00+00:00
[2024-10-14T04:40:24.274+0000] {processor.py:183} INFO - Processing /opt/airflow/dags/vehicle_data_scraping_pipeline.py took 2.408 seconds
[2024-10-14T04:40:54.605+0000] {processor.py:161} INFO - Started process (PID=4253) to work on /opt/airflow/dags/vehicle_data_scraping_pipeline.py
[2024-10-14T04:40:54.606+0000] {processor.py:830} INFO - Processing file /opt/airflow/dags/vehicle_data_scraping_pipeline.py for tasks to queue
[2024-10-14T04:40:54.607+0000] {logging_mixin.py:188} INFO - [2024-10-14T04:40:54.607+0000] {dagbag.py:540} INFO - Filling up the DagBag from /opt/airflow/dags/vehicle_data_scraping_pipeline.py
[2024-10-14T04:40:55.797+0000] {processor.py:840} INFO - DAG(s) 'Vehicle_Data_scrape_Pipeline' retrieved from /opt/airflow/dags/vehicle_data_scraping_pipeline.py
[2024-10-14T04:40:55.925+0000] {logging_mixin.py:188} INFO - [2024-10-14T04:40:55.923+0000] {dag.py:3047} INFO - Sync 1 DAGs
[2024-10-14T04:40:55.969+0000] {logging_mixin.py:188} INFO - [2024-10-14T04:40:55.968+0000] {dag.py:3834} INFO - Setting next_dagrun for Vehicle_Data_scrape_Pipeline to 2024-10-14 00:00:00+00:00, run_after=2024-10-15 00:00:00+00:00
[2024-10-14T04:40:56.115+0000] {processor.py:183} INFO - Processing /opt/airflow/dags/vehicle_data_scraping_pipeline.py took 1.513 seconds
[2024-10-14T04:41:26.418+0000] {processor.py:161} INFO - Started process (PID=4331) to work on /opt/airflow/dags/vehicle_data_scraping_pipeline.py
[2024-10-14T04:41:26.420+0000] {processor.py:830} INFO - Processing file /opt/airflow/dags/vehicle_data_scraping_pipeline.py for tasks to queue
[2024-10-14T04:41:26.422+0000] {logging_mixin.py:188} INFO - [2024-10-14T04:41:26.422+0000] {dagbag.py:540} INFO - Filling up the DagBag from /opt/airflow/dags/vehicle_data_scraping_pipeline.py
[2024-10-14T04:41:27.932+0000] {processor.py:840} INFO - DAG(s) 'Vehicle_Data_scrape_Pipeline' retrieved from /opt/airflow/dags/vehicle_data_scraping_pipeline.py
[2024-10-14T04:41:28.090+0000] {logging_mixin.py:188} INFO - [2024-10-14T04:41:28.090+0000] {dag.py:3047} INFO - Sync 1 DAGs
[2024-10-14T04:41:28.213+0000] {logging_mixin.py:188} INFO - [2024-10-14T04:41:28.212+0000] {dag.py:3834} INFO - Setting next_dagrun for Vehicle_Data_scrape_Pipeline to 2024-10-14 00:00:00+00:00, run_after=2024-10-15 00:00:00+00:00
[2024-10-14T04:41:28.271+0000] {processor.py:183} INFO - Processing /opt/airflow/dags/vehicle_data_scraping_pipeline.py took 1.856 seconds
[2024-10-14T04:41:59.062+0000] {processor.py:161} INFO - Started process (PID=4410) to work on /opt/airflow/dags/vehicle_data_scraping_pipeline.py
[2024-10-14T04:41:59.063+0000] {processor.py:830} INFO - Processing file /opt/airflow/dags/vehicle_data_scraping_pipeline.py for tasks to queue
[2024-10-14T04:41:59.064+0000] {logging_mixin.py:188} INFO - [2024-10-14T04:41:59.063+0000] {dagbag.py:540} INFO - Filling up the DagBag from /opt/airflow/dags/vehicle_data_scraping_pipeline.py
[2024-10-14T04:42:00.589+0000] {processor.py:840} INFO - DAG(s) 'Vehicle_Data_scrape_Pipeline' retrieved from /opt/airflow/dags/vehicle_data_scraping_pipeline.py
[2024-10-14T04:42:00.658+0000] {logging_mixin.py:188} INFO - [2024-10-14T04:42:00.658+0000] {dag.py:3047} INFO - Sync 1 DAGs
[2024-10-14T04:42:00.741+0000] {logging_mixin.py:188} INFO - [2024-10-14T04:42:00.727+0000] {dag.py:3834} INFO - Setting next_dagrun for Vehicle_Data_scrape_Pipeline to 2024-10-14 00:00:00+00:00, run_after=2024-10-15 00:00:00+00:00
[2024-10-14T04:42:00.781+0000] {processor.py:183} INFO - Processing /opt/airflow/dags/vehicle_data_scraping_pipeline.py took 1.722 seconds
[2024-10-14T04:42:31.110+0000] {processor.py:161} INFO - Started process (PID=4489) to work on /opt/airflow/dags/vehicle_data_scraping_pipeline.py
[2024-10-14T04:42:31.112+0000] {processor.py:830} INFO - Processing file /opt/airflow/dags/vehicle_data_scraping_pipeline.py for tasks to queue
[2024-10-14T04:42:31.115+0000] {logging_mixin.py:188} INFO - [2024-10-14T04:42:31.114+0000] {dagbag.py:540} INFO - Filling up the DagBag from /opt/airflow/dags/vehicle_data_scraping_pipeline.py
[2024-10-14T04:42:32.499+0000] {processor.py:840} INFO - DAG(s) 'Vehicle_Data_scrape_Pipeline' retrieved from /opt/airflow/dags/vehicle_data_scraping_pipeline.py
[2024-10-14T04:42:32.575+0000] {logging_mixin.py:188} INFO - [2024-10-14T04:42:32.575+0000] {dag.py:3047} INFO - Sync 1 DAGs
[2024-10-14T04:42:32.615+0000] {logging_mixin.py:188} INFO - [2024-10-14T04:42:32.615+0000] {dag.py:3834} INFO - Setting next_dagrun for Vehicle_Data_scrape_Pipeline to 2024-10-14 00:00:00+00:00, run_after=2024-10-15 00:00:00+00:00
[2024-10-14T04:42:32.678+0000] {processor.py:183} INFO - Processing /opt/airflow/dags/vehicle_data_scraping_pipeline.py took 1.573 seconds
[2024-10-14T04:43:02.882+0000] {processor.py:161} INFO - Started process (PID=4568) to work on /opt/airflow/dags/vehicle_data_scraping_pipeline.py
[2024-10-14T04:43:02.883+0000] {processor.py:830} INFO - Processing file /opt/airflow/dags/vehicle_data_scraping_pipeline.py for tasks to queue
[2024-10-14T04:43:02.884+0000] {logging_mixin.py:188} INFO - [2024-10-14T04:43:02.883+0000] {dagbag.py:540} INFO - Filling up the DagBag from /opt/airflow/dags/vehicle_data_scraping_pipeline.py
[2024-10-14T04:43:04.413+0000] {processor.py:840} INFO - DAG(s) 'Vehicle_Data_scrape_Pipeline' retrieved from /opt/airflow/dags/vehicle_data_scraping_pipeline.py
[2024-10-14T04:43:04.499+0000] {logging_mixin.py:188} INFO - [2024-10-14T04:43:04.498+0000] {dag.py:3047} INFO - Sync 1 DAGs
[2024-10-14T04:43:04.548+0000] {logging_mixin.py:188} INFO - [2024-10-14T04:43:04.548+0000] {dag.py:3834} INFO - Setting next_dagrun for Vehicle_Data_scrape_Pipeline to 2024-10-14 00:00:00+00:00, run_after=2024-10-15 00:00:00+00:00
[2024-10-14T04:43:04.620+0000] {processor.py:183} INFO - Processing /opt/airflow/dags/vehicle_data_scraping_pipeline.py took 1.740 seconds
[2024-10-14T04:43:34.825+0000] {processor.py:161} INFO - Started process (PID=4652) to work on /opt/airflow/dags/vehicle_data_scraping_pipeline.py
[2024-10-14T04:43:34.826+0000] {processor.py:830} INFO - Processing file /opt/airflow/dags/vehicle_data_scraping_pipeline.py for tasks to queue
[2024-10-14T04:43:34.832+0000] {logging_mixin.py:188} INFO - [2024-10-14T04:43:34.830+0000] {dagbag.py:540} INFO - Filling up the DagBag from /opt/airflow/dags/vehicle_data_scraping_pipeline.py
[2024-10-14T04:43:36.164+0000] {processor.py:840} INFO - DAG(s) 'Vehicle_Data_scrape_Pipeline' retrieved from /opt/airflow/dags/vehicle_data_scraping_pipeline.py
[2024-10-14T04:43:36.235+0000] {logging_mixin.py:188} INFO - [2024-10-14T04:43:36.235+0000] {dag.py:3047} INFO - Sync 1 DAGs
[2024-10-14T04:43:36.272+0000] {logging_mixin.py:188} INFO - [2024-10-14T04:43:36.272+0000] {dag.py:3834} INFO - Setting next_dagrun for Vehicle_Data_scrape_Pipeline to 2024-10-14 00:00:00+00:00, run_after=2024-10-15 00:00:00+00:00
[2024-10-14T04:43:36.337+0000] {processor.py:183} INFO - Processing /opt/airflow/dags/vehicle_data_scraping_pipeline.py took 1.514 seconds
[2024-10-14T04:44:06.862+0000] {processor.py:161} INFO - Started process (PID=4734) to work on /opt/airflow/dags/vehicle_data_scraping_pipeline.py
[2024-10-14T04:44:06.863+0000] {processor.py:830} INFO - Processing file /opt/airflow/dags/vehicle_data_scraping_pipeline.py for tasks to queue
[2024-10-14T04:44:06.864+0000] {logging_mixin.py:188} INFO - [2024-10-14T04:44:06.863+0000] {dagbag.py:540} INFO - Filling up the DagBag from /opt/airflow/dags/vehicle_data_scraping_pipeline.py
[2024-10-14T04:44:08.223+0000] {processor.py:840} INFO - DAG(s) 'Vehicle_Data_scrape_Pipeline' retrieved from /opt/airflow/dags/vehicle_data_scraping_pipeline.py
[2024-10-14T04:44:08.322+0000] {logging_mixin.py:188} INFO - [2024-10-14T04:44:08.321+0000] {dag.py:3047} INFO - Sync 1 DAGs
[2024-10-14T04:44:08.355+0000] {logging_mixin.py:188} INFO - [2024-10-14T04:44:08.354+0000] {dag.py:3834} INFO - Setting next_dagrun for Vehicle_Data_scrape_Pipeline to 2024-10-14 00:00:00+00:00, run_after=2024-10-15 00:00:00+00:00
[2024-10-14T04:44:08.445+0000] {processor.py:183} INFO - Processing /opt/airflow/dags/vehicle_data_scraping_pipeline.py took 1.587 seconds
[2024-10-14T04:44:38.672+0000] {processor.py:161} INFO - Started process (PID=4812) to work on /opt/airflow/dags/vehicle_data_scraping_pipeline.py
[2024-10-14T04:44:38.673+0000] {processor.py:830} INFO - Processing file /opt/airflow/dags/vehicle_data_scraping_pipeline.py for tasks to queue
[2024-10-14T04:44:38.675+0000] {logging_mixin.py:188} INFO - [2024-10-14T04:44:38.674+0000] {dagbag.py:540} INFO - Filling up the DagBag from /opt/airflow/dags/vehicle_data_scraping_pipeline.py
[2024-10-14T04:44:39.737+0000] {processor.py:840} INFO - DAG(s) 'Vehicle_Data_scrape_Pipeline' retrieved from /opt/airflow/dags/vehicle_data_scraping_pipeline.py
[2024-10-14T04:44:39.947+0000] {logging_mixin.py:188} INFO - [2024-10-14T04:44:39.946+0000] {dag.py:3047} INFO - Sync 1 DAGs
[2024-10-14T04:44:40.037+0000] {logging_mixin.py:188} INFO - [2024-10-14T04:44:40.037+0000] {dag.py:3834} INFO - Setting next_dagrun for Vehicle_Data_scrape_Pipeline to 2024-10-14 00:00:00+00:00, run_after=2024-10-15 00:00:00+00:00
[2024-10-14T04:44:40.321+0000] {processor.py:183} INFO - Processing /opt/airflow/dags/vehicle_data_scraping_pipeline.py took 1.652 seconds
[2024-10-14T04:45:10.683+0000] {processor.py:161} INFO - Started process (PID=4886) to work on /opt/airflow/dags/vehicle_data_scraping_pipeline.py
[2024-10-14T04:45:10.684+0000] {processor.py:830} INFO - Processing file /opt/airflow/dags/vehicle_data_scraping_pipeline.py for tasks to queue
[2024-10-14T04:45:10.686+0000] {logging_mixin.py:188} INFO - [2024-10-14T04:45:10.685+0000] {dagbag.py:540} INFO - Filling up the DagBag from /opt/airflow/dags/vehicle_data_scraping_pipeline.py
[2024-10-14T04:45:12.147+0000] {processor.py:840} INFO - DAG(s) 'Vehicle_Data_scrape_Pipeline' retrieved from /opt/airflow/dags/vehicle_data_scraping_pipeline.py
[2024-10-14T04:45:12.304+0000] {logging_mixin.py:188} INFO - [2024-10-14T04:45:12.304+0000] {dag.py:3047} INFO - Sync 1 DAGs
[2024-10-14T04:45:12.336+0000] {logging_mixin.py:188} INFO - [2024-10-14T04:45:12.336+0000] {dag.py:3834} INFO - Setting next_dagrun for Vehicle_Data_scrape_Pipeline to 2024-10-14 00:00:00+00:00, run_after=2024-10-15 00:00:00+00:00
[2024-10-14T04:45:12.386+0000] {processor.py:183} INFO - Processing /opt/airflow/dags/vehicle_data_scraping_pipeline.py took 1.706 seconds
[2024-10-14T04:45:42.841+0000] {processor.py:161} INFO - Started process (PID=4965) to work on /opt/airflow/dags/vehicle_data_scraping_pipeline.py
[2024-10-14T04:45:42.844+0000] {processor.py:830} INFO - Processing file /opt/airflow/dags/vehicle_data_scraping_pipeline.py for tasks to queue
[2024-10-14T04:45:42.850+0000] {logging_mixin.py:188} INFO - [2024-10-14T04:45:42.849+0000] {dagbag.py:540} INFO - Filling up the DagBag from /opt/airflow/dags/vehicle_data_scraping_pipeline.py
[2024-10-14T04:45:44.089+0000] {processor.py:840} INFO - DAG(s) 'Vehicle_Data_scrape_Pipeline' retrieved from /opt/airflow/dags/vehicle_data_scraping_pipeline.py
[2024-10-14T04:45:44.253+0000] {logging_mixin.py:188} INFO - [2024-10-14T04:45:44.253+0000] {dag.py:3047} INFO - Sync 1 DAGs
[2024-10-14T04:45:44.314+0000] {logging_mixin.py:188} INFO - [2024-10-14T04:45:44.284+0000] {dag.py:3834} INFO - Setting next_dagrun for Vehicle_Data_scrape_Pipeline to 2024-10-14 00:00:00+00:00, run_after=2024-10-15 00:00:00+00:00
[2024-10-14T04:45:44.353+0000] {processor.py:183} INFO - Processing /opt/airflow/dags/vehicle_data_scraping_pipeline.py took 1.515 seconds
