[2024-08-23T10:43:38.583+0000] {taskinstance.py:1979} INFO - Dependencies all met for dep_context=non-requeueable deps ti=<TaskInstance: Vehicle_Model_Training_Pipeline.model_training_micro manual__2024-08-23T10:40:48.800801+00:00 [queued]>
[2024-08-23T10:43:38.590+0000] {taskinstance.py:1979} INFO - Dependencies all met for dep_context=requeueable deps ti=<TaskInstance: Vehicle_Model_Training_Pipeline.model_training_micro manual__2024-08-23T10:40:48.800801+00:00 [queued]>
[2024-08-23T10:43:38.590+0000] {taskinstance.py:2193} INFO - Starting attempt 1 of 4
[2024-08-23T10:43:38.600+0000] {taskinstance.py:2217} INFO - Executing <Task(PythonOperator): model_training_micro> on 2024-08-23 10:40:48.800801+00:00
[2024-08-23T10:43:38.606+0000] {standard_task_runner.py:60} INFO - Started process 44563 to run task
[2024-08-23T10:43:38.608+0000] {standard_task_runner.py:87} INFO - Running: ['***', 'tasks', 'run', 'Vehicle_Model_Training_Pipeline', 'model_training_micro', 'manual__2024-08-23T10:40:48.800801+00:00', '--job-id', '176', '--raw', '--subdir', 'DAGS_FOLDER/vehicle_model_training_pipeline.py', '--cfg-path', '/tmp/tmphk8a4osv']
[2024-08-23T10:43:38.610+0000] {standard_task_runner.py:88} INFO - Job 176: Subtask model_training_micro
[2024-08-23T10:43:38.645+0000] {task_command.py:423} INFO - Running <TaskInstance: Vehicle_Model_Training_Pipeline.model_training_micro manual__2024-08-23T10:40:48.800801+00:00 [running]> on host bebe3cff9645
[2024-08-23T10:43:38.698+0000] {taskinstance.py:2513} INFO - Exporting env vars: AIRFLOW_CTX_DAG_OWNER='sdeshan' AIRFLOW_CTX_DAG_ID='Vehicle_Model_Training_Pipeline' AIRFLOW_CTX_TASK_ID='model_training_micro' AIRFLOW_CTX_EXECUTION_DATE='2024-08-23T10:40:48.800801+00:00' AIRFLOW_CTX_TRY_NUMBER='1' AIRFLOW_CTX_DAG_RUN_ID='manual__2024-08-23T10:40:48.800801+00:00'
[2024-08-23T10:43:38.734+0000] {logging_mixin.py:188} INFO - RandomForestRegressor()
[2024-08-23T10:43:39.994+0000] {logging_mixin.py:188} INFO - DecisionTreeRegressor()
[2024-08-23T10:43:40.053+0000] {logging_mixin.py:188} INFO - GradientBoostingRegressor()
[2024-08-23T10:43:55.112+0000] {logging_mixin.py:188} INFO - LinearRegression()
[2024-08-23T10:43:55.146+0000] {logging_mixin.py:188} INFO - XGBRegressor(base_score=None, booster=None, callbacks=None,
             colsample_bylevel=None, colsample_bynode=None,
             colsample_bytree=None, device=None, early_stopping_rounds=None,
             enable_categorical=False, eval_metric=None, feature_types=None,
             gamma=None, grow_policy=None, importance_type=None,
             interaction_constraints=None, learning_rate=None, max_bin=None,
             max_cat_threshold=None, max_cat_to_onehot=None,
             max_delta_step=None, max_depth=None, max_leaves=None,
             min_child_weight=None, missing=nan, monotone_constraints=None,
             multi_strategy=None, n_estimators=None, n_jobs=None,
             num_parallel_tree=None, random_state=None, ...)
[2024-08-23T10:43:59.420+0000] {logging_mixin.py:188} INFO - <catboost.core.CatBoostRegressor object at 0x7f66cf60ecd0>
[2024-08-23T10:44:03.644+0000] {logging_mixin.py:188} INFO - AdaBoostRegressor()
[2024-08-23T10:44:08.550+0000] {logging_mixin.py:188} INFO - model report is {'Random Forest': 0.9986162889179134, 'Decision Tree': 0.9986341759143927, 'Gradient Boosting': 0.9986218491759642, 'Linear Regression': 0.9707812109334439, 'XGBRegressor': 0.9986341759095934, 'CatBoosting Regressor': 0.9985886554823786, 'AdaBoost Regressor': 0.9830677877876158}
[2024-08-23T10:44:08.553+0000] {logging_mixin.py:188} INFO - best model is :DecisionTreeRegressor(criterion='poisson')
[2024-08-23T10:44:08.555+0000] {logging_mixin.py:188} INFO - criterion ['squared_error', 'friedman_mse', 'absolute_error', 'poisson']
[2024-08-23T10:44:08.560+0000] {logging_mixin.py:188} INFO - Best found model on both training and testing dataset
[2024-08-23T10:44:08.570+0000] {logging_mixin.py:188} INFO - r2_square is 0.9986341759143927
[2024-08-23T10:44:08.575+0000] {python.py:202} INFO - Done. Returned value was: None
[2024-08-23T10:44:08.582+0000] {taskinstance.py:1149} INFO - Marking task as SUCCESS. dag_id=Vehicle_Model_Training_Pipeline, task_id=model_training_micro, execution_date=20240823T104048, start_date=20240823T104338, end_date=20240823T104408
[2024-08-23T10:44:08.588+0000] {logging_mixin.py:188} WARNING - /home/***/.local/lib/python3.8/site-packages/***/utils/context.py:207 AirflowContextDeprecationWarning: Accessing 'execution_date' from the template is deprecated and will be removed in a future version. Please use 'data_interval_start' or 'logical_date' instead.
[2024-08-23T10:44:08.597+0000] {logging_mixin.py:188} WARNING - /home/***/.local/lib/python3.8/site-packages/***/utils/email.py:154 RemovedInAirflow3Warning: Fetching SMTP credentials from configuration variables will be deprecated in a future release. Please set credentials using a connection instead.
[2024-08-23T10:44:08.602+0000] {email.py:270} INFO - Email alerting: attempt 1
[2024-08-23T10:44:10.385+0000] {email.py:281} INFO - Sent an alert email to ['deshanariyarathna@gmail.com']
[2024-08-23T10:44:12.347+0000] {local_task_job_runner.py:234} INFO - Task exited with return code 0
[2024-08-23T10:44:12.362+0000] {taskinstance.py:3312} INFO - 0 downstream tasks scheduled from follow-on schedule check
